2022-10-03 05:50:12
20221003 065527.039 INFO             PET0 !!!!!!!!!!!!!!!!!!!!!!!!!!!!!!!!!!!!!!!!!!!!!!!!!!!!!!
20221003 065527.039 INFO             PET0 !!! THE ESMF_LOG IS SET TO OUTPUT ALL LOG MESSAGES !!!
20221003 065527.039 INFO             PET0 !!!     THIS MAY CAUSE SLOWDOWN IN PERFORMANCE     !!!
20221003 065527.039 INFO             PET0 !!! FOR PRODUCTION RUNS, USE:                      !!!
20221003 065527.039 INFO             PET0 !!!                   ESMF_LOGKIND_Multi_On_Error  !!!
20221003 065527.039 INFO             PET0 !!!!!!!!!!!!!!!!!!!!!!!!!!!!!!!!!!!!!!!!!!!!!!!!!!!!!!
20221003 065527.039 INFO             PET0 Running with ESMF Version   : v8.4.0b15-11-gadaf469be0
20221003 065527.039 INFO             PET0 ESMF library build date/time: "Oct  3 2022" "05:43:34"
20221003 065527.039 INFO             PET0 ESMF library build location : /glade/scratch/dunlap/esmf-testing/intel_18.0.5_openmpi_g_update_pio2.5.9/esmf
20221003 065527.039 INFO             PET0 ESMF_COMM                   : openmpi
20221003 065527.039 INFO             PET0 ESMF_MOAB                   : enabled
20221003 065527.039 INFO             PET0 ESMF_LAPACK                 : enabled
20221003 065527.039 INFO             PET0 ESMF_NETCDF                 : enabled
20221003 065527.039 INFO             PET0 ESMF_PNETCDF                : disabled
20221003 065527.039 INFO             PET0 ESMF_PIO                    : enabled
20221003 065527.039 INFO             PET0 ESMF_YAMLCPP                : enabled
20221003 065527.039 INFO             PET0 ESMF Tracing Enabled
20221003 065527.039 INFO             PET0 ESMF Profiling Enabled
20221003 065527.039 INFO             PET0 ESMF Trace/Profile clock: REALTIME
20221003 065527.049 INFO             PET0  NUMBER_OF_PROCESSORS           4
20221003 065527.049 INFO             PET0  PASS  Example ESMF_TraceEx, ESMF_TraceEx.F90, line 178
20221003 065527.049 INFO             PET0 Finalizing ESMF
20221003 065527.049 INFO             PET0 **************** Region Timings *******************
20221003 065527.049 INFO             PET0 Region              Count  Total (s)   Self (s)    Mean (s)    Min (s)     Max (s)
20221003 065527.049 INFO             PET0   [ESMF]            1      0.0018      0.0017      0.0018      0.0018      0.0018
20221003 065527.049 INFO             PET0     [test] Run 1    5      0.0000      0.0000      0.0000      0.0000      0.0000
20221003 065527.049 INFO             PET0     [test] Init 1   1      0.0000      0.0000      0.0000      0.0000      0.0000
20221003 065527.049 INFO             PET0     [test] Final 1  1      0.0000      0.0000      0.0000      0.0000      0.0000
20221003 065527.036 INFO             PET1 !!!!!!!!!!!!!!!!!!!!!!!!!!!!!!!!!!!!!!!!!!!!!!!!!!!!!!
20221003 065527.036 INFO             PET1 !!! THE ESMF_LOG IS SET TO OUTPUT ALL LOG MESSAGES !!!
20221003 065527.036 INFO             PET1 !!!     THIS MAY CAUSE SLOWDOWN IN PERFORMANCE     !!!
20221003 065527.036 INFO             PET1 !!! FOR PRODUCTION RUNS, USE:                      !!!
20221003 065527.036 INFO             PET1 !!!                   ESMF_LOGKIND_Multi_On_Error  !!!
20221003 065527.036 INFO             PET1 !!!!!!!!!!!!!!!!!!!!!!!!!!!!!!!!!!!!!!!!!!!!!!!!!!!!!!
20221003 065527.036 INFO             PET1 Running with ESMF Version   : v8.4.0b15-11-gadaf469be0
20221003 065527.036 INFO             PET1 ESMF library build date/time: "Oct  3 2022" "05:43:34"
20221003 065527.036 INFO             PET1 ESMF library build location : /glade/scratch/dunlap/esmf-testing/intel_18.0.5_openmpi_g_update_pio2.5.9/esmf
20221003 065527.036 INFO             PET1 ESMF_COMM                   : openmpi
20221003 065527.036 INFO             PET1 ESMF_MOAB                   : enabled
20221003 065527.036 INFO             PET1 ESMF_LAPACK                 : enabled
20221003 065527.036 INFO             PET1 ESMF_NETCDF                 : enabled
20221003 065527.036 INFO             PET1 ESMF_PNETCDF                : disabled
20221003 065527.036 INFO             PET1 ESMF_PIO                    : enabled
20221003 065527.036 INFO             PET1 ESMF_YAMLCPP                : enabled
20221003 065527.037 INFO             PET1 ESMF Tracing Enabled
20221003 065527.037 INFO             PET1 ESMF Profiling Enabled
20221003 065527.037 INFO             PET1 ESMF Trace/Profile clock: REALTIME
20221003 065527.049 INFO             PET1  NUMBER_OF_PROCESSORS           4
20221003 065527.049 INFO             PET1  PASS  Example ESMF_TraceEx, ESMF_TraceEx.F90, line 178
20221003 065527.049 INFO             PET1 Finalizing ESMF
20221003 065527.049 INFO             PET1 **************** Region Timings *******************
20221003 065527.049 INFO             PET1 Region              Count  Total (s)   Self (s)    Mean (s)    Min (s)     Max (s)
20221003 065527.049 INFO             PET1   [ESMF]            1      0.0070      0.0070      0.0070      0.0070      0.0070
20221003 065527.049 INFO             PET1     [test] Init 1   1      0.0000      0.0000      0.0000      0.0000      0.0000
20221003 065527.049 INFO             PET1     [test] Run 1    5      0.0000      0.0000      0.0000      0.0000      0.0000
20221003 065527.049 INFO             PET1     [test] Final 1  1      0.0000      0.0000      0.0000      0.0000      0.0000
20221003 065527.037 INFO             PET2 !!!!!!!!!!!!!!!!!!!!!!!!!!!!!!!!!!!!!!!!!!!!!!!!!!!!!!
20221003 065527.037 INFO             PET2 !!! THE ESMF_LOG IS SET TO OUTPUT ALL LOG MESSAGES !!!
20221003 065527.037 INFO             PET2 !!!     THIS MAY CAUSE SLOWDOWN IN PERFORMANCE     !!!
20221003 065527.038 INFO             PET2 !!! FOR PRODUCTION RUNS, USE:                      !!!
20221003 065527.038 INFO             PET2 !!!                   ESMF_LOGKIND_Multi_On_Error  !!!
20221003 065527.038 INFO             PET2 !!!!!!!!!!!!!!!!!!!!!!!!!!!!!!!!!!!!!!!!!!!!!!!!!!!!!!
20221003 065527.038 INFO             PET2 Running with ESMF Version   : v8.4.0b15-11-gadaf469be0
20221003 065527.038 INFO             PET2 ESMF library build date/time: "Oct  3 2022" "05:43:34"
20221003 065527.038 INFO             PET2 ESMF library build location : /glade/scratch/dunlap/esmf-testing/intel_18.0.5_openmpi_g_update_pio2.5.9/esmf
20221003 065527.038 INFO             PET2 ESMF_COMM                   : openmpi
20221003 065527.038 INFO             PET2 ESMF_MOAB                   : enabled
20221003 065527.038 INFO             PET2 ESMF_LAPACK                 : enabled
20221003 065527.038 INFO             PET2 ESMF_NETCDF                 : enabled
20221003 065527.038 INFO             PET2 ESMF_PNETCDF                : disabled
20221003 065527.038 INFO             PET2 ESMF_PIO                    : enabled
20221003 065527.038 INFO             PET2 ESMF_YAMLCPP                : enabled
20221003 065527.038 INFO             PET2 ESMF Tracing Enabled
20221003 065527.038 INFO             PET2 ESMF Profiling Enabled
20221003 065527.038 INFO             PET2 ESMF Trace/Profile clock: REALTIME
20221003 065527.049 INFO             PET2  NUMBER_OF_PROCESSORS           4
20221003 065527.049 INFO             PET2  PASS  Example ESMF_TraceEx, ESMF_TraceEx.F90, line 178
20221003 065527.049 INFO             PET2 Finalizing ESMF
20221003 065527.049 INFO             PET2 **************** Region Timings *******************
20221003 065527.049 INFO             PET2 Region              Count  Total (s)   Self (s)    Mean (s)    Min (s)     Max (s)
20221003 065527.049 INFO             PET2   [ESMF]            1      0.0058      0.0057      0.0058      0.0058      0.0058
20221003 065527.049 INFO             PET2     [test] Init 1   1      0.0000      0.0000      0.0000      0.0000      0.0000
20221003 065527.049 INFO             PET2     [test] Run 1    5      0.0000      0.0000      0.0000      0.0000      0.0000
20221003 065527.049 INFO             PET2     [test] Final 1  1      0.0000      0.0000      0.0000      0.0000      0.0000
20221003 065527.036 INFO             PET3 !!!!!!!!!!!!!!!!!!!!!!!!!!!!!!!!!!!!!!!!!!!!!!!!!!!!!!
20221003 065527.036 INFO             PET3 !!! THE ESMF_LOG IS SET TO OUTPUT ALL LOG MESSAGES !!!
20221003 065527.036 INFO             PET3 !!!     THIS MAY CAUSE SLOWDOWN IN PERFORMANCE     !!!
20221003 065527.036 INFO             PET3 !!! FOR PRODUCTION RUNS, USE:                      !!!
20221003 065527.036 INFO             PET3 !!!                   ESMF_LOGKIND_Multi_On_Error  !!!
20221003 065527.036 INFO             PET3 !!!!!!!!!!!!!!!!!!!!!!!!!!!!!!!!!!!!!!!!!!!!!!!!!!!!!!
20221003 065527.036 INFO             PET3 Running with ESMF Version   : v8.4.0b15-11-gadaf469be0
20221003 065527.036 INFO             PET3 ESMF library build date/time: "Oct  3 2022" "05:43:34"
20221003 065527.036 INFO             PET3 ESMF library build location : /glade/scratch/dunlap/esmf-testing/intel_18.0.5_openmpi_g_update_pio2.5.9/esmf
20221003 065527.036 INFO             PET3 ESMF_COMM                   : openmpi
20221003 065527.036 INFO             PET3 ESMF_MOAB                   : enabled
20221003 065527.036 INFO             PET3 ESMF_LAPACK                 : enabled
20221003 065527.036 INFO             PET3 ESMF_NETCDF                 : enabled
20221003 065527.036 INFO             PET3 ESMF_PNETCDF                : disabled
20221003 065527.036 INFO             PET3 ESMF_PIO                    : enabled
20221003 065527.036 INFO             PET3 ESMF_YAMLCPP                : enabled
20221003 065527.037 INFO             PET3 ESMF Tracing Enabled
20221003 065527.037 INFO             PET3 ESMF Profiling Enabled
20221003 065527.037 INFO             PET3 ESMF Trace/Profile clock: REALTIME
20221003 065527.049 INFO             PET3  NUMBER_OF_PROCESSORS           4
20221003 065527.049 INFO             PET3  PASS  Example ESMF_TraceEx, ESMF_TraceEx.F90, line 178
20221003 065527.049 INFO             PET3 Finalizing ESMF
20221003 065527.049 INFO             PET3 **************** Region Timings *******************
20221003 065527.049 INFO             PET3 Region              Count  Total (s)   Self (s)    Mean (s)    Min (s)     Max (s)
20221003 065527.049 INFO             PET3   [ESMF]            1      0.0047      0.0046      0.0047      0.0047      0.0047
20221003 065527.049 INFO             PET3     [test] Init 1   1      0.0000      0.0000      0.0000      0.0000      0.0000
20221003 065527.049 INFO             PET3     [test] Run 1    5      0.0000      0.0000      0.0000      0.0000      0.0000
20221003 065527.049 INFO             PET3     [test] Final 1  1      0.0000      0.0000      0.0000      0.0000      0.0000
