2022-10-06 06:13:28
20221006 070908.411 INFO             PET0 !!!!!!!!!!!!!!!!!!!!!!!!!!!!!!!!!!!!!!!!!!!!!!!!!!!!!!
20221006 070908.412 INFO             PET0 !!! THE ESMF_LOG IS SET TO OUTPUT ALL LOG MESSAGES !!!
20221006 070908.412 INFO             PET0 !!!     THIS MAY CAUSE SLOWDOWN IN PERFORMANCE     !!!
20221006 070908.412 INFO             PET0 !!! FOR PRODUCTION RUNS, USE:                      !!!
20221006 070908.412 INFO             PET0 !!!                   ESMF_LOGKIND_Multi_On_Error  !!!
20221006 070908.412 INFO             PET0 !!!!!!!!!!!!!!!!!!!!!!!!!!!!!!!!!!!!!!!!!!!!!!!!!!!!!!
20221006 070908.412 INFO             PET0 Running with ESMF Version   : v8.4.0b13-47-g722503bca0
20221006 070908.412 INFO             PET0 ESMF library build date/time: "Oct  6 2022" "06:12:42"
20221006 070908.412 INFO             PET0 ESMF library build location : /Users/sacks/projects/scratch/esmf-testing/gfortranclang_12.2.0_14.0.0_openmpi_g_fix_clang/esmf
20221006 070908.412 INFO             PET0 ESMF_COMM                   : openmpi
20221006 070908.412 INFO             PET0 ESMF_MOAB                   : enabled
20221006 070908.412 INFO             PET0 ESMF_LAPACK                 : enabled
20221006 070908.412 INFO             PET0 ESMF_NETCDF                 : enabled
20221006 070908.412 INFO             PET0 ESMF_PNETCDF                : disabled
20221006 070908.412 INFO             PET0 ESMF_PIO                    : enabled
20221006 070908.412 INFO             PET0 ESMF_YAMLCPP                : enabled
20221006 070908.412 INFO             PET0 =============================================
20221006 070908.412 INFO             PET0 ESMX (Earth System Model eXecutable) STARTING
20221006 070908.412 INFO             PET0 =============================================
20221006 070908.415 INFO             PET0 ESMX_Driver: InitializeGeneric intro.
20221006 070908.415 INFO             PET0   ESMX_Driver: InitializeP0 intro.
20221006 070908.415 INFO             PET0   ESMX_Driver: InitializeP0 extro.
20221006 070908.415 INFO             PET0   ESMX_Driver: InitializeIPDv02p1 intro.
20221006 070908.415 INFO             PET0     >>>ESMX_Driver: entered Initialize (phase=<none>) without valid internal Clock.
20221006 070908.415 INFO             PET0     ESMX_Driver - Creating model component ATM without petList.
20221006 070908.415 DEBUG            PET0     Generic SetVM() is executing for: ATM
20221006 070908.415 ERROR            PET0 ATM:src/addon/NUOPC/src/NUOPC_Base.F90:5411     Invalid argument  - Generic SetVM() detected lacking Pthreads support for: ATM
20221006 070908.415 ERROR            PET0 ESMX_Driver:src/addon/NUOPC/src/NUOPC_Driver.F90:4475     Invalid argument  - Passing error in return code
20221006 070908.415 ERROR            PET0 src/addon/ESMX/ESMX_Driver.F90:230     Invalid argument  - Unable to add component 'ATM' to driver via Fortran module.
20221006 070908.416 ERROR            PET0 ESMX_Driver:src/addon/NUOPC/src/NUOPC_Driver.F90:788     Invalid argument  - Passing error in return code
20221006 070908.416 ERROR            PET0 ESMX_Driver:src/addon/NUOPC/src/NUOPC_Driver.F90:478     Invalid argument  - Passing error in return code
20221006 070908.416 ERROR            PET0 src/addon/ESMX/esmx.F90:141     Invalid argument  - Passing error in return code
20221006 070908.416 INFO             PET0     Finalizing ESMF
20221006 070908.411 INFO             PET1 !!!!!!!!!!!!!!!!!!!!!!!!!!!!!!!!!!!!!!!!!!!!!!!!!!!!!!
20221006 070908.411 INFO             PET1 !!! THE ESMF_LOG IS SET TO OUTPUT ALL LOG MESSAGES !!!
20221006 070908.411 INFO             PET1 !!!     THIS MAY CAUSE SLOWDOWN IN PERFORMANCE     !!!
20221006 070908.411 INFO             PET1 !!! FOR PRODUCTION RUNS, USE:                      !!!
20221006 070908.411 INFO             PET1 !!!                   ESMF_LOGKIND_Multi_On_Error  !!!
20221006 070908.411 INFO             PET1 !!!!!!!!!!!!!!!!!!!!!!!!!!!!!!!!!!!!!!!!!!!!!!!!!!!!!!
20221006 070908.411 INFO             PET1 Running with ESMF Version   : v8.4.0b13-47-g722503bca0
20221006 070908.411 INFO             PET1 ESMF library build date/time: "Oct  6 2022" "06:12:42"
20221006 070908.411 INFO             PET1 ESMF library build location : /Users/sacks/projects/scratch/esmf-testing/gfortranclang_12.2.0_14.0.0_openmpi_g_fix_clang/esmf
20221006 070908.411 INFO             PET1 ESMF_COMM                   : openmpi
20221006 070908.411 INFO             PET1 ESMF_MOAB                   : enabled
20221006 070908.411 INFO             PET1 ESMF_LAPACK                 : enabled
20221006 070908.411 INFO             PET1 ESMF_NETCDF                 : enabled
20221006 070908.411 INFO             PET1 ESMF_PNETCDF                : disabled
20221006 070908.411 INFO             PET1 ESMF_PIO                    : enabled
20221006 070908.411 INFO             PET1 ESMF_YAMLCPP                : enabled
20221006 070908.412 INFO             PET1 =============================================
20221006 070908.412 INFO             PET1 ESMX (Earth System Model eXecutable) STARTING
20221006 070908.412 INFO             PET1 =============================================
20221006 070908.415 INFO             PET1 ESMX_Driver: InitializeGeneric intro.
20221006 070908.415 INFO             PET1   ESMX_Driver: InitializeP0 intro.
20221006 070908.415 INFO             PET1   ESMX_Driver: InitializeP0 extro.
20221006 070908.415 INFO             PET1   ESMX_Driver: InitializeIPDv02p1 intro.
20221006 070908.415 INFO             PET1     >>>ESMX_Driver: entered Initialize (phase=<none>) without valid internal Clock.
20221006 070908.415 INFO             PET1     ESMX_Driver - Creating model component ATM without petList.
20221006 070908.415 DEBUG            PET1     Generic SetVM() is executing for: ATM
20221006 070908.415 ERROR            PET1 ATM:src/addon/NUOPC/src/NUOPC_Base.F90:5411     Invalid argument  - Generic SetVM() detected lacking Pthreads support for: ATM
20221006 070908.415 ERROR            PET1 ESMX_Driver:src/addon/NUOPC/src/NUOPC_Driver.F90:4475     Invalid argument  - Passing error in return code
20221006 070908.415 ERROR            PET1 src/addon/ESMX/ESMX_Driver.F90:230     Invalid argument  - Unable to add component 'ATM' to driver via Fortran module.
20221006 070908.415 ERROR            PET1 ESMX_Driver:src/addon/NUOPC/src/NUOPC_Driver.F90:788     Invalid argument  - Passing error in return code
20221006 070908.415 ERROR            PET1 ESMX_Driver:src/addon/NUOPC/src/NUOPC_Driver.F90:478     Invalid argument  - Passing error in return code
20221006 070908.415 ERROR            PET1 src/addon/ESMX/esmx.F90:141     Invalid argument  - Passing error in return code
20221006 070908.416 INFO             PET1     Finalizing ESMF
20221006 070908.411 INFO             PET2 !!!!!!!!!!!!!!!!!!!!!!!!!!!!!!!!!!!!!!!!!!!!!!!!!!!!!!
20221006 070908.411 INFO             PET2 !!! THE ESMF_LOG IS SET TO OUTPUT ALL LOG MESSAGES !!!
20221006 070908.411 INFO             PET2 !!!     THIS MAY CAUSE SLOWDOWN IN PERFORMANCE     !!!
20221006 070908.411 INFO             PET2 !!! FOR PRODUCTION RUNS, USE:                      !!!
20221006 070908.411 INFO             PET2 !!!                   ESMF_LOGKIND_Multi_On_Error  !!!
20221006 070908.411 INFO             PET2 !!!!!!!!!!!!!!!!!!!!!!!!!!!!!!!!!!!!!!!!!!!!!!!!!!!!!!
20221006 070908.411 INFO             PET2 Running with ESMF Version   : v8.4.0b13-47-g722503bca0
20221006 070908.411 INFO             PET2 ESMF library build date/time: "Oct  6 2022" "06:12:42"
20221006 070908.411 INFO             PET2 ESMF library build location : /Users/sacks/projects/scratch/esmf-testing/gfortranclang_12.2.0_14.0.0_openmpi_g_fix_clang/esmf
20221006 070908.411 INFO             PET2 ESMF_COMM                   : openmpi
20221006 070908.411 INFO             PET2 ESMF_MOAB                   : enabled
20221006 070908.411 INFO             PET2 ESMF_LAPACK                 : enabled
20221006 070908.411 INFO             PET2 ESMF_NETCDF                 : enabled
20221006 070908.411 INFO             PET2 ESMF_PNETCDF                : disabled
20221006 070908.411 INFO             PET2 ESMF_PIO                    : enabled
20221006 070908.411 INFO             PET2 ESMF_YAMLCPP                : enabled
20221006 070908.412 INFO             PET2 =============================================
20221006 070908.412 INFO             PET2 ESMX (Earth System Model eXecutable) STARTING
20221006 070908.412 INFO             PET2 =============================================
20221006 070908.415 INFO             PET2 ESMX_Driver: InitializeGeneric intro.
20221006 070908.415 INFO             PET2   ESMX_Driver: InitializeP0 intro.
20221006 070908.415 INFO             PET2   ESMX_Driver: InitializeP0 extro.
20221006 070908.415 INFO             PET2   ESMX_Driver: InitializeIPDv02p1 intro.
20221006 070908.415 INFO             PET2     >>>ESMX_Driver: entered Initialize (phase=<none>) without valid internal Clock.
20221006 070908.415 INFO             PET2     ESMX_Driver - Creating model component ATM without petList.
20221006 070908.415 DEBUG            PET2     Generic SetVM() is executing for: ATM
20221006 070908.415 ERROR            PET2 ATM:src/addon/NUOPC/src/NUOPC_Base.F90:5411     Invalid argument  - Generic SetVM() detected lacking Pthreads support for: ATM
20221006 070908.415 ERROR            PET2 ESMX_Driver:src/addon/NUOPC/src/NUOPC_Driver.F90:4475     Invalid argument  - Passing error in return code
20221006 070908.415 ERROR            PET2 src/addon/ESMX/ESMX_Driver.F90:230     Invalid argument  - Unable to add component 'ATM' to driver via Fortran module.
20221006 070908.416 ERROR            PET2 ESMX_Driver:src/addon/NUOPC/src/NUOPC_Driver.F90:788     Invalid argument  - Passing error in return code
20221006 070908.416 ERROR            PET2 ESMX_Driver:src/addon/NUOPC/src/NUOPC_Driver.F90:478     Invalid argument  - Passing error in return code
20221006 070908.416 ERROR            PET2 src/addon/ESMX/esmx.F90:141     Invalid argument  - Passing error in return code
20221006 070908.416 INFO             PET2     Finalizing ESMF
20221006 070908.411 INFO             PET3 !!!!!!!!!!!!!!!!!!!!!!!!!!!!!!!!!!!!!!!!!!!!!!!!!!!!!!
20221006 070908.411 INFO             PET3 !!! THE ESMF_LOG IS SET TO OUTPUT ALL LOG MESSAGES !!!
20221006 070908.411 INFO             PET3 !!!     THIS MAY CAUSE SLOWDOWN IN PERFORMANCE     !!!
20221006 070908.411 INFO             PET3 !!! FOR PRODUCTION RUNS, USE:                      !!!
20221006 070908.411 INFO             PET3 !!!                   ESMF_LOGKIND_Multi_On_Error  !!!
20221006 070908.411 INFO             PET3 !!!!!!!!!!!!!!!!!!!!!!!!!!!!!!!!!!!!!!!!!!!!!!!!!!!!!!
20221006 070908.411 INFO             PET3 Running with ESMF Version   : v8.4.0b13-47-g722503bca0
20221006 070908.411 INFO             PET3 ESMF library build date/time: "Oct  6 2022" "06:12:42"
20221006 070908.411 INFO             PET3 ESMF library build location : /Users/sacks/projects/scratch/esmf-testing/gfortranclang_12.2.0_14.0.0_openmpi_g_fix_clang/esmf
20221006 070908.411 INFO             PET3 ESMF_COMM                   : openmpi
20221006 070908.411 INFO             PET3 ESMF_MOAB                   : enabled
20221006 070908.411 INFO             PET3 ESMF_LAPACK                 : enabled
20221006 070908.411 INFO             PET3 ESMF_NETCDF                 : enabled
20221006 070908.411 INFO             PET3 ESMF_PNETCDF                : disabled
20221006 070908.411 INFO             PET3 ESMF_PIO                    : enabled
20221006 070908.411 INFO             PET3 ESMF_YAMLCPP                : enabled
20221006 070908.412 INFO             PET3 =============================================
20221006 070908.412 INFO             PET3 ESMX (Earth System Model eXecutable) STARTING
20221006 070908.412 INFO             PET3 =============================================
20221006 070908.415 INFO             PET3 ESMX_Driver: InitializeGeneric intro.
20221006 070908.415 INFO             PET3   ESMX_Driver: InitializeP0 intro.
20221006 070908.415 INFO             PET3   ESMX_Driver: InitializeP0 extro.
20221006 070908.415 INFO             PET3   ESMX_Driver: InitializeIPDv02p1 intro.
20221006 070908.415 INFO             PET3     >>>ESMX_Driver: entered Initialize (phase=<none>) without valid internal Clock.
20221006 070908.415 INFO             PET3     ESMX_Driver - Creating model component ATM without petList.
20221006 070908.415 DEBUG            PET3     Generic SetVM() is executing for: ATM
20221006 070908.415 ERROR            PET3 ATM:src/addon/NUOPC/src/NUOPC_Base.F90:5411     Invalid argument  - Generic SetVM() detected lacking Pthreads support for: ATM
20221006 070908.415 ERROR            PET3 ESMX_Driver:src/addon/NUOPC/src/NUOPC_Driver.F90:4475     Invalid argument  - Passing error in return code
20221006 070908.415 ERROR            PET3 src/addon/ESMX/ESMX_Driver.F90:230     Invalid argument  - Unable to add component 'ATM' to driver via Fortran module.
20221006 070908.416 ERROR            PET3 ESMX_Driver:src/addon/NUOPC/src/NUOPC_Driver.F90:788     Invalid argument  - Passing error in return code
20221006 070908.416 ERROR            PET3 ESMX_Driver:src/addon/NUOPC/src/NUOPC_Driver.F90:478     Invalid argument  - Passing error in return code
20221006 070908.416 ERROR            PET3 src/addon/ESMX/esmx.F90:141     Invalid argument  - Passing error in return code
20221006 070908.416 INFO             PET3     Finalizing ESMF
