2022-10-26 02:47:45
20221026 032753.709 INFO             PET0 !!!!!!!!!!!!!!!!!!!!!!!!!!!!!!!!!!!!!!!!!!!!!!!!!!!!!!
20221026 032753.709 INFO             PET0 !!! THE ESMF_LOG IS SET TO OUTPUT ALL LOG MESSAGES !!!
20221026 032753.709 INFO             PET0 !!!     THIS MAY CAUSE SLOWDOWN IN PERFORMANCE     !!!
20221026 032753.709 INFO             PET0 !!! FOR PRODUCTION RUNS, USE:                      !!!
20221026 032753.709 INFO             PET0 !!!                   ESMF_LOGKIND_Multi_On_Error  !!!
20221026 032753.709 INFO             PET0 !!!!!!!!!!!!!!!!!!!!!!!!!!!!!!!!!!!!!!!!!!!!!!!!!!!!!!
20221026 032753.709 INFO             PET0 Running with ESMF Version   : v8.5.0b02-1-ge46659f
20221026 032753.709 INFO             PET0 ESMF library build date/time: "Oct 26 2022" "02:45:48"
20221026 032753.709 INFO             PET0 ESMF library build location : /work/noaa/da/mpotts/sandbox/gfortran_8.3.0_openmpi_g_develop/esmf
20221026 032753.709 INFO             PET0 ESMF_COMM                   : openmpi
20221026 032753.709 INFO             PET0 ESMF_MOAB                   : enabled
20221026 032753.709 INFO             PET0 ESMF_LAPACK                 : enabled
20221026 032753.709 INFO             PET0 ESMF_NETCDF                 : enabled
20221026 032753.709 INFO             PET0 ESMF_PNETCDF                : disabled
20221026 032753.709 INFO             PET0 ESMF_PIO                    : enabled
20221026 032753.709 INFO             PET0 ESMF_YAMLCPP                : enabled
20221026 032753.709 INFO             PET0  NUMBER_OF_PROCESSORS           4
20221026 032753.709 INFO             PET0  PASS  Example ESMF_VMUserMpiCommMultiEx, ESMF_VMUserMpiCommMultiEx.F90, line 126
20221026 032753.709 INFO             PET0 Finalizing ESMF
20221026 032753.708 INFO             PET0 !!!!!!!!!!!!!!!!!!!!!!!!!!!!!!!!!!!!!!!!!!!!!!!!!!!!!!
20221026 032753.708 INFO             PET0 !!! THE ESMF_LOG IS SET TO OUTPUT ALL LOG MESSAGES !!!
20221026 032753.708 INFO             PET0 !!!     THIS MAY CAUSE SLOWDOWN IN PERFORMANCE     !!!
20221026 032753.708 INFO             PET0 !!! FOR PRODUCTION RUNS, USE:                      !!!
20221026 032753.708 INFO             PET0 !!!                   ESMF_LOGKIND_Multi_On_Error  !!!
20221026 032753.708 INFO             PET0 !!!!!!!!!!!!!!!!!!!!!!!!!!!!!!!!!!!!!!!!!!!!!!!!!!!!!!
20221026 032753.708 INFO             PET0 Running with ESMF Version   : v8.5.0b02-1-ge46659f
20221026 032753.708 INFO             PET0 ESMF library build date/time: "Oct 26 2022" "02:45:48"
20221026 032753.708 INFO             PET0 ESMF library build location : /work/noaa/da/mpotts/sandbox/gfortran_8.3.0_openmpi_g_develop/esmf
20221026 032753.708 INFO             PET0 ESMF_COMM                   : openmpi
20221026 032753.709 INFO             PET0 ESMF_MOAB                   : enabled
20221026 032753.709 INFO             PET0 ESMF_LAPACK                 : enabled
20221026 032753.709 INFO             PET0 ESMF_NETCDF                 : enabled
20221026 032753.709 INFO             PET0 ESMF_PNETCDF                : disabled
20221026 032753.709 INFO             PET0 ESMF_PIO                    : enabled
20221026 032753.709 INFO             PET0 ESMF_YAMLCPP                : enabled
20221026 032753.709 INFO             PET0  NUMBER_OF_PROCESSORS           4
20221026 032753.709 INFO             PET0  PASS  Example ESMF_VMUserMpiCommMultiEx, ESMF_VMUserMpiCommMultiEx.F90, line 154
20221026 032753.709 INFO             PET0 Finalizing ESMF
20221026 032753.708 INFO             PET1 !!!!!!!!!!!!!!!!!!!!!!!!!!!!!!!!!!!!!!!!!!!!!!!!!!!!!!
20221026 032753.708 INFO             PET1 !!! THE ESMF_LOG IS SET TO OUTPUT ALL LOG MESSAGES !!!
20221026 032753.708 INFO             PET1 !!!     THIS MAY CAUSE SLOWDOWN IN PERFORMANCE     !!!
20221026 032753.708 INFO             PET1 !!! FOR PRODUCTION RUNS, USE:                      !!!
20221026 032753.708 INFO             PET1 !!!                   ESMF_LOGKIND_Multi_On_Error  !!!
20221026 032753.708 INFO             PET1 !!!!!!!!!!!!!!!!!!!!!!!!!!!!!!!!!!!!!!!!!!!!!!!!!!!!!!
20221026 032753.708 INFO             PET1 Running with ESMF Version   : v8.5.0b02-1-ge46659f
20221026 032753.708 INFO             PET1 ESMF library build date/time: "Oct 26 2022" "02:45:48"
20221026 032753.708 INFO             PET1 ESMF library build location : /work/noaa/da/mpotts/sandbox/gfortran_8.3.0_openmpi_g_develop/esmf
20221026 032753.708 INFO             PET1 ESMF_COMM                   : openmpi
20221026 032753.709 INFO             PET1 ESMF_MOAB                   : enabled
20221026 032753.709 INFO             PET1 ESMF_LAPACK                 : enabled
20221026 032753.709 INFO             PET1 ESMF_NETCDF                 : enabled
20221026 032753.709 INFO             PET1 ESMF_PNETCDF                : disabled
20221026 032753.709 INFO             PET1 ESMF_PIO                    : enabled
20221026 032753.709 INFO             PET1 ESMF_YAMLCPP                : enabled
20221026 032753.709 INFO             PET1  NUMBER_OF_PROCESSORS           4
20221026 032753.709 INFO             PET1  PASS  Example ESMF_VMUserMpiCommMultiEx, ESMF_VMUserMpiCommMultiEx.F90, line 126
20221026 032753.709 INFO             PET1 Finalizing ESMF
20221026 032753.708 INFO             PET1 !!!!!!!!!!!!!!!!!!!!!!!!!!!!!!!!!!!!!!!!!!!!!!!!!!!!!!
20221026 032753.708 INFO             PET1 !!! THE ESMF_LOG IS SET TO OUTPUT ALL LOG MESSAGES !!!
20221026 032753.708 INFO             PET1 !!!     THIS MAY CAUSE SLOWDOWN IN PERFORMANCE     !!!
20221026 032753.708 INFO             PET1 !!! FOR PRODUCTION RUNS, USE:                      !!!
20221026 032753.708 INFO             PET1 !!!                   ESMF_LOGKIND_Multi_On_Error  !!!
20221026 032753.708 INFO             PET1 !!!!!!!!!!!!!!!!!!!!!!!!!!!!!!!!!!!!!!!!!!!!!!!!!!!!!!
20221026 032753.708 INFO             PET1 Running with ESMF Version   : v8.5.0b02-1-ge46659f
20221026 032753.708 INFO             PET1 ESMF library build date/time: "Oct 26 2022" "02:45:48"
20221026 032753.708 INFO             PET1 ESMF library build location : /work/noaa/da/mpotts/sandbox/gfortran_8.3.0_openmpi_g_develop/esmf
20221026 032753.708 INFO             PET1 ESMF_COMM                   : openmpi
20221026 032753.708 INFO             PET1 ESMF_MOAB                   : enabled
20221026 032753.708 INFO             PET1 ESMF_LAPACK                 : enabled
20221026 032753.708 INFO             PET1 ESMF_NETCDF                 : enabled
20221026 032753.708 INFO             PET1 ESMF_PNETCDF                : disabled
20221026 032753.708 INFO             PET1 ESMF_PIO                    : enabled
20221026 032753.708 INFO             PET1 ESMF_YAMLCPP                : enabled
20221026 032753.709 INFO             PET1  NUMBER_OF_PROCESSORS           4
20221026 032753.709 INFO             PET1  PASS  Example ESMF_VMUserMpiCommMultiEx, ESMF_VMUserMpiCommMultiEx.F90, line 154
20221026 032753.709 INFO             PET1 Finalizing ESMF
