2022-10-08 03:19:31
20221008 035238.579 INFO             PET0 !!!!!!!!!!!!!!!!!!!!!!!!!!!!!!!!!!!!!!!!!!!!!!!!!!!!!!
20221008 035238.579 INFO             PET0 !!! THE ESMF_LOG IS SET TO OUTPUT ALL LOG MESSAGES !!!
20221008 035238.579 INFO             PET0 !!!     THIS MAY CAUSE SLOWDOWN IN PERFORMANCE     !!!
20221008 035238.579 INFO             PET0 !!! FOR PRODUCTION RUNS, USE:                      !!!
20221008 035238.579 INFO             PET0 !!!                   ESMF_LOGKIND_Multi_On_Error  !!!
20221008 035238.579 INFO             PET0 !!!!!!!!!!!!!!!!!!!!!!!!!!!!!!!!!!!!!!!!!!!!!!!!!!!!!!
20221008 035238.579 INFO             PET0 Running with ESMF Version   : v8.4.0b18
20221008 035238.579 INFO             PET0 ESMF library build date/time: "Oct  8 2022" "03:18:18"
20221008 035238.579 INFO             PET0 ESMF library build location : /work/noaa/da/mpotts/sandbox/gfortran_8.3.0_openmpi_g_develop/esmf
20221008 035238.579 INFO             PET0 ESMF_COMM                   : openmpi
20221008 035238.579 INFO             PET0 ESMF_MOAB                   : enabled
20221008 035238.579 INFO             PET0 ESMF_LAPACK                 : enabled
20221008 035238.579 INFO             PET0 ESMF_NETCDF                 : enabled
20221008 035238.579 INFO             PET0 ESMF_PNETCDF                : disabled
20221008 035238.579 INFO             PET0 ESMF_PIO                    : enabled
20221008 035238.579 INFO             PET0 ESMF_YAMLCPP                : enabled
20221008 035238.590 WARNING          PET0 ESMCI_PIO_Handler.C:1567 ESMCI::PIO_Handler::isOpen() File, commMatrix.nc, closed by PIO
20221008 035238.592 WARNING          PET0 ESMCI_PIO_Handler.C:1567 ESMCI::PIO_Handler::isOpen() File, commMatrix.nc, closed by PIO
20221008 035238.594 WARNING          PET0 ESMCI_PIO_Handler.C:1567 ESMCI::PIO_Handler::isOpen() File, commMatrix.nc, closed by PIO
20221008 035238.595 WARNING          PET0 ESMCI_PIO_Handler.C:1567 ESMCI::PIO_Handler::isOpen() File, commMatrix.nc, closed by PIO
20221008 035238.611 INFO             PET0  NUMBER_OF_PROCESSORS           4
20221008 035238.611 INFO             PET0  PASS  Example ESMF_RHandleBitForBitEx, ESMF_RHandleBitForBitEx.F90, line 1557
20221008 035238.611 INFO             PET0 Finalizing ESMF
20221008 035238.578 INFO             PET1 !!!!!!!!!!!!!!!!!!!!!!!!!!!!!!!!!!!!!!!!!!!!!!!!!!!!!!
20221008 035238.579 INFO             PET1 !!! THE ESMF_LOG IS SET TO OUTPUT ALL LOG MESSAGES !!!
20221008 035238.579 INFO             PET1 !!!     THIS MAY CAUSE SLOWDOWN IN PERFORMANCE     !!!
20221008 035238.579 INFO             PET1 !!! FOR PRODUCTION RUNS, USE:                      !!!
20221008 035238.579 INFO             PET1 !!!                   ESMF_LOGKIND_Multi_On_Error  !!!
20221008 035238.579 INFO             PET1 !!!!!!!!!!!!!!!!!!!!!!!!!!!!!!!!!!!!!!!!!!!!!!!!!!!!!!
20221008 035238.579 INFO             PET1 Running with ESMF Version   : v8.4.0b18
20221008 035238.579 INFO             PET1 ESMF library build date/time: "Oct  8 2022" "03:18:18"
20221008 035238.579 INFO             PET1 ESMF library build location : /work/noaa/da/mpotts/sandbox/gfortran_8.3.0_openmpi_g_develop/esmf
20221008 035238.579 INFO             PET1 ESMF_COMM                   : openmpi
20221008 035238.579 INFO             PET1 ESMF_MOAB                   : enabled
20221008 035238.579 INFO             PET1 ESMF_LAPACK                 : enabled
20221008 035238.579 INFO             PET1 ESMF_NETCDF                 : enabled
20221008 035238.579 INFO             PET1 ESMF_PNETCDF                : disabled
20221008 035238.579 INFO             PET1 ESMF_PIO                    : enabled
20221008 035238.579 INFO             PET1 ESMF_YAMLCPP                : enabled
20221008 035238.590 WARNING          PET1 ESMCI_PIO_Handler.C:1567 ESMCI::PIO_Handler::isOpen() File, commMatrix.nc, closed by PIO
20221008 035238.592 WARNING          PET1 ESMCI_PIO_Handler.C:1567 ESMCI::PIO_Handler::isOpen() File, commMatrix.nc, closed by PIO
20221008 035238.594 WARNING          PET1 ESMCI_PIO_Handler.C:1567 ESMCI::PIO_Handler::isOpen() File, commMatrix.nc, closed by PIO
20221008 035238.595 WARNING          PET1 ESMCI_PIO_Handler.C:1567 ESMCI::PIO_Handler::isOpen() File, commMatrix.nc, closed by PIO
20221008 035238.611 INFO             PET1  NUMBER_OF_PROCESSORS           4
20221008 035238.611 INFO             PET1  PASS  Example ESMF_RHandleBitForBitEx, ESMF_RHandleBitForBitEx.F90, line 1557
20221008 035238.611 INFO             PET1 Finalizing ESMF
20221008 035238.579 INFO             PET2 !!!!!!!!!!!!!!!!!!!!!!!!!!!!!!!!!!!!!!!!!!!!!!!!!!!!!!
20221008 035238.579 INFO             PET2 !!! THE ESMF_LOG IS SET TO OUTPUT ALL LOG MESSAGES !!!
20221008 035238.579 INFO             PET2 !!!     THIS MAY CAUSE SLOWDOWN IN PERFORMANCE     !!!
20221008 035238.579 INFO             PET2 !!! FOR PRODUCTION RUNS, USE:                      !!!
20221008 035238.579 INFO             PET2 !!!                   ESMF_LOGKIND_Multi_On_Error  !!!
20221008 035238.579 INFO             PET2 !!!!!!!!!!!!!!!!!!!!!!!!!!!!!!!!!!!!!!!!!!!!!!!!!!!!!!
20221008 035238.579 INFO             PET2 Running with ESMF Version   : v8.4.0b18
20221008 035238.579 INFO             PET2 ESMF library build date/time: "Oct  8 2022" "03:18:18"
20221008 035238.579 INFO             PET2 ESMF library build location : /work/noaa/da/mpotts/sandbox/gfortran_8.3.0_openmpi_g_develop/esmf
20221008 035238.579 INFO             PET2 ESMF_COMM                   : openmpi
20221008 035238.579 INFO             PET2 ESMF_MOAB                   : enabled
20221008 035238.579 INFO             PET2 ESMF_LAPACK                 : enabled
20221008 035238.579 INFO             PET2 ESMF_NETCDF                 : enabled
20221008 035238.579 INFO             PET2 ESMF_PNETCDF                : disabled
20221008 035238.579 INFO             PET2 ESMF_PIO                    : enabled
20221008 035238.579 INFO             PET2 ESMF_YAMLCPP                : enabled
20221008 035238.590 WARNING          PET2 ESMCI_PIO_Handler.C:1567 ESMCI::PIO_Handler::isOpen() File, commMatrix.nc, closed by PIO
20221008 035238.592 WARNING          PET2 ESMCI_PIO_Handler.C:1567 ESMCI::PIO_Handler::isOpen() File, commMatrix.nc, closed by PIO
20221008 035238.594 WARNING          PET2 ESMCI_PIO_Handler.C:1567 ESMCI::PIO_Handler::isOpen() File, commMatrix.nc, closed by PIO
20221008 035238.595 WARNING          PET2 ESMCI_PIO_Handler.C:1567 ESMCI::PIO_Handler::isOpen() File, commMatrix.nc, closed by PIO
20221008 035238.611 INFO             PET2  NUMBER_OF_PROCESSORS           4
20221008 035238.611 INFO             PET2  PASS  Example ESMF_RHandleBitForBitEx, ESMF_RHandleBitForBitEx.F90, line 1557
20221008 035238.611 INFO             PET2 Finalizing ESMF
20221008 035238.578 INFO             PET3 !!!!!!!!!!!!!!!!!!!!!!!!!!!!!!!!!!!!!!!!!!!!!!!!!!!!!!
20221008 035238.578 INFO             PET3 !!! THE ESMF_LOG IS SET TO OUTPUT ALL LOG MESSAGES !!!
20221008 035238.578 INFO             PET3 !!!     THIS MAY CAUSE SLOWDOWN IN PERFORMANCE     !!!
20221008 035238.578 INFO             PET3 !!! FOR PRODUCTION RUNS, USE:                      !!!
20221008 035238.578 INFO             PET3 !!!                   ESMF_LOGKIND_Multi_On_Error  !!!
20221008 035238.578 INFO             PET3 !!!!!!!!!!!!!!!!!!!!!!!!!!!!!!!!!!!!!!!!!!!!!!!!!!!!!!
20221008 035238.578 INFO             PET3 Running with ESMF Version   : v8.4.0b18
20221008 035238.578 INFO             PET3 ESMF library build date/time: "Oct  8 2022" "03:18:18"
20221008 035238.578 INFO             PET3 ESMF library build location : /work/noaa/da/mpotts/sandbox/gfortran_8.3.0_openmpi_g_develop/esmf
20221008 035238.578 INFO             PET3 ESMF_COMM                   : openmpi
20221008 035238.579 INFO             PET3 ESMF_MOAB                   : enabled
20221008 035238.579 INFO             PET3 ESMF_LAPACK                 : enabled
20221008 035238.579 INFO             PET3 ESMF_NETCDF                 : enabled
20221008 035238.579 INFO             PET3 ESMF_PNETCDF                : disabled
20221008 035238.579 INFO             PET3 ESMF_PIO                    : enabled
20221008 035238.579 INFO             PET3 ESMF_YAMLCPP                : enabled
20221008 035238.590 WARNING          PET3 ESMCI_PIO_Handler.C:1567 ESMCI::PIO_Handler::isOpen() File, commMatrix.nc, closed by PIO
20221008 035238.592 WARNING          PET3 ESMCI_PIO_Handler.C:1567 ESMCI::PIO_Handler::isOpen() File, commMatrix.nc, closed by PIO
20221008 035238.594 WARNING          PET3 ESMCI_PIO_Handler.C:1567 ESMCI::PIO_Handler::isOpen() File, commMatrix.nc, closed by PIO
20221008 035238.595 WARNING          PET3 ESMCI_PIO_Handler.C:1567 ESMCI::PIO_Handler::isOpen() File, commMatrix.nc, closed by PIO
20221008 035238.611 INFO             PET3  NUMBER_OF_PROCESSORS           4
20221008 035238.611 INFO             PET3  PASS  Example ESMF_RHandleBitForBitEx, ESMF_RHandleBitForBitEx.F90, line 1557
20221008 035238.611 INFO             PET3 Finalizing ESMF
