2022-10-15 01:40:40
20221015 021450.424 INFO             PET0 !!!!!!!!!!!!!!!!!!!!!!!!!!!!!!!!!!!!!!!!!!!!!!!!!!!!!!
20221015 021450.424 INFO             PET0 !!! THE ESMF_LOG IS SET TO OUTPUT ALL LOG MESSAGES !!!
20221015 021450.424 INFO             PET0 !!!     THIS MAY CAUSE SLOWDOWN IN PERFORMANCE     !!!
20221015 021450.424 INFO             PET0 !!! FOR PRODUCTION RUNS, USE:                      !!!
20221015 021450.424 INFO             PET0 !!!                   ESMF_LOGKIND_Multi_On_Error  !!!
20221015 021450.424 INFO             PET0 !!!!!!!!!!!!!!!!!!!!!!!!!!!!!!!!!!!!!!!!!!!!!!!!!!!!!!
20221015 021450.424 INFO             PET0 Running with ESMF Version   : v8.4.0b20
20221015 021450.424 INFO             PET0 ESMF library build date/time: "Oct 15 2022" "01:37:38"
20221015 021450.424 INFO             PET0 ESMF library build location : /glade/scratch/theurich/ESMF-Nightly-Testing/gfortran_7.4.0_openmpi_g_develop/esmf
20221015 021450.424 INFO             PET0 ESMF_COMM                   : openmpi
20221015 021450.424 INFO             PET0 ESMF_MOAB                   : enabled
20221015 021450.424 INFO             PET0 ESMF_LAPACK                 : enabled
20221015 021450.424 INFO             PET0 ESMF_NETCDF                 : enabled
20221015 021450.424 INFO             PET0 ESMF_PNETCDF                : disabled
20221015 021450.424 INFO             PET0 ESMF_PIO                    : enabled
20221015 021450.424 INFO             PET0 ESMF_YAMLCPP                : enabled
20221015 021450.426 INFO             PET0  NUMBER_OF_PROCESSORS           1
20221015 021450.426 INFO             PET0  PASS  Example ESMF_AlarmEx, ESMF_AlarmEx.F90, line 244
20221015 021450.426 INFO             PET0 Finalizing ESMF
