2022-10-26 09:01:24
20221026 101639.133 INFO             PET0 !!!!!!!!!!!!!!!!!!!!!!!!!!!!!!!!!!!!!!!!!!!!!!!!!!!!!!
20221026 101639.133 INFO             PET0 !!! THE ESMF_LOG IS SET TO OUTPUT ALL LOG MESSAGES !!!
20221026 101639.134 INFO             PET0 !!!     THIS MAY CAUSE SLOWDOWN IN PERFORMANCE     !!!
20221026 101639.134 INFO             PET0 !!! FOR PRODUCTION RUNS, USE:                      !!!
20221026 101639.134 INFO             PET0 !!!                   ESMF_LOGKIND_Multi_On_Error  !!!
20221026 101639.134 INFO             PET0 !!!!!!!!!!!!!!!!!!!!!!!!!!!!!!!!!!!!!!!!!!!!!!!!!!!!!!
20221026 101639.134 INFO             PET0 Running with ESMF Version   : v8.5.0b02-1-ge46659fdec
20221026 101639.134 INFO             PET0 ESMF library build date/time: "Oct 26 2022" "08:58:11"
20221026 101639.134 INFO             PET0 ESMF library build location : /glade/scratch/theurich/ESMF-Nightly-Testing/nvhpc_22.2_mpt_g_develop/esmf
20221026 101639.134 INFO             PET0 ESMF_COMM                   : mpt
20221026 101639.134 INFO             PET0 ESMF_MOAB                   : enabled
20221026 101639.134 INFO             PET0 ESMF_LAPACK                 : enabled
20221026 101639.134 INFO             PET0 ESMF_NETCDF                 : enabled
20221026 101639.134 INFO             PET0 ESMF_PNETCDF                : disabled
20221026 101639.134 INFO             PET0 ESMF_PIO                    : enabled
20221026 101639.134 INFO             PET0 ESMF_YAMLCPP                : enabled
20221026 101639.149 WARNING          PET0 ESMCI_PIO_Handler.C:1567 ESMCI::PIO_Handler::isOpen() File, commMatrix.nc, closed by PIO
20221026 101639.150 WARNING          PET0 ESMCI_PIO_Handler.C:1567 ESMCI::PIO_Handler::isOpen() File, commMatrix.nc, closed by PIO
20221026 101639.151 WARNING          PET0 ESMCI_PIO_Handler.C:1567 ESMCI::PIO_Handler::isOpen() File, commMatrix.nc, closed by PIO
20221026 101639.151 WARNING          PET0 ESMCI_PIO_Handler.C:1567 ESMCI::PIO_Handler::isOpen() File, commMatrix.nc, closed by PIO
20221026 101639.164 INFO             PET0  NUMBER_OF_PROCESSORS            4
20221026 101639.164 INFO             PET0  PASS  Example ESMF_RHandleBitForBitEx, ESMF_RHandleBitForBitEx.F90, line 1557
20221026 101639.164 INFO             PET0 Finalizing ESMF
20221026 101639.133 INFO             PET1 !!!!!!!!!!!!!!!!!!!!!!!!!!!!!!!!!!!!!!!!!!!!!!!!!!!!!!
20221026 101639.133 INFO             PET1 !!! THE ESMF_LOG IS SET TO OUTPUT ALL LOG MESSAGES !!!
20221026 101639.133 INFO             PET1 !!!     THIS MAY CAUSE SLOWDOWN IN PERFORMANCE     !!!
20221026 101639.133 INFO             PET1 !!! FOR PRODUCTION RUNS, USE:                      !!!
20221026 101639.133 INFO             PET1 !!!                   ESMF_LOGKIND_Multi_On_Error  !!!
20221026 101639.133 INFO             PET1 !!!!!!!!!!!!!!!!!!!!!!!!!!!!!!!!!!!!!!!!!!!!!!!!!!!!!!
20221026 101639.133 INFO             PET1 Running with ESMF Version   : v8.5.0b02-1-ge46659fdec
20221026 101639.133 INFO             PET1 ESMF library build date/time: "Oct 26 2022" "08:58:11"
20221026 101639.133 INFO             PET1 ESMF library build location : /glade/scratch/theurich/ESMF-Nightly-Testing/nvhpc_22.2_mpt_g_develop/esmf
20221026 101639.133 INFO             PET1 ESMF_COMM                   : mpt
20221026 101639.134 INFO             PET1 ESMF_MOAB                   : enabled
20221026 101639.134 INFO             PET1 ESMF_LAPACK                 : enabled
20221026 101639.134 INFO             PET1 ESMF_NETCDF                 : enabled
20221026 101639.134 INFO             PET1 ESMF_PNETCDF                : disabled
20221026 101639.134 INFO             PET1 ESMF_PIO                    : enabled
20221026 101639.134 INFO             PET1 ESMF_YAMLCPP                : enabled
20221026 101639.149 WARNING          PET1 ESMCI_PIO_Handler.C:1567 ESMCI::PIO_Handler::isOpen() File, commMatrix.nc, closed by PIO
20221026 101639.150 WARNING          PET1 ESMCI_PIO_Handler.C:1567 ESMCI::PIO_Handler::isOpen() File, commMatrix.nc, closed by PIO
20221026 101639.151 WARNING          PET1 ESMCI_PIO_Handler.C:1567 ESMCI::PIO_Handler::isOpen() File, commMatrix.nc, closed by PIO
20221026 101639.151 WARNING          PET1 ESMCI_PIO_Handler.C:1567 ESMCI::PIO_Handler::isOpen() File, commMatrix.nc, closed by PIO
20221026 101639.164 INFO             PET1  NUMBER_OF_PROCESSORS            4
20221026 101639.164 INFO             PET1  PASS  Example ESMF_RHandleBitForBitEx, ESMF_RHandleBitForBitEx.F90, line 1557
20221026 101639.164 INFO             PET1 Finalizing ESMF
20221026 101639.133 INFO             PET2 !!!!!!!!!!!!!!!!!!!!!!!!!!!!!!!!!!!!!!!!!!!!!!!!!!!!!!
20221026 101639.133 INFO             PET2 !!! THE ESMF_LOG IS SET TO OUTPUT ALL LOG MESSAGES !!!
20221026 101639.133 INFO             PET2 !!!     THIS MAY CAUSE SLOWDOWN IN PERFORMANCE     !!!
20221026 101639.133 INFO             PET2 !!! FOR PRODUCTION RUNS, USE:                      !!!
20221026 101639.133 INFO             PET2 !!!                   ESMF_LOGKIND_Multi_On_Error  !!!
20221026 101639.133 INFO             PET2 !!!!!!!!!!!!!!!!!!!!!!!!!!!!!!!!!!!!!!!!!!!!!!!!!!!!!!
20221026 101639.133 INFO             PET2 Running with ESMF Version   : v8.5.0b02-1-ge46659fdec
20221026 101639.133 INFO             PET2 ESMF library build date/time: "Oct 26 2022" "08:58:11"
20221026 101639.133 INFO             PET2 ESMF library build location : /glade/scratch/theurich/ESMF-Nightly-Testing/nvhpc_22.2_mpt_g_develop/esmf
20221026 101639.133 INFO             PET2 ESMF_COMM                   : mpt
20221026 101639.134 INFO             PET2 ESMF_MOAB                   : enabled
20221026 101639.134 INFO             PET2 ESMF_LAPACK                 : enabled
20221026 101639.134 INFO             PET2 ESMF_NETCDF                 : enabled
20221026 101639.134 INFO             PET2 ESMF_PNETCDF                : disabled
20221026 101639.134 INFO             PET2 ESMF_PIO                    : enabled
20221026 101639.134 INFO             PET2 ESMF_YAMLCPP                : enabled
20221026 101639.149 WARNING          PET2 ESMCI_PIO_Handler.C:1567 ESMCI::PIO_Handler::isOpen() File, commMatrix.nc, closed by PIO
20221026 101639.150 WARNING          PET2 ESMCI_PIO_Handler.C:1567 ESMCI::PIO_Handler::isOpen() File, commMatrix.nc, closed by PIO
20221026 101639.151 WARNING          PET2 ESMCI_PIO_Handler.C:1567 ESMCI::PIO_Handler::isOpen() File, commMatrix.nc, closed by PIO
20221026 101639.151 WARNING          PET2 ESMCI_PIO_Handler.C:1567 ESMCI::PIO_Handler::isOpen() File, commMatrix.nc, closed by PIO
20221026 101639.164 INFO             PET2  NUMBER_OF_PROCESSORS            4
20221026 101639.164 INFO             PET2  PASS  Example ESMF_RHandleBitForBitEx, ESMF_RHandleBitForBitEx.F90, line 1557
20221026 101639.164 INFO             PET2 Finalizing ESMF
20221026 101639.134 INFO             PET3 !!!!!!!!!!!!!!!!!!!!!!!!!!!!!!!!!!!!!!!!!!!!!!!!!!!!!!
20221026 101639.134 INFO             PET3 !!! THE ESMF_LOG IS SET TO OUTPUT ALL LOG MESSAGES !!!
20221026 101639.134 INFO             PET3 !!!     THIS MAY CAUSE SLOWDOWN IN PERFORMANCE     !!!
20221026 101639.134 INFO             PET3 !!! FOR PRODUCTION RUNS, USE:                      !!!
20221026 101639.134 INFO             PET3 !!!                   ESMF_LOGKIND_Multi_On_Error  !!!
20221026 101639.134 INFO             PET3 !!!!!!!!!!!!!!!!!!!!!!!!!!!!!!!!!!!!!!!!!!!!!!!!!!!!!!
20221026 101639.134 INFO             PET3 Running with ESMF Version   : v8.5.0b02-1-ge46659fdec
20221026 101639.134 INFO             PET3 ESMF library build date/time: "Oct 26 2022" "08:58:11"
20221026 101639.134 INFO             PET3 ESMF library build location : /glade/scratch/theurich/ESMF-Nightly-Testing/nvhpc_22.2_mpt_g_develop/esmf
20221026 101639.134 INFO             PET3 ESMF_COMM                   : mpt
20221026 101639.135 INFO             PET3 ESMF_MOAB                   : enabled
20221026 101639.135 INFO             PET3 ESMF_LAPACK                 : enabled
20221026 101639.135 INFO             PET3 ESMF_NETCDF                 : enabled
20221026 101639.135 INFO             PET3 ESMF_PNETCDF                : disabled
20221026 101639.135 INFO             PET3 ESMF_PIO                    : enabled
20221026 101639.135 INFO             PET3 ESMF_YAMLCPP                : enabled
20221026 101639.149 WARNING          PET3 ESMCI_PIO_Handler.C:1567 ESMCI::PIO_Handler::isOpen() File, commMatrix.nc, closed by PIO
20221026 101639.150 WARNING          PET3 ESMCI_PIO_Handler.C:1567 ESMCI::PIO_Handler::isOpen() File, commMatrix.nc, closed by PIO
20221026 101639.151 WARNING          PET3 ESMCI_PIO_Handler.C:1567 ESMCI::PIO_Handler::isOpen() File, commMatrix.nc, closed by PIO
20221026 101639.151 WARNING          PET3 ESMCI_PIO_Handler.C:1567 ESMCI::PIO_Handler::isOpen() File, commMatrix.nc, closed by PIO
20221026 101639.164 INFO             PET3  NUMBER_OF_PROCESSORS            4
20221026 101639.164 INFO             PET3  PASS  Example ESMF_RHandleBitForBitEx, ESMF_RHandleBitForBitEx.F90, line 1557
20221026 101639.164 INFO             PET3 Finalizing ESMF
