2022-10-25 05:36:57
20221025 064435.624 INFO             PET0 !!!!!!!!!!!!!!!!!!!!!!!!!!!!!!!!!!!!!!!!!!!!!!!!!!!!!!
20221025 064435.624 INFO             PET0 !!! THE ESMF_LOG IS SET TO OUTPUT ALL LOG MESSAGES !!!
20221025 064435.624 INFO             PET0 !!!     THIS MAY CAUSE SLOWDOWN IN PERFORMANCE     !!!
20221025 064435.624 INFO             PET0 !!! FOR PRODUCTION RUNS, USE:                      !!!
20221025 064435.624 INFO             PET0 !!!                   ESMF_LOGKIND_Multi_On_Error  !!!
20221025 064435.624 INFO             PET0 !!!!!!!!!!!!!!!!!!!!!!!!!!!!!!!!!!!!!!!!!!!!!!!!!!!!!!
20221025 064435.624 INFO             PET0 Running with ESMF Version   : v8.4.0
20221025 064435.624 INFO             PET0 ESMF library build date/time: "Oct 25 2022" "05:31:33"
20221025 064435.624 INFO             PET0 ESMF library build location : /glade/scratch/theurich/ESMF-Nightly-Testing/intel_18.0.5_openmpi_O_v8.4.0/esmf
20221025 064435.624 INFO             PET0 ESMF_COMM                   : openmpi
20221025 064435.624 INFO             PET0 ESMF_MOAB                   : enabled
20221025 064435.624 INFO             PET0 ESMF_LAPACK                 : enabled
20221025 064435.624 INFO             PET0 ESMF_NETCDF                 : enabled
20221025 064435.624 INFO             PET0 ESMF_PNETCDF                : disabled
20221025 064435.624 INFO             PET0 ESMF_PIO                    : enabled
20221025 064435.624 INFO             PET0 ESMF_YAMLCPP                : enabled
20221025 064435.631 INFO             PET0  NUMBER_OF_PROCESSORS           4
20221025 064435.631 INFO             PET0  PASS  Example ESMF_FieldBundleRedistEx, ESMF_FieldBundleRedistEx.F90, line 280
20221025 064435.631 INFO             PET0 Finalizing ESMF
20221025 064435.624 INFO             PET1 !!!!!!!!!!!!!!!!!!!!!!!!!!!!!!!!!!!!!!!!!!!!!!!!!!!!!!
20221025 064435.624 INFO             PET1 !!! THE ESMF_LOG IS SET TO OUTPUT ALL LOG MESSAGES !!!
20221025 064435.624 INFO             PET1 !!!     THIS MAY CAUSE SLOWDOWN IN PERFORMANCE     !!!
20221025 064435.624 INFO             PET1 !!! FOR PRODUCTION RUNS, USE:                      !!!
20221025 064435.624 INFO             PET1 !!!                   ESMF_LOGKIND_Multi_On_Error  !!!
20221025 064435.624 INFO             PET1 !!!!!!!!!!!!!!!!!!!!!!!!!!!!!!!!!!!!!!!!!!!!!!!!!!!!!!
20221025 064435.624 INFO             PET1 Running with ESMF Version   : v8.4.0
20221025 064435.624 INFO             PET1 ESMF library build date/time: "Oct 25 2022" "05:31:33"
20221025 064435.624 INFO             PET1 ESMF library build location : /glade/scratch/theurich/ESMF-Nightly-Testing/intel_18.0.5_openmpi_O_v8.4.0/esmf
20221025 064435.624 INFO             PET1 ESMF_COMM                   : openmpi
20221025 064435.624 INFO             PET1 ESMF_MOAB                   : enabled
20221025 064435.624 INFO             PET1 ESMF_LAPACK                 : enabled
20221025 064435.624 INFO             PET1 ESMF_NETCDF                 : enabled
20221025 064435.624 INFO             PET1 ESMF_PNETCDF                : disabled
20221025 064435.624 INFO             PET1 ESMF_PIO                    : enabled
20221025 064435.624 INFO             PET1 ESMF_YAMLCPP                : enabled
20221025 064435.631 INFO             PET1  NUMBER_OF_PROCESSORS           4
20221025 064435.631 INFO             PET1  PASS  Example ESMF_FieldBundleRedistEx, ESMF_FieldBundleRedistEx.F90, line 280
20221025 064435.631 INFO             PET1 Finalizing ESMF
20221025 064435.625 INFO             PET2 !!!!!!!!!!!!!!!!!!!!!!!!!!!!!!!!!!!!!!!!!!!!!!!!!!!!!!
20221025 064435.625 INFO             PET2 !!! THE ESMF_LOG IS SET TO OUTPUT ALL LOG MESSAGES !!!
20221025 064435.625 INFO             PET2 !!!     THIS MAY CAUSE SLOWDOWN IN PERFORMANCE     !!!
20221025 064435.625 INFO             PET2 !!! FOR PRODUCTION RUNS, USE:                      !!!
20221025 064435.625 INFO             PET2 !!!                   ESMF_LOGKIND_Multi_On_Error  !!!
20221025 064435.625 INFO             PET2 !!!!!!!!!!!!!!!!!!!!!!!!!!!!!!!!!!!!!!!!!!!!!!!!!!!!!!
20221025 064435.625 INFO             PET2 Running with ESMF Version   : v8.4.0
20221025 064435.625 INFO             PET2 ESMF library build date/time: "Oct 25 2022" "05:31:33"
20221025 064435.625 INFO             PET2 ESMF library build location : /glade/scratch/theurich/ESMF-Nightly-Testing/intel_18.0.5_openmpi_O_v8.4.0/esmf
20221025 064435.625 INFO             PET2 ESMF_COMM                   : openmpi
20221025 064435.625 INFO             PET2 ESMF_MOAB                   : enabled
20221025 064435.625 INFO             PET2 ESMF_LAPACK                 : enabled
20221025 064435.625 INFO             PET2 ESMF_NETCDF                 : enabled
20221025 064435.625 INFO             PET2 ESMF_PNETCDF                : disabled
20221025 064435.625 INFO             PET2 ESMF_PIO                    : enabled
20221025 064435.625 INFO             PET2 ESMF_YAMLCPP                : enabled
20221025 064435.631 INFO             PET2  NUMBER_OF_PROCESSORS           4
20221025 064435.631 INFO             PET2  PASS  Example ESMF_FieldBundleRedistEx, ESMF_FieldBundleRedistEx.F90, line 280
20221025 064435.631 INFO             PET2 Finalizing ESMF
20221025 064435.626 INFO             PET3 !!!!!!!!!!!!!!!!!!!!!!!!!!!!!!!!!!!!!!!!!!!!!!!!!!!!!!
20221025 064435.626 INFO             PET3 !!! THE ESMF_LOG IS SET TO OUTPUT ALL LOG MESSAGES !!!
20221025 064435.626 INFO             PET3 !!!     THIS MAY CAUSE SLOWDOWN IN PERFORMANCE     !!!
20221025 064435.626 INFO             PET3 !!! FOR PRODUCTION RUNS, USE:                      !!!
20221025 064435.626 INFO             PET3 !!!                   ESMF_LOGKIND_Multi_On_Error  !!!
20221025 064435.626 INFO             PET3 !!!!!!!!!!!!!!!!!!!!!!!!!!!!!!!!!!!!!!!!!!!!!!!!!!!!!!
20221025 064435.626 INFO             PET3 Running with ESMF Version   : v8.4.0
20221025 064435.626 INFO             PET3 ESMF library build date/time: "Oct 25 2022" "05:31:33"
20221025 064435.626 INFO             PET3 ESMF library build location : /glade/scratch/theurich/ESMF-Nightly-Testing/intel_18.0.5_openmpi_O_v8.4.0/esmf
20221025 064435.626 INFO             PET3 ESMF_COMM                   : openmpi
20221025 064435.626 INFO             PET3 ESMF_MOAB                   : enabled
20221025 064435.627 INFO             PET3 ESMF_LAPACK                 : enabled
20221025 064435.627 INFO             PET3 ESMF_NETCDF                 : enabled
20221025 064435.627 INFO             PET3 ESMF_PNETCDF                : disabled
20221025 064435.627 INFO             PET3 ESMF_PIO                    : enabled
20221025 064435.627 INFO             PET3 ESMF_YAMLCPP                : enabled
20221025 064435.631 INFO             PET3  NUMBER_OF_PROCESSORS           4
20221025 064435.631 INFO             PET3  PASS  Example ESMF_FieldBundleRedistEx, ESMF_FieldBundleRedistEx.F90, line 280
20221025 064435.631 INFO             PET3 Finalizing ESMF
