2022-10-03 08:56:10
20221003 104807.944 INFO             PET0 !!!!!!!!!!!!!!!!!!!!!!!!!!!!!!!!!!!!!!!!!!!!!!!!!!!!!!
20221003 104807.944 INFO             PET0 !!! THE ESMF_LOG IS SET TO OUTPUT ALL LOG MESSAGES !!!
20221003 104807.944 INFO             PET0 !!!     THIS MAY CAUSE SLOWDOWN IN PERFORMANCE     !!!
20221003 104807.944 INFO             PET0 !!! FOR PRODUCTION RUNS, USE:                      !!!
20221003 104807.944 INFO             PET0 !!!                   ESMF_LOGKIND_Multi_On_Error  !!!
20221003 104807.944 INFO             PET0 !!!!!!!!!!!!!!!!!!!!!!!!!!!!!!!!!!!!!!!!!!!!!!!!!!!!!!
20221003 104807.944 INFO             PET0 Running with ESMF Version   : v8.4.0b15-11-gadaf469be0
20221003 104807.944 INFO             PET0 ESMF library build date/time: "Oct  3 2022" "08:53:00"
20221003 104807.944 INFO             PET0 ESMF library build location : /glade/scratch/dunlap/esmf-testing/nvhpc_22.2_mpt_g_update_pio2.5.9/esmf
20221003 104807.944 INFO             PET0 ESMF_COMM                   : mpt
20221003 104807.945 INFO             PET0 ESMF_MOAB                   : enabled
20221003 104807.945 INFO             PET0 ESMF_LAPACK                 : enabled
20221003 104807.945 INFO             PET0 ESMF_NETCDF                 : enabled
20221003 104807.945 INFO             PET0 ESMF_PNETCDF                : disabled
20221003 104807.945 INFO             PET0 ESMF_PIO                    : enabled
20221003 104807.945 INFO             PET0 ESMF_YAMLCPP                : enabled
20221003 104807.946 INFO             PET0 esmApp STARTING
20221003 104807.952 INFO             PET0 esm: InitializeGeneric intro.
20221003 104807.952 INFO             PET0   esm: InitializeP0 intro.
20221003 104807.952 INFO             PET0   esm: InitializeP0 extro.
20221003 104807.952 INFO             PET0   esm: InitializeIPDv02p1 intro.
20221003 104807.952 INFO             PET0     >>>esm: entered Initialize (phase=<none>) without valid internal Clock.
20221003 104807.953 INFO             PET0     esm - Creating model component ATM without petList.
20221003 104807.957 INFO             PET0     esm - Creating model component OCN without petList.
20221003 104807.961 INFO             PET0     esm - Creating connector component ATM-TO-OCN without petList.
20221003 104807.968 INFO             PET0     esm - Creating connector component OCN-TO-ATM without petList.
20221003 104807.975 INFO             PET0     esm - Creating state: modelComp 1 Import State
20221003 104807.975 INFO             PET0     esm - Creating state: modelComp 1 Export State
20221003 104807.976 INFO             PET0     esm - Creating state: modelComp 2 Import State
20221003 104807.976 INFO             PET0     esm - Creating state: modelComp 2 Export State
20221003 104807.977 INFO             PET0     ATM: InitializeP0 intro.
20221003 104807.978 INFO             PET0     ATM: InitializeP0 extro.
20221003 104807.980 INFO             PET0     OCN: InitializeP0 intro.
20221003 104807.982 INFO             PET0     OCN: InitializeP0 extro.
20221003 104807.983 INFO             PET0     ATM-TO-OCN: InitializeP0 intro.
20221003 104807.983 INFO             PET0     ATM-TO-OCN: InitializeP0 extro.
20221003 104807.984 INFO             PET0     OCN-TO-ATM: InitializeP0 intro.
20221003 104807.985 INFO             PET0     OCN-TO-ATM: InitializeP0 extro.
20221003 104807.987 INFO             PET0     esm: IInitAdvertise intro.
20221003 104807.987 INFO             PET0     esm: IInitAdvertise extro.
20221003 104807.987 INFO             PET0     ATM: InitializeIPDvXp01 intro.
20221003 104807.991 INFO             PET0     ATM: InitializeIPDvXp01 extro.
20221003 104807.992 INFO             PET0     OCN: InitializeIPDvXp01 intro.
20221003 104807.995 INFO             PET0     OCN: InitializeIPDvXp01 extro.
20221003 104807.996 INFO             PET0     ATM-TO-OCN: InitializeIPDv05p1 intro.
20221003 104808.001 INFO             PET0     ATM-TO-OCN: InitializeIPDv05p1 extro.
20221003 104808.001 INFO             PET0     OCN-TO-ATM: InitializeIPDv05p1 intro.
20221003 104808.005 INFO             PET0     OCN-TO-ATM: InitializeIPDv05p1 extro.
20221003 104808.005 INFO             PET0     esm: IInitAdvertiseFinish intro.
20221003 104808.005 INFO             PET0     esm: IInitAdvertiseFinish extro.
20221003 104808.005 INFO             PET0     ATM-TO-OCN: InitializeIPDv05p2a intro.
20221003 104808.009 INFO             PET0     ATM-TO-OCN: InitializeIPDv05p2a extro.
20221003 104808.009 INFO             PET0     OCN-TO-ATM: InitializeIPDv05p2a intro.
20221003 104808.012 INFO             PET0     OCN-TO-ATM: InitializeIPDv05p2a extro.
20221003 104808.013 INFO             PET0     ATM-TO-OCN: InitializeIPDv05p2b intro.
20221003 104808.017 INFO             PET0     ATM-TO-OCN: InitializeIPDv05p2b extro.
20221003 104808.018 INFO             PET0     OCN-TO-ATM: InitializeIPDv05p2b intro.
20221003 104808.022 INFO             PET0     OCN-TO-ATM: InitializeIPDv05p2b extro.
20221003 104808.023 INFO             PET0     esm: IInitModifyCplLists intro.
20221003 104808.023 INFO             PET0     esm: IInitModifyCplLists extro.
20221003 104808.023 INFO             PET0     ATM-TO-OCN: InitializeIPDv05p3 intro.
20221003 104808.027 INFO             PET0     ATM-TO-OCN: InitializeIPDv05p3 extro.
20221003 104808.028 INFO             PET0     OCN-TO-ATM: InitializeIPDv05p3 intro.
20221003 104808.031 INFO             PET0     OCN-TO-ATM: InitializeIPDv05p3 extro.
20221003 104808.031 INFO             PET0     <<<esm: leaving Initialize (phase=<none>) with current time: 2010  6  1  0  0  0   0
20221003 104808.031 INFO             PET0   esm: InitializeIPDv02p1 extro.
20221003 104808.031 INFO             PET0   esm: InitializeIPDv02p3 intro.
20221003 104808.031 INFO             PET0     >>>esm: entered Initialize (phase=<none>) with current time: 2010  6  1  0  0  0   0
20221003 104808.032 INFO             PET0     esm: IInitCheck intro.
20221003 104808.032 INFO             PET0     esm: IInitCheck extro.
20221003 104808.032 INFO             PET0     atmA: InitializeIPDvXp04 intro.
20221003 104808.038 INFO             PET0     atmA: InitializeIPDvXp04 extro.
20221003 104808.039 INFO             PET0     ocnA: InitializeIPDvXp04 intro.
20221003 104808.045 INFO             PET0     ocnA: InitializeIPDvXp04 extro.
20221003 104808.046 INFO             PET0     ATM-TO-OCN: InitializeIPDv05p4 intro.
20221003 104808.052 INFO             PET0     ATM-TO-OCN: InitializeIPDv05p4 extro.
20221003 104808.052 INFO             PET0     OCN-TO-ATM: InitializeIPDv05p4 intro.
20221003 104808.057 INFO             PET0     OCN-TO-ATM: InitializeIPDv05p4 extro.
20221003 104808.057 INFO             PET0     ATM-TO-OCN: InitializeIPDv05p5 intro.
20221003 104808.063 INFO             PET0     ATM-TO-OCN: InitializeIPDv05p5 extro.
20221003 104808.063 INFO             PET0     OCN-TO-ATM: InitializeIPDv05p5 intro.
20221003 104808.067 INFO             PET0     OCN-TO-ATM: InitializeIPDv05p5 extro.
20221003 104808.068 INFO             PET0     esm: IInitRealize intro.
20221003 104808.068 INFO             PET0     esm: IInitRealize extro.
20221003 104808.068 INFO             PET0     ATM-TO-OCN: InitializeIPDv05p6a intro.
20221003 104808.073 INFO             PET0     ATM-TO-OCN: InitializeIPDv05p6a extro.
20221003 104914.230 INFO             PET0 !!!!!!!!!!!!!!!!!!!!!!!!!!!!!!!!!!!!!!!!!!!!!!!!!!!!!!
20221003 104914.230 INFO             PET0 !!! THE ESMF_LOG IS SET TO OUTPUT ALL LOG MESSAGES !!!
20221003 104914.230 INFO             PET0 !!!     THIS MAY CAUSE SLOWDOWN IN PERFORMANCE     !!!
20221003 104914.230 INFO             PET0 !!! FOR PRODUCTION RUNS, USE:                      !!!
20221003 104914.230 INFO             PET0 !!!                   ESMF_LOGKIND_Multi_On_Error  !!!
20221003 104914.230 INFO             PET0 !!!!!!!!!!!!!!!!!!!!!!!!!!!!!!!!!!!!!!!!!!!!!!!!!!!!!!
20221003 104914.230 INFO             PET0 Running with ESMF Version   : v8.4.0b15-11-gadaf469be0
20221003 104914.230 INFO             PET0 ESMF library build date/time: "Oct  3 2022" "08:53:00"
20221003 104914.230 INFO             PET0 ESMF library build location : /glade/scratch/dunlap/esmf-testing/nvhpc_22.2_mpt_g_update_pio2.5.9/esmf
20221003 104914.230 INFO             PET0 ESMF_COMM                   : mpt
20221003 104914.230 INFO             PET0 ESMF_MOAB                   : enabled
20221003 104914.230 INFO             PET0 ESMF_LAPACK                 : enabled
20221003 104914.230 INFO             PET0 ESMF_NETCDF                 : enabled
20221003 104914.230 INFO             PET0 ESMF_PNETCDF                : disabled
20221003 104914.231 INFO             PET0 ESMF_PIO                    : enabled
20221003 104914.231 INFO             PET0 ESMF_YAMLCPP                : enabled
20221003 104914.231 INFO             PET0 esmApp STARTING
20221003 104914.237 INFO             PET0 esm: InitializeGeneric intro.
20221003 104914.237 INFO             PET0   esm: InitializeP0 intro.
20221003 104914.237 INFO             PET0   esm: InitializeP0 extro.
20221003 104914.237 INFO             PET0   esm: InitializeIPDv02p1 intro.
20221003 104914.237 INFO             PET0     >>>esm: entered Initialize (phase=<none>) without valid internal Clock.
20221003 104914.238 INFO             PET0     esm - Creating model component ATM without petList.
20221003 104914.242 INFO             PET0     esm - Creating model component OCN without petList.
20221003 104914.245 INFO             PET0     esm - Creating connector component ATM-TO-OCN without petList.
20221003 104914.252 INFO             PET0     esm - Creating connector component OCN-TO-ATM without petList.
20221003 104914.259 INFO             PET0     esm - Creating state: modelComp 1 Import State
20221003 104914.259 INFO             PET0     esm - Creating state: modelComp 1 Export State
20221003 104914.260 INFO             PET0     esm - Creating state: modelComp 2 Import State
20221003 104914.260 INFO             PET0     esm - Creating state: modelComp 2 Export State
20221003 104914.261 INFO             PET0     ATM: InitializeP0 intro.
20221003 104914.262 INFO             PET0     ATM: InitializeP0 extro.
20221003 104914.264 INFO             PET0     OCN: InitializeP0 intro.
20221003 104914.266 INFO             PET0     OCN: InitializeP0 extro.
20221003 104914.267 INFO             PET0     ATM-TO-OCN: InitializeP0 intro.
20221003 104914.267 INFO             PET0     ATM-TO-OCN: InitializeP0 extro.
20221003 104914.268 INFO             PET0     OCN-TO-ATM: InitializeP0 intro.
20221003 104914.269 INFO             PET0     OCN-TO-ATM: InitializeP0 extro.
20221003 104914.271 INFO             PET0     esm: IInitAdvertise intro.
20221003 104914.271 INFO             PET0     esm: IInitAdvertise extro.
20221003 104914.271 INFO             PET0     ATM: InitializeIPDvXp01 intro.
20221003 104914.275 INFO             PET0     ATM: InitializeIPDvXp01 extro.
20221003 104914.276 INFO             PET0     OCN: InitializeIPDvXp01 intro.
20221003 104914.279 INFO             PET0     OCN: InitializeIPDvXp01 extro.
20221003 104914.280 INFO             PET0     ATM-TO-OCN: InitializeIPDv05p1 intro.
20221003 104914.285 INFO             PET0     ATM-TO-OCN: InitializeIPDv05p1 extro.
20221003 104914.285 INFO             PET0     OCN-TO-ATM: InitializeIPDv05p1 intro.
20221003 104914.288 INFO             PET0     OCN-TO-ATM: InitializeIPDv05p1 extro.
20221003 104914.289 INFO             PET0     esm: IInitAdvertiseFinish intro.
20221003 104914.289 INFO             PET0     esm: IInitAdvertiseFinish extro.
20221003 104914.289 INFO             PET0     ATM-TO-OCN: InitializeIPDv05p2a intro.
20221003 104914.293 INFO             PET0     ATM-TO-OCN: InitializeIPDv05p2a extro.
20221003 104914.293 INFO             PET0     OCN-TO-ATM: InitializeIPDv05p2a intro.
20221003 104914.296 INFO             PET0     OCN-TO-ATM: InitializeIPDv05p2a extro.
20221003 104914.296 INFO             PET0     ATM-TO-OCN: InitializeIPDv05p2b intro.
20221003 104914.300 INFO             PET0     ATM-TO-OCN: InitializeIPDv05p2b extro.
20221003 104914.301 INFO             PET0     OCN-TO-ATM: InitializeIPDv05p2b intro.
20221003 104914.304 INFO             PET0     OCN-TO-ATM: InitializeIPDv05p2b extro.
20221003 104914.304 INFO             PET0     esm: IInitModifyCplLists intro.
20221003 104914.304 INFO             PET0     esm: IInitModifyCplLists extro.
20221003 104914.304 INFO             PET0     ATM-TO-OCN: InitializeIPDv05p3 intro.
20221003 104914.309 INFO             PET0     ATM-TO-OCN: InitializeIPDv05p3 extro.
20221003 104914.309 INFO             PET0     OCN-TO-ATM: InitializeIPDv05p3 intro.
20221003 104914.313 INFO             PET0     OCN-TO-ATM: InitializeIPDv05p3 extro.
20221003 104914.313 INFO             PET0     <<<esm: leaving Initialize (phase=<none>) with current time: 2010  6  1  0  0  0   0
20221003 104914.313 INFO             PET0   esm: InitializeIPDv02p1 extro.
20221003 104914.313 INFO             PET0   esm: InitializeIPDv02p3 intro.
20221003 104914.313 INFO             PET0     >>>esm: entered Initialize (phase=<none>) with current time: 2010  6  1  0  0  0   0
20221003 104914.313 INFO             PET0     esm: IInitCheck intro.
20221003 104914.313 INFO             PET0     esm: IInitCheck extro.
20221003 104914.313 INFO             PET0     atmB: InitializeIPDvXp04 intro.
20221003 104914.319 INFO             PET0     atmB: InitializeIPDvXp04 extro.
20221003 104914.320 INFO             PET0     ocnA: InitializeIPDvXp04 intro.
20221003 104914.326 INFO             PET0     ocnA: InitializeIPDvXp04 extro.
20221003 104914.327 INFO             PET0     ATM-TO-OCN: InitializeIPDv05p4 intro.
20221003 104914.334 INFO             PET0     ATM-TO-OCN: InitializeIPDv05p4 extro.
20221003 104914.334 INFO             PET0     OCN-TO-ATM: InitializeIPDv05p4 intro.
20221003 104914.338 INFO             PET0     OCN-TO-ATM: InitializeIPDv05p4 extro.
20221003 104914.338 INFO             PET0     ATM-TO-OCN: InitializeIPDv05p5 intro.
20221003 104914.344 INFO             PET0     ATM-TO-OCN: InitializeIPDv05p5 extro.
20221003 104914.345 INFO             PET0     OCN-TO-ATM: InitializeIPDv05p5 intro.
20221003 104914.349 INFO             PET0     OCN-TO-ATM: InitializeIPDv05p5 extro.
20221003 104914.349 INFO             PET0     esm: IInitRealize intro.
20221003 104914.349 INFO             PET0     esm: IInitRealize extro.
20221003 104914.349 INFO             PET0     ATM-TO-OCN: InitializeIPDv05p6a intro.
20221003 104914.355 INFO             PET0     ATM-TO-OCN: InitializeIPDv05p6a extro.
20221003 104807.944 INFO             PET1 !!!!!!!!!!!!!!!!!!!!!!!!!!!!!!!!!!!!!!!!!!!!!!!!!!!!!!
20221003 104807.944 INFO             PET1 !!! THE ESMF_LOG IS SET TO OUTPUT ALL LOG MESSAGES !!!
20221003 104807.944 INFO             PET1 !!!     THIS MAY CAUSE SLOWDOWN IN PERFORMANCE     !!!
20221003 104807.944 INFO             PET1 !!! FOR PRODUCTION RUNS, USE:                      !!!
20221003 104807.944 INFO             PET1 !!!                   ESMF_LOGKIND_Multi_On_Error  !!!
20221003 104807.944 INFO             PET1 !!!!!!!!!!!!!!!!!!!!!!!!!!!!!!!!!!!!!!!!!!!!!!!!!!!!!!
20221003 104807.944 INFO             PET1 Running with ESMF Version   : v8.4.0b15-11-gadaf469be0
20221003 104807.944 INFO             PET1 ESMF library build date/time: "Oct  3 2022" "08:53:00"
20221003 104807.944 INFO             PET1 ESMF library build location : /glade/scratch/dunlap/esmf-testing/nvhpc_22.2_mpt_g_update_pio2.5.9/esmf
20221003 104807.944 INFO             PET1 ESMF_COMM                   : mpt
20221003 104807.945 INFO             PET1 ESMF_MOAB                   : enabled
20221003 104807.945 INFO             PET1 ESMF_LAPACK                 : enabled
20221003 104807.945 INFO             PET1 ESMF_NETCDF                 : enabled
20221003 104807.945 INFO             PET1 ESMF_PNETCDF                : disabled
20221003 104807.945 INFO             PET1 ESMF_PIO                    : enabled
20221003 104807.945 INFO             PET1 ESMF_YAMLCPP                : enabled
20221003 104807.946 INFO             PET1 esmApp STARTING
20221003 104807.952 INFO             PET1 esm: InitializeGeneric intro.
20221003 104807.952 INFO             PET1   esm: InitializeP0 intro.
20221003 104807.952 INFO             PET1   esm: InitializeP0 extro.
20221003 104807.952 INFO             PET1   esm: InitializeIPDv02p1 intro.
20221003 104807.952 INFO             PET1     >>>esm: entered Initialize (phase=<none>) without valid internal Clock.
20221003 104807.953 INFO             PET1     esm - Creating model component ATM without petList.
20221003 104807.957 INFO             PET1     esm - Creating model component OCN without petList.
20221003 104807.961 INFO             PET1     esm - Creating connector component ATM-TO-OCN without petList.
20221003 104807.968 INFO             PET1     esm - Creating connector component OCN-TO-ATM without petList.
20221003 104807.975 INFO             PET1     esm - Creating state: modelComp 1 Import State
20221003 104807.975 INFO             PET1     esm - Creating state: modelComp 1 Export State
20221003 104807.975 INFO             PET1     esm - Creating state: modelComp 2 Import State
20221003 104807.975 INFO             PET1     esm - Creating state: modelComp 2 Export State
20221003 104807.977 INFO             PET1     ATM: InitializeP0 intro.
20221003 104807.978 INFO             PET1     ATM: InitializeP0 extro.
20221003 104807.980 INFO             PET1     OCN: InitializeP0 intro.
20221003 104807.982 INFO             PET1     OCN: InitializeP0 extro.
20221003 104807.983 INFO             PET1     ATM-TO-OCN: InitializeP0 intro.
20221003 104807.983 INFO             PET1     ATM-TO-OCN: InitializeP0 extro.
20221003 104807.984 INFO             PET1     OCN-TO-ATM: InitializeP0 intro.
20221003 104807.985 INFO             PET1     OCN-TO-ATM: InitializeP0 extro.
20221003 104807.987 INFO             PET1     esm: IInitAdvertise intro.
20221003 104807.987 INFO             PET1     esm: IInitAdvertise extro.
20221003 104807.987 INFO             PET1     ATM: InitializeIPDvXp01 intro.
20221003 104807.991 INFO             PET1     ATM: InitializeIPDvXp01 extro.
20221003 104807.992 INFO             PET1     OCN: InitializeIPDvXp01 intro.
20221003 104807.996 INFO             PET1     OCN: InitializeIPDvXp01 extro.
20221003 104807.997 INFO             PET1     ATM-TO-OCN: InitializeIPDv05p1 intro.
20221003 104808.001 INFO             PET1     ATM-TO-OCN: InitializeIPDv05p1 extro.
20221003 104808.001 INFO             PET1     OCN-TO-ATM: InitializeIPDv05p1 intro.
20221003 104808.005 INFO             PET1     OCN-TO-ATM: InitializeIPDv05p1 extro.
20221003 104808.005 INFO             PET1     esm: IInitAdvertiseFinish intro.
20221003 104808.005 INFO             PET1     esm: IInitAdvertiseFinish extro.
20221003 104808.005 INFO             PET1     ATM-TO-OCN: InitializeIPDv05p2a intro.
20221003 104808.009 INFO             PET1     ATM-TO-OCN: InitializeIPDv05p2a extro.
20221003 104808.009 INFO             PET1     OCN-TO-ATM: InitializeIPDv05p2a intro.
20221003 104808.012 INFO             PET1     OCN-TO-ATM: InitializeIPDv05p2a extro.
20221003 104808.013 INFO             PET1     ATM-TO-OCN: InitializeIPDv05p2b intro.
20221003 104808.017 INFO             PET1     ATM-TO-OCN: InitializeIPDv05p2b extro.
20221003 104808.018 INFO             PET1     OCN-TO-ATM: InitializeIPDv05p2b intro.
20221003 104808.022 INFO             PET1     OCN-TO-ATM: InitializeIPDv05p2b extro.
20221003 104808.023 INFO             PET1     esm: IInitModifyCplLists intro.
20221003 104808.023 INFO             PET1     esm: IInitModifyCplLists extro.
20221003 104808.023 INFO             PET1     ATM-TO-OCN: InitializeIPDv05p3 intro.
20221003 104808.027 INFO             PET1     ATM-TO-OCN: InitializeIPDv05p3 extro.
20221003 104808.028 INFO             PET1     OCN-TO-ATM: InitializeIPDv05p3 intro.
20221003 104808.031 INFO             PET1     OCN-TO-ATM: InitializeIPDv05p3 extro.
20221003 104808.031 INFO             PET1     <<<esm: leaving Initialize (phase=<none>) with current time: 2010  6  1  0  0  0   0
20221003 104808.031 INFO             PET1   esm: InitializeIPDv02p1 extro.
20221003 104808.031 INFO             PET1   esm: InitializeIPDv02p3 intro.
20221003 104808.031 INFO             PET1     >>>esm: entered Initialize (phase=<none>) with current time: 2010  6  1  0  0  0   0
20221003 104808.032 INFO             PET1     esm: IInitCheck intro.
20221003 104808.032 INFO             PET1     esm: IInitCheck extro.
20221003 104808.032 INFO             PET1     atmA: InitializeIPDvXp04 intro.
20221003 104808.038 INFO             PET1     atmA: InitializeIPDvXp04 extro.
20221003 104808.039 INFO             PET1     ocnA: InitializeIPDvXp04 intro.
20221003 104808.045 INFO             PET1     ocnA: InitializeIPDvXp04 extro.
20221003 104808.046 INFO             PET1     ATM-TO-OCN: InitializeIPDv05p4 intro.
20221003 104808.052 INFO             PET1     ATM-TO-OCN: InitializeIPDv05p4 extro.
20221003 104808.052 INFO             PET1     OCN-TO-ATM: InitializeIPDv05p4 intro.
20221003 104808.057 INFO             PET1     OCN-TO-ATM: InitializeIPDv05p4 extro.
20221003 104808.057 INFO             PET1     ATM-TO-OCN: InitializeIPDv05p5 intro.
20221003 104808.063 INFO             PET1     ATM-TO-OCN: InitializeIPDv05p5 extro.
20221003 104808.063 INFO             PET1     OCN-TO-ATM: InitializeIPDv05p5 intro.
20221003 104808.067 INFO             PET1     OCN-TO-ATM: InitializeIPDv05p5 extro.
20221003 104808.068 INFO             PET1     esm: IInitRealize intro.
20221003 104808.068 INFO             PET1     esm: IInitRealize extro.
20221003 104808.068 INFO             PET1     ATM-TO-OCN: InitializeIPDv05p6a intro.
20221003 104808.073 INFO             PET1     ATM-TO-OCN: InitializeIPDv05p6a extro.
20221003 104914.230 INFO             PET1 !!!!!!!!!!!!!!!!!!!!!!!!!!!!!!!!!!!!!!!!!!!!!!!!!!!!!!
20221003 104914.230 INFO             PET1 !!! THE ESMF_LOG IS SET TO OUTPUT ALL LOG MESSAGES !!!
20221003 104914.230 INFO             PET1 !!!     THIS MAY CAUSE SLOWDOWN IN PERFORMANCE     !!!
20221003 104914.230 INFO             PET1 !!! FOR PRODUCTION RUNS, USE:                      !!!
20221003 104914.230 INFO             PET1 !!!                   ESMF_LOGKIND_Multi_On_Error  !!!
20221003 104914.230 INFO             PET1 !!!!!!!!!!!!!!!!!!!!!!!!!!!!!!!!!!!!!!!!!!!!!!!!!!!!!!
20221003 104914.230 INFO             PET1 Running with ESMF Version   : v8.4.0b15-11-gadaf469be0
20221003 104914.230 INFO             PET1 ESMF library build date/time: "Oct  3 2022" "08:53:00"
20221003 104914.230 INFO             PET1 ESMF library build location : /glade/scratch/dunlap/esmf-testing/nvhpc_22.2_mpt_g_update_pio2.5.9/esmf
20221003 104914.230 INFO             PET1 ESMF_COMM                   : mpt
20221003 104914.230 INFO             PET1 ESMF_MOAB                   : enabled
20221003 104914.230 INFO             PET1 ESMF_LAPACK                 : enabled
20221003 104914.230 INFO             PET1 ESMF_NETCDF                 : enabled
20221003 104914.230 INFO             PET1 ESMF_PNETCDF                : disabled
20221003 104914.231 INFO             PET1 ESMF_PIO                    : enabled
20221003 104914.231 INFO             PET1 ESMF_YAMLCPP                : enabled
20221003 104914.231 INFO             PET1 esmApp STARTING
20221003 104914.237 INFO             PET1 esm: InitializeGeneric intro.
20221003 104914.237 INFO             PET1   esm: InitializeP0 intro.
20221003 104914.237 INFO             PET1   esm: InitializeP0 extro.
20221003 104914.237 INFO             PET1   esm: InitializeIPDv02p1 intro.
20221003 104914.237 INFO             PET1     >>>esm: entered Initialize (phase=<none>) without valid internal Clock.
20221003 104914.238 INFO             PET1     esm - Creating model component ATM without petList.
20221003 104914.242 INFO             PET1     esm - Creating model component OCN without petList.
20221003 104914.245 INFO             PET1     esm - Creating connector component ATM-TO-OCN without petList.
20221003 104914.252 INFO             PET1     esm - Creating connector component OCN-TO-ATM without petList.
20221003 104914.259 INFO             PET1     esm - Creating state: modelComp 1 Import State
20221003 104914.259 INFO             PET1     esm - Creating state: modelComp 1 Export State
20221003 104914.260 INFO             PET1     esm - Creating state: modelComp 2 Import State
20221003 104914.260 INFO             PET1     esm - Creating state: modelComp 2 Export State
20221003 104914.261 INFO             PET1     ATM: InitializeP0 intro.
20221003 104914.262 INFO             PET1     ATM: InitializeP0 extro.
20221003 104914.264 INFO             PET1     OCN: InitializeP0 intro.
20221003 104914.266 INFO             PET1     OCN: InitializeP0 extro.
20221003 104914.267 INFO             PET1     ATM-TO-OCN: InitializeP0 intro.
20221003 104914.267 INFO             PET1     ATM-TO-OCN: InitializeP0 extro.
20221003 104914.268 INFO             PET1     OCN-TO-ATM: InitializeP0 intro.
20221003 104914.269 INFO             PET1     OCN-TO-ATM: InitializeP0 extro.
20221003 104914.271 INFO             PET1     esm: IInitAdvertise intro.
20221003 104914.271 INFO             PET1     esm: IInitAdvertise extro.
20221003 104914.271 INFO             PET1     ATM: InitializeIPDvXp01 intro.
20221003 104914.275 INFO             PET1     ATM: InitializeIPDvXp01 extro.
20221003 104914.276 INFO             PET1     OCN: InitializeIPDvXp01 intro.
20221003 104914.280 INFO             PET1     OCN: InitializeIPDvXp01 extro.
20221003 104914.281 INFO             PET1     ATM-TO-OCN: InitializeIPDv05p1 intro.
20221003 104914.285 INFO             PET1     ATM-TO-OCN: InitializeIPDv05p1 extro.
20221003 104914.285 INFO             PET1     OCN-TO-ATM: InitializeIPDv05p1 intro.
20221003 104914.288 INFO             PET1     OCN-TO-ATM: InitializeIPDv05p1 extro.
20221003 104914.289 INFO             PET1     esm: IInitAdvertiseFinish intro.
20221003 104914.289 INFO             PET1     esm: IInitAdvertiseFinish extro.
20221003 104914.289 INFO             PET1     ATM-TO-OCN: InitializeIPDv05p2a intro.
20221003 104914.293 INFO             PET1     ATM-TO-OCN: InitializeIPDv05p2a extro.
20221003 104914.293 INFO             PET1     OCN-TO-ATM: InitializeIPDv05p2a intro.
20221003 104914.296 INFO             PET1     OCN-TO-ATM: InitializeIPDv05p2a extro.
20221003 104914.296 INFO             PET1     ATM-TO-OCN: InitializeIPDv05p2b intro.
20221003 104914.300 INFO             PET1     ATM-TO-OCN: InitializeIPDv05p2b extro.
20221003 104914.301 INFO             PET1     OCN-TO-ATM: InitializeIPDv05p2b intro.
20221003 104914.304 INFO             PET1     OCN-TO-ATM: InitializeIPDv05p2b extro.
20221003 104914.304 INFO             PET1     esm: IInitModifyCplLists intro.
20221003 104914.304 INFO             PET1     esm: IInitModifyCplLists extro.
20221003 104914.304 INFO             PET1     ATM-TO-OCN: InitializeIPDv05p3 intro.
20221003 104914.309 INFO             PET1     ATM-TO-OCN: InitializeIPDv05p3 extro.
20221003 104914.309 INFO             PET1     OCN-TO-ATM: InitializeIPDv05p3 intro.
20221003 104914.313 INFO             PET1     OCN-TO-ATM: InitializeIPDv05p3 extro.
20221003 104914.313 INFO             PET1     <<<esm: leaving Initialize (phase=<none>) with current time: 2010  6  1  0  0  0   0
20221003 104914.313 INFO             PET1   esm: InitializeIPDv02p1 extro.
20221003 104914.313 INFO             PET1   esm: InitializeIPDv02p3 intro.
20221003 104914.313 INFO             PET1     >>>esm: entered Initialize (phase=<none>) with current time: 2010  6  1  0  0  0   0
20221003 104914.313 INFO             PET1     esm: IInitCheck intro.
20221003 104914.313 INFO             PET1     esm: IInitCheck extro.
20221003 104914.313 INFO             PET1     atmB: InitializeIPDvXp04 intro.
20221003 104914.319 INFO             PET1     atmB: InitializeIPDvXp04 extro.
20221003 104914.321 INFO             PET1     ocnA: InitializeIPDvXp04 intro.
20221003 104914.326 INFO             PET1     ocnA: InitializeIPDvXp04 extro.
20221003 104914.327 INFO             PET1     ATM-TO-OCN: InitializeIPDv05p4 intro.
20221003 104914.334 INFO             PET1     ATM-TO-OCN: InitializeIPDv05p4 extro.
20221003 104914.334 INFO             PET1     OCN-TO-ATM: InitializeIPDv05p4 intro.
20221003 104914.338 INFO             PET1     OCN-TO-ATM: InitializeIPDv05p4 extro.
20221003 104914.338 INFO             PET1     ATM-TO-OCN: InitializeIPDv05p5 intro.
20221003 104914.344 INFO             PET1     ATM-TO-OCN: InitializeIPDv05p5 extro.
20221003 104914.345 INFO             PET1     OCN-TO-ATM: InitializeIPDv05p5 intro.
20221003 104914.349 INFO             PET1     OCN-TO-ATM: InitializeIPDv05p5 extro.
20221003 104914.349 INFO             PET1     esm: IInitRealize intro.
20221003 104914.349 INFO             PET1     esm: IInitRealize extro.
20221003 104914.349 INFO             PET1     ATM-TO-OCN: InitializeIPDv05p6a intro.
20221003 104914.355 INFO             PET1     ATM-TO-OCN: InitializeIPDv05p6a extro.
20221003 104807.945 INFO             PET2 !!!!!!!!!!!!!!!!!!!!!!!!!!!!!!!!!!!!!!!!!!!!!!!!!!!!!!
20221003 104807.945 INFO             PET2 !!! THE ESMF_LOG IS SET TO OUTPUT ALL LOG MESSAGES !!!
20221003 104807.945 INFO             PET2 !!!     THIS MAY CAUSE SLOWDOWN IN PERFORMANCE     !!!
20221003 104807.945 INFO             PET2 !!! FOR PRODUCTION RUNS, USE:                      !!!
20221003 104807.945 INFO             PET2 !!!                   ESMF_LOGKIND_Multi_On_Error  !!!
20221003 104807.945 INFO             PET2 !!!!!!!!!!!!!!!!!!!!!!!!!!!!!!!!!!!!!!!!!!!!!!!!!!!!!!
20221003 104807.945 INFO             PET2 Running with ESMF Version   : v8.4.0b15-11-gadaf469be0
20221003 104807.945 INFO             PET2 ESMF library build date/time: "Oct  3 2022" "08:53:00"
20221003 104807.945 INFO             PET2 ESMF library build location : /glade/scratch/dunlap/esmf-testing/nvhpc_22.2_mpt_g_update_pio2.5.9/esmf
20221003 104807.945 INFO             PET2 ESMF_COMM                   : mpt
20221003 104807.945 INFO             PET2 ESMF_MOAB                   : enabled
20221003 104807.945 INFO             PET2 ESMF_LAPACK                 : enabled
20221003 104807.945 INFO             PET2 ESMF_NETCDF                 : enabled
20221003 104807.945 INFO             PET2 ESMF_PNETCDF                : disabled
20221003 104807.945 INFO             PET2 ESMF_PIO                    : enabled
20221003 104807.945 INFO             PET2 ESMF_YAMLCPP                : enabled
20221003 104807.946 INFO             PET2 esmApp STARTING
20221003 104807.952 INFO             PET2 esm: InitializeGeneric intro.
20221003 104807.952 INFO             PET2   esm: InitializeP0 intro.
20221003 104807.952 INFO             PET2   esm: InitializeP0 extro.
20221003 104807.952 INFO             PET2   esm: InitializeIPDv02p1 intro.
20221003 104807.952 INFO             PET2     >>>esm: entered Initialize (phase=<none>) without valid internal Clock.
20221003 104807.953 INFO             PET2     esm - Creating model component ATM without petList.
20221003 104807.957 INFO             PET2     esm - Creating model component OCN without petList.
20221003 104807.961 INFO             PET2     esm - Creating connector component ATM-TO-OCN without petList.
20221003 104807.967 INFO             PET2     esm - Creating connector component OCN-TO-ATM without petList.
20221003 104807.975 INFO             PET2     esm - Creating state: modelComp 1 Import State
20221003 104807.975 INFO             PET2     esm - Creating state: modelComp 1 Export State
20221003 104807.975 INFO             PET2     esm - Creating state: modelComp 2 Import State
20221003 104807.975 INFO             PET2     esm - Creating state: modelComp 2 Export State
20221003 104807.976 INFO             PET2     ATM: InitializeP0 intro.
20221003 104807.978 INFO             PET2     ATM: InitializeP0 extro.
20221003 104807.980 INFO             PET2     OCN: InitializeP0 intro.
20221003 104807.982 INFO             PET2     OCN: InitializeP0 extro.
20221003 104807.983 INFO             PET2     ATM-TO-OCN: InitializeP0 intro.
20221003 104807.983 INFO             PET2     ATM-TO-OCN: InitializeP0 extro.
20221003 104807.984 INFO             PET2     OCN-TO-ATM: InitializeP0 intro.
20221003 104807.985 INFO             PET2     OCN-TO-ATM: InitializeP0 extro.
20221003 104807.987 INFO             PET2     esm: IInitAdvertise intro.
20221003 104807.987 INFO             PET2     esm: IInitAdvertise extro.
20221003 104807.987 INFO             PET2     ATM: InitializeIPDvXp01 intro.
20221003 104807.991 INFO             PET2     ATM: InitializeIPDvXp01 extro.
20221003 104807.992 INFO             PET2     OCN: InitializeIPDvXp01 intro.
20221003 104807.996 INFO             PET2     OCN: InitializeIPDvXp01 extro.
20221003 104807.997 INFO             PET2     ATM-TO-OCN: InitializeIPDv05p1 intro.
20221003 104808.001 INFO             PET2     ATM-TO-OCN: InitializeIPDv05p1 extro.
20221003 104808.001 INFO             PET2     OCN-TO-ATM: InitializeIPDv05p1 intro.
20221003 104808.005 INFO             PET2     OCN-TO-ATM: InitializeIPDv05p1 extro.
20221003 104808.005 INFO             PET2     esm: IInitAdvertiseFinish intro.
20221003 104808.005 INFO             PET2     esm: IInitAdvertiseFinish extro.
20221003 104808.005 INFO             PET2     ATM-TO-OCN: InitializeIPDv05p2a intro.
20221003 104808.009 INFO             PET2     ATM-TO-OCN: InitializeIPDv05p2a extro.
20221003 104808.009 INFO             PET2     OCN-TO-ATM: InitializeIPDv05p2a intro.
20221003 104808.012 INFO             PET2     OCN-TO-ATM: InitializeIPDv05p2a extro.
20221003 104808.013 INFO             PET2     ATM-TO-OCN: InitializeIPDv05p2b intro.
20221003 104808.017 INFO             PET2     ATM-TO-OCN: InitializeIPDv05p2b extro.
20221003 104808.019 INFO             PET2     OCN-TO-ATM: InitializeIPDv05p2b intro.
20221003 104808.022 INFO             PET2     OCN-TO-ATM: InitializeIPDv05p2b extro.
20221003 104808.023 INFO             PET2     esm: IInitModifyCplLists intro.
20221003 104808.023 INFO             PET2     esm: IInitModifyCplLists extro.
20221003 104808.023 INFO             PET2     ATM-TO-OCN: InitializeIPDv05p3 intro.
20221003 104808.027 INFO             PET2     ATM-TO-OCN: InitializeIPDv05p3 extro.
20221003 104808.028 INFO             PET2     OCN-TO-ATM: InitializeIPDv05p3 intro.
20221003 104808.031 INFO             PET2     OCN-TO-ATM: InitializeIPDv05p3 extro.
20221003 104808.031 INFO             PET2     <<<esm: leaving Initialize (phase=<none>) with current time: 2010  6  1  0  0  0   0
20221003 104808.031 INFO             PET2   esm: InitializeIPDv02p1 extro.
20221003 104808.031 INFO             PET2   esm: InitializeIPDv02p3 intro.
20221003 104808.031 INFO             PET2     >>>esm: entered Initialize (phase=<none>) with current time: 2010  6  1  0  0  0   0
20221003 104808.032 INFO             PET2     esm: IInitCheck intro.
20221003 104808.032 INFO             PET2     esm: IInitCheck extro.
20221003 104808.032 INFO             PET2     atmA: InitializeIPDvXp04 intro.
20221003 104808.038 INFO             PET2     atmA: InitializeIPDvXp04 extro.
20221003 104808.039 INFO             PET2     ocnA: InitializeIPDvXp04 intro.
20221003 104808.045 INFO             PET2     ocnA: InitializeIPDvXp04 extro.
20221003 104808.046 INFO             PET2     ATM-TO-OCN: InitializeIPDv05p4 intro.
20221003 104808.052 INFO             PET2     ATM-TO-OCN: InitializeIPDv05p4 extro.
20221003 104808.052 INFO             PET2     OCN-TO-ATM: InitializeIPDv05p4 intro.
20221003 104808.057 INFO             PET2     OCN-TO-ATM: InitializeIPDv05p4 extro.
20221003 104808.057 INFO             PET2     ATM-TO-OCN: InitializeIPDv05p5 intro.
20221003 104808.063 INFO             PET2     ATM-TO-OCN: InitializeIPDv05p5 extro.
20221003 104808.063 INFO             PET2     OCN-TO-ATM: InitializeIPDv05p5 intro.
20221003 104808.067 INFO             PET2     OCN-TO-ATM: InitializeIPDv05p5 extro.
20221003 104808.068 INFO             PET2     esm: IInitRealize intro.
20221003 104808.068 INFO             PET2     esm: IInitRealize extro.
20221003 104808.068 INFO             PET2     ATM-TO-OCN: InitializeIPDv05p6a intro.
20221003 104808.073 INFO             PET2     ATM-TO-OCN: InitializeIPDv05p6a extro.
20221003 104914.230 INFO             PET2 !!!!!!!!!!!!!!!!!!!!!!!!!!!!!!!!!!!!!!!!!!!!!!!!!!!!!!
20221003 104914.230 INFO             PET2 !!! THE ESMF_LOG IS SET TO OUTPUT ALL LOG MESSAGES !!!
20221003 104914.230 INFO             PET2 !!!     THIS MAY CAUSE SLOWDOWN IN PERFORMANCE     !!!
20221003 104914.230 INFO             PET2 !!! FOR PRODUCTION RUNS, USE:                      !!!
20221003 104914.230 INFO             PET2 !!!                   ESMF_LOGKIND_Multi_On_Error  !!!
20221003 104914.230 INFO             PET2 !!!!!!!!!!!!!!!!!!!!!!!!!!!!!!!!!!!!!!!!!!!!!!!!!!!!!!
20221003 104914.230 INFO             PET2 Running with ESMF Version   : v8.4.0b15-11-gadaf469be0
20221003 104914.230 INFO             PET2 ESMF library build date/time: "Oct  3 2022" "08:53:00"
20221003 104914.230 INFO             PET2 ESMF library build location : /glade/scratch/dunlap/esmf-testing/nvhpc_22.2_mpt_g_update_pio2.5.9/esmf
20221003 104914.230 INFO             PET2 ESMF_COMM                   : mpt
20221003 104914.230 INFO             PET2 ESMF_MOAB                   : enabled
20221003 104914.230 INFO             PET2 ESMF_LAPACK                 : enabled
20221003 104914.230 INFO             PET2 ESMF_NETCDF                 : enabled
20221003 104914.230 INFO             PET2 ESMF_PNETCDF                : disabled
20221003 104914.231 INFO             PET2 ESMF_PIO                    : enabled
20221003 104914.231 INFO             PET2 ESMF_YAMLCPP                : enabled
20221003 104914.231 INFO             PET2 esmApp STARTING
20221003 104914.237 INFO             PET2 esm: InitializeGeneric intro.
20221003 104914.237 INFO             PET2   esm: InitializeP0 intro.
20221003 104914.237 INFO             PET2   esm: InitializeP0 extro.
20221003 104914.237 INFO             PET2   esm: InitializeIPDv02p1 intro.
20221003 104914.237 INFO             PET2     >>>esm: entered Initialize (phase=<none>) without valid internal Clock.
20221003 104914.238 INFO             PET2     esm - Creating model component ATM without petList.
20221003 104914.242 INFO             PET2     esm - Creating model component OCN without petList.
20221003 104914.245 INFO             PET2     esm - Creating connector component ATM-TO-OCN without petList.
20221003 104914.252 INFO             PET2     esm - Creating connector component OCN-TO-ATM without petList.
20221003 104914.259 INFO             PET2     esm - Creating state: modelComp 1 Import State
20221003 104914.259 INFO             PET2     esm - Creating state: modelComp 1 Export State
20221003 104914.260 INFO             PET2     esm - Creating state: modelComp 2 Import State
20221003 104914.260 INFO             PET2     esm - Creating state: modelComp 2 Export State
20221003 104914.261 INFO             PET2     ATM: InitializeP0 intro.
20221003 104914.262 INFO             PET2     ATM: InitializeP0 extro.
20221003 104914.264 INFO             PET2     OCN: InitializeP0 intro.
20221003 104914.266 INFO             PET2     OCN: InitializeP0 extro.
20221003 104914.267 INFO             PET2     ATM-TO-OCN: InitializeP0 intro.
20221003 104914.267 INFO             PET2     ATM-TO-OCN: InitializeP0 extro.
20221003 104914.268 INFO             PET2     OCN-TO-ATM: InitializeP0 intro.
20221003 104914.269 INFO             PET2     OCN-TO-ATM: InitializeP0 extro.
20221003 104914.271 INFO             PET2     esm: IInitAdvertise intro.
20221003 104914.271 INFO             PET2     esm: IInitAdvertise extro.
20221003 104914.271 INFO             PET2     ATM: InitializeIPDvXp01 intro.
20221003 104914.275 INFO             PET2     ATM: InitializeIPDvXp01 extro.
20221003 104914.276 INFO             PET2     OCN: InitializeIPDvXp01 intro.
20221003 104914.280 INFO             PET2     OCN: InitializeIPDvXp01 extro.
20221003 104914.281 INFO             PET2     ATM-TO-OCN: InitializeIPDv05p1 intro.
20221003 104914.285 INFO             PET2     ATM-TO-OCN: InitializeIPDv05p1 extro.
20221003 104914.285 INFO             PET2     OCN-TO-ATM: InitializeIPDv05p1 intro.
20221003 104914.288 INFO             PET2     OCN-TO-ATM: InitializeIPDv05p1 extro.
20221003 104914.289 INFO             PET2     esm: IInitAdvertiseFinish intro.
20221003 104914.289 INFO             PET2     esm: IInitAdvertiseFinish extro.
20221003 104914.289 INFO             PET2     ATM-TO-OCN: InitializeIPDv05p2a intro.
20221003 104914.293 INFO             PET2     ATM-TO-OCN: InitializeIPDv05p2a extro.
20221003 104914.293 INFO             PET2     OCN-TO-ATM: InitializeIPDv05p2a intro.
20221003 104914.296 INFO             PET2     OCN-TO-ATM: InitializeIPDv05p2a extro.
20221003 104914.296 INFO             PET2     ATM-TO-OCN: InitializeIPDv05p2b intro.
20221003 104914.300 INFO             PET2     ATM-TO-OCN: InitializeIPDv05p2b extro.
20221003 104914.300 INFO             PET2     OCN-TO-ATM: InitializeIPDv05p2b intro.
20221003 104914.304 INFO             PET2     OCN-TO-ATM: InitializeIPDv05p2b extro.
20221003 104914.304 INFO             PET2     esm: IInitModifyCplLists intro.
20221003 104914.304 INFO             PET2     esm: IInitModifyCplLists extro.
20221003 104914.304 INFO             PET2     ATM-TO-OCN: InitializeIPDv05p3 intro.
20221003 104914.309 INFO             PET2     ATM-TO-OCN: InitializeIPDv05p3 extro.
20221003 104914.309 INFO             PET2     OCN-TO-ATM: InitializeIPDv05p3 intro.
20221003 104914.313 INFO             PET2     OCN-TO-ATM: InitializeIPDv05p3 extro.
20221003 104914.313 INFO             PET2     <<<esm: leaving Initialize (phase=<none>) with current time: 2010  6  1  0  0  0   0
20221003 104914.313 INFO             PET2   esm: InitializeIPDv02p1 extro.
20221003 104914.313 INFO             PET2   esm: InitializeIPDv02p3 intro.
20221003 104914.313 INFO             PET2     >>>esm: entered Initialize (phase=<none>) with current time: 2010  6  1  0  0  0   0
20221003 104914.313 INFO             PET2     esm: IInitCheck intro.
20221003 104914.313 INFO             PET2     esm: IInitCheck extro.
20221003 104914.313 INFO             PET2     atmB: InitializeIPDvXp04 intro.
20221003 104914.319 INFO             PET2     atmB: InitializeIPDvXp04 extro.
20221003 104914.321 INFO             PET2     ocnA: InitializeIPDvXp04 intro.
20221003 104914.326 INFO             PET2     ocnA: InitializeIPDvXp04 extro.
20221003 104914.327 INFO             PET2     ATM-TO-OCN: InitializeIPDv05p4 intro.
20221003 104914.334 INFO             PET2     ATM-TO-OCN: InitializeIPDv05p4 extro.
20221003 104914.334 INFO             PET2     OCN-TO-ATM: InitializeIPDv05p4 intro.
20221003 104914.338 INFO             PET2     OCN-TO-ATM: InitializeIPDv05p4 extro.
20221003 104914.338 INFO             PET2     ATM-TO-OCN: InitializeIPDv05p5 intro.
20221003 104914.344 INFO             PET2     ATM-TO-OCN: InitializeIPDv05p5 extro.
20221003 104914.345 INFO             PET2     OCN-TO-ATM: InitializeIPDv05p5 intro.
20221003 104914.349 INFO             PET2     OCN-TO-ATM: InitializeIPDv05p5 extro.
20221003 104914.349 INFO             PET2     esm: IInitRealize intro.
20221003 104914.349 INFO             PET2     esm: IInitRealize extro.
20221003 104914.349 INFO             PET2     ATM-TO-OCN: InitializeIPDv05p6a intro.
20221003 104914.355 INFO             PET2     ATM-TO-OCN: InitializeIPDv05p6a extro.
20221003 104807.944 INFO             PET3 !!!!!!!!!!!!!!!!!!!!!!!!!!!!!!!!!!!!!!!!!!!!!!!!!!!!!!
20221003 104807.945 INFO             PET3 !!! THE ESMF_LOG IS SET TO OUTPUT ALL LOG MESSAGES !!!
20221003 104807.945 INFO             PET3 !!!     THIS MAY CAUSE SLOWDOWN IN PERFORMANCE     !!!
20221003 104807.945 INFO             PET3 !!! FOR PRODUCTION RUNS, USE:                      !!!
20221003 104807.945 INFO             PET3 !!!                   ESMF_LOGKIND_Multi_On_Error  !!!
20221003 104807.945 INFO             PET3 !!!!!!!!!!!!!!!!!!!!!!!!!!!!!!!!!!!!!!!!!!!!!!!!!!!!!!
20221003 104807.945 INFO             PET3 Running with ESMF Version   : v8.4.0b15-11-gadaf469be0
20221003 104807.945 INFO             PET3 ESMF library build date/time: "Oct  3 2022" "08:53:00"
20221003 104807.945 INFO             PET3 ESMF library build location : /glade/scratch/dunlap/esmf-testing/nvhpc_22.2_mpt_g_update_pio2.5.9/esmf
20221003 104807.945 INFO             PET3 ESMF_COMM                   : mpt
20221003 104807.945 INFO             PET3 ESMF_MOAB                   : enabled
20221003 104807.945 INFO             PET3 ESMF_LAPACK                 : enabled
20221003 104807.945 INFO             PET3 ESMF_NETCDF                 : enabled
20221003 104807.945 INFO             PET3 ESMF_PNETCDF                : disabled
20221003 104807.945 INFO             PET3 ESMF_PIO                    : enabled
20221003 104807.945 INFO             PET3 ESMF_YAMLCPP                : enabled
20221003 104807.946 INFO             PET3 esmApp STARTING
20221003 104807.952 INFO             PET3 esm: InitializeGeneric intro.
20221003 104807.952 INFO             PET3   esm: InitializeP0 intro.
20221003 104807.952 INFO             PET3   esm: InitializeP0 extro.
20221003 104807.952 INFO             PET3   esm: InitializeIPDv02p1 intro.
20221003 104807.952 INFO             PET3     >>>esm: entered Initialize (phase=<none>) without valid internal Clock.
20221003 104807.953 INFO             PET3     esm - Creating model component ATM without petList.
20221003 104807.957 INFO             PET3     esm - Creating model component OCN without petList.
20221003 104807.961 INFO             PET3     esm - Creating connector component ATM-TO-OCN without petList.
20221003 104807.968 INFO             PET3     esm - Creating connector component OCN-TO-ATM without petList.
20221003 104807.975 INFO             PET3     esm - Creating state: modelComp 1 Import State
20221003 104807.975 INFO             PET3     esm - Creating state: modelComp 1 Export State
20221003 104807.975 INFO             PET3     esm - Creating state: modelComp 2 Import State
20221003 104807.975 INFO             PET3     esm - Creating state: modelComp 2 Export State
20221003 104807.977 INFO             PET3     ATM: InitializeP0 intro.
20221003 104807.978 INFO             PET3     ATM: InitializeP0 extro.
20221003 104807.980 INFO             PET3     OCN: InitializeP0 intro.
20221003 104807.982 INFO             PET3     OCN: InitializeP0 extro.
20221003 104807.983 INFO             PET3     ATM-TO-OCN: InitializeP0 intro.
20221003 104807.983 INFO             PET3     ATM-TO-OCN: InitializeP0 extro.
20221003 104807.984 INFO             PET3     OCN-TO-ATM: InitializeP0 intro.
20221003 104807.985 INFO             PET3     OCN-TO-ATM: InitializeP0 extro.
20221003 104807.987 INFO             PET3     esm: IInitAdvertise intro.
20221003 104807.987 INFO             PET3     esm: IInitAdvertise extro.
20221003 104807.987 INFO             PET3     ATM: InitializeIPDvXp01 intro.
20221003 104807.991 INFO             PET3     ATM: InitializeIPDvXp01 extro.
20221003 104807.992 INFO             PET3     OCN: InitializeIPDvXp01 intro.
20221003 104807.996 INFO             PET3     OCN: InitializeIPDvXp01 extro.
20221003 104807.997 INFO             PET3     ATM-TO-OCN: InitializeIPDv05p1 intro.
20221003 104808.001 INFO             PET3     ATM-TO-OCN: InitializeIPDv05p1 extro.
20221003 104808.001 INFO             PET3     OCN-TO-ATM: InitializeIPDv05p1 intro.
20221003 104808.005 INFO             PET3     OCN-TO-ATM: InitializeIPDv05p1 extro.
20221003 104808.005 INFO             PET3     esm: IInitAdvertiseFinish intro.
20221003 104808.005 INFO             PET3     esm: IInitAdvertiseFinish extro.
20221003 104808.005 INFO             PET3     ATM-TO-OCN: InitializeIPDv05p2a intro.
20221003 104808.009 INFO             PET3     ATM-TO-OCN: InitializeIPDv05p2a extro.
20221003 104808.009 INFO             PET3     OCN-TO-ATM: InitializeIPDv05p2a intro.
20221003 104808.012 INFO             PET3     OCN-TO-ATM: InitializeIPDv05p2a extro.
20221003 104808.013 INFO             PET3     ATM-TO-OCN: InitializeIPDv05p2b intro.
20221003 104808.017 INFO             PET3     ATM-TO-OCN: InitializeIPDv05p2b extro.
20221003 104808.018 INFO             PET3     OCN-TO-ATM: InitializeIPDv05p2b intro.
20221003 104808.022 INFO             PET3     OCN-TO-ATM: InitializeIPDv05p2b extro.
20221003 104808.023 INFO             PET3     esm: IInitModifyCplLists intro.
20221003 104808.023 INFO             PET3     esm: IInitModifyCplLists extro.
20221003 104808.023 INFO             PET3     ATM-TO-OCN: InitializeIPDv05p3 intro.
20221003 104808.027 INFO             PET3     ATM-TO-OCN: InitializeIPDv05p3 extro.
20221003 104808.028 INFO             PET3     OCN-TO-ATM: InitializeIPDv05p3 intro.
20221003 104808.031 INFO             PET3     OCN-TO-ATM: InitializeIPDv05p3 extro.
20221003 104808.031 INFO             PET3     <<<esm: leaving Initialize (phase=<none>) with current time: 2010  6  1  0  0  0   0
20221003 104808.031 INFO             PET3   esm: InitializeIPDv02p1 extro.
20221003 104808.031 INFO             PET3   esm: InitializeIPDv02p3 intro.
20221003 104808.031 INFO             PET3     >>>esm: entered Initialize (phase=<none>) with current time: 2010  6  1  0  0  0   0
20221003 104808.032 INFO             PET3     esm: IInitCheck intro.
20221003 104808.032 INFO             PET3     esm: IInitCheck extro.
20221003 104808.032 INFO             PET3     atmA: InitializeIPDvXp04 intro.
20221003 104808.038 INFO             PET3     atmA: InitializeIPDvXp04 extro.
20221003 104808.039 INFO             PET3     ocnA: InitializeIPDvXp04 intro.
20221003 104808.045 INFO             PET3     ocnA: InitializeIPDvXp04 extro.
20221003 104808.046 INFO             PET3     ATM-TO-OCN: InitializeIPDv05p4 intro.
20221003 104808.052 INFO             PET3     ATM-TO-OCN: InitializeIPDv05p4 extro.
20221003 104808.052 INFO             PET3     OCN-TO-ATM: InitializeIPDv05p4 intro.
20221003 104808.057 INFO             PET3     OCN-TO-ATM: InitializeIPDv05p4 extro.
20221003 104808.057 INFO             PET3     ATM-TO-OCN: InitializeIPDv05p5 intro.
20221003 104808.063 INFO             PET3     ATM-TO-OCN: InitializeIPDv05p5 extro.
20221003 104808.063 INFO             PET3     OCN-TO-ATM: InitializeIPDv05p5 intro.
20221003 104808.067 INFO             PET3     OCN-TO-ATM: InitializeIPDv05p5 extro.
20221003 104808.067 INFO             PET3     esm: IInitRealize intro.
20221003 104808.068 INFO             PET3     esm: IInitRealize extro.
20221003 104808.068 INFO             PET3     ATM-TO-OCN: InitializeIPDv05p6a intro.
20221003 104808.073 INFO             PET3     ATM-TO-OCN: InitializeIPDv05p6a extro.
20221003 104914.230 INFO             PET3 !!!!!!!!!!!!!!!!!!!!!!!!!!!!!!!!!!!!!!!!!!!!!!!!!!!!!!
20221003 104914.230 INFO             PET3 !!! THE ESMF_LOG IS SET TO OUTPUT ALL LOG MESSAGES !!!
20221003 104914.230 INFO             PET3 !!!     THIS MAY CAUSE SLOWDOWN IN PERFORMANCE     !!!
20221003 104914.230 INFO             PET3 !!! FOR PRODUCTION RUNS, USE:                      !!!
20221003 104914.230 INFO             PET3 !!!                   ESMF_LOGKIND_Multi_On_Error  !!!
20221003 104914.230 INFO             PET3 !!!!!!!!!!!!!!!!!!!!!!!!!!!!!!!!!!!!!!!!!!!!!!!!!!!!!!
20221003 104914.230 INFO             PET3 Running with ESMF Version   : v8.4.0b15-11-gadaf469be0
20221003 104914.230 INFO             PET3 ESMF library build date/time: "Oct  3 2022" "08:53:00"
20221003 104914.230 INFO             PET3 ESMF library build location : /glade/scratch/dunlap/esmf-testing/nvhpc_22.2_mpt_g_update_pio2.5.9/esmf
20221003 104914.230 INFO             PET3 ESMF_COMM                   : mpt
20221003 104914.230 INFO             PET3 ESMF_MOAB                   : enabled
20221003 104914.230 INFO             PET3 ESMF_LAPACK                 : enabled
20221003 104914.230 INFO             PET3 ESMF_NETCDF                 : enabled
20221003 104914.230 INFO             PET3 ESMF_PNETCDF                : disabled
20221003 104914.230 INFO             PET3 ESMF_PIO                    : enabled
20221003 104914.230 INFO             PET3 ESMF_YAMLCPP                : enabled
20221003 104914.231 INFO             PET3 esmApp STARTING
20221003 104914.237 INFO             PET3 esm: InitializeGeneric intro.
20221003 104914.237 INFO             PET3   esm: InitializeP0 intro.
20221003 104914.237 INFO             PET3   esm: InitializeP0 extro.
20221003 104914.237 INFO             PET3   esm: InitializeIPDv02p1 intro.
20221003 104914.237 INFO             PET3     >>>esm: entered Initialize (phase=<none>) without valid internal Clock.
20221003 104914.238 INFO             PET3     esm - Creating model component ATM without petList.
20221003 104914.242 INFO             PET3     esm - Creating model component OCN without petList.
20221003 104914.245 INFO             PET3     esm - Creating connector component ATM-TO-OCN without petList.
20221003 104914.252 INFO             PET3     esm - Creating connector component OCN-TO-ATM without petList.
20221003 104914.259 INFO             PET3     esm - Creating state: modelComp 1 Import State
20221003 104914.259 INFO             PET3     esm - Creating state: modelComp 1 Export State
20221003 104914.260 INFO             PET3     esm - Creating state: modelComp 2 Import State
20221003 104914.260 INFO             PET3     esm - Creating state: modelComp 2 Export State
20221003 104914.261 INFO             PET3     ATM: InitializeP0 intro.
20221003 104914.262 INFO             PET3     ATM: InitializeP0 extro.
20221003 104914.264 INFO             PET3     OCN: InitializeP0 intro.
20221003 104914.266 INFO             PET3     OCN: InitializeP0 extro.
20221003 104914.267 INFO             PET3     ATM-TO-OCN: InitializeP0 intro.
20221003 104914.267 INFO             PET3     ATM-TO-OCN: InitializeP0 extro.
20221003 104914.268 INFO             PET3     OCN-TO-ATM: InitializeP0 intro.
20221003 104914.269 INFO             PET3     OCN-TO-ATM: InitializeP0 extro.
20221003 104914.271 INFO             PET3     esm: IInitAdvertise intro.
20221003 104914.271 INFO             PET3     esm: IInitAdvertise extro.
20221003 104914.271 INFO             PET3     ATM: InitializeIPDvXp01 intro.
20221003 104914.275 INFO             PET3     ATM: InitializeIPDvXp01 extro.
20221003 104914.276 INFO             PET3     OCN: InitializeIPDvXp01 intro.
20221003 104914.280 INFO             PET3     OCN: InitializeIPDvXp01 extro.
20221003 104914.281 INFO             PET3     ATM-TO-OCN: InitializeIPDv05p1 intro.
20221003 104914.285 INFO             PET3     ATM-TO-OCN: InitializeIPDv05p1 extro.
20221003 104914.285 INFO             PET3     OCN-TO-ATM: InitializeIPDv05p1 intro.
20221003 104914.288 INFO             PET3     OCN-TO-ATM: InitializeIPDv05p1 extro.
20221003 104914.289 INFO             PET3     esm: IInitAdvertiseFinish intro.
20221003 104914.289 INFO             PET3     esm: IInitAdvertiseFinish extro.
20221003 104914.289 INFO             PET3     ATM-TO-OCN: InitializeIPDv05p2a intro.
20221003 104914.293 INFO             PET3     ATM-TO-OCN: InitializeIPDv05p2a extro.
20221003 104914.293 INFO             PET3     OCN-TO-ATM: InitializeIPDv05p2a intro.
20221003 104914.296 INFO             PET3     OCN-TO-ATM: InitializeIPDv05p2a extro.
20221003 104914.296 INFO             PET3     ATM-TO-OCN: InitializeIPDv05p2b intro.
20221003 104914.300 INFO             PET3     ATM-TO-OCN: InitializeIPDv05p2b extro.
20221003 104914.300 INFO             PET3     OCN-TO-ATM: InitializeIPDv05p2b intro.
20221003 104914.304 INFO             PET3     OCN-TO-ATM: InitializeIPDv05p2b extro.
20221003 104914.304 INFO             PET3     esm: IInitModifyCplLists intro.
20221003 104914.304 INFO             PET3     esm: IInitModifyCplLists extro.
20221003 104914.304 INFO             PET3     ATM-TO-OCN: InitializeIPDv05p3 intro.
20221003 104914.309 INFO             PET3     ATM-TO-OCN: InitializeIPDv05p3 extro.
20221003 104914.309 INFO             PET3     OCN-TO-ATM: InitializeIPDv05p3 intro.
20221003 104914.313 INFO             PET3     OCN-TO-ATM: InitializeIPDv05p3 extro.
20221003 104914.313 INFO             PET3     <<<esm: leaving Initialize (phase=<none>) with current time: 2010  6  1  0  0  0   0
20221003 104914.313 INFO             PET3   esm: InitializeIPDv02p1 extro.
20221003 104914.313 INFO             PET3   esm: InitializeIPDv02p3 intro.
20221003 104914.313 INFO             PET3     >>>esm: entered Initialize (phase=<none>) with current time: 2010  6  1  0  0  0   0
20221003 104914.313 INFO             PET3     esm: IInitCheck intro.
20221003 104914.313 INFO             PET3     esm: IInitCheck extro.
20221003 104914.313 INFO             PET3     atmB: InitializeIPDvXp04 intro.
20221003 104914.319 INFO             PET3     atmB: InitializeIPDvXp04 extro.
20221003 104914.321 INFO             PET3     ocnA: InitializeIPDvXp04 intro.
20221003 104914.326 INFO             PET3     ocnA: InitializeIPDvXp04 extro.
20221003 104914.327 INFO             PET3     ATM-TO-OCN: InitializeIPDv05p4 intro.
20221003 104914.334 INFO             PET3     ATM-TO-OCN: InitializeIPDv05p4 extro.
20221003 104914.334 INFO             PET3     OCN-TO-ATM: InitializeIPDv05p4 intro.
20221003 104914.338 INFO             PET3     OCN-TO-ATM: InitializeIPDv05p4 extro.
20221003 104914.338 INFO             PET3     ATM-TO-OCN: InitializeIPDv05p5 intro.
20221003 104914.344 INFO             PET3     ATM-TO-OCN: InitializeIPDv05p5 extro.
20221003 104914.345 INFO             PET3     OCN-TO-ATM: InitializeIPDv05p5 intro.
20221003 104914.349 INFO             PET3     OCN-TO-ATM: InitializeIPDv05p5 extro.
20221003 104914.349 INFO             PET3     esm: IInitRealize intro.
20221003 104914.349 INFO             PET3     esm: IInitRealize extro.
20221003 104914.349 INFO             PET3     ATM-TO-OCN: InitializeIPDv05p6a intro.
20221003 104914.355 INFO             PET3     ATM-TO-OCN: InitializeIPDv05p6a extro.
