2022-10-03 08:56:10
 NUOPC_DriverPrint for PET:            0
   Model, Mediator, and Driver components, in the order
   that they were added to the Driver:
            1 :  ATM
            2 :  OCN
   Connector components, in the order
   that they were added to the Driver:
            1 :  OCN-TO-ATM
            2 :  ATM-TO-OCN
NUOPC_RunSequenceArrayPrint: element     1 out of      2
runSeq::
 runElementPrint:      2     1     1 F T
 runElementPrint:     -2     0     0 F T
 runElementPrint:      1     2     1 F T
 runElementPrint:      2    -1     3 F T
 runElementPrint:     -1    -1     0 F F
::
NUOPC_RunSequenceArrayPrint: element     2 out of      2
runSeq::
 runElementPrint:      1    -1     2 F T
 runElementPrint:      1     2     1 F T
 runElementPrint:      2    -1     2 F T
 runElementPrint:      2     1     1 F T
 runElementPrint:      1    -1     3 F T
 runElementPrint:     -2    -1     0 F F
::
 NUOPC_DriverPrint for PET:            1
   Model, Mediator, and Driver components, in the order
   that they were added to the Driver:
            1 :  ATM
            2 :  OCN
   Connector components, in the order
   that they were added to the Driver:
            1 :  OCN-TO-ATM
            2 :  ATM-TO-OCN
NUOPC_RunSequenceArrayPrint: element     1 out of      2
runSeq::
 runElementPrint:      2     1     1 F T
 runElementPrint:     -2     0     0 F T
 runElementPrint:      1     2     1 F T
 runElementPrint:      2    -1     3 F T
 runElementPrint:     -1    -1     0 F F
::
NUOPC_RunSequenceArrayPrint: element     2 out of      2
runSeq::
 runElementPrint:      1    -1     2 F T
 runElementPrint:      1     2     1 F T
 runElementPrint:      2    -1     2 F T
 runElementPrint:      2     1     1 F T
 runElementPrint:      1    -1     3 F T
 runElementPrint:     -2    -1     0 F F
::
 NUOPC_DriverPrint for PET:            2
   Model, Mediator, and Driver components, in the order
   that they were added to the Driver:
            1 :  ATM
            2 :  OCN
   Connector components, in the order
   that they were added to the Driver:
            1 :  OCN-TO-ATM
            2 :  ATM-TO-OCN
NUOPC_RunSequenceArrayPrint: element     1 out of      2
runSeq::
 runElementPrint:      2     1     1 F T
 runElementPrint:     -2     0     0 F T
 runElementPrint:      1     2     1 F T
 runElementPrint:      2    -1     3 F T
 runElementPrint:     -1    -1     0 F F
::
NUOPC_RunSequenceArrayPrint: element     2 out of      2
runSeq::
 runElementPrint:      1    -1     2 F T
 runElementPrint:      1     2     1 F T
 runElementPrint:      2    -1     2 F T
 runElementPrint:      2     1     1 F T
 runElementPrint:      1    -1     3 F T
 runElementPrint:     -2    -1     0 F F
::
 NUOPC_DriverPrint for PET:            3
   Model, Mediator, and Driver components, in the order
   that they were added to the Driver:
            1 :  ATM
            2 :  OCN
   Connector components, in the order
   that they were added to the Driver:
            1 :  OCN-TO-ATM
            2 :  ATM-TO-OCN
NUOPC_RunSequenceArrayPrint: element     1 out of      2
runSeq::
 runElementPrint:      2     1     1 F T
 runElementPrint:     -2     0     0 F T
 runElementPrint:      1     2     1 F T
 runElementPrint:      2    -1     3 F T
 runElementPrint:     -1    -1     0 F F
::
NUOPC_RunSequenceArrayPrint: element     2 out of      2
runSeq::
 runElementPrint:      1    -1     2 F T
 runElementPrint:      1     2     1 F T
 runElementPrint:      2    -1     2 F T
 runElementPrint:      2     1     1 F T
 runElementPrint:      1    -1     3 F T
 runElementPrint:     -2    -1     0 F F
::
MPT ERROR: Rank 3(g:3) received signal SIGSEGV(11).
	Process ID: 27780, Host: r14i3n30, Program: /glade/scratch/dunlap/esmf-testing/nvhpc_22.2_mpt_g_update_pio2.5.9/nuopc-app-prototypes/AtmOcnImplicitProto/esmApp
	MPT Version: HPE MPT 2.25  08/14/21 03:05:20

MPT: --------stack traceback-------
MPT: Attaching to program: /proc/27780/exe, process 27780
MPT: (No debugging symbols found in /usr/lib64/gcc/x86_64-suse-linux/4.8/../../../../lib64/libcurl.so.4)
MPT: [Thread debugging using libthread_db enabled]
MPT: Using host libthread_db library "/glade/u/apps/ch/os/lib64/libthread_db.so.1".
MPT: (No debugging symbols found in /glade/u/apps/opt/nvhpc/22.2/Linux_x86_64/22.2/compilers/lib/libnvhpcatm.so)
MPT: (No debugging symbols found in /usr/lib64/gcc/x86_64-suse-linux/4.8/../../../../lib64/libstdc++.so.6)
MPT: (No debugging symbols found in /glade/u/apps/opt/nvhpc/22.2/Linux_x86_64/22.2/compilers/lib/libnvf.so)
MPT: (No debugging symbols found in /glade/u/apps/opt/nvhpc/22.2/Linux_x86_64/22.2/compilers/lib/libnvcpumath.so)
MPT: (No debugging symbols found in /glade/u/apps/opt/nvhpc/22.2/Linux_x86_64/22.2/compilers/lib/libnvc.so)
MPT: Missing separate debuginfo for /glade/u/apps/ch/os/lib64/libgcc_s.so.1
MPT: Try: zypper install -C "debuginfo(build-id)=c7e890ab90e29cffd785bf25e7d90f2f0af3a102"
MPT: (No debugging symbols found in /glade/u/apps/ch/os/lib64/libgcc_s.so.1)
MPT: (No debugging symbols found in /usr/lib64/gcc/x86_64-suse-linux/4.8/../../../../lib64/libatomic.so.1)
MPT: (No debugging symbols found in /usr/lib64/gcc/x86_64-suse-linux/4.8/../../../../lib64/libnghttp2.so.14)
MPT: (No debugging symbols found in /usr/lib64/gcc/x86_64-suse-linux/4.8/../../../../lib64/libssh.so.4)
MPT: Missing separate debuginfo for /glade/u/apps/ch/os/lib64/libssl.so.1.0.0
MPT: Try: zypper install -C "debuginfo(build-id)=7607ed9b6a82bfaecf5318ac9d65cae5a22865ef"
MPT: (No debugging symbols found in /glade/u/apps/ch/os/lib64/libssl.so.1.0.0)
MPT: Missing separate debuginfo for /glade/u/apps/ch/os/lib64/libcrypto.so.1.0.0
MPT: Try: zypper install -C "debuginfo(build-id)=63a385acb8b045f7cfa7b53e2d9bfb745edc1693"
MPT: (No debugging symbols found in /glade/u/apps/ch/os/lib64/libcrypto.so.1.0.0)
MPT: (No debugging symbols found in /usr/lib64/gcc/x86_64-suse-linux/4.8/../../../../lib64/libgssapi_krb5.so.2)
MPT: (No debugging symbols found in /usr/lib64/gcc/x86_64-suse-linux/4.8/../../../../lib64/libldap-2.4.so.2)
MPT: (No debugging symbols found in /usr/lib64/gcc/x86_64-suse-linux/4.8/../../../../lib64/liblber-2.4.so.2)
MPT: (No debugging symbols found in /usr/lib64/gcc/x86_64-suse-linux/4.8/../../../../lib64/libkrb5.so.3)
MPT: (No debugging symbols found in /usr/lib64/gcc/x86_64-suse-linux/4.8/../../../../lib64/libk5crypto.so.3)
MPT: (No debugging symbols found in /usr/lib64/gcc/x86_64-suse-linux/4.8/../../../../lib64/libcom_err.so.2)
MPT: (No debugging symbols found in /usr/lib64/gcc/x86_64-suse-linux/4.8/../../../../lib64/libkrb5support.so.0)
MPT: (No debugging symbols found in /usr/lib64/gcc/x86_64-suse-linux/4.8/../../../../lib64/libsasl2.so.3)
MPT: Missing separate debuginfo for /glade/u/apps/ch/os/lib64/libkeyutils.so.1
MPT: Try: zypper install -C "debuginfo(build-id)=8982882fa17c60fed02166f229335a9d0eaf77c9"
MPT: (No debugging symbols found in /glade/u/apps/ch/os/lib64/libkeyutils.so.1)
MPT: Missing separate debuginfo for /glade/u/apps/ch/os/lib64/libselinux.so.1
MPT: Try: zypper install -C "debuginfo(build-id)=0627d20b9e481e6a9c6fcacaf8e3f5c2318529cf"
MPT: (No debugging symbols found in /glade/u/apps/ch/os/lib64/libselinux.so.1)
MPT: (No debugging symbols found in /usr/lib64/gcc/x86_64-suse-linux/4.8/../../../../lib64/libpcre.so.1)
MPT: (No debugging symbols found in /usr/lib64/gcc/x86_64-suse-linux/4.8/../../../../lib64/libibverbs.so.1)
MPT: (No debugging symbols found in /usr/lib64/gcc/x86_64-suse-linux/4.8/../../../../lib64/libnl-route-3.so.200)
MPT: (No debugging symbols found in /usr/lib64/gcc/x86_64-suse-linux/4.8/../../../../lib64/libnl-3.so.200)
MPT: (No debugging symbols found in /usr/lib64/gcc/x86_64-suse-linux/4.8/../../../../lib64/libmlx5.so.1)
MPT: 0x00002ab4fa3a67da in __waitpid (pid=pid@entry=27781, 
MPT:     stat_loc=stat_loc@entry=0x7ffdf19d6660, options=options@entry=0)
MPT:     at ../sysdeps/unix/sysv/linux/waitpid.c:29
MPT: 29	../sysdeps/unix/sysv/linux/waitpid.c: No such file or directory.
MPT: Missing separate debuginfos, use: zypper install krb5-debuginfo-1.12.5-40.37.7.x86_64 libatomic1-debuginfo-9.3.1+git1296-1.7.2.x86_64 libcom_err2-debuginfo-1.43.8-3.14.1.x86_64 libcurl4-debuginfo-7.60.0-4.15.2.x86_64 libibverbs-debuginfo-41mlnx1-OFED.4.7.0.0.2.47329.x86_64 libldap-2_4-2-debuginfo-2.4.41-18.71.2.x86_64 libmlx5-debuginfo-41mlnx1-OFED.4.7.0.3.3.47329.x86_64 libnghttp2-14-debuginfo-1.7.1-1.84.x86_64 libnl3-200-debuginfo-3.2.23-2.21.x86_64 libpcre1-debuginfo-8.39-8.3.1.x86_64 libsasl2-3-debuginfo-2.1.26-8.10.1.x86_64 libssh4-debuginfo-0.6.3-12.12.1.x86_64 libstdc++6-debuginfo-9.3.1+git1296-1.7.2.x86_64
MPT: (gdb) #0  0x00002ab4fa3a67da in __waitpid (pid=pid@entry=27781, 
MPT:     stat_loc=stat_loc@entry=0x7ffdf19d6660, options=options@entry=0)
MPT:     at ../sysdeps/unix/sysv/linux/waitpid.c:29
MPT: #1  0x00002ab4fa6ebc66 in mpi_sgi_system (
MPT: #2  MPI_SGI_stacktraceback (
MPT:     header=header@entry=0x7ffdf19d6c90 "MPT ERROR: Rank 3(g:3) received signal SIGSEGV(11).\n\tProcess ID: 27780, Host: r14i3n30, Program: /glade/scratch/dunlap/esmf-testing/nvhpc_22.2_mpt_g_update_pio2.5.9/nuopc-app-prototypes/AtmOcnImplicit"...) at sig.c:340
MPT: #3  0x00002ab4fa6ebe66 in first_arriver_handler (signo=signo@entry=11, 
MPT:     stack_trace_sem=stack_trace_sem@entry=0x2ab5015a0080) at sig.c:489
MPT: #4  0x00002ab4fa6ec0f3 in slave_sig_handler (signo=11, 
MPT:     siginfo=<optimized out>, extra=<optimized out>) at sig.c:565
MPT: #5  <signal handler called>
MPT: #6  0x00002ab4f649d474 in ESMCI::LogErr::MsgFoundError (rcToCheck=0, 
MPT:     msg=0x2ab4f821be74 <.S68907> "Internal subroutine call returned Error", 
MPT:     LINE=1755, FILE=0x2ab4f821be64 <.S68909> "ESMCI_MeshCap.C", 
MPT:     method=0x2ab4f821bcee <.S69267> "MeshCap::meshcreatenodedistgrid()", 
MPT:     rcToReturn=0x4f1b591)
MPT:     at /glade/scratch/dunlap/esmf-testing/nvhpc_22.2_mpt_g_update_pio2.5.9/esmf/src/Infrastructure/LogErr/src/ESMCI_LogErr.C:586
MPT: #7  0x00002ab4f66b9abf in ESMCI::MeshCap::meshcreatenodedistgrid (
MPT:     rc=0x4f1b591)
MPT:     at /glade/scratch/dunlap/esmf-testing/nvhpc_22.2_mpt_g_update_pio2.5.9/esmf/src/Infrastructure/Mesh/src/ESMCI_MeshCap.C:1754
MPT: #8  0x00002ab4f670be01 in c_esmc_meshcreatenodedistgrid_ (
MPT:     meshpp=0x7ffdf19d7aa0, rc=0x7ffdf19d790c)
MPT:     at /glade/scratch/dunlap/esmf-testing/nvhpc_22.2_mpt_g_update_pio2.5.9/esmf/src/Infrastructure/Mesh/interface/ESMCI_Mesh_F.C:247
MPT: #9  0x00002ab4f73d942d in esmf_meshmod::esmf_meshcreatefrompointer (
MPT:     mesh_pointer=..., 
MPT:     rc=<error reading variable: Cannot access memory at address 0x0>)
MPT:     at /glade/scratch/dunlap/esmf-testing/nvhpc_22.2_mpt_g_update_pio2.5.9/esmf/src/Infrastructure/Mesh/interface/ESMF_Mesh.F90:3091
MPT: #10 0x00002ab4f7234e6d in esmf_gridutilmod::esmf_gridtomesh (grid=..., 
MPT:     staggerloc=..., issphere=0, islatlondeg=.FALSE., maskvalues=..., 
MPT:     regridconserve=..., rc=-241333748)
MPT:     at /glade/scratch/dunlap/esmf-testing/nvhpc_22.2_mpt_g_update_pio2.5.9/esmf/src/Infrastructure/GridUtil/interface/ESMF_GridUtil.F90:453
MPT: #11 0x00002ab4f70f4728 in esmf_fieldregridmod::b_or_p_gridtomesh (grid=..., 
MPT:     staggerloc=..., maskvalues=..., turnedonmeshnodemask=.FALSE., rc=18)
MPT:     at /glade/scratch/dunlap/esmf-testing/nvhpc_22.2_mpt_g_update_pio2.5.9/esmf/src/Infrastructure/Field/src/ESMF_FieldRegrid.F90:3228
MPT: #12 0x00002ab4f70efbde in esmf_fieldregridmod::getmeshwithnodesonfieldloc (
MPT:     field=..., maskvalues=..., createdtmpmesh=.FALSE., mesh=..., 
MPT:     turnedonmeshnodemask=.FALSE., rc=0)
MPT:     at /glade/scratch/dunlap/esmf-testing/nvhpc_22.2_mpt_g_update_pio2.5.9/esmf/src/Infrastructure/Field/src/ESMF_FieldRegrid.F90:1346
MPT: #13 0x00002ab4f70ed701 in esmf_fieldregridmod::esmf_fieldregridstorenx (
MPT:     srcfield=..., dstfield=..., keywordenforcer=..., srcmaskvalues=..., 
MPT:     dstmaskvalues=..., regridmethod=..., polemethod=..., 
MPT:     regridpolenpnts=-241313100, linetype=..., normtype=..., extrapmethod=..., 
MPT:     extrapnumsrcpnts=-241307548, extrapdistexponent=-1.56415175e+30, 
MPT:     extrapnumlevels=-241307556, unmappedaction=..., 
MPT:     ignoredegenerate=4053656628, srctermprocessing=-241316232, 
MPT:     pipelinedepth=-241316268, routehandle=..., factorlist=0x7ffdf19e1d90, 
MPT:     factorindexlist=0x7ffdf19e1d08, weights=0x0, indices=0x0, 
MPT:     srcfracfield=..., dstfracfield=..., dststatusfield=..., 
MPT:     unmappeddstlist=0x0, checkflag=.FALSE., rc=-241297388)
MPT:     at /glade/scratch/dunlap/esmf-testing/nvhpc_22.2_mpt_g_update_pio2.5.9/esmf/src/Infrastructure/Field/src/ESMF_FieldRegrid.F90:971
MPT: #14 0x00002ab4f784cbc6 in nuopc_connector::fieldbundlecplstore (srcfb=..., 
MPT:     dstfb=..., cpllist=..., rh=..., zeroregions=0x29313d0, 
MPT:     termorders=0x2834b90, name=..., rc=-241238620)
MPT:     at /glade/scratch/dunlap/esmf-testing/nvhpc_22.2_mpt_g_update_pio2.5.9/esmf/src/addon/NUOPC/src/NUOPC_Connector.F90:7919
MPT: #15 0x00002ab4f7827575 in nuopc_connector::initializeipdv05p6b (
MPT:     connector=..., importstate=..., exportstate=..., clock=..., rc=0)
MPT:     at /glade/scratch/dunlap/esmf-testing/nvhpc_22.2_mpt_g_update_pio2.5.9/esmf/src/addon/NUOPC/src/NUOPC_Connector.F90:5386
MPT: #16 0x00002ab4f62deefc in ESMCI::FTable::callVFuncPtr (
MPT:     name=0x291c2c0 "InitializeIC07P", vm_pointer=0x28ac080, 
MPT:     userrc=0x7ffdf19efda4)
MPT:     at /glade/scratch/dunlap/esmf-testing/nvhpc_22.2_mpt_g_update_pio2.5.9/esmf/src/Superstructure/Component/src/ESMCI_FTable.C:2167
MPT: #17 0x00002ab4f62da513 in ESMCI_FTableCallEntryPointVMHop (vm=0x28ac080, 
MPT:     cargoCast=0x291c2c0)
MPT:     at /glade/scratch/dunlap/esmf-testing/nvhpc_22.2_mpt_g_update_pio2.5.9/esmf/src/Superstructure/Component/src/ESMCI_FTable.C:824
MPT: #18 0x00002ab4f6b2fa7b in ESMCI::VMK::enter (vmp=0x2835d90, arg=0x28b0260, 
MPT:     argvmkt=0x291c2c0)
MPT:     at /glade/scratch/dunlap/esmf-testing/nvhpc_22.2_mpt_g_update_pio2.5.9/esmf/src/Infrastructure/VM/src/ESMCI_VMKernel.C:2318
MPT: #19 0x00002ab4f6b58abe in ESMCI::VM (vmp=0x2835d90, info=0x28b0260, 
MPT:     cargo=0x291c2c0)
MPT:     at /glade/scratch/dunlap/esmf-testing/nvhpc_22.2_mpt_g_update_pio2.5.9/esmf/src/Infrastructure/VM/src/ESMCI_VM.C:1216
MPT: #20 0x00002ab4f62da9d3 in c_esmc_ftablecallentrypointvm_ (f90comp=0x28ae740, 
MPT:     ptr_vm_parent=0x28ae868, ptr_vmplan=0x28ae910, vm_info=0x28ae920, 
MPT:     vm_cargo=0x28ae928, ptr=0x28adcb0, 
MPT:     method=0x2ab4f920d068 <_esmf_compmod_8_+40>, phase=0x7ffdf19f00dc, 
MPT:     port=0x7ffdf19f00d8, timeout=0x7ffdf19f00d4, recursionCount=0x28ae930, 
MPT:     rc=0x7ffdf19f00fc)
MPT:     at /glade/scratch/dunlap/esmf-testing/nvhpc_22.2_mpt_g_update_pio2.5.9/esmf/src/Superstructure/Component/src/ESMCI_FTable.C:981
MPT: #21 0x00002ab4f6e79330 in esmf_compmod::esmf_compexecute (compp=0x28adcb0, 
MPT:     method=..., importstate=..., exportstate=..., clock=..., 
MPT:     syncflag=<error reading variable: Cannot access memory at address 0x0>, 
MPT:     phase=-241225636, port=0, timeout=-241236988, userrc=-241228836, 
MPT:     rc=-241236892)
MPT:     at /glade/scratch/dunlap/esmf-testing/nvhpc_22.2_mpt_g_update_pio2.5.9/esmf/src/Superstructure/Component/src/ESMF_Comp.F90:1223
MPT: #22 0x00002ab4f6e9251e in esmf_cplcompmod::esmf_cplcompinitialize (
MPT:     cplcomp=..., keywordenforcer=..., importstate=..., exportstate=..., 
MPT:     clock=..., 
MPT:     syncflag=<error reading variable: Cannot access memory at address 0x0>, 
MPT:     phase=-241225636, timeout=0, timeoutflag=.FALSE., userrc=-241228836, 
MPT:     rc=-241165340)
MPT:     at /glade/scratch/dunlap/esmf-testing/nvhpc_22.2_mpt_g_update_pio2.5.9/esmf/src/Superstructure/Component/src/ESMF_CplComp.F90:1165
MPT: #23 0x00002ab4f787e1a3 in nuopc_driver::loopconnectorcompss (driver=..., 
MPT:     phasestring=..., 
MPT:     execflag=<error reading variable: Cannot access memory at address 0x0>, 
MPT:     rc=18)
MPT:     at /glade/scratch/dunlap/esmf-testing/nvhpc_22.2_mpt_g_update_pio2.5.9/esmf/src/addon/NUOPC/src/NUOPC_Driver.F90:2869
MPT: #24 0x00002ab4f7871982 in nuopc_driver::initializeipdv02p3 (driver=..., 
MPT:     importstate=..., exportstate=..., clock=..., rc=18)
MPT:     at /glade/scratch/dunlap/esmf-testing/nvhpc_22.2_mpt_g_update_pio2.5.9/esmf/src/addon/NUOPC/src/NUOPC_Driver.F90:2020
MPT: #25 0x00002ab4f7856620 in nuopc_driver::initializegeneric (driver=..., 
MPT:     importstate=..., exportstate=..., clock=..., rc=18)
MPT:     at /glade/scratch/dunlap/esmf-testing/nvhpc_22.2_mpt_g_update_pio2.5.9/esmf/src/addon/NUOPC/src/NUOPC_Driver.F90:479
MPT: #26 0x00002ab4f62deefc in ESMCI::FTable::callVFuncPtr (
MPT:     name=0x26fef00 "InitializeIC01P", vm_pointer=0x26fe8b0, 
MPT:     userrc=0x7ffdf1a01be4)
MPT:     at /glade/scratch/dunlap/esmf-testing/nvhpc_22.2_mpt_g_update_pio2.5.9/esmf/src/Superstructure/Component/src/ESMCI_FTable.C:2167
MPT: #27 0x00002ab4f62da513 in ESMCI_FTableCallEntryPointVMHop (vm=0x26fe8b0, 
MPT:     cargoCast=0x26fef00)
MPT:     at /glade/scratch/dunlap/esmf-testing/nvhpc_22.2_mpt_g_update_pio2.5.9/esmf/src/Superstructure/Component/src/ESMCI_FTable.C:824
MPT: #28 0x00002ab4f6b2fa7b in ESMCI::VMK::enter (vmp=0x26ffaa0, arg=0x26fead0, 
MPT:     argvmkt=0x26fef00)
MPT:     at /glade/scratch/dunlap/esmf-testing/nvhpc_22.2_mpt_g_update_pio2.5.9/esmf/src/Infrastructure/VM/src/ESMCI_VMKernel.C:2318
MPT: #29 0x00002ab4f6b58abe in ESMCI::VM (vmp=0x26ffaa0, info=0x26fead0, 
MPT:     cargo=0x26fef00)
MPT:     at /glade/scratch/dunlap/esmf-testing/nvhpc_22.2_mpt_g_update_pio2.5.9/esmf/src/Infrastructure/VM/src/ESMCI_VM.C:1216
MPT: #30 0x00002ab4f62da9d3 in c_esmc_ftablecallentrypointvm_ (f90comp=0x2765a20, 
MPT:     ptr_vm_parent=0x2765b48, ptr_vmplan=0x2765bf0, vm_info=0x2765c00, 
MPT:     vm_cargo=0x2765c08, ptr=0x2764f90, 
MPT:     method=0x2ab4f920d068 <_esmf_compmod_8_+40>, phase=0x7ffdf1a01f1c, 
MPT:     port=0x7ffdf1a01f18, timeout=0x7ffdf1a01f14, recursionCount=0x2765c10, 
MPT:     rc=0x7ffdf1a01f3c)
MPT:     at /glade/scratch/dunlap/esmf-testing/nvhpc_22.2_mpt_g_update_pio2.5.9/esmf/src/Superstructure/Component/src/ESMCI_FTable.C:981
MPT: #31 0x00002ab4f6e79330 in esmf_compmod::esmf_compexecute (compp=0x2764f90, 
MPT:     method=..., 
MPT:     importstate=<error reading variable: Cannot access memory at address 0x0>, exportstate=<error reading variable: Cannot access memory at address 0x0>, 
MPT:     clock=<error reading variable: Cannot access memory at address 0x0>, 
MPT:     syncflag=<error reading variable: Cannot access memory at address 0x0>, 
MPT:     phase=0, port=0, timeout=-241163708, userrc=-241163188, rc=-241163612)
MPT:     at /glade/scratch/dunlap/esmf-testing/nvhpc_22.2_mpt_g_update_pio2.5.9/esmf/src/Superstructure/Component/src/ESMF_Comp.F90:1223
MPT: #32 0x00002ab4f715385e in esmf_gridcompmod::esmf_gridcompinitialize (
MPT:     gridcomp=..., keywordenforcer=..., 
MPT:     importstate=<error reading variable: Cannot access memory at address 0x0>, exportstate=<error reading variable: Cannot access memory at address 0x0>, 
MPT:     clock=<error reading variable: Cannot access memory at address 0x0>, 
MPT:     syncflag=<error reading variable: Cannot access memory at address 0x0>, 
MPT:     phase=0, timeout=0, timeoutflag=.FALSE., userrc=-241163188, rc=-241162900)
MPT:     at /glade/scratch/dunlap/esmf-testing/nvhpc_22.2_mpt_g_update_pio2.5.9/esmf/src/Superstructure/Component/src/ESMF_GridComp.F90:1412
MPT: #33 0x00000000004075e6 in esmapp () at esmApp.F90:58
MPT: #34 0x00000000004070b3 in main ()
MPT: #35 0x00002ab4fcd08a35 in __libc_start_main (main=0x407080 <main>, argc=1, 
MPT:     argv=0x7ffdf1a02678, init=<optimized out>, fini=<optimized out>, 
MPT:     rtld_fini=<optimized out>, stack_end=0x7ffdf1a02668) at libc-start.c:289
MPT: #36 0x0000000000406fa9 in _start () at ../sysdeps/x86_64/start.S:118
MPT: (gdb) A debugging session is active.
MPT: 
MPT: 	Inferior 1 [process 27780] will be detached.
MPT: 
MPT: Quit anyway? (y or n) [answered Y; input not from terminal]
MPT: Detaching from program: /proc/27780/exe, process 27780
MPT: [Inferior 1 (process 27780) detached]

MPT: -----stack traceback ends-----
MPT: On host r14i3n30, Program /glade/scratch/dunlap/esmf-testing/nvhpc_22.2_mpt_g_update_pio2.5.9/nuopc-app-prototypes/AtmOcnImplicitProto/esmApp, Rank 3, Process 27780: Dumping core on signal SIGSEGV(11) into directory /glade/scratch/dunlap/esmf-testing/nvhpc_22.2_mpt_g_update_pio2.5.9/nuopc-app-prototypes/AtmOcnImplicitProto
MPT ERROR: MPI_COMM_WORLD rank 3 has terminated without calling MPI_Finalize()
	aborting job
MPT: Received signal 11
