2022-10-03 08:56:10
20221003 110425.686 INFO             PET0 !!!!!!!!!!!!!!!!!!!!!!!!!!!!!!!!!!!!!!!!!!!!!!!!!!!!!!
20221003 110425.686 INFO             PET0 !!! THE ESMF_LOG IS SET TO OUTPUT ALL LOG MESSAGES !!!
20221003 110425.686 INFO             PET0 !!!     THIS MAY CAUSE SLOWDOWN IN PERFORMANCE     !!!
20221003 110425.686 INFO             PET0 !!! FOR PRODUCTION RUNS, USE:                      !!!
20221003 110425.686 INFO             PET0 !!!                   ESMF_LOGKIND_Multi_On_Error  !!!
20221003 110425.686 INFO             PET0 !!!!!!!!!!!!!!!!!!!!!!!!!!!!!!!!!!!!!!!!!!!!!!!!!!!!!!
20221003 110425.686 INFO             PET0 Running with ESMF Version   : v8.4.0b15-11-gadaf469be0
20221003 110425.686 INFO             PET0 ESMF library build date/time: "Oct  3 2022" "08:53:00"
20221003 110425.686 INFO             PET0 ESMF library build location : /glade/scratch/dunlap/esmf-testing/nvhpc_22.2_mpt_g_update_pio2.5.9/esmf
20221003 110425.686 INFO             PET0 ESMF_COMM                   : mpt
20221003 110425.686 INFO             PET0 ESMF_MOAB                   : enabled
20221003 110425.686 INFO             PET0 ESMF_LAPACK                 : enabled
20221003 110425.686 INFO             PET0 ESMF_NETCDF                 : enabled
20221003 110425.686 INFO             PET0 ESMF_PNETCDF                : disabled
20221003 110425.686 INFO             PET0 ESMF_PIO                    : enabled
20221003 110425.686 INFO             PET0 ESMF_YAMLCPP                : enabled
20221003 110425.686 INFO             PET0 mainApp STARTING
20221003 110425.693 INFO             PET0 advection diffusion driver: InitializeGeneric intro.
20221003 110425.693 INFO             PET0   advection diffusion driver: InitializeP0 intro.
20221003 110425.693 INFO             PET0   advection diffusion driver: InitializeP0 extro.
20221003 110425.693 INFO             PET0   advection diffusion driver: InitializeIPDv02p1 intro.
20221003 110425.693 INFO             PET0     >>>advection diffusion driver: entered Initialize (phase=<none>) without valid internal Clock.
20221003 110425.693 INFO             PET0     advection diffusion driver - Creating model component advectDiff_Parent without petList.
20221003 110425.697 INFO             PET0     advection diffusion driver - Creating model component advectDiff_Nestling0 with petList of size 2 :
20221003 110425.697 INFO             PET0           0      1
20221003 110425.700 INFO             PET0     advection diffusion driver - Creating connector component advectDiff_Parent-TO-advectDiff_Nestling0 without petList.
20221003 110425.708 INFO             PET0     advection diffusion driver - Creating state: modelComp 1 Import State
20221003 110425.708 INFO             PET0     advection diffusion driver - Creating state: modelComp 1 Export State
20221003 110425.708 INFO             PET0     advection diffusion driver - Creating state: modelComp 2 Import State
20221003 110425.708 INFO             PET0     advection diffusion driver - Creating state: modelComp 2 Export State
20221003 110425.709 INFO             PET0     advectDiff_Parent: InitializeP0 intro.
20221003 110425.711 INFO             PET0     advectDiff_Parent: InitializeP0 extro.
20221003 110425.712 INFO             PET0     advectDiff_Nestling0: InitializeP0 intro.
20221003 110425.714 INFO             PET0     advectDiff_Nestling0: InitializeP0 extro.
20221003 110425.715 INFO             PET0     advectDiff_Parent-TO-advectDiff_Nestling0: InitializeP0 intro.
20221003 110425.716 INFO             PET0     advectDiff_Parent-TO-advectDiff_Nestling0: InitializeP0 extro.
20221003 110425.718 INFO             PET0     advection diffusion driver: IInitAdvertise intro.
20221003 110425.718 INFO             PET0     advection diffusion driver: IInitAdvertise extro.
20221003 110425.718 INFO             PET0     advectDiff_Parent: InitializeIPDvXp01 intro.
20221003 110425.719 INFO             PET0     advectDiff_Parent: InitializeIPDvXp01 extro.
20221003 110425.720 INFO             PET0     advectDiff_Nestling0: InitializeIPDvXp01 intro.
20221003 110425.723 INFO             PET0     advectDiff_Nestling0: InitializeIPDvXp01 extro.
20221003 110425.724 INFO             PET0     advectDiff_Parent-TO-advectDiff_Nestling0: InitializeIPDv05p1 intro.
20221003 110425.728 INFO             PET0     advectDiff_Parent-TO-advectDiff_Nestling0: InitializeIPDv05p1 extro.
20221003 110425.729 INFO             PET0     advection diffusion driver: IInitAdvertiseFinish intro.
20221003 110425.729 INFO             PET0     advection diffusion driver: IInitAdvertiseFinish extro.
20221003 110425.731 INFO             PET0     advectDiff_Parent-TO-advectDiff_Nestling0: InitializeIPDv05p2a intro.
20221003 110425.735 INFO             PET0     advectDiff_Parent-TO-advectDiff_Nestling0: InitializeIPDv05p2a extro.
20221003 110425.735 INFO             PET0     advectDiff_Parent-TO-advectDiff_Nestling0: InitializeIPDv05p2b intro.
20221003 110425.739 INFO             PET0     advectDiff_Parent-TO-advectDiff_Nestling0: InitializeIPDv05p2b extro.
20221003 110425.739 INFO             PET0     advection diffusion driver: IInitModifyCplLists intro.
20221003 110425.739 INFO             PET0     advection diffusion driver: IInitModifyCplLists extro.
20221003 110425.740 INFO             PET0     advectDiff_Parent-TO-advectDiff_Nestling0: InitializeIPDv05p3 intro.
20221003 110425.745 INFO             PET0     advectDiff_Parent-TO-advectDiff_Nestling0: InitializeIPDv05p3 extro.
20221003 110425.746 INFO             PET0     <<<advection diffusion driver: leaving Initialize (phase=<none>) with current time:    0  1  1  0  0  0   0
20221003 110425.746 INFO             PET0   advection diffusion driver: InitializeIPDv02p1 extro.
20221003 110425.746 INFO             PET0   advection diffusion driver: InitializeIPDv02p3 intro.
20221003 110425.746 INFO             PET0     >>>advection diffusion driver: entered Initialize (phase=<none>) with current time:    0  1  1  0  0  0   0
20221003 110425.746 INFO             PET0     advection diffusion driver: IInitCheck intro.
20221003 110425.746 INFO             PET0     advection diffusion driver: IInitCheck extro.
20221003 110425.746 INFO             PET0     advectDiff_Parent: InitializeIPDvXp04 intro.
20221003 110425.753 INFO             PET0     advectDiff_Parent: InitializeIPDvXp04 extro.
20221003 110425.754 INFO             PET0     advectDiff_Nestling0: InitializeIPDvXp04 intro.
20221003 110425.763 INFO             PET0     advectDiff_Nestling0: InitializeIPDvXp04 extro.
20221003 110425.764 INFO             PET0     advectDiff_Parent-TO-advectDiff_Nestling0: InitializeIPDv05p4 intro.
20221003 110425.770 INFO             PET0     advectDiff_Parent-TO-advectDiff_Nestling0: InitializeIPDv05p4 extro.
20221003 110425.686 INFO             PET1 !!!!!!!!!!!!!!!!!!!!!!!!!!!!!!!!!!!!!!!!!!!!!!!!!!!!!!
20221003 110425.686 INFO             PET1 !!! THE ESMF_LOG IS SET TO OUTPUT ALL LOG MESSAGES !!!
20221003 110425.686 INFO             PET1 !!!     THIS MAY CAUSE SLOWDOWN IN PERFORMANCE     !!!
20221003 110425.686 INFO             PET1 !!! FOR PRODUCTION RUNS, USE:                      !!!
20221003 110425.686 INFO             PET1 !!!                   ESMF_LOGKIND_Multi_On_Error  !!!
20221003 110425.686 INFO             PET1 !!!!!!!!!!!!!!!!!!!!!!!!!!!!!!!!!!!!!!!!!!!!!!!!!!!!!!
20221003 110425.686 INFO             PET1 Running with ESMF Version   : v8.4.0b15-11-gadaf469be0
20221003 110425.686 INFO             PET1 ESMF library build date/time: "Oct  3 2022" "08:53:00"
20221003 110425.686 INFO             PET1 ESMF library build location : /glade/scratch/dunlap/esmf-testing/nvhpc_22.2_mpt_g_update_pio2.5.9/esmf
20221003 110425.686 INFO             PET1 ESMF_COMM                   : mpt
20221003 110425.686 INFO             PET1 ESMF_MOAB                   : enabled
20221003 110425.686 INFO             PET1 ESMF_LAPACK                 : enabled
20221003 110425.686 INFO             PET1 ESMF_NETCDF                 : enabled
20221003 110425.686 INFO             PET1 ESMF_PNETCDF                : disabled
20221003 110425.686 INFO             PET1 ESMF_PIO                    : enabled
20221003 110425.686 INFO             PET1 ESMF_YAMLCPP                : enabled
20221003 110425.686 INFO             PET1 mainApp STARTING
20221003 110425.693 INFO             PET1 advection diffusion driver: InitializeGeneric intro.
20221003 110425.693 INFO             PET1   advection diffusion driver: InitializeP0 intro.
20221003 110425.693 INFO             PET1   advection diffusion driver: InitializeP0 extro.
20221003 110425.693 INFO             PET1   advection diffusion driver: InitializeIPDv02p1 intro.
20221003 110425.693 INFO             PET1     >>>advection diffusion driver: entered Initialize (phase=<none>) without valid internal Clock.
20221003 110425.693 INFO             PET1     advection diffusion driver - Creating model component advectDiff_Parent without petList.
20221003 110425.697 INFO             PET1     advection diffusion driver - Creating model component advectDiff_Nestling0 with petList of size 2 :
20221003 110425.697 INFO             PET1           0      1
20221003 110425.700 INFO             PET1     advection diffusion driver - Creating connector component advectDiff_Parent-TO-advectDiff_Nestling0 without petList.
20221003 110425.708 INFO             PET1     advection diffusion driver - Creating state: modelComp 1 Import State
20221003 110425.708 INFO             PET1     advection diffusion driver - Creating state: modelComp 1 Export State
20221003 110425.708 INFO             PET1     advection diffusion driver - Creating state: modelComp 2 Import State
20221003 110425.708 INFO             PET1     advection diffusion driver - Creating state: modelComp 2 Export State
20221003 110425.709 INFO             PET1     advectDiff_Parent: InitializeP0 intro.
20221003 110425.711 INFO             PET1     advectDiff_Parent: InitializeP0 extro.
20221003 110425.713 INFO             PET1     advectDiff_Nestling0: InitializeP0 intro.
20221003 110425.714 INFO             PET1     advectDiff_Nestling0: InitializeP0 extro.
20221003 110425.715 INFO             PET1     advectDiff_Parent-TO-advectDiff_Nestling0: InitializeP0 intro.
20221003 110425.716 INFO             PET1     advectDiff_Parent-TO-advectDiff_Nestling0: InitializeP0 extro.
20221003 110425.718 INFO             PET1     advection diffusion driver: IInitAdvertise intro.
20221003 110425.718 INFO             PET1     advection diffusion driver: IInitAdvertise extro.
20221003 110425.718 INFO             PET1     advectDiff_Parent: InitializeIPDvXp01 intro.
20221003 110425.719 INFO             PET1     advectDiff_Parent: InitializeIPDvXp01 extro.
20221003 110425.721 INFO             PET1     advectDiff_Nestling0: InitializeIPDvXp01 intro.
20221003 110425.723 INFO             PET1     advectDiff_Nestling0: InitializeIPDvXp01 extro.
20221003 110425.724 INFO             PET1     advectDiff_Parent-TO-advectDiff_Nestling0: InitializeIPDv05p1 intro.
20221003 110425.728 INFO             PET1     advectDiff_Parent-TO-advectDiff_Nestling0: InitializeIPDv05p1 extro.
20221003 110425.729 INFO             PET1     advection diffusion driver: IInitAdvertiseFinish intro.
20221003 110425.729 INFO             PET1     advection diffusion driver: IInitAdvertiseFinish extro.
20221003 110425.731 INFO             PET1     advectDiff_Parent-TO-advectDiff_Nestling0: InitializeIPDv05p2a intro.
20221003 110425.735 INFO             PET1     advectDiff_Parent-TO-advectDiff_Nestling0: InitializeIPDv05p2a extro.
20221003 110425.735 INFO             PET1     advectDiff_Parent-TO-advectDiff_Nestling0: InitializeIPDv05p2b intro.
20221003 110425.739 INFO             PET1     advectDiff_Parent-TO-advectDiff_Nestling0: InitializeIPDv05p2b extro.
20221003 110425.739 INFO             PET1     advection diffusion driver: IInitModifyCplLists intro.
20221003 110425.739 INFO             PET1     advection diffusion driver: IInitModifyCplLists extro.
20221003 110425.740 INFO             PET1     advectDiff_Parent-TO-advectDiff_Nestling0: InitializeIPDv05p3 intro.
20221003 110425.745 INFO             PET1     advectDiff_Parent-TO-advectDiff_Nestling0: InitializeIPDv05p3 extro.
20221003 110425.746 INFO             PET1     <<<advection diffusion driver: leaving Initialize (phase=<none>) with current time:    0  1  1  0  0  0   0
20221003 110425.746 INFO             PET1   advection diffusion driver: InitializeIPDv02p1 extro.
20221003 110425.746 INFO             PET1   advection diffusion driver: InitializeIPDv02p3 intro.
20221003 110425.746 INFO             PET1     >>>advection diffusion driver: entered Initialize (phase=<none>) with current time:    0  1  1  0  0  0   0
20221003 110425.746 INFO             PET1     advection diffusion driver: IInitCheck intro.
20221003 110425.746 INFO             PET1     advection diffusion driver: IInitCheck extro.
20221003 110425.746 INFO             PET1     advectDiff_Parent: InitializeIPDvXp04 intro.
20221003 110425.753 INFO             PET1     advectDiff_Parent: InitializeIPDvXp04 extro.
20221003 110425.755 INFO             PET1     advectDiff_Nestling0: InitializeIPDvXp04 intro.
20221003 110425.763 INFO             PET1     advectDiff_Nestling0: InitializeIPDvXp04 extro.
20221003 110425.765 INFO             PET1     advectDiff_Parent-TO-advectDiff_Nestling0: InitializeIPDv05p4 intro.
20221003 110425.770 INFO             PET1     advectDiff_Parent-TO-advectDiff_Nestling0: InitializeIPDv05p4 extro.
20221003 110425.686 INFO             PET2 !!!!!!!!!!!!!!!!!!!!!!!!!!!!!!!!!!!!!!!!!!!!!!!!!!!!!!
20221003 110425.686 INFO             PET2 !!! THE ESMF_LOG IS SET TO OUTPUT ALL LOG MESSAGES !!!
20221003 110425.686 INFO             PET2 !!!     THIS MAY CAUSE SLOWDOWN IN PERFORMANCE     !!!
20221003 110425.686 INFO             PET2 !!! FOR PRODUCTION RUNS, USE:                      !!!
20221003 110425.686 INFO             PET2 !!!                   ESMF_LOGKIND_Multi_On_Error  !!!
20221003 110425.686 INFO             PET2 !!!!!!!!!!!!!!!!!!!!!!!!!!!!!!!!!!!!!!!!!!!!!!!!!!!!!!
20221003 110425.686 INFO             PET2 Running with ESMF Version   : v8.4.0b15-11-gadaf469be0
20221003 110425.686 INFO             PET2 ESMF library build date/time: "Oct  3 2022" "08:53:00"
20221003 110425.686 INFO             PET2 ESMF library build location : /glade/scratch/dunlap/esmf-testing/nvhpc_22.2_mpt_g_update_pio2.5.9/esmf
20221003 110425.686 INFO             PET2 ESMF_COMM                   : mpt
20221003 110425.686 INFO             PET2 ESMF_MOAB                   : enabled
20221003 110425.686 INFO             PET2 ESMF_LAPACK                 : enabled
20221003 110425.686 INFO             PET2 ESMF_NETCDF                 : enabled
20221003 110425.686 INFO             PET2 ESMF_PNETCDF                : disabled
20221003 110425.686 INFO             PET2 ESMF_PIO                    : enabled
20221003 110425.686 INFO             PET2 ESMF_YAMLCPP                : enabled
20221003 110425.686 INFO             PET2 mainApp STARTING
20221003 110425.693 INFO             PET2 advection diffusion driver: InitializeGeneric intro.
20221003 110425.693 INFO             PET2   advection diffusion driver: InitializeP0 intro.
20221003 110425.693 INFO             PET2   advection diffusion driver: InitializeP0 extro.
20221003 110425.693 INFO             PET2   advection diffusion driver: InitializeIPDv02p1 intro.
20221003 110425.693 INFO             PET2     >>>advection diffusion driver: entered Initialize (phase=<none>) without valid internal Clock.
20221003 110425.693 INFO             PET2     advection diffusion driver - Creating model component advectDiff_Parent without petList.
20221003 110425.697 INFO             PET2     advection diffusion driver - Creating model component advectDiff_Nestling0 with petList of size 2 :
20221003 110425.697 INFO             PET2           0      1
20221003 110425.697 INFO             PET2     advection diffusion driver - Creating connector component advectDiff_Parent-TO-advectDiff_Nestling0 without petList.
20221003 110425.708 INFO             PET2     advection diffusion driver - Creating state: modelComp 1 Import State
20221003 110425.708 INFO             PET2     advection diffusion driver - Creating state: modelComp 1 Export State
20221003 110425.708 INFO             PET2     advection diffusion driver - Creating state: modelComp 2 Import State
20221003 110425.708 INFO             PET2     advection diffusion driver - Creating state: modelComp 2 Export State
20221003 110425.709 INFO             PET2     advectDiff_Parent: InitializeP0 intro.
20221003 110425.711 INFO             PET2     advectDiff_Parent: InitializeP0 extro.
20221003 110425.715 INFO             PET2     advectDiff_Parent-TO-advectDiff_Nestling0: InitializeP0 intro.
20221003 110425.716 INFO             PET2     advectDiff_Parent-TO-advectDiff_Nestling0: InitializeP0 extro.
20221003 110425.718 INFO             PET2     advection diffusion driver: IInitAdvertise intro.
20221003 110425.718 INFO             PET2     advection diffusion driver: IInitAdvertise extro.
20221003 110425.718 INFO             PET2     advectDiff_Parent: InitializeIPDvXp01 intro.
20221003 110425.719 INFO             PET2     advectDiff_Parent: InitializeIPDvXp01 extro.
20221003 110425.724 INFO             PET2     advectDiff_Parent-TO-advectDiff_Nestling0: InitializeIPDv05p1 intro.
20221003 110425.728 INFO             PET2     advectDiff_Parent-TO-advectDiff_Nestling0: InitializeIPDv05p1 extro.
20221003 110425.729 INFO             PET2     advection diffusion driver: IInitAdvertiseFinish intro.
20221003 110425.729 INFO             PET2     advection diffusion driver: IInitAdvertiseFinish extro.
20221003 110425.729 INFO             PET2     advectDiff_Parent-TO-advectDiff_Nestling0: InitializeIPDv05p2a intro.
20221003 110425.735 INFO             PET2     advectDiff_Parent-TO-advectDiff_Nestling0: InitializeIPDv05p2a extro.
20221003 110425.735 INFO             PET2     advectDiff_Parent-TO-advectDiff_Nestling0: InitializeIPDv05p2b intro.
20221003 110425.739 INFO             PET2     advectDiff_Parent-TO-advectDiff_Nestling0: InitializeIPDv05p2b extro.
20221003 110425.741 INFO             PET2     advection diffusion driver: IInitModifyCplLists intro.
20221003 110425.741 INFO             PET2     advection diffusion driver: IInitModifyCplLists extro.
20221003 110425.741 INFO             PET2     advectDiff_Parent-TO-advectDiff_Nestling0: InitializeIPDv05p3 intro.
20221003 110425.745 INFO             PET2     advectDiff_Parent-TO-advectDiff_Nestling0: InitializeIPDv05p3 extro.
20221003 110425.746 INFO             PET2     <<<advection diffusion driver: leaving Initialize (phase=<none>) with current time:    0  1  1  0  0  0   0
20221003 110425.746 INFO             PET2   advection diffusion driver: InitializeIPDv02p1 extro.
20221003 110425.746 INFO             PET2   advection diffusion driver: InitializeIPDv02p3 intro.
20221003 110425.746 INFO             PET2     >>>advection diffusion driver: entered Initialize (phase=<none>) with current time:    0  1  1  0  0  0   0
20221003 110425.746 INFO             PET2     advection diffusion driver: IInitCheck intro.
20221003 110425.746 INFO             PET2     advection diffusion driver: IInitCheck extro.
20221003 110425.746 INFO             PET2     advectDiff_Parent: InitializeIPDvXp04 intro.
20221003 110425.753 INFO             PET2     advectDiff_Parent: InitializeIPDvXp04 extro.
20221003 110425.765 INFO             PET2     advectDiff_Parent-TO-advectDiff_Nestling0: InitializeIPDv05p4 intro.
20221003 110425.770 INFO             PET2     advectDiff_Parent-TO-advectDiff_Nestling0: InitializeIPDv05p4 extro.
20221003 110425.771 INFO             PET2     advectDiff_Parent-TO-advectDiff_Nestling0: InitializeIPDv05p5 intro.
20221003 110425.777 INFO             PET2     advectDiff_Parent-TO-advectDiff_Nestling0: InitializeIPDv05p5 extro.
20221003 110425.777 INFO             PET2     advection diffusion driver: IInitRealize intro.
20221003 110425.777 INFO             PET2     advection diffusion driver: IInitRealize extro.
20221003 110425.777 INFO             PET2     advectDiff_Parent-TO-advectDiff_Nestling0: InitializeIPDv05p6a intro.
20221003 110425.782 INFO             PET2     advectDiff_Parent-TO-advectDiff_Nestling0: InitializeIPDv05p6a extro.
20221003 110425.685 INFO             PET3 !!!!!!!!!!!!!!!!!!!!!!!!!!!!!!!!!!!!!!!!!!!!!!!!!!!!!!
20221003 110425.685 INFO             PET3 !!! THE ESMF_LOG IS SET TO OUTPUT ALL LOG MESSAGES !!!
20221003 110425.685 INFO             PET3 !!!     THIS MAY CAUSE SLOWDOWN IN PERFORMANCE     !!!
20221003 110425.685 INFO             PET3 !!! FOR PRODUCTION RUNS, USE:                      !!!
20221003 110425.685 INFO             PET3 !!!                   ESMF_LOGKIND_Multi_On_Error  !!!
20221003 110425.685 INFO             PET3 !!!!!!!!!!!!!!!!!!!!!!!!!!!!!!!!!!!!!!!!!!!!!!!!!!!!!!
20221003 110425.685 INFO             PET3 Running with ESMF Version   : v8.4.0b15-11-gadaf469be0
20221003 110425.685 INFO             PET3 ESMF library build date/time: "Oct  3 2022" "08:53:00"
20221003 110425.685 INFO             PET3 ESMF library build location : /glade/scratch/dunlap/esmf-testing/nvhpc_22.2_mpt_g_update_pio2.5.9/esmf
20221003 110425.685 INFO             PET3 ESMF_COMM                   : mpt
20221003 110425.685 INFO             PET3 ESMF_MOAB                   : enabled
20221003 110425.685 INFO             PET3 ESMF_LAPACK                 : enabled
20221003 110425.685 INFO             PET3 ESMF_NETCDF                 : enabled
20221003 110425.685 INFO             PET3 ESMF_PNETCDF                : disabled
20221003 110425.685 INFO             PET3 ESMF_PIO                    : enabled
20221003 110425.685 INFO             PET3 ESMF_YAMLCPP                : enabled
20221003 110425.686 INFO             PET3 mainApp STARTING
20221003 110425.693 INFO             PET3 advection diffusion driver: InitializeGeneric intro.
20221003 110425.693 INFO             PET3   advection diffusion driver: InitializeP0 intro.
20221003 110425.693 INFO             PET3   advection diffusion driver: InitializeP0 extro.
20221003 110425.693 INFO             PET3   advection diffusion driver: InitializeIPDv02p1 intro.
20221003 110425.693 INFO             PET3     >>>advection diffusion driver: entered Initialize (phase=<none>) without valid internal Clock.
20221003 110425.693 INFO             PET3     advection diffusion driver - Creating model component advectDiff_Parent without petList.
20221003 110425.697 INFO             PET3     advection diffusion driver - Creating model component advectDiff_Nestling0 with petList of size 2 :
20221003 110425.697 INFO             PET3           0      1
20221003 110425.697 INFO             PET3     advection diffusion driver - Creating connector component advectDiff_Parent-TO-advectDiff_Nestling0 without petList.
20221003 110425.708 INFO             PET3     advection diffusion driver - Creating state: modelComp 1 Import State
20221003 110425.708 INFO             PET3     advection diffusion driver - Creating state: modelComp 1 Export State
20221003 110425.708 INFO             PET3     advection diffusion driver - Creating state: modelComp 2 Import State
20221003 110425.708 INFO             PET3     advection diffusion driver - Creating state: modelComp 2 Export State
20221003 110425.709 INFO             PET3     advectDiff_Parent: InitializeP0 intro.
20221003 110425.711 INFO             PET3     advectDiff_Parent: InitializeP0 extro.
20221003 110425.715 INFO             PET3     advectDiff_Parent-TO-advectDiff_Nestling0: InitializeP0 intro.
20221003 110425.716 INFO             PET3     advectDiff_Parent-TO-advectDiff_Nestling0: InitializeP0 extro.
20221003 110425.718 INFO             PET3     advection diffusion driver: IInitAdvertise intro.
20221003 110425.718 INFO             PET3     advection diffusion driver: IInitAdvertise extro.
20221003 110425.718 INFO             PET3     advectDiff_Parent: InitializeIPDvXp01 intro.
20221003 110425.719 INFO             PET3     advectDiff_Parent: InitializeIPDvXp01 extro.
20221003 110425.724 INFO             PET3     advectDiff_Parent-TO-advectDiff_Nestling0: InitializeIPDv05p1 intro.
20221003 110425.728 INFO             PET3     advectDiff_Parent-TO-advectDiff_Nestling0: InitializeIPDv05p1 extro.
20221003 110425.729 INFO             PET3     advection diffusion driver: IInitAdvertiseFinish intro.
20221003 110425.729 INFO             PET3     advection diffusion driver: IInitAdvertiseFinish extro.
20221003 110425.729 INFO             PET3     advectDiff_Parent-TO-advectDiff_Nestling0: InitializeIPDv05p2a intro.
20221003 110425.735 INFO             PET3     advectDiff_Parent-TO-advectDiff_Nestling0: InitializeIPDv05p2a extro.
20221003 110425.735 INFO             PET3     advectDiff_Parent-TO-advectDiff_Nestling0: InitializeIPDv05p2b intro.
20221003 110425.739 INFO             PET3     advectDiff_Parent-TO-advectDiff_Nestling0: InitializeIPDv05p2b extro.
20221003 110425.741 INFO             PET3     advection diffusion driver: IInitModifyCplLists intro.
20221003 110425.741 INFO             PET3     advection diffusion driver: IInitModifyCplLists extro.
20221003 110425.741 INFO             PET3     advectDiff_Parent-TO-advectDiff_Nestling0: InitializeIPDv05p3 intro.
20221003 110425.745 INFO             PET3     advectDiff_Parent-TO-advectDiff_Nestling0: InitializeIPDv05p3 extro.
20221003 110425.746 INFO             PET3     <<<advection diffusion driver: leaving Initialize (phase=<none>) with current time:    0  1  1  0  0  0   0
20221003 110425.746 INFO             PET3   advection diffusion driver: InitializeIPDv02p1 extro.
20221003 110425.746 INFO             PET3   advection diffusion driver: InitializeIPDv02p3 intro.
20221003 110425.746 INFO             PET3     >>>advection diffusion driver: entered Initialize (phase=<none>) with current time:    0  1  1  0  0  0   0
20221003 110425.746 INFO             PET3     advection diffusion driver: IInitCheck intro.
20221003 110425.746 INFO             PET3     advection diffusion driver: IInitCheck extro.
20221003 110425.746 INFO             PET3     advectDiff_Parent: InitializeIPDvXp04 intro.
20221003 110425.753 INFO             PET3     advectDiff_Parent: InitializeIPDvXp04 extro.
20221003 110425.765 INFO             PET3     advectDiff_Parent-TO-advectDiff_Nestling0: InitializeIPDv05p4 intro.
20221003 110425.770 INFO             PET3     advectDiff_Parent-TO-advectDiff_Nestling0: InitializeIPDv05p4 extro.
20221003 110425.771 INFO             PET3     advectDiff_Parent-TO-advectDiff_Nestling0: InitializeIPDv05p5 intro.
20221003 110425.777 INFO             PET3     advectDiff_Parent-TO-advectDiff_Nestling0: InitializeIPDv05p5 extro.
20221003 110425.777 INFO             PET3     advection diffusion driver: IInitRealize intro.
20221003 110425.777 INFO             PET3     advection diffusion driver: IInitRealize extro.
20221003 110425.777 INFO             PET3     advectDiff_Parent-TO-advectDiff_Nestling0: InitializeIPDv05p6a intro.
20221003 110425.782 INFO             PET3     advectDiff_Parent-TO-advectDiff_Nestling0: InitializeIPDv05p6a extro.
