2022-10-03 18:10:27
20221003 184238.421 INFO             PET0 !!!!!!!!!!!!!!!!!!!!!!!!!!!!!!!!!!!!!!!!!!!!!!!!!!!!!!
20221003 184238.422 INFO             PET0 !!! THE ESMF_LOG IS SET TO OUTPUT ALL LOG MESSAGES !!!
20221003 184238.422 INFO             PET0 !!!     THIS MAY CAUSE SLOWDOWN IN PERFORMANCE     !!!
20221003 184238.422 INFO             PET0 !!! FOR PRODUCTION RUNS, USE:                      !!!
20221003 184238.422 INFO             PET0 !!!                   ESMF_LOGKIND_Multi_On_Error  !!!
20221003 184238.422 INFO             PET0 !!!!!!!!!!!!!!!!!!!!!!!!!!!!!!!!!!!!!!!!!!!!!!!!!!!!!!
20221003 184238.422 INFO             PET0 Running with ESMF Version   : v8.4.0b16-5-ga365d37ecd
20221003 184238.422 INFO             PET0 ESMF library build date/time: "Oct  3 2022" "18:08:29"
20221003 184238.422 INFO             PET0 ESMF library build location : /glade/scratch/theurich/ESMF-Nightly-Testing/gfortran_10.1.0_mpt_O_update_pio2.5.9/esmf
20221003 184238.422 INFO             PET0 ESMF_COMM                   : mpt
20221003 184238.422 INFO             PET0 ESMF_MOAB                   : enabled
20221003 184238.422 INFO             PET0 ESMF_LAPACK                 : enabled
20221003 184238.422 INFO             PET0 ESMF_NETCDF                 : enabled
20221003 184238.422 INFO             PET0 ESMF_PNETCDF                : disabled
20221003 184238.422 INFO             PET0 ESMF_PIO                    : enabled
20221003 184238.422 INFO             PET0 ESMF_YAMLCPP                : enabled
20221003 184238.422 INFO             PET0 mainApp STARTING
20221003 184238.423 INFO             PET0 driver: InitializeGeneric intro.
20221003 184238.423 INFO             PET0   driver: InitializeP0 intro.
20221003 184238.423 INFO             PET0   driver: InitializeP0 extro.
20221003 184238.423 INFO             PET0   driver: InitializeIPDv02p1 intro.
20221003 184238.423 INFO             PET0     >>>driver: entered Initialize (phase=<none>) without valid internal Clock.
20221003 184238.423 INFO             PET0     driver - Creating model component MODEL without petList.
20221003 184238.424 INFO             PET0      GridCompIsPetLocal:  T
20221003 184238.424 INFO             PET0      VmIsCreated:  T
20221003 184238.424 INFO             PET0      valid MPI_COMM with size=           4
20221003 184238.425 INFO             PET0     driver - Creating state: modelComp 1 Import State
20221003 184238.425 INFO             PET0     driver - Creating state: modelComp 1 Export State
20221003 184238.425 INFO             PET0     MODEL: InitializeP0 intro.
20221003 184238.425 INFO             PET0       >>>MODEL: entered Initialize (phase=<none>) without valid internal Clock.
20221003 184238.425 INFO             PET0       <<<MODEL: leaving Initialize (phase=<none>) without valid internal Clock.
20221003 184238.425 INFO             PET0     MODEL: InitializeP0 extro.
20221003 184238.426 INFO             PET0     driver: IInitAdvertise intro.
20221003 184238.426 INFO             PET0     driver: IInitAdvertise extro.
20221003 184238.426 INFO             PET0     MODEL: InitializeIPDvXp01 intro.
20221003 184238.426 INFO             PET0       >>>MODEL: entered Initialize (phase=IPDvXp01) without valid internal Clock.
20221003 184238.427 INFO             PET0       <<<MODEL: leaving Initialize (phase=IPDvXp01) without valid internal Clock.
20221003 184238.427 INFO             PET0     MODEL: InitializeIPDvXp01 extro.
20221003 184238.427 INFO             PET0     driver: IInitAdvertiseFinish intro.
20221003 184238.427 INFO             PET0     driver: IInitAdvertiseFinish extro.
20221003 184238.427 INFO             PET0     driver: IInitModifyCplLists intro.
20221003 184238.427 INFO             PET0     driver: IInitModifyCplLists extro.
20221003 184238.427 INFO             PET0     <<<driver: leaving Initialize (phase=<none>) with current time:    0  1  1  0  0  0   0
20221003 184238.427 INFO             PET0   driver: InitializeIPDv02p1 extro.
20221003 184238.427 INFO             PET0   driver: InitializeIPDv02p3 intro.
20221003 184238.427 INFO             PET0     >>>driver: entered Initialize (phase=<none>) with current time:    0  1  1  0  0  0   0
20221003 184238.430 INFO             PET0     driver: IInitCheck intro.
20221003 184238.430 INFO             PET0     driver: IInitCheck extro.
20221003 184238.430 INFO             PET0     MODEL: InitializeIPDvXp04 intro.
20221003 184238.430 INFO             PET0       >>>MODEL: entered Initialize (phase=IPDvXp04) without valid internal Clock.
20221003 184238.432 INFO             PET0       After Realize: - MemInfo: [/proc/meminfo - SSI]	MemTotal:       65507008 kB
20221003 184238.432 INFO             PET0       After Realize: - MemInfo: [/proc/meminfo - SSI]	MemFree:        48745140 kB
20221003 184238.432 INFO             PET0       After Realize: - MemInfo: [/proc/meminfo - SSI]	MemAvailable:   48524712 kB
20221003 184238.432 INFO             PET0       After Realize: - MemInfo: [/proc/meminfo - SSI]	Committed_AS:   14256772 kB
20221003 184238.432 INFO             PET0       After Realize: - MemInfo: [/proc/meminfo - SSI]	CommittedPercent: 21.7637 %
20221003 184238.432 INFO             PET0       After Realize: - MemInfo: [/proc/self/status]	VmPeak:	  118876 kB
20221003 184238.432 INFO             PET0       After Realize: - MemInfo: [/proc/self/status]	VmSize:	  118876 kB
20221003 184238.432 INFO             PET0       After Realize: - MemInfo: [/proc/self/status]	VmLck:	       0 kB
20221003 184238.432 INFO             PET0       After Realize: - MemInfo: [/proc/self/status]	VmPin:	       0 kB
20221003 184238.432 INFO             PET0       After Realize: - MemInfo: [/proc/self/status]	VmHWM:	   13228 kB
20221003 184238.432 INFO             PET0       After Realize: - MemInfo: [/proc/self/status]	VmRSS:	   13228 kB
20221003 184238.432 INFO             PET0       After Realize: - MemInfo: [/proc/self/status]	VmData:	   22692 kB
20221003 184238.432 INFO             PET0       After Realize: - MemInfo: [/proc/self/status]	VmStk:	     144 kB
20221003 184238.432 INFO             PET0       After Realize: - MemInfo: [/proc/self/status]	VmExe:	     168 kB
20221003 184238.432 INFO             PET0       After Realize: - MemInfo: [/proc/self/status]	VmLib:	   40052 kB
20221003 184238.432 INFO             PET0       After Realize: - MemInfo: [/proc/self/status]	VmPTE:	     208 kB
20221003 184238.432 INFO             PET0       After Realize: - MemInfo: [/proc/self/status]	VmPMD:	      12 kB
20221003 184238.432 INFO             PET0       After Realize: - MemInfo: [/proc/self/status]	VmSwap:	       0 kB
20221003 184238.432 INFO             PET0       After Realize: - MemInfo: [/proc/self/status]	VmRSSPercent: 0.0201933 %
20221003 184238.432 INFO             PET0       After Realize: - MemInfo: [malloc] Non-mmapped space allocated:                19820544 Byte
20221003 184238.432 INFO             PET0       After Realize: - MemInfo: [malloc] Space allocated in mmapped regions:                0 Byte
20221003 184238.432 INFO             PET0       After Realize: - MemInfo: [malloc] Maximum total allocated space:                     0 Byte
20221003 184238.432 INFO             PET0       After Realize: - MemInfo: [malloc] Space in freed fastbin blocks:                  2224 Byte
20221003 184238.432 INFO             PET0       After Realize: - MemInfo: [malloc] Total allocated space:                      19701648 Byte
20221003 184238.432 INFO             PET0       After Realize: - MemInfo: [malloc] Total free space:                             118896 Byte
20221003 184238.432 INFO             PET0       After Realize: - MemInfo: [malloc] Top-most, releasable space:                   115936 Byte
20221003 184238.432 INFO             PET0       After Realize: - MemInfo: [malloc] Total space in use, mmap + non-mmap:        19701648 Byte
20221003 184238.432 INFO             PET0       After Realize: - MemInfo: [malloc] Total space held (mmap + non-mmap):         19820544 Byte
20221003 184238.432 INFO             PET0       After Realize: - MemInfo: [malloc] Total space used (mmap + non-mmap):         19710832 Byte
20221003 184238.432 INFO             PET0       After Realize: - MemInfo: Wall-clock time since execution start:              0.0128952 seconds
20221003 184238.432 INFO             PET0       <<<MODEL: leaving Initialize (phase=IPDvXp04) without valid internal Clock.
20221003 184238.432 INFO             PET0     MODEL: InitializeIPDvXp04 extro.
20221003 184238.432 INFO             PET0     driver: IInitRealize intro.
20221003 184238.432 INFO             PET0     driver: IInitRealize extro.
20221003 184238.432 INFO             PET0     MODEL: InitializeIPDvXp07 intro.
20221003 184238.432 INFO             PET0       >>>MODEL: entered Initialize (phase=IPDvXp07) without valid internal Clock.
20221003 184238.432 INFO             PET0       <<<MODEL: leaving Initialize (phase=IPDvXp07) with current time:    0  1  1  0  0  0   0
20221003 184238.432 INFO             PET0     MODEL: InitializeIPDvXp07 extro.
20221003 184238.433 INFO             PET0     <<<driver: leaving Initialize (phase=<none>) with current time:    0  1  1  0  0  0   0
20221003 184238.433 INFO             PET0   driver: InitializeIPDv02p3 extro.
20221003 184238.433 INFO             PET0   driver: InitializeIPDv02p5 intro.
20221003 184238.433 INFO             PET0     >>>driver: entered Initialize (phase=<none>) with current time:    0  1  1  0  0  0   0
20221003 184238.433 INFO             PET0     driver: this is a top level driver, no 'Updated' and 'InitializeDataComplete' info on this level.
20221003 184238.433 INFO             PET0     driver: InitializeIPDv02p5Data intro.
20221003 184238.433 INFO             PET0       driver: InternalInitializeComplete intro.
20221003 184238.433 INFO             PET0         driver: InitializeDataComplete='true'
20221003 184238.433 INFO             PET0       driver: InternalInitializeComplete extro.
20221003 184238.433 INFO             PET0       MODEL: InitializeIPDvXp08 intro.
20221003 184238.433 INFO             PET0         >>>MODEL: entered Initialize (phase=IPDv05p8) with current time:    0  1  1  0  0  0   0
20221003 184238.433 INFO             PET0         MODEL: InitializeDataProgress='false', InitializeDataComplete='false'
20221003 184238.433 INFO             PET0         <<<MODEL: leaving Initialize (phase=IPDv05p8) with current time:    0  1  1  0  0  0   0
20221003 184238.433 INFO             PET0       MODEL: InitializeIPDvXp08 extro.
20221003 184238.434 INFO             PET0       driver: components present that trigger loopDataDependentInitialize().
20221003 184238.434 INFO             PET0       driver: loopDataDependentInitialize intro.
20221003 184238.434 INFO             PET0         driver: component    0=driver, dataComplete (local): true
20221003 184238.434 INFO             PET0         driver: component    0=driver, dataComplete (global): T
20221003 184238.434 INFO             PET0         driver: component    1=MODEL, dataComplete (local): false
20221003 184238.434 INFO             PET0         driver: component    1=MODEL, dataComplete (global): F
20221003 184238.434 INFO             PET0         MODEL: InitializeIPDvXp08 intro.
20221003 184238.434 INFO             PET0           >>>MODEL: entered Initialize (phase=IPDv05p8) with current time:    0  1  1  0  0  0   0
20221003 184238.434 INFO             PET0           MODEL: InitializeDataProgress='true', InitializeDataComplete='true'
20221003 184238.434 INFO             PET0           <<<MODEL: leaving Initialize (phase=IPDv05p8) with current time:    0  1  1  0  0  0   0
20221003 184238.434 INFO             PET0         MODEL: InitializeIPDvXp08 extro.
20221003 184238.434 INFO             PET0         driver: component    1=MODEL, someProgress (local): true
20221003 184238.434 INFO             PET0         driver: component    1=MODEL, someProgress (global): T
20221003 184238.434 INFO             PET0         driver: someProgress=T, allComplete=F, present(dataDepAllComplete)=T
20221003 184238.434 INFO             PET0         driver: component    0=driver, dataComplete (local): true
20221003 184238.434 INFO             PET0         driver: component    0=driver, dataComplete (global): T
20221003 184238.434 INFO             PET0         driver: component    1=MODEL, dataComplete (local): true
20221003 184238.434 INFO             PET0         driver: component    1=MODEL, dataComplete (global): T
20221003 184238.434 INFO             PET0         driver: someProgress=F, allComplete=T, present(dataDepAllComplete)=T
20221003 184238.434 INFO             PET0         driver: finished resolving initialize data dependencies on this level.
20221003 184238.434 INFO             PET0       driver: loopDataDependentInitialize extro.
20221003 184238.434 INFO             PET0       driver: loopDataDependentInitialize() returned with dataDepAllComplete: T
20221003 184238.434 INFO             PET0     driver: InitializeIPDv02p5Data extro.
20221003 184238.434 INFO             PET0     <<<driver: leaving Initialize (phase=<none>) with current time:    0  1  1  0  0  0   0
20221003 184238.434 INFO             PET0   driver: InitializeIPDv02p5 extro.
20221003 184238.434 INFO             PET0 driver: InitializeGeneric extro.
20221003 184238.434 INFO             PET0 driver: Run intro.
20221003 184238.434 INFO             PET0   >>>driver entered Run (phase=RunPhase1) with current time:    0  1  1  0  0  0   0
20221003 184238.434 INFO             PET0   driver: after lable_SetRunClock, current time:    0  1  1  0  0  0   0
20221003 184238.434 INFO             PET0   driver: begin -------> RunSequence.
20221003 184238.434 INFO             PET0     driver: RunSequence event loopLevel=   1  levelMember=   1  loopIteration=   1, current time:    0  1  1  0  0  0   0
20221003 184238.434 INFO             PET0     MODEL: Run intro.
20221003 184238.434 INFO             PET0       >>>MODEL: entered Run (phase=RunPhase1) with current time:    0  1  1  0  0  0   0
20221003 184238.434 INFO             PET0       MODEL: time step-loop starting, current time:    0  1  1  0  0  0   0
20221003 184238.438 INFO             PET0       thread_num=   0   currentSsiPe=   0   num_threads=   3   max_threads=   3   num_procs=   1
20221003 184238.439 INFO             PET0       thread_num=   2   currentSsiPe=   0   num_threads=   3   max_threads=   3   num_procs=   1
20221003 184238.441 INFO             PET0       thread_num=   1   currentSsiPe=   0   num_threads=   3   max_threads=   3   num_procs=   1
20221003 184238.443 INFO             PET0       ---->Advancing Model from:    0  1  1  0  0  0   0
20221003 184238.443 INFO             PET0       ---------------------> to:    0  1  1  0  0 30   0
20221003 184238.443 INFO             PET0       MODEL: time step-loop ending,   current time:    0  1  1  0  0 30   0
20221003 184238.443 INFO             PET0       <<<MODEL: leaving Run (phase=RunPhase1) with current time:    0  1  1  0  0 30   0
20221003 184238.443 INFO             PET0     MODEL: Run extro.
20221003 184238.443 INFO             PET0     driver: RunSequence event loopLevel=   1  levelMember=   1  loopIteration=   2, current time:    0  1  1  0  0 30   0
20221003 184238.443 INFO             PET0     MODEL: Run intro.
20221003 184238.443 INFO             PET0       >>>MODEL: entered Run (phase=RunPhase1) with current time:    0  1  1  0  0 30   0
20221003 184238.443 INFO             PET0       MODEL: time step-loop starting, current time:    0  1  1  0  0 30   0
20221003 184238.444 INFO             PET0       thread_num=   2   currentSsiPe=   0   num_threads=   3   max_threads=   3   num_procs=   1
20221003 184238.446 INFO             PET0       thread_num=   0   currentSsiPe=   0   num_threads=   3   max_threads=   3   num_procs=   1
20221003 184238.448 INFO             PET0       thread_num=   1   currentSsiPe=   0   num_threads=   3   max_threads=   3   num_procs=   1
20221003 184238.449 INFO             PET0       ---->Advancing Model from:    0  1  1  0  0 30   0
20221003 184238.449 INFO             PET0       ---------------------> to:    0  1  1  0  1  0   0
20221003 184238.449 INFO             PET0       MODEL: time step-loop ending,   current time:    0  1  1  0  1  0   0
20221003 184238.449 INFO             PET0       <<<MODEL: leaving Run (phase=RunPhase1) with current time:    0  1  1  0  1  0   0
20221003 184238.449 INFO             PET0     MODEL: Run extro.
20221003 184238.449 INFO             PET0     driver: RunSequence event loopLevel=   1  levelMember=   1  loopIteration=   3, current time:    0  1  1  0  1  0   0
20221003 184238.449 INFO             PET0     MODEL: Run intro.
20221003 184238.449 INFO             PET0       >>>MODEL: entered Run (phase=RunPhase1) with current time:    0  1  1  0  1  0   0
20221003 184238.449 INFO             PET0       MODEL: time step-loop starting, current time:    0  1  1  0  1  0   0
20221003 184238.451 INFO             PET0       thread_num=   2   currentSsiPe=   0   num_threads=   3   max_threads=   3   num_procs=   1
20221003 184238.453 INFO             PET0       thread_num=   0   currentSsiPe=   0   num_threads=   3   max_threads=   3   num_procs=   1
20221003 184238.454 INFO             PET0       thread_num=   1   currentSsiPe=   0   num_threads=   3   max_threads=   3   num_procs=   1
20221003 184238.456 INFO             PET0       ---->Advancing Model from:    0  1  1  0  1  0   0
20221003 184238.456 INFO             PET0       ---------------------> to:    0  1  1  0  1 30   0
20221003 184238.456 INFO             PET0       MODEL: time step-loop ending,   current time:    0  1  1  0  1 30   0
20221003 184238.456 INFO             PET0       <<<MODEL: leaving Run (phase=RunPhase1) with current time:    0  1  1  0  1 30   0
20221003 184238.456 INFO             PET0     MODEL: Run extro.
20221003 184238.456 INFO             PET0     driver: RunSequence event loopLevel=   1  levelMember=   1  loopIteration=   4, current time:    0  1  1  0  1 30   0
20221003 184238.456 INFO             PET0     MODEL: Run intro.
20221003 184238.456 INFO             PET0       >>>MODEL: entered Run (phase=RunPhase1) with current time:    0  1  1  0  1 30   0
20221003 184238.456 INFO             PET0       MODEL: time step-loop starting, current time:    0  1  1  0  1 30   0
20221003 184238.458 INFO             PET0       thread_num=   2   currentSsiPe=   0   num_threads=   3   max_threads=   3   num_procs=   1
20221003 184238.459 INFO             PET0       thread_num=   0   currentSsiPe=   0   num_threads=   3   max_threads=   3   num_procs=   1
20221003 184238.461 INFO             PET0       thread_num=   1   currentSsiPe=   0   num_threads=   3   max_threads=   3   num_procs=   1
20221003 184238.462 INFO             PET0       ---->Advancing Model from:    0  1  1  0  1 30   0
20221003 184238.462 INFO             PET0       ---------------------> to:    0  1  1  0  2  0   0
20221003 184238.462 INFO             PET0       MODEL: time step-loop ending,   current time:    0  1  1  0  2  0   0
20221003 184238.462 INFO             PET0       <<<MODEL: leaving Run (phase=RunPhase1) with current time:    0  1  1  0  2  0   0
20221003 184238.462 INFO             PET0     MODEL: Run extro.
20221003 184238.462 INFO             PET0     driver: RunSequence event loopLevel=   1  levelMember=   1  loopIteration=   5, current time:    0  1  1  0  2  0   0
20221003 184238.462 INFO             PET0     MODEL: Run intro.
20221003 184238.462 INFO             PET0       >>>MODEL: entered Run (phase=RunPhase1) with current time:    0  1  1  0  2  0   0
20221003 184238.463 INFO             PET0       MODEL: time step-loop starting, current time:    0  1  1  0  2  0   0
20221003 184238.464 INFO             PET0       thread_num=   2   currentSsiPe=   0   num_threads=   3   max_threads=   3   num_procs=   1
20221003 184238.466 INFO             PET0       thread_num=   0   currentSsiPe=   0   num_threads=   3   max_threads=   3   num_procs=   1
20221003 184238.467 INFO             PET0       thread_num=   1   currentSsiPe=   0   num_threads=   3   max_threads=   3   num_procs=   1
20221003 184238.469 INFO             PET0       ---->Advancing Model from:    0  1  1  0  2  0   0
20221003 184238.469 INFO             PET0       ---------------------> to:    0  1  1  0  2 30   0
20221003 184238.469 INFO             PET0       MODEL: time step-loop ending,   current time:    0  1  1  0  2 30   0
20221003 184238.469 INFO             PET0       <<<MODEL: leaving Run (phase=RunPhase1) with current time:    0  1  1  0  2 30   0
20221003 184238.469 INFO             PET0     MODEL: Run extro.
20221003 184238.469 INFO             PET0   driver: end <--------- RunSequence
20221003 184238.469 INFO             PET0   <<<driver - leaving Run with current time:    0  1  1  0  2 30   0
20221003 184238.469 INFO             PET0 driver: Run extro.
20221003 184238.469 INFO             PET0 driver: Finalize intro.
20221003 184238.469 INFO             PET0   Calling Finalize phase 1 for modelComp: MODEL
20221003 184238.469 INFO             PET0   MODEL: Finalize intro.
20221003 184238.469 INFO             PET0     >>>MODEL: entered Finalize (phase=FinalizePhase1) with current time:    0  1  1  0  2 30   0
20221003 184238.469 INFO             PET0     <<<MODEL: leaving Finalize (phase=FinalizePhase1) with current time:    0  1  1  0  2 30   0
20221003 184238.469 INFO             PET0   MODEL: Finalize extro.
20221003 184238.469 INFO             PET0   Delete modelComp: MODEL
20221003 184238.469 INFO             PET0   Delete Import-/Export State for modelComp: MODEL
20221003 184238.469 INFO             PET0 driver: Finalize extro.
20221003 184238.469 INFO             PET0 mainApp FINISHED
20221003 184238.469 INFO             PET0 Finalizing ESMF
20221003 184238.420 INFO             PET1 !!!!!!!!!!!!!!!!!!!!!!!!!!!!!!!!!!!!!!!!!!!!!!!!!!!!!!
20221003 184238.420 INFO             PET1 !!! THE ESMF_LOG IS SET TO OUTPUT ALL LOG MESSAGES !!!
20221003 184238.420 INFO             PET1 !!!     THIS MAY CAUSE SLOWDOWN IN PERFORMANCE     !!!
20221003 184238.420 INFO             PET1 !!! FOR PRODUCTION RUNS, USE:                      !!!
20221003 184238.420 INFO             PET1 !!!                   ESMF_LOGKIND_Multi_On_Error  !!!
20221003 184238.420 INFO             PET1 !!!!!!!!!!!!!!!!!!!!!!!!!!!!!!!!!!!!!!!!!!!!!!!!!!!!!!
20221003 184238.420 INFO             PET1 Running with ESMF Version   : v8.4.0b16-5-ga365d37ecd
20221003 184238.420 INFO             PET1 ESMF library build date/time: "Oct  3 2022" "18:08:29"
20221003 184238.420 INFO             PET1 ESMF library build location : /glade/scratch/theurich/ESMF-Nightly-Testing/gfortran_10.1.0_mpt_O_update_pio2.5.9/esmf
20221003 184238.420 INFO             PET1 ESMF_COMM                   : mpt
20221003 184238.420 INFO             PET1 ESMF_MOAB                   : enabled
20221003 184238.420 INFO             PET1 ESMF_LAPACK                 : enabled
20221003 184238.420 INFO             PET1 ESMF_NETCDF                 : enabled
20221003 184238.420 INFO             PET1 ESMF_PNETCDF                : disabled
20221003 184238.420 INFO             PET1 ESMF_PIO                    : enabled
20221003 184238.420 INFO             PET1 ESMF_YAMLCPP                : enabled
20221003 184238.422 INFO             PET1 mainApp STARTING
20221003 184238.423 INFO             PET1 driver: InitializeGeneric intro.
20221003 184238.423 INFO             PET1   driver: InitializeP0 intro.
20221003 184238.423 INFO             PET1   driver: InitializeP0 extro.
20221003 184238.423 INFO             PET1   driver: InitializeIPDv02p1 intro.
20221003 184238.423 INFO             PET1     >>>driver: entered Initialize (phase=<none>) without valid internal Clock.
20221003 184238.423 INFO             PET1     driver - Creating model component MODEL without petList.
20221003 184238.424 INFO             PET1      GridCompIsPetLocal:  T
20221003 184238.424 INFO             PET1      VmIsCreated:  T
20221003 184238.424 INFO             PET1      valid MPI_COMM with size=           4
20221003 184238.425 INFO             PET1     driver - Creating state: modelComp 1 Import State
20221003 184238.425 INFO             PET1     driver - Creating state: modelComp 1 Export State
20221003 184238.425 INFO             PET1     MODEL: InitializeP0 intro.
20221003 184238.425 INFO             PET1       >>>MODEL: entered Initialize (phase=<none>) without valid internal Clock.
20221003 184238.425 INFO             PET1       <<<MODEL: leaving Initialize (phase=<none>) without valid internal Clock.
20221003 184238.425 INFO             PET1     MODEL: InitializeP0 extro.
20221003 184238.426 INFO             PET1     driver: IInitAdvertise intro.
20221003 184238.426 INFO             PET1     driver: IInitAdvertise extro.
20221003 184238.426 INFO             PET1     MODEL: InitializeIPDvXp01 intro.
20221003 184238.426 INFO             PET1       >>>MODEL: entered Initialize (phase=IPDvXp01) without valid internal Clock.
20221003 184238.427 INFO             PET1       <<<MODEL: leaving Initialize (phase=IPDvXp01) without valid internal Clock.
20221003 184238.427 INFO             PET1     MODEL: InitializeIPDvXp01 extro.
20221003 184238.427 INFO             PET1     driver: IInitAdvertiseFinish intro.
20221003 184238.427 INFO             PET1     driver: IInitAdvertiseFinish extro.
20221003 184238.427 INFO             PET1     driver: IInitModifyCplLists intro.
20221003 184238.427 INFO             PET1     driver: IInitModifyCplLists extro.
20221003 184238.427 INFO             PET1     <<<driver: leaving Initialize (phase=<none>) with current time:    0  1  1  0  0  0   0
20221003 184238.427 INFO             PET1   driver: InitializeIPDv02p1 extro.
20221003 184238.427 INFO             PET1   driver: InitializeIPDv02p3 intro.
20221003 184238.427 INFO             PET1     >>>driver: entered Initialize (phase=<none>) with current time:    0  1  1  0  0  0   0
20221003 184238.430 INFO             PET1     driver: IInitCheck intro.
20221003 184238.430 INFO             PET1     driver: IInitCheck extro.
20221003 184238.430 INFO             PET1     MODEL: InitializeIPDvXp04 intro.
20221003 184238.430 INFO             PET1       >>>MODEL: entered Initialize (phase=IPDvXp04) without valid internal Clock.
20221003 184238.431 INFO             PET1       After Realize: - MemInfo: [/proc/meminfo - SSI]	MemTotal:       65507008 kB
20221003 184238.431 INFO             PET1       After Realize: - MemInfo: [/proc/meminfo - SSI]	MemFree:        48745140 kB
20221003 184238.431 INFO             PET1       After Realize: - MemInfo: [/proc/meminfo - SSI]	MemAvailable:   48524712 kB
20221003 184238.431 INFO             PET1       After Realize: - MemInfo: [/proc/meminfo - SSI]	Committed_AS:   14256772 kB
20221003 184238.431 INFO             PET1       After Realize: - MemInfo: [/proc/meminfo - SSI]	CommittedPercent: 21.7637 %
20221003 184238.431 INFO             PET1       After Realize: - MemInfo: [/proc/self/status]	VmPeak:	  118876 kB
20221003 184238.431 INFO             PET1       After Realize: - MemInfo: [/proc/self/status]	VmSize:	  118876 kB
20221003 184238.431 INFO             PET1       After Realize: - MemInfo: [/proc/self/status]	VmLck:	       0 kB
20221003 184238.431 INFO             PET1       After Realize: - MemInfo: [/proc/self/status]	VmPin:	       0 kB
20221003 184238.431 INFO             PET1       After Realize: - MemInfo: [/proc/self/status]	VmHWM:	   13244 kB
20221003 184238.431 INFO             PET1       After Realize: - MemInfo: [/proc/self/status]	VmRSS:	   13244 kB
20221003 184238.431 INFO             PET1       After Realize: - MemInfo: [/proc/self/status]	VmData:	   22692 kB
20221003 184238.431 INFO             PET1       After Realize: - MemInfo: [/proc/self/status]	VmStk:	     144 kB
20221003 184238.431 INFO             PET1       After Realize: - MemInfo: [/proc/self/status]	VmExe:	     168 kB
20221003 184238.431 INFO             PET1       After Realize: - MemInfo: [/proc/self/status]	VmLib:	   40052 kB
20221003 184238.431 INFO             PET1       After Realize: - MemInfo: [/proc/self/status]	VmPTE:	     212 kB
20221003 184238.431 INFO             PET1       After Realize: - MemInfo: [/proc/self/status]	VmPMD:	      12 kB
20221003 184238.431 INFO             PET1       After Realize: - MemInfo: [/proc/self/status]	VmSwap:	       0 kB
20221003 184238.431 INFO             PET1       After Realize: - MemInfo: [/proc/self/status]	VmRSSPercent: 0.0202177 %
20221003 184238.431 INFO             PET1       After Realize: - MemInfo: [malloc] Non-mmapped space allocated:                19820544 Byte
20221003 184238.431 INFO             PET1       After Realize: - MemInfo: [malloc] Space allocated in mmapped regions:                0 Byte
20221003 184238.431 INFO             PET1       After Realize: - MemInfo: [malloc] Maximum total allocated space:                     0 Byte
20221003 184238.431 INFO             PET1       After Realize: - MemInfo: [malloc] Space in freed fastbin blocks:                  2224 Byte
20221003 184238.431 INFO             PET1       After Realize: - MemInfo: [malloc] Total allocated space:                      19701760 Byte
20221003 184238.431 INFO             PET1       After Realize: - MemInfo: [malloc] Total free space:                             118784 Byte
20221003 184238.431 INFO             PET1       After Realize: - MemInfo: [malloc] Top-most, releasable space:                   115824 Byte
20221003 184238.431 INFO             PET1       After Realize: - MemInfo: [malloc] Total space in use, mmap + non-mmap:        19701760 Byte
20221003 184238.432 INFO             PET1       After Realize: - MemInfo: [malloc] Total space held (mmap + non-mmap):         19820544 Byte
20221003 184238.432 INFO             PET1       After Realize: - MemInfo: [malloc] Total space used (mmap + non-mmap):         19710944 Byte
20221003 184238.432 INFO             PET1       After Realize: - MemInfo: Wall-clock time since execution start:              0.0126185 seconds
20221003 184238.432 INFO             PET1       <<<MODEL: leaving Initialize (phase=IPDvXp04) without valid internal Clock.
20221003 184238.432 INFO             PET1     MODEL: InitializeIPDvXp04 extro.
20221003 184238.432 INFO             PET1     driver: IInitRealize intro.
20221003 184238.432 INFO             PET1     driver: IInitRealize extro.
20221003 184238.432 INFO             PET1     MODEL: InitializeIPDvXp07 intro.
20221003 184238.432 INFO             PET1       >>>MODEL: entered Initialize (phase=IPDvXp07) without valid internal Clock.
20221003 184238.432 INFO             PET1       <<<MODEL: leaving Initialize (phase=IPDvXp07) with current time:    0  1  1  0  0  0   0
20221003 184238.432 INFO             PET1     MODEL: InitializeIPDvXp07 extro.
20221003 184238.433 INFO             PET1     <<<driver: leaving Initialize (phase=<none>) with current time:    0  1  1  0  0  0   0
20221003 184238.433 INFO             PET1   driver: InitializeIPDv02p3 extro.
20221003 184238.433 INFO             PET1   driver: InitializeIPDv02p5 intro.
20221003 184238.433 INFO             PET1     >>>driver: entered Initialize (phase=<none>) with current time:    0  1  1  0  0  0   0
20221003 184238.433 INFO             PET1     driver: this is a top level driver, no 'Updated' and 'InitializeDataComplete' info on this level.
20221003 184238.433 INFO             PET1     driver: InitializeIPDv02p5Data intro.
20221003 184238.433 INFO             PET1       driver: InternalInitializeComplete intro.
20221003 184238.433 INFO             PET1         driver: InitializeDataComplete='true'
20221003 184238.433 INFO             PET1       driver: InternalInitializeComplete extro.
20221003 184238.433 INFO             PET1       MODEL: InitializeIPDvXp08 intro.
20221003 184238.433 INFO             PET1         >>>MODEL: entered Initialize (phase=IPDv05p8) with current time:    0  1  1  0  0  0   0
20221003 184238.433 INFO             PET1         MODEL: InitializeDataProgress='false', InitializeDataComplete='false'
20221003 184238.433 INFO             PET1         <<<MODEL: leaving Initialize (phase=IPDv05p8) with current time:    0  1  1  0  0  0   0
20221003 184238.433 INFO             PET1       MODEL: InitializeIPDvXp08 extro.
20221003 184238.434 INFO             PET1       driver: components present that trigger loopDataDependentInitialize().
20221003 184238.434 INFO             PET1       driver: loopDataDependentInitialize intro.
20221003 184238.434 INFO             PET1         driver: component    0=driver, dataComplete (local): true
20221003 184238.434 INFO             PET1         driver: component    0=driver, dataComplete (global): T
20221003 184238.434 INFO             PET1         driver: component    1=MODEL, dataComplete (local): false
20221003 184238.434 INFO             PET1         driver: component    1=MODEL, dataComplete (global): F
20221003 184238.434 INFO             PET1         MODEL: InitializeIPDvXp08 intro.
20221003 184238.434 INFO             PET1           >>>MODEL: entered Initialize (phase=IPDv05p8) with current time:    0  1  1  0  0  0   0
20221003 184238.434 INFO             PET1           MODEL: InitializeDataProgress='true', InitializeDataComplete='true'
20221003 184238.434 INFO             PET1           <<<MODEL: leaving Initialize (phase=IPDv05p8) with current time:    0  1  1  0  0  0   0
20221003 184238.434 INFO             PET1         MODEL: InitializeIPDvXp08 extro.
20221003 184238.434 INFO             PET1         driver: component    1=MODEL, someProgress (local): true
20221003 184238.434 INFO             PET1         driver: component    1=MODEL, someProgress (global): T
20221003 184238.434 INFO             PET1         driver: someProgress=T, allComplete=F, present(dataDepAllComplete)=T
20221003 184238.434 INFO             PET1         driver: component    0=driver, dataComplete (local): true
20221003 184238.434 INFO             PET1         driver: component    0=driver, dataComplete (global): T
20221003 184238.434 INFO             PET1         driver: component    1=MODEL, dataComplete (local): true
20221003 184238.434 INFO             PET1         driver: component    1=MODEL, dataComplete (global): T
20221003 184238.434 INFO             PET1         driver: someProgress=F, allComplete=T, present(dataDepAllComplete)=T
20221003 184238.434 INFO             PET1         driver: finished resolving initialize data dependencies on this level.
20221003 184238.434 INFO             PET1       driver: loopDataDependentInitialize extro.
20221003 184238.434 INFO             PET1       driver: loopDataDependentInitialize() returned with dataDepAllComplete: T
20221003 184238.434 INFO             PET1     driver: InitializeIPDv02p5Data extro.
20221003 184238.434 INFO             PET1     <<<driver: leaving Initialize (phase=<none>) with current time:    0  1  1  0  0  0   0
20221003 184238.434 INFO             PET1   driver: InitializeIPDv02p5 extro.
20221003 184238.434 INFO             PET1 driver: InitializeGeneric extro.
20221003 184238.434 INFO             PET1 driver: Run intro.
20221003 184238.434 INFO             PET1   >>>driver entered Run (phase=RunPhase1) with current time:    0  1  1  0  0  0   0
20221003 184238.434 INFO             PET1   driver: after lable_SetRunClock, current time:    0  1  1  0  0  0   0
20221003 184238.434 INFO             PET1   driver: begin -------> RunSequence.
20221003 184238.434 INFO             PET1     driver: RunSequence event loopLevel=   1  levelMember=   1  loopIteration=   1, current time:    0  1  1  0  0  0   0
20221003 184238.434 INFO             PET1     MODEL: Run intro.
20221003 184238.434 INFO             PET1       >>>MODEL: entered Run (phase=RunPhase1) with current time:    0  1  1  0  0  0   0
20221003 184238.434 INFO             PET1       MODEL: time step-loop starting, current time:    0  1  1  0  0  0   0
20221003 184238.438 INFO             PET1       thread_num=   0   currentSsiPe=   1   num_threads=   3   max_threads=   3   num_procs=   1
20221003 184238.439 INFO             PET1       thread_num=   2   currentSsiPe=   1   num_threads=   3   max_threads=   3   num_procs=   1
20221003 184238.441 INFO             PET1       thread_num=   1   currentSsiPe=   1   num_threads=   3   max_threads=   3   num_procs=   1
20221003 184238.443 INFO             PET1       ---->Advancing Model from:    0  1  1  0  0  0   0
20221003 184238.443 INFO             PET1       ---------------------> to:    0  1  1  0  0 30   0
20221003 184238.443 INFO             PET1       MODEL: time step-loop ending,   current time:    0  1  1  0  0 30   0
20221003 184238.443 INFO             PET1       <<<MODEL: leaving Run (phase=RunPhase1) with current time:    0  1  1  0  0 30   0
20221003 184238.443 INFO             PET1     MODEL: Run extro.
20221003 184238.443 INFO             PET1     driver: RunSequence event loopLevel=   1  levelMember=   1  loopIteration=   2, current time:    0  1  1  0  0 30   0
20221003 184238.443 INFO             PET1     MODEL: Run intro.
20221003 184238.443 INFO             PET1       >>>MODEL: entered Run (phase=RunPhase1) with current time:    0  1  1  0  0 30   0
20221003 184238.443 INFO             PET1       MODEL: time step-loop starting, current time:    0  1  1  0  0 30   0
20221003 184238.444 INFO             PET1       thread_num=   2   currentSsiPe=   1   num_threads=   3   max_threads=   3   num_procs=   1
20221003 184238.446 INFO             PET1       thread_num=   0   currentSsiPe=   1   num_threads=   3   max_threads=   3   num_procs=   1
20221003 184238.448 INFO             PET1       thread_num=   1   currentSsiPe=   1   num_threads=   3   max_threads=   3   num_procs=   1
20221003 184238.449 INFO             PET1       ---->Advancing Model from:    0  1  1  0  0 30   0
20221003 184238.449 INFO             PET1       ---------------------> to:    0  1  1  0  1  0   0
20221003 184238.449 INFO             PET1       MODEL: time step-loop ending,   current time:    0  1  1  0  1  0   0
20221003 184238.449 INFO             PET1       <<<MODEL: leaving Run (phase=RunPhase1) with current time:    0  1  1  0  1  0   0
20221003 184238.449 INFO             PET1     MODEL: Run extro.
20221003 184238.449 INFO             PET1     driver: RunSequence event loopLevel=   1  levelMember=   1  loopIteration=   3, current time:    0  1  1  0  1  0   0
20221003 184238.449 INFO             PET1     MODEL: Run intro.
20221003 184238.449 INFO             PET1       >>>MODEL: entered Run (phase=RunPhase1) with current time:    0  1  1  0  1  0   0
20221003 184238.449 INFO             PET1       MODEL: time step-loop starting, current time:    0  1  1  0  1  0   0
20221003 184238.451 INFO             PET1       thread_num=   2   currentSsiPe=   1   num_threads=   3   max_threads=   3   num_procs=   1
20221003 184238.453 INFO             PET1       thread_num=   0   currentSsiPe=   1   num_threads=   3   max_threads=   3   num_procs=   1
20221003 184238.454 INFO             PET1       thread_num=   1   currentSsiPe=   1   num_threads=   3   max_threads=   3   num_procs=   1
20221003 184238.456 INFO             PET1       ---->Advancing Model from:    0  1  1  0  1  0   0
20221003 184238.456 INFO             PET1       ---------------------> to:    0  1  1  0  1 30   0
20221003 184238.456 INFO             PET1       MODEL: time step-loop ending,   current time:    0  1  1  0  1 30   0
20221003 184238.456 INFO             PET1       <<<MODEL: leaving Run (phase=RunPhase1) with current time:    0  1  1  0  1 30   0
20221003 184238.456 INFO             PET1     MODEL: Run extro.
20221003 184238.456 INFO             PET1     driver: RunSequence event loopLevel=   1  levelMember=   1  loopIteration=   4, current time:    0  1  1  0  1 30   0
20221003 184238.456 INFO             PET1     MODEL: Run intro.
20221003 184238.456 INFO             PET1       >>>MODEL: entered Run (phase=RunPhase1) with current time:    0  1  1  0  1 30   0
20221003 184238.456 INFO             PET1       MODEL: time step-loop starting, current time:    0  1  1  0  1 30   0
20221003 184238.457 INFO             PET1       thread_num=   2   currentSsiPe=   1   num_threads=   3   max_threads=   3   num_procs=   1
20221003 184238.459 INFO             PET1       thread_num=   0   currentSsiPe=   1   num_threads=   3   max_threads=   3   num_procs=   1
20221003 184238.461 INFO             PET1       thread_num=   1   currentSsiPe=   1   num_threads=   3   max_threads=   3   num_procs=   1
20221003 184238.462 INFO             PET1       ---->Advancing Model from:    0  1  1  0  1 30   0
20221003 184238.462 INFO             PET1       ---------------------> to:    0  1  1  0  2  0   0
20221003 184238.462 INFO             PET1       MODEL: time step-loop ending,   current time:    0  1  1  0  2  0   0
20221003 184238.462 INFO             PET1       <<<MODEL: leaving Run (phase=RunPhase1) with current time:    0  1  1  0  2  0   0
20221003 184238.462 INFO             PET1     MODEL: Run extro.
20221003 184238.462 INFO             PET1     driver: RunSequence event loopLevel=   1  levelMember=   1  loopIteration=   5, current time:    0  1  1  0  2  0   0
20221003 184238.462 INFO             PET1     MODEL: Run intro.
20221003 184238.462 INFO             PET1       >>>MODEL: entered Run (phase=RunPhase1) with current time:    0  1  1  0  2  0   0
20221003 184238.462 INFO             PET1       MODEL: time step-loop starting, current time:    0  1  1  0  2  0   0
20221003 184238.464 INFO             PET1       thread_num=   2   currentSsiPe=   1   num_threads=   3   max_threads=   3   num_procs=   1
20221003 184238.466 INFO             PET1       thread_num=   0   currentSsiPe=   1   num_threads=   3   max_threads=   3   num_procs=   1
20221003 184238.467 INFO             PET1       thread_num=   1   currentSsiPe=   1   num_threads=   3   max_threads=   3   num_procs=   1
20221003 184238.469 INFO             PET1       ---->Advancing Model from:    0  1  1  0  2  0   0
20221003 184238.469 INFO             PET1       ---------------------> to:    0  1  1  0  2 30   0
20221003 184238.469 INFO             PET1       MODEL: time step-loop ending,   current time:    0  1  1  0  2 30   0
20221003 184238.469 INFO             PET1       <<<MODEL: leaving Run (phase=RunPhase1) with current time:    0  1  1  0  2 30   0
20221003 184238.469 INFO             PET1     MODEL: Run extro.
20221003 184238.469 INFO             PET1   driver: end <--------- RunSequence
20221003 184238.469 INFO             PET1   <<<driver - leaving Run with current time:    0  1  1  0  2 30   0
20221003 184238.469 INFO             PET1 driver: Run extro.
20221003 184238.469 INFO             PET1 driver: Finalize intro.
20221003 184238.469 INFO             PET1   Calling Finalize phase 1 for modelComp: MODEL
20221003 184238.469 INFO             PET1   MODEL: Finalize intro.
20221003 184238.469 INFO             PET1     >>>MODEL: entered Finalize (phase=FinalizePhase1) with current time:    0  1  1  0  2 30   0
20221003 184238.469 INFO             PET1     <<<MODEL: leaving Finalize (phase=FinalizePhase1) with current time:    0  1  1  0  2 30   0
20221003 184238.469 INFO             PET1   MODEL: Finalize extro.
20221003 184238.469 INFO             PET1   Delete modelComp: MODEL
20221003 184238.469 INFO             PET1   Delete Import-/Export State for modelComp: MODEL
20221003 184238.469 INFO             PET1 driver: Finalize extro.
20221003 184238.469 INFO             PET1 mainApp FINISHED
20221003 184238.469 INFO             PET1 Finalizing ESMF
20221003 184238.420 INFO             PET2 !!!!!!!!!!!!!!!!!!!!!!!!!!!!!!!!!!!!!!!!!!!!!!!!!!!!!!
20221003 184238.420 INFO             PET2 !!! THE ESMF_LOG IS SET TO OUTPUT ALL LOG MESSAGES !!!
20221003 184238.420 INFO             PET2 !!!     THIS MAY CAUSE SLOWDOWN IN PERFORMANCE     !!!
20221003 184238.420 INFO             PET2 !!! FOR PRODUCTION RUNS, USE:                      !!!
20221003 184238.420 INFO             PET2 !!!                   ESMF_LOGKIND_Multi_On_Error  !!!
20221003 184238.420 INFO             PET2 !!!!!!!!!!!!!!!!!!!!!!!!!!!!!!!!!!!!!!!!!!!!!!!!!!!!!!
20221003 184238.420 INFO             PET2 Running with ESMF Version   : v8.4.0b16-5-ga365d37ecd
20221003 184238.420 INFO             PET2 ESMF library build date/time: "Oct  3 2022" "18:08:29"
20221003 184238.420 INFO             PET2 ESMF library build location : /glade/scratch/theurich/ESMF-Nightly-Testing/gfortran_10.1.0_mpt_O_update_pio2.5.9/esmf
20221003 184238.420 INFO             PET2 ESMF_COMM                   : mpt
20221003 184238.420 INFO             PET2 ESMF_MOAB                   : enabled
20221003 184238.420 INFO             PET2 ESMF_LAPACK                 : enabled
20221003 184238.420 INFO             PET2 ESMF_NETCDF                 : enabled
20221003 184238.420 INFO             PET2 ESMF_PNETCDF                : disabled
20221003 184238.420 INFO             PET2 ESMF_PIO                    : enabled
20221003 184238.420 INFO             PET2 ESMF_YAMLCPP                : enabled
20221003 184238.422 INFO             PET2 mainApp STARTING
20221003 184238.423 INFO             PET2 driver: InitializeGeneric intro.
20221003 184238.423 INFO             PET2   driver: InitializeP0 intro.
20221003 184238.423 INFO             PET2   driver: InitializeP0 extro.
20221003 184238.423 INFO             PET2   driver: InitializeIPDv02p1 intro.
20221003 184238.423 INFO             PET2     >>>driver: entered Initialize (phase=<none>) without valid internal Clock.
20221003 184238.423 INFO             PET2     driver - Creating model component MODEL without petList.
20221003 184238.424 INFO             PET2      GridCompIsPetLocal:  T
20221003 184238.424 INFO             PET2      VmIsCreated:  T
20221003 184238.424 INFO             PET2      valid MPI_COMM with size=           4
20221003 184238.425 INFO             PET2     driver - Creating state: modelComp 1 Import State
20221003 184238.425 INFO             PET2     driver - Creating state: modelComp 1 Export State
20221003 184238.425 INFO             PET2     MODEL: InitializeP0 intro.
20221003 184238.425 INFO             PET2       >>>MODEL: entered Initialize (phase=<none>) without valid internal Clock.
20221003 184238.425 INFO             PET2       <<<MODEL: leaving Initialize (phase=<none>) without valid internal Clock.
20221003 184238.425 INFO             PET2     MODEL: InitializeP0 extro.
20221003 184238.426 INFO             PET2     driver: IInitAdvertise intro.
20221003 184238.426 INFO             PET2     driver: IInitAdvertise extro.
20221003 184238.426 INFO             PET2     MODEL: InitializeIPDvXp01 intro.
20221003 184238.426 INFO             PET2       >>>MODEL: entered Initialize (phase=IPDvXp01) without valid internal Clock.
20221003 184238.427 INFO             PET2       <<<MODEL: leaving Initialize (phase=IPDvXp01) without valid internal Clock.
20221003 184238.427 INFO             PET2     MODEL: InitializeIPDvXp01 extro.
20221003 184238.427 INFO             PET2     driver: IInitAdvertiseFinish intro.
20221003 184238.427 INFO             PET2     driver: IInitAdvertiseFinish extro.
20221003 184238.427 INFO             PET2     driver: IInitModifyCplLists intro.
20221003 184238.427 INFO             PET2     driver: IInitModifyCplLists extro.
20221003 184238.427 INFO             PET2     <<<driver: leaving Initialize (phase=<none>) with current time:    0  1  1  0  0  0   0
20221003 184238.427 INFO             PET2   driver: InitializeIPDv02p1 extro.
20221003 184238.427 INFO             PET2   driver: InitializeIPDv02p3 intro.
20221003 184238.427 INFO             PET2     >>>driver: entered Initialize (phase=<none>) with current time:    0  1  1  0  0  0   0
20221003 184238.429 INFO             PET2     driver: IInitCheck intro.
20221003 184238.429 INFO             PET2     driver: IInitCheck extro.
20221003 184238.429 INFO             PET2     MODEL: InitializeIPDvXp04 intro.
20221003 184238.429 INFO             PET2       >>>MODEL: entered Initialize (phase=IPDvXp04) without valid internal Clock.
20221003 184238.431 INFO             PET2       After Realize: - MemInfo: [/proc/meminfo - SSI]	MemTotal:       65507008 kB
20221003 184238.431 INFO             PET2       After Realize: - MemInfo: [/proc/meminfo - SSI]	MemFree:        48745140 kB
20221003 184238.431 INFO             PET2       After Realize: - MemInfo: [/proc/meminfo - SSI]	MemAvailable:   48524712 kB
20221003 184238.431 INFO             PET2       After Realize: - MemInfo: [/proc/meminfo - SSI]	Committed_AS:   14256772 kB
20221003 184238.431 INFO             PET2       After Realize: - MemInfo: [/proc/meminfo - SSI]	CommittedPercent: 21.7637 %
20221003 184238.431 INFO             PET2       After Realize: - MemInfo: [/proc/self/status]	VmPeak:	  118876 kB
20221003 184238.431 INFO             PET2       After Realize: - MemInfo: [/proc/self/status]	VmSize:	  118876 kB
20221003 184238.431 INFO             PET2       After Realize: - MemInfo: [/proc/self/status]	VmLck:	       0 kB
20221003 184238.431 INFO             PET2       After Realize: - MemInfo: [/proc/self/status]	VmPin:	       0 kB
20221003 184238.431 INFO             PET2       After Realize: - MemInfo: [/proc/self/status]	VmHWM:	   13244 kB
20221003 184238.431 INFO             PET2       After Realize: - MemInfo: [/proc/self/status]	VmRSS:	   13244 kB
20221003 184238.431 INFO             PET2       After Realize: - MemInfo: [/proc/self/status]	VmData:	   22692 kB
20221003 184238.431 INFO             PET2       After Realize: - MemInfo: [/proc/self/status]	VmStk:	     144 kB
20221003 184238.431 INFO             PET2       After Realize: - MemInfo: [/proc/self/status]	VmExe:	     168 kB
20221003 184238.431 INFO             PET2       After Realize: - MemInfo: [/proc/self/status]	VmLib:	   40052 kB
20221003 184238.431 INFO             PET2       After Realize: - MemInfo: [/proc/self/status]	VmPTE:	     216 kB
20221003 184238.431 INFO             PET2       After Realize: - MemInfo: [/proc/self/status]	VmPMD:	      12 kB
20221003 184238.431 INFO             PET2       After Realize: - MemInfo: [/proc/self/status]	VmSwap:	       0 kB
20221003 184238.431 INFO             PET2       After Realize: - MemInfo: [/proc/self/status]	VmRSSPercent: 0.0202177 %
20221003 184238.431 INFO             PET2       After Realize: - MemInfo: [malloc] Non-mmapped space allocated:                19820544 Byte
20221003 184238.431 INFO             PET2       After Realize: - MemInfo: [malloc] Space allocated in mmapped regions:                0 Byte
20221003 184238.431 INFO             PET2       After Realize: - MemInfo: [malloc] Maximum total allocated space:                     0 Byte
20221003 184238.431 INFO             PET2       After Realize: - MemInfo: [malloc] Space in freed fastbin blocks:                  2224 Byte
20221003 184238.431 INFO             PET2       After Realize: - MemInfo: [malloc] Total allocated space:                      19700416 Byte
20221003 184238.431 INFO             PET2       After Realize: - MemInfo: [malloc] Total free space:                             120128 Byte
20221003 184238.431 INFO             PET2       After Realize: - MemInfo: [malloc] Top-most, releasable space:                   117168 Byte
20221003 184238.431 INFO             PET2       After Realize: - MemInfo: [malloc] Total space in use, mmap + non-mmap:        19700416 Byte
20221003 184238.431 INFO             PET2       After Realize: - MemInfo: [malloc] Total space held (mmap + non-mmap):         19820544 Byte
20221003 184238.431 INFO             PET2       After Realize: - MemInfo: [malloc] Total space used (mmap + non-mmap):         19709600 Byte
20221003 184238.431 INFO             PET2       After Realize: - MemInfo: Wall-clock time since execution start:              0.0123923 seconds
20221003 184238.431 INFO             PET2       <<<MODEL: leaving Initialize (phase=IPDvXp04) without valid internal Clock.
20221003 184238.431 INFO             PET2     MODEL: InitializeIPDvXp04 extro.
20221003 184238.432 INFO             PET2     driver: IInitRealize intro.
20221003 184238.432 INFO             PET2     driver: IInitRealize extro.
20221003 184238.432 INFO             PET2     MODEL: InitializeIPDvXp07 intro.
20221003 184238.432 INFO             PET2       >>>MODEL: entered Initialize (phase=IPDvXp07) without valid internal Clock.
20221003 184238.432 INFO             PET2       <<<MODEL: leaving Initialize (phase=IPDvXp07) with current time:    0  1  1  0  0  0   0
20221003 184238.432 INFO             PET2     MODEL: InitializeIPDvXp07 extro.
20221003 184238.433 INFO             PET2     <<<driver: leaving Initialize (phase=<none>) with current time:    0  1  1  0  0  0   0
20221003 184238.433 INFO             PET2   driver: InitializeIPDv02p3 extro.
20221003 184238.433 INFO             PET2   driver: InitializeIPDv02p5 intro.
20221003 184238.433 INFO             PET2     >>>driver: entered Initialize (phase=<none>) with current time:    0  1  1  0  0  0   0
20221003 184238.433 INFO             PET2     driver: this is a top level driver, no 'Updated' and 'InitializeDataComplete' info on this level.
20221003 184238.433 INFO             PET2     driver: InitializeIPDv02p5Data intro.
20221003 184238.433 INFO             PET2       driver: InternalInitializeComplete intro.
20221003 184238.433 INFO             PET2         driver: InitializeDataComplete='true'
20221003 184238.433 INFO             PET2       driver: InternalInitializeComplete extro.
20221003 184238.433 INFO             PET2       MODEL: InitializeIPDvXp08 intro.
20221003 184238.433 INFO             PET2         >>>MODEL: entered Initialize (phase=IPDv05p8) with current time:    0  1  1  0  0  0   0
20221003 184238.433 INFO             PET2         MODEL: InitializeDataProgress='false', InitializeDataComplete='false'
20221003 184238.433 INFO             PET2         <<<MODEL: leaving Initialize (phase=IPDv05p8) with current time:    0  1  1  0  0  0   0
20221003 184238.433 INFO             PET2       MODEL: InitializeIPDvXp08 extro.
20221003 184238.434 INFO             PET2       driver: components present that trigger loopDataDependentInitialize().
20221003 184238.434 INFO             PET2       driver: loopDataDependentInitialize intro.
20221003 184238.434 INFO             PET2         driver: component    0=driver, dataComplete (local): true
20221003 184238.434 INFO             PET2         driver: component    0=driver, dataComplete (global): T
20221003 184238.434 INFO             PET2         driver: component    1=MODEL, dataComplete (local): false
20221003 184238.434 INFO             PET2         driver: component    1=MODEL, dataComplete (global): F
20221003 184238.434 INFO             PET2         MODEL: InitializeIPDvXp08 intro.
20221003 184238.434 INFO             PET2           >>>MODEL: entered Initialize (phase=IPDv05p8) with current time:    0  1  1  0  0  0   0
20221003 184238.434 INFO             PET2           MODEL: InitializeDataProgress='true', InitializeDataComplete='true'
20221003 184238.434 INFO             PET2           <<<MODEL: leaving Initialize (phase=IPDv05p8) with current time:    0  1  1  0  0  0   0
20221003 184238.434 INFO             PET2         MODEL: InitializeIPDvXp08 extro.
20221003 184238.434 INFO             PET2         driver: component    1=MODEL, someProgress (local): true
20221003 184238.434 INFO             PET2         driver: component    1=MODEL, someProgress (global): T
20221003 184238.434 INFO             PET2         driver: someProgress=T, allComplete=F, present(dataDepAllComplete)=T
20221003 184238.434 INFO             PET2         driver: component    0=driver, dataComplete (local): true
20221003 184238.434 INFO             PET2         driver: component    0=driver, dataComplete (global): T
20221003 184238.434 INFO             PET2         driver: component    1=MODEL, dataComplete (local): true
20221003 184238.434 INFO             PET2         driver: component    1=MODEL, dataComplete (global): T
20221003 184238.434 INFO             PET2         driver: someProgress=F, allComplete=T, present(dataDepAllComplete)=T
20221003 184238.434 INFO             PET2         driver: finished resolving initialize data dependencies on this level.
20221003 184238.434 INFO             PET2       driver: loopDataDependentInitialize extro.
20221003 184238.434 INFO             PET2       driver: loopDataDependentInitialize() returned with dataDepAllComplete: T
20221003 184238.434 INFO             PET2     driver: InitializeIPDv02p5Data extro.
20221003 184238.434 INFO             PET2     <<<driver: leaving Initialize (phase=<none>) with current time:    0  1  1  0  0  0   0
20221003 184238.434 INFO             PET2   driver: InitializeIPDv02p5 extro.
20221003 184238.434 INFO             PET2 driver: InitializeGeneric extro.
20221003 184238.434 INFO             PET2 driver: Run intro.
20221003 184238.434 INFO             PET2   >>>driver entered Run (phase=RunPhase1) with current time:    0  1  1  0  0  0   0
20221003 184238.434 INFO             PET2   driver: after lable_SetRunClock, current time:    0  1  1  0  0  0   0
20221003 184238.434 INFO             PET2   driver: begin -------> RunSequence.
20221003 184238.434 INFO             PET2     driver: RunSequence event loopLevel=   1  levelMember=   1  loopIteration=   1, current time:    0  1  1  0  0  0   0
20221003 184238.434 INFO             PET2     MODEL: Run intro.
20221003 184238.434 INFO             PET2       >>>MODEL: entered Run (phase=RunPhase1) with current time:    0  1  1  0  0  0   0
20221003 184238.434 INFO             PET2       MODEL: time step-loop starting, current time:    0  1  1  0  0  0   0
20221003 184238.438 INFO             PET2       thread_num=   0   currentSsiPe=   2   num_threads=   3   max_threads=   3   num_procs=   1
20221003 184238.439 INFO             PET2       thread_num=   2   currentSsiPe=   2   num_threads=   3   max_threads=   3   num_procs=   1
20221003 184238.441 INFO             PET2       thread_num=   1   currentSsiPe=   2   num_threads=   3   max_threads=   3   num_procs=   1
20221003 184238.443 INFO             PET2       ---->Advancing Model from:    0  1  1  0  0  0   0
20221003 184238.443 INFO             PET2       ---------------------> to:    0  1  1  0  0 30   0
20221003 184238.443 INFO             PET2       MODEL: time step-loop ending,   current time:    0  1  1  0  0 30   0
20221003 184238.443 INFO             PET2       <<<MODEL: leaving Run (phase=RunPhase1) with current time:    0  1  1  0  0 30   0
20221003 184238.443 INFO             PET2     MODEL: Run extro.
20221003 184238.443 INFO             PET2     driver: RunSequence event loopLevel=   1  levelMember=   1  loopIteration=   2, current time:    0  1  1  0  0 30   0
20221003 184238.443 INFO             PET2     MODEL: Run intro.
20221003 184238.443 INFO             PET2       >>>MODEL: entered Run (phase=RunPhase1) with current time:    0  1  1  0  0 30   0
20221003 184238.443 INFO             PET2       MODEL: time step-loop starting, current time:    0  1  1  0  0 30   0
20221003 184238.444 INFO             PET2       thread_num=   2   currentSsiPe=   2   num_threads=   3   max_threads=   3   num_procs=   1
20221003 184238.446 INFO             PET2       thread_num=   0   currentSsiPe=   2   num_threads=   3   max_threads=   3   num_procs=   1
20221003 184238.448 INFO             PET2       thread_num=   1   currentSsiPe=   2   num_threads=   3   max_threads=   3   num_procs=   1
20221003 184238.449 INFO             PET2       ---->Advancing Model from:    0  1  1  0  0 30   0
20221003 184238.449 INFO             PET2       ---------------------> to:    0  1  1  0  1  0   0
20221003 184238.449 INFO             PET2       MODEL: time step-loop ending,   current time:    0  1  1  0  1  0   0
20221003 184238.449 INFO             PET2       <<<MODEL: leaving Run (phase=RunPhase1) with current time:    0  1  1  0  1  0   0
20221003 184238.449 INFO             PET2     MODEL: Run extro.
20221003 184238.449 INFO             PET2     driver: RunSequence event loopLevel=   1  levelMember=   1  loopIteration=   3, current time:    0  1  1  0  1  0   0
20221003 184238.449 INFO             PET2     MODEL: Run intro.
20221003 184238.449 INFO             PET2       >>>MODEL: entered Run (phase=RunPhase1) with current time:    0  1  1  0  1  0   0
20221003 184238.449 INFO             PET2       MODEL: time step-loop starting, current time:    0  1  1  0  1  0   0
20221003 184238.451 INFO             PET2       thread_num=   2   currentSsiPe=   2   num_threads=   3   max_threads=   3   num_procs=   1
20221003 184238.453 INFO             PET2       thread_num=   0   currentSsiPe=   2   num_threads=   3   max_threads=   3   num_procs=   1
20221003 184238.454 INFO             PET2       thread_num=   1   currentSsiPe=   2   num_threads=   3   max_threads=   3   num_procs=   1
20221003 184238.456 INFO             PET2       ---->Advancing Model from:    0  1  1  0  1  0   0
20221003 184238.456 INFO             PET2       ---------------------> to:    0  1  1  0  1 30   0
20221003 184238.456 INFO             PET2       MODEL: time step-loop ending,   current time:    0  1  1  0  1 30   0
20221003 184238.456 INFO             PET2       <<<MODEL: leaving Run (phase=RunPhase1) with current time:    0  1  1  0  1 30   0
20221003 184238.456 INFO             PET2     MODEL: Run extro.
20221003 184238.456 INFO             PET2     driver: RunSequence event loopLevel=   1  levelMember=   1  loopIteration=   4, current time:    0  1  1  0  1 30   0
20221003 184238.456 INFO             PET2     MODEL: Run intro.
20221003 184238.456 INFO             PET2       >>>MODEL: entered Run (phase=RunPhase1) with current time:    0  1  1  0  1 30   0
20221003 184238.456 INFO             PET2       MODEL: time step-loop starting, current time:    0  1  1  0  1 30   0
20221003 184238.457 INFO             PET2       thread_num=   2   currentSsiPe=   2   num_threads=   3   max_threads=   3   num_procs=   1
20221003 184238.459 INFO             PET2       thread_num=   0   currentSsiPe=   2   num_threads=   3   max_threads=   3   num_procs=   1
20221003 184238.461 INFO             PET2       thread_num=   1   currentSsiPe=   2   num_threads=   3   max_threads=   3   num_procs=   1
20221003 184238.462 INFO             PET2       ---->Advancing Model from:    0  1  1  0  1 30   0
20221003 184238.462 INFO             PET2       ---------------------> to:    0  1  1  0  2  0   0
20221003 184238.462 INFO             PET2       MODEL: time step-loop ending,   current time:    0  1  1  0  2  0   0
20221003 184238.462 INFO             PET2       <<<MODEL: leaving Run (phase=RunPhase1) with current time:    0  1  1  0  2  0   0
20221003 184238.462 INFO             PET2     MODEL: Run extro.
20221003 184238.462 INFO             PET2     driver: RunSequence event loopLevel=   1  levelMember=   1  loopIteration=   5, current time:    0  1  1  0  2  0   0
20221003 184238.462 INFO             PET2     MODEL: Run intro.
20221003 184238.462 INFO             PET2       >>>MODEL: entered Run (phase=RunPhase1) with current time:    0  1  1  0  2  0   0
20221003 184238.462 INFO             PET2       MODEL: time step-loop starting, current time:    0  1  1  0  2  0   0
20221003 184238.464 INFO             PET2       thread_num=   2   currentSsiPe=   2   num_threads=   3   max_threads=   3   num_procs=   1
20221003 184238.466 INFO             PET2       thread_num=   0   currentSsiPe=   2   num_threads=   3   max_threads=   3   num_procs=   1
20221003 184238.467 INFO             PET2       thread_num=   1   currentSsiPe=   2   num_threads=   3   max_threads=   3   num_procs=   1
20221003 184238.469 INFO             PET2       ---->Advancing Model from:    0  1  1  0  2  0   0
20221003 184238.469 INFO             PET2       ---------------------> to:    0  1  1  0  2 30   0
20221003 184238.469 INFO             PET2       MODEL: time step-loop ending,   current time:    0  1  1  0  2 30   0
20221003 184238.469 INFO             PET2       <<<MODEL: leaving Run (phase=RunPhase1) with current time:    0  1  1  0  2 30   0
20221003 184238.469 INFO             PET2     MODEL: Run extro.
20221003 184238.469 INFO             PET2   driver: end <--------- RunSequence
20221003 184238.469 INFO             PET2   <<<driver - leaving Run with current time:    0  1  1  0  2 30   0
20221003 184238.469 INFO             PET2 driver: Run extro.
20221003 184238.469 INFO             PET2 driver: Finalize intro.
20221003 184238.469 INFO             PET2   Calling Finalize phase 1 for modelComp: MODEL
20221003 184238.469 INFO             PET2   MODEL: Finalize intro.
20221003 184238.469 INFO             PET2     >>>MODEL: entered Finalize (phase=FinalizePhase1) with current time:    0  1  1  0  2 30   0
20221003 184238.469 INFO             PET2     <<<MODEL: leaving Finalize (phase=FinalizePhase1) with current time:    0  1  1  0  2 30   0
20221003 184238.469 INFO             PET2   MODEL: Finalize extro.
20221003 184238.469 INFO             PET2   Delete modelComp: MODEL
20221003 184238.469 INFO             PET2   Delete Import-/Export State for modelComp: MODEL
20221003 184238.469 INFO             PET2 driver: Finalize extro.
20221003 184238.469 INFO             PET2 mainApp FINISHED
20221003 184238.469 INFO             PET2 Finalizing ESMF
20221003 184238.421 INFO             PET3 !!!!!!!!!!!!!!!!!!!!!!!!!!!!!!!!!!!!!!!!!!!!!!!!!!!!!!
20221003 184238.421 INFO             PET3 !!! THE ESMF_LOG IS SET TO OUTPUT ALL LOG MESSAGES !!!
20221003 184238.421 INFO             PET3 !!!     THIS MAY CAUSE SLOWDOWN IN PERFORMANCE     !!!
20221003 184238.421 INFO             PET3 !!! FOR PRODUCTION RUNS, USE:                      !!!
20221003 184238.421 INFO             PET3 !!!                   ESMF_LOGKIND_Multi_On_Error  !!!
20221003 184238.421 INFO             PET3 !!!!!!!!!!!!!!!!!!!!!!!!!!!!!!!!!!!!!!!!!!!!!!!!!!!!!!
20221003 184238.421 INFO             PET3 Running with ESMF Version   : v8.4.0b16-5-ga365d37ecd
20221003 184238.421 INFO             PET3 ESMF library build date/time: "Oct  3 2022" "18:08:29"
20221003 184238.421 INFO             PET3 ESMF library build location : /glade/scratch/theurich/ESMF-Nightly-Testing/gfortran_10.1.0_mpt_O_update_pio2.5.9/esmf
20221003 184238.421 INFO             PET3 ESMF_COMM                   : mpt
20221003 184238.421 INFO             PET3 ESMF_MOAB                   : enabled
20221003 184238.421 INFO             PET3 ESMF_LAPACK                 : enabled
20221003 184238.421 INFO             PET3 ESMF_NETCDF                 : enabled
20221003 184238.421 INFO             PET3 ESMF_PNETCDF                : disabled
20221003 184238.421 INFO             PET3 ESMF_PIO                    : enabled
20221003 184238.421 INFO             PET3 ESMF_YAMLCPP                : enabled
20221003 184238.422 INFO             PET3 mainApp STARTING
20221003 184238.423 INFO             PET3 driver: InitializeGeneric intro.
20221003 184238.423 INFO             PET3   driver: InitializeP0 intro.
20221003 184238.423 INFO             PET3   driver: InitializeP0 extro.
20221003 184238.423 INFO             PET3   driver: InitializeIPDv02p1 intro.
20221003 184238.423 INFO             PET3     >>>driver: entered Initialize (phase=<none>) without valid internal Clock.
20221003 184238.423 INFO             PET3     driver - Creating model component MODEL without petList.
20221003 184238.424 INFO             PET3      GridCompIsPetLocal:  T
20221003 184238.424 INFO             PET3      VmIsCreated:  T
20221003 184238.424 INFO             PET3      valid MPI_COMM with size=           4
20221003 184238.425 INFO             PET3     driver - Creating state: modelComp 1 Import State
20221003 184238.425 INFO             PET3     driver - Creating state: modelComp 1 Export State
20221003 184238.425 INFO             PET3     MODEL: InitializeP0 intro.
20221003 184238.425 INFO             PET3       >>>MODEL: entered Initialize (phase=<none>) without valid internal Clock.
20221003 184238.425 INFO             PET3       <<<MODEL: leaving Initialize (phase=<none>) without valid internal Clock.
20221003 184238.425 INFO             PET3     MODEL: InitializeP0 extro.
20221003 184238.426 INFO             PET3     driver: IInitAdvertise intro.
20221003 184238.426 INFO             PET3     driver: IInitAdvertise extro.
20221003 184238.426 INFO             PET3     MODEL: InitializeIPDvXp01 intro.
20221003 184238.426 INFO             PET3       >>>MODEL: entered Initialize (phase=IPDvXp01) without valid internal Clock.
20221003 184238.427 INFO             PET3       <<<MODEL: leaving Initialize (phase=IPDvXp01) without valid internal Clock.
20221003 184238.427 INFO             PET3     MODEL: InitializeIPDvXp01 extro.
20221003 184238.427 INFO             PET3     driver: IInitAdvertiseFinish intro.
20221003 184238.427 INFO             PET3     driver: IInitAdvertiseFinish extro.
20221003 184238.427 INFO             PET3     driver: IInitModifyCplLists intro.
20221003 184238.427 INFO             PET3     driver: IInitModifyCplLists extro.
20221003 184238.427 INFO             PET3     <<<driver: leaving Initialize (phase=<none>) with current time:    0  1  1  0  0  0   0
20221003 184238.427 INFO             PET3   driver: InitializeIPDv02p1 extro.
20221003 184238.427 INFO             PET3   driver: InitializeIPDv02p3 intro.
20221003 184238.427 INFO             PET3     >>>driver: entered Initialize (phase=<none>) with current time:    0  1  1  0  0  0   0
20221003 184238.430 INFO             PET3     driver: IInitCheck intro.
20221003 184238.430 INFO             PET3     driver: IInitCheck extro.
20221003 184238.430 INFO             PET3     MODEL: InitializeIPDvXp04 intro.
20221003 184238.430 INFO             PET3       >>>MODEL: entered Initialize (phase=IPDvXp04) without valid internal Clock.
20221003 184238.432 INFO             PET3       After Realize: - MemInfo: [/proc/meminfo - SSI]	MemTotal:       65507008 kB
20221003 184238.432 INFO             PET3       After Realize: - MemInfo: [/proc/meminfo - SSI]	MemFree:        48744636 kB
20221003 184238.432 INFO             PET3       After Realize: - MemInfo: [/proc/meminfo - SSI]	MemAvailable:   48524208 kB
20221003 184238.432 INFO             PET3       After Realize: - MemInfo: [/proc/meminfo - SSI]	Committed_AS:   14256772 kB
20221003 184238.432 INFO             PET3       After Realize: - MemInfo: [/proc/meminfo - SSI]	CommittedPercent: 21.7637 %
20221003 184238.432 INFO             PET3       After Realize: - MemInfo: [/proc/self/status]	VmPeak:	  118876 kB
20221003 184238.432 INFO             PET3       After Realize: - MemInfo: [/proc/self/status]	VmSize:	  118876 kB
20221003 184238.432 INFO             PET3       After Realize: - MemInfo: [/proc/self/status]	VmLck:	       0 kB
20221003 184238.432 INFO             PET3       After Realize: - MemInfo: [/proc/self/status]	VmPin:	       0 kB
20221003 184238.432 INFO             PET3       After Realize: - MemInfo: [/proc/self/status]	VmHWM:	   13240 kB
20221003 184238.432 INFO             PET3       After Realize: - MemInfo: [/proc/self/status]	VmRSS:	   13240 kB
20221003 184238.432 INFO             PET3       After Realize: - MemInfo: [/proc/self/status]	VmData:	   22692 kB
20221003 184238.432 INFO             PET3       After Realize: - MemInfo: [/proc/self/status]	VmStk:	     144 kB
20221003 184238.432 INFO             PET3       After Realize: - MemInfo: [/proc/self/status]	VmExe:	     168 kB
20221003 184238.432 INFO             PET3       After Realize: - MemInfo: [/proc/self/status]	VmLib:	   40052 kB
20221003 184238.432 INFO             PET3       After Realize: - MemInfo: [/proc/self/status]	VmPTE:	     208 kB
20221003 184238.432 INFO             PET3       After Realize: - MemInfo: [/proc/self/status]	VmPMD:	      12 kB
20221003 184238.432 INFO             PET3       After Realize: - MemInfo: [/proc/self/status]	VmSwap:	       0 kB
20221003 184238.432 INFO             PET3       After Realize: - MemInfo: [/proc/self/status]	VmRSSPercent: 0.0202116 %
20221003 184238.432 INFO             PET3       After Realize: - MemInfo: [malloc] Non-mmapped space allocated:                19820544 Byte
20221003 184238.432 INFO             PET3       After Realize: - MemInfo: [malloc] Space allocated in mmapped regions:                0 Byte
20221003 184238.432 INFO             PET3       After Realize: - MemInfo: [malloc] Maximum total allocated space:                     0 Byte
20221003 184238.432 INFO             PET3       After Realize: - MemInfo: [malloc] Space in freed fastbin blocks:                  2240 Byte
20221003 184238.432 INFO             PET3       After Realize: - MemInfo: [malloc] Total allocated space:                      19700640 Byte
20221003 184238.432 INFO             PET3       After Realize: - MemInfo: [malloc] Total free space:                             119904 Byte
20221003 184238.432 INFO             PET3       After Realize: - MemInfo: [malloc] Top-most, releasable space:                   116928 Byte
20221003 184238.432 INFO             PET3       After Realize: - MemInfo: [malloc] Total space in use, mmap + non-mmap:        19700640 Byte
20221003 184238.432 INFO             PET3       After Realize: - MemInfo: [malloc] Total space held (mmap + non-mmap):         19820544 Byte
20221003 184238.432 INFO             PET3       After Realize: - MemInfo: [malloc] Total space used (mmap + non-mmap):         19709824 Byte
20221003 184238.432 INFO             PET3       After Realize: - MemInfo: Wall-clock time since execution start:              0.0133614 seconds
20221003 184238.432 INFO             PET3       <<<MODEL: leaving Initialize (phase=IPDvXp04) without valid internal Clock.
20221003 184238.432 INFO             PET3     MODEL: InitializeIPDvXp04 extro.
20221003 184238.433 INFO             PET3     driver: IInitRealize intro.
20221003 184238.433 INFO             PET3     driver: IInitRealize extro.
20221003 184238.433 INFO             PET3     MODEL: InitializeIPDvXp07 intro.
20221003 184238.433 INFO             PET3       >>>MODEL: entered Initialize (phase=IPDvXp07) without valid internal Clock.
20221003 184238.433 INFO             PET3       <<<MODEL: leaving Initialize (phase=IPDvXp07) with current time:    0  1  1  0  0  0   0
20221003 184238.433 INFO             PET3     MODEL: InitializeIPDvXp07 extro.
20221003 184238.433 INFO             PET3     <<<driver: leaving Initialize (phase=<none>) with current time:    0  1  1  0  0  0   0
20221003 184238.433 INFO             PET3   driver: InitializeIPDv02p3 extro.
20221003 184238.433 INFO             PET3   driver: InitializeIPDv02p5 intro.
20221003 184238.433 INFO             PET3     >>>driver: entered Initialize (phase=<none>) with current time:    0  1  1  0  0  0   0
20221003 184238.433 INFO             PET3     driver: this is a top level driver, no 'Updated' and 'InitializeDataComplete' info on this level.
20221003 184238.433 INFO             PET3     driver: InitializeIPDv02p5Data intro.
20221003 184238.433 INFO             PET3       driver: InternalInitializeComplete intro.
20221003 184238.433 INFO             PET3         driver: InitializeDataComplete='true'
20221003 184238.433 INFO             PET3       driver: InternalInitializeComplete extro.
20221003 184238.433 INFO             PET3       MODEL: InitializeIPDvXp08 intro.
20221003 184238.433 INFO             PET3         >>>MODEL: entered Initialize (phase=IPDv05p8) with current time:    0  1  1  0  0  0   0
20221003 184238.433 INFO             PET3         MODEL: InitializeDataProgress='false', InitializeDataComplete='false'
20221003 184238.433 INFO             PET3         <<<MODEL: leaving Initialize (phase=IPDv05p8) with current time:    0  1  1  0  0  0   0
20221003 184238.433 INFO             PET3       MODEL: InitializeIPDvXp08 extro.
20221003 184238.434 INFO             PET3       driver: components present that trigger loopDataDependentInitialize().
20221003 184238.434 INFO             PET3       driver: loopDataDependentInitialize intro.
20221003 184238.434 INFO             PET3         driver: component    0=driver, dataComplete (local): true
20221003 184238.434 INFO             PET3         driver: component    0=driver, dataComplete (global): T
20221003 184238.434 INFO             PET3         driver: component    1=MODEL, dataComplete (local): false
20221003 184238.434 INFO             PET3         driver: component    1=MODEL, dataComplete (global): F
20221003 184238.434 INFO             PET3         MODEL: InitializeIPDvXp08 intro.
20221003 184238.434 INFO             PET3           >>>MODEL: entered Initialize (phase=IPDv05p8) with current time:    0  1  1  0  0  0   0
20221003 184238.434 INFO             PET3           MODEL: InitializeDataProgress='true', InitializeDataComplete='true'
20221003 184238.434 INFO             PET3           <<<MODEL: leaving Initialize (phase=IPDv05p8) with current time:    0  1  1  0  0  0   0
20221003 184238.434 INFO             PET3         MODEL: InitializeIPDvXp08 extro.
20221003 184238.434 INFO             PET3         driver: component    1=MODEL, someProgress (local): true
20221003 184238.434 INFO             PET3         driver: component    1=MODEL, someProgress (global): T
20221003 184238.434 INFO             PET3         driver: someProgress=T, allComplete=F, present(dataDepAllComplete)=T
20221003 184238.434 INFO             PET3         driver: component    0=driver, dataComplete (local): true
20221003 184238.434 INFO             PET3         driver: component    0=driver, dataComplete (global): T
20221003 184238.434 INFO             PET3         driver: component    1=MODEL, dataComplete (local): true
20221003 184238.434 INFO             PET3         driver: component    1=MODEL, dataComplete (global): T
20221003 184238.434 INFO             PET3         driver: someProgress=F, allComplete=T, present(dataDepAllComplete)=T
20221003 184238.434 INFO             PET3         driver: finished resolving initialize data dependencies on this level.
20221003 184238.434 INFO             PET3       driver: loopDataDependentInitialize extro.
20221003 184238.434 INFO             PET3       driver: loopDataDependentInitialize() returned with dataDepAllComplete: T
20221003 184238.434 INFO             PET3     driver: InitializeIPDv02p5Data extro.
20221003 184238.434 INFO             PET3     <<<driver: leaving Initialize (phase=<none>) with current time:    0  1  1  0  0  0   0
20221003 184238.434 INFO             PET3   driver: InitializeIPDv02p5 extro.
20221003 184238.434 INFO             PET3 driver: InitializeGeneric extro.
20221003 184238.434 INFO             PET3 driver: Run intro.
20221003 184238.434 INFO             PET3   >>>driver entered Run (phase=RunPhase1) with current time:    0  1  1  0  0  0   0
20221003 184238.434 INFO             PET3   driver: after lable_SetRunClock, current time:    0  1  1  0  0  0   0
20221003 184238.434 INFO             PET3   driver: begin -------> RunSequence.
20221003 184238.434 INFO             PET3     driver: RunSequence event loopLevel=   1  levelMember=   1  loopIteration=   1, current time:    0  1  1  0  0  0   0
20221003 184238.434 INFO             PET3     MODEL: Run intro.
20221003 184238.434 INFO             PET3       >>>MODEL: entered Run (phase=RunPhase1) with current time:    0  1  1  0  0  0   0
20221003 184238.434 INFO             PET3       MODEL: time step-loop starting, current time:    0  1  1  0  0  0   0
20221003 184238.438 INFO             PET3       thread_num=   0   currentSsiPe=   3   num_threads=   3   max_threads=   3   num_procs=   1
20221003 184238.439 INFO             PET3       thread_num=   2   currentSsiPe=   3   num_threads=   3   max_threads=   3   num_procs=   1
20221003 184238.441 INFO             PET3       thread_num=   1   currentSsiPe=   3   num_threads=   3   max_threads=   3   num_procs=   1
20221003 184238.443 INFO             PET3       ---->Advancing Model from:    0  1  1  0  0  0   0
20221003 184238.443 INFO             PET3       ---------------------> to:    0  1  1  0  0 30   0
20221003 184238.443 INFO             PET3       MODEL: time step-loop ending,   current time:    0  1  1  0  0 30   0
20221003 184238.443 INFO             PET3       <<<MODEL: leaving Run (phase=RunPhase1) with current time:    0  1  1  0  0 30   0
20221003 184238.443 INFO             PET3     MODEL: Run extro.
20221003 184238.443 INFO             PET3     driver: RunSequence event loopLevel=   1  levelMember=   1  loopIteration=   2, current time:    0  1  1  0  0 30   0
20221003 184238.443 INFO             PET3     MODEL: Run intro.
20221003 184238.443 INFO             PET3       >>>MODEL: entered Run (phase=RunPhase1) with current time:    0  1  1  0  0 30   0
20221003 184238.443 INFO             PET3       MODEL: time step-loop starting, current time:    0  1  1  0  0 30   0
20221003 184238.444 INFO             PET3       thread_num=   2   currentSsiPe=   3   num_threads=   3   max_threads=   3   num_procs=   1
20221003 184238.446 INFO             PET3       thread_num=   0   currentSsiPe=   3   num_threads=   3   max_threads=   3   num_procs=   1
20221003 184238.448 INFO             PET3       thread_num=   1   currentSsiPe=   3   num_threads=   3   max_threads=   3   num_procs=   1
20221003 184238.449 INFO             PET3       ---->Advancing Model from:    0  1  1  0  0 30   0
20221003 184238.449 INFO             PET3       ---------------------> to:    0  1  1  0  1  0   0
20221003 184238.449 INFO             PET3       MODEL: time step-loop ending,   current time:    0  1  1  0  1  0   0
20221003 184238.449 INFO             PET3       <<<MODEL: leaving Run (phase=RunPhase1) with current time:    0  1  1  0  1  0   0
20221003 184238.449 INFO             PET3     MODEL: Run extro.
20221003 184238.449 INFO             PET3     driver: RunSequence event loopLevel=   1  levelMember=   1  loopIteration=   3, current time:    0  1  1  0  1  0   0
20221003 184238.449 INFO             PET3     MODEL: Run intro.
20221003 184238.449 INFO             PET3       >>>MODEL: entered Run (phase=RunPhase1) with current time:    0  1  1  0  1  0   0
20221003 184238.449 INFO             PET3       MODEL: time step-loop starting, current time:    0  1  1  0  1  0   0
20221003 184238.451 INFO             PET3       thread_num=   2   currentSsiPe=   3   num_threads=   3   max_threads=   3   num_procs=   1
20221003 184238.453 INFO             PET3       thread_num=   0   currentSsiPe=   3   num_threads=   3   max_threads=   3   num_procs=   1
20221003 184238.454 INFO             PET3       thread_num=   1   currentSsiPe=   3   num_threads=   3   max_threads=   3   num_procs=   1
20221003 184238.456 INFO             PET3       ---->Advancing Model from:    0  1  1  0  1  0   0
20221003 184238.456 INFO             PET3       ---------------------> to:    0  1  1  0  1 30   0
20221003 184238.456 INFO             PET3       MODEL: time step-loop ending,   current time:    0  1  1  0  1 30   0
20221003 184238.456 INFO             PET3       <<<MODEL: leaving Run (phase=RunPhase1) with current time:    0  1  1  0  1 30   0
20221003 184238.456 INFO             PET3     MODEL: Run extro.
20221003 184238.456 INFO             PET3     driver: RunSequence event loopLevel=   1  levelMember=   1  loopIteration=   4, current time:    0  1  1  0  1 30   0
20221003 184238.456 INFO             PET3     MODEL: Run intro.
20221003 184238.456 INFO             PET3       >>>MODEL: entered Run (phase=RunPhase1) with current time:    0  1  1  0  1 30   0
20221003 184238.456 INFO             PET3       MODEL: time step-loop starting, current time:    0  1  1  0  1 30   0
20221003 184238.457 INFO             PET3       thread_num=   2   currentSsiPe=   3   num_threads=   3   max_threads=   3   num_procs=   1
20221003 184238.459 INFO             PET3       thread_num=   0   currentSsiPe=   3   num_threads=   3   max_threads=   3   num_procs=   1
20221003 184238.461 INFO             PET3       thread_num=   1   currentSsiPe=   3   num_threads=   3   max_threads=   3   num_procs=   1
20221003 184238.462 INFO             PET3       ---->Advancing Model from:    0  1  1  0  1 30   0
20221003 184238.462 INFO             PET3       ---------------------> to:    0  1  1  0  2  0   0
20221003 184238.462 INFO             PET3       MODEL: time step-loop ending,   current time:    0  1  1  0  2  0   0
20221003 184238.462 INFO             PET3       <<<MODEL: leaving Run (phase=RunPhase1) with current time:    0  1  1  0  2  0   0
20221003 184238.462 INFO             PET3     MODEL: Run extro.
20221003 184238.462 INFO             PET3     driver: RunSequence event loopLevel=   1  levelMember=   1  loopIteration=   5, current time:    0  1  1  0  2  0   0
20221003 184238.462 INFO             PET3     MODEL: Run intro.
20221003 184238.462 INFO             PET3       >>>MODEL: entered Run (phase=RunPhase1) with current time:    0  1  1  0  2  0   0
20221003 184238.462 INFO             PET3       MODEL: time step-loop starting, current time:    0  1  1  0  2  0   0
20221003 184238.464 INFO             PET3       thread_num=   2   currentSsiPe=   3   num_threads=   3   max_threads=   3   num_procs=   1
20221003 184238.466 INFO             PET3       thread_num=   0   currentSsiPe=   3   num_threads=   3   max_threads=   3   num_procs=   1
20221003 184238.467 INFO             PET3       thread_num=   1   currentSsiPe=   3   num_threads=   3   max_threads=   3   num_procs=   1
20221003 184238.469 INFO             PET3       ---->Advancing Model from:    0  1  1  0  2  0   0
20221003 184238.469 INFO             PET3       ---------------------> to:    0  1  1  0  2 30   0
20221003 184238.469 INFO             PET3       MODEL: time step-loop ending,   current time:    0  1  1  0  2 30   0
20221003 184238.469 INFO             PET3       <<<MODEL: leaving Run (phase=RunPhase1) with current time:    0  1  1  0  2 30   0
20221003 184238.469 INFO             PET3     MODEL: Run extro.
20221003 184238.469 INFO             PET3   driver: end <--------- RunSequence
20221003 184238.469 INFO             PET3   <<<driver - leaving Run with current time:    0  1  1  0  2 30   0
20221003 184238.469 INFO             PET3 driver: Run extro.
20221003 184238.469 INFO             PET3 driver: Finalize intro.
20221003 184238.469 INFO             PET3   Calling Finalize phase 1 for modelComp: MODEL
20221003 184238.469 INFO             PET3   MODEL: Finalize intro.
20221003 184238.469 INFO             PET3     >>>MODEL: entered Finalize (phase=FinalizePhase1) with current time:    0  1  1  0  2 30   0
20221003 184238.469 INFO             PET3     <<<MODEL: leaving Finalize (phase=FinalizePhase1) with current time:    0  1  1  0  2 30   0
20221003 184238.469 INFO             PET3   MODEL: Finalize extro.
20221003 184238.469 INFO             PET3   Delete modelComp: MODEL
20221003 184238.469 INFO             PET3   Delete Import-/Export State for modelComp: MODEL
20221003 184238.469 INFO             PET3 driver: Finalize extro.
20221003 184238.469 INFO             PET3 mainApp FINISHED
20221003 184238.469 INFO             PET3 Finalizing ESMF
