2022-10-22 07:03:14
20221022 075925.813 INFO             PET0 !!!!!!!!!!!!!!!!!!!!!!!!!!!!!!!!!!!!!!!!!!!!!!!!!!!!!!
20221022 075925.814 INFO             PET0 !!! THE ESMF_LOG IS SET TO OUTPUT ALL LOG MESSAGES !!!
20221022 075925.814 INFO             PET0 !!!     THIS MAY CAUSE SLOWDOWN IN PERFORMANCE     !!!
20221022 075925.814 INFO             PET0 !!! FOR PRODUCTION RUNS, USE:                      !!!
20221022 075925.814 INFO             PET0 !!!                   ESMF_LOGKIND_Multi_On_Error  !!!
20221022 075925.814 INFO             PET0 !!!!!!!!!!!!!!!!!!!!!!!!!!!!!!!!!!!!!!!!!!!!!!!!!!!!!!
20221022 075925.814 INFO             PET0 Running with ESMF Version   : v8.5.0b01-6-gf7aaf2b567
20221022 075925.814 INFO             PET0 ESMF library build date/time: "Oct 22 2022" "06:59:45"
20221022 075925.814 INFO             PET0 ESMF library build location : /scratch2/NCEPDEV/stmp1/Gerhard.Theurich/ESMF-Nightly-Testing/pgi_19.1_mpiuni_g_develop/esmf
20221022 075925.814 INFO             PET0 ESMF_COMM                   : mpiuni
20221022 075925.815 INFO             PET0 ESMF_MOAB                   : enabled
20221022 075925.815 INFO             PET0 ESMF_LAPACK                 : enabled
20221022 075925.815 INFO             PET0 ESMF_NETCDF                 : disabled
20221022 075925.815 INFO             PET0 ESMF_PNETCDF                : disabled
20221022 075925.815 INFO             PET0 ESMF_PIO                    : disabled
20221022 075925.815 INFO             PET0 ESMF_YAMLCPP                : enabled
20221022 075925.815 ERROR            PET0 ESMCI_State.C:982 ESMCI::State::read() Library needed by ESMF not present  - Internal subroutine call returned Error
20221022 075925.815 ERROR            PET0 ESMF_StateAPI.cppF90:3203 ESMF_StateRead Library needed by ESMF not present  - Internal subroutine call returned Error
20221022 075925.815 INFO             PET0  NUMBER_OF_PROCESSORS            1
20221022 075925.816 INFO             PET0  PASS  Example ESMF_StateReadWriteEx, ESMF_StateReadWriteEx.F90, line 185
20221022 075925.816 INFO             PET0 Finalizing ESMF
