2022-10-23 06:28:20
20221023 073411.404 INFO             PET0 !!!!!!!!!!!!!!!!!!!!!!!!!!!!!!!!!!!!!!!!!!!!!!!!!!!!!!
20221023 073411.404 INFO             PET0 !!! THE ESMF_LOG IS SET TO OUTPUT ALL LOG MESSAGES !!!
20221023 073411.404 INFO             PET0 !!!     THIS MAY CAUSE SLOWDOWN IN PERFORMANCE     !!!
20221023 073411.404 INFO             PET0 !!! FOR PRODUCTION RUNS, USE:                      !!!
20221023 073411.404 INFO             PET0 !!!                   ESMF_LOGKIND_Multi_On_Error  !!!
20221023 073411.404 INFO             PET0 !!!!!!!!!!!!!!!!!!!!!!!!!!!!!!!!!!!!!!!!!!!!!!!!!!!!!!
20221023 073411.404 INFO             PET0 Running with ESMF Version   : v8.4.0b20-4-gd93fea0c68
20221023 073411.404 INFO             PET0 ESMF library build date/time: "Oct 23 2022" "06:22:07"
20221023 073411.404 INFO             PET0 ESMF library build location : /glade/scratch/theurich/ESMF-Nightly-Testing/intel_18.0.5_openmpi_g_release_8.4.0/esmf
20221023 073411.404 INFO             PET0 ESMF_COMM                   : openmpi
20221023 073411.404 INFO             PET0 ESMF_MOAB                   : enabled
20221023 073411.404 INFO             PET0 ESMF_LAPACK                 : enabled
20221023 073411.404 INFO             PET0 ESMF_NETCDF                 : enabled
20221023 073411.404 INFO             PET0 ESMF_PNETCDF                : disabled
20221023 073411.404 INFO             PET0 ESMF_PIO                    : enabled
20221023 073411.404 INFO             PET0 ESMF_YAMLCPP                : enabled
20221023 073411.410 INFO             PET0  NUMBER_OF_PROCESSORS           4
20221023 073411.410 INFO             PET0  PASS  Example ESMF_GridCreateRegFromDGEx, ESMF_GridCreateRegFromDGEx.F90, line 112
20221023 073411.410 INFO             PET0 Finalizing ESMF
20221023 073411.408 INFO             PET1 !!!!!!!!!!!!!!!!!!!!!!!!!!!!!!!!!!!!!!!!!!!!!!!!!!!!!!
20221023 073411.408 INFO             PET1 !!! THE ESMF_LOG IS SET TO OUTPUT ALL LOG MESSAGES !!!
20221023 073411.408 INFO             PET1 !!!     THIS MAY CAUSE SLOWDOWN IN PERFORMANCE     !!!
20221023 073411.408 INFO             PET1 !!! FOR PRODUCTION RUNS, USE:                      !!!
20221023 073411.408 INFO             PET1 !!!                   ESMF_LOGKIND_Multi_On_Error  !!!
20221023 073411.408 INFO             PET1 !!!!!!!!!!!!!!!!!!!!!!!!!!!!!!!!!!!!!!!!!!!!!!!!!!!!!!
20221023 073411.408 INFO             PET1 Running with ESMF Version   : v8.4.0b20-4-gd93fea0c68
20221023 073411.408 INFO             PET1 ESMF library build date/time: "Oct 23 2022" "06:22:07"
20221023 073411.408 INFO             PET1 ESMF library build location : /glade/scratch/theurich/ESMF-Nightly-Testing/intel_18.0.5_openmpi_g_release_8.4.0/esmf
20221023 073411.408 INFO             PET1 ESMF_COMM                   : openmpi
20221023 073411.408 INFO             PET1 ESMF_MOAB                   : enabled
20221023 073411.408 INFO             PET1 ESMF_LAPACK                 : enabled
20221023 073411.408 INFO             PET1 ESMF_NETCDF                 : enabled
20221023 073411.408 INFO             PET1 ESMF_PNETCDF                : disabled
20221023 073411.408 INFO             PET1 ESMF_PIO                    : enabled
20221023 073411.408 INFO             PET1 ESMF_YAMLCPP                : enabled
20221023 073411.410 INFO             PET1  NUMBER_OF_PROCESSORS           4
20221023 073411.410 INFO             PET1  PASS  Example ESMF_GridCreateRegFromDGEx, ESMF_GridCreateRegFromDGEx.F90, line 112
20221023 073411.410 INFO             PET1 Finalizing ESMF
20221023 073411.404 INFO             PET2 !!!!!!!!!!!!!!!!!!!!!!!!!!!!!!!!!!!!!!!!!!!!!!!!!!!!!!
20221023 073411.404 INFO             PET2 !!! THE ESMF_LOG IS SET TO OUTPUT ALL LOG MESSAGES !!!
20221023 073411.404 INFO             PET2 !!!     THIS MAY CAUSE SLOWDOWN IN PERFORMANCE     !!!
20221023 073411.404 INFO             PET2 !!! FOR PRODUCTION RUNS, USE:                      !!!
20221023 073411.404 INFO             PET2 !!!                   ESMF_LOGKIND_Multi_On_Error  !!!
20221023 073411.404 INFO             PET2 !!!!!!!!!!!!!!!!!!!!!!!!!!!!!!!!!!!!!!!!!!!!!!!!!!!!!!
20221023 073411.404 INFO             PET2 Running with ESMF Version   : v8.4.0b20-4-gd93fea0c68
20221023 073411.404 INFO             PET2 ESMF library build date/time: "Oct 23 2022" "06:22:07"
20221023 073411.404 INFO             PET2 ESMF library build location : /glade/scratch/theurich/ESMF-Nightly-Testing/intel_18.0.5_openmpi_g_release_8.4.0/esmf
20221023 073411.404 INFO             PET2 ESMF_COMM                   : openmpi
20221023 073411.404 INFO             PET2 ESMF_MOAB                   : enabled
20221023 073411.404 INFO             PET2 ESMF_LAPACK                 : enabled
20221023 073411.404 INFO             PET2 ESMF_NETCDF                 : enabled
20221023 073411.404 INFO             PET2 ESMF_PNETCDF                : disabled
20221023 073411.404 INFO             PET2 ESMF_PIO                    : enabled
20221023 073411.404 INFO             PET2 ESMF_YAMLCPP                : enabled
20221023 073411.410 INFO             PET2  NUMBER_OF_PROCESSORS           4
20221023 073411.410 INFO             PET2  PASS  Example ESMF_GridCreateRegFromDGEx, ESMF_GridCreateRegFromDGEx.F90, line 112
20221023 073411.410 INFO             PET2 Finalizing ESMF
20221023 073411.408 INFO             PET3 !!!!!!!!!!!!!!!!!!!!!!!!!!!!!!!!!!!!!!!!!!!!!!!!!!!!!!
20221023 073411.408 INFO             PET3 !!! THE ESMF_LOG IS SET TO OUTPUT ALL LOG MESSAGES !!!
20221023 073411.408 INFO             PET3 !!!     THIS MAY CAUSE SLOWDOWN IN PERFORMANCE     !!!
20221023 073411.408 INFO             PET3 !!! FOR PRODUCTION RUNS, USE:                      !!!
20221023 073411.408 INFO             PET3 !!!                   ESMF_LOGKIND_Multi_On_Error  !!!
20221023 073411.408 INFO             PET3 !!!!!!!!!!!!!!!!!!!!!!!!!!!!!!!!!!!!!!!!!!!!!!!!!!!!!!
20221023 073411.408 INFO             PET3 Running with ESMF Version   : v8.4.0b20-4-gd93fea0c68
20221023 073411.408 INFO             PET3 ESMF library build date/time: "Oct 23 2022" "06:22:07"
20221023 073411.408 INFO             PET3 ESMF library build location : /glade/scratch/theurich/ESMF-Nightly-Testing/intel_18.0.5_openmpi_g_release_8.4.0/esmf
20221023 073411.408 INFO             PET3 ESMF_COMM                   : openmpi
20221023 073411.408 INFO             PET3 ESMF_MOAB                   : enabled
20221023 073411.408 INFO             PET3 ESMF_LAPACK                 : enabled
20221023 073411.408 INFO             PET3 ESMF_NETCDF                 : enabled
20221023 073411.408 INFO             PET3 ESMF_PNETCDF                : disabled
20221023 073411.408 INFO             PET3 ESMF_PIO                    : enabled
20221023 073411.408 INFO             PET3 ESMF_YAMLCPP                : enabled
20221023 073411.410 INFO             PET3  NUMBER_OF_PROCESSORS           4
20221023 073411.410 INFO             PET3  PASS  Example ESMF_GridCreateRegFromDGEx, ESMF_GridCreateRegFromDGEx.F90, line 112
20221023 073411.410 INFO             PET3 Finalizing ESMF
