2022-10-11 02:01:17
20221011 030438.170 INFO             PET0 !!!!!!!!!!!!!!!!!!!!!!!!!!!!!!!!!!!!!!!!!!!!!!!!!!!!!!
20221011 030438.171 INFO             PET0 !!! THE ESMF_LOG IS SET TO OUTPUT ALL LOG MESSAGES !!!
20221011 030438.171 INFO             PET0 !!!     THIS MAY CAUSE SLOWDOWN IN PERFORMANCE     !!!
20221011 030438.171 INFO             PET0 !!! FOR PRODUCTION RUNS, USE:                      !!!
20221011 030438.171 INFO             PET0 !!!                   ESMF_LOGKIND_Multi_On_Error  !!!
20221011 030438.171 INFO             PET0 !!!!!!!!!!!!!!!!!!!!!!!!!!!!!!!!!!!!!!!!!!!!!!!!!!!!!!
20221011 030438.171 INFO             PET0 Running with ESMF Version   : v8.4.0b18-4-g95e3a6c69e
20221011 030438.171 INFO             PET0 ESMF library build date/time: "Oct 11 2022" "01:56:27"
20221011 030438.171 INFO             PET0 ESMF library build location : /discover/nobackup/projects/sbu/mpotts/esmf-test/pgi_20.4_mpiuni_O_develop/esmf
20221011 030438.171 INFO             PET0 ESMF_COMM                   : mpiuni
20221011 030438.171 INFO             PET0 ESMF_MOAB                   : enabled
20221011 030438.171 INFO             PET0 ESMF_LAPACK                 : enabled
20221011 030438.171 INFO             PET0 ESMF_NETCDF                 : disabled
20221011 030438.171 INFO             PET0 ESMF_PNETCDF                : disabled
20221011 030438.171 INFO             PET0 ESMF_PIO                    : disabled
20221011 030438.171 INFO             PET0 ESMF_YAMLCPP                : enabled
20221011 030438.172 INFO             PET0  NUMBER_OF_PROCESSORS            1
20221011 030438.172 INFO             PET0  PASS  Example ESMF_ConfigOverviewEx, ESMF_ConfigOverviewEx.F90, line 415
20221011 030438.172 INFO             PET0 Finalizing ESMF
