2022-10-02 02:32:48
20221002 040620.832 INFO             PET0 !!!!!!!!!!!!!!!!!!!!!!!!!!!!!!!!!!!!!!!!!!!!!!!!!!!!!!
20221002 040620.832 INFO             PET0 !!! THE ESMF_LOG IS SET TO OUTPUT ALL LOG MESSAGES !!!
20221002 040620.832 INFO             PET0 !!!     THIS MAY CAUSE SLOWDOWN IN PERFORMANCE     !!!
20221002 040620.832 INFO             PET0 !!! FOR PRODUCTION RUNS, USE:                      !!!
20221002 040620.832 INFO             PET0 !!!                   ESMF_LOGKIND_Multi_On_Error  !!!
20221002 040620.832 INFO             PET0 !!!!!!!!!!!!!!!!!!!!!!!!!!!!!!!!!!!!!!!!!!!!!!!!!!!!!!
20221002 040620.832 INFO             PET0 Running with ESMF Version   : v8.4.0b15-7-gae8efd6d7f
20221002 040620.832 INFO             PET0 ESMF library build date/time: "Oct  2 2022" "02:27:01"
20221002 040620.832 INFO             PET0 ESMF library build location : /discover/nobackup/projects/sbu/mpotts/esmf-test/pgi_20.4_mpiuni_O_develop/esmf
20221002 040620.832 INFO             PET0 ESMF_COMM                   : mpiuni
20221002 040620.832 INFO             PET0 ESMF_MOAB                   : enabled
20221002 040620.832 INFO             PET0 ESMF_LAPACK                 : enabled
20221002 040620.832 INFO             PET0 ESMF_NETCDF                 : disabled
20221002 040620.832 INFO             PET0 ESMF_PNETCDF                : disabled
20221002 040620.832 INFO             PET0 ESMF_PIO                    : disabled
20221002 040620.832 INFO             PET0 ESMF_YAMLCPP                : enabled
20221002 040620.833 INFO             PET0 ESMF Tracing Enabled
20221002 040620.833 INFO             PET0 ESMF Profiling Enabled
20221002 040620.833 INFO             PET0 ESMF Trace/Profile clock: REALTIME
20221002 040620.849 INFO             PET0  NUMBER_OF_PROCESSORS            1
20221002 040620.849 INFO             PET0  PASS  Example ESMF_TraceEx, ESMF_TraceEx.F90, line 178
20221002 040620.849 INFO             PET0 Finalizing ESMF
20221002 040620.849 INFO             PET0 **************** Region Timings *******************
20221002 040620.849 INFO             PET0 Region              Count  Total (s)   Self (s)    Mean (s)    Min (s)     Max (s)
20221002 040620.849 INFO             PET0   [ESMF]            1      0.0146      0.0146      0.0146      0.0146      0.0146
20221002 040620.849 INFO             PET0     [test] Init 1   1      0.0000      0.0000      0.0000      0.0000      0.0000
20221002 040620.849 INFO             PET0     [test] Run 1    5      0.0000      0.0000      0.0000      0.0000      0.0000
20221002 040620.849 INFO             PET0     [test] Final 1  1      0.0000      0.0000      0.0000      0.0000      0.0000
