2022-10-07 02:26:16
20221007 032909.356 INFO             PET0 !!!!!!!!!!!!!!!!!!!!!!!!!!!!!!!!!!!!!!!!!!!!!!!!!!!!!!
20221007 032909.356 INFO             PET0 !!! THE ESMF_LOG IS SET TO OUTPUT ALL LOG MESSAGES !!!
20221007 032909.356 INFO             PET0 !!!     THIS MAY CAUSE SLOWDOWN IN PERFORMANCE     !!!
20221007 032909.356 INFO             PET0 !!! FOR PRODUCTION RUNS, USE:                      !!!
20221007 032909.356 INFO             PET0 !!!                   ESMF_LOGKIND_Multi_On_Error  !!!
20221007 032909.356 INFO             PET0 !!!!!!!!!!!!!!!!!!!!!!!!!!!!!!!!!!!!!!!!!!!!!!!!!!!!!!
20221007 032909.356 INFO             PET0 Running with ESMF Version   : v8.4.0b18
20221007 032909.356 INFO             PET0 ESMF library build date/time: "Oct  7 2022" "02:20:20"
20221007 032909.356 INFO             PET0 ESMF library build location : /discover/nobackup/projects/sbu/mpotts/esmf-test/pgi_20.4_mpiuni_O_develop/esmf
20221007 032909.356 INFO             PET0 ESMF_COMM                   : mpiuni
20221007 032909.356 INFO             PET0 ESMF_MOAB                   : enabled
20221007 032909.356 INFO             PET0 ESMF_LAPACK                 : enabled
20221007 032909.356 INFO             PET0 ESMF_NETCDF                 : disabled
20221007 032909.356 INFO             PET0 ESMF_PNETCDF                : disabled
20221007 032909.356 INFO             PET0 ESMF_PIO                    : disabled
20221007 032909.356 INFO             PET0 ESMF_YAMLCPP                : enabled
20221007 032909.356 ERROR            PET0 ESMCI_State.C:982 ESMCI::State::read() Library needed by ESMF not present  - Internal subroutine call returned Error
20221007 032909.356 ERROR            PET0 ESMF_StateAPI.cppF90:3203 ESMF_StateRead Library needed by ESMF not present  - Internal subroutine call returned Error
20221007 032909.356 INFO             PET0  NUMBER_OF_PROCESSORS            1
20221007 032909.356 INFO             PET0  PASS  Example ESMF_StateReadWriteEx, ESMF_StateReadWriteEx.F90, line 185
20221007 032909.356 INFO             PET0 Finalizing ESMF
