2022-10-27 01:18:18
20221027 014704.756 INFO             PET0 !!!!!!!!!!!!!!!!!!!!!!!!!!!!!!!!!!!!!!!!!!!!!!!!!!!!!!
20221027 014704.756 INFO             PET0 !!! THE ESMF_LOG IS SET TO OUTPUT ALL LOG MESSAGES !!!
20221027 014704.756 INFO             PET0 !!!     THIS MAY CAUSE SLOWDOWN IN PERFORMANCE     !!!
20221027 014704.756 INFO             PET0 !!! FOR PRODUCTION RUNS, USE:                      !!!
20221027 014704.756 INFO             PET0 !!!                   ESMF_LOGKIND_Multi_On_Error  !!!
20221027 014704.756 INFO             PET0 !!!!!!!!!!!!!!!!!!!!!!!!!!!!!!!!!!!!!!!!!!!!!!!!!!!!!!
20221027 014704.756 INFO             PET0 Running with ESMF Version   : v8.4.0
20221027 014704.756 INFO             PET0 ESMF library build date/time: "Oct 27 2022" "01:16:47"
20221027 014704.756 INFO             PET0 ESMF library build location : /discover/nobackup/projects/sbu/mpotts/esmf-test/gfortran_8.3.0_intelmpi_g_v8.4.0/esmf
20221027 014704.756 INFO             PET0 ESMF_COMM                   : intelmpi
20221027 014704.756 INFO             PET0 ESMF_MOAB                   : enabled
20221027 014704.756 INFO             PET0 ESMF_LAPACK                 : enabled
20221027 014704.756 INFO             PET0 ESMF_NETCDF                 : disabled
20221027 014704.756 INFO             PET0 ESMF_PNETCDF                : disabled
20221027 014704.756 INFO             PET0 ESMF_PIO                    : disabled
20221027 014704.756 INFO             PET0 ESMF_YAMLCPP                : enabled
20221027 014704.858 DEBUG            PET0 about to destroy Grid: 0x857ea0
20221027 014704.869 DEBUG            PET0 about to destroy Grid: 0x859320
20221027 014704.901 INFO             PET0  NUMBER_OF_PROCESSORS           4
20221027 014704.901 INFO             PET0  PASS  Example ESMF_NUOPCAtmModelEx, ESMF_NUOPCAtmModelEx.F90, line 806
20221027 014704.901 INFO             PET0 Finalizing ESMF
20221027 014704.756 INFO             PET1 !!!!!!!!!!!!!!!!!!!!!!!!!!!!!!!!!!!!!!!!!!!!!!!!!!!!!!
20221027 014704.756 INFO             PET1 !!! THE ESMF_LOG IS SET TO OUTPUT ALL LOG MESSAGES !!!
20221027 014704.756 INFO             PET1 !!!     THIS MAY CAUSE SLOWDOWN IN PERFORMANCE     !!!
20221027 014704.756 INFO             PET1 !!! FOR PRODUCTION RUNS, USE:                      !!!
20221027 014704.756 INFO             PET1 !!!                   ESMF_LOGKIND_Multi_On_Error  !!!
20221027 014704.756 INFO             PET1 !!!!!!!!!!!!!!!!!!!!!!!!!!!!!!!!!!!!!!!!!!!!!!!!!!!!!!
20221027 014704.756 INFO             PET1 Running with ESMF Version   : v8.4.0
20221027 014704.756 INFO             PET1 ESMF library build date/time: "Oct 27 2022" "01:16:47"
20221027 014704.756 INFO             PET1 ESMF library build location : /discover/nobackup/projects/sbu/mpotts/esmf-test/gfortran_8.3.0_intelmpi_g_v8.4.0/esmf
20221027 014704.756 INFO             PET1 ESMF_COMM                   : intelmpi
20221027 014704.756 INFO             PET1 ESMF_MOAB                   : enabled
20221027 014704.756 INFO             PET1 ESMF_LAPACK                 : enabled
20221027 014704.756 INFO             PET1 ESMF_NETCDF                 : disabled
20221027 014704.756 INFO             PET1 ESMF_PNETCDF                : disabled
20221027 014704.756 INFO             PET1 ESMF_PIO                    : disabled
20221027 014704.756 INFO             PET1 ESMF_YAMLCPP                : enabled
20221027 014704.858 DEBUG            PET1 about to destroy Grid: 0x858ca0
20221027 014704.869 DEBUG            PET1 about to destroy Grid: 0x859880
20221027 014704.901 INFO             PET1  NUMBER_OF_PROCESSORS           4
20221027 014704.901 INFO             PET1  PASS  Example ESMF_NUOPCAtmModelEx, ESMF_NUOPCAtmModelEx.F90, line 806
20221027 014704.902 INFO             PET1 Finalizing ESMF
20221027 014704.757 INFO             PET2 !!!!!!!!!!!!!!!!!!!!!!!!!!!!!!!!!!!!!!!!!!!!!!!!!!!!!!
20221027 014704.757 INFO             PET2 !!! THE ESMF_LOG IS SET TO OUTPUT ALL LOG MESSAGES !!!
20221027 014704.757 INFO             PET2 !!!     THIS MAY CAUSE SLOWDOWN IN PERFORMANCE     !!!
20221027 014704.757 INFO             PET2 !!! FOR PRODUCTION RUNS, USE:                      !!!
20221027 014704.757 INFO             PET2 !!!                   ESMF_LOGKIND_Multi_On_Error  !!!
20221027 014704.757 INFO             PET2 !!!!!!!!!!!!!!!!!!!!!!!!!!!!!!!!!!!!!!!!!!!!!!!!!!!!!!
20221027 014704.757 INFO             PET2 Running with ESMF Version   : v8.4.0
20221027 014704.757 INFO             PET2 ESMF library build date/time: "Oct 27 2022" "01:16:47"
20221027 014704.757 INFO             PET2 ESMF library build location : /discover/nobackup/projects/sbu/mpotts/esmf-test/gfortran_8.3.0_intelmpi_g_v8.4.0/esmf
20221027 014704.757 INFO             PET2 ESMF_COMM                   : intelmpi
20221027 014704.757 INFO             PET2 ESMF_MOAB                   : enabled
20221027 014704.757 INFO             PET2 ESMF_LAPACK                 : enabled
20221027 014704.757 INFO             PET2 ESMF_NETCDF                 : disabled
20221027 014704.757 INFO             PET2 ESMF_PNETCDF                : disabled
20221027 014704.757 INFO             PET2 ESMF_PIO                    : disabled
20221027 014704.757 INFO             PET2 ESMF_YAMLCPP                : enabled
20221027 014704.858 DEBUG            PET2 about to destroy Grid: 0x858390
20221027 014704.869 DEBUG            PET2 about to destroy Grid: 0x859070
20221027 014704.902 INFO             PET2  NUMBER_OF_PROCESSORS           4
20221027 014704.902 INFO             PET2  PASS  Example ESMF_NUOPCAtmModelEx, ESMF_NUOPCAtmModelEx.F90, line 806
20221027 014704.902 INFO             PET2 Finalizing ESMF
20221027 014704.756 INFO             PET3 !!!!!!!!!!!!!!!!!!!!!!!!!!!!!!!!!!!!!!!!!!!!!!!!!!!!!!
20221027 014704.756 INFO             PET3 !!! THE ESMF_LOG IS SET TO OUTPUT ALL LOG MESSAGES !!!
20221027 014704.756 INFO             PET3 !!!     THIS MAY CAUSE SLOWDOWN IN PERFORMANCE     !!!
20221027 014704.757 INFO             PET3 !!! FOR PRODUCTION RUNS, USE:                      !!!
20221027 014704.757 INFO             PET3 !!!                   ESMF_LOGKIND_Multi_On_Error  !!!
20221027 014704.757 INFO             PET3 !!!!!!!!!!!!!!!!!!!!!!!!!!!!!!!!!!!!!!!!!!!!!!!!!!!!!!
20221027 014704.757 INFO             PET3 Running with ESMF Version   : v8.4.0
20221027 014704.757 INFO             PET3 ESMF library build date/time: "Oct 27 2022" "01:16:47"
20221027 014704.757 INFO             PET3 ESMF library build location : /discover/nobackup/projects/sbu/mpotts/esmf-test/gfortran_8.3.0_intelmpi_g_v8.4.0/esmf
20221027 014704.757 INFO             PET3 ESMF_COMM                   : intelmpi
20221027 014704.757 INFO             PET3 ESMF_MOAB                   : enabled
20221027 014704.757 INFO             PET3 ESMF_LAPACK                 : enabled
20221027 014704.757 INFO             PET3 ESMF_NETCDF                 : disabled
20221027 014704.757 INFO             PET3 ESMF_PNETCDF                : disabled
20221027 014704.757 INFO             PET3 ESMF_PIO                    : disabled
20221027 014704.757 INFO             PET3 ESMF_YAMLCPP                : enabled
20221027 014704.858 DEBUG            PET3 about to destroy Grid: 0x857f30
20221027 014704.869 DEBUG            PET3 about to destroy Grid: 0x858da0
20221027 014704.902 INFO             PET3  NUMBER_OF_PROCESSORS           4
20221027 014704.902 INFO             PET3  PASS  Example ESMF_NUOPCAtmModelEx, ESMF_NUOPCAtmModelEx.F90, line 806
20221027 014704.902 INFO             PET3 Finalizing ESMF
