2022-09-29 03:14:50
20220929 033726.883 INFO             PET0 !!!!!!!!!!!!!!!!!!!!!!!!!!!!!!!!!!!!!!!!!!!!!!!!!!!!!!
20220929 033726.883 INFO             PET0 !!! THE ESMF_LOG IS SET TO OUTPUT ALL LOG MESSAGES !!!
20220929 033726.883 INFO             PET0 !!!     THIS MAY CAUSE SLOWDOWN IN PERFORMANCE     !!!
20220929 033726.883 INFO             PET0 !!! FOR PRODUCTION RUNS, USE:                      !!!
20220929 033726.883 INFO             PET0 !!!                   ESMF_LOGKIND_Multi_On_Error  !!!
20220929 033726.883 INFO             PET0 !!!!!!!!!!!!!!!!!!!!!!!!!!!!!!!!!!!!!!!!!!!!!!!!!!!!!!
20220929 033726.883 INFO             PET0 Running with ESMF Version   : v8.4.0b15-2-gd51be3c978
20220929 033726.883 INFO             PET0 ESMF library build date/time: "Sep 29 2022" "03:13:43"
20220929 033726.883 INFO             PET0 ESMF library build location : /scratch1/NCEPDEV/stmp2/Rocky.Dunlap/esmf-testing/gfortran_9.2.0a_mpiuni_g_update_json/esmf
20220929 033726.883 INFO             PET0 ESMF_COMM                   : mpiuni
20220929 033726.884 INFO             PET0 ESMF_MOAB                   : enabled
20220929 033726.884 INFO             PET0 ESMF_LAPACK                 : enabled
20220929 033726.884 INFO             PET0 ESMF_NETCDF                 : enabled
20220929 033726.884 INFO             PET0 ESMF_PNETCDF                : disabled
20220929 033726.884 INFO             PET0 ESMF_PIO                    : disabled
20220929 033726.884 INFO             PET0 ESMF_YAMLCPP                : enabled
20220929 033726.947 DEBUG            PET0 about to destroy Grid: 0x1ecb250
20220929 033726.958 DEBUG            PET0 about to destroy Grid: 0x1ecc770
20220929 033726.988 INFO             PET0  NUMBER_OF_PROCESSORS           1
20220929 033726.988 INFO             PET0  PASS  Example ESMF_NUOPCAtmModelEx, ESMF_NUOPCAtmModelEx.F90, line 806
20220929 033726.988 INFO             PET0 Finalizing ESMF
