2022-10-13 00:48:17
20221013 012656.929 INFO             PET0 !!!!!!!!!!!!!!!!!!!!!!!!!!!!!!!!!!!!!!!!!!!!!!!!!!!!!!
20221013 012656.929 INFO             PET0 !!! THE ESMF_LOG IS SET TO OUTPUT ALL LOG MESSAGES !!!
20221013 012656.929 INFO             PET0 !!!     THIS MAY CAUSE SLOWDOWN IN PERFORMANCE     !!!
20221013 012656.929 INFO             PET0 !!! FOR PRODUCTION RUNS, USE:                      !!!
20221013 012656.929 INFO             PET0 !!!                   ESMF_LOGKIND_Multi_On_Error  !!!
20221013 012656.929 INFO             PET0 !!!!!!!!!!!!!!!!!!!!!!!!!!!!!!!!!!!!!!!!!!!!!!!!!!!!!!
20221013 012656.929 INFO             PET0 Running with ESMF Version   : v8.4.0b18-6-gc2de0893c1
20221013 012656.929 INFO             PET0 ESMF library build date/time: "Oct 13 2022" "00:46:22"
20221013 012656.930 INFO             PET0 ESMF library build location : /lustre/f2/dev/Mark.Potts/esmf-test/intel_2019.5_mpi_O_develop/esmf
20221013 012656.930 INFO             PET0 ESMF_COMM                   : mpi
20221013 012656.931 INFO             PET0 ESMF_MOAB                   : enabled
20221013 012656.931 INFO             PET0 ESMF_LAPACK                 : enabled
20221013 012656.931 INFO             PET0 ESMF_NETCDF                 : enabled
20221013 012656.931 INFO             PET0 ESMF_PNETCDF                : disabled
20221013 012656.931 INFO             PET0 ESMF_PIO                    : enabled
20221013 012656.931 INFO             PET0 ESMF_YAMLCPP                : enabled
20221013 012656.959 INFO             PET0  NUMBER_OF_PROCESSORS           4
20221013 012656.959 INFO             PET0  PASS  Example ESMF_LocStreamEx, ESMF_LocStreamEx.F90, line 784
20221013 012656.959 INFO             PET0 Finalizing ESMF
20221013 012656.929 INFO             PET1 !!!!!!!!!!!!!!!!!!!!!!!!!!!!!!!!!!!!!!!!!!!!!!!!!!!!!!
20221013 012656.929 INFO             PET1 !!! THE ESMF_LOG IS SET TO OUTPUT ALL LOG MESSAGES !!!
20221013 012656.929 INFO             PET1 !!!     THIS MAY CAUSE SLOWDOWN IN PERFORMANCE     !!!
20221013 012656.929 INFO             PET1 !!! FOR PRODUCTION RUNS, USE:                      !!!
20221013 012656.929 INFO             PET1 !!!                   ESMF_LOGKIND_Multi_On_Error  !!!
20221013 012656.929 INFO             PET1 !!!!!!!!!!!!!!!!!!!!!!!!!!!!!!!!!!!!!!!!!!!!!!!!!!!!!!
20221013 012656.929 INFO             PET1 Running with ESMF Version   : v8.4.0b18-6-gc2de0893c1
20221013 012656.929 INFO             PET1 ESMF library build date/time: "Oct 13 2022" "00:46:22"
20221013 012656.929 INFO             PET1 ESMF library build location : /lustre/f2/dev/Mark.Potts/esmf-test/intel_2019.5_mpi_O_develop/esmf
20221013 012656.929 INFO             PET1 ESMF_COMM                   : mpi
20221013 012656.930 INFO             PET1 ESMF_MOAB                   : enabled
20221013 012656.930 INFO             PET1 ESMF_LAPACK                 : enabled
20221013 012656.930 INFO             PET1 ESMF_NETCDF                 : enabled
20221013 012656.930 INFO             PET1 ESMF_PNETCDF                : disabled
20221013 012656.930 INFO             PET1 ESMF_PIO                    : enabled
20221013 012656.930 INFO             PET1 ESMF_YAMLCPP                : enabled
20221013 012656.959 INFO             PET1  NUMBER_OF_PROCESSORS           4
20221013 012656.959 INFO             PET1  PASS  Example ESMF_LocStreamEx, ESMF_LocStreamEx.F90, line 784
20221013 012656.959 INFO             PET1 Finalizing ESMF
20221013 012656.937 INFO             PET2 !!!!!!!!!!!!!!!!!!!!!!!!!!!!!!!!!!!!!!!!!!!!!!!!!!!!!!
20221013 012656.937 INFO             PET2 !!! THE ESMF_LOG IS SET TO OUTPUT ALL LOG MESSAGES !!!
20221013 012656.937 INFO             PET2 !!!     THIS MAY CAUSE SLOWDOWN IN PERFORMANCE     !!!
20221013 012656.937 INFO             PET2 !!! FOR PRODUCTION RUNS, USE:                      !!!
20221013 012656.937 INFO             PET2 !!!                   ESMF_LOGKIND_Multi_On_Error  !!!
20221013 012656.937 INFO             PET2 !!!!!!!!!!!!!!!!!!!!!!!!!!!!!!!!!!!!!!!!!!!!!!!!!!!!!!
20221013 012656.937 INFO             PET2 Running with ESMF Version   : v8.4.0b18-6-gc2de0893c1
20221013 012656.937 INFO             PET2 ESMF library build date/time: "Oct 13 2022" "00:46:22"
20221013 012656.937 INFO             PET2 ESMF library build location : /lustre/f2/dev/Mark.Potts/esmf-test/intel_2019.5_mpi_O_develop/esmf
20221013 012656.937 INFO             PET2 ESMF_COMM                   : mpi
20221013 012656.938 INFO             PET2 ESMF_MOAB                   : enabled
20221013 012656.938 INFO             PET2 ESMF_LAPACK                 : enabled
20221013 012656.938 INFO             PET2 ESMF_NETCDF                 : enabled
20221013 012656.938 INFO             PET2 ESMF_PNETCDF                : disabled
20221013 012656.938 INFO             PET2 ESMF_PIO                    : enabled
20221013 012656.938 INFO             PET2 ESMF_YAMLCPP                : enabled
20221013 012656.959 INFO             PET2  NUMBER_OF_PROCESSORS           4
20221013 012656.959 INFO             PET2  PASS  Example ESMF_LocStreamEx, ESMF_LocStreamEx.F90, line 784
20221013 012656.959 INFO             PET2 Finalizing ESMF
20221013 012656.938 INFO             PET3 !!!!!!!!!!!!!!!!!!!!!!!!!!!!!!!!!!!!!!!!!!!!!!!!!!!!!!
20221013 012656.938 INFO             PET3 !!! THE ESMF_LOG IS SET TO OUTPUT ALL LOG MESSAGES !!!
20221013 012656.938 INFO             PET3 !!!     THIS MAY CAUSE SLOWDOWN IN PERFORMANCE     !!!
20221013 012656.938 INFO             PET3 !!! FOR PRODUCTION RUNS, USE:                      !!!
20221013 012656.938 INFO             PET3 !!!                   ESMF_LOGKIND_Multi_On_Error  !!!
20221013 012656.938 INFO             PET3 !!!!!!!!!!!!!!!!!!!!!!!!!!!!!!!!!!!!!!!!!!!!!!!!!!!!!!
20221013 012656.938 INFO             PET3 Running with ESMF Version   : v8.4.0b18-6-gc2de0893c1
20221013 012656.938 INFO             PET3 ESMF library build date/time: "Oct 13 2022" "00:46:22"
20221013 012656.938 INFO             PET3 ESMF library build location : /lustre/f2/dev/Mark.Potts/esmf-test/intel_2019.5_mpi_O_develop/esmf
20221013 012656.938 INFO             PET3 ESMF_COMM                   : mpi
20221013 012656.939 INFO             PET3 ESMF_MOAB                   : enabled
20221013 012656.939 INFO             PET3 ESMF_LAPACK                 : enabled
20221013 012656.939 INFO             PET3 ESMF_NETCDF                 : enabled
20221013 012656.939 INFO             PET3 ESMF_PNETCDF                : disabled
20221013 012656.939 INFO             PET3 ESMF_PIO                    : enabled
20221013 012656.939 INFO             PET3 ESMF_YAMLCPP                : enabled
20221013 012656.959 INFO             PET3  NUMBER_OF_PROCESSORS           4
20221013 012656.959 INFO             PET3  PASS  Example ESMF_LocStreamEx, ESMF_LocStreamEx.F90, line 784
20221013 012656.959 INFO             PET3 Finalizing ESMF
