2022-10-08 00:46:53
20221008 012509.051 INFO             PET0 !!!!!!!!!!!!!!!!!!!!!!!!!!!!!!!!!!!!!!!!!!!!!!!!!!!!!!
20221008 012509.051 INFO             PET0 !!! THE ESMF_LOG IS SET TO OUTPUT ALL LOG MESSAGES !!!
20221008 012509.051 INFO             PET0 !!!     THIS MAY CAUSE SLOWDOWN IN PERFORMANCE     !!!
20221008 012509.051 INFO             PET0 !!! FOR PRODUCTION RUNS, USE:                      !!!
20221008 012509.051 INFO             PET0 !!!                   ESMF_LOGKIND_Multi_On_Error  !!!
20221008 012509.051 INFO             PET0 !!!!!!!!!!!!!!!!!!!!!!!!!!!!!!!!!!!!!!!!!!!!!!!!!!!!!!
20221008 012509.051 INFO             PET0 Running with ESMF Version   : v8.4.0b18
20221008 012509.051 INFO             PET0 ESMF library build date/time: "Oct  8 2022" "00:45:02"
20221008 012509.051 INFO             PET0 ESMF library build location : /lustre/f2/dev/Mark.Potts/esmf-test/intel_2019.5_mpi_O_develop/esmf
20221008 012509.051 INFO             PET0 ESMF_COMM                   : mpi
20221008 012509.052 INFO             PET0 ESMF_MOAB                   : enabled
20221008 012509.052 INFO             PET0 ESMF_LAPACK                 : enabled
20221008 012509.052 INFO             PET0 ESMF_NETCDF                 : enabled
20221008 012509.052 INFO             PET0 ESMF_PNETCDF                : disabled
20221008 012509.052 INFO             PET0 ESMF_PIO                    : enabled
20221008 012509.052 INFO             PET0 ESMF_YAMLCPP                : enabled
20221008 012509.059 INFO             PET0  NUMBER_OF_PROCESSORS           4
20221008 012509.059 INFO             PET0  PASS  Example ESMF_StateEx, ESMF_StateEx.F90, line 237
20221008 012509.059 INFO             PET0 Finalizing ESMF
20221008 012509.043 INFO             PET1 !!!!!!!!!!!!!!!!!!!!!!!!!!!!!!!!!!!!!!!!!!!!!!!!!!!!!!
20221008 012509.043 INFO             PET1 !!! THE ESMF_LOG IS SET TO OUTPUT ALL LOG MESSAGES !!!
20221008 012509.043 INFO             PET1 !!!     THIS MAY CAUSE SLOWDOWN IN PERFORMANCE     !!!
20221008 012509.043 INFO             PET1 !!! FOR PRODUCTION RUNS, USE:                      !!!
20221008 012509.043 INFO             PET1 !!!                   ESMF_LOGKIND_Multi_On_Error  !!!
20221008 012509.043 INFO             PET1 !!!!!!!!!!!!!!!!!!!!!!!!!!!!!!!!!!!!!!!!!!!!!!!!!!!!!!
20221008 012509.043 INFO             PET1 Running with ESMF Version   : v8.4.0b18
20221008 012509.043 INFO             PET1 ESMF library build date/time: "Oct  8 2022" "00:45:02"
20221008 012509.043 INFO             PET1 ESMF library build location : /lustre/f2/dev/Mark.Potts/esmf-test/intel_2019.5_mpi_O_develop/esmf
20221008 012509.043 INFO             PET1 ESMF_COMM                   : mpi
20221008 012509.044 INFO             PET1 ESMF_MOAB                   : enabled
20221008 012509.044 INFO             PET1 ESMF_LAPACK                 : enabled
20221008 012509.044 INFO             PET1 ESMF_NETCDF                 : enabled
20221008 012509.044 INFO             PET1 ESMF_PNETCDF                : disabled
20221008 012509.044 INFO             PET1 ESMF_PIO                    : enabled
20221008 012509.044 INFO             PET1 ESMF_YAMLCPP                : enabled
20221008 012509.059 INFO             PET1  NUMBER_OF_PROCESSORS           4
20221008 012509.059 INFO             PET1  PASS  Example ESMF_StateEx, ESMF_StateEx.F90, line 237
20221008 012509.059 INFO             PET1 Finalizing ESMF
20221008 012509.056 INFO             PET2 !!!!!!!!!!!!!!!!!!!!!!!!!!!!!!!!!!!!!!!!!!!!!!!!!!!!!!
20221008 012509.056 INFO             PET2 !!! THE ESMF_LOG IS SET TO OUTPUT ALL LOG MESSAGES !!!
20221008 012509.056 INFO             PET2 !!!     THIS MAY CAUSE SLOWDOWN IN PERFORMANCE     !!!
20221008 012509.056 INFO             PET2 !!! FOR PRODUCTION RUNS, USE:                      !!!
20221008 012509.056 INFO             PET2 !!!                   ESMF_LOGKIND_Multi_On_Error  !!!
20221008 012509.056 INFO             PET2 !!!!!!!!!!!!!!!!!!!!!!!!!!!!!!!!!!!!!!!!!!!!!!!!!!!!!!
20221008 012509.056 INFO             PET2 Running with ESMF Version   : v8.4.0b18
20221008 012509.056 INFO             PET2 ESMF library build date/time: "Oct  8 2022" "00:45:02"
20221008 012509.056 INFO             PET2 ESMF library build location : /lustre/f2/dev/Mark.Potts/esmf-test/intel_2019.5_mpi_O_develop/esmf
20221008 012509.056 INFO             PET2 ESMF_COMM                   : mpi
20221008 012509.057 INFO             PET2 ESMF_MOAB                   : enabled
20221008 012509.057 INFO             PET2 ESMF_LAPACK                 : enabled
20221008 012509.057 INFO             PET2 ESMF_NETCDF                 : enabled
20221008 012509.057 INFO             PET2 ESMF_PNETCDF                : disabled
20221008 012509.057 INFO             PET2 ESMF_PIO                    : enabled
20221008 012509.057 INFO             PET2 ESMF_YAMLCPP                : enabled
20221008 012509.059 INFO             PET2  NUMBER_OF_PROCESSORS           4
20221008 012509.059 INFO             PET2  PASS  Example ESMF_StateEx, ESMF_StateEx.F90, line 237
20221008 012509.059 INFO             PET2 Finalizing ESMF
20221008 012509.056 INFO             PET3 !!!!!!!!!!!!!!!!!!!!!!!!!!!!!!!!!!!!!!!!!!!!!!!!!!!!!!
20221008 012509.056 INFO             PET3 !!! THE ESMF_LOG IS SET TO OUTPUT ALL LOG MESSAGES !!!
20221008 012509.056 INFO             PET3 !!!     THIS MAY CAUSE SLOWDOWN IN PERFORMANCE     !!!
20221008 012509.056 INFO             PET3 !!! FOR PRODUCTION RUNS, USE:                      !!!
20221008 012509.056 INFO             PET3 !!!                   ESMF_LOGKIND_Multi_On_Error  !!!
20221008 012509.056 INFO             PET3 !!!!!!!!!!!!!!!!!!!!!!!!!!!!!!!!!!!!!!!!!!!!!!!!!!!!!!
20221008 012509.056 INFO             PET3 Running with ESMF Version   : v8.4.0b18
20221008 012509.056 INFO             PET3 ESMF library build date/time: "Oct  8 2022" "00:45:02"
20221008 012509.056 INFO             PET3 ESMF library build location : /lustre/f2/dev/Mark.Potts/esmf-test/intel_2019.5_mpi_O_develop/esmf
20221008 012509.056 INFO             PET3 ESMF_COMM                   : mpi
20221008 012509.057 INFO             PET3 ESMF_MOAB                   : enabled
20221008 012509.057 INFO             PET3 ESMF_LAPACK                 : enabled
20221008 012509.057 INFO             PET3 ESMF_NETCDF                 : enabled
20221008 012509.057 INFO             PET3 ESMF_PNETCDF                : disabled
20221008 012509.057 INFO             PET3 ESMF_PIO                    : enabled
20221008 012509.057 INFO             PET3 ESMF_YAMLCPP                : enabled
20221008 012509.059 INFO             PET3  NUMBER_OF_PROCESSORS           4
20221008 012509.059 INFO             PET3  PASS  Example ESMF_StateEx, ESMF_StateEx.F90, line 237
20221008 012509.059 INFO             PET3 Finalizing ESMF
