2022-09-29 01:28:31
20220929 020450.612 INFO             PET0 !!!!!!!!!!!!!!!!!!!!!!!!!!!!!!!!!!!!!!!!!!!!!!!!!!!!!!
20220929 020450.612 INFO             PET0 !!! THE ESMF_LOG IS SET TO OUTPUT ALL LOG MESSAGES !!!
20220929 020450.612 INFO             PET0 !!!     THIS MAY CAUSE SLOWDOWN IN PERFORMANCE     !!!
20220929 020450.612 INFO             PET0 !!! FOR PRODUCTION RUNS, USE:                      !!!
20220929 020450.612 INFO             PET0 !!!                   ESMF_LOGKIND_Multi_On_Error  !!!
20220929 020450.612 INFO             PET0 !!!!!!!!!!!!!!!!!!!!!!!!!!!!!!!!!!!!!!!!!!!!!!!!!!!!!!
20220929 020450.612 INFO             PET0 Running with ESMF Version   : v8.4.0b15-3-g3dcba377fa
20220929 020450.612 INFO             PET0 ESMF library build date/time: "Sep 29 2022" "01:26:48"
20220929 020450.612 INFO             PET0 ESMF library build location : /lustre/f2/dev/Mark.Potts/esmf-test/intel_2019.5_mpi_O_develop/esmf
20220929 020450.612 INFO             PET0 ESMF_COMM                   : mpi
20220929 020450.613 INFO             PET0 ESMF_MOAB                   : enabled
20220929 020450.613 INFO             PET0 ESMF_LAPACK                 : enabled
20220929 020450.613 INFO             PET0 ESMF_NETCDF                 : enabled
20220929 020450.613 INFO             PET0 ESMF_PNETCDF                : disabled
20220929 020450.613 INFO             PET0 ESMF_PIO                    : enabled
20220929 020450.613 INFO             PET0 ESMF_YAMLCPP                : enabled
20220929 020450.614 INFO             PET0  NUMBER_OF_PROCESSORS           1
20220929 020450.614 INFO             PET0  PASS  Example ESMF_AlarmEx, ESMF_AlarmEx.F90, line 244
20220929 020450.614 INFO             PET0 Finalizing ESMF
