2022-10-26 03:10:59
Manually adding connectors: DISABLED
NUOPC_DriverIngestRunSequence autoAddConnectors: .TRUE.
[Orion-01-23:362771:0:362771] Caught signal 11 (Segmentation fault: address not mapped to object at address 0x4f1b591)
[Orion-01-23:362769:0:362769] Caught signal 11 (Segmentation fault: address not mapped to object at address 0x4f1b591)
[Orion-01-23:362770:0:362770] Caught signal 11 (Segmentation fault: address not mapped to object at address 0x4f1b591)
[Orion-01-23:362772:0:362772] Caught signal 11 (Segmentation fault: address not mapped to object at address 0x4f1b591)

/work/noaa/da/mpotts/sandbox/pgi_2019_openmpi_g_v8.4.0/esmf/src/Infrastructure/LogErr/src/ESMCI_LogErr.C: [ ESMCI::LogErr::MsgFoundError() ]

/work/noaa/da/mpotts/sandbox/pgi_2019_openmpi_g_v8.4.0/esmf/src/Infrastructure/LogErr/src/ESMCI_LogErr.C: [ ESMCI::LogErr::MsgFoundError() ]
      ...
      ...
      583 {
      583 {
      584     bool result=false;
      585 #ifdef ESMC_SUCCESSDEFAULT_ON
==>   586     if (rcToReturn != ESMC_NULL_POINTER) *rcToReturn=ESMF_SUCCESS;
      587 #endif
      588     if (trace) {
      589         Write(ESMC_METHOD,ESMC_LOGMSG_TRACE,
      584     bool result=false;
      585 #ifdef ESMC_SUCCESSDEFAULT_ON
==>   586     if (rcToReturn != ESMC_NULL_POINTER) *rcToReturn=ESMF_SUCCESS;
      587 #endif
      588     if (trace) {
      589         Write(ESMC_METHOD,ESMC_LOGMSG_TRACE,



/work/noaa/da/mpotts/sandbox/pgi_2019_openmpi_g_v8.4.0/esmf/src/Infrastructure/LogErr/src/ESMCI_LogErr.C: [ ESMCI::LogErr::MsgFoundError() ]
      ...

/work/noaa/da/mpotts/sandbox/pgi_2019_openmpi_g_v8.4.0/esmf/src/Infrastructure/LogErr/src/ESMCI_LogErr.C: [ ESMCI::LogErr::MsgFoundError() ]
      ...
      583 {
      584     bool result=false;
      585 #ifdef ESMC_SUCCESSDEFAULT_ON
==>   586     if (rcToReturn != ESMC_NULL_POINTER) *rcToReturn=ESMF_SUCCESS;
      587 #endif
      588     if (trace) {
      589         Write(ESMC_METHOD,ESMC_LOGMSG_TRACE,
      583 {
      584     bool result=false;
      585 #ifdef ESMC_SUCCESSDEFAULT_ON
==>   586     if (rcToReturn != ESMC_NULL_POINTER) *rcToReturn=ESMF_SUCCESS;
      587 #endif
      588     if (trace) {
      589         Write(ESMC_METHOD,ESMC_LOGMSG_TRACE,


==== backtrace (tid: 362771) ====
 0 0x00000000012005d4 ESMCI::LogErr::MsgFoundError()  /work/noaa/da/mpotts/sandbox/pgi_2019_openmpi_g_v8.4.0/esmf/src/Infrastructure/LogErr/src/ESMCI_LogErr.C:586
 1 0x00000000013e4b01 ESMCI::MeshCap::meshcreatenodedistgrid()  /work/noaa/da/mpotts/sandbox/pgi_2019_openmpi_g_v8.4.0/esmf/src/Infrastructure/Mesh/src/ESMCI_MeshCap.C:1754
 2 0x000000000142a667 c_esmc_meshcreatenodedistgrid_()  /work/noaa/da/mpotts/sandbox/pgi_2019_openmpi_g_v8.4.0/esmf/src/Infrastructure/Mesh/interface/ESMCI_Mesh_F.C:247
 3 0x00000000020f92c8 esmf_meshmod_esmf_meshcreatefrompointer_()  /work/noaa/da/mpotts/sandbox/pgi_2019_openmpi_g_v8.4.0/esmf/src/Infrastructure/Mesh/interface/ESMF_Mesh.F90:3091
 4 0x0000000001f27b60 esmf_gridutilmod_esmf_gridtomesh_()  /work/noaa/da/mpotts/sandbox/pgi_2019_openmpi_g_v8.4.0/esmf/src/Infrastructure/GridUtil/interface/ESMF_GridUtil.F90:453
 5 0x0000000001dcd58b esmf_fieldregridmod_b_or_p_gridtomesh_()  /work/noaa/da/mpotts/sandbox/pgi_2019_openmpi_g_v8.4.0/esmf/src/Infrastructure/Field/src/ESMF_FieldRegrid.F90:3228
 6 0x0000000001dc896b esmf_fieldregridmod_getmeshwithnodesonfieldloc_()  /work/noaa/da/mpotts/sandbox/pgi_2019_openmpi_g_v8.4.0/esmf/src/Infrastructure/Field/src/ESMF_FieldRegrid.F90:1346
 7 0x0000000001dc62b9 esmf_fieldregridmod_esmf_fieldregridstorenx_()  /work/noaa/da/mpotts/sandbox/pgi_2019_openmpi_g_v8.4.0/esmf/src/Infrastructure/Field/src/ESMF_FieldRegrid.F90:971
 8 0x0000000002566774 nuopc_connector_fieldbundlecplstore_()  /work/noaa/da/mpotts/sandbox/pgi_2019_openmpi_g_v8.4.0/esmf/src/addon/NUOPC/src/NUOPC_Connector.F90:7919
 9 0x000000000253bd77 nuopc_connector_initializeipdv05p6b_()  /work/noaa/da/mpotts/sandbox/pgi_2019_openmpi_g_v8.4.0/esmf/src/addon/NUOPC/src/NUOPC_Connector.F90:5386
10 0x0000000001071f57 ESMCI::FTable::callVFuncPtr()  /work/noaa/da/mpotts/sandbox/pgi_2019_openmpi_g_v8.4.0/esmf/src/Superstructure/Component/src/ESMCI_FTable.C:2167
11 0x000000000106de5c ESMCI_FTableCallEntryPointVMHop()  /work/noaa/da/mpotts/sandbox/pgi_2019_openmpi_g_v8.4.0/esmf/src/Superstructure/Component/src/ESMCI_FTable.C:824
12 0x00000000017b4bcf ESMCI::VMK::enter()  /work/noaa/da/mpotts/sandbox/pgi_2019_openmpi_g_v8.4.0/esmf/src/Infrastructure/VM/src/ESMCI_VMKernel.C:2320
13 0x00000000017d91dd ESMCI::VM::enter()  /work/noaa/da/mpotts/sandbox/pgi_2019_openmpi_g_v8.4.0/esmf/src/Infrastructure/VM/src/ESMCI_VM.C:1216
14 0x000000000106e321 c_esmc_ftablecallentrypointvm_()  /work/noaa/da/mpotts/sandbox/pgi_2019_openmpi_g_v8.4.0/esmf/src/Superstructure/Component/src/ESMCI_FTable.C:981
15 0x0000000001b22ca5 esmf_compmod_esmf_compexecute_()  /work/noaa/da/mpotts/sandbox/pgi_2019_openmpi_g_v8.4.0/esmf/src/Superstructure/Component/src/ESMF_Comp.F90:1223
16 0x0000000001b3dd11 esmf_cplcompmod_esmf_cplcompinitialize_()  /work/noaa/da/mpotts/sandbox/pgi_2019_openmpi_g_v8.4.0/esmf/src/Superstructure/Component/src/ESMF_CplComp.F90:1165
17 0x00000000025a0556 nuopc_driver_loopconnectorcompss_()  /work/noaa/da/mpotts/sandbox/pgi_2019_openmpi_g_v8.4.0/esmf/src/addon/NUOPC/src/NUOPC_Driver.F90:2869
18 0x0000000002591ba1 nuopc_driver_initializeipdv02p3_()  /work/noaa/da/mpotts/sandbox/pgi_2019_openmpi_g_v8.4.0/esmf/src/addon/NUOPC/src/NUOPC_Driver.F90:2020
19 0x000000000257180e nuopc_driver_initializegeneric_()  /work/noaa/da/mpotts/sandbox/pgi_2019_openmpi_g_v8.4.0/esmf/src/addon/NUOPC/src/NUOPC_Driver.F90:479
20 0x0000000001071f57 ESMCI::FTable::callVFuncPtr()  /work/noaa/da/mpotts/sandbox/pgi_2019_openmpi_g_v8.4.0/esmf/src/Superstructure/Component/src/ESMCI_FTable.C:2167
21 0x000000000106de5c ESMCI_FTableCallEntryPointVMHop()  /work/noaa/da/mpotts/sandbox/pgi_2019_openmpi_g_v8.4.0/esmf/src/Superstructure/Component/src/ESMCI_FTable.C:824
22 0x00000000017b4bcf ESMCI::VMK::enter()  /work/noaa/da/mpotts/sandbox/pgi_2019_openmpi_g_v8.4.0/esmf/src/Infrastructure/VM/src/ESMCI_VMKernel.C:2320
23 0x00000000017d91dd ESMCI::VM::enter()  /work/noaa/da/mpotts/sandbox/pgi_2019_openmpi_g_v8.4.0/esmf/src/Infrastructure/VM/src/ESMCI_VM.C:1216
==== backtrace (tid: 362769) ====
24 0x000000000106e321 c_esmc_ftablecallentrypointvm_()  /work/noaa/da/mpotts/sandbox/pgi_2019_openmpi_g_v8.4.0/esmf/src/Superstructure/Component/src/ESMCI_FTable.C:981
25 0x0000000001b22ca5 esmf_compmod_esmf_compexecute_()  /work/noaa/da/mpotts/sandbox/pgi_2019_openmpi_g_v8.4.0/esmf/src/Superstructure/Component/src/ESMF_Comp.F90:1223
26 0x0000000001e327e1 esmf_gridcompmod_esmf_gridcompinitialize_()  /work/noaa/da/mpotts/sandbox/pgi_2019_openmpi_g_v8.4.0/esmf/src/Superstructure/Component/src/ESMF_GridComp.F90:1412
27 0x000000000040828b MAIN_()  /work/noaa/da/mpotts/sandbox/pgi_2019_openmpi_g_v8.4.0/nuopc-app-prototypes/AtmOcnConOptsProto/esmApp.F90:66
28 0x0000000000407c83 main()  ???:0
29 0x0000000000022495 __libc_start_main()  ???:0
30 0x0000000000407b89 _start()  ???:0
=================================
[Orion-01-23:362771] *** Process received signal ***
[Orion-01-23:362771] Signal: Segmentation fault (11)
[Orion-01-23:362771] Signal code:  (-6)
[Orion-01-23:362771] Failing at address: 0x20e500058913
 0 0x00000000012005d4 ESMCI::LogErr::MsgFoundError()  /work/noaa/da/mpotts/sandbox/pgi_2019_openmpi_g_v8.4.0/esmf/src/Infrastructure/LogErr/src/ESMCI_LogErr.C:586
 1 0x00000000013e4b01 ESMCI::MeshCap::meshcreatenodedistgrid()  /work/noaa/da/mpotts/sandbox/pgi_2019_openmpi_g_v8.4.0/esmf/src/Infrastructure/Mesh/src/ESMCI_MeshCap.C:1754
 2 0x000000000142a667 c_esmc_meshcreatenodedistgrid_()  /work/noaa/da/mpotts/sandbox/pgi_2019_openmpi_g_v8.4.0/esmf/src/Infrastructure/Mesh/interface/ESMCI_Mesh_F.C:247
 3 0x00000000020f92c8 esmf_meshmod_esmf_meshcreatefrompointer_()  /work/noaa/da/mpotts/sandbox/pgi_2019_openmpi_g_v8.4.0/esmf/src/Infrastructure/Mesh/interface/ESMF_Mesh.F90:3091
 4 0x0000000001f27b60 esmf_gridutilmod_esmf_gridtomesh_()  /work/noaa/da/mpotts/sandbox/pgi_2019_openmpi_g_v8.4.0/esmf/src/Infrastructure/GridUtil/interface/ESMF_GridUtil.F90:453
 5 0x0000000001dcd58b esmf_fieldregridmod_b_or_p_gridtomesh_()  /work/noaa/da/mpotts/sandbox/pgi_2019_openmpi_g_v8.4.0/esmf/src/Infrastructure/Field/src/ESMF_FieldRegrid.F90:3228
 6 0x0000000001dc896b esmf_fieldregridmod_getmeshwithnodesonfieldloc_()  /work/noaa/da/mpotts/sandbox/pgi_2019_openmpi_g_v8.4.0/esmf/src/Infrastructure/Field/src/ESMF_FieldRegrid.F90:1346
 7 0x0000000001dc62b9 esmf_fieldregridmod_esmf_fieldregridstorenx_()  /work/noaa/da/mpotts/sandbox/pgi_2019_openmpi_g_v8.4.0/esmf/src/Infrastructure/Field/src/ESMF_FieldRegrid.F90:971
 8 0x0000000002566774 nuopc_connector_fieldbundlecplstore_()  /work/noaa/da/mpotts/sandbox/pgi_2019_openmpi_g_v8.4.0/esmf/src/addon/NUOPC/src/NUOPC_Connector.F90:7919
 9 0x000000000253bd77 nuopc_connector_initializeipdv05p6b_()  /work/noaa/da/mpotts/sandbox/pgi_2019_openmpi_g_v8.4.0/esmf/src/addon/NUOPC/src/NUOPC_Connector.F90:5386
10 0x0000000001071f57 ESMCI::FTable::callVFuncPtr()  /work/noaa/da/mpotts/sandbox/pgi_2019_openmpi_g_v8.4.0/esmf/src/Superstructure/Component/src/ESMCI_FTable.C:2167
11 0x000000000106de5c ESMCI_FTableCallEntryPointVMHop()  /work/noaa/da/mpotts/sandbox/pgi_2019_openmpi_g_v8.4.0/esmf/src/Superstructure/Component/src/ESMCI_FTable.C:824
12 0x00000000017b4bcf ESMCI::VMK::enter()  /work/noaa/da/mpotts/sandbox/pgi_2019_openmpi_g_v8.4.0/esmf/src/Infrastructure/VM/src/ESMCI_VMKernel.C:2320
13 0x00000000017d91dd ESMCI::VM::enter()  /work/noaa/da/mpotts/sandbox/pgi_2019_openmpi_g_v8.4.0/esmf/src/Infrastructure/VM/src/ESMCI_VM.C:1216
14 0x000000000106e321 c_esmc_ftablecallentrypointvm_()  /work/noaa/da/mpotts/sandbox/pgi_2019_openmpi_g_v8.4.0/esmf/src/Superstructure/Component/src/ESMCI_FTable.C:981
15 0x0000000001b22ca5 esmf_compmod_esmf_compexecute_()  /work/noaa/da/mpotts/sandbox/pgi_2019_openmpi_g_v8.4.0/esmf/src/Superstructure/Component/src/ESMF_Comp.F90:1223
16 0x0000000001b3dd11 esmf_cplcompmod_esmf_cplcompinitialize_()  /work/noaa/da/mpotts/sandbox/pgi_2019_openmpi_g_v8.4.0/esmf/src/Superstructure/Component/src/ESMF_CplComp.F90:1165
17 0x00000000025a0556 nuopc_driver_loopconnectorcompss_()  /work/noaa/da/mpotts/sandbox/pgi_2019_openmpi_g_v8.4.0/esmf/src/addon/NUOPC/src/NUOPC_Driver.F90:2869
18 0x0000000002591ba1 nuopc_driver_initializeipdv02p3_()  /work/noaa/da/mpotts/sandbox/pgi_2019_openmpi_g_v8.4.0/esmf/src/addon/NUOPC/src/NUOPC_Driver.F90:2020
19 0x000000000257180e nuopc_driver_initializegeneric_()  /work/noaa/da/mpotts/sandbox/pgi_2019_openmpi_g_v8.4.0/esmf/src/addon/NUOPC/src/NUOPC_Driver.F90:479
20 0x0000000001071f57 ESMCI::FTable::callVFuncPtr()  /work/noaa/da/mpotts/sandbox/pgi_2019_openmpi_g_v8.4.0/esmf/src/Superstructure/Component/src/ESMCI_FTable.C:2167
21 0x000000000106de5c ESMCI_FTableCallEntryPointVMHop()  /work/noaa/da/mpotts/sandbox/pgi_2019_openmpi_g_v8.4.0/esmf/src/Superstructure/Component/src/ESMCI_FTable.C:824
22 0x00000000017b4bcf ESMCI::VMK::enter()  /work/noaa/da/mpotts/sandbox/pgi_2019_openmpi_g_v8.4.0/esmf/src/Infrastructure/VM/src/ESMCI_VMKernel.C:2320
23 0x00000000017d91dd ESMCI::VM::enter()  /work/noaa/da/mpotts/sandbox/pgi_2019_openmpi_g_v8.4.0/esmf/src/Infrastructure/VM/src/ESMCI_VM.C:1216
[Orion-01-23:362771] [ 0] /lib64/libpthread.so.0(+0xf5d0)[0x7fc38b7315d0]
24 0x000000000106e321 c_esmc_ftablecallentrypointvm_()  /work/noaa/da/mpotts/sandbox/pgi_2019_openmpi_g_v8.4.0/esmf/src/Superstructure/Component/src/ESMCI_FTable.C:981
25 0x0000000001b22ca5 esmf_compmod_esmf_compexecute_()  /work/noaa/da/mpotts/sandbox/pgi_2019_openmpi_g_v8.4.0/esmf/src/Superstructure/Component/src/ESMF_Comp.F90:1223
26 0x0000000001e327e1 esmf_gridcompmod_esmf_gridcompinitialize_()  /work/noaa/da/mpotts/sandbox/pgi_2019_openmpi_g_v8.4.0/esmf/src/Superstructure/Component/src/ESMF_GridComp.F90:1412
27 0x000000000040828b MAIN_()  /work/noaa/da/mpotts/sandbox/pgi_2019_openmpi_g_v8.4.0/nuopc-app-prototypes/AtmOcnConOptsProto/esmApp.F90:66
28 0x0000000000407c83 main()  ???:0
29 0x0000000000022495 __libc_start_main()  ???:0
30 0x0000000000407b89 _start()  ???:0
=================================
[Orion-01-23:362769] *** Process received signal ***
[Orion-01-23:362769] Signal: Segmentation fault (11)
[Orion-01-23:362769] Signal code:  (-6)
[Orion-01-23:362769] Failing at address: 0x20e500058911
[Orion-01-23:362769] [ 0] /lib64/libpthread.so.0(+0xf5d0)[0x7f8b792b35d0]
[Orion-01-23:362771] [ 1] /work/noaa/da/mpotts/sandbox/pgi_2019_openmpi_g_v8.4.0/esmf/DEFAULTINSTALLDIR/lib/libg/Linux.pgi.64.openmpi.default/libesmf.so(_ZN5ESMCI6LogErr13MsgFoundErrorEiPKciS2_S2_Pi+0x34)[0x7fc388ac25d4]
[Orion-01-23:362769] [ 1] /work/noaa/da/mpotts/sandbox/pgi_2019_openmpi_g_v8.4.0/esmf/DEFAULTINSTALLDIR/lib/libg/Linux.pgi.64.openmpi.default/libesmf.so(_ZN5ESMCI6LogErr13MsgFoundErrorEiPKciS2_S2_Pi+0x34)[0x7f8b766445d4]
[Orion-01-23:362771] [ 2] /work/noaa/da/mpotts/sandbox/pgi_2019_openmpi_g_v8.4.0/esmf/DEFAULTINSTALLDIR/lib/libg/Linux.pgi.64.openmpi.default/libesmf.so(_ZN5ESMCI7MeshCap22meshcreatenodedistgridEPi+0x81)[0x7fc388ca6b01]
[Orion-01-23:362769] [ 2] /work/noaa/da/mpotts/sandbox/pgi_2019_openmpi_g_v8.4.0/esmf/DEFAULTINSTALLDIR/lib/libg/Linux.pgi.64.openmpi.default/libesmf.so(_ZN5ESMCI7MeshCap22meshcreatenodedistgridEPi+0x81)[0x7f8b76828b01]
[Orion-01-23:362771] [ 3] /work/noaa/da/mpotts/sandbox/pgi_2019_openmpi_g_v8.4.0/esmf/DEFAULTINSTALLDIR/lib/libg/Linux.pgi.64.openmpi.default/libesmf.so(c_esmc_meshcreatenodedistgrid_+0x177)[0x7fc388cec667]
[Orion-01-23:362769] [ 3] /work/noaa/da/mpotts/sandbox/pgi_2019_openmpi_g_v8.4.0/esmf/DEFAULTINSTALLDIR/lib/libg/Linux.pgi.64.openmpi.default/libesmf.so(c_esmc_meshcreatenodedistgrid_+0x177)[0x7f8b7686e667]
[Orion-01-23:362771] [ 4] /work/noaa/da/mpotts/sandbox/pgi_2019_openmpi_g_v8.4.0/esmf/DEFAULTINSTALLDIR/lib/libg/Linux.pgi.64.openmpi.default/libesmf.so(esmf_meshmod_esmf_meshcreatefrompointer_+0x78)[0x7fc3899bb2c8]
[Orion-01-23:362769] [ 4] /work/noaa/da/mpotts/sandbox/pgi_2019_openmpi_g_v8.4.0/esmf/DEFAULTINSTALLDIR/lib/libg/Linux.pgi.64.openmpi.default/libesmf.so(esmf_meshmod_esmf_meshcreatefrompointer_+0x78)[0x7f8b7753d2c8]
[Orion-01-23:362771] [ 5] /work/noaa/da/mpotts/sandbox/pgi_2019_openmpi_g_v8.4.0/esmf/DEFAULTINSTALLDIR/lib/libg/Linux.pgi.64.openmpi.default/libesmf.so(esmf_gridutilmod_esmf_gridtomesh_+0x550)[0x7fc3897e9b60]
[Orion-01-23:362769] [ 5] /work/noaa/da/mpotts/sandbox/pgi_2019_openmpi_g_v8.4.0/esmf/DEFAULTINSTALLDIR/lib/libg/Linux.pgi.64.openmpi.default/libesmf.so(esmf_gridutilmod_esmf_gridtomesh_+0x550)[0x7f8b7736bb60]
[Orion-01-23:362771] [ 6] /work/noaa/da/mpotts/sandbox/pgi_2019_openmpi_g_v8.4.0/esmf/DEFAULTINSTALLDIR/lib/libg/Linux.pgi.64.openmpi.default/libesmf.so(esmf_fieldregridmod_b_or_p_gridtomesh_+0x60b)[0x7fc38968f58b]
[Orion-01-23:362769] [ 6] /work/noaa/da/mpotts/sandbox/pgi_2019_openmpi_g_v8.4.0/esmf/DEFAULTINSTALLDIR/lib/libg/Linux.pgi.64.openmpi.default/libesmf.so(esmf_fieldregridmod_b_or_p_gridtomesh_+0x60b)[0x7f8b7721158b]
[Orion-01-23:362771] [ 7] /work/noaa/da/mpotts/sandbox/pgi_2019_openmpi_g_v8.4.0/esmf/DEFAULTINSTALLDIR/lib/libg/Linux.pgi.64.openmpi.default/libesmf.so(esmf_fieldregridmod_getmeshwithnodesonfieldloc_+0x54b)[0x7fc38968a96b]
[Orion-01-23:362769] [ 7] /work/noaa/da/mpotts/sandbox/pgi_2019_openmpi_g_v8.4.0/esmf/DEFAULTINSTALLDIR/lib/libg/Linux.pgi.64.openmpi.default/libesmf.so(esmf_fieldregridmod_getmeshwithnodesonfieldloc_+0x54b)[0x7f8b7720c96b]
[Orion-01-23:362771] [ 8] /work/noaa/da/mpotts/sandbox/pgi_2019_openmpi_g_v8.4.0/esmf/DEFAULTINSTALLDIR/lib/libg/Linux.pgi.64.openmpi.default/libesmf.so(esmf_fieldregridmod_esmf_fieldregridstorenx_+0x1029)[0x7fc3896882b9]
[Orion-01-23:362769] [ 8] /work/noaa/da/mpotts/sandbox/pgi_2019_openmpi_g_v8.4.0/esmf/DEFAULTINSTALLDIR/lib/libg/Linux.pgi.64.openmpi.default/libesmf.so(esmf_fieldregridmod_esmf_fieldregridstorenx_+0x1029)[0x7f8b7720a2b9]
[Orion-01-23:362771] [ 9] /work/noaa/da/mpotts/sandbox/pgi_2019_openmpi_g_v8.4.0/esmf/DEFAULTINSTALLDIR/lib/libg/Linux.pgi.64.openmpi.default/libesmf.so(nuopc_connector_fieldbundlecplstore_+0x13474)[0x7fc389e28774]
[Orion-01-23:362769] [ 9] /work/noaa/da/mpotts/sandbox/pgi_2019_openmpi_g_v8.4.0/esmf/DEFAULTINSTALLDIR/lib/libg/Linux.pgi.64.openmpi.default/libesmf.so(nuopc_connector_fieldbundlecplstore_+0x13474)[0x7f8b779aa774]
[Orion-01-23:362771] [10] /work/noaa/da/mpotts/sandbox/pgi_2019_openmpi_g_v8.4.0/esmf/DEFAULTINSTALLDIR/lib/libg/Linux.pgi.64.openmpi.default/libesmf.so(nuopc_connector_initializeipdv05p6b_+0x9067)[0x7fc389dfdd77]
[Orion-01-23:362769] [10] /work/noaa/da/mpotts/sandbox/pgi_2019_openmpi_g_v8.4.0/esmf/DEFAULTINSTALLDIR/lib/libg/Linux.pgi.64.openmpi.default/libesmf.so(nuopc_connector_initializeipdv05p6b_+0x9067)[0x7f8b7797fd77]
[Orion-01-23:362771] [11] /work/noaa/da/mpotts/sandbox/pgi_2019_openmpi_g_v8.4.0/esmf/DEFAULTINSTALLDIR/lib/libg/Linux.pgi.64.openmpi.default/libesmf.so(_ZN5ESMCI6FTable12callVFuncPtrEPKcPNS_2VMEPi+0xcf7)[0x7fc388933f57]
[Orion-01-23:362769] [11] /work/noaa/da/mpotts/sandbox/pgi_2019_openmpi_g_v8.4.0/esmf/DEFAULTINSTALLDIR/lib/libg/Linux.pgi.64.openmpi.default/libesmf.so(_ZN5ESMCI6FTable12callVFuncPtrEPKcPNS_2VMEPi+0xcf7)[0x7f8b764b5f57]
[Orion-01-23:362771] [12] /work/noaa/da/mpotts/sandbox/pgi_2019_openmpi_g_v8.4.0/esmf/DEFAULTINSTALLDIR/lib/libg/Linux.pgi.64.openmpi.default/libesmf.so(ESMCI_FTableCallEntryPointVMHop+0x2ac)[0x7fc38892fe5c]
[Orion-01-23:362769] [12] /work/noaa/da/mpotts/sandbox/pgi_2019_openmpi_g_v8.4.0/esmf/DEFAULTINSTALLDIR/lib/libg/Linux.pgi.64.openmpi.default/libesmf.so(ESMCI_FTableCallEntryPointVMHop+0x2ac)[0x7f8b764b1e5c]
[Orion-01-23:362771] [13] /work/noaa/da/mpotts/sandbox/pgi_2019_openmpi_g_v8.4.0/esmf/DEFAULTINSTALLDIR/lib/libg/Linux.pgi.64.openmpi.default/libesmf.so(_ZN5ESMCI3VMK5enterEPNS_7VMKPlanEPvS3_+0xcf)[0x7fc389076bcf]
[Orion-01-23:362769] [13] /work/noaa/da/mpotts/sandbox/pgi_2019_openmpi_g_v8.4.0/esmf/DEFAULTINSTALLDIR/lib/libg/Linux.pgi.64.openmpi.default/libesmf.so(_ZN5ESMCI3VMK5enterEPNS_7VMKPlanEPvS3_+0xcf)[0x7f8b76bf8bcf]
[Orion-01-23:362771] [14] /work/noaa/da/mpotts/sandbox/pgi_2019_openmpi_g_v8.4.0/esmf/DEFAULTINSTALLDIR/lib/libg/Linux.pgi.64.openmpi.default/libesmf.so(_ZN5ESMCI2VM5enterEPNS_6VMPlanEPvS3_+0xcd)[0x7fc38909b1dd]
[Orion-01-23:362769] [14] /work/noaa/da/mpotts/sandbox/pgi_2019_openmpi_g_v8.4.0/esmf/DEFAULTINSTALLDIR/lib/libg/Linux.pgi.64.openmpi.default/libesmf.so(_ZN5ESMCI2VM5enterEPNS_6VMPlanEPvS3_+0xcd)[0x7f8b76c1d1dd]
[Orion-01-23:362771] [15] /work/noaa/da/mpotts/sandbox/pgi_2019_openmpi_g_v8.4.0/esmf/DEFAULTINSTALLDIR/lib/libg/Linux.pgi.64.openmpi.default/libesmf.so(c_esmc_ftablecallentrypointvm_+0x3a1)[0x7fc388930321]
[Orion-01-23:362769] [15] /work/noaa/da/mpotts/sandbox/pgi_2019_openmpi_g_v8.4.0/esmf/DEFAULTINSTALLDIR/lib/libg/Linux.pgi.64.openmpi.default/libesmf.so(c_esmc_ftablecallentrypointvm_+0x3a1)[0x7f8b764b2321]
[Orion-01-23:362771] [16] /work/noaa/da/mpotts/sandbox/pgi_2019_openmpi_g_v8.4.0/esmf/DEFAULTINSTALLDIR/lib/libg/Linux.pgi.64.openmpi.default/libesmf.so(esmf_compmod_esmf_compexecute_+0xbd5)[0x7fc3893e4ca5]
[Orion-01-23:362769] [16] /work/noaa/da/mpotts/sandbox/pgi_2019_openmpi_g_v8.4.0/esmf/DEFAULTINSTALLDIR/lib/libg/Linux.pgi.64.openmpi.default/libesmf.so(esmf_compmod_esmf_compexecute_+0xbd5)[0x7f8b76f66ca5]
[Orion-01-23:362771] [17] /work/noaa/da/mpotts/sandbox/pgi_2019_openmpi_g_v8.4.0/esmf/DEFAULTINSTALLDIR/lib/libg/Linux.pgi.64.openmpi.default/libesmf.so(esmf_cplcompmod_esmf_cplcompinitialize_+0x1f1)[0x7fc3893ffd11]
[Orion-01-23:362769] [17] /work/noaa/da/mpotts/sandbox/pgi_2019_openmpi_g_v8.4.0/esmf/DEFAULTINSTALLDIR/lib/libg/Linux.pgi.64.openmpi.default/libesmf.so(esmf_cplcompmod_esmf_cplcompinitialize_+0x1f1)[0x7f8b76f81d11]
[Orion-01-23:362771] [18] /work/noaa/da/mpotts/sandbox/pgi_2019_openmpi_g_v8.4.0/esmf/DEFAULTINSTALLDIR/lib/libg/Linux.pgi.64.openmpi.default/libesmf.so(nuopc_driver_loopconnectorcompss_+0x1916)[0x7fc389e62556]
[Orion-01-23:362769] [18] /work/noaa/da/mpotts/sandbox/pgi_2019_openmpi_g_v8.4.0/esmf/DEFAULTINSTALLDIR/lib/libg/Linux.pgi.64.openmpi.default/libesmf.so(nuopc_driver_loopconnectorcompss_+0x1916)[0x7f8b779e4556]
[Orion-01-23:362771] [19] /work/noaa/da/mpotts/sandbox/pgi_2019_openmpi_g_v8.4.0/esmf/DEFAULTINSTALLDIR/lib/libg/Linux.pgi.64.openmpi.default/libesmf.so(nuopc_driver_initializeipdv02p3_+0x5421)[0x7fc389e53ba1]
[Orion-01-23:362769] [19] /work/noaa/da/mpotts/sandbox/pgi_2019_openmpi_g_v8.4.0/esmf/DEFAULTINSTALLDIR/lib/libg/Linux.pgi.64.openmpi.default/libesmf.so(nuopc_driver_initializeipdv02p3_+0x5421)[0x7f8b779d5ba1]
[Orion-01-23:362771] [20] /work/noaa/da/mpotts/sandbox/pgi_2019_openmpi_g_v8.4.0/esmf/DEFAULTINSTALLDIR/lib/libg/Linux.pgi.64.openmpi.default/libesmf.so(nuopc_driver_initializegeneric_+0x109e)[0x7fc389e3380e]
[Orion-01-23:362769] [20] /work/noaa/da/mpotts/sandbox/pgi_2019_openmpi_g_v8.4.0/esmf/DEFAULTINSTALLDIR/lib/libg/Linux.pgi.64.openmpi.default/libesmf.so(nuopc_driver_initializegeneric_+0x109e)[0x7f8b779b580e]
[Orion-01-23:362771] [21] /work/noaa/da/mpotts/sandbox/pgi_2019_openmpi_g_v8.4.0/esmf/DEFAULTINSTALLDIR/lib/libg/Linux.pgi.64.openmpi.default/libesmf.so(_ZN5ESMCI6FTable12callVFuncPtrEPKcPNS_2VMEPi+0xcf7)[0x7fc388933f57]
[Orion-01-23:362769] [21] /work/noaa/da/mpotts/sandbox/pgi_2019_openmpi_g_v8.4.0/esmf/DEFAULTINSTALLDIR/lib/libg/Linux.pgi.64.openmpi.default/libesmf.so(_ZN5ESMCI6FTable12callVFuncPtrEPKcPNS_2VMEPi+0xcf7)[0x7f8b764b5f57]
[Orion-01-23:362771] [22] /work/noaa/da/mpotts/sandbox/pgi_2019_openmpi_g_v8.4.0/esmf/DEFAULTINSTALLDIR/lib/libg/Linux.pgi.64.openmpi.default/libesmf.so(ESMCI_FTableCallEntryPointVMHop+0x2ac)[0x7fc38892fe5c]
[Orion-01-23:362769] [22] /work/noaa/da/mpotts/sandbox/pgi_2019_openmpi_g_v8.4.0/esmf/DEFAULTINSTALLDIR/lib/libg/Linux.pgi.64.openmpi.default/libesmf.so(ESMCI_FTableCallEntryPointVMHop+0x2ac)[0x7f8b764b1e5c]
[Orion-01-23:362771] [23] /work/noaa/da/mpotts/sandbox/pgi_2019_openmpi_g_v8.4.0/esmf/DEFAULTINSTALLDIR/lib/libg/Linux.pgi.64.openmpi.default/libesmf.so(_ZN5ESMCI3VMK5enterEPNS_7VMKPlanEPvS3_+0xcf)[0x7fc389076bcf]
[Orion-01-23:362769] [23] /work/noaa/da/mpotts/sandbox/pgi_2019_openmpi_g_v8.4.0/esmf/DEFAULTINSTALLDIR/lib/libg/Linux.pgi.64.openmpi.default/libesmf.so(_ZN5ESMCI3VMK5enterEPNS_7VMKPlanEPvS3_+0xcf)[0x7f8b76bf8bcf]
[Orion-01-23:362771] [24] /work/noaa/da/mpotts/sandbox/pgi_2019_openmpi_g_v8.4.0/esmf/DEFAULTINSTALLDIR/lib/libg/Linux.pgi.64.openmpi.default/libesmf.so(_ZN5ESMCI2VM5enterEPNS_6VMPlanEPvS3_+0xcd)[0x7fc38909b1dd]
[Orion-01-23:362769] [24] /work/noaa/da/mpotts/sandbox/pgi_2019_openmpi_g_v8.4.0/esmf/DEFAULTINSTALLDIR/lib/libg/Linux.pgi.64.openmpi.default/libesmf.so(_ZN5ESMCI2VM5enterEPNS_6VMPlanEPvS3_+0xcd)[0x7f8b76c1d1dd]
[Orion-01-23:362771] [25] /work/noaa/da/mpotts/sandbox/pgi_2019_openmpi_g_v8.4.0/esmf/DEFAULTINSTALLDIR/lib/libg/Linux.pgi.64.openmpi.default/libesmf.so(c_esmc_ftablecallentrypointvm_+0x3a1)[0x7fc388930321]
[Orion-01-23:362769] [25] /work/noaa/da/mpotts/sandbox/pgi_2019_openmpi_g_v8.4.0/esmf/DEFAULTINSTALLDIR/lib/libg/Linux.pgi.64.openmpi.default/libesmf.so(c_esmc_ftablecallentrypointvm_+0x3a1)[0x7f8b764b2321]
[Orion-01-23:362771] [26] /work/noaa/da/mpotts/sandbox/pgi_2019_openmpi_g_v8.4.0/esmf/DEFAULTINSTALLDIR/lib/libg/Linux.pgi.64.openmpi.default/libesmf.so(esmf_compmod_esmf_compexecute_+0xbd5)[0x7fc3893e4ca5]
[Orion-01-23:362769] [26] /work/noaa/da/mpotts/sandbox/pgi_2019_openmpi_g_v8.4.0/esmf/DEFAULTINSTALLDIR/lib/libg/Linux.pgi.64.openmpi.default/libesmf.so(esmf_compmod_esmf_compexecute_+0xbd5)[0x7f8b76f66ca5]
[Orion-01-23:362771] [27] /work/noaa/da/mpotts/sandbox/pgi_2019_openmpi_g_v8.4.0/esmf/DEFAULTINSTALLDIR/lib/libg/Linux.pgi.64.openmpi.default/libesmf.so(esmf_gridcompmod_esmf_gridcompinitialize_+0x1f1)[0x7fc3896f47e1]
[Orion-01-23:362771] [28] /work/noaa/da/mpotts/sandbox/pgi_2019_openmpi_g_v8.4.0/nuopc-app-prototypes/AtmOcnConOptsProto/./esmApp[0x40828b]
[Orion-01-23:362771] [29] /work/noaa/da/mpotts/sandbox/pgi_2019_openmpi_g_v8.4.0/nuopc-app-prototypes/AtmOcnConOptsProto/./esmApp[0x407c83]
[Orion-01-23:362771] *** End of error message ***
[Orion-01-23:362769] [27] /work/noaa/da/mpotts/sandbox/pgi_2019_openmpi_g_v8.4.0/esmf/DEFAULTINSTALLDIR/lib/libg/Linux.pgi.64.openmpi.default/libesmf.so(esmf_gridcompmod_esmf_gridcompinitialize_+0x1f1)[0x7f8b772767e1]
[Orion-01-23:362769] [28] /work/noaa/da/mpotts/sandbox/pgi_2019_openmpi_g_v8.4.0/nuopc-app-prototypes/AtmOcnConOptsProto/./esmApp[0x40828b]
[Orion-01-23:362769] [29] /work/noaa/da/mpotts/sandbox/pgi_2019_openmpi_g_v8.4.0/nuopc-app-prototypes/AtmOcnConOptsProto/./esmApp[0x407c83]
[Orion-01-23:362769] *** End of error message ***
srun: error: Orion-01-23: tasks 0,2: Segmentation fault
srun: launch/slurm: _step_signal: Terminating StepId=7419922.343
slurmstepd: error: *** STEP 7419922.343 ON Orion-01-23 CANCELLED AT 2022-10-26T04:30:56 ***
srun: error: Orion-01-23: tasks 1,3: Terminated
srun: Force Terminated StepId=7419922.343
