2022-10-26 03:10:59
[Orion-01-23:363157:0:363157] Caught signal 11 (Segmentation fault: address not mapped to object at address 0x4f1b591)
[Orion-01-23:363158:0:363158] Caught signal 11 (Segmentation fault: address not mapped to object at address 0x4f1b591)
[Orion-01-23:363159:0:363159] Caught signal 11 (Segmentation fault: address not mapped to object at address 0x4f1b591)
[Orion-01-23:363160:0:363160] Caught signal 11 (Segmentation fault: address not mapped to object at address 0x4f1b591)

/work/noaa/da/mpotts/sandbox/pgi_2019_openmpi_g_v8.4.0/esmf/src/Infrastructure/LogErr/src/ESMCI_LogErr.C: [ ESMCI::LogErr::MsgFoundError() ]
      ...
      583 {
      584     bool result=false;
      585 #ifdef ESMC_SUCCESSDEFAULT_ON
==>   586     if (rcToReturn != ESMC_NULL_POINTER) *rcToReturn=ESMF_SUCCESS;
      587 #endif
      588     if (trace) {
      589         Write(ESMC_METHOD,ESMC_LOGMSG_TRACE,


/work/noaa/da/mpotts/sandbox/pgi_2019_openmpi_g_v8.4.0/esmf/src/Infrastructure/LogErr/src/ESMCI_LogErr.C: [ ESMCI::LogErr::MsgFoundError() ]
      ...
      583 {
      584     bool result=false;
      585 #ifdef ESMC_SUCCESSDEFAULT_ON
==>   586     if (rcToReturn != ESMC_NULL_POINTER) *rcToReturn=ESMF_SUCCESS;
      587 #endif
      588     if (trace) {
      589         Write(ESMC_METHOD,ESMC_LOGMSG_TRACE,


/work/noaa/da/mpotts/sandbox/pgi_2019_openmpi_g_v8.4.0/esmf/src/Infrastructure/LogErr/src/ESMCI_LogErr.C: [ ESMCI::LogErr::MsgFoundError() ]
      ...

/work/noaa/da/mpotts/sandbox/pgi_2019_openmpi_g_v8.4.0/esmf/src/Infrastructure/LogErr/src/ESMCI_LogErr.C: [ ESMCI::LogErr::MsgFoundError() ]
      ...
      583 {
      584     bool result=false;
      585 #ifdef ESMC_SUCCESSDEFAULT_ON
==>   586     if (rcToReturn != ESMC_NULL_POINTER) *rcToReturn=ESMF_SUCCESS;
      587 #endif
      588     if (trace) {
      589         Write(ESMC_METHOD,ESMC_LOGMSG_TRACE,

      583 {
      584     bool result=false;
      585 #ifdef ESMC_SUCCESSDEFAULT_ON
==>   586     if (rcToReturn != ESMC_NULL_POINTER) *rcToReturn=ESMF_SUCCESS;
      587 #endif
      588     if (trace) {
      589         Write(ESMC_METHOD,ESMC_LOGMSG_TRACE,

==== backtrace (tid: 363157) ====
 0 0x00000000012005d4 ESMCI::LogErr::MsgFoundError()  /work/noaa/da/mpotts/sandbox/pgi_2019_openmpi_g_v8.4.0/esmf/src/Infrastructure/LogErr/src/ESMCI_LogErr.C:586
 1 0x00000000013e4b01 ESMCI::MeshCap::meshcreatenodedistgrid()  /work/noaa/da/mpotts/sandbox/pgi_2019_openmpi_g_v8.4.0/esmf/src/Infrastructure/Mesh/src/ESMCI_MeshCap.C:1754
 2 0x000000000142a667 c_esmc_meshcreatenodedistgrid_()  /work/noaa/da/mpotts/sandbox/pgi_2019_openmpi_g_v8.4.0/esmf/src/Infrastructure/Mesh/interface/ESMCI_Mesh_F.C:247
 3 0x00000000020f92c8 esmf_meshmod_esmf_meshcreatefrompointer_()  /work/noaa/da/mpotts/sandbox/pgi_2019_openmpi_g_v8.4.0/esmf/src/Infrastructure/Mesh/interface/ESMF_Mesh.F90:3091
 4 0x0000000001f27b60 esmf_gridutilmod_esmf_gridtomesh_()  /work/noaa/da/mpotts/sandbox/pgi_2019_openmpi_g_v8.4.0/esmf/src/Infrastructure/GridUtil/interface/ESMF_GridUtil.F90:453
 5 0x0000000001dcd58b esmf_fieldregridmod_b_or_p_gridtomesh_()  /work/noaa/da/mpotts/sandbox/pgi_2019_openmpi_g_v8.4.0/esmf/src/Infrastructure/Field/src/ESMF_FieldRegrid.F90:3228
 6 0x0000000001dc896b esmf_fieldregridmod_getmeshwithnodesonfieldloc_()  /work/noaa/da/mpotts/sandbox/pgi_2019_openmpi_g_v8.4.0/esmf/src/Infrastructure/Field/src/ESMF_FieldRegrid.F90:1346
 7 0x0000000001dc62b9 esmf_fieldregridmod_esmf_fieldregridstorenx_()  /work/noaa/da/mpotts/sandbox/pgi_2019_openmpi_g_v8.4.0/esmf/src/Infrastructure/Field/src/ESMF_FieldRegrid.F90:971
 8 0x0000000002566774 nuopc_connector_fieldbundlecplstore_()  /work/noaa/da/mpotts/sandbox/pgi_2019_openmpi_g_v8.4.0/esmf/src/addon/NUOPC/src/NUOPC_Connector.F90:7919
 9 0x000000000253bd77 nuopc_connector_initializeipdv05p6b_()  /work/noaa/da/mpotts/sandbox/pgi_2019_openmpi_g_v8.4.0/esmf/src/addon/NUOPC/src/NUOPC_Connector.F90:5386
10 0x0000000001071f57 ESMCI::FTable::callVFuncPtr()  /work/noaa/da/mpotts/sandbox/pgi_2019_openmpi_g_v8.4.0/esmf/src/Superstructure/Component/src/ESMCI_FTable.C:2167
11 0x000000000106de5c ESMCI_FTableCallEntryPointVMHop()  /work/noaa/da/mpotts/sandbox/pgi_2019_openmpi_g_v8.4.0/esmf/src/Superstructure/Component/src/ESMCI_FTable.C:824
12 0x00000000017b4bcf ESMCI::VMK::enter()  /work/noaa/da/mpotts/sandbox/pgi_2019_openmpi_g_v8.4.0/esmf/src/Infrastructure/VM/src/ESMCI_VMKernel.C:2320
13 0x00000000017d91dd ESMCI::VM::enter()  /work/noaa/da/mpotts/sandbox/pgi_2019_openmpi_g_v8.4.0/esmf/src/Infrastructure/VM/src/ESMCI_VM.C:1216
14 0x000000000106e321 c_esmc_ftablecallentrypointvm_()  /work/noaa/da/mpotts/sandbox/pgi_2019_openmpi_g_v8.4.0/esmf/src/Superstructure/Component/src/ESMCI_FTable.C:981
15 0x0000000001b22ca5 esmf_compmod_esmf_compexecute_()  /work/noaa/da/mpotts/sandbox/pgi_2019_openmpi_g_v8.4.0/esmf/src/Superstructure/Component/src/ESMF_Comp.F90:1223
16 0x0000000001b3dd11 esmf_cplcompmod_esmf_cplcompinitialize_()  /work/noaa/da/mpotts/sandbox/pgi_2019_openmpi_g_v8.4.0/esmf/src/Superstructure/Component/src/ESMF_CplComp.F90:1165
17 0x00000000025a0556 nuopc_driver_loopconnectorcompss_()  /work/noaa/da/mpotts/sandbox/pgi_2019_openmpi_g_v8.4.0/esmf/src/addon/NUOPC/src/NUOPC_Driver.F90:2869
18 0x0000000002591ba1 nuopc_driver_initializeipdv02p3_()  /work/noaa/da/mpotts/sandbox/pgi_2019_openmpi_g_v8.4.0/esmf/src/addon/NUOPC/src/NUOPC_Driver.F90:2020
19 0x000000000257180e nuopc_driver_initializegeneric_()  /work/noaa/da/mpotts/sandbox/pgi_2019_openmpi_g_v8.4.0/esmf/src/addon/NUOPC/src/NUOPC_Driver.F90:479
20 0x0000000001071f57 ESMCI::FTable::callVFuncPtr()  /work/noaa/da/mpotts/sandbox/pgi_2019_openmpi_g_v8.4.0/esmf/src/Superstructure/Component/src/ESMCI_FTable.C:2167
21 0x000000000106de5c ESMCI_FTableCallEntryPointVMHop()  /work/noaa/da/mpotts/sandbox/pgi_2019_openmpi_g_v8.4.0/esmf/src/Superstructure/Component/src/ESMCI_FTable.C:824
22 0x00000000017b4bcf ESMCI::VMK::enter()  /work/noaa/da/mpotts/sandbox/pgi_2019_openmpi_g_v8.4.0/esmf/src/Infrastructure/VM/src/ESMCI_VMKernel.C:2320
23 0x00000000017d91dd ESMCI::VM::enter()  /work/noaa/da/mpotts/sandbox/pgi_2019_openmpi_g_v8.4.0/esmf/src/Infrastructure/VM/src/ESMCI_VM.C:1216
24 0x000000000106e321 c_esmc_ftablecallentrypointvm_()  /work/noaa/da/mpotts/sandbox/pgi_2019_openmpi_g_v8.4.0/esmf/src/Superstructure/Component/src/ESMCI_FTable.C:981
25 0x0000000001b22ca5 esmf_compmod_esmf_compexecute_()  /work/noaa/da/mpotts/sandbox/pgi_2019_openmpi_g_v8.4.0/esmf/src/Superstructure/Component/src/ESMF_Comp.F90:1223
26 0x0000000001e327e1 esmf_gridcompmod_esmf_gridcompinitialize_()  /work/noaa/da/mpotts/sandbox/pgi_2019_openmpi_g_v8.4.0/esmf/src/Superstructure/Component/src/ESMF_GridComp.F90:1412
27 0x0000000000407578 MAIN_()  /work/noaa/da/mpotts/sandbox/pgi_2019_openmpi_g_v8.4.0/nuopc-app-prototypes/AtmOcnFDSynoProto/esmApp.F90:99
28 0x0000000000406d03 main()  ???:0
29 0x0000000000022495 __libc_start_main()  ???:0
30 0x0000000000406c09 _start()  ???:0
=================================
[Orion-01-23:363157] *** Process received signal ***
[Orion-01-23:363157] Signal: Segmentation fault (11)
[Orion-01-23:363157] Signal code:  (-6)
[Orion-01-23:363157] Failing at address: 0x20e500058a95
[Orion-01-23:363157] [ 0] /lib64/libpthread.so.0(+0xf5d0)[0x7f2841a6f5d0]
==== backtrace (tid: 363159) ====
 0 0x00000000012005d4 ESMCI::LogErr::MsgFoundError()  /work/noaa/da/mpotts/sandbox/pgi_2019_openmpi_g_v8.4.0/esmf/src/Infrastructure/LogErr/src/ESMCI_LogErr.C:586
 1 0x00000000013e4b01 ESMCI::MeshCap::meshcreatenodedistgrid()  /work/noaa/da/mpotts/sandbox/pgi_2019_openmpi_g_v8.4.0/esmf/src/Infrastructure/Mesh/src/ESMCI_MeshCap.C:1754
 2 0x000000000142a667 c_esmc_meshcreatenodedistgrid_()  /work/noaa/da/mpotts/sandbox/pgi_2019_openmpi_g_v8.4.0/esmf/src/Infrastructure/Mesh/interface/ESMCI_Mesh_F.C:247
 3 0x00000000020f92c8 esmf_meshmod_esmf_meshcreatefrompointer_()  /work/noaa/da/mpotts/sandbox/pgi_2019_openmpi_g_v8.4.0/esmf/src/Infrastructure/Mesh/interface/ESMF_Mesh.F90:3091
 4 0x0000000001f27b60 esmf_gridutilmod_esmf_gridtomesh_()  /work/noaa/da/mpotts/sandbox/pgi_2019_openmpi_g_v8.4.0/esmf/src/Infrastructure/GridUtil/interface/ESMF_GridUtil.F90:453
 5 0x0000000001dcd58b esmf_fieldregridmod_b_or_p_gridtomesh_()  /work/noaa/da/mpotts/sandbox/pgi_2019_openmpi_g_v8.4.0/esmf/src/Infrastructure/Field/src/ESMF_FieldRegrid.F90:3228
 6 0x0000000001dc896b esmf_fieldregridmod_getmeshwithnodesonfieldloc_()  /work/noaa/da/mpotts/sandbox/pgi_2019_openmpi_g_v8.4.0/esmf/src/Infrastructure/Field/src/ESMF_FieldRegrid.F90:1346
 7 0x0000000001dc62b9 esmf_fieldregridmod_esmf_fieldregridstorenx_()  /work/noaa/da/mpotts/sandbox/pgi_2019_openmpi_g_v8.4.0/esmf/src/Infrastructure/Field/src/ESMF_FieldRegrid.F90:971
 8 0x0000000002566774 nuopc_connector_fieldbundlecplstore_()  /work/noaa/da/mpotts/sandbox/pgi_2019_openmpi_g_v8.4.0/esmf/src/addon/NUOPC/src/NUOPC_Connector.F90:7919
 9 0x000000000253bd77 nuopc_connector_initializeipdv05p6b_()  /work/noaa/da/mpotts/sandbox/pgi_2019_openmpi_g_v8.4.0/esmf/src/addon/NUOPC/src/NUOPC_Connector.F90:5386
10 0x0000000001071f57 ESMCI::FTable::callVFuncPtr()  /work/noaa/da/mpotts/sandbox/pgi_2019_openmpi_g_v8.4.0/esmf/src/Superstructure/Component/src/ESMCI_FTable.C:2167
11 0x000000000106de5c ESMCI_FTableCallEntryPointVMHop()  /work/noaa/da/mpotts/sandbox/pgi_2019_openmpi_g_v8.4.0/esmf/src/Superstructure/Component/src/ESMCI_FTable.C:824
12 0x00000000017b4bcf ESMCI::VMK::enter()  /work/noaa/da/mpotts/sandbox/pgi_2019_openmpi_g_v8.4.0/esmf/src/Infrastructure/VM/src/ESMCI_VMKernel.C:2320
13 0x00000000017d91dd ESMCI::VM::enter()  /work/noaa/da/mpotts/sandbox/pgi_2019_openmpi_g_v8.4.0/esmf/src/Infrastructure/VM/src/ESMCI_VM.C:1216
14 0x000000000106e321 c_esmc_ftablecallentrypointvm_()  /work/noaa/da/mpotts/sandbox/pgi_2019_openmpi_g_v8.4.0/esmf/src/Superstructure/Component/src/ESMCI_FTable.C:981
15 0x0000000001b22ca5 esmf_compmod_esmf_compexecute_()  /work/noaa/da/mpotts/sandbox/pgi_2019_openmpi_g_v8.4.0/esmf/src/Superstructure/Component/src/ESMF_Comp.F90:1223
16 0x0000000001b3dd11 esmf_cplcompmod_esmf_cplcompinitialize_()  /work/noaa/da/mpotts/sandbox/pgi_2019_openmpi_g_v8.4.0/esmf/src/Superstructure/Component/src/ESMF_CplComp.F90:1165
17 0x00000000025a0556 nuopc_driver_loopconnectorcompss_()  /work/noaa/da/mpotts/sandbox/pgi_2019_openmpi_g_v8.4.0/esmf/src/addon/NUOPC/src/NUOPC_Driver.F90:2869
18 0x0000000002591ba1 nuopc_driver_initializeipdv02p3_()  /work/noaa/da/mpotts/sandbox/pgi_2019_openmpi_g_v8.4.0/esmf/src/addon/NUOPC/src/NUOPC_Driver.F90:2020
19 0x000000000257180e nuopc_driver_initializegeneric_()  /work/noaa/da/mpotts/sandbox/pgi_2019_openmpi_g_v8.4.0/esmf/src/addon/NUOPC/src/NUOPC_Driver.F90:479
20 0x0000000001071f57 ESMCI::FTable::callVFuncPtr()  /work/noaa/da/mpotts/sandbox/pgi_2019_openmpi_g_v8.4.0/esmf/src/Superstructure/Component/src/ESMCI_FTable.C:2167
21 0x000000000106de5c ESMCI_FTableCallEntryPointVMHop()  /work/noaa/da/mpotts/sandbox/pgi_2019_openmpi_g_v8.4.0/esmf/src/Superstructure/Component/src/ESMCI_FTable.C:824
22 0x00000000017b4bcf ESMCI::VMK::enter()  /work/noaa/da/mpotts/sandbox/pgi_2019_openmpi_g_v8.4.0/esmf/src/Infrastructure/VM/src/ESMCI_VMKernel.C:2320
23 0x00000000017d91dd ESMCI::VM::enter()  /work/noaa/da/mpotts/sandbox/pgi_2019_openmpi_g_v8.4.0/esmf/src/Infrastructure/VM/src/ESMCI_VM.C:1216
24 0x000000000106e321 c_esmc_ftablecallentrypointvm_()  /work/noaa/da/mpotts/sandbox/pgi_2019_openmpi_g_v8.4.0/esmf/src/Superstructure/Component/src/ESMCI_FTable.C:981
25 0x0000000001b22ca5 esmf_compmod_esmf_compexecute_()  /work/noaa/da/mpotts/sandbox/pgi_2019_openmpi_g_v8.4.0/esmf/src/Superstructure/Component/src/ESMF_Comp.F90:1223
26 0x0000000001e327e1 esmf_gridcompmod_esmf_gridcompinitialize_()  /work/noaa/da/mpotts/sandbox/pgi_2019_openmpi_g_v8.4.0/esmf/src/Superstructure/Component/src/ESMF_GridComp.F90:1412
27 0x0000000000407578 MAIN_()  /work/noaa/da/mpotts/sandbox/pgi_2019_openmpi_g_v8.4.0/nuopc-app-prototypes/AtmOcnFDSynoProto/esmApp.F90:99
28 0x0000000000406d03 main()  ???:0
29 0x0000000000022495 __libc_start_main()  ???:0
30 0x0000000000406c09 _start()  ???:0
=================================
[Orion-01-23:363159] *** Process received signal ***
[Orion-01-23:363159] Signal: Segmentation fault (11)
[Orion-01-23:363159] Signal code:  (-6)
[Orion-01-23:363159] Failing at address: 0x20e500058a97
[Orion-01-23:363159] [ 0] /lib64/libpthread.so.0(+0xf5d0)[0x7f68921545d0]
[Orion-01-23:363157] [ 1] /work/noaa/da/mpotts/sandbox/pgi_2019_openmpi_g_v8.4.0/esmf/DEFAULTINSTALLDIR/lib/libg/Linux.pgi.64.openmpi.default/libesmf.so(_ZN5ESMCI6LogErr13MsgFoundErrorEiPKciS2_S2_Pi+0x34)[0x7f283ee005d4]
[Orion-01-23:363159] [ 1] /work/noaa/da/mpotts/sandbox/pgi_2019_openmpi_g_v8.4.0/esmf/DEFAULTINSTALLDIR/lib/libg/Linux.pgi.64.openmpi.default/libesmf.so(_ZN5ESMCI6LogErr13MsgFoundErrorEiPKciS2_S2_Pi+0x34)[0x7f688f4e55d4]
[Orion-01-23:363157] [ 2] /work/noaa/da/mpotts/sandbox/pgi_2019_openmpi_g_v8.4.0/esmf/DEFAULTINSTALLDIR/lib/libg/Linux.pgi.64.openmpi.default/libesmf.so(_ZN5ESMCI7MeshCap22meshcreatenodedistgridEPi+0x81)[0x7f283efe4b01]
[Orion-01-23:363159] [ 2] /work/noaa/da/mpotts/sandbox/pgi_2019_openmpi_g_v8.4.0/esmf/DEFAULTINSTALLDIR/lib/libg/Linux.pgi.64.openmpi.default/libesmf.so(_ZN5ESMCI7MeshCap22meshcreatenodedistgridEPi+0x81)[0x7f688f6c9b01]
[Orion-01-23:363157] [ 3] /work/noaa/da/mpotts/sandbox/pgi_2019_openmpi_g_v8.4.0/esmf/DEFAULTINSTALLDIR/lib/libg/Linux.pgi.64.openmpi.default/libesmf.so(c_esmc_meshcreatenodedistgrid_+0x177)[0x7f283f02a667]
[Orion-01-23:363159] [ 3] /work/noaa/da/mpotts/sandbox/pgi_2019_openmpi_g_v8.4.0/esmf/DEFAULTINSTALLDIR/lib/libg/Linux.pgi.64.openmpi.default/libesmf.so(c_esmc_meshcreatenodedistgrid_+0x177)[0x7f688f70f667]
[Orion-01-23:363157] [ 4] /work/noaa/da/mpotts/sandbox/pgi_2019_openmpi_g_v8.4.0/esmf/DEFAULTINSTALLDIR/lib/libg/Linux.pgi.64.openmpi.default/libesmf.so(esmf_meshmod_esmf_meshcreatefrompointer_+0x78)[0x7f283fcf92c8]
[Orion-01-23:363159] [ 4] /work/noaa/da/mpotts/sandbox/pgi_2019_openmpi_g_v8.4.0/esmf/DEFAULTINSTALLDIR/lib/libg/Linux.pgi.64.openmpi.default/libesmf.so(esmf_meshmod_esmf_meshcreatefrompointer_+0x78)[0x7f68903de2c8]
[Orion-01-23:363157] [ 5] /work/noaa/da/mpotts/sandbox/pgi_2019_openmpi_g_v8.4.0/esmf/DEFAULTINSTALLDIR/lib/libg/Linux.pgi.64.openmpi.default/libesmf.so(esmf_gridutilmod_esmf_gridtomesh_+0x550)[0x7f283fb27b60]
[Orion-01-23:363159] [ 5] /work/noaa/da/mpotts/sandbox/pgi_2019_openmpi_g_v8.4.0/esmf/DEFAULTINSTALLDIR/lib/libg/Linux.pgi.64.openmpi.default/libesmf.so(esmf_gridutilmod_esmf_gridtomesh_+0x550)[0x7f689020cb60]
[Orion-01-23:363157] [ 6] /work/noaa/da/mpotts/sandbox/pgi_2019_openmpi_g_v8.4.0/esmf/DEFAULTINSTALLDIR/lib/libg/Linux.pgi.64.openmpi.default/libesmf.so(esmf_fieldregridmod_b_or_p_gridtomesh_+0x60b)[0x7f283f9cd58b]
[Orion-01-23:363159] [ 6] /work/noaa/da/mpotts/sandbox/pgi_2019_openmpi_g_v8.4.0/esmf/DEFAULTINSTALLDIR/lib/libg/Linux.pgi.64.openmpi.default/libesmf.so(esmf_fieldregridmod_b_or_p_gridtomesh_+0x60b)[0x7f68900b258b]
[Orion-01-23:363157] [ 7] /work/noaa/da/mpotts/sandbox/pgi_2019_openmpi_g_v8.4.0/esmf/DEFAULTINSTALLDIR/lib/libg/Linux.pgi.64.openmpi.default/libesmf.so(esmf_fieldregridmod_getmeshwithnodesonfieldloc_+0x54b)[0x7f283f9c896b]
[Orion-01-23:363159] [ 7] /work/noaa/da/mpotts/sandbox/pgi_2019_openmpi_g_v8.4.0/esmf/DEFAULTINSTALLDIR/lib/libg/Linux.pgi.64.openmpi.default/libesmf.so(esmf_fieldregridmod_getmeshwithnodesonfieldloc_+0x54b)[0x7f68900ad96b]
[Orion-01-23:363157] [ 8] /work/noaa/da/mpotts/sandbox/pgi_2019_openmpi_g_v8.4.0/esmf/DEFAULTINSTALLDIR/lib/libg/Linux.pgi.64.openmpi.default/libesmf.so(esmf_fieldregridmod_esmf_fieldregridstorenx_+0x1029)[0x7f283f9c62b9]
[Orion-01-23:363159] [ 8] /work/noaa/da/mpotts/sandbox/pgi_2019_openmpi_g_v8.4.0/esmf/DEFAULTINSTALLDIR/lib/libg/Linux.pgi.64.openmpi.default/libesmf.so(esmf_fieldregridmod_esmf_fieldregridstorenx_+0x1029)[0x7f68900ab2b9]
[Orion-01-23:363157] [ 9] /work/noaa/da/mpotts/sandbox/pgi_2019_openmpi_g_v8.4.0/esmf/DEFAULTINSTALLDIR/lib/libg/Linux.pgi.64.openmpi.default/libesmf.so(nuopc_connector_fieldbundlecplstore_+0x13474)[0x7f2840166774]
[Orion-01-23:363159] [ 9] /work/noaa/da/mpotts/sandbox/pgi_2019_openmpi_g_v8.4.0/esmf/DEFAULTINSTALLDIR/lib/libg/Linux.pgi.64.openmpi.default/libesmf.so(nuopc_connector_fieldbundlecplstore_+0x13474)[0x7f689084b774]
[Orion-01-23:363157] [10] /work/noaa/da/mpotts/sandbox/pgi_2019_openmpi_g_v8.4.0/esmf/DEFAULTINSTALLDIR/lib/libg/Linux.pgi.64.openmpi.default/libesmf.so(nuopc_connector_initializeipdv05p6b_+0x9067)[0x7f284013bd77]
[Orion-01-23:363159] [10] /work/noaa/da/mpotts/sandbox/pgi_2019_openmpi_g_v8.4.0/esmf/DEFAULTINSTALLDIR/lib/libg/Linux.pgi.64.openmpi.default/libesmf.so(nuopc_connector_initializeipdv05p6b_+0x9067)[0x7f6890820d77]
[Orion-01-23:363157] [11] /work/noaa/da/mpotts/sandbox/pgi_2019_openmpi_g_v8.4.0/esmf/DEFAULTINSTALLDIR/lib/libg/Linux.pgi.64.openmpi.default/libesmf.so(_ZN5ESMCI6FTable12callVFuncPtrEPKcPNS_2VMEPi+0xcf7)[0x7f283ec71f57]
[Orion-01-23:363159] [11] /work/noaa/da/mpotts/sandbox/pgi_2019_openmpi_g_v8.4.0/esmf/DEFAULTINSTALLDIR/lib/libg/Linux.pgi.64.openmpi.default/libesmf.so(_ZN5ESMCI6FTable12callVFuncPtrEPKcPNS_2VMEPi+0xcf7)[0x7f688f356f57]
[Orion-01-23:363157] [12] /work/noaa/da/mpotts/sandbox/pgi_2019_openmpi_g_v8.4.0/esmf/DEFAULTINSTALLDIR/lib/libg/Linux.pgi.64.openmpi.default/libesmf.so(ESMCI_FTableCallEntryPointVMHop+0x2ac)[0x7f283ec6de5c]
[Orion-01-23:363159] [12] /work/noaa/da/mpotts/sandbox/pgi_2019_openmpi_g_v8.4.0/esmf/DEFAULTINSTALLDIR/lib/libg/Linux.pgi.64.openmpi.default/libesmf.so(ESMCI_FTableCallEntryPointVMHop+0x2ac)[0x7f688f352e5c]
[Orion-01-23:363157] [13] /work/noaa/da/mpotts/sandbox/pgi_2019_openmpi_g_v8.4.0/esmf/DEFAULTINSTALLDIR/lib/libg/Linux.pgi.64.openmpi.default/libesmf.so(_ZN5ESMCI3VMK5enterEPNS_7VMKPlanEPvS3_+0xcf)[0x7f283f3b4bcf]
[Orion-01-23:363159] [13] /work/noaa/da/mpotts/sandbox/pgi_2019_openmpi_g_v8.4.0/esmf/DEFAULTINSTALLDIR/lib/libg/Linux.pgi.64.openmpi.default/libesmf.so(_ZN5ESMCI3VMK5enterEPNS_7VMKPlanEPvS3_+0xcf)[0x7f688fa99bcf]
[Orion-01-23:363157] [14] /work/noaa/da/mpotts/sandbox/pgi_2019_openmpi_g_v8.4.0/esmf/DEFAULTINSTALLDIR/lib/libg/Linux.pgi.64.openmpi.default/libesmf.so(_ZN5ESMCI2VM5enterEPNS_6VMPlanEPvS3_+0xcd)[0x7f283f3d91dd]
[Orion-01-23:363159] [14] /work/noaa/da/mpotts/sandbox/pgi_2019_openmpi_g_v8.4.0/esmf/DEFAULTINSTALLDIR/lib/libg/Linux.pgi.64.openmpi.default/libesmf.so(_ZN5ESMCI2VM5enterEPNS_6VMPlanEPvS3_+0xcd)[0x7f688fabe1dd]
[Orion-01-23:363157] [15] /work/noaa/da/mpotts/sandbox/pgi_2019_openmpi_g_v8.4.0/esmf/DEFAULTINSTALLDIR/lib/libg/Linux.pgi.64.openmpi.default/libesmf.so(c_esmc_ftablecallentrypointvm_+0x3a1)[0x7f283ec6e321]
[Orion-01-23:363159] [15] /work/noaa/da/mpotts/sandbox/pgi_2019_openmpi_g_v8.4.0/esmf/DEFAULTINSTALLDIR/lib/libg/Linux.pgi.64.openmpi.default/libesmf.so(c_esmc_ftablecallentrypointvm_+0x3a1)[0x7f688f353321]
[Orion-01-23:363157] [16] /work/noaa/da/mpotts/sandbox/pgi_2019_openmpi_g_v8.4.0/esmf/DEFAULTINSTALLDIR/lib/libg/Linux.pgi.64.openmpi.default/libesmf.so(esmf_compmod_esmf_compexecute_+0xbd5)[0x7f283f722ca5]
[Orion-01-23:363159] [16] /work/noaa/da/mpotts/sandbox/pgi_2019_openmpi_g_v8.4.0/esmf/DEFAULTINSTALLDIR/lib/libg/Linux.pgi.64.openmpi.default/libesmf.so(esmf_compmod_esmf_compexecute_+0xbd5)[0x7f688fe07ca5]
[Orion-01-23:363157] [17] /work/noaa/da/mpotts/sandbox/pgi_2019_openmpi_g_v8.4.0/esmf/DEFAULTINSTALLDIR/lib/libg/Linux.pgi.64.openmpi.default/libesmf.so(esmf_cplcompmod_esmf_cplcompinitialize_+0x1f1)[0x7f283f73dd11]
[Orion-01-23:363159] [17] /work/noaa/da/mpotts/sandbox/pgi_2019_openmpi_g_v8.4.0/esmf/DEFAULTINSTALLDIR/lib/libg/Linux.pgi.64.openmpi.default/libesmf.so(esmf_cplcompmod_esmf_cplcompinitialize_+0x1f1)[0x7f688fe22d11]
[Orion-01-23:363157] [18] /work/noaa/da/mpotts/sandbox/pgi_2019_openmpi_g_v8.4.0/esmf/DEFAULTINSTALLDIR/lib/libg/Linux.pgi.64.openmpi.default/libesmf.so(nuopc_driver_loopconnectorcompss_+0x1916)[0x7f28401a0556]
[Orion-01-23:363159] [18] /work/noaa/da/mpotts/sandbox/pgi_2019_openmpi_g_v8.4.0/esmf/DEFAULTINSTALLDIR/lib/libg/Linux.pgi.64.openmpi.default/libesmf.so(nuopc_driver_loopconnectorcompss_+0x1916)[0x7f6890885556]
[Orion-01-23:363157] [19] /work/noaa/da/mpotts/sandbox/pgi_2019_openmpi_g_v8.4.0/esmf/DEFAULTINSTALLDIR/lib/libg/Linux.pgi.64.openmpi.default/libesmf.so(nuopc_driver_initializeipdv02p3_+0x5421)[0x7f2840191ba1]
[Orion-01-23:363159] [19] /work/noaa/da/mpotts/sandbox/pgi_2019_openmpi_g_v8.4.0/esmf/DEFAULTINSTALLDIR/lib/libg/Linux.pgi.64.openmpi.default/libesmf.so(nuopc_driver_initializeipdv02p3_+0x5421)[0x7f6890876ba1]
[Orion-01-23:363157] [20] /work/noaa/da/mpotts/sandbox/pgi_2019_openmpi_g_v8.4.0/esmf/DEFAULTINSTALLDIR/lib/libg/Linux.pgi.64.openmpi.default/libesmf.so(nuopc_driver_initializegeneric_+0x109e)[0x7f284017180e]
[Orion-01-23:363159] [20] /work/noaa/da/mpotts/sandbox/pgi_2019_openmpi_g_v8.4.0/esmf/DEFAULTINSTALLDIR/lib/libg/Linux.pgi.64.openmpi.default/libesmf.so(nuopc_driver_initializegeneric_+0x109e)[0x7f689085680e]
[Orion-01-23:363157] [21] /work/noaa/da/mpotts/sandbox/pgi_2019_openmpi_g_v8.4.0/esmf/DEFAULTINSTALLDIR/lib/libg/Linux.pgi.64.openmpi.default/libesmf.so(_ZN5ESMCI6FTable12callVFuncPtrEPKcPNS_2VMEPi+0xcf7)[0x7f283ec71f57]
[Orion-01-23:363159] [21] /work/noaa/da/mpotts/sandbox/pgi_2019_openmpi_g_v8.4.0/esmf/DEFAULTINSTALLDIR/lib/libg/Linux.pgi.64.openmpi.default/libesmf.so(_ZN5ESMCI6FTable12callVFuncPtrEPKcPNS_2VMEPi+0xcf7)[0x7f688f356f57]
[Orion-01-23:363157] [22] /work/noaa/da/mpotts/sandbox/pgi_2019_openmpi_g_v8.4.0/esmf/DEFAULTINSTALLDIR/lib/libg/Linux.pgi.64.openmpi.default/libesmf.so(ESMCI_FTableCallEntryPointVMHop+0x2ac)[0x7f283ec6de5c]
[Orion-01-23:363159] [22] /work/noaa/da/mpotts/sandbox/pgi_2019_openmpi_g_v8.4.0/esmf/DEFAULTINSTALLDIR/lib/libg/Linux.pgi.64.openmpi.default/libesmf.so(ESMCI_FTableCallEntryPointVMHop+0x2ac)[0x7f688f352e5c]
[Orion-01-23:363157] [23] /work/noaa/da/mpotts/sandbox/pgi_2019_openmpi_g_v8.4.0/esmf/DEFAULTINSTALLDIR/lib/libg/Linux.pgi.64.openmpi.default/libesmf.so(_ZN5ESMCI3VMK5enterEPNS_7VMKPlanEPvS3_+0xcf)[0x7f283f3b4bcf]
[Orion-01-23:363159] [23] /work/noaa/da/mpotts/sandbox/pgi_2019_openmpi_g_v8.4.0/esmf/DEFAULTINSTALLDIR/lib/libg/Linux.pgi.64.openmpi.default/libesmf.so(_ZN5ESMCI3VMK5enterEPNS_7VMKPlanEPvS3_+0xcf)[0x7f688fa99bcf]
[Orion-01-23:363157] [24] /work/noaa/da/mpotts/sandbox/pgi_2019_openmpi_g_v8.4.0/esmf/DEFAULTINSTALLDIR/lib/libg/Linux.pgi.64.openmpi.default/libesmf.so(_ZN5ESMCI2VM5enterEPNS_6VMPlanEPvS3_+0xcd)[0x7f283f3d91dd]
[Orion-01-23:363159] [24] /work/noaa/da/mpotts/sandbox/pgi_2019_openmpi_g_v8.4.0/esmf/DEFAULTINSTALLDIR/lib/libg/Linux.pgi.64.openmpi.default/libesmf.so(_ZN5ESMCI2VM5enterEPNS_6VMPlanEPvS3_+0xcd)[0x7f688fabe1dd]
[Orion-01-23:363157] [25] /work/noaa/da/mpotts/sandbox/pgi_2019_openmpi_g_v8.4.0/esmf/DEFAULTINSTALLDIR/lib/libg/Linux.pgi.64.openmpi.default/libesmf.so(c_esmc_ftablecallentrypointvm_+0x3a1)[0x7f283ec6e321]
[Orion-01-23:363159] [25] /work/noaa/da/mpotts/sandbox/pgi_2019_openmpi_g_v8.4.0/esmf/DEFAULTINSTALLDIR/lib/libg/Linux.pgi.64.openmpi.default/libesmf.so(c_esmc_ftablecallentrypointvm_+0x3a1)[0x7f688f353321]
[Orion-01-23:363157] [26] /work/noaa/da/mpotts/sandbox/pgi_2019_openmpi_g_v8.4.0/esmf/DEFAULTINSTALLDIR/lib/libg/Linux.pgi.64.openmpi.default/libesmf.so(esmf_compmod_esmf_compexecute_+0xbd5)[0x7f283f722ca5]
[Orion-01-23:363159] [26] /work/noaa/da/mpotts/sandbox/pgi_2019_openmpi_g_v8.4.0/esmf/DEFAULTINSTALLDIR/lib/libg/Linux.pgi.64.openmpi.default/libesmf.so(esmf_compmod_esmf_compexecute_+0xbd5)[0x7f688fe07ca5]
[Orion-01-23:363157] [27] /work/noaa/da/mpotts/sandbox/pgi_2019_openmpi_g_v8.4.0/esmf/DEFAULTINSTALLDIR/lib/libg/Linux.pgi.64.openmpi.default/libesmf.so(esmf_gridcompmod_esmf_gridcompinitialize_+0x1f1)[0x7f283fa327e1]
[Orion-01-23:363157] [28] /work/noaa/da/mpotts/sandbox/pgi_2019_openmpi_g_v8.4.0/nuopc-app-prototypes/AtmOcnFDSynoProto/./esmApp[0x407578]
[Orion-01-23:363157] [29] /work/noaa/da/mpotts/sandbox/pgi_2019_openmpi_g_v8.4.0/nuopc-app-prototypes/AtmOcnFDSynoProto/./esmApp[0x406d03]
[Orion-01-23:363157] *** End of error message ***
[Orion-01-23:363159] [27] /work/noaa/da/mpotts/sandbox/pgi_2019_openmpi_g_v8.4.0/esmf/DEFAULTINSTALLDIR/lib/libg/Linux.pgi.64.openmpi.default/libesmf.so(esmf_gridcompmod_esmf_gridcompinitialize_+0x1f1)[0x7f68901177e1]
[Orion-01-23:363159] [28] /work/noaa/da/mpotts/sandbox/pgi_2019_openmpi_g_v8.4.0/nuopc-app-prototypes/AtmOcnFDSynoProto/./esmApp[0x407578]
[Orion-01-23:363159] [29] /work/noaa/da/mpotts/sandbox/pgi_2019_openmpi_g_v8.4.0/nuopc-app-prototypes/AtmOcnFDSynoProto/./esmApp[0x406d03]
[Orion-01-23:363159] *** End of error message ***
srun: error: Orion-01-23: tasks 0,2: Segmentation fault
srun: launch/slurm: _step_signal: Terminating StepId=7419922.347
slurmstepd: error: *** STEP 7419922.347 ON Orion-01-23 CANCELLED AT 2022-10-26T04:32:10 ***
srun: error: Orion-01-23: tasks 1,3: Terminated
srun: Force Terminated StepId=7419922.347
