2022-10-25 04:26:23
20221025 063331.816 INFO             PET0 !!!!!!!!!!!!!!!!!!!!!!!!!!!!!!!!!!!!!!!!!!!!!!!!!!!!!!
20221025 063331.817 INFO             PET0 !!! THE ESMF_LOG IS SET TO OUTPUT ALL LOG MESSAGES !!!
20221025 063331.817 INFO             PET0 !!!     THIS MAY CAUSE SLOWDOWN IN PERFORMANCE     !!!
20221025 063331.817 INFO             PET0 !!! FOR PRODUCTION RUNS, USE:                      !!!
20221025 063331.817 INFO             PET0 !!!                   ESMF_LOGKIND_Multi_On_Error  !!!
20221025 063331.817 INFO             PET0 !!!!!!!!!!!!!!!!!!!!!!!!!!!!!!!!!!!!!!!!!!!!!!!!!!!!!!
20221025 063331.817 INFO             PET0 Running with ESMF Version   : v8.4.0
20221025 063331.817 INFO             PET0 ESMF library build date/time: "Oct 25 2022" "04:22:32"
20221025 063331.817 INFO             PET0 ESMF library build location : /work/noaa/da/mpotts/sandbox/pgi_2019_openmpi_g_v8.4.0/esmf
20221025 063331.817 INFO             PET0 ESMF_COMM                   : openmpi
20221025 063331.818 INFO             PET0 ESMF_MOAB                   : enabled
20221025 063331.818 INFO             PET0 ESMF_LAPACK                 : enabled
20221025 063331.818 INFO             PET0 ESMF_NETCDF                 : enabled
20221025 063331.818 INFO             PET0 ESMF_PNETCDF                : disabled
20221025 063331.818 INFO             PET0 ESMF_PIO                    : enabled
20221025 063331.818 INFO             PET0 ESMF_YAMLCPP                : enabled
20221025 063331.818 INFO             PET0 esmApp STARTING
20221025 063331.825 INFO             PET0 esm: InitializeGeneric intro.
20221025 063331.825 INFO             PET0   esm: InitializeP0 intro.
20221025 063331.825 INFO             PET0   esm: InitializeP0 extro.
20221025 063331.825 INFO             PET0   esm: InitializeIPDv02p1 intro.
20221025 063331.825 INFO             PET0     >>>esm: entered Initialize (phase=<none>) without valid internal Clock.
20221025 063331.826 INFO             PET0     esm - Creating model component ATM with petList of size 2 :
20221025 063331.826 INFO             PET0           0      1
20221025 063331.829 INFO             PET0     esm - Creating model component OCN with petList of size 1 :
20221025 063331.829 INFO             PET0           2
20221025 063331.832 INFO             PET0     esm - Creating model component RTM with petList of size 1 :
20221025 063331.832 INFO             PET0           3
20221025 063331.833 INFO             PET0     esm - Creating state: modelComp 1 Import State
20221025 063331.833 INFO             PET0     esm - Creating state: modelComp 1 Export State
20221025 063331.833 INFO             PET0     esm - Creating state: modelComp 2 Import State
20221025 063331.833 INFO             PET0     esm - Creating state: modelComp 2 Export State
20221025 063331.833 INFO             PET0     esm - Creating state: modelComp 3 Import State
20221025 063331.834 INFO             PET0     esm - Creating state: modelComp 3 Export State
20221025 063331.835 INFO             PET0     ATM: InitializeP0 intro.
20221025 063331.836 INFO             PET0     ATM: InitializeP0 extro.
20221025 063331.843 INFO             PET0     esm - Creating connector component ATM-TO-RTM with petList of size 3 :
20221025 063331.843 INFO             PET0           0      1      3
20221025 063331.852 INFO             PET0     esm - Setting Verbosity on created component to: high
20221025 063331.852 INFO             PET0     esm - Setting Profiling on created component to:          0
20221025 063331.852 INFO             PET0     esm - Creating connector component RTM-TO-OCN with petList of size 2 :
20221025 063331.852 INFO             PET0           3      2
20221025 063331.859 INFO             PET0     esm - Setting Verbosity on created component to: high
20221025 063331.859 INFO             PET0     esm - Setting Profiling on created component to:          0
20221025 063331.859 INFO             PET0     esm - Creating connector component ATM-TO-OCN with petList of size 3 :
20221025 063331.859 INFO             PET0           0      1      2
20221025 063331.868 INFO             PET0     esm - Setting Verbosity on created component to: high
20221025 063331.868 INFO             PET0     esm - Setting Profiling on created component to:          0
20221025 063331.868 INFO             PET0     esm - Creating connector component OCN-TO-ATM with petList of size 3 :
20221025 063331.868 INFO             PET0           2      0      1
20221025 063331.875 INFO             PET0     esm - Setting Verbosity on created component to: high
20221025 063331.875 INFO             PET0     esm - Setting Profiling on created component to:          0
20221025 063331.880 INFO             PET0     esm: IInitAdvertise intro.
20221025 063331.880 INFO             PET0     esm: IInitAdvertise extro.
20221025 063331.880 INFO             PET0     ATM: InitializeIPDvXp01 intro.
20221025 063331.884 INFO             PET0     ATM: InitializeIPDvXp01 extro.
20221025 063331.894 INFO             PET0     ATM-TO-OCN: InitializeIPDv05p1 intro.
20221025 063331.902 INFO             PET0       ATM-TO-OCN: importState FieldTransferPolicy = transferNone
20221025 063331.902 INFO             PET0       ATM-TO-OCN: exportState FieldTransferPolicy = transferNone
20221025 063331.902 INFO             PET0     ATM-TO-OCN: InitializeIPDv05p1 extro.
20221025 063331.902 INFO             PET0     ATM-TO-RTM: InitializeIPDv05p1 intro.
20221025 063331.908 INFO             PET0       ATM-TO-RTM: importState FieldTransferPolicy = transferNone
20221025 063331.908 INFO             PET0       ATM-TO-RTM: exportState FieldTransferPolicy = transferNone
20221025 063331.908 INFO             PET0     ATM-TO-RTM: InitializeIPDv05p1 extro.
20221025 063331.908 INFO             PET0     OCN-TO-ATM: InitializeIPDv05p1 intro.
20221025 063331.912 INFO             PET0       OCN-TO-ATM: importState FieldTransferPolicy = transferNone
20221025 063331.912 INFO             PET0       OCN-TO-ATM: exportState FieldTransferPolicy = transferNone
20221025 063331.912 INFO             PET0     OCN-TO-ATM: InitializeIPDv05p1 extro.
20221025 063331.912 INFO             PET0     esm: IInitAdvertiseFinish intro.
20221025 063331.912 INFO             PET0     esm: IInitAdvertiseFinish extro.
20221025 063331.913 INFO             PET0     ATM-TO-OCN: InitializeIPDv05p2a intro.
20221025 063331.925 INFO             PET0       ATM-TO-OCN:      importStandardNameList(i=  2): air_pressure_at_sea_level
20221025 063331.925 INFO             PET0       ATM-TO-OCN:         importNamespaceList(i=  2): ATM
20221025 063331.925 INFO             PET0       ATM-TO-OCN:            importCplSetList(i=  2): __UNSPECIFIED__
20221025 063331.925 INFO             PET0       ATM-TO-OCN:      exportStandardNameList(j=  2): air_pressure_at_sea_level
20221025 063331.925 INFO             PET0       ATM-TO-OCN:         exportNamespaceList(j=  2): OCN
20221025 063331.925 INFO             PET0       ATM-TO-OCN:            exportCplSetList(j=  2): __UNSPECIFIED__
20221025 063331.925 INFO             PET0       ATM-TO-OCN: bondLevel= 1
20221025 063331.925 INFO             PET0       ATM-TO-OCN: ProducerConnection (bondLevelMax):         1
20221025 063331.925 INFO             PET0       ATM-TO-OCN:      importStandardNameList(i=  3): surface_net_downward_shortwave_flux
20221025 063331.925 INFO             PET0       ATM-TO-OCN:         importNamespaceList(i=  3): ATM
20221025 063331.925 INFO             PET0       ATM-TO-OCN:            importCplSetList(i=  3): __UNSPECIFIED__
20221025 063331.925 INFO             PET0       ATM-TO-OCN:      exportStandardNameList(j=  3): surface_net_downward_shortwave_flux
20221025 063331.925 INFO             PET0       ATM-TO-OCN:         exportNamespaceList(j=  3): OCN
20221025 063331.925 INFO             PET0       ATM-TO-OCN:            exportCplSetList(j=  3): __UNSPECIFIED__
20221025 063331.925 INFO             PET0       ATM-TO-OCN: bondLevel= 1
20221025 063331.925 INFO             PET0       ATM-TO-OCN: ProducerConnection (bondLevelMax):         1
20221025 063331.925 INFO             PET0     ATM-TO-OCN: InitializeIPDv05p2a extro.
20221025 063331.925 INFO             PET0     ATM-TO-RTM: InitializeIPDv05p2a intro.
20221025 063331.931 INFO             PET0       ATM-TO-RTM:      importStandardNameList(i=  1): field_to_rtm
20221025 063331.931 INFO             PET0       ATM-TO-RTM:         importNamespaceList(i=  1): ATM
20221025 063331.931 INFO             PET0       ATM-TO-RTM:            importCplSetList(i=  1): __UNSPECIFIED__
20221025 063331.931 INFO             PET0       ATM-TO-RTM:      exportStandardNameList(j=  1): field_to_rtm
20221025 063331.931 INFO             PET0       ATM-TO-RTM:         exportNamespaceList(j=  1): RTM
20221025 063331.931 INFO             PET0       ATM-TO-RTM:            exportCplSetList(j=  1): __UNSPECIFIED__
20221025 063331.931 INFO             PET0       ATM-TO-RTM: bondLevel= 1
20221025 063331.931 INFO             PET0       ATM-TO-RTM: ProducerConnection (bondLevelMax):         1
20221025 063331.931 INFO             PET0     ATM-TO-RTM: InitializeIPDv05p2a extro.
20221025 063331.931 INFO             PET0     OCN-TO-ATM: InitializeIPDv05p2a intro.
20221025 063331.935 INFO             PET0       OCN-TO-ATM:      importStandardNameList(i=  1): sea_surface_temperature
20221025 063331.935 INFO             PET0       OCN-TO-ATM:         importNamespaceList(i=  1): OCN
20221025 063331.935 INFO             PET0       OCN-TO-ATM:            importCplSetList(i=  1): __UNSPECIFIED__
20221025 063331.935 INFO             PET0       OCN-TO-ATM:      exportStandardNameList(j=  1): sea_surface_temperature
20221025 063331.935 INFO             PET0       OCN-TO-ATM:         exportNamespaceList(j=  1): ATM
20221025 063331.935 INFO             PET0       OCN-TO-ATM:            exportCplSetList(j=  1): __UNSPECIFIED__
20221025 063331.935 INFO             PET0       OCN-TO-ATM: bondLevel= 1
20221025 063331.935 INFO             PET0       OCN-TO-ATM: ProducerConnection (bondLevelMax):         1
20221025 063331.935 INFO             PET0     OCN-TO-ATM: InitializeIPDv05p2a extro.
20221025 063331.936 INFO             PET0     ATM-TO-OCN: InitializeIPDv05p2b intro.
20221025 063331.948 INFO             PET0       ATM-TO-OCN:      importStandardNameList(i=  2): air_pressure_at_sea_level
20221025 063331.948 INFO             PET0       ATM-TO-OCN:         importNamespaceList(i=  2): ATM
20221025 063331.948 INFO             PET0       ATM-TO-OCN:            importCplSetList(i=  2): __UNSPECIFIED__
20221025 063331.948 INFO             PET0       ATM-TO-OCN:      exportStandardNameList(j=  2): air_pressure_at_sea_level
20221025 063331.948 INFO             PET0       ATM-TO-OCN:         exportNamespaceList(j=  2): OCN
20221025 063331.948 INFO             PET0       ATM-TO-OCN:            exportCplSetList(j=  2): __UNSPECIFIED__
20221025 063331.948 INFO             PET0       ATM-TO-OCN: bondLevel= 1
20221025 063331.948 INFO             PET0       ATM-TO-OCN: => added cplList(  1)=air_pressure_at_sea_level, cplSetList(  1)=__UNSPECIFIED__
20221025 063331.948 INFO             PET0       ATM-TO-OCN:      importStandardNameList(i=  3): surface_net_downward_shortwave_flux
20221025 063331.948 INFO             PET0       ATM-TO-OCN:         importNamespaceList(i=  3): ATM
20221025 063331.948 INFO             PET0       ATM-TO-OCN:            importCplSetList(i=  3): __UNSPECIFIED__
20221025 063331.948 INFO             PET0       ATM-TO-OCN:      exportStandardNameList(j=  3): surface_net_downward_shortwave_flux
20221025 063331.948 INFO             PET0       ATM-TO-OCN:         exportNamespaceList(j=  3): OCN
20221025 063331.948 INFO             PET0       ATM-TO-OCN:            exportCplSetList(j=  3): __UNSPECIFIED__
20221025 063331.948 INFO             PET0       ATM-TO-OCN: bondLevel= 1
20221025 063331.948 INFO             PET0       ATM-TO-OCN: => added cplList(  2)=surface_net_downward_shortwave_flux, cplSetList(  2)=__UNSPECIFIED__
20221025 063331.948 INFO             PET0     ATM-TO-OCN: InitializeIPDv05p2b extro.
20221025 063331.949 INFO             PET0     ATM-TO-RTM: InitializeIPDv05p2b intro.
20221025 063331.954 INFO             PET0       ATM-TO-RTM:      importStandardNameList(i=  1): field_to_rtm
20221025 063331.954 INFO             PET0       ATM-TO-RTM:         importNamespaceList(i=  1): ATM
20221025 063331.954 INFO             PET0       ATM-TO-RTM:            importCplSetList(i=  1): __UNSPECIFIED__
20221025 063331.954 INFO             PET0       ATM-TO-RTM:      exportStandardNameList(j=  1): field_to_rtm
20221025 063331.954 INFO             PET0       ATM-TO-RTM:         exportNamespaceList(j=  1): RTM
20221025 063331.954 INFO             PET0       ATM-TO-RTM:            exportCplSetList(j=  1): __UNSPECIFIED__
20221025 063331.954 INFO             PET0       ATM-TO-RTM: bondLevel= 1
20221025 063331.954 INFO             PET0       ATM-TO-RTM: => added cplList(  1)=field_to_rtm, cplSetList(  1)=__UNSPECIFIED__
20221025 063331.955 INFO             PET0     ATM-TO-RTM: InitializeIPDv05p2b extro.
20221025 063331.955 INFO             PET0     OCN-TO-ATM: InitializeIPDv05p2b intro.
20221025 063331.959 INFO             PET0       OCN-TO-ATM:      importStandardNameList(i=  1): sea_surface_temperature
20221025 063331.959 INFO             PET0       OCN-TO-ATM:         importNamespaceList(i=  1): OCN
20221025 063331.959 INFO             PET0       OCN-TO-ATM:            importCplSetList(i=  1): __UNSPECIFIED__
20221025 063331.959 INFO             PET0       OCN-TO-ATM:      exportStandardNameList(j=  1): sea_surface_temperature
20221025 063331.959 INFO             PET0       OCN-TO-ATM:         exportNamespaceList(j=  1): ATM
20221025 063331.959 INFO             PET0       OCN-TO-ATM:            exportCplSetList(j=  1): __UNSPECIFIED__
20221025 063331.959 INFO             PET0       OCN-TO-ATM: bondLevel= 1
20221025 063331.959 INFO             PET0       OCN-TO-ATM: => added cplList(  1)=sea_surface_temperature, cplSetList(  1)=__UNSPECIFIED__
20221025 063331.959 INFO             PET0     OCN-TO-ATM: InitializeIPDv05p2b extro.
20221025 063331.959 INFO             PET0     esm: IInitModifyCplLists intro.
20221025 063331.959 INFO             PET0     esm: IInitModifyCplLists extro.
20221025 063331.960 INFO             PET0     ATM-TO-OCN: InitializeIPDv05p3 intro.
20221025 063331.972 INFO             PET0       ATM-TO-OCN: handle cplList(1): air_pressure_at_sea_level, cplSetList(1): __UNSPECIFIED__
20221025 063331.972 INFO             PET0       ATM-TO-OCN: - connected.
20221025 063331.972 INFO             PET0       ATM-TO-OCN: - both sides must provide the Field/GeomObject.
20221025 063331.972 INFO             PET0       ATM-TO-OCN: handle cplList(2): surface_net_downward_shortwave_flux, cplSetList(2): __UNSPECIFIED__
20221025 063331.973 INFO             PET0       ATM-TO-OCN: - connected.
20221025 063331.973 INFO             PET0       ATM-TO-OCN: - both sides must provide the Field/GeomObject.
20221025 063331.973 INFO             PET0     ATM-TO-OCN: InitializeIPDv05p3 extro.
20221025 063331.973 INFO             PET0     ATM-TO-RTM: InitializeIPDv05p3 intro.
20221025 063331.979 INFO             PET0       ATM-TO-RTM: handle cplList(1): field_to_rtm, cplSetList(1): __UNSPECIFIED__
20221025 063331.979 INFO             PET0       ATM-TO-RTM: - connected.
20221025 063331.979 INFO             PET0       ATM-TO-RTM: - both sides must provide the Field/GeomObject.
20221025 063331.979 INFO             PET0     ATM-TO-RTM: InitializeIPDv05p3 extro.
20221025 063331.979 INFO             PET0     OCN-TO-ATM: InitializeIPDv05p3 intro.
20221025 063331.983 INFO             PET0       OCN-TO-ATM: handle cplList(1): sea_surface_temperature, cplSetList(1): __UNSPECIFIED__
20221025 063331.983 INFO             PET0       OCN-TO-ATM: - connected.
20221025 063331.983 INFO             PET0       OCN-TO-ATM: - both sides must provide the Field/GeomObject.
20221025 063331.983 INFO             PET0     OCN-TO-ATM: InitializeIPDv05p3 extro.
20221025 063331.984 INFO             PET0     <<<esm: leaving Initialize (phase=<none>) with current time: 2010  6  1  0  0  0   0
20221025 063331.984 INFO             PET0   esm: InitializeIPDv02p1 extro.
20221025 063331.984 INFO             PET0   esm: InitializeIPDv02p3 intro.
20221025 063331.984 INFO             PET0     >>>esm: entered Initialize (phase=<none>) with current time: 2010  6  1  0  0  0   0
20221025 063331.984 INFO             PET0     esm: IInitCheck intro.
20221025 063331.984 INFO             PET0     esm: IInitCheck extro.
20221025 063331.984 INFO             PET0     ATM: InitializeIPDvXp04 intro.
20221025 063331.991 INFO             PET0     ATM: InitializeIPDvXp04 extro.
20221025 063332.006 INFO             PET0     ATM-TO-OCN: InitializeIPDv05p4 intro.
20221025 063332.019 INFO             PET0       ATM-TO-OCN: handle cplList(1): air_pressure_at_sea_level, cplSetList(1): __UNSPECIFIED__
20221025 063332.019 INFO             PET0       ATM-TO-OCN: - nothing shared or transferred
20221025 063332.019 INFO             PET0       ATM-TO-OCN: handle cplList(2): surface_net_downward_shortwave_flux, cplSetList(2): __UNSPECIFIED__
20221025 063332.019 INFO             PET0       ATM-TO-OCN: - nothing shared or transferred
20221025 063332.019 INFO             PET0     ATM-TO-OCN: InitializeIPDv05p4 extro.
20221025 063332.019 INFO             PET0     ATM-TO-RTM: InitializeIPDv05p4 intro.
20221025 063332.028 INFO             PET0       ATM-TO-RTM: handle cplList(1): field_to_rtm, cplSetList(1): __UNSPECIFIED__
20221025 063332.028 INFO             PET0       ATM-TO-RTM: - nothing shared or transferred
20221025 063332.028 INFO             PET0     ATM-TO-RTM: InitializeIPDv05p4 extro.
20221025 063332.029 INFO             PET0     OCN-TO-ATM: InitializeIPDv05p4 intro.
20221025 063332.035 INFO             PET0       OCN-TO-ATM: handle cplList(1): sea_surface_temperature, cplSetList(1): __UNSPECIFIED__
20221025 063332.035 INFO             PET0       OCN-TO-ATM: - nothing shared or transferred
20221025 063332.035 INFO             PET0     OCN-TO-ATM: InitializeIPDv05p4 extro.
20221025 063332.035 INFO             PET0     ATM-TO-OCN: InitializeIPDv05p5 intro.
20221025 063332.055 INFO             PET0       ATM-TO-OCN: handle cplList(1): air_pressure_at_sea_level, cplSetList(1): __UNSPECIFIED__
20221025 063332.055 INFO             PET0       ATM-TO-OCN: - nothing shared or transferred, or may already be handled
20221025 063332.055 INFO             PET0       ATM-TO-OCN: handle cplList(2): surface_net_downward_shortwave_flux, cplSetList(2): __UNSPECIFIED__
20221025 063332.055 INFO             PET0       ATM-TO-OCN: - nothing shared or transferred, or may already be handled
20221025 063332.055 INFO             PET0     ATM-TO-OCN: InitializeIPDv05p5 extro.
20221025 063332.055 INFO             PET0     ATM-TO-RTM: InitializeIPDv05p5 intro.
20221025 063332.065 INFO             PET0       ATM-TO-RTM: handle cplList(1): field_to_rtm, cplSetList(1): __UNSPECIFIED__
20221025 063332.065 INFO             PET0       ATM-TO-RTM: - nothing shared or transferred, or may already be handled
20221025 063332.065 INFO             PET0     ATM-TO-RTM: InitializeIPDv05p5 extro.
20221025 063332.065 INFO             PET0     OCN-TO-ATM: InitializeIPDv05p5 intro.
20221025 063332.071 INFO             PET0       OCN-TO-ATM: handle cplList(1): sea_surface_temperature, cplSetList(1): __UNSPECIFIED__
20221025 063332.071 INFO             PET0       OCN-TO-ATM: - nothing shared or transferred, or may already be handled
20221025 063332.071 INFO             PET0     OCN-TO-ATM: InitializeIPDv05p5 extro.
20221025 063332.071 INFO             PET0     esm: IInitRealize intro.
20221025 063332.071 INFO             PET0     esm: IInitRealize extro.
20221025 063332.072 INFO             PET0     ATM-TO-OCN: InitializeIPDv05p6a intro.
20221025 063332.091 INFO             PET0     ATM-TO-OCN: InitializeIPDv05p6a extro.
20221025 063331.816 INFO             PET1 !!!!!!!!!!!!!!!!!!!!!!!!!!!!!!!!!!!!!!!!!!!!!!!!!!!!!!
20221025 063331.818 INFO             PET1 !!! THE ESMF_LOG IS SET TO OUTPUT ALL LOG MESSAGES !!!
20221025 063331.818 INFO             PET1 !!!     THIS MAY CAUSE SLOWDOWN IN PERFORMANCE     !!!
20221025 063331.818 INFO             PET1 !!! FOR PRODUCTION RUNS, USE:                      !!!
20221025 063331.818 INFO             PET1 !!!                   ESMF_LOGKIND_Multi_On_Error  !!!
20221025 063331.818 INFO             PET1 !!!!!!!!!!!!!!!!!!!!!!!!!!!!!!!!!!!!!!!!!!!!!!!!!!!!!!
20221025 063331.818 INFO             PET1 Running with ESMF Version   : v8.4.0
20221025 063331.818 INFO             PET1 ESMF library build date/time: "Oct 25 2022" "04:22:32"
20221025 063331.818 INFO             PET1 ESMF library build location : /work/noaa/da/mpotts/sandbox/pgi_2019_openmpi_g_v8.4.0/esmf
20221025 063331.818 INFO             PET1 ESMF_COMM                   : openmpi
20221025 063331.818 INFO             PET1 ESMF_MOAB                   : enabled
20221025 063331.818 INFO             PET1 ESMF_LAPACK                 : enabled
20221025 063331.818 INFO             PET1 ESMF_NETCDF                 : enabled
20221025 063331.818 INFO             PET1 ESMF_PNETCDF                : disabled
20221025 063331.818 INFO             PET1 ESMF_PIO                    : enabled
20221025 063331.818 INFO             PET1 ESMF_YAMLCPP                : enabled
20221025 063331.818 INFO             PET1 esmApp STARTING
20221025 063331.825 INFO             PET1 esm: InitializeGeneric intro.
20221025 063331.825 INFO             PET1   esm: InitializeP0 intro.
20221025 063331.825 INFO             PET1   esm: InitializeP0 extro.
20221025 063331.825 INFO             PET1   esm: InitializeIPDv02p1 intro.
20221025 063331.825 INFO             PET1     >>>esm: entered Initialize (phase=<none>) without valid internal Clock.
20221025 063331.826 INFO             PET1     esm - Creating model component ATM with petList of size 2 :
20221025 063331.826 INFO             PET1           0      1
20221025 063331.829 INFO             PET1     esm - Creating model component OCN with petList of size 1 :
20221025 063331.829 INFO             PET1           2
20221025 063331.832 INFO             PET1     esm - Creating model component RTM with petList of size 1 :
20221025 063331.832 INFO             PET1           3
20221025 063331.833 INFO             PET1     esm - Creating state: modelComp 1 Import State
20221025 063331.833 INFO             PET1     esm - Creating state: modelComp 1 Export State
20221025 063331.833 INFO             PET1     esm - Creating state: modelComp 2 Import State
20221025 063331.833 INFO             PET1     esm - Creating state: modelComp 2 Export State
20221025 063331.834 INFO             PET1     esm - Creating state: modelComp 3 Import State
20221025 063331.834 INFO             PET1     esm - Creating state: modelComp 3 Export State
20221025 063331.836 INFO             PET1     ATM: InitializeP0 intro.
20221025 063331.837 INFO             PET1     ATM: InitializeP0 extro.
20221025 063331.843 INFO             PET1     esm - Creating connector component ATM-TO-RTM with petList of size 3 :
20221025 063331.843 INFO             PET1           0      1      3
20221025 063331.852 INFO             PET1     esm - Setting Verbosity on created component to: high
20221025 063331.852 INFO             PET1     esm - Setting Profiling on created component to:          0
20221025 063331.852 INFO             PET1     esm - Creating connector component RTM-TO-OCN with petList of size 2 :
20221025 063331.852 INFO             PET1           3      2
20221025 063331.859 INFO             PET1     esm - Setting Verbosity on created component to: high
20221025 063331.859 INFO             PET1     esm - Setting Profiling on created component to:          0
20221025 063331.859 INFO             PET1     esm - Creating connector component ATM-TO-OCN with petList of size 3 :
20221025 063331.859 INFO             PET1           0      1      2
20221025 063331.868 INFO             PET1     esm - Setting Verbosity on created component to: high
20221025 063331.868 INFO             PET1     esm - Setting Profiling on created component to:          0
20221025 063331.868 INFO             PET1     esm - Creating connector component OCN-TO-ATM with petList of size 3 :
20221025 063331.868 INFO             PET1           2      0      1
20221025 063331.877 INFO             PET1     esm - Setting Verbosity on created component to: high
20221025 063331.877 INFO             PET1     esm - Setting Profiling on created component to:          0
20221025 063331.880 INFO             PET1     esm: IInitAdvertise intro.
20221025 063331.881 INFO             PET1     esm: IInitAdvertise extro.
20221025 063331.881 INFO             PET1     ATM: InitializeIPDvXp01 intro.
20221025 063331.886 INFO             PET1     ATM: InitializeIPDvXp01 extro.
20221025 063331.894 INFO             PET1     ATM-TO-OCN: InitializeIPDv05p1 intro.
20221025 063331.902 INFO             PET1       ATM-TO-OCN: importState FieldTransferPolicy = transferNone
20221025 063331.902 INFO             PET1       ATM-TO-OCN: exportState FieldTransferPolicy = transferNone
20221025 063331.902 INFO             PET1     ATM-TO-OCN: InitializeIPDv05p1 extro.
20221025 063331.902 INFO             PET1     ATM-TO-RTM: InitializeIPDv05p1 intro.
20221025 063331.908 INFO             PET1       ATM-TO-RTM: importState FieldTransferPolicy = transferNone
20221025 063331.908 INFO             PET1       ATM-TO-RTM: exportState FieldTransferPolicy = transferNone
20221025 063331.908 INFO             PET1     ATM-TO-RTM: InitializeIPDv05p1 extro.
20221025 063331.908 INFO             PET1     OCN-TO-ATM: InitializeIPDv05p1 intro.
20221025 063331.912 INFO             PET1       OCN-TO-ATM: importState FieldTransferPolicy = transferNone
20221025 063331.912 INFO             PET1       OCN-TO-ATM: exportState FieldTransferPolicy = transferNone
20221025 063331.912 INFO             PET1     OCN-TO-ATM: InitializeIPDv05p1 extro.
20221025 063331.912 INFO             PET1     esm: IInitAdvertiseFinish intro.
20221025 063331.913 INFO             PET1     esm: IInitAdvertiseFinish extro.
20221025 063331.913 INFO             PET1     ATM-TO-OCN: InitializeIPDv05p2a intro.
20221025 063331.925 INFO             PET1       ATM-TO-OCN:      importStandardNameList(i=  2): air_pressure_at_sea_level
20221025 063331.925 INFO             PET1       ATM-TO-OCN:         importNamespaceList(i=  2): ATM
20221025 063331.925 INFO             PET1       ATM-TO-OCN:            importCplSetList(i=  2): __UNSPECIFIED__
20221025 063331.925 INFO             PET1       ATM-TO-OCN:      exportStandardNameList(j=  2): air_pressure_at_sea_level
20221025 063331.925 INFO             PET1       ATM-TO-OCN:         exportNamespaceList(j=  2): OCN
20221025 063331.925 INFO             PET1       ATM-TO-OCN:            exportCplSetList(j=  2): __UNSPECIFIED__
20221025 063331.925 INFO             PET1       ATM-TO-OCN: bondLevel= 1
20221025 063331.925 INFO             PET1       ATM-TO-OCN: ProducerConnection (bondLevelMax):         1
20221025 063331.925 INFO             PET1       ATM-TO-OCN:      importStandardNameList(i=  3): surface_net_downward_shortwave_flux
20221025 063331.925 INFO             PET1       ATM-TO-OCN:         importNamespaceList(i=  3): ATM
20221025 063331.925 INFO             PET1       ATM-TO-OCN:            importCplSetList(i=  3): __UNSPECIFIED__
20221025 063331.925 INFO             PET1       ATM-TO-OCN:      exportStandardNameList(j=  3): surface_net_downward_shortwave_flux
20221025 063331.925 INFO             PET1       ATM-TO-OCN:         exportNamespaceList(j=  3): OCN
20221025 063331.925 INFO             PET1       ATM-TO-OCN:            exportCplSetList(j=  3): __UNSPECIFIED__
20221025 063331.925 INFO             PET1       ATM-TO-OCN: bondLevel= 1
20221025 063331.925 INFO             PET1       ATM-TO-OCN: ProducerConnection (bondLevelMax):         1
20221025 063331.925 INFO             PET1     ATM-TO-OCN: InitializeIPDv05p2a extro.
20221025 063331.926 INFO             PET1     ATM-TO-RTM: InitializeIPDv05p2a intro.
20221025 063331.931 INFO             PET1       ATM-TO-RTM:      importStandardNameList(i=  1): field_to_rtm
20221025 063331.931 INFO             PET1       ATM-TO-RTM:         importNamespaceList(i=  1): ATM
20221025 063331.931 INFO             PET1       ATM-TO-RTM:            importCplSetList(i=  1): __UNSPECIFIED__
20221025 063331.931 INFO             PET1       ATM-TO-RTM:      exportStandardNameList(j=  1): field_to_rtm
20221025 063331.931 INFO             PET1       ATM-TO-RTM:         exportNamespaceList(j=  1): RTM
20221025 063331.931 INFO             PET1       ATM-TO-RTM:            exportCplSetList(j=  1): __UNSPECIFIED__
20221025 063331.931 INFO             PET1       ATM-TO-RTM: bondLevel= 1
20221025 063331.931 INFO             PET1       ATM-TO-RTM: ProducerConnection (bondLevelMax):         1
20221025 063331.931 INFO             PET1     ATM-TO-RTM: InitializeIPDv05p2a extro.
20221025 063331.932 INFO             PET1     OCN-TO-ATM: InitializeIPDv05p2a intro.
20221025 063331.935 INFO             PET1       OCN-TO-ATM:      importStandardNameList(i=  1): sea_surface_temperature
20221025 063331.936 INFO             PET1       OCN-TO-ATM:         importNamespaceList(i=  1): OCN
20221025 063331.936 INFO             PET1       OCN-TO-ATM:            importCplSetList(i=  1): __UNSPECIFIED__
20221025 063331.936 INFO             PET1       OCN-TO-ATM:      exportStandardNameList(j=  1): sea_surface_temperature
20221025 063331.936 INFO             PET1       OCN-TO-ATM:         exportNamespaceList(j=  1): ATM
20221025 063331.936 INFO             PET1       OCN-TO-ATM:            exportCplSetList(j=  1): __UNSPECIFIED__
20221025 063331.936 INFO             PET1       OCN-TO-ATM: bondLevel= 1
20221025 063331.936 INFO             PET1       OCN-TO-ATM: ProducerConnection (bondLevelMax):         1
20221025 063331.936 INFO             PET1     OCN-TO-ATM: InitializeIPDv05p2a extro.
20221025 063331.936 INFO             PET1     ATM-TO-OCN: InitializeIPDv05p2b intro.
20221025 063331.948 INFO             PET1       ATM-TO-OCN:      importStandardNameList(i=  2): air_pressure_at_sea_level
20221025 063331.948 INFO             PET1       ATM-TO-OCN:         importNamespaceList(i=  2): ATM
20221025 063331.948 INFO             PET1       ATM-TO-OCN:            importCplSetList(i=  2): __UNSPECIFIED__
20221025 063331.948 INFO             PET1       ATM-TO-OCN:      exportStandardNameList(j=  2): air_pressure_at_sea_level
20221025 063331.948 INFO             PET1       ATM-TO-OCN:         exportNamespaceList(j=  2): OCN
20221025 063331.948 INFO             PET1       ATM-TO-OCN:            exportCplSetList(j=  2): __UNSPECIFIED__
20221025 063331.948 INFO             PET1       ATM-TO-OCN: bondLevel= 1
20221025 063331.948 INFO             PET1       ATM-TO-OCN: => added cplList(  1)=air_pressure_at_sea_level, cplSetList(  1)=__UNSPECIFIED__
20221025 063331.948 INFO             PET1       ATM-TO-OCN:      importStandardNameList(i=  3): surface_net_downward_shortwave_flux
20221025 063331.948 INFO             PET1       ATM-TO-OCN:         importNamespaceList(i=  3): ATM
20221025 063331.948 INFO             PET1       ATM-TO-OCN:            importCplSetList(i=  3): __UNSPECIFIED__
20221025 063331.948 INFO             PET1       ATM-TO-OCN:      exportStandardNameList(j=  3): surface_net_downward_shortwave_flux
20221025 063331.948 INFO             PET1       ATM-TO-OCN:         exportNamespaceList(j=  3): OCN
20221025 063331.948 INFO             PET1       ATM-TO-OCN:            exportCplSetList(j=  3): __UNSPECIFIED__
20221025 063331.948 INFO             PET1       ATM-TO-OCN: bondLevel= 1
20221025 063331.948 INFO             PET1       ATM-TO-OCN: => added cplList(  2)=surface_net_downward_shortwave_flux, cplSetList(  2)=__UNSPECIFIED__
20221025 063331.949 INFO             PET1     ATM-TO-OCN: InitializeIPDv05p2b extro.
20221025 063331.949 INFO             PET1     ATM-TO-RTM: InitializeIPDv05p2b intro.
20221025 063331.954 INFO             PET1       ATM-TO-RTM:      importStandardNameList(i=  1): field_to_rtm
20221025 063331.954 INFO             PET1       ATM-TO-RTM:         importNamespaceList(i=  1): ATM
20221025 063331.954 INFO             PET1       ATM-TO-RTM:            importCplSetList(i=  1): __UNSPECIFIED__
20221025 063331.954 INFO             PET1       ATM-TO-RTM:      exportStandardNameList(j=  1): field_to_rtm
20221025 063331.955 INFO             PET1       ATM-TO-RTM:         exportNamespaceList(j=  1): RTM
20221025 063331.955 INFO             PET1       ATM-TO-RTM:            exportCplSetList(j=  1): __UNSPECIFIED__
20221025 063331.955 INFO             PET1       ATM-TO-RTM: bondLevel= 1
20221025 063331.955 INFO             PET1       ATM-TO-RTM: => added cplList(  1)=field_to_rtm, cplSetList(  1)=__UNSPECIFIED__
20221025 063331.955 INFO             PET1     ATM-TO-RTM: InitializeIPDv05p2b extro.
20221025 063331.955 INFO             PET1     OCN-TO-ATM: InitializeIPDv05p2b intro.
20221025 063331.959 INFO             PET1       OCN-TO-ATM:      importStandardNameList(i=  1): sea_surface_temperature
20221025 063331.959 INFO             PET1       OCN-TO-ATM:         importNamespaceList(i=  1): OCN
20221025 063331.959 INFO             PET1       OCN-TO-ATM:            importCplSetList(i=  1): __UNSPECIFIED__
20221025 063331.959 INFO             PET1       OCN-TO-ATM:      exportStandardNameList(j=  1): sea_surface_temperature
20221025 063331.959 INFO             PET1       OCN-TO-ATM:         exportNamespaceList(j=  1): ATM
20221025 063331.959 INFO             PET1       OCN-TO-ATM:            exportCplSetList(j=  1): __UNSPECIFIED__
20221025 063331.959 INFO             PET1       OCN-TO-ATM: bondLevel= 1
20221025 063331.959 INFO             PET1       OCN-TO-ATM: => added cplList(  1)=sea_surface_temperature, cplSetList(  1)=__UNSPECIFIED__
20221025 063331.959 INFO             PET1     OCN-TO-ATM: InitializeIPDv05p2b extro.
20221025 063331.959 INFO             PET1     esm: IInitModifyCplLists intro.
20221025 063331.960 INFO             PET1     esm: IInitModifyCplLists extro.
20221025 063331.960 INFO             PET1     ATM-TO-OCN: InitializeIPDv05p3 intro.
20221025 063331.972 INFO             PET1       ATM-TO-OCN: handle cplList(1): air_pressure_at_sea_level, cplSetList(1): __UNSPECIFIED__
20221025 063331.973 INFO             PET1       ATM-TO-OCN: - connected.
20221025 063331.973 INFO             PET1       ATM-TO-OCN: - both sides must provide the Field/GeomObject.
20221025 063331.973 INFO             PET1       ATM-TO-OCN: handle cplList(2): surface_net_downward_shortwave_flux, cplSetList(2): __UNSPECIFIED__
20221025 063331.973 INFO             PET1       ATM-TO-OCN: - connected.
20221025 063331.973 INFO             PET1       ATM-TO-OCN: - both sides must provide the Field/GeomObject.
20221025 063331.973 INFO             PET1     ATM-TO-OCN: InitializeIPDv05p3 extro.
20221025 063331.973 INFO             PET1     ATM-TO-RTM: InitializeIPDv05p3 intro.
20221025 063331.979 INFO             PET1       ATM-TO-RTM: handle cplList(1): field_to_rtm, cplSetList(1): __UNSPECIFIED__
20221025 063331.979 INFO             PET1       ATM-TO-RTM: - connected.
20221025 063331.979 INFO             PET1       ATM-TO-RTM: - both sides must provide the Field/GeomObject.
20221025 063331.979 INFO             PET1     ATM-TO-RTM: InitializeIPDv05p3 extro.
20221025 063331.979 INFO             PET1     OCN-TO-ATM: InitializeIPDv05p3 intro.
20221025 063331.984 INFO             PET1       OCN-TO-ATM: handle cplList(1): sea_surface_temperature, cplSetList(1): __UNSPECIFIED__
20221025 063331.984 INFO             PET1       OCN-TO-ATM: - connected.
20221025 063331.984 INFO             PET1       OCN-TO-ATM: - both sides must provide the Field/GeomObject.
20221025 063331.984 INFO             PET1     OCN-TO-ATM: InitializeIPDv05p3 extro.
20221025 063331.984 INFO             PET1     <<<esm: leaving Initialize (phase=<none>) with current time: 2010  6  1  0  0  0   0
20221025 063331.984 INFO             PET1   esm: InitializeIPDv02p1 extro.
20221025 063331.984 INFO             PET1   esm: InitializeIPDv02p3 intro.
20221025 063331.984 INFO             PET1     >>>esm: entered Initialize (phase=<none>) with current time: 2010  6  1  0  0  0   0
20221025 063331.984 INFO             PET1     esm: IInitCheck intro.
20221025 063331.984 INFO             PET1     esm: IInitCheck extro.
20221025 063331.985 INFO             PET1     ATM: InitializeIPDvXp04 intro.
20221025 063331.993 INFO             PET1     ATM: InitializeIPDvXp04 extro.
20221025 063332.006 INFO             PET1     ATM-TO-OCN: InitializeIPDv05p4 intro.
20221025 063332.019 INFO             PET1       ATM-TO-OCN: handle cplList(1): air_pressure_at_sea_level, cplSetList(1): __UNSPECIFIED__
20221025 063332.019 INFO             PET1       ATM-TO-OCN: - nothing shared or transferred
20221025 063332.019 INFO             PET1       ATM-TO-OCN: handle cplList(2): surface_net_downward_shortwave_flux, cplSetList(2): __UNSPECIFIED__
20221025 063332.019 INFO             PET1       ATM-TO-OCN: - nothing shared or transferred
20221025 063332.019 INFO             PET1     ATM-TO-OCN: InitializeIPDv05p4 extro.
20221025 063332.019 INFO             PET1     ATM-TO-RTM: InitializeIPDv05p4 intro.
20221025 063332.029 INFO             PET1       ATM-TO-RTM: handle cplList(1): field_to_rtm, cplSetList(1): __UNSPECIFIED__
20221025 063332.029 INFO             PET1       ATM-TO-RTM: - nothing shared or transferred
20221025 063332.029 INFO             PET1     ATM-TO-RTM: InitializeIPDv05p4 extro.
20221025 063332.029 INFO             PET1     OCN-TO-ATM: InitializeIPDv05p4 intro.
20221025 063332.035 INFO             PET1       OCN-TO-ATM: handle cplList(1): sea_surface_temperature, cplSetList(1): __UNSPECIFIED__
20221025 063332.035 INFO             PET1       OCN-TO-ATM: - nothing shared or transferred
20221025 063332.035 INFO             PET1     OCN-TO-ATM: InitializeIPDv05p4 extro.
20221025 063332.035 INFO             PET1     ATM-TO-OCN: InitializeIPDv05p5 intro.
20221025 063332.055 INFO             PET1       ATM-TO-OCN: handle cplList(1): air_pressure_at_sea_level, cplSetList(1): __UNSPECIFIED__
20221025 063332.055 INFO             PET1       ATM-TO-OCN: - nothing shared or transferred, or may already be handled
20221025 063332.055 INFO             PET1       ATM-TO-OCN: handle cplList(2): surface_net_downward_shortwave_flux, cplSetList(2): __UNSPECIFIED__
20221025 063332.056 INFO             PET1       ATM-TO-OCN: - nothing shared or transferred, or may already be handled
20221025 063332.056 INFO             PET1     ATM-TO-OCN: InitializeIPDv05p5 extro.
20221025 063332.056 INFO             PET1     ATM-TO-RTM: InitializeIPDv05p5 intro.
20221025 063332.065 INFO             PET1       ATM-TO-RTM: handle cplList(1): field_to_rtm, cplSetList(1): __UNSPECIFIED__
20221025 063332.065 INFO             PET1       ATM-TO-RTM: - nothing shared or transferred, or may already be handled
20221025 063332.065 INFO             PET1     ATM-TO-RTM: InitializeIPDv05p5 extro.
20221025 063332.065 INFO             PET1     OCN-TO-ATM: InitializeIPDv05p5 intro.
20221025 063332.071 INFO             PET1       OCN-TO-ATM: handle cplList(1): sea_surface_temperature, cplSetList(1): __UNSPECIFIED__
20221025 063332.071 INFO             PET1       OCN-TO-ATM: - nothing shared or transferred, or may already be handled
20221025 063332.071 INFO             PET1     OCN-TO-ATM: InitializeIPDv05p5 extro.
20221025 063332.072 INFO             PET1     esm: IInitRealize intro.
20221025 063332.072 INFO             PET1     esm: IInitRealize extro.
20221025 063332.072 INFO             PET1     ATM-TO-OCN: InitializeIPDv05p6a intro.
20221025 063332.092 INFO             PET1     ATM-TO-OCN: InitializeIPDv05p6a extro.
20221025 063331.816 INFO             PET2 !!!!!!!!!!!!!!!!!!!!!!!!!!!!!!!!!!!!!!!!!!!!!!!!!!!!!!
20221025 063331.817 INFO             PET2 !!! THE ESMF_LOG IS SET TO OUTPUT ALL LOG MESSAGES !!!
20221025 063331.817 INFO             PET2 !!!     THIS MAY CAUSE SLOWDOWN IN PERFORMANCE     !!!
20221025 063331.817 INFO             PET2 !!! FOR PRODUCTION RUNS, USE:                      !!!
20221025 063331.817 INFO             PET2 !!!                   ESMF_LOGKIND_Multi_On_Error  !!!
20221025 063331.817 INFO             PET2 !!!!!!!!!!!!!!!!!!!!!!!!!!!!!!!!!!!!!!!!!!!!!!!!!!!!!!
20221025 063331.817 INFO             PET2 Running with ESMF Version   : v8.4.0
20221025 063331.817 INFO             PET2 ESMF library build date/time: "Oct 25 2022" "04:22:32"
20221025 063331.817 INFO             PET2 ESMF library build location : /work/noaa/da/mpotts/sandbox/pgi_2019_openmpi_g_v8.4.0/esmf
20221025 063331.817 INFO             PET2 ESMF_COMM                   : openmpi
20221025 063331.817 INFO             PET2 ESMF_MOAB                   : enabled
20221025 063331.817 INFO             PET2 ESMF_LAPACK                 : enabled
20221025 063331.817 INFO             PET2 ESMF_NETCDF                 : enabled
20221025 063331.817 INFO             PET2 ESMF_PNETCDF                : disabled
20221025 063331.817 INFO             PET2 ESMF_PIO                    : enabled
20221025 063331.817 INFO             PET2 ESMF_YAMLCPP                : enabled
20221025 063331.818 INFO             PET2 esmApp STARTING
20221025 063331.824 INFO             PET2 esm: InitializeGeneric intro.
20221025 063331.824 INFO             PET2   esm: InitializeP0 intro.
20221025 063331.825 INFO             PET2   esm: InitializeP0 extro.
20221025 063331.825 INFO             PET2   esm: InitializeIPDv02p1 intro.
20221025 063331.825 INFO             PET2     >>>esm: entered Initialize (phase=<none>) without valid internal Clock.
20221025 063331.826 INFO             PET2     esm - Creating model component ATM with petList of size 2 :
20221025 063331.826 INFO             PET2           0      1
20221025 063331.829 INFO             PET2     esm - Creating model component OCN with petList of size 1 :
20221025 063331.829 INFO             PET2           2
20221025 063331.832 INFO             PET2     esm - Creating model component RTM with petList of size 1 :
20221025 063331.832 INFO             PET2           3
20221025 063331.833 INFO             PET2     esm - Creating state: modelComp 1 Import State
20221025 063331.833 INFO             PET2     esm - Creating state: modelComp 1 Export State
20221025 063331.833 INFO             PET2     esm - Creating state: modelComp 2 Import State
20221025 063331.833 INFO             PET2     esm - Creating state: modelComp 2 Export State
20221025 063331.833 INFO             PET2     esm - Creating state: modelComp 3 Import State
20221025 063331.834 INFO             PET2     esm - Creating state: modelComp 3 Export State
20221025 063331.838 INFO             PET2     OCN: InitializeP0 intro.
20221025 063331.839 INFO             PET2     OCN: InitializeP0 extro.
20221025 063331.843 INFO             PET2     esm - Creating connector component ATM-TO-RTM with petList of size 3 :
20221025 063331.843 INFO             PET2           0      1      3
20221025 063331.850 INFO             PET2     esm - Setting Verbosity on created component to: high
20221025 063331.850 INFO             PET2     esm - Setting Profiling on created component to:          0
20221025 063331.850 INFO             PET2     esm - Creating connector component RTM-TO-OCN with petList of size 2 :
20221025 063331.850 INFO             PET2           3      2
20221025 063331.859 INFO             PET2     esm - Setting Verbosity on created component to: high
20221025 063331.859 INFO             PET2     esm - Setting Profiling on created component to:          0
20221025 063331.859 INFO             PET2     esm - Creating connector component ATM-TO-OCN with petList of size 3 :
20221025 063331.859 INFO             PET2           0      1      2
20221025 063331.866 INFO             PET2     esm - Setting Verbosity on created component to: high
20221025 063331.866 INFO             PET2     esm - Setting Profiling on created component to:          0
20221025 063331.866 INFO             PET2     esm - Creating connector component OCN-TO-ATM with petList of size 3 :
20221025 063331.866 INFO             PET2           2      0      1
20221025 063331.875 INFO             PET2     esm - Setting Verbosity on created component to: high
20221025 063331.875 INFO             PET2     esm - Setting Profiling on created component to:          0
20221025 063331.880 INFO             PET2     esm: IInitAdvertise intro.
20221025 063331.880 INFO             PET2     esm: IInitAdvertise extro.
20221025 063331.885 INFO             PET2     OCN: InitializeIPDvXp01 intro.
20221025 063331.889 INFO             PET2     OCN: InitializeIPDvXp01 extro.
20221025 063331.894 INFO             PET2     ATM-TO-OCN: InitializeIPDv05p1 intro.
20221025 063331.902 INFO             PET2       ATM-TO-OCN: importState FieldTransferPolicy = transferNone
20221025 063331.902 INFO             PET2       ATM-TO-OCN: exportState FieldTransferPolicy = transferNone
20221025 063331.902 INFO             PET2     ATM-TO-OCN: InitializeIPDv05p1 extro.
20221025 063331.902 INFO             PET2     OCN-TO-ATM: InitializeIPDv05p1 intro.
20221025 063331.912 INFO             PET2       OCN-TO-ATM: importState FieldTransferPolicy = transferNone
20221025 063331.912 INFO             PET2       OCN-TO-ATM: exportState FieldTransferPolicy = transferNone
20221025 063331.912 INFO             PET2     OCN-TO-ATM: InitializeIPDv05p1 extro.
20221025 063331.912 INFO             PET2     RTM-TO-OCN: InitializeIPDv05p1 intro.
20221025 063331.917 INFO             PET2       RTM-TO-OCN: importState FieldTransferPolicy = transferNone
20221025 063331.917 INFO             PET2       RTM-TO-OCN: exportState FieldTransferPolicy = transferNone
20221025 063331.917 INFO             PET2     RTM-TO-OCN: InitializeIPDv05p1 extro.
20221025 063331.917 INFO             PET2     esm: IInitAdvertiseFinish intro.
20221025 063331.917 INFO             PET2     esm: IInitAdvertiseFinish extro.
20221025 063331.917 INFO             PET2     ATM-TO-OCN: InitializeIPDv05p2a intro.
20221025 063331.925 INFO             PET2       ATM-TO-OCN:      importStandardNameList(i=  2): air_pressure_at_sea_level
20221025 063331.925 INFO             PET2       ATM-TO-OCN:         importNamespaceList(i=  2): ATM
20221025 063331.925 INFO             PET2       ATM-TO-OCN:            importCplSetList(i=  2): __UNSPECIFIED__
20221025 063331.925 INFO             PET2       ATM-TO-OCN:      exportStandardNameList(j=  2): air_pressure_at_sea_level
20221025 063331.925 INFO             PET2       ATM-TO-OCN:         exportNamespaceList(j=  2): OCN
20221025 063331.925 INFO             PET2       ATM-TO-OCN:            exportCplSetList(j=  2): __UNSPECIFIED__
20221025 063331.925 INFO             PET2       ATM-TO-OCN: bondLevel= 1
20221025 063331.925 INFO             PET2       ATM-TO-OCN: ProducerConnection (bondLevelMax):         1
20221025 063331.925 INFO             PET2       ATM-TO-OCN:      importStandardNameList(i=  3): surface_net_downward_shortwave_flux
20221025 063331.925 INFO             PET2       ATM-TO-OCN:         importNamespaceList(i=  3): ATM
20221025 063331.925 INFO             PET2       ATM-TO-OCN:            importCplSetList(i=  3): __UNSPECIFIED__
20221025 063331.925 INFO             PET2       ATM-TO-OCN:      exportStandardNameList(j=  3): surface_net_downward_shortwave_flux
20221025 063331.925 INFO             PET2       ATM-TO-OCN:         exportNamespaceList(j=  3): OCN
20221025 063331.925 INFO             PET2       ATM-TO-OCN:            exportCplSetList(j=  3): __UNSPECIFIED__
20221025 063331.925 INFO             PET2       ATM-TO-OCN: bondLevel= 1
20221025 063331.925 INFO             PET2       ATM-TO-OCN: ProducerConnection (bondLevelMax):         1
20221025 063331.925 INFO             PET2     ATM-TO-OCN: InitializeIPDv05p2a extro.
20221025 063331.925 INFO             PET2     OCN-TO-ATM: InitializeIPDv05p2a intro.
20221025 063331.935 INFO             PET2       OCN-TO-ATM:      importStandardNameList(i=  1): sea_surface_temperature
20221025 063331.935 INFO             PET2       OCN-TO-ATM:         importNamespaceList(i=  1): OCN
20221025 063331.935 INFO             PET2       OCN-TO-ATM:            importCplSetList(i=  1): __UNSPECIFIED__
20221025 063331.935 INFO             PET2       OCN-TO-ATM:      exportStandardNameList(j=  1): sea_surface_temperature
20221025 063331.935 INFO             PET2       OCN-TO-ATM:         exportNamespaceList(j=  1): ATM
20221025 063331.935 INFO             PET2       OCN-TO-ATM:            exportCplSetList(j=  1): __UNSPECIFIED__
20221025 063331.935 INFO             PET2       OCN-TO-ATM: bondLevel= 1
20221025 063331.935 INFO             PET2       OCN-TO-ATM: ProducerConnection (bondLevelMax):         1
20221025 063331.936 INFO             PET2     OCN-TO-ATM: InitializeIPDv05p2a extro.
20221025 063331.936 INFO             PET2     RTM-TO-OCN: InitializeIPDv05p2a intro.
20221025 063331.940 INFO             PET2       RTM-TO-OCN:      importStandardNameList(i=  1): field_from_rtm
20221025 063331.940 INFO             PET2       RTM-TO-OCN:         importNamespaceList(i=  1): RTM
20221025 063331.940 INFO             PET2       RTM-TO-OCN:            importCplSetList(i=  1): __UNSPECIFIED__
20221025 063331.940 INFO             PET2       RTM-TO-OCN:      exportStandardNameList(j=  1): field_from_rtm
20221025 063331.940 INFO             PET2       RTM-TO-OCN:         exportNamespaceList(j=  1): OCN
20221025 063331.940 INFO             PET2       RTM-TO-OCN:            exportCplSetList(j=  1): __UNSPECIFIED__
20221025 063331.940 INFO             PET2       RTM-TO-OCN: bondLevel= 1
20221025 063331.941 INFO             PET2       RTM-TO-OCN: ProducerConnection (bondLevelMax):         1
20221025 063331.941 INFO             PET2     RTM-TO-OCN: InitializeIPDv05p2a extro.
20221025 063331.941 INFO             PET2     ATM-TO-OCN: InitializeIPDv05p2b intro.
20221025 063331.948 INFO             PET2       ATM-TO-OCN:      importStandardNameList(i=  2): air_pressure_at_sea_level
20221025 063331.948 INFO             PET2       ATM-TO-OCN:         importNamespaceList(i=  2): ATM
20221025 063331.948 INFO             PET2       ATM-TO-OCN:            importCplSetList(i=  2): __UNSPECIFIED__
20221025 063331.948 INFO             PET2       ATM-TO-OCN:      exportStandardNameList(j=  2): air_pressure_at_sea_level
20221025 063331.948 INFO             PET2       ATM-TO-OCN:         exportNamespaceList(j=  2): OCN
20221025 063331.948 INFO             PET2       ATM-TO-OCN:            exportCplSetList(j=  2): __UNSPECIFIED__
20221025 063331.948 INFO             PET2       ATM-TO-OCN: bondLevel= 1
20221025 063331.948 INFO             PET2       ATM-TO-OCN: => added cplList(  1)=air_pressure_at_sea_level, cplSetList(  1)=__UNSPECIFIED__
20221025 063331.948 INFO             PET2       ATM-TO-OCN:      importStandardNameList(i=  3): surface_net_downward_shortwave_flux
20221025 063331.948 INFO             PET2       ATM-TO-OCN:         importNamespaceList(i=  3): ATM
20221025 063331.948 INFO             PET2       ATM-TO-OCN:            importCplSetList(i=  3): __UNSPECIFIED__
20221025 063331.948 INFO             PET2       ATM-TO-OCN:      exportStandardNameList(j=  3): surface_net_downward_shortwave_flux
20221025 063331.948 INFO             PET2       ATM-TO-OCN:         exportNamespaceList(j=  3): OCN
20221025 063331.948 INFO             PET2       ATM-TO-OCN:            exportCplSetList(j=  3): __UNSPECIFIED__
20221025 063331.948 INFO             PET2       ATM-TO-OCN: bondLevel= 1
20221025 063331.948 INFO             PET2       ATM-TO-OCN: => added cplList(  2)=surface_net_downward_shortwave_flux, cplSetList(  2)=__UNSPECIFIED__
20221025 063331.948 INFO             PET2     ATM-TO-OCN: InitializeIPDv05p2b extro.
20221025 063331.949 INFO             PET2     OCN-TO-ATM: InitializeIPDv05p2b intro.
20221025 063331.959 INFO             PET2       OCN-TO-ATM:      importStandardNameList(i=  1): sea_surface_temperature
20221025 063331.959 INFO             PET2       OCN-TO-ATM:         importNamespaceList(i=  1): OCN
20221025 063331.959 INFO             PET2       OCN-TO-ATM:            importCplSetList(i=  1): __UNSPECIFIED__
20221025 063331.959 INFO             PET2       OCN-TO-ATM:      exportStandardNameList(j=  1): sea_surface_temperature
20221025 063331.959 INFO             PET2       OCN-TO-ATM:         exportNamespaceList(j=  1): ATM
20221025 063331.959 INFO             PET2       OCN-TO-ATM:            exportCplSetList(j=  1): __UNSPECIFIED__
20221025 063331.959 INFO             PET2       OCN-TO-ATM: bondLevel= 1
20221025 063331.959 INFO             PET2       OCN-TO-ATM: => added cplList(  1)=sea_surface_temperature, cplSetList(  1)=__UNSPECIFIED__
20221025 063331.959 INFO             PET2     OCN-TO-ATM: InitializeIPDv05p2b extro.
20221025 063331.959 INFO             PET2     RTM-TO-OCN: InitializeIPDv05p2b intro.
20221025 063331.964 INFO             PET2       RTM-TO-OCN:      importStandardNameList(i=  1): field_from_rtm
20221025 063331.964 INFO             PET2       RTM-TO-OCN:         importNamespaceList(i=  1): RTM
20221025 063331.964 INFO             PET2       RTM-TO-OCN:            importCplSetList(i=  1): __UNSPECIFIED__
20221025 063331.964 INFO             PET2       RTM-TO-OCN:      exportStandardNameList(j=  1): field_from_rtm
20221025 063331.964 INFO             PET2       RTM-TO-OCN:         exportNamespaceList(j=  1): OCN
20221025 063331.964 INFO             PET2       RTM-TO-OCN:            exportCplSetList(j=  1): __UNSPECIFIED__
20221025 063331.964 INFO             PET2       RTM-TO-OCN: bondLevel= 1
20221025 063331.964 INFO             PET2       RTM-TO-OCN: => added cplList(  1)=field_from_rtm, cplSetList(  1)=__UNSPECIFIED__
20221025 063331.964 INFO             PET2     RTM-TO-OCN: InitializeIPDv05p2b extro.
20221025 063331.964 INFO             PET2     esm: IInitModifyCplLists intro.
20221025 063331.964 INFO             PET2     esm: IInitModifyCplLists extro.
20221025 063331.965 INFO             PET2     ATM-TO-OCN: InitializeIPDv05p3 intro.
20221025 063331.972 INFO             PET2       ATM-TO-OCN: handle cplList(1): air_pressure_at_sea_level, cplSetList(1): __UNSPECIFIED__
20221025 063331.972 INFO             PET2       ATM-TO-OCN: - connected.
20221025 063331.972 INFO             PET2       ATM-TO-OCN: - both sides must provide the Field/GeomObject.
20221025 063331.972 INFO             PET2       ATM-TO-OCN: handle cplList(2): surface_net_downward_shortwave_flux, cplSetList(2): __UNSPECIFIED__
20221025 063331.973 INFO             PET2       ATM-TO-OCN: - connected.
20221025 063331.973 INFO             PET2       ATM-TO-OCN: - both sides must provide the Field/GeomObject.
20221025 063331.973 INFO             PET2     ATM-TO-OCN: InitializeIPDv05p3 extro.
20221025 063331.973 INFO             PET2     OCN-TO-ATM: InitializeIPDv05p3 intro.
20221025 063331.983 INFO             PET2       OCN-TO-ATM: handle cplList(1): sea_surface_temperature, cplSetList(1): __UNSPECIFIED__
20221025 063331.983 INFO             PET2       OCN-TO-ATM: - connected.
20221025 063331.983 INFO             PET2       OCN-TO-ATM: - both sides must provide the Field/GeomObject.
20221025 063331.983 INFO             PET2     OCN-TO-ATM: InitializeIPDv05p3 extro.
20221025 063331.984 INFO             PET2     RTM-TO-OCN: InitializeIPDv05p3 intro.
20221025 063331.989 INFO             PET2       RTM-TO-OCN: handle cplList(1): field_from_rtm, cplSetList(1): __UNSPECIFIED__
20221025 063331.989 INFO             PET2       RTM-TO-OCN: - connected.
20221025 063331.989 INFO             PET2       RTM-TO-OCN: - both sides must provide the Field/GeomObject.
20221025 063331.989 INFO             PET2     RTM-TO-OCN: InitializeIPDv05p3 extro.
20221025 063331.989 INFO             PET2     <<<esm: leaving Initialize (phase=<none>) with current time: 2010  6  1  0  0  0   0
20221025 063331.989 INFO             PET2   esm: InitializeIPDv02p1 extro.
20221025 063331.989 INFO             PET2   esm: InitializeIPDv02p3 intro.
20221025 063331.989 INFO             PET2     >>>esm: entered Initialize (phase=<none>) with current time: 2010  6  1  0  0  0   0
20221025 063331.989 INFO             PET2     esm: IInitCheck intro.
20221025 063331.989 INFO             PET2     esm: IInitCheck extro.
20221025 063331.992 INFO             PET2     OCN: InitializeIPDvXp04 intro.
20221025 063332.000 INFO             PET2     OCN: InitializeIPDvXp04 extro.
20221025 063332.006 INFO             PET2     ATM-TO-OCN: InitializeIPDv05p4 intro.
20221025 063332.019 INFO             PET2       ATM-TO-OCN: handle cplList(1): air_pressure_at_sea_level, cplSetList(1): __UNSPECIFIED__
20221025 063332.019 INFO             PET2       ATM-TO-OCN: - nothing shared or transferred
20221025 063332.019 INFO             PET2       ATM-TO-OCN: handle cplList(2): surface_net_downward_shortwave_flux, cplSetList(2): __UNSPECIFIED__
20221025 063332.019 INFO             PET2       ATM-TO-OCN: - nothing shared or transferred
20221025 063332.019 INFO             PET2     ATM-TO-OCN: InitializeIPDv05p4 extro.
20221025 063332.019 INFO             PET2     OCN-TO-ATM: InitializeIPDv05p4 intro.
20221025 063332.035 INFO             PET2       OCN-TO-ATM: handle cplList(1): sea_surface_temperature, cplSetList(1): __UNSPECIFIED__
20221025 063332.035 INFO             PET2       OCN-TO-ATM: - nothing shared or transferred
20221025 063332.035 INFO             PET2     OCN-TO-ATM: InitializeIPDv05p4 extro.
20221025 063332.035 INFO             PET2     RTM-TO-OCN: InitializeIPDv05p4 intro.
20221025 063332.042 INFO             PET2       RTM-TO-OCN: handle cplList(1): field_from_rtm, cplSetList(1): __UNSPECIFIED__
20221025 063332.042 INFO             PET2       RTM-TO-OCN: - nothing shared or transferred
20221025 063332.042 INFO             PET2     RTM-TO-OCN: InitializeIPDv05p4 extro.
20221025 063332.043 INFO             PET2     ATM-TO-OCN: InitializeIPDv05p5 intro.
20221025 063332.055 INFO             PET2       ATM-TO-OCN: handle cplList(1): air_pressure_at_sea_level, cplSetList(1): __UNSPECIFIED__
20221025 063332.055 INFO             PET2       ATM-TO-OCN: - nothing shared or transferred, or may already be handled
20221025 063332.055 INFO             PET2       ATM-TO-OCN: handle cplList(2): surface_net_downward_shortwave_flux, cplSetList(2): __UNSPECIFIED__
20221025 063332.055 INFO             PET2       ATM-TO-OCN: - nothing shared or transferred, or may already be handled
20221025 063332.055 INFO             PET2     ATM-TO-OCN: InitializeIPDv05p5 extro.
20221025 063332.056 INFO             PET2     OCN-TO-ATM: InitializeIPDv05p5 intro.
20221025 063332.071 INFO             PET2       OCN-TO-ATM: handle cplList(1): sea_surface_temperature, cplSetList(1): __UNSPECIFIED__
20221025 063332.071 INFO             PET2       OCN-TO-ATM: - nothing shared or transferred, or may already be handled
20221025 063332.071 INFO             PET2     OCN-TO-ATM: InitializeIPDv05p5 extro.
20221025 063332.071 INFO             PET2     RTM-TO-OCN: InitializeIPDv05p5 intro.
20221025 063332.079 INFO             PET2       RTM-TO-OCN: handle cplList(1): field_from_rtm, cplSetList(1): __UNSPECIFIED__
20221025 063332.079 INFO             PET2       RTM-TO-OCN: - nothing shared or transferred, or may already be handled
20221025 063332.079 INFO             PET2     RTM-TO-OCN: InitializeIPDv05p5 extro.
20221025 063332.079 INFO             PET2     esm: IInitRealize intro.
20221025 063332.079 INFO             PET2     esm: IInitRealize extro.
20221025 063332.080 INFO             PET2     ATM-TO-OCN: InitializeIPDv05p6a intro.
20221025 063332.091 INFO             PET2     ATM-TO-OCN: InitializeIPDv05p6a extro.
20221025 063331.816 INFO             PET3 !!!!!!!!!!!!!!!!!!!!!!!!!!!!!!!!!!!!!!!!!!!!!!!!!!!!!!
20221025 063331.817 INFO             PET3 !!! THE ESMF_LOG IS SET TO OUTPUT ALL LOG MESSAGES !!!
20221025 063331.817 INFO             PET3 !!!     THIS MAY CAUSE SLOWDOWN IN PERFORMANCE     !!!
20221025 063331.817 INFO             PET3 !!! FOR PRODUCTION RUNS, USE:                      !!!
20221025 063331.817 INFO             PET3 !!!                   ESMF_LOGKIND_Multi_On_Error  !!!
20221025 063331.817 INFO             PET3 !!!!!!!!!!!!!!!!!!!!!!!!!!!!!!!!!!!!!!!!!!!!!!!!!!!!!!
20221025 063331.817 INFO             PET3 Running with ESMF Version   : v8.4.0
20221025 063331.817 INFO             PET3 ESMF library build date/time: "Oct 25 2022" "04:22:32"
20221025 063331.817 INFO             PET3 ESMF library build location : /work/noaa/da/mpotts/sandbox/pgi_2019_openmpi_g_v8.4.0/esmf
20221025 063331.817 INFO             PET3 ESMF_COMM                   : openmpi
20221025 063331.818 INFO             PET3 ESMF_MOAB                   : enabled
20221025 063331.818 INFO             PET3 ESMF_LAPACK                 : enabled
20221025 063331.818 INFO             PET3 ESMF_NETCDF                 : enabled
20221025 063331.818 INFO             PET3 ESMF_PNETCDF                : disabled
20221025 063331.818 INFO             PET3 ESMF_PIO                    : enabled
20221025 063331.818 INFO             PET3 ESMF_YAMLCPP                : enabled
20221025 063331.818 INFO             PET3 esmApp STARTING
20221025 063331.824 INFO             PET3 esm: InitializeGeneric intro.
20221025 063331.824 INFO             PET3   esm: InitializeP0 intro.
20221025 063331.824 INFO             PET3   esm: InitializeP0 extro.
20221025 063331.825 INFO             PET3   esm: InitializeIPDv02p1 intro.
20221025 063331.825 INFO             PET3     >>>esm: entered Initialize (phase=<none>) without valid internal Clock.
20221025 063331.826 INFO             PET3     esm - Creating model component ATM with petList of size 2 :
20221025 063331.826 INFO             PET3           0      1
20221025 063331.829 INFO             PET3     esm - Creating model component OCN with petList of size 1 :
20221025 063331.829 INFO             PET3           2
20221025 063331.832 INFO             PET3     esm - Creating model component RTM with petList of size 1 :
20221025 063331.832 INFO             PET3           3
20221025 063331.836 INFO             PET3     esm - Creating state: modelComp 1 Import State
20221025 063331.836 INFO             PET3     esm - Creating state: modelComp 1 Export State
20221025 063331.836 INFO             PET3     esm - Creating state: modelComp 2 Import State
20221025 063331.836 INFO             PET3     esm - Creating state: modelComp 2 Export State
20221025 063331.836 INFO             PET3     esm - Creating state: modelComp 3 Import State
20221025 063331.836 INFO             PET3     esm - Creating state: modelComp 3 Export State
20221025 063331.840 INFO             PET3     RTM: InitializeP0 intro.
20221025 063331.842 INFO             PET3     RTM: InitializeP0 extro.
20221025 063331.843 INFO             PET3     esm - Creating connector component ATM-TO-RTM with petList of size 3 :
20221025 063331.843 INFO             PET3           0      1      3
20221025 063331.852 INFO             PET3     esm - Setting Verbosity on created component to: high
20221025 063331.852 INFO             PET3     esm - Setting Profiling on created component to:          0
20221025 063331.852 INFO             PET3     esm - Creating connector component RTM-TO-OCN with petList of size 2 :
20221025 063331.852 INFO             PET3           3      2
20221025 063331.859 INFO             PET3     esm - Setting Verbosity on created component to: high
20221025 063331.859 INFO             PET3     esm - Setting Profiling on created component to:          0
20221025 063331.859 INFO             PET3     esm - Creating connector component ATM-TO-OCN with petList of size 3 :
20221025 063331.859 INFO             PET3           0      1      2
20221025 063331.868 INFO             PET3     esm - Setting Verbosity on created component to: high
20221025 063331.868 INFO             PET3     esm - Setting Profiling on created component to:          0
20221025 063331.868 INFO             PET3     esm - Creating connector component OCN-TO-ATM with petList of size 3 :
20221025 063331.868 INFO             PET3           2      0      1
20221025 063331.877 INFO             PET3     esm - Setting Verbosity on created component to: high
20221025 063331.877 INFO             PET3     esm - Setting Profiling on created component to:          0
20221025 063331.880 INFO             PET3     esm: IInitAdvertise intro.
20221025 063331.880 INFO             PET3     esm: IInitAdvertise extro.
20221025 063331.890 INFO             PET3     RTM: InitializeIPDvXp01 intro.
20221025 063331.892 INFO             PET3     RTM: InitializeIPDvXp01 extro.
20221025 063331.893 INFO             PET3     ATM-TO-RTM: InitializeIPDv05p1 intro.
20221025 063331.908 INFO             PET3       ATM-TO-RTM: importState FieldTransferPolicy = transferNone
20221025 063331.908 INFO             PET3       ATM-TO-RTM: exportState FieldTransferPolicy = transferNone
20221025 063331.908 INFO             PET3     ATM-TO-RTM: InitializeIPDv05p1 extro.
20221025 063331.908 INFO             PET3     RTM-TO-OCN: InitializeIPDv05p1 intro.
20221025 063331.917 INFO             PET3       RTM-TO-OCN: importState FieldTransferPolicy = transferNone
20221025 063331.917 INFO             PET3       RTM-TO-OCN: exportState FieldTransferPolicy = transferNone
20221025 063331.917 INFO             PET3     RTM-TO-OCN: InitializeIPDv05p1 extro.
20221025 063331.917 INFO             PET3     esm: IInitAdvertiseFinish intro.
20221025 063331.917 INFO             PET3     esm: IInitAdvertiseFinish extro.
20221025 063331.917 INFO             PET3     ATM-TO-RTM: InitializeIPDv05p2a intro.
20221025 063331.931 INFO             PET3       ATM-TO-RTM:      importStandardNameList(i=  1): field_to_rtm
20221025 063331.931 INFO             PET3       ATM-TO-RTM:         importNamespaceList(i=  1): ATM
20221025 063331.931 INFO             PET3       ATM-TO-RTM:            importCplSetList(i=  1): __UNSPECIFIED__
20221025 063331.931 INFO             PET3       ATM-TO-RTM:      exportStandardNameList(j=  1): field_to_rtm
20221025 063331.931 INFO             PET3       ATM-TO-RTM:         exportNamespaceList(j=  1): RTM
20221025 063331.931 INFO             PET3       ATM-TO-RTM:            exportCplSetList(j=  1): __UNSPECIFIED__
20221025 063331.931 INFO             PET3       ATM-TO-RTM: bondLevel= 1
20221025 063331.931 INFO             PET3       ATM-TO-RTM: ProducerConnection (bondLevelMax):         1
20221025 063331.931 INFO             PET3     ATM-TO-RTM: InitializeIPDv05p2a extro.
20221025 063331.932 INFO             PET3     RTM-TO-OCN: InitializeIPDv05p2a intro.
20221025 063331.940 INFO             PET3       RTM-TO-OCN:      importStandardNameList(i=  1): field_from_rtm
20221025 063331.940 INFO             PET3       RTM-TO-OCN:         importNamespaceList(i=  1): RTM
20221025 063331.940 INFO             PET3       RTM-TO-OCN:            importCplSetList(i=  1): __UNSPECIFIED__
20221025 063331.940 INFO             PET3       RTM-TO-OCN:      exportStandardNameList(j=  1): field_from_rtm
20221025 063331.940 INFO             PET3       RTM-TO-OCN:         exportNamespaceList(j=  1): OCN
20221025 063331.940 INFO             PET3       RTM-TO-OCN:            exportCplSetList(j=  1): __UNSPECIFIED__
20221025 063331.940 INFO             PET3       RTM-TO-OCN: bondLevel= 1
20221025 063331.940 INFO             PET3       RTM-TO-OCN: ProducerConnection (bondLevelMax):         1
20221025 063331.940 INFO             PET3     RTM-TO-OCN: InitializeIPDv05p2a extro.
20221025 063331.941 INFO             PET3     ATM-TO-RTM: InitializeIPDv05p2b intro.
20221025 063331.954 INFO             PET3       ATM-TO-RTM:      importStandardNameList(i=  1): field_to_rtm
20221025 063331.954 INFO             PET3       ATM-TO-RTM:         importNamespaceList(i=  1): ATM
20221025 063331.954 INFO             PET3       ATM-TO-RTM:            importCplSetList(i=  1): __UNSPECIFIED__
20221025 063331.954 INFO             PET3       ATM-TO-RTM:      exportStandardNameList(j=  1): field_to_rtm
20221025 063331.954 INFO             PET3       ATM-TO-RTM:         exportNamespaceList(j=  1): RTM
20221025 063331.954 INFO             PET3       ATM-TO-RTM:            exportCplSetList(j=  1): __UNSPECIFIED__
20221025 063331.954 INFO             PET3       ATM-TO-RTM: bondLevel= 1
20221025 063331.954 INFO             PET3       ATM-TO-RTM: => added cplList(  1)=field_to_rtm, cplSetList(  1)=__UNSPECIFIED__
20221025 063331.955 INFO             PET3     ATM-TO-RTM: InitializeIPDv05p2b extro.
20221025 063331.955 INFO             PET3     RTM-TO-OCN: InitializeIPDv05p2b intro.
20221025 063331.964 INFO             PET3       RTM-TO-OCN:      importStandardNameList(i=  1): field_from_rtm
20221025 063331.964 INFO             PET3       RTM-TO-OCN:         importNamespaceList(i=  1): RTM
20221025 063331.964 INFO             PET3       RTM-TO-OCN:            importCplSetList(i=  1): __UNSPECIFIED__
20221025 063331.964 INFO             PET3       RTM-TO-OCN:      exportStandardNameList(j=  1): field_from_rtm
20221025 063331.964 INFO             PET3       RTM-TO-OCN:         exportNamespaceList(j=  1): OCN
20221025 063331.964 INFO             PET3       RTM-TO-OCN:            exportCplSetList(j=  1): __UNSPECIFIED__
20221025 063331.964 INFO             PET3       RTM-TO-OCN: bondLevel= 1
20221025 063331.964 INFO             PET3       RTM-TO-OCN: => added cplList(  1)=field_from_rtm, cplSetList(  1)=__UNSPECIFIED__
20221025 063331.964 INFO             PET3     RTM-TO-OCN: InitializeIPDv05p2b extro.
20221025 063331.964 INFO             PET3     esm: IInitModifyCplLists intro.
20221025 063331.964 INFO             PET3     esm: IInitModifyCplLists extro.
20221025 063331.965 INFO             PET3     ATM-TO-RTM: InitializeIPDv05p3 intro.
20221025 063331.979 INFO             PET3       ATM-TO-RTM: handle cplList(1): field_to_rtm, cplSetList(1): __UNSPECIFIED__
20221025 063331.979 INFO             PET3       ATM-TO-RTM: - connected.
20221025 063331.979 INFO             PET3       ATM-TO-RTM: - both sides must provide the Field/GeomObject.
20221025 063331.979 INFO             PET3     ATM-TO-RTM: InitializeIPDv05p3 extro.
20221025 063331.979 INFO             PET3     RTM-TO-OCN: InitializeIPDv05p3 intro.
20221025 063331.989 INFO             PET3       RTM-TO-OCN: handle cplList(1): field_from_rtm, cplSetList(1): __UNSPECIFIED__
20221025 063331.989 INFO             PET3       RTM-TO-OCN: - connected.
20221025 063331.989 INFO             PET3       RTM-TO-OCN: - both sides must provide the Field/GeomObject.
20221025 063331.989 INFO             PET3     RTM-TO-OCN: InitializeIPDv05p3 extro.
20221025 063331.989 INFO             PET3     <<<esm: leaving Initialize (phase=<none>) with current time: 2010  6  1  0  0  0   0
20221025 063331.989 INFO             PET3   esm: InitializeIPDv02p1 extro.
20221025 063331.989 INFO             PET3   esm: InitializeIPDv02p3 intro.
20221025 063331.989 INFO             PET3     >>>esm: entered Initialize (phase=<none>) with current time: 2010  6  1  0  0  0   0
20221025 063331.989 INFO             PET3     esm: IInitCheck intro.
20221025 063331.989 INFO             PET3     esm: IInitCheck extro.
20221025 063332.001 INFO             PET3     RTM: InitializeIPDvXp04 intro.
20221025 063332.005 INFO             PET3     RTM: InitializeIPDvXp04 extro.
20221025 063332.006 INFO             PET3     ATM-TO-RTM: InitializeIPDv05p4 intro.
20221025 063332.028 INFO             PET3       ATM-TO-RTM: handle cplList(1): field_to_rtm, cplSetList(1): __UNSPECIFIED__
20221025 063332.028 INFO             PET3       ATM-TO-RTM: - nothing shared or transferred
20221025 063332.029 INFO             PET3     ATM-TO-RTM: InitializeIPDv05p4 extro.
20221025 063332.029 INFO             PET3     RTM-TO-OCN: InitializeIPDv05p4 intro.
20221025 063332.042 INFO             PET3       RTM-TO-OCN: handle cplList(1): field_from_rtm, cplSetList(1): __UNSPECIFIED__
20221025 063332.042 INFO             PET3       RTM-TO-OCN: - nothing shared or transferred
20221025 063332.042 INFO             PET3     RTM-TO-OCN: InitializeIPDv05p4 extro.
20221025 063332.043 INFO             PET3     ATM-TO-RTM: InitializeIPDv05p5 intro.
20221025 063332.065 INFO             PET3       ATM-TO-RTM: handle cplList(1): field_to_rtm, cplSetList(1): __UNSPECIFIED__
20221025 063332.065 INFO             PET3       ATM-TO-RTM: - nothing shared or transferred, or may already be handled
20221025 063332.065 INFO             PET3     ATM-TO-RTM: InitializeIPDv05p5 extro.
20221025 063332.065 INFO             PET3     RTM-TO-OCN: InitializeIPDv05p5 intro.
20221025 063332.079 INFO             PET3       RTM-TO-OCN: handle cplList(1): field_from_rtm, cplSetList(1): __UNSPECIFIED__
20221025 063332.079 INFO             PET3       RTM-TO-OCN: - nothing shared or transferred, or may already be handled
20221025 063332.079 INFO             PET3     RTM-TO-OCN: InitializeIPDv05p5 extro.
20221025 063332.079 INFO             PET3     esm: IInitRealize intro.
20221025 063332.079 INFO             PET3     esm: IInitRealize extro.
20221025 063332.080 INFO             PET3     ATM-TO-RTM: InitializeIPDv05p6a intro.
20221025 063332.100 INFO             PET3     ATM-TO-RTM: InitializeIPDv05p6a extro.
