2022-10-27 03:32:22
[Orion-02-23:318484:0:318484] Caught signal 11 (Segmentation fault: address not mapped to object at address 0x4f1b591)
[Orion-02-23:318485:0:318485] Caught signal 11 (Segmentation fault: address not mapped to object at address 0x4f1b591)
[Orion-02-23:318486:0:318486] Caught signal 11 (Segmentation fault: address not mapped to object at address 0x4f1b591)
[Orion-02-23:318487:0:318487] Caught signal 11 (Segmentation fault: address not mapped to object at address 0x4f1b591)

/work/noaa/da/mpotts/sandbox/pgi_2019_openmpi_g_v8.4.0/esmf/src/Infrastructure/LogErr/src/ESMCI_LogErr.C: [ ESMCI::LogErr::MsgFoundError() ]
      ...
      583 {
      584     bool result=false;
      585 #ifdef ESMC_SUCCESSDEFAULT_ON
==>   586     if (rcToReturn != ESMC_NULL_POINTER) *rcToReturn=ESMF_SUCCESS;
      587 #endif
      588     if (trace) {
      589         Write(ESMC_METHOD,ESMC_LOGMSG_TRACE,

/work/noaa/da/mpotts/sandbox/pgi_2019_openmpi_g_v8.4.0/esmf/src/Infrastructure/LogErr/src/ESMCI_LogErr.C: [ ESMCI::LogErr::MsgFoundError() ]
      ...
      583 {
      584     bool result=false;
      585 #ifdef ESMC_SUCCESSDEFAULT_ON
==>   586     if (rcToReturn != ESMC_NULL_POINTER) *rcToReturn=ESMF_SUCCESS;
      587 #endif
      588     if (trace) {
      589         Write(ESMC_METHOD,ESMC_LOGMSG_TRACE,



/work/noaa/da/mpotts/sandbox/pgi_2019_openmpi_g_v8.4.0/esmf/src/Infrastructure/LogErr/src/ESMCI_LogErr.C: [ ESMCI::LogErr::MsgFoundError() ]
      ...
      583 {
      584     bool result=false;
      585 #ifdef ESMC_SUCCESSDEFAULT_ON
==>   586     if (rcToReturn != ESMC_NULL_POINTER) *rcToReturn=ESMF_SUCCESS;
      587 #endif
      588     if (trace) {
      589         Write(ESMC_METHOD,ESMC_LOGMSG_TRACE,


/work/noaa/da/mpotts/sandbox/pgi_2019_openmpi_g_v8.4.0/esmf/src/Infrastructure/LogErr/src/ESMCI_LogErr.C: [ ESMCI::LogErr::MsgFoundError() ]
      ...
      583 {
      584     bool result=false;
      585 #ifdef ESMC_SUCCESSDEFAULT_ON
==>   586     if (rcToReturn != ESMC_NULL_POINTER) *rcToReturn=ESMF_SUCCESS;
      587 #endif
      588     if (trace) {
      589         Write(ESMC_METHOD,ESMC_LOGMSG_TRACE,

==== backtrace (tid: 318485) ====
 0 0x00000000012005d4 ESMCI::LogErr::MsgFoundError()  /work/noaa/da/mpotts/sandbox/pgi_2019_openmpi_g_v8.4.0/esmf/src/Infrastructure/LogErr/src/ESMCI_LogErr.C:586
 1 0x00000000013e4b01 ESMCI::MeshCap::meshcreatenodedistgrid()  /work/noaa/da/mpotts/sandbox/pgi_2019_openmpi_g_v8.4.0/esmf/src/Infrastructure/Mesh/src/ESMCI_MeshCap.C:1754
 2 0x000000000142a667 c_esmc_meshcreatenodedistgrid_()  /work/noaa/da/mpotts/sandbox/pgi_2019_openmpi_g_v8.4.0/esmf/src/Infrastructure/Mesh/interface/ESMCI_Mesh_F.C:247
 3 0x00000000020f92c8 esmf_meshmod_esmf_meshcreatefrompointer_()  /work/noaa/da/mpotts/sandbox/pgi_2019_openmpi_g_v8.4.0/esmf/src/Infrastructure/Mesh/interface/ESMF_Mesh.F90:3091
 4 0x0000000001f27b60 esmf_gridutilmod_esmf_gridtomesh_()  /work/noaa/da/mpotts/sandbox/pgi_2019_openmpi_g_v8.4.0/esmf/src/Infrastructure/GridUtil/interface/ESMF_GridUtil.F90:453
 5 0x0000000001dcd58b esmf_fieldregridmod_b_or_p_gridtomesh_()  /work/noaa/da/mpotts/sandbox/pgi_2019_openmpi_g_v8.4.0/esmf/src/Infrastructure/Field/src/ESMF_FieldRegrid.F90:3228
 6 0x0000000001dc896b esmf_fieldregridmod_getmeshwithnodesonfieldloc_()  /work/noaa/da/mpotts/sandbox/pgi_2019_openmpi_g_v8.4.0/esmf/src/Infrastructure/Field/src/ESMF_FieldRegrid.F90:1346
 7 0x0000000001dc62b9 esmf_fieldregridmod_esmf_fieldregridstorenx_()  /work/noaa/da/mpotts/sandbox/pgi_2019_openmpi_g_v8.4.0/esmf/src/Infrastructure/Field/src/ESMF_FieldRegrid.F90:971
 8 0x0000000001bd6943 esmf_fieldbundlemod_esmf_fieldbundleregridstore_()  /work/noaa/da/mpotts/sandbox/pgi_2019_openmpi_g_v8.4.0/esmf/src/Infrastructure/FieldBundle/src/ESMF_FieldBundle.F90:15945
 9 0x000000000040de43 con_computerh_()  /work/noaa/da/mpotts/sandbox/pgi_2019_openmpi_g_v8.4.0/nuopc-app-prototypes/AtmOcnConProto/conn.F90:160
10 0x000000000157f412 ESMCI::MethodElement::execute()  /work/noaa/da/mpotts/sandbox/pgi_2019_openmpi_g_v8.4.0/esmf/src/Superstructure/Component/src/ESMCI_MethodTable.C:377
11 0x00000000015803e1 ESMCI::MethodTable::execute()  /work/noaa/da/mpotts/sandbox/pgi_2019_openmpi_g_v8.4.0/esmf/src/Superstructure/Component/src/ESMCI_MethodTable.C:563
12 0x000000000157b7b3 c_esmc_methodtableexecuteef_()  /work/noaa/da/mpotts/sandbox/pgi_2019_openmpi_g_v8.4.0/esmf/src/Superstructure/Component/src/ESMCI_MethodTable.C:347
13 0x0000000001940db0 esmf_attachmethodsmod_esmf_methodcplcompexecute_()  /work/noaa/da/mpotts/sandbox/pgi_2019_openmpi_g_v8.4.0/esmf/src/Superstructure/AttachMethods/src/ESMF_AttachMethods.F90:1197
14 0x000000000253b46f nuopc_connector_initializeipdv05p6b_()  /work/noaa/da/mpotts/sandbox/pgi_2019_openmpi_g_v8.4.0/esmf/src/addon/NUOPC/src/NUOPC_Connector.F90:5359
15 0x0000000001071f57 ESMCI::FTable::callVFuncPtr()  /work/noaa/da/mpotts/sandbox/pgi_2019_openmpi_g_v8.4.0/esmf/src/Superstructure/Component/src/ESMCI_FTable.C:2167
16 0x000000000106de5c ESMCI_FTableCallEntryPointVMHop()  /work/noaa/da/mpotts/sandbox/pgi_2019_openmpi_g_v8.4.0/esmf/src/Superstructure/Component/src/ESMCI_FTable.C:824
17 0x00000000017b4bcf ESMCI::VMK::enter()  /work/noaa/da/mpotts/sandbox/pgi_2019_openmpi_g_v8.4.0/esmf/src/Infrastructure/VM/src/ESMCI_VMKernel.C:2320
18 0x00000000017d91dd ESMCI::VM::enter()  /work/noaa/da/mpotts/sandbox/pgi_2019_openmpi_g_v8.4.0/esmf/src/Infrastructure/VM/src/ESMCI_VM.C:1216
19 0x000000000106e321 c_esmc_ftablecallentrypointvm_()  /work/noaa/da/mpotts/sandbox/pgi_2019_openmpi_g_v8.4.0/esmf/src/Superstructure/Component/src/ESMCI_FTable.C:981
20 0x0000000001b22ca5 esmf_compmod_esmf_compexecute_()  /work/noaa/da/mpotts/sandbox/pgi_2019_openmpi_g_v8.4.0/esmf/src/Superstructure/Component/src/ESMF_Comp.F90:1223
21 0x0000000001b3dd11 esmf_cplcompmod_esmf_cplcompinitialize_()  /work/noaa/da/mpotts/sandbox/pgi_2019_openmpi_g_v8.4.0/esmf/src/Superstructure/Component/src/ESMF_CplComp.F90:1165
22 0x00000000025a0556 nuopc_driver_loopconnectorcompss_()  /work/noaa/da/mpotts/sandbox/pgi_2019_openmpi_g_v8.4.0/esmf/src/addon/NUOPC/src/NUOPC_Driver.F90:2869
23 0x0000000002591ba1 nuopc_driver_initializeipdv02p3_()  /work/noaa/da/mpotts/sandbox/pgi_2019_openmpi_g_v8.4.0/esmf/src/addon/NUOPC/src/NUOPC_Driver.F90:2020
24 0x000000000257180e nuopc_driver_initializegeneric_()  /work/noaa/da/mpotts/sandbox/pgi_2019_openmpi_g_v8.4.0/esmf/src/addon/NUOPC/src/NUOPC_Driver.F90:479
25 0x0000000001071f57 ESMCI::FTable::callVFuncPtr()  /work/noaa/da/mpotts/sandbox/pgi_2019_openmpi_g_v8.4.0/esmf/src/Superstructure/Component/src/ESMCI_FTable.C:2167
26 0x000000000106de5c ESMCI_FTableCallEntryPointVMHop()  /work/noaa/da/mpotts/sandbox/pgi_2019_openmpi_g_v8.4.0/esmf/src/Superstructure/Component/src/ESMCI_FTable.C:824
27 0x00000000017b4bcf ESMCI::VMK::enter()  /work/noaa/da/mpotts/sandbox/pgi_2019_openmpi_g_v8.4.0/esmf/src/Infrastructure/VM/src/ESMCI_VMKernel.C:2320
28 0x00000000017d91dd ESMCI::VM::enter()  /work/noaa/da/mpotts/sandbox/pgi_2019_openmpi_g_v8.4.0/esmf/src/Infrastructure/VM/src/ESMCI_VM.C:1216
29 0x000000000106e321 c_esmc_ftablecallentrypointvm_()  /work/noaa/da/mpotts/sandbox/pgi_2019_openmpi_g_v8.4.0/esmf/src/Superstructure/Component/src/ESMCI_FTable.C:981
30 0x0000000001b22ca5 esmf_compmod_esmf_compexecute_()  /work/noaa/da/mpotts/sandbox/pgi_2019_openmpi_g_v8.4.0/esmf/src/Superstructure/Component/src/ESMF_Comp.F90:1223
31 0x0000000001e327e1 esmf_gridcompmod_esmf_gridcompinitialize_()  /work/noaa/da/mpotts/sandbox/pgi_2019_openmpi_g_v8.4.0/esmf/src/Superstructure/Component/src/ESMF_GridComp.F90:1412
32 0x0000000000407cb3 MAIN_()  /work/noaa/da/mpotts/sandbox/pgi_2019_openmpi_g_v8.4.0/nuopc-app-prototypes/AtmOcnConProto/esmApp.F90:57
33 0x0000000000407763 main()  ???:0
34 0x0000000000022495 __libc_start_main()  ???:0
35 0x0000000000407669 _start()  ???:0
=================================
[Orion-02-23:318485] *** Process received signal ***
[Orion-02-23:318485] Signal: Segmentation fault (11)
[Orion-02-23:318485] Signal code:  (-6)
[Orion-02-23:318485] Failing at address: 0x20e50004dc15
==== backtrace (tid: 318487) ====
 0 0x00000000012005d4 ESMCI::LogErr::MsgFoundError()  /work/noaa/da/mpotts/sandbox/pgi_2019_openmpi_g_v8.4.0/esmf/src/Infrastructure/LogErr/src/ESMCI_LogErr.C:586
 1 0x00000000013e4b01 ESMCI::MeshCap::meshcreatenodedistgrid()  /work/noaa/da/mpotts/sandbox/pgi_2019_openmpi_g_v8.4.0/esmf/src/Infrastructure/Mesh/src/ESMCI_MeshCap.C:1754
 2 0x000000000142a667 c_esmc_meshcreatenodedistgrid_()  /work/noaa/da/mpotts/sandbox/pgi_2019_openmpi_g_v8.4.0/esmf/src/Infrastructure/Mesh/interface/ESMCI_Mesh_F.C:247
 3 0x00000000020f92c8 esmf_meshmod_esmf_meshcreatefrompointer_()  /work/noaa/da/mpotts/sandbox/pgi_2019_openmpi_g_v8.4.0/esmf/src/Infrastructure/Mesh/interface/ESMF_Mesh.F90:3091
 4 0x0000000001f27b60 esmf_gridutilmod_esmf_gridtomesh_()  /work/noaa/da/mpotts/sandbox/pgi_2019_openmpi_g_v8.4.0/esmf/src/Infrastructure/GridUtil/interface/ESMF_GridUtil.F90:453
 5 0x0000000001dcd58b esmf_fieldregridmod_b_or_p_gridtomesh_()  /work/noaa/da/mpotts/sandbox/pgi_2019_openmpi_g_v8.4.0/esmf/src/Infrastructure/Field/src/ESMF_FieldRegrid.F90:3228
 6 0x0000000001dc896b esmf_fieldregridmod_getmeshwithnodesonfieldloc_()  /work/noaa/da/mpotts/sandbox/pgi_2019_openmpi_g_v8.4.0/esmf/src/Infrastructure/Field/src/ESMF_FieldRegrid.F90:1346
 7 0x0000000001dc62b9 esmf_fieldregridmod_esmf_fieldregridstorenx_()  /work/noaa/da/mpotts/sandbox/pgi_2019_openmpi_g_v8.4.0/esmf/src/Infrastructure/Field/src/ESMF_FieldRegrid.F90:971
 8 0x0000000001bd6943 esmf_fieldbundlemod_esmf_fieldbundleregridstore_()  /work/noaa/da/mpotts/sandbox/pgi_2019_openmpi_g_v8.4.0/esmf/src/Infrastructure/FieldBundle/src/ESMF_FieldBundle.F90:15945
 9 0x000000000040de43 con_computerh_()  /work/noaa/da/mpotts/sandbox/pgi_2019_openmpi_g_v8.4.0/nuopc-app-prototypes/AtmOcnConProto/conn.F90:160
10 0x000000000157f412 ESMCI::MethodElement::execute()  /work/noaa/da/mpotts/sandbox/pgi_2019_openmpi_g_v8.4.0/esmf/src/Superstructure/Component/src/ESMCI_MethodTable.C:377
11 0x00000000015803e1 ESMCI::MethodTable::execute()  /work/noaa/da/mpotts/sandbox/pgi_2019_openmpi_g_v8.4.0/esmf/src/Superstructure/Component/src/ESMCI_MethodTable.C:563
[Orion-02-23:318485] [ 0] /lib64/libpthread.so.0(+0xf5d0)[0x7f11633305d0]
12 0x000000000157b7b3 c_esmc_methodtableexecuteef_()  /work/noaa/da/mpotts/sandbox/pgi_2019_openmpi_g_v8.4.0/esmf/src/Superstructure/Component/src/ESMCI_MethodTable.C:347
13 0x0000000001940db0 esmf_attachmethodsmod_esmf_methodcplcompexecute_()  /work/noaa/da/mpotts/sandbox/pgi_2019_openmpi_g_v8.4.0/esmf/src/Superstructure/AttachMethods/src/ESMF_AttachMethods.F90:1197
14 0x000000000253b46f nuopc_connector_initializeipdv05p6b_()  /work/noaa/da/mpotts/sandbox/pgi_2019_openmpi_g_v8.4.0/esmf/src/addon/NUOPC/src/NUOPC_Connector.F90:5359
15 0x0000000001071f57 ESMCI::FTable::callVFuncPtr()  /work/noaa/da/mpotts/sandbox/pgi_2019_openmpi_g_v8.4.0/esmf/src/Superstructure/Component/src/ESMCI_FTable.C:2167
16 0x000000000106de5c ESMCI_FTableCallEntryPointVMHop()  /work/noaa/da/mpotts/sandbox/pgi_2019_openmpi_g_v8.4.0/esmf/src/Superstructure/Component/src/ESMCI_FTable.C:824
17 0x00000000017b4bcf ESMCI::VMK::enter()  /work/noaa/da/mpotts/sandbox/pgi_2019_openmpi_g_v8.4.0/esmf/src/Infrastructure/VM/src/ESMCI_VMKernel.C:2320
18 0x00000000017d91dd ESMCI::VM::enter()  /work/noaa/da/mpotts/sandbox/pgi_2019_openmpi_g_v8.4.0/esmf/src/Infrastructure/VM/src/ESMCI_VM.C:1216
19 0x000000000106e321 c_esmc_ftablecallentrypointvm_()  /work/noaa/da/mpotts/sandbox/pgi_2019_openmpi_g_v8.4.0/esmf/src/Superstructure/Component/src/ESMCI_FTable.C:981
20 0x0000000001b22ca5 esmf_compmod_esmf_compexecute_()  /work/noaa/da/mpotts/sandbox/pgi_2019_openmpi_g_v8.4.0/esmf/src/Superstructure/Component/src/ESMF_Comp.F90:1223
21 0x0000000001b3dd11 esmf_cplcompmod_esmf_cplcompinitialize_()  /work/noaa/da/mpotts/sandbox/pgi_2019_openmpi_g_v8.4.0/esmf/src/Superstructure/Component/src/ESMF_CplComp.F90:1165
22 0x00000000025a0556 nuopc_driver_loopconnectorcompss_()  /work/noaa/da/mpotts/sandbox/pgi_2019_openmpi_g_v8.4.0/esmf/src/addon/NUOPC/src/NUOPC_Driver.F90:2869
23 0x0000000002591ba1 nuopc_driver_initializeipdv02p3_()  /work/noaa/da/mpotts/sandbox/pgi_2019_openmpi_g_v8.4.0/esmf/src/addon/NUOPC/src/NUOPC_Driver.F90:2020
24 0x000000000257180e nuopc_driver_initializegeneric_()  /work/noaa/da/mpotts/sandbox/pgi_2019_openmpi_g_v8.4.0/esmf/src/addon/NUOPC/src/NUOPC_Driver.F90:479
25 0x0000000001071f57 ESMCI::FTable::callVFuncPtr()  /work/noaa/da/mpotts/sandbox/pgi_2019_openmpi_g_v8.4.0/esmf/src/Superstructure/Component/src/ESMCI_FTable.C:2167
26 0x000000000106de5c ESMCI_FTableCallEntryPointVMHop()  /work/noaa/da/mpotts/sandbox/pgi_2019_openmpi_g_v8.4.0/esmf/src/Superstructure/Component/src/ESMCI_FTable.C:824
27 0x00000000017b4bcf ESMCI::VMK::enter()  /work/noaa/da/mpotts/sandbox/pgi_2019_openmpi_g_v8.4.0/esmf/src/Infrastructure/VM/src/ESMCI_VMKernel.C:2320
28 0x00000000017d91dd ESMCI::VM::enter()  /work/noaa/da/mpotts/sandbox/pgi_2019_openmpi_g_v8.4.0/esmf/src/Infrastructure/VM/src/ESMCI_VM.C:1216
29 0x000000000106e321 c_esmc_ftablecallentrypointvm_()  /work/noaa/da/mpotts/sandbox/pgi_2019_openmpi_g_v8.4.0/esmf/src/Superstructure/Component/src/ESMCI_FTable.C:981
30 0x0000000001b22ca5 esmf_compmod_esmf_compexecute_()  /work/noaa/da/mpotts/sandbox/pgi_2019_openmpi_g_v8.4.0/esmf/src/Superstructure/Component/src/ESMF_Comp.F90:1223
31 0x0000000001e327e1 esmf_gridcompmod_esmf_gridcompinitialize_()  /work/noaa/da/mpotts/sandbox/pgi_2019_openmpi_g_v8.4.0/esmf/src/Superstructure/Component/src/ESMF_GridComp.F90:1412
32 0x0000000000407cb3 MAIN_()  /work/noaa/da/mpotts/sandbox/pgi_2019_openmpi_g_v8.4.0/nuopc-app-prototypes/AtmOcnConProto/esmApp.F90:57
33 0x0000000000407763 main()  ???:0
34 0x0000000000022495 __libc_start_main()  ???:0
35 0x0000000000407669 _start()  ???:0
=================================
[Orion-02-23:318487] *** Process received signal ***
[Orion-02-23:318487] Signal: Segmentation fault (11)
[Orion-02-23:318487] Signal code:  (-6)
[Orion-02-23:318487] Failing at address: 0x20e50004dc17
[Orion-02-23:318487] [ 0] /lib64/libpthread.so.0(+0xf5d0)[0x7f6067f965d0]
[Orion-02-23:318485] [ 1] /work/noaa/da/mpotts/sandbox/pgi_2019_openmpi_g_v8.4.0/esmf/DEFAULTINSTALLDIR/lib/libg/Linux.pgi.64.openmpi.default/libesmf.so(_ZN5ESMCI6LogErr13MsgFoundErrorEiPKciS2_S2_Pi+0x34)[0x7f11606c15d4]
[Orion-02-23:318487] [ 1] /work/noaa/da/mpotts/sandbox/pgi_2019_openmpi_g_v8.4.0/esmf/DEFAULTINSTALLDIR/lib/libg/Linux.pgi.64.openmpi.default/libesmf.so(_ZN5ESMCI6LogErr13MsgFoundErrorEiPKciS2_S2_Pi+0x34)[0x7f60653275d4]
[Orion-02-23:318485] [ 2] /work/noaa/da/mpotts/sandbox/pgi_2019_openmpi_g_v8.4.0/esmf/DEFAULTINSTALLDIR/lib/libg/Linux.pgi.64.openmpi.default/libesmf.so(_ZN5ESMCI7MeshCap22meshcreatenodedistgridEPi+0x81)[0x7f11608a5b01]
[Orion-02-23:318487] [ 2] /work/noaa/da/mpotts/sandbox/pgi_2019_openmpi_g_v8.4.0/esmf/DEFAULTINSTALLDIR/lib/libg/Linux.pgi.64.openmpi.default/libesmf.so(_ZN5ESMCI7MeshCap22meshcreatenodedistgridEPi+0x81)[0x7f606550bb01]
[Orion-02-23:318485] [ 3] /work/noaa/da/mpotts/sandbox/pgi_2019_openmpi_g_v8.4.0/esmf/DEFAULTINSTALLDIR/lib/libg/Linux.pgi.64.openmpi.default/libesmf.so(c_esmc_meshcreatenodedistgrid_+0x177)[0x7f11608eb667]
[Orion-02-23:318487] [ 3] /work/noaa/da/mpotts/sandbox/pgi_2019_openmpi_g_v8.4.0/esmf/DEFAULTINSTALLDIR/lib/libg/Linux.pgi.64.openmpi.default/libesmf.so(c_esmc_meshcreatenodedistgrid_+0x177)[0x7f6065551667]
[Orion-02-23:318485] [ 4] /work/noaa/da/mpotts/sandbox/pgi_2019_openmpi_g_v8.4.0/esmf/DEFAULTINSTALLDIR/lib/libg/Linux.pgi.64.openmpi.default/libesmf.so(esmf_meshmod_esmf_meshcreatefrompointer_+0x78)[0x7f11615ba2c8]
[Orion-02-23:318487] [ 4] /work/noaa/da/mpotts/sandbox/pgi_2019_openmpi_g_v8.4.0/esmf/DEFAULTINSTALLDIR/lib/libg/Linux.pgi.64.openmpi.default/libesmf.so(esmf_meshmod_esmf_meshcreatefrompointer_+0x78)[0x7f60662202c8]
[Orion-02-23:318485] [ 5] /work/noaa/da/mpotts/sandbox/pgi_2019_openmpi_g_v8.4.0/esmf/DEFAULTINSTALLDIR/lib/libg/Linux.pgi.64.openmpi.default/libesmf.so(esmf_gridutilmod_esmf_gridtomesh_+0x550)[0x7f11613e8b60]
[Orion-02-23:318487] [ 5] /work/noaa/da/mpotts/sandbox/pgi_2019_openmpi_g_v8.4.0/esmf/DEFAULTINSTALLDIR/lib/libg/Linux.pgi.64.openmpi.default/libesmf.so(esmf_gridutilmod_esmf_gridtomesh_+0x550)[0x7f606604eb60]
[Orion-02-23:318485] [ 6] /work/noaa/da/mpotts/sandbox/pgi_2019_openmpi_g_v8.4.0/esmf/DEFAULTINSTALLDIR/lib/libg/Linux.pgi.64.openmpi.default/libesmf.so(esmf_fieldregridmod_b_or_p_gridtomesh_+0x60b)[0x7f116128e58b]
[Orion-02-23:318487] [ 6] /work/noaa/da/mpotts/sandbox/pgi_2019_openmpi_g_v8.4.0/esmf/DEFAULTINSTALLDIR/lib/libg/Linux.pgi.64.openmpi.default/libesmf.so(esmf_fieldregridmod_b_or_p_gridtomesh_+0x60b)[0x7f6065ef458b]
[Orion-02-23:318485] [ 7] /work/noaa/da/mpotts/sandbox/pgi_2019_openmpi_g_v8.4.0/esmf/DEFAULTINSTALLDIR/lib/libg/Linux.pgi.64.openmpi.default/libesmf.so(esmf_fieldregridmod_getmeshwithnodesonfieldloc_+0x54b)[0x7f116128996b]
[Orion-02-23:318487] [ 7] /work/noaa/da/mpotts/sandbox/pgi_2019_openmpi_g_v8.4.0/esmf/DEFAULTINSTALLDIR/lib/libg/Linux.pgi.64.openmpi.default/libesmf.so(esmf_fieldregridmod_getmeshwithnodesonfieldloc_+0x54b)[0x7f6065eef96b]
[Orion-02-23:318485] [ 8] /work/noaa/da/mpotts/sandbox/pgi_2019_openmpi_g_v8.4.0/esmf/DEFAULTINSTALLDIR/lib/libg/Linux.pgi.64.openmpi.default/libesmf.so(esmf_fieldregridmod_esmf_fieldregridstorenx_+0x1029)[0x7f11612872b9]
[Orion-02-23:318487] [ 8] /work/noaa/da/mpotts/sandbox/pgi_2019_openmpi_g_v8.4.0/esmf/DEFAULTINSTALLDIR/lib/libg/Linux.pgi.64.openmpi.default/libesmf.so(esmf_fieldregridmod_esmf_fieldregridstorenx_+0x1029)[0x7f6065eed2b9]
[Orion-02-23:318485] [ 9] /work/noaa/da/mpotts/sandbox/pgi_2019_openmpi_g_v8.4.0/esmf/DEFAULTINSTALLDIR/lib/libg/Linux.pgi.64.openmpi.default/libesmf.so(esmf_fieldbundlemod_esmf_fieldbundleregridstore_+0x49c3)[0x7f1161097943]
[Orion-02-23:318485] [10] /work/noaa/da/mpotts/sandbox/pgi_2019_openmpi_g_v8.4.0/nuopc-app-prototypes/AtmOcnConProto/./esmApp[0x40de43]
[Orion-02-23:318487] [ 9] /work/noaa/da/mpotts/sandbox/pgi_2019_openmpi_g_v8.4.0/esmf/DEFAULTINSTALLDIR/lib/libg/Linux.pgi.64.openmpi.default/libesmf.so(esmf_fieldbundlemod_esmf_fieldbundleregridstore_+0x49c3)[0x7f6065cfd943]
[Orion-02-23:318487] [10] /work/noaa/da/mpotts/sandbox/pgi_2019_openmpi_g_v8.4.0/nuopc-app-prototypes/AtmOcnConProto/./esmApp[0x40de43]
[Orion-02-23:318485] [11] /work/noaa/da/mpotts/sandbox/pgi_2019_openmpi_g_v8.4.0/esmf/DEFAULTINSTALLDIR/lib/libg/Linux.pgi.64.openmpi.default/libesmf.so(_ZNK5ESMCI13MethodElement7executeEPvPi+0x42)[0x7f1160a40412]
[Orion-02-23:318487] [11] /work/noaa/da/mpotts/sandbox/pgi_2019_openmpi_g_v8.4.0/esmf/DEFAULTINSTALLDIR/lib/libg/Linux.pgi.64.openmpi.default/libesmf.so(_ZNK5ESMCI13MethodElement7executeEPvPi+0x42)[0x7f60656a6412]
[Orion-02-23:318485] [12] /work/noaa/da/mpotts/sandbox/pgi_2019_openmpi_g_v8.4.0/esmf/DEFAULTINSTALLDIR/lib/libg/Linux.pgi.64.openmpi.default/libesmf.so(_ZN5ESMCI11MethodTable7executeESsPvPiPb+0x221)[0x7f1160a413e1]
[Orion-02-23:318487] [12] /work/noaa/da/mpotts/sandbox/pgi_2019_openmpi_g_v8.4.0/esmf/DEFAULTINSTALLDIR/lib/libg/Linux.pgi.64.openmpi.default/libesmf.so(_ZN5ESMCI11MethodTable7executeESsPvPiPb+0x221)[0x7f60656a73e1]
[Orion-02-23:318485] [13] /work/noaa/da/mpotts/sandbox/pgi_2019_openmpi_g_v8.4.0/esmf/DEFAULTINSTALLDIR/lib/libg/Linux.pgi.64.openmpi.default/libesmf.so(c_esmc_methodtableexecuteef_+0x193)[0x7f1160a3c7b3]
[Orion-02-23:318487] [13] /work/noaa/da/mpotts/sandbox/pgi_2019_openmpi_g_v8.4.0/esmf/DEFAULTINSTALLDIR/lib/libg/Linux.pgi.64.openmpi.default/libesmf.so(c_esmc_methodtableexecuteef_+0x193)[0x7f60656a27b3]
[Orion-02-23:318485] [14] /work/noaa/da/mpotts/sandbox/pgi_2019_openmpi_g_v8.4.0/esmf/DEFAULTINSTALLDIR/lib/libg/Linux.pgi.64.openmpi.default/libesmf.so(esmf_attachmethodsmod_esmf_methodcplcompexecute_+0x120)[0x7f1160e01db0]
[Orion-02-23:318487] [14] /work/noaa/da/mpotts/sandbox/pgi_2019_openmpi_g_v8.4.0/esmf/DEFAULTINSTALLDIR/lib/libg/Linux.pgi.64.openmpi.default/libesmf.so(esmf_attachmethodsmod_esmf_methodcplcompexecute_+0x120)[0x7f6065a67db0]
[Orion-02-23:318485] [15] /work/noaa/da/mpotts/sandbox/pgi_2019_openmpi_g_v8.4.0/esmf/DEFAULTINSTALLDIR/lib/libg/Linux.pgi.64.openmpi.default/libesmf.so(nuopc_connector_initializeipdv05p6b_+0x875f)[0x7f11619fc46f]
[Orion-02-23:318487] [15] /work/noaa/da/mpotts/sandbox/pgi_2019_openmpi_g_v8.4.0/esmf/DEFAULTINSTALLDIR/lib/libg/Linux.pgi.64.openmpi.default/libesmf.so(nuopc_connector_initializeipdv05p6b_+0x875f)[0x7f606666246f]
[Orion-02-23:318485] [16] /work/noaa/da/mpotts/sandbox/pgi_2019_openmpi_g_v8.4.0/esmf/DEFAULTINSTALLDIR/lib/libg/Linux.pgi.64.openmpi.default/libesmf.so(_ZN5ESMCI6FTable12callVFuncPtrEPKcPNS_2VMEPi+0xcf7)[0x7f1160532f57]
[Orion-02-23:318487] [16] /work/noaa/da/mpotts/sandbox/pgi_2019_openmpi_g_v8.4.0/esmf/DEFAULTINSTALLDIR/lib/libg/Linux.pgi.64.openmpi.default/libesmf.so(_ZN5ESMCI6FTable12callVFuncPtrEPKcPNS_2VMEPi+0xcf7)[0x7f6065198f57]
[Orion-02-23:318485] [17] /work/noaa/da/mpotts/sandbox/pgi_2019_openmpi_g_v8.4.0/esmf/DEFAULTINSTALLDIR/lib/libg/Linux.pgi.64.openmpi.default/libesmf.so(ESMCI_FTableCallEntryPointVMHop+0x2ac)[0x7f116052ee5c]
[Orion-02-23:318487] [17] /work/noaa/da/mpotts/sandbox/pgi_2019_openmpi_g_v8.4.0/esmf/DEFAULTINSTALLDIR/lib/libg/Linux.pgi.64.openmpi.default/libesmf.so(ESMCI_FTableCallEntryPointVMHop+0x2ac)[0x7f6065194e5c]
[Orion-02-23:318485] [18] /work/noaa/da/mpotts/sandbox/pgi_2019_openmpi_g_v8.4.0/esmf/DEFAULTINSTALLDIR/lib/libg/Linux.pgi.64.openmpi.default/libesmf.so(_ZN5ESMCI3VMK5enterEPNS_7VMKPlanEPvS3_+0xcf)[0x7f1160c75bcf]
[Orion-02-23:318487] [18] /work/noaa/da/mpotts/sandbox/pgi_2019_openmpi_g_v8.4.0/esmf/DEFAULTINSTALLDIR/lib/libg/Linux.pgi.64.openmpi.default/libesmf.so(_ZN5ESMCI3VMK5enterEPNS_7VMKPlanEPvS3_+0xcf)[0x7f60658dbbcf]
[Orion-02-23:318485] [19] /work/noaa/da/mpotts/sandbox/pgi_2019_openmpi_g_v8.4.0/esmf/DEFAULTINSTALLDIR/lib/libg/Linux.pgi.64.openmpi.default/libesmf.so(_ZN5ESMCI2VM5enterEPNS_6VMPlanEPvS3_+0xcd)[0x7f1160c9a1dd]
[Orion-02-23:318487] [19] /work/noaa/da/mpotts/sandbox/pgi_2019_openmpi_g_v8.4.0/esmf/DEFAULTINSTALLDIR/lib/libg/Linux.pgi.64.openmpi.default/libesmf.so(_ZN5ESMCI2VM5enterEPNS_6VMPlanEPvS3_+0xcd)[0x7f60659001dd]
[Orion-02-23:318485] [20] /work/noaa/da/mpotts/sandbox/pgi_2019_openmpi_g_v8.4.0/esmf/DEFAULTINSTALLDIR/lib/libg/Linux.pgi.64.openmpi.default/libesmf.so(c_esmc_ftablecallentrypointvm_+0x3a1)[0x7f116052f321]
[Orion-02-23:318487] [20] /work/noaa/da/mpotts/sandbox/pgi_2019_openmpi_g_v8.4.0/esmf/DEFAULTINSTALLDIR/lib/libg/Linux.pgi.64.openmpi.default/libesmf.so(c_esmc_ftablecallentrypointvm_+0x3a1)[0x7f6065195321]
[Orion-02-23:318485] [21] /work/noaa/da/mpotts/sandbox/pgi_2019_openmpi_g_v8.4.0/esmf/DEFAULTINSTALLDIR/lib/libg/Linux.pgi.64.openmpi.default/libesmf.so(esmf_compmod_esmf_compexecute_+0xbd5)[0x7f1160fe3ca5]
[Orion-02-23:318487] [21] /work/noaa/da/mpotts/sandbox/pgi_2019_openmpi_g_v8.4.0/esmf/DEFAULTINSTALLDIR/lib/libg/Linux.pgi.64.openmpi.default/libesmf.so(esmf_compmod_esmf_compexecute_+0xbd5)[0x7f6065c49ca5]
[Orion-02-23:318485] [22] /work/noaa/da/mpotts/sandbox/pgi_2019_openmpi_g_v8.4.0/esmf/DEFAULTINSTALLDIR/lib/libg/Linux.pgi.64.openmpi.default/libesmf.so(esmf_cplcompmod_esmf_cplcompinitialize_+0x1f1)[0x7f1160ffed11]
[Orion-02-23:318487] [22] /work/noaa/da/mpotts/sandbox/pgi_2019_openmpi_g_v8.4.0/esmf/DEFAULTINSTALLDIR/lib/libg/Linux.pgi.64.openmpi.default/libesmf.so(esmf_cplcompmod_esmf_cplcompinitialize_+0x1f1)[0x7f6065c64d11]
[Orion-02-23:318485] [23] /work/noaa/da/mpotts/sandbox/pgi_2019_openmpi_g_v8.4.0/esmf/DEFAULTINSTALLDIR/lib/libg/Linux.pgi.64.openmpi.default/libesmf.so(nuopc_driver_loopconnectorcompss_+0x1916)[0x7f1161a61556]
[Orion-02-23:318487] [23] /work/noaa/da/mpotts/sandbox/pgi_2019_openmpi_g_v8.4.0/esmf/DEFAULTINSTALLDIR/lib/libg/Linux.pgi.64.openmpi.default/libesmf.so(nuopc_driver_loopconnectorcompss_+0x1916)[0x7f60666c7556]
[Orion-02-23:318485] [24] /work/noaa/da/mpotts/sandbox/pgi_2019_openmpi_g_v8.4.0/esmf/DEFAULTINSTALLDIR/lib/libg/Linux.pgi.64.openmpi.default/libesmf.so(nuopc_driver_initializeipdv02p3_+0x5421)[0x7f1161a52ba1]
[Orion-02-23:318487] [24] /work/noaa/da/mpotts/sandbox/pgi_2019_openmpi_g_v8.4.0/esmf/DEFAULTINSTALLDIR/lib/libg/Linux.pgi.64.openmpi.default/libesmf.so(nuopc_driver_initializeipdv02p3_+0x5421)[0x7f60666b8ba1]
[Orion-02-23:318485] [25] /work/noaa/da/mpotts/sandbox/pgi_2019_openmpi_g_v8.4.0/esmf/DEFAULTINSTALLDIR/lib/libg/Linux.pgi.64.openmpi.default/libesmf.so(nuopc_driver_initializegeneric_+0x109e)[0x7f1161a3280e]
[Orion-02-23:318487] [25] /work/noaa/da/mpotts/sandbox/pgi_2019_openmpi_g_v8.4.0/esmf/DEFAULTINSTALLDIR/lib/libg/Linux.pgi.64.openmpi.default/libesmf.so(nuopc_driver_initializegeneric_+0x109e)[0x7f606669880e]
[Orion-02-23:318485] [26] /work/noaa/da/mpotts/sandbox/pgi_2019_openmpi_g_v8.4.0/esmf/DEFAULTINSTALLDIR/lib/libg/Linux.pgi.64.openmpi.default/libesmf.so(_ZN5ESMCI6FTable12callVFuncPtrEPKcPNS_2VMEPi+0xcf7)[0x7f1160532f57]
[Orion-02-23:318487] [26] /work/noaa/da/mpotts/sandbox/pgi_2019_openmpi_g_v8.4.0/esmf/DEFAULTINSTALLDIR/lib/libg/Linux.pgi.64.openmpi.default/libesmf.so(_ZN5ESMCI6FTable12callVFuncPtrEPKcPNS_2VMEPi+0xcf7)[0x7f6065198f57]
[Orion-02-23:318485] [27] /work/noaa/da/mpotts/sandbox/pgi_2019_openmpi_g_v8.4.0/esmf/DEFAULTINSTALLDIR/lib/libg/Linux.pgi.64.openmpi.default/libesmf.so(ESMCI_FTableCallEntryPointVMHop+0x2ac)[0x7f116052ee5c]
[Orion-02-23:318487] [27] /work/noaa/da/mpotts/sandbox/pgi_2019_openmpi_g_v8.4.0/esmf/DEFAULTINSTALLDIR/lib/libg/Linux.pgi.64.openmpi.default/libesmf.so(ESMCI_FTableCallEntryPointVMHop+0x2ac)[0x7f6065194e5c]
[Orion-02-23:318485] [28] /work/noaa/da/mpotts/sandbox/pgi_2019_openmpi_g_v8.4.0/esmf/DEFAULTINSTALLDIR/lib/libg/Linux.pgi.64.openmpi.default/libesmf.so(_ZN5ESMCI3VMK5enterEPNS_7VMKPlanEPvS3_+0xcf)[0x7f1160c75bcf]
[Orion-02-23:318487] [28] /work/noaa/da/mpotts/sandbox/pgi_2019_openmpi_g_v8.4.0/esmf/DEFAULTINSTALLDIR/lib/libg/Linux.pgi.64.openmpi.default/libesmf.so(_ZN5ESMCI3VMK5enterEPNS_7VMKPlanEPvS3_+0xcf)[0x7f60658dbbcf]
[Orion-02-23:318485] [29] /work/noaa/da/mpotts/sandbox/pgi_2019_openmpi_g_v8.4.0/esmf/DEFAULTINSTALLDIR/lib/libg/Linux.pgi.64.openmpi.default/libesmf.so(_ZN5ESMCI2VM5enterEPNS_6VMPlanEPvS3_+0xcd)[0x7f1160c9a1dd]
[Orion-02-23:318485] *** End of error message ***
[Orion-02-23:318487] [29] /work/noaa/da/mpotts/sandbox/pgi_2019_openmpi_g_v8.4.0/esmf/DEFAULTINSTALLDIR/lib/libg/Linux.pgi.64.openmpi.default/libesmf.so(_ZN5ESMCI2VM5enterEPNS_6VMPlanEPvS3_+0xcd)[0x7f60659001dd]
[Orion-02-23:318487] *** End of error message ***
srun: error: Orion-02-23: tasks 1,3: Segmentation fault
srun: launch/slurm: _step_signal: Terminating StepId=7444440.344
slurmstepd: error: *** STEP 7444440.344 ON Orion-02-23 CANCELLED AT 2022-10-27T05:52:25 ***
srun: error: Orion-02-23: tasks 0,2: Terminated
srun: Force Terminated StepId=7444440.344
