2022-10-01 07:07:56
20221001 082112.363 INFO             PET0 !!!!!!!!!!!!!!!!!!!!!!!!!!!!!!!!!!!!!!!!!!!!!!!!!!!!!!
20221001 082112.363 INFO             PET0 !!! THE ESMF_LOG IS SET TO OUTPUT ALL LOG MESSAGES !!!
20221001 082112.363 INFO             PET0 !!!     THIS MAY CAUSE SLOWDOWN IN PERFORMANCE     !!!
20221001 082112.363 INFO             PET0 !!! FOR PRODUCTION RUNS, USE:                      !!!
20221001 082112.363 INFO             PET0 !!!                   ESMF_LOGKIND_Multi_On_Error  !!!
20221001 082112.363 INFO             PET0 !!!!!!!!!!!!!!!!!!!!!!!!!!!!!!!!!!!!!!!!!!!!!!!!!!!!!!
20221001 082112.363 INFO             PET0 Running with ESMF Version   : v8.4.0b15-7-gae8efd6d7f
20221001 082112.363 INFO             PET0 ESMF library build date/time: "Oct  1 2022" "07:01:39"
20221001 082112.363 INFO             PET0 ESMF library build location : /glade/scratch/dunlap/esmf-testing/intel_18.0.5_intelmpi_g_develop/esmf
20221001 082112.363 INFO             PET0 ESMF_COMM                   : intelmpi
20221001 082112.363 INFO             PET0 ESMF_MOAB                   : enabled
20221001 082112.363 INFO             PET0 ESMF_LAPACK                 : enabled
20221001 082112.363 INFO             PET0 ESMF_NETCDF                 : enabled
20221001 082112.363 INFO             PET0 ESMF_PNETCDF                : disabled
20221001 082112.363 INFO             PET0 ESMF_PIO                    : enabled
20221001 082112.363 INFO             PET0 ESMF_YAMLCPP                : enabled
20221001 082112.483 DEBUG            PET0 about to destroy Grid: 0x21e1b00
20221001 082112.500 DEBUG            PET0 about to destroy Grid: 0x21e39c0
20221001 082112.544 INFO             PET0  NUMBER_OF_PROCESSORS           4
20221001 082112.544 INFO             PET0  PASS  Example ESMF_NUOPCAtmModelEx, ESMF_NUOPCAtmModelEx.F90, line 806
20221001 082112.544 INFO             PET0 Finalizing ESMF
20221001 082112.363 INFO             PET1 !!!!!!!!!!!!!!!!!!!!!!!!!!!!!!!!!!!!!!!!!!!!!!!!!!!!!!
20221001 082112.363 INFO             PET1 !!! THE ESMF_LOG IS SET TO OUTPUT ALL LOG MESSAGES !!!
20221001 082112.363 INFO             PET1 !!!     THIS MAY CAUSE SLOWDOWN IN PERFORMANCE     !!!
20221001 082112.363 INFO             PET1 !!! FOR PRODUCTION RUNS, USE:                      !!!
20221001 082112.363 INFO             PET1 !!!                   ESMF_LOGKIND_Multi_On_Error  !!!
20221001 082112.363 INFO             PET1 !!!!!!!!!!!!!!!!!!!!!!!!!!!!!!!!!!!!!!!!!!!!!!!!!!!!!!
20221001 082112.363 INFO             PET1 Running with ESMF Version   : v8.4.0b15-7-gae8efd6d7f
20221001 082112.363 INFO             PET1 ESMF library build date/time: "Oct  1 2022" "07:01:39"
20221001 082112.363 INFO             PET1 ESMF library build location : /glade/scratch/dunlap/esmf-testing/intel_18.0.5_intelmpi_g_develop/esmf
20221001 082112.363 INFO             PET1 ESMF_COMM                   : intelmpi
20221001 082112.363 INFO             PET1 ESMF_MOAB                   : enabled
20221001 082112.363 INFO             PET1 ESMF_LAPACK                 : enabled
20221001 082112.363 INFO             PET1 ESMF_NETCDF                 : enabled
20221001 082112.363 INFO             PET1 ESMF_PNETCDF                : disabled
20221001 082112.363 INFO             PET1 ESMF_PIO                    : enabled
20221001 082112.363 INFO             PET1 ESMF_YAMLCPP                : enabled
20221001 082112.483 DEBUG            PET1 about to destroy Grid: 0x9076f0
20221001 082112.500 DEBUG            PET1 about to destroy Grid: 0x908570
20221001 082112.544 INFO             PET1  NUMBER_OF_PROCESSORS           4
20221001 082112.544 INFO             PET1  PASS  Example ESMF_NUOPCAtmModelEx, ESMF_NUOPCAtmModelEx.F90, line 806
20221001 082112.544 INFO             PET1 Finalizing ESMF
20221001 082112.363 INFO             PET2 !!!!!!!!!!!!!!!!!!!!!!!!!!!!!!!!!!!!!!!!!!!!!!!!!!!!!!
20221001 082112.363 INFO             PET2 !!! THE ESMF_LOG IS SET TO OUTPUT ALL LOG MESSAGES !!!
20221001 082112.363 INFO             PET2 !!!     THIS MAY CAUSE SLOWDOWN IN PERFORMANCE     !!!
20221001 082112.363 INFO             PET2 !!! FOR PRODUCTION RUNS, USE:                      !!!
20221001 082112.363 INFO             PET2 !!!                   ESMF_LOGKIND_Multi_On_Error  !!!
20221001 082112.363 INFO             PET2 !!!!!!!!!!!!!!!!!!!!!!!!!!!!!!!!!!!!!!!!!!!!!!!!!!!!!!
20221001 082112.363 INFO             PET2 Running with ESMF Version   : v8.4.0b15-7-gae8efd6d7f
20221001 082112.363 INFO             PET2 ESMF library build date/time: "Oct  1 2022" "07:01:39"
20221001 082112.363 INFO             PET2 ESMF library build location : /glade/scratch/dunlap/esmf-testing/intel_18.0.5_intelmpi_g_develop/esmf
20221001 082112.363 INFO             PET2 ESMF_COMM                   : intelmpi
20221001 082112.364 INFO             PET2 ESMF_MOAB                   : enabled
20221001 082112.364 INFO             PET2 ESMF_LAPACK                 : enabled
20221001 082112.364 INFO             PET2 ESMF_NETCDF                 : enabled
20221001 082112.364 INFO             PET2 ESMF_PNETCDF                : disabled
20221001 082112.364 INFO             PET2 ESMF_PIO                    : enabled
20221001 082112.364 INFO             PET2 ESMF_YAMLCPP                : enabled
20221001 082112.483 DEBUG            PET2 about to destroy Grid: 0x17486e0
20221001 082112.500 DEBUG            PET2 about to destroy Grid: 0x1749560
20221001 082112.544 INFO             PET2  NUMBER_OF_PROCESSORS           4
20221001 082112.544 INFO             PET2  PASS  Example ESMF_NUOPCAtmModelEx, ESMF_NUOPCAtmModelEx.F90, line 806
20221001 082112.544 INFO             PET2 Finalizing ESMF
20221001 082112.363 INFO             PET3 !!!!!!!!!!!!!!!!!!!!!!!!!!!!!!!!!!!!!!!!!!!!!!!!!!!!!!
20221001 082112.363 INFO             PET3 !!! THE ESMF_LOG IS SET TO OUTPUT ALL LOG MESSAGES !!!
20221001 082112.363 INFO             PET3 !!!     THIS MAY CAUSE SLOWDOWN IN PERFORMANCE     !!!
20221001 082112.363 INFO             PET3 !!! FOR PRODUCTION RUNS, USE:                      !!!
20221001 082112.363 INFO             PET3 !!!                   ESMF_LOGKIND_Multi_On_Error  !!!
20221001 082112.363 INFO             PET3 !!!!!!!!!!!!!!!!!!!!!!!!!!!!!!!!!!!!!!!!!!!!!!!!!!!!!!
20221001 082112.363 INFO             PET3 Running with ESMF Version   : v8.4.0b15-7-gae8efd6d7f
20221001 082112.363 INFO             PET3 ESMF library build date/time: "Oct  1 2022" "07:01:39"
20221001 082112.363 INFO             PET3 ESMF library build location : /glade/scratch/dunlap/esmf-testing/intel_18.0.5_intelmpi_g_develop/esmf
20221001 082112.363 INFO             PET3 ESMF_COMM                   : intelmpi
20221001 082112.363 INFO             PET3 ESMF_MOAB                   : enabled
20221001 082112.363 INFO             PET3 ESMF_LAPACK                 : enabled
20221001 082112.363 INFO             PET3 ESMF_NETCDF                 : enabled
20221001 082112.363 INFO             PET3 ESMF_PNETCDF                : disabled
20221001 082112.364 INFO             PET3 ESMF_PIO                    : enabled
20221001 082112.364 INFO             PET3 ESMF_YAMLCPP                : enabled
20221001 082112.483 DEBUG            PET3 about to destroy Grid: 0x232d6e0
20221001 082112.500 DEBUG            PET3 about to destroy Grid: 0x232e560
20221001 082112.544 INFO             PET3  NUMBER_OF_PROCESSORS           4
20221001 082112.544 INFO             PET3  PASS  Example ESMF_NUOPCAtmModelEx, ESMF_NUOPCAtmModelEx.F90, line 806
20221001 082112.544 INFO             PET3 Finalizing ESMF
