2022-10-12 03:03:11
[Orion-04-01:440997:0:440997] Caught signal 11 (Segmentation fault: address not mapped to object at address 0x4f1b591)
[Orion-04-01:440998:0:440998] Caught signal 11 (Segmentation fault: address not mapped to object at address 0x4f1b591)
[Orion-04-01:440999:0:440999] Caught signal 11 (Segmentation fault: address not mapped to object at address 0x4f1b591)
[Orion-04-01:441000:0:441000] Caught signal 11 (Segmentation fault: address not mapped to object at address 0x4f1b591)

/work/noaa/da/mpotts/sandbox/pgi_2019_openmpi_g_develop/esmf/src/Infrastructure/LogErr/src/ESMCI_LogErr.C: [ ESMCI::LogErr::MsgFoundError() ]
      ...

/work/noaa/da/mpotts/sandbox/pgi_2019_openmpi_g_develop/esmf/src/Infrastructure/LogErr/src/ESMCI_LogErr.C: [ ESMCI::LogErr::MsgFoundError() ]
      ...
      583 {
      584     bool result=false;
      585 #ifdef ESMC_SUCCESSDEFAULT_ON
==>   586     if (rcToReturn != ESMC_NULL_POINTER) *rcToReturn=ESMF_SUCCESS;
      587 #endif
      588     if (trace) {
      589         Write(ESMC_METHOD,ESMC_LOGMSG_TRACE,
      583 {
      584     bool result=false;
      585 #ifdef ESMC_SUCCESSDEFAULT_ON
==>   586     if (rcToReturn != ESMC_NULL_POINTER) *rcToReturn=ESMF_SUCCESS;
      587 #endif
      588     if (trace) {
      589         Write(ESMC_METHOD,ESMC_LOGMSG_TRACE,



/work/noaa/da/mpotts/sandbox/pgi_2019_openmpi_g_develop/esmf/src/Infrastructure/LogErr/src/ESMCI_LogErr.C: [ ESMCI::LogErr::MsgFoundError() ]
      ...
      583 {
      584     bool result=false;
      585 #ifdef ESMC_SUCCESSDEFAULT_ON
==>   586     if (rcToReturn != ESMC_NULL_POINTER) *rcToReturn=ESMF_SUCCESS;
      587 #endif
      588     if (trace) {
      589         Write(ESMC_METHOD,ESMC_LOGMSG_TRACE,


/work/noaa/da/mpotts/sandbox/pgi_2019_openmpi_g_develop/esmf/src/Infrastructure/LogErr/src/ESMCI_LogErr.C: [ ESMCI::LogErr::MsgFoundError() ]
      ...
      583 {
      584     bool result=false;
      585 #ifdef ESMC_SUCCESSDEFAULT_ON
==>   586     if (rcToReturn != ESMC_NULL_POINTER) *rcToReturn=ESMF_SUCCESS;
      587 #endif
      588     if (trace) {
      589         Write(ESMC_METHOD,ESMC_LOGMSG_TRACE,

==== backtrace (tid: 440999) ====
 0 0x0000000001200a54 ESMCI::LogErr::MsgFoundError()  /work/noaa/da/mpotts/sandbox/pgi_2019_openmpi_g_develop/esmf/src/Infrastructure/LogErr/src/ESMCI_LogErr.C:586
 1 0x00000000013e4f81 ESMCI::MeshCap::meshcreatenodedistgrid()  /work/noaa/da/mpotts/sandbox/pgi_2019_openmpi_g_develop/esmf/src/Infrastructure/Mesh/src/ESMCI_MeshCap.C:1754
 2 0x000000000142aae7 c_esmc_meshcreatenodedistgrid_()  /work/noaa/da/mpotts/sandbox/pgi_2019_openmpi_g_develop/esmf/src/Infrastructure/Mesh/interface/ESMCI_Mesh_F.C:247
 3 0x00000000020f012d esmf_meshmod_esmf_meshcreate1part_()  /work/noaa/da/mpotts/sandbox/pgi_2019_openmpi_g_develop/esmf/src/Infrastructure/Mesh/interface/ESMF_Mesh.F90:1407
 4 0x000000000040fa1e MAIN_()  /work/noaa/da/mpotts/sandbox/pgi_2019_openmpi_g_develop/esmf/src/Infrastructure/Mesh/examples/ESMF_MeshEx.F90:667
 5 0x00000000004069d3 main()  ???:0
 6 0x0000000000022495 __libc_start_main()  ???:0
 7 0x00000000004068d9 _start()  ???:0
=================================
[Orion-04-01:440999] *** Process received signal ***
[Orion-04-01:440999] Signal: Segmentation fault (11)
[Orion-04-01:440999] Signal code:  (-6)
[Orion-04-01:440999] Failing at address: 0x20e50006baa7
[Orion-04-01:440999] [ 0] /lib64/libpthread.so.0(+0xf5d0)[0x7f2c27b1e5d0]
==== backtrace (tid: 440997) ====
 0 0x0000000001200a54 ESMCI::LogErr::MsgFoundError()  /work/noaa/da/mpotts/sandbox/pgi_2019_openmpi_g_develop/esmf/src/Infrastructure/LogErr/src/ESMCI_LogErr.C:586
 1 0x00000000013e4f81 ESMCI::MeshCap::meshcreatenodedistgrid()  /work/noaa/da/mpotts/sandbox/pgi_2019_openmpi_g_develop/esmf/src/Infrastructure/Mesh/src/ESMCI_MeshCap.C:1754
 2 0x000000000142aae7 c_esmc_meshcreatenodedistgrid_()  /work/noaa/da/mpotts/sandbox/pgi_2019_openmpi_g_develop/esmf/src/Infrastructure/Mesh/interface/ESMCI_Mesh_F.C:247
 3 0x00000000020f012d esmf_meshmod_esmf_meshcreate1part_()  /work/noaa/da/mpotts/sandbox/pgi_2019_openmpi_g_develop/esmf/src/Infrastructure/Mesh/interface/ESMF_Mesh.F90:1407
 4 0x000000000040fa1e MAIN_()  /work/noaa/da/mpotts/sandbox/pgi_2019_openmpi_g_develop/esmf/src/Infrastructure/Mesh/examples/ESMF_MeshEx.F90:667
 5 0x00000000004069d3 main()  ???:0
 6 0x0000000000022495 __libc_start_main()  ???:0
 7 0x00000000004068d9 _start()  ???:0
=================================
[Orion-04-01:440997] *** Process received signal ***
[Orion-04-01:440997] Signal: Segmentation fault (11)
[Orion-04-01:440997] Signal code:  (-6)
[Orion-04-01:440997] Failing at address: 0x20e50006baa5
[Orion-04-01:440997] [ 0] /lib64/libpthread.so.0(+0xf5d0)[0x7fe0471fc5d0]
[Orion-04-01:440999] [ 1] /work/noaa/da/mpotts/sandbox/pgi_2019_openmpi_g_develop/esmf/lib/libg/Linux.pgi.64.openmpi.default/libesmf.so(_ZN5ESMCI6LogErr13MsgFoundErrorEiPKciS2_S2_Pi+0x34)[0x7f2c24eaea54]
[Orion-04-01:440997] [ 1] /work/noaa/da/mpotts/sandbox/pgi_2019_openmpi_g_develop/esmf/lib/libg/Linux.pgi.64.openmpi.default/libesmf.so(_ZN5ESMCI6LogErr13MsgFoundErrorEiPKciS2_S2_Pi+0x34)[0x7fe04458ca54]
[Orion-04-01:440999] [ 2] /work/noaa/da/mpotts/sandbox/pgi_2019_openmpi_g_develop/esmf/lib/libg/Linux.pgi.64.openmpi.default/libesmf.so(_ZN5ESMCI7MeshCap22meshcreatenodedistgridEPi+0x81)[0x7f2c25092f81]
[Orion-04-01:440997] [ 2] /work/noaa/da/mpotts/sandbox/pgi_2019_openmpi_g_develop/esmf/lib/libg/Linux.pgi.64.openmpi.default/libesmf.so(_ZN5ESMCI7MeshCap22meshcreatenodedistgridEPi+0x81)[0x7fe044770f81]
[Orion-04-01:440999] [ 3] /work/noaa/da/mpotts/sandbox/pgi_2019_openmpi_g_develop/esmf/lib/libg/Linux.pgi.64.openmpi.default/libesmf.so(c_esmc_meshcreatenodedistgrid_+0x177)[0x7f2c250d8ae7]
[Orion-04-01:440997] [ 3] /work/noaa/da/mpotts/sandbox/pgi_2019_openmpi_g_develop/esmf/lib/libg/Linux.pgi.64.openmpi.default/libesmf.so(c_esmc_meshcreatenodedistgrid_+0x177)[0x7fe0447b6ae7]
[Orion-04-01:440999] [ 4] /work/noaa/da/mpotts/sandbox/pgi_2019_openmpi_g_develop/esmf/lib/libg/Linux.pgi.64.openmpi.default/libesmf.so(esmf_meshmod_esmf_meshcreate1part_+0x13cd)[0x7f2c25d9e12d]
[Orion-04-01:440999] [ 5] /work/noaa/da/mpotts/sandbox/pgi_2019_openmpi_g_develop/esmf/examples/examplesg/Linux.pgi.64.openmpi.default/./ESMF_MeshEx[0x40fa1e]
[Orion-04-01:440999] [ 6] /work/noaa/da/mpotts/sandbox/pgi_2019_openmpi_g_develop/esmf/examples/examplesg/Linux.pgi.64.openmpi.default/./ESMF_MeshEx[0x4069d3]
[Orion-04-01:440999] [ 7] /lib64/libc.so.6(__libc_start_main+0xf5)[0x7f2c200fb495]
[Orion-04-01:440999] [ 8] /work/noaa/da/mpotts/sandbox/pgi_2019_openmpi_g_develop/esmf/examples/examplesg/Linux.pgi.64.openmpi.default/./ESMF_MeshEx[0x4068d9]
[Orion-04-01:440999] *** End of error message ***
[Orion-04-01:440997] [ 4] /work/noaa/da/mpotts/sandbox/pgi_2019_openmpi_g_develop/esmf/lib/libg/Linux.pgi.64.openmpi.default/libesmf.so(esmf_meshmod_esmf_meshcreate1part_+0x13cd)[0x7fe04547c12d]
[Orion-04-01:440997] [ 5] /work/noaa/da/mpotts/sandbox/pgi_2019_openmpi_g_develop/esmf/examples/examplesg/Linux.pgi.64.openmpi.default/./ESMF_MeshEx[0x40fa1e]
[Orion-04-01:440997] [ 6] /work/noaa/da/mpotts/sandbox/pgi_2019_openmpi_g_develop/esmf/examples/examplesg/Linux.pgi.64.openmpi.default/./ESMF_MeshEx[0x4069d3]
[Orion-04-01:440997] [ 7] /lib64/libc.so.6(__libc_start_main+0xf5)[0x7fe03f7d9495]
[Orion-04-01:440997] [ 8] /work/noaa/da/mpotts/sandbox/pgi_2019_openmpi_g_develop/esmf/examples/examplesg/Linux.pgi.64.openmpi.default/./ESMF_MeshEx[0x4068d9]
[Orion-04-01:440997] *** End of error message ***
==== backtrace (tid: 441000) ====
 0 0x0000000001200a54 ESMCI::LogErr::MsgFoundError()  /work/noaa/da/mpotts/sandbox/pgi_2019_openmpi_g_develop/esmf/src/Infrastructure/LogErr/src/ESMCI_LogErr.C:586
 1 0x00000000013e4f81 ESMCI::MeshCap::meshcreatenodedistgrid()  /work/noaa/da/mpotts/sandbox/pgi_2019_openmpi_g_develop/esmf/src/Infrastructure/Mesh/src/ESMCI_MeshCap.C:1754
 2 0x000000000142aae7 c_esmc_meshcreatenodedistgrid_()  /work/noaa/da/mpotts/sandbox/pgi_2019_openmpi_g_develop/esmf/src/Infrastructure/Mesh/interface/ESMCI_Mesh_F.C:247
 3 0x00000000020f012d esmf_meshmod_esmf_meshcreate1part_()  /work/noaa/da/mpotts/sandbox/pgi_2019_openmpi_g_develop/esmf/src/Infrastructure/Mesh/interface/ESMF_Mesh.F90:1407
 4 0x000000000040fa1e MAIN_()  /work/noaa/da/mpotts/sandbox/pgi_2019_openmpi_g_develop/esmf/src/Infrastructure/Mesh/examples/ESMF_MeshEx.F90:667
 5 0x00000000004069d3 main()  ???:0
 6 0x0000000000022495 __libc_start_main()  ???:0
 7 0x00000000004068d9 _start()  ???:0
=================================
[Orion-04-01:441000] *** Process received signal ***
[Orion-04-01:441000] Signal: Segmentation fault (11)
[Orion-04-01:441000] Signal code:  (-6)
[Orion-04-01:441000] Failing at address: 0x20e50006baa8
[Orion-04-01:441000] [ 0] /lib64/libpthread.so.0(+0xf5d0)[0x7f61615fa5d0]
==== backtrace (tid: 440998) ====
 0 0x0000000001200a54 ESMCI::LogErr::MsgFoundError()  /work/noaa/da/mpotts/sandbox/pgi_2019_openmpi_g_develop/esmf/src/Infrastructure/LogErr/src/ESMCI_LogErr.C:586
 1 0x00000000013e4f81 ESMCI::MeshCap::meshcreatenodedistgrid()  /work/noaa/da/mpotts/sandbox/pgi_2019_openmpi_g_develop/esmf/src/Infrastructure/Mesh/src/ESMCI_MeshCap.C:1754
 2 0x000000000142aae7 c_esmc_meshcreatenodedistgrid_()  /work/noaa/da/mpotts/sandbox/pgi_2019_openmpi_g_develop/esmf/src/Infrastructure/Mesh/interface/ESMCI_Mesh_F.C:247
 3 0x00000000020f012d esmf_meshmod_esmf_meshcreate1part_()  /work/noaa/da/mpotts/sandbox/pgi_2019_openmpi_g_develop/esmf/src/Infrastructure/Mesh/interface/ESMF_Mesh.F90:1407
 4 0x000000000040fa1e MAIN_()  /work/noaa/da/mpotts/sandbox/pgi_2019_openmpi_g_develop/esmf/src/Infrastructure/Mesh/examples/ESMF_MeshEx.F90:667
 5 0x00000000004069d3 main()  ???:0
 6 0x0000000000022495 __libc_start_main()  ???:0
 7 0x00000000004068d9 _start()  ???:0
=================================
[Orion-04-01:440998] *** Process received signal ***
[Orion-04-01:440998] Signal: Segmentation fault (11)
[Orion-04-01:440998] Signal code:  (-6)
[Orion-04-01:440998] Failing at address: 0x20e50006baa6
[Orion-04-01:440998] [ 0] /lib64/libpthread.so.0(+0xf5d0)[0x7fe7432525d0]
[Orion-04-01:441000] [ 1] /work/noaa/da/mpotts/sandbox/pgi_2019_openmpi_g_develop/esmf/lib/libg/Linux.pgi.64.openmpi.default/libesmf.so(_ZN5ESMCI6LogErr13MsgFoundErrorEiPKciS2_S2_Pi+0x34)[0x7f615e98aa54]
[Orion-04-01:440998] [ 1] /work/noaa/da/mpotts/sandbox/pgi_2019_openmpi_g_develop/esmf/lib/libg/Linux.pgi.64.openmpi.default/libesmf.so(_ZN5ESMCI6LogErr13MsgFoundErrorEiPKciS2_S2_Pi+0x34)[0x7fe7405e2a54]
[Orion-04-01:441000] [ 2] /work/noaa/da/mpotts/sandbox/pgi_2019_openmpi_g_develop/esmf/lib/libg/Linux.pgi.64.openmpi.default/libesmf.so(_ZN5ESMCI7MeshCap22meshcreatenodedistgridEPi+0x81)[0x7f615eb6ef81]
[Orion-04-01:440998] [ 2] /work/noaa/da/mpotts/sandbox/pgi_2019_openmpi_g_develop/esmf/lib/libg/Linux.pgi.64.openmpi.default/libesmf.so(_ZN5ESMCI7MeshCap22meshcreatenodedistgridEPi+0x81)[0x7fe7407c6f81]
[Orion-04-01:441000] [ 3] /work/noaa/da/mpotts/sandbox/pgi_2019_openmpi_g_develop/esmf/lib/libg/Linux.pgi.64.openmpi.default/libesmf.so(c_esmc_meshcreatenodedistgrid_+0x177)[0x7f615ebb4ae7]
[Orion-04-01:440998] [ 3] /work/noaa/da/mpotts/sandbox/pgi_2019_openmpi_g_develop/esmf/lib/libg/Linux.pgi.64.openmpi.default/libesmf.so(c_esmc_meshcreatenodedistgrid_+0x177)[0x7fe74080cae7]
[Orion-04-01:441000] [ 4] /work/noaa/da/mpotts/sandbox/pgi_2019_openmpi_g_develop/esmf/lib/libg/Linux.pgi.64.openmpi.default/libesmf.so(esmf_meshmod_esmf_meshcreate1part_+0x13cd)[0x7f615f87a12d]
[Orion-04-01:441000] [ 5] /work/noaa/da/mpotts/sandbox/pgi_2019_openmpi_g_develop/esmf/examples/examplesg/Linux.pgi.64.openmpi.default/./ESMF_MeshEx[0x40fa1e]
[Orion-04-01:441000] [ 6] /work/noaa/da/mpotts/sandbox/pgi_2019_openmpi_g_develop/esmf/examples/examplesg/Linux.pgi.64.openmpi.default/./ESMF_MeshEx[0x4069d3]
[Orion-04-01:441000] [ 7] /lib64/libc.so.6(__libc_start_main+0xf5)[0x7f6159bd7495]
[Orion-04-01:441000] [ 8] /work/noaa/da/mpotts/sandbox/pgi_2019_openmpi_g_develop/esmf/examples/examplesg/Linux.pgi.64.openmpi.default/./ESMF_MeshEx[0x4068d9]
[Orion-04-01:441000] *** End of error message ***
[Orion-04-01:440998] [ 4] /work/noaa/da/mpotts/sandbox/pgi_2019_openmpi_g_develop/esmf/lib/libg/Linux.pgi.64.openmpi.default/libesmf.so(esmf_meshmod_esmf_meshcreate1part_+0x13cd)[0x7fe7414d212d]
[Orion-04-01:440998] [ 5] /work/noaa/da/mpotts/sandbox/pgi_2019_openmpi_g_develop/esmf/examples/examplesg/Linux.pgi.64.openmpi.default/./ESMF_MeshEx[0x40fa1e]
[Orion-04-01:440998] [ 6] /work/noaa/da/mpotts/sandbox/pgi_2019_openmpi_g_develop/esmf/examples/examplesg/Linux.pgi.64.openmpi.default/./ESMF_MeshEx[0x4069d3]
[Orion-04-01:440998] [ 7] /lib64/libc.so.6(__libc_start_main+0xf5)[0x7fe73b82f495]
[Orion-04-01:440998] [ 8] /work/noaa/da/mpotts/sandbox/pgi_2019_openmpi_g_develop/esmf/examples/examplesg/Linux.pgi.64.openmpi.default/./ESMF_MeshEx[0x4068d9]
[Orion-04-01:440998] *** End of error message ***
srun: error: Orion-04-01: tasks 0-3: Segmentation fault
srun: launch/slurm: _step_signal: Terminating StepId=7175785.307
