2022-10-12 02:58:46
[Orion-01-46:99775:0:99775] Caught signal 11 (Segmentation fault: address not mapped to object at address 0x4f1b591)
[Orion-01-46:99776:0:99776] Caught signal 11 (Segmentation fault: address not mapped to object at address 0x4f1b591)
[Orion-01-46:99777:0:99777] Caught signal 11 (Segmentation fault: address not mapped to object at address 0x4f1b591)
[Orion-01-46:99778:0:99778] Caught signal 11 (Segmentation fault: address not mapped to object at address 0x4f1b591)

/work/noaa/da/mpotts/sandbox/pgi_2019_openmpi_O_develop/esmf/src/Infrastructure/LogErr/src/ESMCI_LogErr.C: [ ESMCI::LogErr::MsgFoundError() ]
      ...
      583 {
      584     bool result=false;
      585 #ifdef ESMC_SUCCESSDEFAULT_ON
==>   586     if (rcToReturn != ESMC_NULL_POINTER) *rcToReturn=ESMF_SUCCESS;
      587 #endif
      588     if (trace) {
      589         Write(ESMC_METHOD,ESMC_LOGMSG_TRACE,


/work/noaa/da/mpotts/sandbox/pgi_2019_openmpi_O_develop/esmf/src/Infrastructure/LogErr/src/ESMCI_LogErr.C: [ ESMCI::LogErr::MsgFoundError() ]
      ...
      583 {
      584     bool result=false;
      585 #ifdef ESMC_SUCCESSDEFAULT_ON
==>   586     if (rcToReturn != ESMC_NULL_POINTER) *rcToReturn=ESMF_SUCCESS;
      587 #endif
      588     if (trace) {
      589         Write(ESMC_METHOD,ESMC_LOGMSG_TRACE,


/work/noaa/da/mpotts/sandbox/pgi_2019_openmpi_O_develop/esmf/src/Infrastructure/LogErr/src/ESMCI_LogErr.C: [ ESMCI::LogErr::MsgFoundError() ]
      ...

      583 {
      584     bool result=false;
      585 #ifdef ESMC_SUCCESSDEFAULT_ON
==>   586     if (rcToReturn != ESMC_NULL_POINTER) *rcToReturn=ESMF_SUCCESS;
      587 #endif
      588     if (trace) {
/work/noaa/da/mpotts/sandbox/pgi_2019_openmpi_O_develop/esmf/src/Infrastructure/LogErr/src/ESMCI_LogErr.C: [ ESMCI::LogErr::MsgFoundError() ]
      ...
      589         Write(ESMC_METHOD,ESMC_LOGMSG_TRACE,

      583 {
      584     bool result=false;
      585 #ifdef ESMC_SUCCESSDEFAULT_ON
==>   586     if (rcToReturn != ESMC_NULL_POINTER) *rcToReturn=ESMF_SUCCESS;
      587 #endif
      588     if (trace) {
      589         Write(ESMC_METHOD,ESMC_LOGMSG_TRACE,

==== backtrace (tid:  99778) ====
 0 0x000000000072a903 ESMCI::LogErr::MsgFoundError()  /work/noaa/da/mpotts/sandbox/pgi_2019_openmpi_O_develop/esmf/src/Infrastructure/LogErr/src/ESMCI_LogErr.C:586
 1 0x0000000000882b01 c_esmc_meshcreatenodedistgrid_()  /work/noaa/da/mpotts/sandbox/pgi_2019_openmpi_O_develop/esmf/src/Infrastructure/Mesh/interface/ESMCI_Mesh_F.C:248
 2 0x0000000000f945ac esmf_meshmod_esmf_meshcreatefrompointer_()  /work/noaa/da/mpotts/sandbox/pgi_2019_openmpi_O_develop/esmf/src/Infrastructure/Mesh/interface/ESMF_Mesh.F90:3091
 3 0x0000000000e75d72 esmf_gridutilmod_esmf_gridtomesh_()  /work/noaa/da/mpotts/sandbox/pgi_2019_openmpi_O_develop/esmf/src/Infrastructure/GridUtil/interface/ESMF_GridUtil.F90:453
 4 0x0000000000d9a146 esmf_fieldregridmod_b_or_p_gridtomesh_()  /work/noaa/da/mpotts/sandbox/pgi_2019_openmpi_O_develop/esmf/src/Infrastructure/Field/src/ESMF_FieldRegrid.F90:3228
 5 0x0000000000d97654 esmf_fieldregridmod_getmeshwithnodesonfieldloc_()  /work/noaa/da/mpotts/sandbox/pgi_2019_openmpi_O_develop/esmf/src/Infrastructure/Field/src/ESMF_FieldRegrid.F90:1346
 6 0x0000000000d95bb3 esmf_fieldregridmod_esmf_fieldregridstorenx_()  /work/noaa/da/mpotts/sandbox/pgi_2019_openmpi_O_develop/esmf/src/Infrastructure/Field/src/ESMF_FieldRegrid.F90:971
 7 0x0000000001226067 nuopc_connector_fieldbundlecplstore_()  /work/noaa/da/mpotts/sandbox/pgi_2019_openmpi_O_develop/esmf/src/addon/NUOPC/src/NUOPC_Connector.F90:7919
 8 0x000000000120d4c4 nuopc_connector_initializeipdv05p6b_()  /work/noaa/da/mpotts/sandbox/pgi_2019_openmpi_O_develop/esmf/src/addon/NUOPC/src/NUOPC_Connector.F90:5386
 9 0x000000000064f5a7 ESMCI::FTable::callVFuncPtr()  /work/noaa/da/mpotts/sandbox/pgi_2019_openmpi_O_develop/esmf/src/Superstructure/Component/src/ESMCI_FTable.C:2167
10 0x000000000064d7aa ESMCI_FTableCallEntryPointVMHop()  /work/noaa/da/mpotts/sandbox/pgi_2019_openmpi_O_develop/esmf/src/Superstructure/Component/src/ESMCI_FTable.C:824
11 0x0000000000a34aa8 ESMCI::VM::enter()  /work/noaa/da/mpotts/sandbox/pgi_2019_openmpi_O_develop/esmf/src/Infrastructure/VM/src/ESMCI_VM.C:1216
12 0x000000000064db87 c_esmc_ftablecallentrypointvm_()  /work/noaa/da/mpotts/sandbox/pgi_2019_openmpi_O_develop/esmf/src/Superstructure/Component/src/ESMCI_FTable.C:981
13 0x0000000000c07f9d esmf_compmod_esmf_compexecute_()  /work/noaa/da/mpotts/sandbox/pgi_2019_openmpi_O_develop/esmf/src/Superstructure/Component/src/ESMF_Comp.F90:1223
14 0x0000000000c18841 esmf_cplcompmod_esmf_cplcompinitialize_()  /work/noaa/da/mpotts/sandbox/pgi_2019_openmpi_O_develop/esmf/src/Superstructure/Component/src/ESMF_CplComp.F90:1165
15 0x0000000001245bf4 nuopc_driver_loopconnectorcompss_()  /work/noaa/da/mpotts/sandbox/pgi_2019_openmpi_O_develop/esmf/src/addon/NUOPC/src/NUOPC_Driver.F90:2869
16 0x000000000123d111 nuopc_driver_initializeipdv02p3_()  /work/noaa/da/mpotts/sandbox/pgi_2019_openmpi_O_develop/esmf/src/addon/NUOPC/src/NUOPC_Driver.F90:2020
17 0x000000000122cc3a nuopc_driver_initializegeneric_()  /work/noaa/da/mpotts/sandbox/pgi_2019_openmpi_O_develop/esmf/src/addon/NUOPC/src/NUOPC_Driver.F90:479
18 0x000000000064f5a7 ESMCI::FTable::callVFuncPtr()  /work/noaa/da/mpotts/sandbox/pgi_2019_openmpi_O_develop/esmf/src/Superstructure/Component/src/ESMCI_FTable.C:2167
19 0x000000000064d7aa ESMCI_FTableCallEntryPointVMHop()  /work/noaa/da/mpotts/sandbox/pgi_2019_openmpi_O_develop/esmf/src/Superstructure/Component/src/ESMCI_FTable.C:824
20 0x0000000000a34aa8 ESMCI::VM::enter()  /work/noaa/da/mpotts/sandbox/pgi_2019_openmpi_O_develop/esmf/src/Infrastructure/VM/src/ESMCI_VM.C:1216
21 0x000000000064db87 c_esmc_ftablecallentrypointvm_()  /work/noaa/da/mpotts/sandbox/pgi_2019_openmpi_O_develop/esmf/src/Superstructure/Component/src/ESMCI_FTable.C:981
22 0x0000000000c07f9d esmf_compmod_esmf_compexecute_()  /work/noaa/da/mpotts/sandbox/pgi_2019_openmpi_O_develop/esmf/src/Superstructure/Component/src/ESMF_Comp.F90:1223
23 0x0000000000ddbff1 esmf_gridcompmod_esmf_gridcompinitialize_()  /work/noaa/da/mpotts/sandbox/pgi_2019_openmpi_O_develop/esmf/src/Superstructure/Component/src/ESMF_GridComp.F90:1412
24 0x00000000004064e8 MAIN_()  /work/noaa/da/mpotts/sandbox/pgi_2019_openmpi_O_develop/nuopc-app-prototypes/AtmOcnCplListProto/esmApp.F90:57
25 0x0000000000406163 main()  ???:0
26 0x0000000000022495 __libc_start_main()  ???:0
27 0x0000000000406069 _start()  ???:0
=================================
[Orion-01-46:99778] *** Process received signal ***
[Orion-01-46:99778] Signal: Segmentation fault (11)
[Orion-01-46:99778] Signal code:  (-6)
[Orion-01-46:99778] Failing at address: 0x20e5000185c2
[Orion-01-46:99778] [ 0] /lib64/libpthread.so.0(+0xf5d0)[0x7f425fd865d0]
[Orion-01-46:99778] [ 1] /work/noaa/da/mpotts/sandbox/pgi_2019_openmpi_O_develop/esmf/DEFAULTINSTALLDIR/lib/libO/Linux.pgi.64.openmpi.default/libesmf.so(_ZN5ESMCI6LogErr13MsgFoundErrorEiPKciS2_S2_Pi+0x33)[0x7f425e52b903]
[Orion-01-46:99778] [ 2] /work/noaa/da/mpotts/sandbox/pgi_2019_openmpi_O_develop/esmf/DEFAULTINSTALLDIR/lib/libO/Linux.pgi.64.openmpi.default/libesmf.so(c_esmc_meshcreatenodedistgrid_+0xa1)[0x7f425e683b01]
[Orion-01-46:99778] [ 3] /work/noaa/da/mpotts/sandbox/pgi_2019_openmpi_O_develop/esmf/DEFAULTINSTALLDIR/lib/libO/Linux.pgi.64.openmpi.default/libesmf.so(esmf_meshmod_esmf_meshcreatefrompointer_+0x4c)[0x7f425ed955ac]
[Orion-01-46:99778] [ 4] /work/noaa/da/mpotts/sandbox/pgi_2019_openmpi_O_develop/esmf/DEFAULTINSTALLDIR/lib/libO/Linux.pgi.64.openmpi.default/libesmf.so(esmf_gridutilmod_esmf_gridtomesh_+0x352)[0x7f425ec76d72]
[Orion-01-46:99778] [ 5] /work/noaa/da/mpotts/sandbox/pgi_2019_openmpi_O_develop/esmf/DEFAULTINSTALLDIR/lib/libO/Linux.pgi.64.openmpi.default/libesmf.so(esmf_fieldregridmod_b_or_p_gridtomesh_+0x156)[0x7f425eb9b146]
[Orion-01-46:99778] [ 6] /work/noaa/da/mpotts/sandbox/pgi_2019_openmpi_O_develop/esmf/DEFAULTINSTALLDIR/lib/libO/Linux.pgi.64.openmpi.default/libesmf.so(esmf_fieldregridmod_getmeshwithnodesonfieldloc_+0x394)[0x7f425eb98654]
[Orion-01-46:99778] [ 7] /work/noaa/da/mpotts/sandbox/pgi_2019_openmpi_O_develop/esmf/DEFAULTINSTALLDIR/lib/libO/Linux.pgi.64.openmpi.default/libesmf.so(esmf_fieldregridmod_esmf_fieldregridstorenx_+0x9c3)[0x7f425eb96bb3]
[Orion-01-46:99778] [ 8] /work/noaa/da/mpotts/sandbox/pgi_2019_openmpi_O_develop/esmf/DEFAULTINSTALLDIR/lib/libO/Linux.pgi.64.openmpi.default/libesmf.so(nuopc_connector_fieldbundlecplstore_+0xbc87)[0x7f425f027067]
[Orion-01-46:99778] [ 9] /work/noaa/da/mpotts/sandbox/pgi_2019_openmpi_O_develop/esmf/DEFAULTINSTALLDIR/lib/libO/Linux.pgi.64.openmpi.default/libesmf.so(nuopc_connector_initializeipdv05p6b_+0x4f74)[0x7f425f00e4c4]
[Orion-01-46:99778] [10] /work/noaa/da/mpotts/sandbox/pgi_2019_openmpi_O_develop/esmf/DEFAULTINSTALLDIR/lib/libO/Linux.pgi.64.openmpi.default/libesmf.so(_ZN5ESMCI6FTable12callVFuncPtrEPKcPNS_2VMEPi+0x417)[0x7f425e4505a7]
[Orion-01-46:99778] [11] /work/noaa/da/mpotts/sandbox/pgi_2019_openmpi_O_develop/esmf/DEFAULTINSTALLDIR/lib/libO/Linux.pgi.64.openmpi.default/libesmf.so(ESMCI_FTableCallEntryPointVMHop+0x1ea)[0x7f425e44e7aa]
[Orion-01-46:99778] [12] /work/noaa/da/mpotts/sandbox/pgi_2019_openmpi_O_develop/esmf/DEFAULTINSTALLDIR/lib/libO/Linux.pgi.64.openmpi.default/libesmf.so(_ZN5ESMCI2VM5enterEPNS_6VMPlanEPvS3_+0x18)[0x7f425e835aa8]
[Orion-01-46:99778] [13] /work/noaa/da/mpotts/sandbox/pgi_2019_openmpi_O_develop/esmf/DEFAULTINSTALLDIR/lib/libO/Linux.pgi.64.openmpi.default/libesmf.so(c_esmc_ftablecallentrypointvm_+0x337)[0x7f425e44eb87]
[Orion-01-46:99778] [14] /work/noaa/da/mpotts/sandbox/pgi_2019_openmpi_O_develop/esmf/DEFAULTINSTALLDIR/lib/libO/Linux.pgi.64.openmpi.default/libesmf.so(esmf_compmod_esmf_compexecute_+0x7ed)[0x7f425ea08f9d]
[Orion-01-46:99778] [15] /work/noaa/da/mpotts/sandbox/pgi_2019_openmpi_O_develop/esmf/DEFAULTINSTALLDIR/lib/libO/Linux.pgi.64.openmpi.default/libesmf.so(esmf_cplcompmod_esmf_cplcompinitialize_+0x161)[0x7f425ea19841]
[Orion-01-46:99778] [16] /work/noaa/da/mpotts/sandbox/pgi_2019_openmpi_O_develop/esmf/DEFAULTINSTALLDIR/lib/libO/Linux.pgi.64.openmpi.default/libesmf.so(nuopc_driver_loopconnectorcompss_+0xeb4)[0x7f425f046bf4]
[Orion-01-46:99778] [17] /work/noaa/da/mpotts/sandbox/pgi_2019_openmpi_O_develop/esmf/DEFAULTINSTALLDIR/lib/libO/Linux.pgi.64.openmpi.default/libesmf.so(nuopc_driver_initializeipdv02p3_+0x20f1)[0x7f425f03e111]
[Orion-01-46:99778] [18] /work/noaa/da/mpotts/sandbox/pgi_2019_openmpi_O_develop/esmf/DEFAULTINSTALLDIR/lib/libO/Linux.pgi.64.openmpi.default/libesmf.so(nuopc_driver_initializegeneric_+0x62a)[0x7f425f02dc3a]
[Orion-01-46:99778] [19] /work/noaa/da/mpotts/sandbox/pgi_2019_openmpi_O_develop/esmf/DEFAULTINSTALLDIR/lib/libO/Linux.pgi.64.openmpi.default/libesmf.so(_ZN5ESMCI6FTable12callVFuncPtrEPKcPNS_2VMEPi+0x417)[0x7f425e4505a7]
[Orion-01-46:99778] [20] /work/noaa/da/mpotts/sandbox/pgi_2019_openmpi_O_develop/esmf/DEFAULTINSTALLDIR/lib/libO/Linux.pgi.64.openmpi.default/libesmf.so(ESMCI_FTableCallEntryPointVMHop+0x1ea)[0x7f425e44e7aa]
[Orion-01-46:99778] [21] /work/noaa/da/mpotts/sandbox/pgi_2019_openmpi_O_develop/esmf/DEFAULTINSTALLDIR/lib/libO/Linux.pgi.64.openmpi.default/libesmf.so(_ZN5ESMCI2VM5enterEPNS_6VMPlanEPvS3_+0x18)[0x7f425e835aa8]
[Orion-01-46:99778] [22] /work/noaa/da/mpotts/sandbox/pgi_2019_openmpi_O_develop/esmf/DEFAULTINSTALLDIR/lib/libO/Linux.pgi.64.openmpi.default/libesmf.so(c_esmc_ftablecallentrypointvm_+0x337)[0x7f425e44eb87]
[Orion-01-46:99778] [23] /work/noaa/da/mpotts/sandbox/pgi_2019_openmpi_O_develop/esmf/DEFAULTINSTALLDIR/lib/libO/Linux.pgi.64.openmpi.default/libesmf.so(esmf_compmod_esmf_compexecute_+0x7ed)[0x7f425ea08f9d]
[Orion-01-46:99778] [24] /work/noaa/da/mpotts/sandbox/pgi_2019_openmpi_O_develop/esmf/DEFAULTINSTALLDIR/lib/libO/Linux.pgi.64.openmpi.default/libesmf.so(esmf_gridcompmod_esmf_gridcompinitialize_+0x161)[0x7f425ebdcff1]
[Orion-01-46:99778] [25] /work/noaa/da/mpotts/sandbox/pgi_2019_openmpi_O_develop/nuopc-app-prototypes/AtmOcnCplListProto/./esmApp[0x4064e8]
[Orion-01-46:99778] [26] /work/noaa/da/mpotts/sandbox/pgi_2019_openmpi_O_develop/nuopc-app-prototypes/AtmOcnCplListProto/./esmApp[0x406163]
[Orion-01-46:99778] [27] /lib64/libc.so.6(__libc_start_main+0xf5)[0x7f425a24e495]
[Orion-01-46:99778] [28] /work/noaa/da/mpotts/sandbox/pgi_2019_openmpi_O_develop/nuopc-app-prototypes/AtmOcnCplListProto/./esmApp[0x406069]
[Orion-01-46:99778] *** End of error message ***
==== backtrace (tid:  99776) ====
 0 0x000000000072a903 ESMCI::LogErr::MsgFoundError()  /work/noaa/da/mpotts/sandbox/pgi_2019_openmpi_O_develop/esmf/src/Infrastructure/LogErr/src/ESMCI_LogErr.C:586
 1 0x0000000000882b01 c_esmc_meshcreatenodedistgrid_()  /work/noaa/da/mpotts/sandbox/pgi_2019_openmpi_O_develop/esmf/src/Infrastructure/Mesh/interface/ESMCI_Mesh_F.C:248
 2 0x0000000000f945ac esmf_meshmod_esmf_meshcreatefrompointer_()  /work/noaa/da/mpotts/sandbox/pgi_2019_openmpi_O_develop/esmf/src/Infrastructure/Mesh/interface/ESMF_Mesh.F90:3091
 3 0x0000000000e75d72 esmf_gridutilmod_esmf_gridtomesh_()  /work/noaa/da/mpotts/sandbox/pgi_2019_openmpi_O_develop/esmf/src/Infrastructure/GridUtil/interface/ESMF_GridUtil.F90:453
 4 0x0000000000d9a146 esmf_fieldregridmod_b_or_p_gridtomesh_()  /work/noaa/da/mpotts/sandbox/pgi_2019_openmpi_O_develop/esmf/src/Infrastructure/Field/src/ESMF_FieldRegrid.F90:3228
 5 0x0000000000d97654 esmf_fieldregridmod_getmeshwithnodesonfieldloc_()  /work/noaa/da/mpotts/sandbox/pgi_2019_openmpi_O_develop/esmf/src/Infrastructure/Field/src/ESMF_FieldRegrid.F90:1346
 6 0x0000000000d95bb3 esmf_fieldregridmod_esmf_fieldregridstorenx_()  /work/noaa/da/mpotts/sandbox/pgi_2019_openmpi_O_develop/esmf/src/Infrastructure/Field/src/ESMF_FieldRegrid.F90:971
 7 0x0000000001226067 nuopc_connector_fieldbundlecplstore_()  /work/noaa/da/mpotts/sandbox/pgi_2019_openmpi_O_develop/esmf/src/addon/NUOPC/src/NUOPC_Connector.F90:7919
 8 0x000000000120d4c4 nuopc_connector_initializeipdv05p6b_()  /work/noaa/da/mpotts/sandbox/pgi_2019_openmpi_O_develop/esmf/src/addon/NUOPC/src/NUOPC_Connector.F90:5386
 9 0x000000000064f5a7 ESMCI::FTable::callVFuncPtr()  /work/noaa/da/mpotts/sandbox/pgi_2019_openmpi_O_develop/esmf/src/Superstructure/Component/src/ESMCI_FTable.C:2167
10 0x000000000064d7aa ESMCI_FTableCallEntryPointVMHop()  /work/noaa/da/mpotts/sandbox/pgi_2019_openmpi_O_develop/esmf/src/Superstructure/Component/src/ESMCI_FTable.C:824
11 0x0000000000a34aa8 ESMCI::VM::enter()  /work/noaa/da/mpotts/sandbox/pgi_2019_openmpi_O_develop/esmf/src/Infrastructure/VM/src/ESMCI_VM.C:1216
12 0x000000000064db87 c_esmc_ftablecallentrypointvm_()  /work/noaa/da/mpotts/sandbox/pgi_2019_openmpi_O_develop/esmf/src/Superstructure/Component/src/ESMCI_FTable.C:981
13 0x0000000000c07f9d esmf_compmod_esmf_compexecute_()  /work/noaa/da/mpotts/sandbox/pgi_2019_openmpi_O_develop/esmf/src/Superstructure/Component/src/ESMF_Comp.F90:1223
14 0x0000000000c18841 esmf_cplcompmod_esmf_cplcompinitialize_()  /work/noaa/da/mpotts/sandbox/pgi_2019_openmpi_O_develop/esmf/src/Superstructure/Component/src/ESMF_CplComp.F90:1165
15 0x0000000001245bf4 nuopc_driver_loopconnectorcompss_()  /work/noaa/da/mpotts/sandbox/pgi_2019_openmpi_O_develop/esmf/src/addon/NUOPC/src/NUOPC_Driver.F90:2869
16 0x000000000123d111 nuopc_driver_initializeipdv02p3_()  /work/noaa/da/mpotts/sandbox/pgi_2019_openmpi_O_develop/esmf/src/addon/NUOPC/src/NUOPC_Driver.F90:2020
17 0x000000000122cc3a nuopc_driver_initializegeneric_()  /work/noaa/da/mpotts/sandbox/pgi_2019_openmpi_O_develop/esmf/src/addon/NUOPC/src/NUOPC_Driver.F90:479
18 0x000000000064f5a7 ESMCI::FTable::callVFuncPtr()  /work/noaa/da/mpotts/sandbox/pgi_2019_openmpi_O_develop/esmf/src/Superstructure/Component/src/ESMCI_FTable.C:2167
19 0x000000000064d7aa ESMCI_FTableCallEntryPointVMHop()  /work/noaa/da/mpotts/sandbox/pgi_2019_openmpi_O_develop/esmf/src/Superstructure/Component/src/ESMCI_FTable.C:824
20 0x0000000000a34aa8 ESMCI::VM::enter()  /work/noaa/da/mpotts/sandbox/pgi_2019_openmpi_O_develop/esmf/src/Infrastructure/VM/src/ESMCI_VM.C:1216
21 0x000000000064db87 c_esmc_ftablecallentrypointvm_()  /work/noaa/da/mpotts/sandbox/pgi_2019_openmpi_O_develop/esmf/src/Superstructure/Component/src/ESMCI_FTable.C:981
22 0x0000000000c07f9d esmf_compmod_esmf_compexecute_()  /work/noaa/da/mpotts/sandbox/pgi_2019_openmpi_O_develop/esmf/src/Superstructure/Component/src/ESMF_Comp.F90:1223
23 0x0000000000ddbff1 esmf_gridcompmod_esmf_gridcompinitialize_()  /work/noaa/da/mpotts/sandbox/pgi_2019_openmpi_O_develop/esmf/src/Superstructure/Component/src/ESMF_GridComp.F90:1412
24 0x00000000004064e8 MAIN_()  /work/noaa/da/mpotts/sandbox/pgi_2019_openmpi_O_develop/nuopc-app-prototypes/AtmOcnCplListProto/esmApp.F90:57
25 0x0000000000406163 main()  ???:0
26 0x0000000000022495 __libc_start_main()  ???:0
27 0x0000000000406069 _start()  ???:0
=================================
[Orion-01-46:99776] *** Process received signal ***
[Orion-01-46:99776] Signal: Segmentation fault (11)
[Orion-01-46:99776] Signal code:  (-6)
[Orion-01-46:99776] Failing at address: 0x20e5000185c0
[Orion-01-46:99776] [ 0] /lib64/libpthread.so.0(+0xf5d0)[0x7fe983fe35d0]
[Orion-01-46:99776] [ 1] /work/noaa/da/mpotts/sandbox/pgi_2019_openmpi_O_develop/esmf/DEFAULTINSTALLDIR/lib/libO/Linux.pgi.64.openmpi.default/libesmf.so(_ZN5ESMCI6LogErr13MsgFoundErrorEiPKciS2_S2_Pi+0x33)[0x7fe982788903]
[Orion-01-46:99776] [ 2] /work/noaa/da/mpotts/sandbox/pgi_2019_openmpi_O_develop/esmf/DEFAULTINSTALLDIR/lib/libO/Linux.pgi.64.openmpi.default/libesmf.so(c_esmc_meshcreatenodedistgrid_+0xa1)[0x7fe9828e0b01]
[Orion-01-46:99776] [ 3] /work/noaa/da/mpotts/sandbox/pgi_2019_openmpi_O_develop/esmf/DEFAULTINSTALLDIR/lib/libO/Linux.pgi.64.openmpi.default/libesmf.so(esmf_meshmod_esmf_meshcreatefrompointer_+0x4c)[0x7fe982ff25ac]
[Orion-01-46:99776] [ 4] /work/noaa/da/mpotts/sandbox/pgi_2019_openmpi_O_develop/esmf/DEFAULTINSTALLDIR/lib/libO/Linux.pgi.64.openmpi.default/libesmf.so(esmf_gridutilmod_esmf_gridtomesh_+0x352)[0x7fe982ed3d72]
[Orion-01-46:99776] [ 5] /work/noaa/da/mpotts/sandbox/pgi_2019_openmpi_O_develop/esmf/DEFAULTINSTALLDIR/lib/libO/Linux.pgi.64.openmpi.default/libesmf.so(esmf_fieldregridmod_b_or_p_gridtomesh_+0x156)[0x7fe982df8146]
[Orion-01-46:99776] [ 6] /work/noaa/da/mpotts/sandbox/pgi_2019_openmpi_O_develop/esmf/DEFAULTINSTALLDIR/lib/libO/Linux.pgi.64.openmpi.default/libesmf.so(esmf_fieldregridmod_getmeshwithnodesonfieldloc_+0x394)[0x7fe982df5654]
[Orion-01-46:99776] [ 7] /work/noaa/da/mpotts/sandbox/pgi_2019_openmpi_O_develop/esmf/DEFAULTINSTALLDIR/lib/libO/Linux.pgi.64.openmpi.default/libesmf.so(esmf_fieldregridmod_esmf_fieldregridstorenx_+0x9c3)[0x7fe982df3bb3]
[Orion-01-46:99776] [ 8] /work/noaa/da/mpotts/sandbox/pgi_2019_openmpi_O_develop/esmf/DEFAULTINSTALLDIR/lib/libO/Linux.pgi.64.openmpi.default/libesmf.so(nuopc_connector_fieldbundlecplstore_+0xbc87)[0x7fe983284067]
[Orion-01-46:99776] [ 9] /work/noaa/da/mpotts/sandbox/pgi_2019_openmpi_O_develop/esmf/DEFAULTINSTALLDIR/lib/libO/Linux.pgi.64.openmpi.default/libesmf.so(nuopc_connector_initializeipdv05p6b_+0x4f74)[0x7fe98326b4c4]
[Orion-01-46:99776] [10] /work/noaa/da/mpotts/sandbox/pgi_2019_openmpi_O_develop/esmf/DEFAULTINSTALLDIR/lib/libO/Linux.pgi.64.openmpi.default/libesmf.so(_ZN5ESMCI6FTable12callVFuncPtrEPKcPNS_2VMEPi+0x417)[0x7fe9826ad5a7]
[Orion-01-46:99776] [11] /work/noaa/da/mpotts/sandbox/pgi_2019_openmpi_O_develop/esmf/DEFAULTINSTALLDIR/lib/libO/Linux.pgi.64.openmpi.default/libesmf.so(ESMCI_FTableCallEntryPointVMHop+0x1ea)[0x7fe9826ab7aa]
[Orion-01-46:99776] [12] /work/noaa/da/mpotts/sandbox/pgi_2019_openmpi_O_develop/esmf/DEFAULTINSTALLDIR/lib/libO/Linux.pgi.64.openmpi.default/libesmf.so(_ZN5ESMCI2VM5enterEPNS_6VMPlanEPvS3_+0x18)[0x7fe982a92aa8]
[Orion-01-46:99776] [13] /work/noaa/da/mpotts/sandbox/pgi_2019_openmpi_O_develop/esmf/DEFAULTINSTALLDIR/lib/libO/Linux.pgi.64.openmpi.default/libesmf.so(c_esmc_ftablecallentrypointvm_+0x337)[0x7fe9826abb87]
[Orion-01-46:99776] [14] /work/noaa/da/mpotts/sandbox/pgi_2019_openmpi_O_develop/esmf/DEFAULTINSTALLDIR/lib/libO/Linux.pgi.64.openmpi.default/libesmf.so(esmf_compmod_esmf_compexecute_+0x7ed)[0x7fe982c65f9d]
[Orion-01-46:99776] [15] /work/noaa/da/mpotts/sandbox/pgi_2019_openmpi_O_develop/esmf/DEFAULTINSTALLDIR/lib/libO/Linux.pgi.64.openmpi.default/libesmf.so(esmf_cplcompmod_esmf_cplcompinitialize_+0x161)[0x7fe982c76841]
[Orion-01-46:99776] [16] /work/noaa/da/mpotts/sandbox/pgi_2019_openmpi_O_develop/esmf/DEFAULTINSTALLDIR/lib/libO/Linux.pgi.64.openmpi.default/libesmf.so(nuopc_driver_loopconnectorcompss_+0xeb4)[0x7fe9832a3bf4]
[Orion-01-46:99776] [17] /work/noaa/da/mpotts/sandbox/pgi_2019_openmpi_O_develop/esmf/DEFAULTINSTALLDIR/lib/libO/Linux.pgi.64.openmpi.default/libesmf.so(nuopc_driver_initializeipdv02p3_+0x20f1)[0x7fe98329b111]
[Orion-01-46:99776] [18] /work/noaa/da/mpotts/sandbox/pgi_2019_openmpi_O_develop/esmf/DEFAULTINSTALLDIR/lib/libO/Linux.pgi.64.openmpi.default/libesmf.so(nuopc_driver_initializegeneric_+0x62a)[0x7fe98328ac3a]
[Orion-01-46:99776] [19] /work/noaa/da/mpotts/sandbox/pgi_2019_openmpi_O_develop/esmf/DEFAULTINSTALLDIR/lib/libO/Linux.pgi.64.openmpi.default/libesmf.so(_ZN5ESMCI6FTable12callVFuncPtrEPKcPNS_2VMEPi+0x417)[0x7fe9826ad5a7]
[Orion-01-46:99776] [20] /work/noaa/da/mpotts/sandbox/pgi_2019_openmpi_O_develop/esmf/DEFAULTINSTALLDIR/lib/libO/Linux.pgi.64.openmpi.default/libesmf.so(ESMCI_FTableCallEntryPointVMHop+0x1ea)[0x7fe9826ab7aa]
[Orion-01-46:99776] [21] /work/noaa/da/mpotts/sandbox/pgi_2019_openmpi_O_develop/esmf/DEFAULTINSTALLDIR/lib/libO/Linux.pgi.64.openmpi.default/libesmf.so(_ZN5ESMCI2VM5enterEPNS_6VMPlanEPvS3_+0x18)[0x7fe982a92aa8]
[Orion-01-46:99776] [22] /work/noaa/da/mpotts/sandbox/pgi_2019_openmpi_O_develop/esmf/DEFAULTINSTALLDIR/lib/libO/Linux.pgi.64.openmpi.default/libesmf.so(c_esmc_ftablecallentrypointvm_+0x337)[0x7fe9826abb87]
[Orion-01-46:99776] [23] /work/noaa/da/mpotts/sandbox/pgi_2019_openmpi_O_develop/esmf/DEFAULTINSTALLDIR/lib/libO/Linux.pgi.64.openmpi.default/libesmf.so(esmf_compmod_esmf_compexecute_+0x7ed)[0x7fe982c65f9d]
[Orion-01-46:99776] [24] /work/noaa/da/mpotts/sandbox/pgi_2019_openmpi_O_develop/esmf/DEFAULTINSTALLDIR/lib/libO/Linux.pgi.64.openmpi.default/libesmf.so(esmf_gridcompmod_esmf_gridcompinitialize_+0x161)[0x7fe982e39ff1]
[Orion-01-46:99776] [25] /work/noaa/da/mpotts/sandbox/pgi_2019_openmpi_O_develop/nuopc-app-prototypes/AtmOcnCplListProto/./esmApp[0x4064e8]
[Orion-01-46:99776] [26] /work/noaa/da/mpotts/sandbox/pgi_2019_openmpi_O_develop/nuopc-app-prototypes/AtmOcnCplListProto/./esmApp[0x406163]
[Orion-01-46:99776] [27] /lib64/libc.so.6(__libc_start_main+0xf5)[0x7fe97e4ab495]
[Orion-01-46:99776] [28] /work/noaa/da/mpotts/sandbox/pgi_2019_openmpi_O_develop/nuopc-app-prototypes/AtmOcnCplListProto/./esmApp[0x406069]
[Orion-01-46:99776] *** End of error message ***
==== backtrace (tid:  99777) ====
 0 0x000000000072a903 ESMCI::LogErr::MsgFoundError()  /work/noaa/da/mpotts/sandbox/pgi_2019_openmpi_O_develop/esmf/src/Infrastructure/LogErr/src/ESMCI_LogErr.C:586
 1 0x0000000000882b01 c_esmc_meshcreatenodedistgrid_()  /work/noaa/da/mpotts/sandbox/pgi_2019_openmpi_O_develop/esmf/src/Infrastructure/Mesh/interface/ESMCI_Mesh_F.C:248
 2 0x0000000000f945ac esmf_meshmod_esmf_meshcreatefrompointer_()  /work/noaa/da/mpotts/sandbox/pgi_2019_openmpi_O_develop/esmf/src/Infrastructure/Mesh/interface/ESMF_Mesh.F90:3091
 3 0x0000000000e75d72 esmf_gridutilmod_esmf_gridtomesh_()  /work/noaa/da/mpotts/sandbox/pgi_2019_openmpi_O_develop/esmf/src/Infrastructure/GridUtil/interface/ESMF_GridUtil.F90:453
 4 0x0000000000d9a146 esmf_fieldregridmod_b_or_p_gridtomesh_()  /work/noaa/da/mpotts/sandbox/pgi_2019_openmpi_O_develop/esmf/src/Infrastructure/Field/src/ESMF_FieldRegrid.F90:3228
 5 0x0000000000d97654 esmf_fieldregridmod_getmeshwithnodesonfieldloc_()  /work/noaa/da/mpotts/sandbox/pgi_2019_openmpi_O_develop/esmf/src/Infrastructure/Field/src/ESMF_FieldRegrid.F90:1346
 6 0x0000000000d95bb3 esmf_fieldregridmod_esmf_fieldregridstorenx_()  /work/noaa/da/mpotts/sandbox/pgi_2019_openmpi_O_develop/esmf/src/Infrastructure/Field/src/ESMF_FieldRegrid.F90:971
 7 0x0000000001226067 nuopc_connector_fieldbundlecplstore_()  /work/noaa/da/mpotts/sandbox/pgi_2019_openmpi_O_develop/esmf/src/addon/NUOPC/src/NUOPC_Connector.F90:7919
 8 0x000000000120d4c4 nuopc_connector_initializeipdv05p6b_()  /work/noaa/da/mpotts/sandbox/pgi_2019_openmpi_O_develop/esmf/src/addon/NUOPC/src/NUOPC_Connector.F90:5386
 9 0x000000000064f5a7 ESMCI::FTable::callVFuncPtr()  /work/noaa/da/mpotts/sandbox/pgi_2019_openmpi_O_develop/esmf/src/Superstructure/Component/src/ESMCI_FTable.C:2167
10 0x000000000064d7aa ESMCI_FTableCallEntryPointVMHop()  /work/noaa/da/mpotts/sandbox/pgi_2019_openmpi_O_develop/esmf/src/Superstructure/Component/src/ESMCI_FTable.C:824
11 0x0000000000a34aa8 ESMCI::VM::enter()  /work/noaa/da/mpotts/sandbox/pgi_2019_openmpi_O_develop/esmf/src/Infrastructure/VM/src/ESMCI_VM.C:1216
12 0x000000000064db87 c_esmc_ftablecallentrypointvm_()  /work/noaa/da/mpotts/sandbox/pgi_2019_openmpi_O_develop/esmf/src/Superstructure/Component/src/ESMCI_FTable.C:981
13 0x0000000000c07f9d esmf_compmod_esmf_compexecute_()  /work/noaa/da/mpotts/sandbox/pgi_2019_openmpi_O_develop/esmf/src/Superstructure/Component/src/ESMF_Comp.F90:1223
14 0x0000000000c18841 esmf_cplcompmod_esmf_cplcompinitialize_()  /work/noaa/da/mpotts/sandbox/pgi_2019_openmpi_O_develop/esmf/src/Superstructure/Component/src/ESMF_CplComp.F90:1165
15 0x0000000001245bf4 nuopc_driver_loopconnectorcompss_()  /work/noaa/da/mpotts/sandbox/pgi_2019_openmpi_O_develop/esmf/src/addon/NUOPC/src/NUOPC_Driver.F90:2869
16 0x000000000123d111 nuopc_driver_initializeipdv02p3_()  /work/noaa/da/mpotts/sandbox/pgi_2019_openmpi_O_develop/esmf/src/addon/NUOPC/src/NUOPC_Driver.F90:2020
17 0x000000000122cc3a nuopc_driver_initializegeneric_()  /work/noaa/da/mpotts/sandbox/pgi_2019_openmpi_O_develop/esmf/src/addon/NUOPC/src/NUOPC_Driver.F90:479
18 0x000000000064f5a7 ESMCI::FTable::callVFuncPtr()  /work/noaa/da/mpotts/sandbox/pgi_2019_openmpi_O_develop/esmf/src/Superstructure/Component/src/ESMCI_FTable.C:2167
19 0x000000000064d7aa ESMCI_FTableCallEntryPointVMHop()  /work/noaa/da/mpotts/sandbox/pgi_2019_openmpi_O_develop/esmf/src/Superstructure/Component/src/ESMCI_FTable.C:824
20 0x0000000000a34aa8 ESMCI::VM::enter()  /work/noaa/da/mpotts/sandbox/pgi_2019_openmpi_O_develop/esmf/src/Infrastructure/VM/src/ESMCI_VM.C:1216
21 0x000000000064db87 c_esmc_ftablecallentrypointvm_()  /work/noaa/da/mpotts/sandbox/pgi_2019_openmpi_O_develop/esmf/src/Superstructure/Component/src/ESMCI_FTable.C:981
22 0x0000000000c07f9d esmf_compmod_esmf_compexecute_()  /work/noaa/da/mpotts/sandbox/pgi_2019_openmpi_O_develop/esmf/src/Superstructure/Component/src/ESMF_Comp.F90:1223
23 0x0000000000ddbff1 esmf_gridcompmod_esmf_gridcompinitialize_()  /work/noaa/da/mpotts/sandbox/pgi_2019_openmpi_O_develop/esmf/src/Superstructure/Component/src/ESMF_GridComp.F90:1412
24 0x00000000004064e8 MAIN_()  /work/noaa/da/mpotts/sandbox/pgi_2019_openmpi_O_develop/nuopc-app-prototypes/AtmOcnCplListProto/esmApp.F90:57
25 0x0000000000406163 main()  ???:0
26 0x0000000000022495 __libc_start_main()  ???:0
27 0x0000000000406069 _start()  ???:0
=================================
[Orion-01-46:99777] *** Process received signal ***
[Orion-01-46:99777] Signal: Segmentation fault (11)
[Orion-01-46:99777] Signal code:  (-6)
[Orion-01-46:99777] Failing at address: 0x20e5000185c1
==== backtrace (tid:  99775) ====
 0 0x000000000072a903 ESMCI::LogErr::MsgFoundError()  /work/noaa/da/mpotts/sandbox/pgi_2019_openmpi_O_develop/esmf/src/Infrastructure/LogErr/src/ESMCI_LogErr.C:586
 1 0x0000000000882b01 c_esmc_meshcreatenodedistgrid_()  /work/noaa/da/mpotts/sandbox/pgi_2019_openmpi_O_develop/esmf/src/Infrastructure/Mesh/interface/ESMCI_Mesh_F.C:248
 2 0x0000000000f945ac esmf_meshmod_esmf_meshcreatefrompointer_()  /work/noaa/da/mpotts/sandbox/pgi_2019_openmpi_O_develop/esmf/src/Infrastructure/Mesh/interface/ESMF_Mesh.F90:3091
 3 0x0000000000e75d72 esmf_gridutilmod_esmf_gridtomesh_()  /work/noaa/da/mpotts/sandbox/pgi_2019_openmpi_O_develop/esmf/src/Infrastructure/GridUtil/interface/ESMF_GridUtil.F90:453
 4 0x0000000000d9a146 esmf_fieldregridmod_b_or_p_gridtomesh_()  /work/noaa/da/mpotts/sandbox/pgi_2019_openmpi_O_develop/esmf/src/Infrastructure/Field/src/ESMF_FieldRegrid.F90:3228
 5 0x0000000000d97654 esmf_fieldregridmod_getmeshwithnodesonfieldloc_()  /work/noaa/da/mpotts/sandbox/pgi_2019_openmpi_O_develop/esmf/src/Infrastructure/Field/src/ESMF_FieldRegrid.F90:1346
 6 0x0000000000d95bb3 esmf_fieldregridmod_esmf_fieldregridstorenx_()  /work/noaa/da/mpotts/sandbox/pgi_2019_openmpi_O_develop/esmf/src/Infrastructure/Field/src/ESMF_FieldRegrid.F90:971
 7 0x0000000001226067 nuopc_connector_fieldbundlecplstore_()  /work/noaa/da/mpotts/sandbox/pgi_2019_openmpi_O_develop/esmf/src/addon/NUOPC/src/NUOPC_Connector.F90:7919
 8 0x000000000120d4c4 nuopc_connector_initializeipdv05p6b_()  /work/noaa/da/mpotts/sandbox/pgi_2019_openmpi_O_develop/esmf/src/addon/NUOPC/src/NUOPC_Connector.F90:5386
 9 0x000000000064f5a7 ESMCI::FTable::callVFuncPtr()  /work/noaa/da/mpotts/sandbox/pgi_2019_openmpi_O_develop/esmf/src/Superstructure/Component/src/ESMCI_FTable.C:2167
10 0x000000000064d7aa ESMCI_FTableCallEntryPointVMHop()  /work/noaa/da/mpotts/sandbox/pgi_2019_openmpi_O_develop/esmf/src/Superstructure/Component/src/ESMCI_FTable.C:824
11 0x0000000000a34aa8 ESMCI::VM::enter()  /work/noaa/da/mpotts/sandbox/pgi_2019_openmpi_O_develop/esmf/src/Infrastructure/VM/src/ESMCI_VM.C:1216
12 0x000000000064db87 c_esmc_ftablecallentrypointvm_()  /work/noaa/da/mpotts/sandbox/pgi_2019_openmpi_O_develop/esmf/src/Superstructure/Component/src/ESMCI_FTable.C:981
13 0x0000000000c07f9d esmf_compmod_esmf_compexecute_()  /work/noaa/da/mpotts/sandbox/pgi_2019_openmpi_O_develop/esmf/src/Superstructure/Component/src/ESMF_Comp.F90:1223
14 0x0000000000c18841 esmf_cplcompmod_esmf_cplcompinitialize_()  /work/noaa/da/mpotts/sandbox/pgi_2019_openmpi_O_develop/esmf/src/Superstructure/Component/src/ESMF_CplComp.F90:1165
15 0x0000000001245bf4 nuopc_driver_loopconnectorcompss_()  /work/noaa/da/mpotts/sandbox/pgi_2019_openmpi_O_develop/esmf/src/addon/NUOPC/src/NUOPC_Driver.F90:2869
16 0x000000000123d111 nuopc_driver_initializeipdv02p3_()  /work/noaa/da/mpotts/sandbox/pgi_2019_openmpi_O_develop/esmf/src/addon/NUOPC/src/NUOPC_Driver.F90:2020
17 0x000000000122cc3a nuopc_driver_initializegeneric_()  /work/noaa/da/mpotts/sandbox/pgi_2019_openmpi_O_develop/esmf/src/addon/NUOPC/src/NUOPC_Driver.F90:479
18 0x000000000064f5a7 ESMCI::FTable::callVFuncPtr()  /work/noaa/da/mpotts/sandbox/pgi_2019_openmpi_O_develop/esmf/src/Superstructure/Component/src/ESMCI_FTable.C:2167
19 0x000000000064d7aa ESMCI_FTableCallEntryPointVMHop()  /work/noaa/da/mpotts/sandbox/pgi_2019_openmpi_O_develop/esmf/src/Superstructure/Component/src/ESMCI_FTable.C:824
[Orion-01-46:99777] [ 0] /lib64/libpthread.so.0(+0xf5d0)[0x7f1b714d25d0]
20 0x0000000000a34aa8 ESMCI::VM::enter()  /work/noaa/da/mpotts/sandbox/pgi_2019_openmpi_O_develop/esmf/src/Infrastructure/VM/src/ESMCI_VM.C:1216
21 0x000000000064db87 c_esmc_ftablecallentrypointvm_()  /work/noaa/da/mpotts/sandbox/pgi_2019_openmpi_O_develop/esmf/src/Superstructure/Component/src/ESMCI_FTable.C:981
22 0x0000000000c07f9d esmf_compmod_esmf_compexecute_()  /work/noaa/da/mpotts/sandbox/pgi_2019_openmpi_O_develop/esmf/src/Superstructure/Component/src/ESMF_Comp.F90:1223
23 0x0000000000ddbff1 esmf_gridcompmod_esmf_gridcompinitialize_()  /work/noaa/da/mpotts/sandbox/pgi_2019_openmpi_O_develop/esmf/src/Superstructure/Component/src/ESMF_GridComp.F90:1412
24 0x00000000004064e8 MAIN_()  /work/noaa/da/mpotts/sandbox/pgi_2019_openmpi_O_develop/nuopc-app-prototypes/AtmOcnCplListProto/esmApp.F90:57
25 0x0000000000406163 main()  ???:0
26 0x0000000000022495 __libc_start_main()  ???:0
27 0x0000000000406069 _start()  ???:0
=================================
[Orion-01-46:99775] *** Process received signal ***
[Orion-01-46:99775] Signal: Segmentation fault (11)
[Orion-01-46:99775] Signal code:  (-6)
[Orion-01-46:99775] Failing at address: 0x20e5000185bf
[Orion-01-46:99777] [ 1] /work/noaa/da/mpotts/sandbox/pgi_2019_openmpi_O_develop/esmf/DEFAULTINSTALLDIR/lib/libO/Linux.pgi.64.openmpi.default/libesmf.so(_ZN5ESMCI6LogErr13MsgFoundErrorEiPKciS2_S2_Pi+0x33)[0x7f1b6fc77903]
[Orion-01-46:99775] [ 0] /lib64/libpthread.so.0(+0xf5d0)[0x7fc05aaeb5d0]
[Orion-01-46:99777] [ 2] /work/noaa/da/mpotts/sandbox/pgi_2019_openmpi_O_develop/esmf/DEFAULTINSTALLDIR/lib/libO/Linux.pgi.64.openmpi.default/libesmf.so(c_esmc_meshcreatenodedistgrid_+0xa1)[0x7f1b6fdcfb01]
[Orion-01-46:99775] [ 1] /work/noaa/da/mpotts/sandbox/pgi_2019_openmpi_O_develop/esmf/DEFAULTINSTALLDIR/lib/libO/Linux.pgi.64.openmpi.default/libesmf.so(_ZN5ESMCI6LogErr13MsgFoundErrorEiPKciS2_S2_Pi+0x33)[0x7fc059290903]
[Orion-01-46:99777] [ 3] /work/noaa/da/mpotts/sandbox/pgi_2019_openmpi_O_develop/esmf/DEFAULTINSTALLDIR/lib/libO/Linux.pgi.64.openmpi.default/libesmf.so(esmf_meshmod_esmf_meshcreatefrompointer_+0x4c)[0x7f1b704e15ac]
[Orion-01-46:99775] [ 2] /work/noaa/da/mpotts/sandbox/pgi_2019_openmpi_O_develop/esmf/DEFAULTINSTALLDIR/lib/libO/Linux.pgi.64.openmpi.default/libesmf.so(c_esmc_meshcreatenodedistgrid_+0xa1)[0x7fc0593e8b01]
[Orion-01-46:99777] [ 4] /work/noaa/da/mpotts/sandbox/pgi_2019_openmpi_O_develop/esmf/DEFAULTINSTALLDIR/lib/libO/Linux.pgi.64.openmpi.default/libesmf.so(esmf_gridutilmod_esmf_gridtomesh_+0x352)[0x7f1b703c2d72]
[Orion-01-46:99775] [ 3] /work/noaa/da/mpotts/sandbox/pgi_2019_openmpi_O_develop/esmf/DEFAULTINSTALLDIR/lib/libO/Linux.pgi.64.openmpi.default/libesmf.so(esmf_meshmod_esmf_meshcreatefrompointer_+0x4c)[0x7fc059afa5ac]
[Orion-01-46:99777] [ 5] /work/noaa/da/mpotts/sandbox/pgi_2019_openmpi_O_develop/esmf/DEFAULTINSTALLDIR/lib/libO/Linux.pgi.64.openmpi.default/libesmf.so(esmf_fieldregridmod_b_or_p_gridtomesh_+0x156)[0x7f1b702e7146]
[Orion-01-46:99775] [ 4] /work/noaa/da/mpotts/sandbox/pgi_2019_openmpi_O_develop/esmf/DEFAULTINSTALLDIR/lib/libO/Linux.pgi.64.openmpi.default/libesmf.so(esmf_gridutilmod_esmf_gridtomesh_+0x352)[0x7fc0599dbd72]
[Orion-01-46:99777] [ 6] /work/noaa/da/mpotts/sandbox/pgi_2019_openmpi_O_develop/esmf/DEFAULTINSTALLDIR/lib/libO/Linux.pgi.64.openmpi.default/libesmf.so(esmf_fieldregridmod_getmeshwithnodesonfieldloc_+0x394)[0x7f1b702e4654]
[Orion-01-46:99775] [ 5] /work/noaa/da/mpotts/sandbox/pgi_2019_openmpi_O_develop/esmf/DEFAULTINSTALLDIR/lib/libO/Linux.pgi.64.openmpi.default/libesmf.so(esmf_fieldregridmod_b_or_p_gridtomesh_+0x156)[0x7fc059900146]
[Orion-01-46:99777] [ 7] /work/noaa/da/mpotts/sandbox/pgi_2019_openmpi_O_develop/esmf/DEFAULTINSTALLDIR/lib/libO/Linux.pgi.64.openmpi.default/libesmf.so(esmf_fieldregridmod_esmf_fieldregridstorenx_+0x9c3)[0x7f1b702e2bb3]
[Orion-01-46:99775] [ 6] /work/noaa/da/mpotts/sandbox/pgi_2019_openmpi_O_develop/esmf/DEFAULTINSTALLDIR/lib/libO/Linux.pgi.64.openmpi.default/libesmf.so(esmf_fieldregridmod_getmeshwithnodesonfieldloc_+0x394)[0x7fc0598fd654]
[Orion-01-46:99777] [ 8] /work/noaa/da/mpotts/sandbox/pgi_2019_openmpi_O_develop/esmf/DEFAULTINSTALLDIR/lib/libO/Linux.pgi.64.openmpi.default/libesmf.so(nuopc_connector_fieldbundlecplstore_+0xbc87)[0x7f1b70773067]
[Orion-01-46:99775] [ 7] /work/noaa/da/mpotts/sandbox/pgi_2019_openmpi_O_develop/esmf/DEFAULTINSTALLDIR/lib/libO/Linux.pgi.64.openmpi.default/libesmf.so(esmf_fieldregridmod_esmf_fieldregridstorenx_+0x9c3)[0x7fc0598fbbb3]
[Orion-01-46:99777] [ 9] /work/noaa/da/mpotts/sandbox/pgi_2019_openmpi_O_develop/esmf/DEFAULTINSTALLDIR/lib/libO/Linux.pgi.64.openmpi.default/libesmf.so(nuopc_connector_initializeipdv05p6b_+0x4f74)[0x7f1b7075a4c4]
[Orion-01-46:99775] [ 8] /work/noaa/da/mpotts/sandbox/pgi_2019_openmpi_O_develop/esmf/DEFAULTINSTALLDIR/lib/libO/Linux.pgi.64.openmpi.default/libesmf.so(nuopc_connector_fieldbundlecplstore_+0xbc87)[0x7fc059d8c067]
[Orion-01-46:99777] [10] /work/noaa/da/mpotts/sandbox/pgi_2019_openmpi_O_develop/esmf/DEFAULTINSTALLDIR/lib/libO/Linux.pgi.64.openmpi.default/libesmf.so(_ZN5ESMCI6FTable12callVFuncPtrEPKcPNS_2VMEPi+0x417)[0x7f1b6fb9c5a7]
[Orion-01-46:99775] [ 9] /work/noaa/da/mpotts/sandbox/pgi_2019_openmpi_O_develop/esmf/DEFAULTINSTALLDIR/lib/libO/Linux.pgi.64.openmpi.default/libesmf.so(nuopc_connector_initializeipdv05p6b_+0x4f74)[0x7fc059d734c4]
[Orion-01-46:99777] [11] /work/noaa/da/mpotts/sandbox/pgi_2019_openmpi_O_develop/esmf/DEFAULTINSTALLDIR/lib/libO/Linux.pgi.64.openmpi.default/libesmf.so(ESMCI_FTableCallEntryPointVMHop+0x1ea)[0x7f1b6fb9a7aa]
[Orion-01-46:99775] [10] /work/noaa/da/mpotts/sandbox/pgi_2019_openmpi_O_develop/esmf/DEFAULTINSTALLDIR/lib/libO/Linux.pgi.64.openmpi.default/libesmf.so(_ZN5ESMCI6FTable12callVFuncPtrEPKcPNS_2VMEPi+0x417)[0x7fc0591b55a7]
[Orion-01-46:99777] [12] /work/noaa/da/mpotts/sandbox/pgi_2019_openmpi_O_develop/esmf/DEFAULTINSTALLDIR/lib/libO/Linux.pgi.64.openmpi.default/libesmf.so(_ZN5ESMCI2VM5enterEPNS_6VMPlanEPvS3_+0x18)[0x7f1b6ff81aa8]
[Orion-01-46:99775] [11] /work/noaa/da/mpotts/sandbox/pgi_2019_openmpi_O_develop/esmf/DEFAULTINSTALLDIR/lib/libO/Linux.pgi.64.openmpi.default/libesmf.so(ESMCI_FTableCallEntryPointVMHop+0x1ea)[0x7fc0591b37aa]
[Orion-01-46:99777] [13] /work/noaa/da/mpotts/sandbox/pgi_2019_openmpi_O_develop/esmf/DEFAULTINSTALLDIR/lib/libO/Linux.pgi.64.openmpi.default/libesmf.so(c_esmc_ftablecallentrypointvm_+0x337)[0x7f1b6fb9ab87]
[Orion-01-46:99775] [12] /work/noaa/da/mpotts/sandbox/pgi_2019_openmpi_O_develop/esmf/DEFAULTINSTALLDIR/lib/libO/Linux.pgi.64.openmpi.default/libesmf.so(_ZN5ESMCI2VM5enterEPNS_6VMPlanEPvS3_+0x18)[0x7fc05959aaa8]
[Orion-01-46:99777] [14] /work/noaa/da/mpotts/sandbox/pgi_2019_openmpi_O_develop/esmf/DEFAULTINSTALLDIR/lib/libO/Linux.pgi.64.openmpi.default/libesmf.so(esmf_compmod_esmf_compexecute_+0x7ed)[0x7f1b70154f9d]
[Orion-01-46:99775] [13] /work/noaa/da/mpotts/sandbox/pgi_2019_openmpi_O_develop/esmf/DEFAULTINSTALLDIR/lib/libO/Linux.pgi.64.openmpi.default/libesmf.so(c_esmc_ftablecallentrypointvm_+0x337)[0x7fc0591b3b87]
[Orion-01-46:99777] [15] /work/noaa/da/mpotts/sandbox/pgi_2019_openmpi_O_develop/esmf/DEFAULTINSTALLDIR/lib/libO/Linux.pgi.64.openmpi.default/libesmf.so(esmf_cplcompmod_esmf_cplcompinitialize_+0x161)[0x7f1b70165841]
[Orion-01-46:99775] [14] /work/noaa/da/mpotts/sandbox/pgi_2019_openmpi_O_develop/esmf/DEFAULTINSTALLDIR/lib/libO/Linux.pgi.64.openmpi.default/libesmf.so(esmf_compmod_esmf_compexecute_+0x7ed)[0x7fc05976df9d]
[Orion-01-46:99777] [16] /work/noaa/da/mpotts/sandbox/pgi_2019_openmpi_O_develop/esmf/DEFAULTINSTALLDIR/lib/libO/Linux.pgi.64.openmpi.default/libesmf.so(nuopc_driver_loopconnectorcompss_+0xeb4)[0x7f1b70792bf4]
[Orion-01-46:99775] [15] /work/noaa/da/mpotts/sandbox/pgi_2019_openmpi_O_develop/esmf/DEFAULTINSTALLDIR/lib/libO/Linux.pgi.64.openmpi.default/libesmf.so(esmf_cplcompmod_esmf_cplcompinitialize_+0x161)[0x7fc05977e841]
[Orion-01-46:99777] [17] /work/noaa/da/mpotts/sandbox/pgi_2019_openmpi_O_develop/esmf/DEFAULTINSTALLDIR/lib/libO/Linux.pgi.64.openmpi.default/libesmf.so(nuopc_driver_initializeipdv02p3_+0x20f1)[0x7f1b7078a111]
[Orion-01-46:99775] [16] /work/noaa/da/mpotts/sandbox/pgi_2019_openmpi_O_develop/esmf/DEFAULTINSTALLDIR/lib/libO/Linux.pgi.64.openmpi.default/libesmf.so(nuopc_driver_loopconnectorcompss_+0xeb4)[0x7fc059dabbf4]
[Orion-01-46:99777] [18] /work/noaa/da/mpotts/sandbox/pgi_2019_openmpi_O_develop/esmf/DEFAULTINSTALLDIR/lib/libO/Linux.pgi.64.openmpi.default/libesmf.so(nuopc_driver_initializegeneric_+0x62a)[0x7f1b70779c3a]
[Orion-01-46:99775] [17] /work/noaa/da/mpotts/sandbox/pgi_2019_openmpi_O_develop/esmf/DEFAULTINSTALLDIR/lib/libO/Linux.pgi.64.openmpi.default/libesmf.so(nuopc_driver_initializeipdv02p3_+0x20f1)[0x7fc059da3111]
[Orion-01-46:99777] [19] /work/noaa/da/mpotts/sandbox/pgi_2019_openmpi_O_develop/esmf/DEFAULTINSTALLDIR/lib/libO/Linux.pgi.64.openmpi.default/libesmf.so(_ZN5ESMCI6FTable12callVFuncPtrEPKcPNS_2VMEPi+0x417)[0x7f1b6fb9c5a7]
[Orion-01-46:99775] [18] /work/noaa/da/mpotts/sandbox/pgi_2019_openmpi_O_develop/esmf/DEFAULTINSTALLDIR/lib/libO/Linux.pgi.64.openmpi.default/libesmf.so(nuopc_driver_initializegeneric_+0x62a)[0x7fc059d92c3a]
[Orion-01-46:99777] [20] /work/noaa/da/mpotts/sandbox/pgi_2019_openmpi_O_develop/esmf/DEFAULTINSTALLDIR/lib/libO/Linux.pgi.64.openmpi.default/libesmf.so(ESMCI_FTableCallEntryPointVMHop+0x1ea)[0x7f1b6fb9a7aa]
[Orion-01-46:99775] [19] /work/noaa/da/mpotts/sandbox/pgi_2019_openmpi_O_develop/esmf/DEFAULTINSTALLDIR/lib/libO/Linux.pgi.64.openmpi.default/libesmf.so(_ZN5ESMCI6FTable12callVFuncPtrEPKcPNS_2VMEPi+0x417)[0x7fc0591b55a7]
[Orion-01-46:99777] [21] /work/noaa/da/mpotts/sandbox/pgi_2019_openmpi_O_develop/esmf/DEFAULTINSTALLDIR/lib/libO/Linux.pgi.64.openmpi.default/libesmf.so(_ZN5ESMCI2VM5enterEPNS_6VMPlanEPvS3_+0x18)[0x7f1b6ff81aa8]
[Orion-01-46:99775] [20] /work/noaa/da/mpotts/sandbox/pgi_2019_openmpi_O_develop/esmf/DEFAULTINSTALLDIR/lib/libO/Linux.pgi.64.openmpi.default/libesmf.so(ESMCI_FTableCallEntryPointVMHop+0x1ea)[0x7fc0591b37aa]
[Orion-01-46:99777] [22] /work/noaa/da/mpotts/sandbox/pgi_2019_openmpi_O_develop/esmf/DEFAULTINSTALLDIR/lib/libO/Linux.pgi.64.openmpi.default/libesmf.so(c_esmc_ftablecallentrypointvm_+0x337)[0x7f1b6fb9ab87]
[Orion-01-46:99775] [21] /work/noaa/da/mpotts/sandbox/pgi_2019_openmpi_O_develop/esmf/DEFAULTINSTALLDIR/lib/libO/Linux.pgi.64.openmpi.default/libesmf.so(_ZN5ESMCI2VM5enterEPNS_6VMPlanEPvS3_+0x18)[0x7fc05959aaa8]
[Orion-01-46:99777] [23] /work/noaa/da/mpotts/sandbox/pgi_2019_openmpi_O_develop/esmf/DEFAULTINSTALLDIR/lib/libO/Linux.pgi.64.openmpi.default/libesmf.so(esmf_compmod_esmf_compexecute_+0x7ed)[0x7f1b70154f9d]
[Orion-01-46:99775] [22] /work/noaa/da/mpotts/sandbox/pgi_2019_openmpi_O_develop/esmf/DEFAULTINSTALLDIR/lib/libO/Linux.pgi.64.openmpi.default/libesmf.so(c_esmc_ftablecallentrypointvm_+0x337)[0x7fc0591b3b87]
[Orion-01-46:99777] [24] /work/noaa/da/mpotts/sandbox/pgi_2019_openmpi_O_develop/esmf/DEFAULTINSTALLDIR/lib/libO/Linux.pgi.64.openmpi.default/libesmf.so(esmf_gridcompmod_esmf_gridcompinitialize_+0x161)[0x7f1b70328ff1]
[Orion-01-46:99777] [25] /work/noaa/da/mpotts/sandbox/pgi_2019_openmpi_O_develop/nuopc-app-prototypes/AtmOcnCplListProto/./esmApp[0x4064e8]
[Orion-01-46:99777] [26] /work/noaa/da/mpotts/sandbox/pgi_2019_openmpi_O_develop/nuopc-app-prototypes/AtmOcnCplListProto/./esmApp[0x406163]
[Orion-01-46:99775] [23] /work/noaa/da/mpotts/sandbox/pgi_2019_openmpi_O_develop/esmf/DEFAULTINSTALLDIR/lib/libO/Linux.pgi.64.openmpi.default/libesmf.so(esmf_compmod_esmf_compexecute_+0x7ed)[0x7fc05976df9d]
[Orion-01-46:99777] [27] /lib64/libc.so.6(__libc_start_main+0xf5)[0x7f1b6b99a495]
[Orion-01-46:99777] [28] /work/noaa/da/mpotts/sandbox/pgi_2019_openmpi_O_develop/nuopc-app-prototypes/AtmOcnCplListProto/./esmApp[0x406069]
[Orion-01-46:99777] *** End of error message ***
[Orion-01-46:99775] [24] /work/noaa/da/mpotts/sandbox/pgi_2019_openmpi_O_develop/esmf/DEFAULTINSTALLDIR/lib/libO/Linux.pgi.64.openmpi.default/libesmf.so(esmf_gridcompmod_esmf_gridcompinitialize_+0x161)[0x7fc059941ff1]
[Orion-01-46:99775] [25] /work/noaa/da/mpotts/sandbox/pgi_2019_openmpi_O_develop/nuopc-app-prototypes/AtmOcnCplListProto/./esmApp[0x4064e8]
[Orion-01-46:99775] [26] /work/noaa/da/mpotts/sandbox/pgi_2019_openmpi_O_develop/nuopc-app-prototypes/AtmOcnCplListProto/./esmApp[0x406163]
[Orion-01-46:99775] [27] /lib64/libc.so.6(__libc_start_main+0xf5)[0x7fc054fb3495]
[Orion-01-46:99775] [28] /work/noaa/da/mpotts/sandbox/pgi_2019_openmpi_O_develop/nuopc-app-prototypes/AtmOcnCplListProto/./esmApp[0x406069]
[Orion-01-46:99775] *** End of error message ***
srun: error: Orion-01-46: tasks 0-3: Segmentation fault
srun: launch/slurm: _step_signal: Terminating StepId=7175782.345
