2022-09-29 10:25:18
 Field Create from a Grid and a Fortran data array returned
 Field Create from a Grid and a Fortran data array returned
 Field Create from a Grid and a Fortran data array returned
 Field Create from a Grid and a Fortran data array returned
 Field Create from a Grid and a Fortran data array returned
 Field Create from a Grid and a Fortran data array returned
 Field Create from a Grid and a Fortran data array returned
 Field Create from a Grid and a Fortran data array returned
 Field Create from a Grid and a Fortran data array returned
 Field Create from a Grid and a Fortran data array returned
 Field Create from a Grid and a Fortran data array returned
 Field Create from a Grid and a Fortran data array returned
 Field Create from a Grid and a Fortran data array returned
 Field Create from a Grid and a Fortran data array returned
 Field Create from a Grid and a Fortran data array returned
 Field Create from a Grid and a Fortran data array returned
 Field Create from a Grid and a Fortran data array returned
 Field Create from a Grid and a Fortran data array returned
 Field Create from a Grid and a Fortran data array returned
 Field Create from a LocStream, typekind, and rank returned
 Field Create from a LocStream, typekind, and rank returned
 Field Create from a LocStream and an Arrayspec returned
 Field Create from a LocStream, typekind, and rank returned
 Field Create from a Grid and a Fortran data array returned
 Field Create from a LocStream and an Arrayspec returned
 Field Create from a LocStream and an Arrayspec returned
 Field Create from a LocStream, typekind, and rank returned
 Field Create from a LocStream and an Arrayspec returned
[r9i0n31:38852:0:38852] Caught signal 11 (Segmentation fault: address not mapped to object at address 0x4f1b591)
[r9i0n31:38849:0:38849] Caught signal 11 (Segmentation fault: address not mapped to object at address 0x4f1b591)
[r9i0n31:38850:0:38850] Caught signal 11 (Segmentation fault: address not mapped to object at address 0x4f1b591)
[r9i0n31:38851:0:38851] Caught signal 11 (Segmentation fault: address not mapped to object at address 0x4f1b591)
==== backtrace (tid:  38849) ====
 0  /glade/u/apps/ch/opt/ucx/1.11.0/lib/libucs.so.0(ucs_handle_error+0xe4) [0x2b8d6cd041b4]
 1  /glade/u/apps/ch/opt/ucx/1.11.0/lib/libucs.so.0(+0x2a4dc) [0x2b8d6cd044dc]
 2  /glade/u/apps/ch/opt/ucx/1.11.0/lib/libucs.so.0(+0x2a74b) [0x2b8d6cd0474b]
 3  /glade/scratch/dunlap/esmf-testing/nvhpc_21.11_openmpi_g_update_json/esmf/lib/libg/Linux.nvhpc.64.openmpi.default/libesmf.so(_ZN5ESMCI6LogErr13MsgFoundErrorEiPKciS2_S2_Pi+0x34) [0x2b8d52d7c174]
 4  /glade/scratch/dunlap/esmf-testing/nvhpc_21.11_openmpi_g_update_json/esmf/lib/libg/Linux.nvhpc.64.openmpi.default/libesmf.so(_ZN5ESMCI7MeshCap22meshcreatenodedistgridEPi+0x7f) [0x2b8d52f9883f]
==== backtrace (tid:  38851) ====
 0  /glade/u/apps/ch/opt/ucx/1.11.0/lib/libucs.so.0(ucs_handle_error+0xe4) [0x2ae8d77611b4]
 1  /glade/u/apps/ch/opt/ucx/1.11.0/lib/libucs.so.0(+0x2a4dc) [0x2ae8d77614dc]
 2  /glade/u/apps/ch/opt/ucx/1.11.0/lib/libucs.so.0(+0x2a74b) [0x2ae8d776174b]
 3  /glade/scratch/dunlap/esmf-testing/nvhpc_21.11_openmpi_g_update_json/esmf/lib/libg/Linux.nvhpc.64.openmpi.default/libesmf.so(_ZN5ESMCI6LogErr13MsgFoundErrorEiPKciS2_S2_Pi+0x34) [0x2ae8c193b174]
 4  /glade/scratch/dunlap/esmf-testing/nvhpc_21.11_openmpi_g_update_json/esmf/lib/libg/Linux.nvhpc.64.openmpi.default/libesmf.so(_ZN5ESMCI7MeshCap22meshcreatenodedistgridEPi+0x7f) [0x2ae8c1b5783f]
 5  /glade/scratch/dunlap/esmf-testing/nvhpc_21.11_openmpi_g_update_json/esmf/lib/libg/Linux.nvhpc.64.openmpi.default/libesmf.so(c_esmc_meshcreatenodedistgrid_+0xc1) [0x2b8d52feac01]
 6  /glade/scratch/dunlap/esmf-testing/nvhpc_21.11_openmpi_g_update_json/esmf/lib/libg/Linux.nvhpc.64.openmpi.default/libesmf.so(esmf_meshmod_esmf_meshcreate1part_+0x126c) [0x2b8d53cb0f2c]
 7  ./ESMF_FieldCreateEx() [0x40c485]
 8  ./ESMF_FieldCreateEx() [0x406c73]
 9  /glade/u/apps/ch/os/lib64/libc.so.6(__libc_start_main+0xf5) [0x2b8d5996ca35]
10  ./ESMF_FieldCreateEx() [0x406b69]
=================================
 5  /glade/scratch/dunlap/esmf-testing/nvhpc_21.11_openmpi_g_update_json/esmf/lib/libg/Linux.nvhpc.64.openmpi.default/libesmf.so(c_esmc_meshcreatenodedistgrid_+0xc1) [0x2ae8c1ba9c01]
 6  /glade/scratch/dunlap/esmf-testing/nvhpc_21.11_openmpi_g_update_json/esmf/lib/libg/Linux.nvhpc.64.openmpi.default/libesmf.so(esmf_meshmod_esmf_meshcreate1part_+0x126c) [0x2ae8c286ff2c]
 7  ./ESMF_FieldCreateEx() [0x40c485]
 8  ./ESMF_FieldCreateEx() [0x406c73]
==== backtrace (tid:  38850) ====
==== backtrace (tid:  38852) ====
 0  /glade/u/apps/ch/opt/ucx/1.11.0/lib/libucs.so.0(ucs_handle_error+0xe4) [0x2b8e2d3201b4]
 1  /glade/u/apps/ch/opt/ucx/1.11.0/lib/libucs.so.0(+0x2a4dc) [0x2b8e2d3204dc]
 2  /glade/u/apps/ch/opt/ucx/1.11.0/lib/libucs.so.0(+0x2a74b) [0x2b8e2d32074b]
 3  /glade/scratch/dunlap/esmf-testing/nvhpc_21.11_openmpi_g_update_json/esmf/lib/libg/Linux.nvhpc.64.openmpi.default/libesmf.so(_ZN5ESMCI6LogErr13MsgFoundErrorEiPKciS2_S2_Pi+0x34) [0x2b8e132b2174]
 4  /glade/scratch/dunlap/esmf-testing/nvhpc_21.11_openmpi_g_update_json/esmf/lib/libg/Linux.nvhpc.64.openmpi.default/libesmf.so(_ZN5ESMCI7MeshCap22meshcreatenodedistgridEPi+0x7f) [0x2b8e134ce83f]
 5  /glade/scratch/dunlap/esmf-testing/nvhpc_21.11_openmpi_g_update_json/esmf/lib/libg/Linux.nvhpc.64.openmpi.default/libesmf.so(c_esmc_meshcreatenodedistgrid_+0xc1) [0x2b8e13520c01]
 6  /glade/scratch/dunlap/esmf-testing/nvhpc_21.11_openmpi_g_update_json/esmf/lib/libg/Linux.nvhpc.64.openmpi.default/libesmf.so(esmf_meshmod_esmf_meshcreate1part_+0x126c) [0x2b8e141e6f2c]
 7  ./ESMF_FieldCreateEx() [0x40c485]
 8  ./ESMF_FieldCreateEx() [0x406c73]
 9  /glade/u/apps/ch/os/lib64/libc.so.6(__libc_start_main+0xf5) [0x2b8e19ea2a35]
10  ./ESMF_FieldCreateEx() [0x406b69]
=================================
[r9i0n31:38852] *** Process received signal ***
[r9i0n31:38852] Signal: Segmentation fault (11)
[r9i0n31:38852] Signal code:  (-6)
[r9i0n31:38852] Failing at address: 0x1057000097c4
[r9i0n31:38852] [ 0] /glade/u/apps/ch/os/lib64/libpthread.so.0(+0x11c00)[0x2b8e195d1c00]
[r9i0n31:38852] [ 1] /glade/scratch/dunlap/esmf-testing/nvhpc_21.11_openmpi_g_update_json/esmf/lib/libg/Linux.nvhpc.64.openmpi.default/libesmf.so(_ZN5ESMCI6LogErr13MsgFoundErrorEiPKciS2_S2_Pi+0x34)[0x2b8e132b2174]
[r9i0n31:38852] [ 2] /glade/scratch/dunlap/esmf-testing/nvhpc_21.11_openmpi_g_update_json/esmf/lib/libg/Linux.nvhpc.64.openmpi.default/libesmf.so(_ZN5ESMCI7MeshCap22meshcreatenodedistgridEPi+0x7f)[0x2b8e134ce83f]
[r9i0n31:38852] [ 3] [r9i0n31:38849] *** Process received signal ***
[r9i0n31:38849] Signal: Segmentation fault (11)
[r9i0n31:38849] Signal code:  (-6)
[r9i0n31:38849] Failing at address: 0x1057000097c1
[r9i0n31:38849] [ 0] /glade/u/apps/ch/os/lib64/libpthread.so.0(+0x11c00)[0x2b8d5909bc00]
[r9i0n31:38849] [ 1] /glade/scratch/dunlap/esmf-testing/nvhpc_21.11_openmpi_g_update_json/esmf/lib/libg/Linux.nvhpc.64.openmpi.default/libesmf.so(_ZN5ESMCI6LogErr13MsgFoundErrorEiPKciS2_S2_Pi+0x34)[0x2b8d52d7c174]
[r9i0n31:38849] [ 2] /glade/scratch/dunlap/esmf-testing/nvhpc_21.11_openmpi_g_update_json/esmf/lib/libg/Linux.nvhpc.64.openmpi.default/libesmf.so(_ZN5ESMCI7MeshCap22meshcreatenodedistgridEPi+0x7f)[0x2b8d52f9883f]
[r9i0n31:38849] [ 3]  9  /glade/u/apps/ch/os/lib64/libc.so.6(__libc_start_main+0xf5) [0x2ae8c852ba35]
10  ./ESMF_FieldCreateEx() [0x406b69]
=================================
[r9i0n31:38851] *** Process received signal ***
[r9i0n31:38851] Signal: Segmentation fault (11)
[r9i0n31:38851] Signal code:  (-6)
[r9i0n31:38851] Failing at address: 0x1057000097c3
[r9i0n31:38851] [ 0] /glade/u/apps/ch/os/lib64/libpthread.so.0(+0x11c00)[0x2ae8c7c5ac00]
[r9i0n31:38851] [ 1] /glade/scratch/dunlap/esmf-testing/nvhpc_21.11_openmpi_g_update_json/esmf/lib/libg/Linux.nvhpc.64.openmpi.default/libesmf.so(_ZN5ESMCI6LogErr13MsgFoundErrorEiPKciS2_S2_Pi+0x34)[0x2ae8c193b174]
[r9i0n31:38851] [ 2] /glade/scratch/dunlap/esmf-testing/nvhpc_21.11_openmpi_g_update_json/esmf/lib/libg/Linux.nvhpc.64.openmpi.default/libesmf.so(_ZN5ESMCI7MeshCap22meshcreatenodedistgridEPi+0x7f)[0x2ae8c1b5783f]
[r9i0n31:38851] [ 3]  0  /glade/u/apps/ch/opt/ucx/1.11.0/lib/libucs.so.0(ucs_handle_error+0xe4) [0x2b2ff25521b4]
 1  /glade/u/apps/ch/opt/ucx/1.11.0/lib/libucs.so.0(+0x2a4dc) [0x2b2ff25524dc]
 2  /glade/u/apps/ch/opt/ucx/1.11.0/lib/libucs.so.0(+0x2a74b) [0x2b2ff255274b]
 3  /glade/scratch/dunlap/esmf-testing/nvhpc_21.11_openmpi_g_update_json/esmf/lib/libg/Linux.nvhpc.64.openmpi.default/libesmf.so(_ZN5ESMCI6LogErr13MsgFoundErrorEiPKciS2_S2_Pi+0x34) [0x2b2fd8629174]
 4  /glade/scratch/dunlap/esmf-testing/nvhpc_21.11_openmpi_g_update_json/esmf/lib/libg/Linux.nvhpc.64.openmpi.default/libesmf.so(_ZN5ESMCI7MeshCap22meshcreatenodedistgridEPi+0x7f) [0x2b2fd884583f]
 5  /glade/scratch/dunlap/esmf-testing/nvhpc_21.11_openmpi_g_update_json/esmf/lib/libg/Linux.nvhpc.64.openmpi.default/libesmf.so(c_esmc_meshcreatenodedistgrid_+0xc1) [0x2b2fd8897c01]
 6  /glade/scratch/dunlap/esmf-testing/nvhpc_21.11_openmpi_g_update_json/esmf/lib/libg/Linux.nvhpc.64.openmpi.default/libesmf.so(esmf_meshmod_esmf_meshcreate1part_+0x126c) [0x2b2fd955df2c]
 7  ./ESMF_FieldCreateEx() [0x40c485]
 8  ./ESMF_FieldCreateEx() [0x406c73]
 9  /glade/u/apps/ch/os/lib64/libc.so.6(__libc_start_main+0xf5) [0x2b2fdf219a35]
10  ./ESMF_FieldCreateEx() [0x406b69]
=================================
[r9i0n31:38850] *** Process received signal ***
[r9i0n31:38850] Signal: Segmentation fault (11)
[r9i0n31:38850] Signal code:  (-6)
[r9i0n31:38850] Failing at address: 0x1057000097c2
[r9i0n31:38850] [ 0] /glade/u/apps/ch/os/lib64/libpthread.so.0(+0x11c00)[0x2b2fde948c00]
[r9i0n31:38850] [ 1] /glade/scratch/dunlap/esmf-testing/nvhpc_21.11_openmpi_g_update_json/esmf/lib/libg/Linux.nvhpc.64.openmpi.default/libesmf.so(_ZN5ESMCI6LogErr13MsgFoundErrorEiPKciS2_S2_Pi+0x34)[0x2b2fd8629174]
[r9i0n31:38850] [ 2] /glade/scratch/dunlap/esmf-testing/nvhpc_21.11_openmpi_g_update_json/esmf/lib/libg/Linux.nvhpc.64.openmpi.default/libesmf.so(_ZN5ESMCI7MeshCap22meshcreatenodedistgridEPi+0x7f)[0x2b2fd884583f]
[r9i0n31:38850] [ 3] /glade/scratch/dunlap/esmf-testing/nvhpc_21.11_openmpi_g_update_json/esmf/lib/libg/Linux.nvhpc.64.openmpi.default/libesmf.so(c_esmc_meshcreatenodedistgrid_+0xc1)[0x2b8d52feac01]
[r9i0n31:38849] [ 4] /glade/scratch/dunlap/esmf-testing/nvhpc_21.11_openmpi_g_update_json/esmf/lib/libg/Linux.nvhpc.64.openmpi.default/libesmf.so(c_esmc_meshcreatenodedistgrid_+0xc1)[0x2ae8c1ba9c01]
[r9i0n31:38851] [ 4] /glade/scratch/dunlap/esmf-testing/nvhpc_21.11_openmpi_g_update_json/esmf/lib/libg/Linux.nvhpc.64.openmpi.default/libesmf.so(c_esmc_meshcreatenodedistgrid_+0xc1)[0x2b8e13520c01]
[r9i0n31:38852] [ 4] /glade/scratch/dunlap/esmf-testing/nvhpc_21.11_openmpi_g_update_json/esmf/lib/libg/Linux.nvhpc.64.openmpi.default/libesmf.so(c_esmc_meshcreatenodedistgrid_+0xc1)[0x2b2fd8897c01]
[r9i0n31:38850] [ 4] /glade/scratch/dunlap/esmf-testing/nvhpc_21.11_openmpi_g_update_json/esmf/lib/libg/Linux.nvhpc.64.openmpi.default/libesmf.so(esmf_meshmod_esmf_meshcreate1part_+0x126c)[0x2b8d53cb0f2c]
[r9i0n31:38849] [ 5] ./ESMF_FieldCreateEx[0x40c485]
[r9i0n31:38849] [ 6] ./ESMF_FieldCreateEx[0x406c73]
[r9i0n31:38849] [ 7] /glade/scratch/dunlap/esmf-testing/nvhpc_21.11_openmpi_g_update_json/esmf/lib/libg/Linux.nvhpc.64.openmpi.default/libesmf.so(esmf_meshmod_esmf_meshcreate1part_+0x126c)[0x2ae8c286ff2c]
[r9i0n31:38851] [ 5] ./ESMF_FieldCreateEx[0x40c485]
[r9i0n31:38851] [ 6] ./ESMF_FieldCreateEx[0x406c73]
[r9i0n31:38851] [ 7] /glade/u/apps/ch/os/lib64/libc.so.6(__libc_start_main+0xf5)[0x2b8d5996ca35]
[r9i0n31:38849] [ 8] ./ESMF_FieldCreateEx[0x406b69]
[r9i0n31:38849] *** End of error message ***
/glade/u/apps/ch/os/lib64/libc.so.6(__libc_start_main+0xf5)[0x2ae8c852ba35]
[r9i0n31:38851] [ 8] ./ESMF_FieldCreateEx[0x406b69]
[r9i0n31:38851] *** End of error message ***
/glade/scratch/dunlap/esmf-testing/nvhpc_21.11_openmpi_g_update_json/esmf/lib/libg/Linux.nvhpc.64.openmpi.default/libesmf.so(esmf_meshmod_esmf_meshcreate1part_+0x126c)[0x2b2fd955df2c]
[r9i0n31:38850] [ 5] ./ESMF_FieldCreateEx[0x40c485]
[r9i0n31:38850] [ 6] /glade/scratch/dunlap/esmf-testing/nvhpc_21.11_openmpi_g_update_json/esmf/lib/libg/Linux.nvhpc.64.openmpi.default/libesmf.so(esmf_meshmod_esmf_meshcreate1part_+0x126c)[0x2b8e141e6f2c]
[r9i0n31:38852] [ 5] ./ESMF_FieldCreateEx[0x40c485]
[r9i0n31:38852] [ 6] ./ESMF_FieldCreateEx[0x406c73]
[r9i0n31:38852] [ 7] ./ESMF_FieldCreateEx[0x406c73]
[r9i0n31:38850] [ 7] /glade/u/apps/ch/os/lib64/libc.so.6(__libc_start_main+0xf5)[0x2b8e19ea2a35]
[r9i0n31:38852] [ 8] ./ESMF_FieldCreateEx[0x406b69]
/glade/u/apps/ch/os/lib64/libc.so.6(__libc_start_main+0xf5)[0x2b2fdf219a35]
[r9i0n31:38850] [ 8] ./ESMF_FieldCreateEx[0x406b69]
[r9i0n31:38850] *** End of error message ***
[r9i0n31:38852] *** End of error message ***
--------------------------------------------------------------------------
Primary job  terminated normally, but 1 process returned
a non-zero exit code. Per user-direction, the job has been aborted.
--------------------------------------------------------------------------
--------------------------------------------------------------------------
mpirun noticed that process rank 0 with PID 0 on node r9i0n31 exited on signal 11 (Segmentation fault).
--------------------------------------------------------------------------
