2022-09-29 10:25:18
[r9i0n31:27452:0:27452] Caught signal 11 (Segmentation fault: address not mapped to object at address 0x4f1b591)
[r9i0n31:27453:0:27453] Caught signal 11 (Segmentation fault: address not mapped to object at address 0x4f1b591)
[r9i0n31:27454:0:27454] Caught signal 11 (Segmentation fault: address not mapped to object at address 0x4f1b591)
[r9i0n31:27455:0:27455] Caught signal 11 (Segmentation fault: address not mapped to object at address 0x4f1b591)
==== backtrace (tid:  27454) ====
 0  /glade/u/apps/ch/opt/ucx/1.11.0/lib/libucs.so.0(ucs_handle_error+0xe4) [0x2b7854d041b4]
 1  /glade/u/apps/ch/opt/ucx/1.11.0/lib/libucs.so.0(+0x2a4dc) [0x2b7854d044dc]
 2  /glade/u/apps/ch/opt/ucx/1.11.0/lib/libucs.so.0(+0x2a74b) [0x2b7854d0474b]
 3  /glade/scratch/dunlap/esmf-testing/nvhpc_21.11_openmpi_g_update_json/esmf/lib/libg/Linux.nvhpc.64.openmpi.default/libesmf.so(_ZN5ESMCI6LogErr13MsgFoundErrorEiPKciS2_S2_Pi+0x34) [0x2b783acf2174]
 4  /glade/scratch/dunlap/esmf-testing/nvhpc_21.11_openmpi_g_update_json/esmf/lib/libg/Linux.nvhpc.64.openmpi.default/libesmf.so(_ZN5ESMCI7MeshCap22meshcreatenodedistgridEPi+0x7f) [0x2b783af0e83f]
 5  /glade/scratch/dunlap/esmf-testing/nvhpc_21.11_openmpi_g_update_json/esmf/lib/libg/Linux.nvhpc.64.openmpi.default/libesmf.so(c_esmc_meshcreatenodedistgrid_+0xc1) [0x2b783af60c01]
 6  /glade/scratch/dunlap/esmf-testing/nvhpc_21.11_openmpi_g_update_json/esmf/lib/libg/Linux.nvhpc.64.openmpi.default/libesmf.so(esmf_meshmod_esmf_meshcreatefrompointer_+0x6d) [0x2b783bc2f6ed]
 7  /glade/scratch/dunlap/esmf-testing/nvhpc_21.11_openmpi_g_update_json/esmf/lib/libg/Linux.nvhpc.64.openmpi.default/libesmf.so(esmf_gridutilmod_esmf_gridtomesh_+0x52d) [0x2b783ba8b12d]
 8  /glade/scratch/dunlap/esmf-testing/nvhpc_21.11_openmpi_g_update_json/esmf/lib/libg/Linux.nvhpc.64.openmpi.default/libesmf.so(esmf_fieldregridmod_b_or_p_gridtomesh_+0x5a8) [0x2b783b94a9e8]
 9  /glade/scratch/dunlap/esmf-testing/nvhpc_21.11_openmpi_g_update_json/esmf/lib/libg/Linux.nvhpc.64.openmpi.default/libesmf.so(esmf_fieldregridmod_getmeshwithnodesonfieldloc_+0x55e) [0x2b783b945e9e]
10  /glade/scratch/dunlap/esmf-testing/nvhpc_21.11_openmpi_g_update_json/esmf/lib/libg/Linux.nvhpc.64.openmpi.default/libesmf.so(esmf_fieldregridmod_esmf_fieldregridstorenx_+0xf81) [0x2b783b9439c1]
11  ./ESMF_RHandleReusabilityEx() [0x407da6]
==== backtrace (tid:  27455) ====
 0  /glade/u/apps/ch/opt/ucx/1.11.0/lib/libucs.so.0(ucs_handle_error+0xe4) [0x2b5f871561b4]
 1  /glade/u/apps/ch/opt/ucx/1.11.0/lib/libucs.so.0(+0x2a4dc) [0x2b5f871564dc]
 2  /glade/u/apps/ch/opt/ucx/1.11.0/lib/libucs.so.0(+0x2a74b) [0x2b5f8715674b]
 3  /glade/scratch/dunlap/esmf-testing/nvhpc_21.11_openmpi_g_update_json/esmf/lib/libg/Linux.nvhpc.64.openmpi.default/libesmf.so(_ZN5ESMCI6LogErr13MsgFoundErrorEiPKciS2_S2_Pi+0x34) [0x2b5f71335174]
==== backtrace (tid:  27452) ====
 0  /glade/u/apps/ch/opt/ucx/1.11.0/lib/libucs.so.0(ucs_handle_error+0xe4) [0x2aaffeb551b4]
 1  /glade/u/apps/ch/opt/ucx/1.11.0/lib/libucs.so.0(+0x2a4dc) [0x2aaffeb554dc]
 2  /glade/u/apps/ch/opt/ucx/1.11.0/lib/libucs.so.0(+0x2a74b) [0x2aaffeb5574b]
 3  /glade/scratch/dunlap/esmf-testing/nvhpc_21.11_openmpi_g_update_json/esmf/lib/libg/Linux.nvhpc.64.openmpi.default/libesmf.so(_ZN5ESMCI6LogErr13MsgFoundErrorEiPKciS2_S2_Pi+0x34) [0x2aafe4c42174]
==== backtrace (tid:  27453) ====
 0  /glade/u/apps/ch/opt/ucx/1.11.0/lib/libucs.so.0(ucs_handle_error+0xe4) [0x2b4f88f091b4]
 1  /glade/u/apps/ch/opt/ucx/1.11.0/lib/libucs.so.0(+0x2a4dc) [0x2b4f88f094dc]
 2  /glade/u/apps/ch/opt/ucx/1.11.0/lib/libucs.so.0(+0x2a74b) [0x2b4f88f0974b]
 3  /glade/scratch/dunlap/esmf-testing/nvhpc_21.11_openmpi_g_update_json/esmf/lib/libg/Linux.nvhpc.64.openmpi.default/libesmf.so(_ZN5ESMCI6LogErr13MsgFoundErrorEiPKciS2_S2_Pi+0x34) [0x2b4f6ef0c174]
 4  /glade/scratch/dunlap/esmf-testing/nvhpc_21.11_openmpi_g_update_json/esmf/lib/libg/Linux.nvhpc.64.openmpi.default/libesmf.so(_ZN5ESMCI7MeshCap22meshcreatenodedistgridEPi+0x7f) [0x2b4f6f12883f]
12  ./ESMF_RHandleReusabilityEx() [0x4067b3]
13  /glade/u/apps/ch/os/lib64/libc.so.6(__libc_start_main+0xf5) [0x2b78418e2a35]
14  ./ESMF_RHandleReusabilityEx() [0x4066a9]
=================================
[r9i0n31:27454] *** Process received signal ***
[r9i0n31:27454] Signal: Segmentation fault (11)
[r9i0n31:27454] Signal code:  (-6)
[r9i0n31:27454] Failing at address: 0x105700006b3e
 5  /glade/scratch/dunlap/esmf-testing/nvhpc_21.11_openmpi_g_update_json/esmf/lib/libg/Linux.nvhpc.64.openmpi.default/libesmf.so(c_esmc_meshcreatenodedistgrid_+0xc1) [0x2b4f6f17ac01]
 6  /glade/scratch/dunlap/esmf-testing/nvhpc_21.11_openmpi_g_update_json/esmf/lib/libg/Linux.nvhpc.64.openmpi.default/libesmf.so(esmf_meshmod_esmf_meshcreatefrompointer_+0x6d) [0x2b4f6fe496ed]
 7  /glade/scratch/dunlap/esmf-testing/nvhpc_21.11_openmpi_g_update_json/esmf/lib/libg/Linux.nvhpc.64.openmpi.default/libesmf.so(esmf_gridutilmod_esmf_gridtomesh_+0x52d) [0x2b4f6fca512d]
 8  /glade/scratch/dunlap/esmf-testing/nvhpc_21.11_openmpi_g_update_json/esmf/lib/libg/Linux.nvhpc.64.openmpi.default/libesmf.so(esmf_fieldregridmod_b_or_p_gridtomesh_+0x5a8) [0x2b4f6fb649e8]
 9  /glade/scratch/dunlap/esmf-testing/nvhpc_21.11_openmpi_g_update_json/esmf/lib/libg/Linux.nvhpc.64.openmpi.default/libesmf.so(esmf_fieldregridmod_getmeshwithnodesonfieldloc_+0x55e) [0x2b4f6fb5fe9e]
10  /glade/scratch/dunlap/esmf-testing/nvhpc_21.11_openmpi_g_update_json/esmf/lib/libg/Linux.nvhpc.64.openmpi.default/libesmf.so(esmf_fieldregridmod_esmf_fieldregridstorenx_+0xf81) [0x2b4f6fb5d9c1]
11  ./ESMF_RHandleReusabilityEx() [0x407da6]
12  ./ESMF_RHandleReusabilityEx() [0x4067b3]
13  /glade/u/apps/ch/os/lib64/libc.so.6(__libc_start_main+0xf5) [0x2b4f75afca35]
14  ./ESMF_RHandleReusabilityEx() [0x4066a9]
=================================
[r9i0n31:27453] *** Process received signal ***
[r9i0n31:27453] Signal: Segmentation fault (11)
[r9i0n31:27453] Signal code:  (-6)
[r9i0n31:27453] Failing at address: 0x105700006b3d
[r9i0n31:27453] [ 0] /glade/u/apps/ch/os/lib64/libpthread.so.0(+0x11c00)[0x2b4f7522bc00]
[r9i0n31:27453] [ 1] /glade/scratch/dunlap/esmf-testing/nvhpc_21.11_openmpi_g_update_json/esmf/lib/libg/Linux.nvhpc.64.openmpi.default/libesmf.so(_ZN5ESMCI6LogErr13MsgFoundErrorEiPKciS2_S2_Pi+0x34)[0x2b4f6ef0c174]
[r9i0n31:27453] [ 2] /glade/scratch/dunlap/esmf-testing/nvhpc_21.11_openmpi_g_update_json/esmf/lib/libg/Linux.nvhpc.64.openmpi.default/libesmf.so(_ZN5ESMCI7MeshCap22meshcreatenodedistgridEPi+0x7f)[0x2b4f6f12883f]
[r9i0n31:27453] [ 3]  4  /glade/scratch/dunlap/esmf-testing/nvhpc_21.11_openmpi_g_update_json/esmf/lib/libg/Linux.nvhpc.64.openmpi.default/libesmf.so(_ZN5ESMCI7MeshCap22meshcreatenodedistgridEPi+0x7f) [0x2b5f7155183f]
 5  /glade/scratch/dunlap/esmf-testing/nvhpc_21.11_openmpi_g_update_json/esmf/lib/libg/Linux.nvhpc.64.openmpi.default/libesmf.so(c_esmc_meshcreatenodedistgrid_+0xc1) [0x2b5f715a3c01]
 6  /glade/scratch/dunlap/esmf-testing/nvhpc_21.11_openmpi_g_update_json/esmf/lib/libg/Linux.nvhpc.64.openmpi.default/libesmf.so(esmf_meshmod_esmf_meshcreatefrompointer_+0x6d) [0x2b5f722726ed]
 7  /glade/scratch/dunlap/esmf-testing/nvhpc_21.11_openmpi_g_update_json/esmf/lib/libg/Linux.nvhpc.64.openmpi.default/libesmf.so(esmf_gridutilmod_esmf_gridtomesh_+0x52d) [0x2b5f720ce12d]
 8  /glade/scratch/dunlap/esmf-testing/nvhpc_21.11_openmpi_g_update_json/esmf/lib/libg/Linux.nvhpc.64.openmpi.default/libesmf.so(esmf_fieldregridmod_b_or_p_gridtomesh_+0x5a8) [0x2b5f71f8d9e8]
 9  /glade/scratch/dunlap/esmf-testing/nvhpc_21.11_openmpi_g_update_json/esmf/lib/libg/Linux.nvhpc.64.openmpi.default/libesmf.so(esmf_fieldregridmod_getmeshwithnodesonfieldloc_+0x55e) [0x2b5f71f88e9e]
10  /glade/scratch/dunlap/esmf-testing/nvhpc_21.11_openmpi_g_update_json/esmf/lib/libg/Linux.nvhpc.64.openmpi.default/libesmf.so(esmf_fieldregridmod_esmf_fieldregridstorenx_+0xf81) [0x2b5f71f869c1]
11  ./ESMF_RHandleReusabilityEx() [0x407da6]
12  ./ESMF_RHandleReusabilityEx() [0x4067b3]
13  /glade/u/apps/ch/os/lib64/libc.so.6(__libc_start_main+0xf5) [0x2b5f77f25a35]
14  ./ESMF_RHandleReusabilityEx() [0x4066a9]
=================================
[r9i0n31:27455] *** Process received signal ***
[r9i0n31:27455] Signal: Segmentation fault (11)
[r9i0n31:27455] Signal code:  (-6)
[r9i0n31:27455] Failing at address: 0x105700006b3f
[r9i0n31:27455] [ 0] /glade/u/apps/ch/os/lib64/libpthread.so.0(+0x11c00)[0x2b5f77654c00]
[r9i0n31:27455] [ 1] /glade/scratch/dunlap/esmf-testing/nvhpc_21.11_openmpi_g_update_json/esmf/lib/libg/Linux.nvhpc.64.openmpi.default/libesmf.so(_ZN5ESMCI6LogErr13MsgFoundErrorEiPKciS2_S2_Pi+0x34)[0x2b5f71335174]
[r9i0n31:27455] [ 2] /glade/scratch/dunlap/esmf-testing/nvhpc_21.11_openmpi_g_update_json/esmf/lib/libg/Linux.nvhpc.64.openmpi.default/libesmf.so(_ZN5ESMCI7MeshCap22meshcreatenodedistgridEPi+0x7f)[0x2b5f7155183f]
[r9i0n31:27455] [ 3]  4  /glade/scratch/dunlap/esmf-testing/nvhpc_21.11_openmpi_g_update_json/esmf/lib/libg/Linux.nvhpc.64.openmpi.default/libesmf.so(_ZN5ESMCI7MeshCap22meshcreatenodedistgridEPi+0x7f) [0x2aafe4e5e83f]
 5  /glade/scratch/dunlap/esmf-testing/nvhpc_21.11_openmpi_g_update_json/esmf/lib/libg/Linux.nvhpc.64.openmpi.default/libesmf.so(c_esmc_meshcreatenodedistgrid_+0xc1) [0x2aafe4eb0c01]
 6  /glade/scratch/dunlap/esmf-testing/nvhpc_21.11_openmpi_g_update_json/esmf/lib/libg/Linux.nvhpc.64.openmpi.default/libesmf.so(esmf_meshmod_esmf_meshcreatefrompointer_+0x6d) [0x2aafe5b7f6ed]
 7  /glade/scratch/dunlap/esmf-testing/nvhpc_21.11_openmpi_g_update_json/esmf/lib/libg/Linux.nvhpc.64.openmpi.default/libesmf.so(esmf_gridutilmod_esmf_gridtomesh_+0x52d) [0x2aafe59db12d]
 8  /glade/scratch/dunlap/esmf-testing/nvhpc_21.11_openmpi_g_update_json/esmf/lib/libg/Linux.nvhpc.64.openmpi.default/libesmf.so(esmf_fieldregridmod_b_or_p_gridtomesh_+0x5a8) [0x2aafe589a9e8]
 9  /glade/scratch/dunlap/esmf-testing/nvhpc_21.11_openmpi_g_update_json/esmf/lib/libg/Linux.nvhpc.64.openmpi.default/libesmf.so(esmf_fieldregridmod_getmeshwithnodesonfieldloc_+0x55e) [0x2aafe5895e9e]
10  /glade/scratch/dunlap/esmf-testing/nvhpc_21.11_openmpi_g_update_json/esmf/lib/libg/Linux.nvhpc.64.openmpi.default/libesmf.so(esmf_fieldregridmod_esmf_fieldregridstorenx_+0xf81) [0x2aafe58939c1]
11  ./ESMF_RHandleReusabilityEx() [0x407da6]
12  ./ESMF_RHandleReusabilityEx() [0x4067b3]
13  /glade/u/apps/ch/os/lib64/libc.so.6(__libc_start_main+0xf5) [0x2aafeb832a35]
14  ./ESMF_RHandleReusabilityEx() [0x4066a9]
=================================
[r9i0n31:27452] *** Process received signal ***
[r9i0n31:27452] Signal: Segmentation fault (11)
[r9i0n31:27452] Signal code:  (-6)
[r9i0n31:27452] Failing at address: 0x105700006b3c
[r9i0n31:27452] [ 0] /glade/u/apps/ch/os/lib64/libpthread.so.0(+0x11c00)[0x2aafeaf61c00]
[r9i0n31:27452] [ 1] /glade/scratch/dunlap/esmf-testing/nvhpc_21.11_openmpi_g_update_json/esmf/lib/libg/Linux.nvhpc.64.openmpi.default/libesmf.so(_ZN5ESMCI6LogErr13MsgFoundErrorEiPKciS2_S2_Pi+0x34)[0x2aafe4c42174]
[r9i0n31:27452] [ 2] /glade/scratch/dunlap/esmf-testing/nvhpc_21.11_openmpi_g_update_json/esmf/lib/libg/Linux.nvhpc.64.openmpi.default/libesmf.so(_ZN5ESMCI7MeshCap22meshcreatenodedistgridEPi+0x7f)[0x2aafe4e5e83f]
[r9i0n31:27452] [ 3] [r9i0n31:27454] [ 0] /glade/u/apps/ch/os/lib64/libpthread.so.0(+0x11c00)[0x2b7841011c00]
[r9i0n31:27454] [ 1] /glade/scratch/dunlap/esmf-testing/nvhpc_21.11_openmpi_g_update_json/esmf/lib/libg/Linux.nvhpc.64.openmpi.default/libesmf.so(_ZN5ESMCI6LogErr13MsgFoundErrorEiPKciS2_S2_Pi+0x34)[0x2b783acf2174]
[r9i0n31:27454] [ 2] /glade/scratch/dunlap/esmf-testing/nvhpc_21.11_openmpi_g_update_json/esmf/lib/libg/Linux.nvhpc.64.openmpi.default/libesmf.so(_ZN5ESMCI7MeshCap22meshcreatenodedistgridEPi+0x7f)[0x2b783af0e83f]
[r9i0n31:27454] [ 3] /glade/scratch/dunlap/esmf-testing/nvhpc_21.11_openmpi_g_update_json/esmf/lib/libg/Linux.nvhpc.64.openmpi.default/libesmf.so(c_esmc_meshcreatenodedistgrid_+0xc1)[0x2b783af60c01]
[r9i0n31:27454] [ 4] /glade/scratch/dunlap/esmf-testing/nvhpc_21.11_openmpi_g_update_json/esmf/lib/libg/Linux.nvhpc.64.openmpi.default/libesmf.so(c_esmc_meshcreatenodedistgrid_+0xc1)[0x2b4f6f17ac01]
[r9i0n31:27453] [ 4] /glade/scratch/dunlap/esmf-testing/nvhpc_21.11_openmpi_g_update_json/esmf/lib/libg/Linux.nvhpc.64.openmpi.default/libesmf.so(c_esmc_meshcreatenodedistgrid_+0xc1)[0x2b5f715a3c01]
[r9i0n31:27455] [ 4] /glade/scratch/dunlap/esmf-testing/nvhpc_21.11_openmpi_g_update_json/esmf/lib/libg/Linux.nvhpc.64.openmpi.default/libesmf.so(c_esmc_meshcreatenodedistgrid_+0xc1)[0x2aafe4eb0c01]
[r9i0n31:27452] [ 4] /glade/scratch/dunlap/esmf-testing/nvhpc_21.11_openmpi_g_update_json/esmf/lib/libg/Linux.nvhpc.64.openmpi.default/libesmf.so(esmf_meshmod_esmf_meshcreatefrompointer_+0x6d)[0x2b783bc2f6ed]
[r9i0n31:27454] [ 5] /glade/scratch/dunlap/esmf-testing/nvhpc_21.11_openmpi_g_update_json/esmf/lib/libg/Linux.nvhpc.64.openmpi.default/libesmf.so(esmf_meshmod_esmf_meshcreatefrompointer_+0x6d)[0x2b4f6fe496ed]
[r9i0n31:27453] [ 5] /glade/scratch/dunlap/esmf-testing/nvhpc_21.11_openmpi_g_update_json/esmf/lib/libg/Linux.nvhpc.64.openmpi.default/libesmf.so(esmf_meshmod_esmf_meshcreatefrompointer_+0x6d)[0x2b5f722726ed]
[r9i0n31:27455] [ 5] /glade/scratch/dunlap/esmf-testing/nvhpc_21.11_openmpi_g_update_json/esmf/lib/libg/Linux.nvhpc.64.openmpi.default/libesmf.so(esmf_meshmod_esmf_meshcreatefrompointer_+0x6d)[0x2aafe5b7f6ed]
[r9i0n31:27452] [ 5] /glade/scratch/dunlap/esmf-testing/nvhpc_21.11_openmpi_g_update_json/esmf/lib/libg/Linux.nvhpc.64.openmpi.default/libesmf.so(esmf_gridutilmod_esmf_gridtomesh_+0x52d)[0x2b783ba8b12d]
[r9i0n31:27454] [ 6] /glade/scratch/dunlap/esmf-testing/nvhpc_21.11_openmpi_g_update_json/esmf/lib/libg/Linux.nvhpc.64.openmpi.default/libesmf.so(esmf_gridutilmod_esmf_gridtomesh_+0x52d)[0x2b4f6fca512d]
[r9i0n31:27453] [ 6] /glade/scratch/dunlap/esmf-testing/nvhpc_21.11_openmpi_g_update_json/esmf/lib/libg/Linux.nvhpc.64.openmpi.default/libesmf.so(esmf_gridutilmod_esmf_gridtomesh_+0x52d)[0x2b5f720ce12d]
[r9i0n31:27455] [ 6] /glade/scratch/dunlap/esmf-testing/nvhpc_21.11_openmpi_g_update_json/esmf/lib/libg/Linux.nvhpc.64.openmpi.default/libesmf.so(esmf_gridutilmod_esmf_gridtomesh_+0x52d)[0x2aafe59db12d]
[r9i0n31:27452] [ 6] /glade/scratch/dunlap/esmf-testing/nvhpc_21.11_openmpi_g_update_json/esmf/lib/libg/Linux.nvhpc.64.openmpi.default/libesmf.so(esmf_fieldregridmod_b_or_p_gridtomesh_+0x5a8)[0x2b783b94a9e8]
[r9i0n31:27454] [ 7] /glade/scratch/dunlap/esmf-testing/nvhpc_21.11_openmpi_g_update_json/esmf/lib/libg/Linux.nvhpc.64.openmpi.default/libesmf.so(esmf_fieldregridmod_b_or_p_gridtomesh_+0x5a8)[0x2b4f6fb649e8]
[r9i0n31:27453] [ 7] /glade/scratch/dunlap/esmf-testing/nvhpc_21.11_openmpi_g_update_json/esmf/lib/libg/Linux.nvhpc.64.openmpi.default/libesmf.so(esmf_fieldregridmod_b_or_p_gridtomesh_+0x5a8)[0x2b5f71f8d9e8]
[r9i0n31:27455] [ 7] /glade/scratch/dunlap/esmf-testing/nvhpc_21.11_openmpi_g_update_json/esmf/lib/libg/Linux.nvhpc.64.openmpi.default/libesmf.so(esmf_fieldregridmod_b_or_p_gridtomesh_+0x5a8)[0x2aafe589a9e8]
[r9i0n31:27452] [ 7] /glade/scratch/dunlap/esmf-testing/nvhpc_21.11_openmpi_g_update_json/esmf/lib/libg/Linux.nvhpc.64.openmpi.default/libesmf.so(esmf_fieldregridmod_getmeshwithnodesonfieldloc_+0x55e)[0x2b783b945e9e]
[r9i0n31:27454] [ 8] /glade/scratch/dunlap/esmf-testing/nvhpc_21.11_openmpi_g_update_json/esmf/lib/libg/Linux.nvhpc.64.openmpi.default/libesmf.so(esmf_fieldregridmod_getmeshwithnodesonfieldloc_+0x55e)[0x2b5f71f88e9e]
[r9i0n31:27455] [ 8] /glade/scratch/dunlap/esmf-testing/nvhpc_21.11_openmpi_g_update_json/esmf/lib/libg/Linux.nvhpc.64.openmpi.default/libesmf.so(esmf_fieldregridmod_getmeshwithnodesonfieldloc_+0x55e)[0x2b4f6fb5fe9e]
[r9i0n31:27453] [ 8] /glade/scratch/dunlap/esmf-testing/nvhpc_21.11_openmpi_g_update_json/esmf/lib/libg/Linux.nvhpc.64.openmpi.default/libesmf.so(esmf_fieldregridmod_getmeshwithnodesonfieldloc_+0x55e)[0x2aafe5895e9e]
[r9i0n31:27452] [ 8] /glade/scratch/dunlap/esmf-testing/nvhpc_21.11_openmpi_g_update_json/esmf/lib/libg/Linux.nvhpc.64.openmpi.default/libesmf.so(esmf_fieldregridmod_esmf_fieldregridstorenx_+0xf81)[0x2b783b9439c1]
[r9i0n31:27454] [ 9] ./ESMF_RHandleReusabilityEx[0x407da6]
[r9i0n31:27454] [10] ./ESMF_RHandleReusabilityEx[0x4067b3]
[r9i0n31:27454] [11] /glade/u/apps/ch/os/lib64/libc.so.6(__libc_start_main+0xf5)[0x2b78418e2a35]
[r9i0n31:27454] [12] ./ESMF_RHandleReusabilityEx[0x4066a9]
[r9i0n31:27454] *** End of error message ***
/glade/scratch/dunlap/esmf-testing/nvhpc_21.11_openmpi_g_update_json/esmf/lib/libg/Linux.nvhpc.64.openmpi.default/libesmf.so(esmf_fieldregridmod_esmf_fieldregridstorenx_+0xf81)[0x2b5f71f869c1]
[r9i0n31:27455] [ 9] ./ESMF_RHandleReusabilityEx[0x407da6]
[r9i0n31:27455] [10] ./ESMF_RHandleReusabilityEx[0x4067b3]
[r9i0n31:27455] [11] /glade/scratch/dunlap/esmf-testing/nvhpc_21.11_openmpi_g_update_json/esmf/lib/libg/Linux.nvhpc.64.openmpi.default/libesmf.so(esmf_fieldregridmod_esmf_fieldregridstorenx_+0xf81)[0x2b4f6fb5d9c1]
[r9i0n31:27453] [ 9] ./ESMF_RHandleReusabilityEx[0x407da6]
[r9i0n31:27453] [10] ./ESMF_RHandleReusabilityEx[0x4067b3]
[r9i0n31:27453] [11] /glade/u/apps/ch/os/lib64/libc.so.6(__libc_start_main+0xf5)[0x2b5f77f25a35]
[r9i0n31:27455] [12] ./ESMF_RHandleReusabilityEx[0x4066a9]
[r9i0n31:27455] *** End of error message ***
/glade/u/apps/ch/os/lib64/libc.so.6(__libc_start_main+0xf5)[0x2b4f75afca35]
[r9i0n31:27453] [12] ./ESMF_RHandleReusabilityEx[0x4066a9]
[r9i0n31:27453] *** End of error message ***
/glade/scratch/dunlap/esmf-testing/nvhpc_21.11_openmpi_g_update_json/esmf/lib/libg/Linux.nvhpc.64.openmpi.default/libesmf.so(esmf_fieldregridmod_esmf_fieldregridstorenx_+0xf81)[0x2aafe58939c1]
[r9i0n31:27452] [ 9] ./ESMF_RHandleReusabilityEx[0x407da6]
[r9i0n31:27452] [10] ./ESMF_RHandleReusabilityEx[0x4067b3]
[r9i0n31:27452] [11] /glade/u/apps/ch/os/lib64/libc.so.6(__libc_start_main+0xf5)[0x2aafeb832a35]
[r9i0n31:27452] [12] ./ESMF_RHandleReusabilityEx[0x4066a9]
[r9i0n31:27452] *** End of error message ***
--------------------------------------------------------------------------
Primary job  terminated normally, but 1 process returned
a non-zero exit code. Per user-direction, the job has been aborted.
--------------------------------------------------------------------------
--------------------------------------------------------------------------
mpirun noticed that process rank 2 with PID 0 on node r9i0n31 exited on signal 11 (Segmentation fault).
--------------------------------------------------------------------------
