2022-10-08 06:18:59
20221008 064113.871 INFO             PET0 !!!!!!!!!!!!!!!!!!!!!!!!!!!!!!!!!!!!!!!!!!!!!!!!!!!!!!
20221008 064113.871 INFO             PET0 !!! THE ESMF_LOG IS SET TO OUTPUT ALL LOG MESSAGES !!!
20221008 064113.871 INFO             PET0 !!!     THIS MAY CAUSE SLOWDOWN IN PERFORMANCE     !!!
20221008 064113.871 INFO             PET0 !!! FOR PRODUCTION RUNS, USE:                      !!!
20221008 064113.871 INFO             PET0 !!!                   ESMF_LOGKIND_Multi_On_Error  !!!
20221008 064113.871 INFO             PET0 !!!!!!!!!!!!!!!!!!!!!!!!!!!!!!!!!!!!!!!!!!!!!!!!!!!!!!
20221008 064113.871 INFO             PET0 Running with ESMF Version   : v8.4.0b18
20221008 064113.871 INFO             PET0 ESMF library build date/time: "Oct  8 2022" "06:17:43"
20221008 064113.871 INFO             PET0 ESMF library build location : /scratch2/NCEPDEV/stmp1/Gerhard.Theurich/ESMF-Nightly-Testing/gfortran_9.2.0b_openmpi_g_develop/esmf
20221008 064113.871 INFO             PET0 ESMF_COMM                   : openmpi
20221008 064113.872 INFO             PET0 ESMF_MOAB                   : enabled
20221008 064113.872 INFO             PET0 ESMF_LAPACK                 : enabled
20221008 064113.872 INFO             PET0 ESMF_NETCDF                 : disabled
20221008 064113.872 INFO             PET0 ESMF_PNETCDF                : disabled
20221008 064113.872 INFO             PET0 ESMF_PIO                    : disabled
20221008 064113.872 INFO             PET0 ESMF_YAMLCPP                : enabled
20221008 064113.872 INFO             PET0 ESMF Tracing Enabled
20221008 064113.872 INFO             PET0 ESMF Profiling Enabled
20221008 064113.872 INFO             PET0 ESMF Trace/Profile clock: REALTIME
20221008 064113.875 INFO             PET0  NUMBER_OF_PROCESSORS           4
20221008 064113.875 INFO             PET0  PASS  Example ESMF_TraceEx, ESMF_TraceEx.F90, line 178
20221008 064113.875 INFO             PET0 Finalizing ESMF
20221008 064113.875 INFO             PET0 **************** Region Timings *******************
20221008 064113.875 INFO             PET0 Region              Count  Total (s)   Self (s)    Mean (s)    Min (s)     Max (s)
20221008 064113.875 INFO             PET0   [ESMF]            1      0.0017      0.0016      0.0017      0.0017      0.0017
20221008 064113.875 INFO             PET0     [test] Init 1   1      0.0000      0.0000      0.0000      0.0000      0.0000
20221008 064113.875 INFO             PET0     [test] Run 1    5      0.0000      0.0000      0.0000      0.0000      0.0000
20221008 064113.875 INFO             PET0     [test] Final 1  1      0.0000      0.0000      0.0000      0.0000      0.0000
20221008 064113.871 INFO             PET1 !!!!!!!!!!!!!!!!!!!!!!!!!!!!!!!!!!!!!!!!!!!!!!!!!!!!!!
20221008 064113.872 INFO             PET1 !!! THE ESMF_LOG IS SET TO OUTPUT ALL LOG MESSAGES !!!
20221008 064113.872 INFO             PET1 !!!     THIS MAY CAUSE SLOWDOWN IN PERFORMANCE     !!!
20221008 064113.872 INFO             PET1 !!! FOR PRODUCTION RUNS, USE:                      !!!
20221008 064113.872 INFO             PET1 !!!                   ESMF_LOGKIND_Multi_On_Error  !!!
20221008 064113.872 INFO             PET1 !!!!!!!!!!!!!!!!!!!!!!!!!!!!!!!!!!!!!!!!!!!!!!!!!!!!!!
20221008 064113.872 INFO             PET1 Running with ESMF Version   : v8.4.0b18
20221008 064113.872 INFO             PET1 ESMF library build date/time: "Oct  8 2022" "06:17:43"
20221008 064113.872 INFO             PET1 ESMF library build location : /scratch2/NCEPDEV/stmp1/Gerhard.Theurich/ESMF-Nightly-Testing/gfortran_9.2.0b_openmpi_g_develop/esmf
20221008 064113.872 INFO             PET1 ESMF_COMM                   : openmpi
20221008 064113.872 INFO             PET1 ESMF_MOAB                   : enabled
20221008 064113.872 INFO             PET1 ESMF_LAPACK                 : enabled
20221008 064113.872 INFO             PET1 ESMF_NETCDF                 : disabled
20221008 064113.872 INFO             PET1 ESMF_PNETCDF                : disabled
20221008 064113.872 INFO             PET1 ESMF_PIO                    : disabled
20221008 064113.872 INFO             PET1 ESMF_YAMLCPP                : enabled
20221008 064113.872 INFO             PET1 ESMF Tracing Enabled
20221008 064113.872 INFO             PET1 ESMF Profiling Enabled
20221008 064113.872 INFO             PET1 ESMF Trace/Profile clock: REALTIME
20221008 064113.875 INFO             PET1  NUMBER_OF_PROCESSORS           4
20221008 064113.875 INFO             PET1  PASS  Example ESMF_TraceEx, ESMF_TraceEx.F90, line 178
20221008 064113.875 INFO             PET1 Finalizing ESMF
20221008 064113.875 INFO             PET1 **************** Region Timings *******************
20221008 064113.875 INFO             PET1 Region              Count  Total (s)   Self (s)    Mean (s)    Min (s)     Max (s)
20221008 064113.875 INFO             PET1   [ESMF]            1      0.0023      0.0022      0.0023      0.0023      0.0023
20221008 064113.875 INFO             PET1     [test] Run 1    5      0.0000      0.0000      0.0000      0.0000      0.0000
20221008 064113.875 INFO             PET1     [test] Init 1   1      0.0000      0.0000      0.0000      0.0000      0.0000
20221008 064113.875 INFO             PET1     [test] Final 1  1      0.0000      0.0000      0.0000      0.0000      0.0000
20221008 064113.871 INFO             PET2 !!!!!!!!!!!!!!!!!!!!!!!!!!!!!!!!!!!!!!!!!!!!!!!!!!!!!!
20221008 064113.871 INFO             PET2 !!! THE ESMF_LOG IS SET TO OUTPUT ALL LOG MESSAGES !!!
20221008 064113.871 INFO             PET2 !!!     THIS MAY CAUSE SLOWDOWN IN PERFORMANCE     !!!
20221008 064113.871 INFO             PET2 !!! FOR PRODUCTION RUNS, USE:                      !!!
20221008 064113.871 INFO             PET2 !!!                   ESMF_LOGKIND_Multi_On_Error  !!!
20221008 064113.871 INFO             PET2 !!!!!!!!!!!!!!!!!!!!!!!!!!!!!!!!!!!!!!!!!!!!!!!!!!!!!!
20221008 064113.871 INFO             PET2 Running with ESMF Version   : v8.4.0b18
20221008 064113.871 INFO             PET2 ESMF library build date/time: "Oct  8 2022" "06:17:43"
20221008 064113.871 INFO             PET2 ESMF library build location : /scratch2/NCEPDEV/stmp1/Gerhard.Theurich/ESMF-Nightly-Testing/gfortran_9.2.0b_openmpi_g_develop/esmf
20221008 064113.871 INFO             PET2 ESMF_COMM                   : openmpi
20221008 064113.872 INFO             PET2 ESMF_MOAB                   : enabled
20221008 064113.872 INFO             PET2 ESMF_LAPACK                 : enabled
20221008 064113.872 INFO             PET2 ESMF_NETCDF                 : disabled
20221008 064113.872 INFO             PET2 ESMF_PNETCDF                : disabled
20221008 064113.872 INFO             PET2 ESMF_PIO                    : disabled
20221008 064113.872 INFO             PET2 ESMF_YAMLCPP                : enabled
20221008 064113.872 INFO             PET2 ESMF Tracing Enabled
20221008 064113.872 INFO             PET2 ESMF Profiling Enabled
20221008 064113.872 INFO             PET2 ESMF Trace/Profile clock: REALTIME
20221008 064113.875 INFO             PET2  NUMBER_OF_PROCESSORS           4
20221008 064113.875 INFO             PET2  PASS  Example ESMF_TraceEx, ESMF_TraceEx.F90, line 178
20221008 064113.875 INFO             PET2 Finalizing ESMF
20221008 064113.875 INFO             PET2 **************** Region Timings *******************
20221008 064113.875 INFO             PET2 Region              Count  Total (s)   Self (s)    Mean (s)    Min (s)     Max (s)
20221008 064113.875 INFO             PET2   [ESMF]            1      0.0024      0.0024      0.0024      0.0024      0.0024
20221008 064113.875 INFO             PET2     [test] Init 1   1      0.0000      0.0000      0.0000      0.0000      0.0000
20221008 064113.875 INFO             PET2     [test] Run 1    5      0.0000      0.0000      0.0000      0.0000      0.0000
20221008 064113.875 INFO             PET2     [test] Final 1  1      0.0000      0.0000      0.0000      0.0000      0.0000
20221008 064113.871 INFO             PET3 !!!!!!!!!!!!!!!!!!!!!!!!!!!!!!!!!!!!!!!!!!!!!!!!!!!!!!
20221008 064113.871 INFO             PET3 !!! THE ESMF_LOG IS SET TO OUTPUT ALL LOG MESSAGES !!!
20221008 064113.871 INFO             PET3 !!!     THIS MAY CAUSE SLOWDOWN IN PERFORMANCE     !!!
20221008 064113.871 INFO             PET3 !!! FOR PRODUCTION RUNS, USE:                      !!!
20221008 064113.871 INFO             PET3 !!!                   ESMF_LOGKIND_Multi_On_Error  !!!
20221008 064113.871 INFO             PET3 !!!!!!!!!!!!!!!!!!!!!!!!!!!!!!!!!!!!!!!!!!!!!!!!!!!!!!
20221008 064113.871 INFO             PET3 Running with ESMF Version   : v8.4.0b18
20221008 064113.871 INFO             PET3 ESMF library build date/time: "Oct  8 2022" "06:17:43"
20221008 064113.871 INFO             PET3 ESMF library build location : /scratch2/NCEPDEV/stmp1/Gerhard.Theurich/ESMF-Nightly-Testing/gfortran_9.2.0b_openmpi_g_develop/esmf
20221008 064113.871 INFO             PET3 ESMF_COMM                   : openmpi
20221008 064113.872 INFO             PET3 ESMF_MOAB                   : enabled
20221008 064113.872 INFO             PET3 ESMF_LAPACK                 : enabled
20221008 064113.872 INFO             PET3 ESMF_NETCDF                 : disabled
20221008 064113.872 INFO             PET3 ESMF_PNETCDF                : disabled
20221008 064113.872 INFO             PET3 ESMF_PIO                    : disabled
20221008 064113.872 INFO             PET3 ESMF_YAMLCPP                : enabled
20221008 064113.872 INFO             PET3 ESMF Tracing Enabled
20221008 064113.872 INFO             PET3 ESMF Profiling Enabled
20221008 064113.872 INFO             PET3 ESMF Trace/Profile clock: REALTIME
20221008 064113.875 INFO             PET3  NUMBER_OF_PROCESSORS           4
20221008 064113.875 INFO             PET3  PASS  Example ESMF_TraceEx, ESMF_TraceEx.F90, line 178
20221008 064113.875 INFO             PET3 Finalizing ESMF
20221008 064113.875 INFO             PET3 **************** Region Timings *******************
20221008 064113.875 INFO             PET3 Region              Count  Total (s)   Self (s)    Mean (s)    Min (s)     Max (s)
20221008 064113.875 INFO             PET3   [ESMF]            1      0.0026      0.0025      0.0026      0.0026      0.0026
20221008 064113.875 INFO             PET3     [test] Init 1   1      0.0000      0.0000      0.0000      0.0000      0.0000
20221008 064113.875 INFO             PET3     [test] Run 1    5      0.0000      0.0000      0.0000      0.0000      0.0000
20221008 064113.875 INFO             PET3     [test] Final 1  1      0.0000      0.0000      0.0000      0.0000      0.0000
