2022-10-16 03:20:02
[Orion-02-13:138297:0:138297] Caught signal 11 (Segmentation fault: address not mapped to object at address 0x4f1b591)
[Orion-02-13:138298:0:138298] Caught signal 11 (Segmentation fault: address not mapped to object at address 0x4f1b591)
[Orion-02-13:138299:0:138299] Caught signal 11 (Segmentation fault: address not mapped to object at address 0x4f1b591)
[Orion-02-13:138300:0:138300] Caught signal 11 (Segmentation fault: address not mapped to object at address 0x4f1b591)

/work/noaa/da/mpotts/sandbox/pgi_2019_openmpi_O_release_8.4.0/esmf/src/Infrastructure/LogErr/src/ESMCI_LogErr.C: [ ESMCI::LogErr::MsgFoundError() ]
      ...

/work/noaa/da/mpotts/sandbox/pgi_2019_openmpi_O_release_8.4.0/esmf/src/Infrastructure/LogErr/src/ESMCI_LogErr.C: [ ESMCI::LogErr::MsgFoundError() ]
      ...
      583 {
      584     bool result=false;
      585 #ifdef ESMC_SUCCESSDEFAULT_ON
==>   586     if (rcToReturn != ESMC_NULL_POINTER) *rcToReturn=ESMF_SUCCESS;
      587 #endif
      588     if (trace) {
      589         Write(ESMC_METHOD,ESMC_LOGMSG_TRACE,
      583 {
      584     bool result=false;
      585 #ifdef ESMC_SUCCESSDEFAULT_ON
==>   586     if (rcToReturn != ESMC_NULL_POINTER) *rcToReturn=ESMF_SUCCESS;
      587 #endif
      588     if (trace) {
      589         Write(ESMC_METHOD,ESMC_LOGMSG_TRACE,



/work/noaa/da/mpotts/sandbox/pgi_2019_openmpi_O_release_8.4.0/esmf/src/Infrastructure/LogErr/src/ESMCI_LogErr.C: [ ESMCI::LogErr::MsgFoundError() ]
      ...

/work/noaa/da/mpotts/sandbox/pgi_2019_openmpi_O_release_8.4.0/esmf/src/Infrastructure/LogErr/src/ESMCI_LogErr.C: [ ESMCI::LogErr::MsgFoundError() ]
      ...
      583 {
      584     bool result=false;
      585 #ifdef ESMC_SUCCESSDEFAULT_ON
==>   586     if (rcToReturn != ESMC_NULL_POINTER) *rcToReturn=ESMF_SUCCESS;
      587 #endif
      588     if (trace) {
      589         Write(ESMC_METHOD,ESMC_LOGMSG_TRACE,
      583 {
      584     bool result=false;
      585 #ifdef ESMC_SUCCESSDEFAULT_ON
==>   586     if (rcToReturn != ESMC_NULL_POINTER) *rcToReturn=ESMF_SUCCESS;
      587 #endif
      588     if (trace) {
      589         Write(ESMC_METHOD,ESMC_LOGMSG_TRACE,


==== backtrace (tid: 138298) ====
 0 0x000000000072c2b3 ESMCI::LogErr::MsgFoundError()  /work/noaa/da/mpotts/sandbox/pgi_2019_openmpi_O_release_8.4.0/esmf/src/Infrastructure/LogErr/src/ESMCI_LogErr.C:586
 1 0x00000000008844b1 c_esmc_meshcreatenodedistgrid_()  /work/noaa/da/mpotts/sandbox/pgi_2019_openmpi_O_release_8.4.0/esmf/src/Infrastructure/Mesh/interface/ESMCI_Mesh_F.C:248
 2 0x0000000000f8fd70 esmf_meshmod_esmf_meshcreate1part_()  /work/noaa/da/mpotts/sandbox/pgi_2019_openmpi_O_release_8.4.0/esmf/src/Infrastructure/Mesh/interface/ESMF_Mesh.F90:1407
 3 0x000000000040a7d4 MAIN_()  /work/noaa/da/mpotts/sandbox/pgi_2019_openmpi_O_release_8.4.0/esmf/src/Infrastructure/Mesh/examples/ESMF_MeshEx.F90:667
 4 0x00000000004055b3 main()  ???:0
 5 0x0000000000022495 __libc_start_main()  ???:0
 6 0x00000000004054b9 _start()  ???:0
=================================
[Orion-02-13:138298] *** Process received signal ***
[Orion-02-13:138298] Signal: Segmentation fault (11)
[Orion-02-13:138298] Signal code:  (-6)
[Orion-02-13:138298] Failing at address: 0x20e500021c3a
[Orion-02-13:138298] [ 0] /lib64/libpthread.so.0(+0xf5d0)[0x7f97dc4425d0]
==== backtrace (tid: 138300) ====
 0 0x000000000072c2b3 ESMCI::LogErr::MsgFoundError()  /work/noaa/da/mpotts/sandbox/pgi_2019_openmpi_O_release_8.4.0/esmf/src/Infrastructure/LogErr/src/ESMCI_LogErr.C:586
 1 0x00000000008844b1 c_esmc_meshcreatenodedistgrid_()  /work/noaa/da/mpotts/sandbox/pgi_2019_openmpi_O_release_8.4.0/esmf/src/Infrastructure/Mesh/interface/ESMCI_Mesh_F.C:248
 2 0x0000000000f8fd70 esmf_meshmod_esmf_meshcreate1part_()  /work/noaa/da/mpotts/sandbox/pgi_2019_openmpi_O_release_8.4.0/esmf/src/Infrastructure/Mesh/interface/ESMF_Mesh.F90:1407
 3 0x000000000040a7d4 MAIN_()  /work/noaa/da/mpotts/sandbox/pgi_2019_openmpi_O_release_8.4.0/esmf/src/Infrastructure/Mesh/examples/ESMF_MeshEx.F90:667
 4 0x00000000004055b3 main()  ???:0
 5 0x0000000000022495 __libc_start_main()  ???:0
 6 0x00000000004054b9 _start()  ???:0
=================================
[Orion-02-13:138300] *** Process received signal ***
[Orion-02-13:138300] Signal: Segmentation fault (11)
[Orion-02-13:138300] Signal code:  (-6)
[Orion-02-13:138300] Failing at address: 0x20e500021c3c
[Orion-02-13:138298] [ 1] /work/noaa/da/mpotts/sandbox/pgi_2019_openmpi_O_release_8.4.0/esmf/lib/libO/Linux.pgi.64.openmpi.default/libesmf.so(_ZN5ESMCI6LogErr13MsgFoundErrorEiPKciS2_S2_Pi+0x33)[0x7f97dabe62b3]
[Orion-02-13:138300] [ 0] /lib64/libpthread.so.0(+0xf5d0)[0x7f5cd41bd5d0]
[Orion-02-13:138300] [ 1] /work/noaa/da/mpotts/sandbox/pgi_2019_openmpi_O_release_8.4.0/esmf/lib/libO/Linux.pgi.64.openmpi.default/libesmf.so(_ZN5ESMCI6LogErr13MsgFoundErrorEiPKciS2_S2_Pi+0x33)[0x7f5cd29612b3]
[Orion-02-13:138298] [ 2] /work/noaa/da/mpotts/sandbox/pgi_2019_openmpi_O_release_8.4.0/esmf/lib/libO/Linux.pgi.64.openmpi.default/libesmf.so(c_esmc_meshcreatenodedistgrid_+0xa1)[0x7f97dad3e4b1]
[Orion-02-13:138300] [ 2] /work/noaa/da/mpotts/sandbox/pgi_2019_openmpi_O_release_8.4.0/esmf/lib/libO/Linux.pgi.64.openmpi.default/libesmf.so(c_esmc_meshcreatenodedistgrid_+0xa1)[0x7f5cd2ab94b1]
[Orion-02-13:138298] [ 3] /work/noaa/da/mpotts/sandbox/pgi_2019_openmpi_O_release_8.4.0/esmf/lib/libO/Linux.pgi.64.openmpi.default/libesmf.so(esmf_meshmod_esmf_meshcreate1part_+0xce0)[0x7f97db449d70]
[Orion-02-13:138298] [ 4] /work/noaa/da/mpotts/sandbox/pgi_2019_openmpi_O_release_8.4.0/esmf/examples/examplesO/Linux.pgi.64.openmpi.default/./ESMF_MeshEx[0x40a7d4]
[Orion-02-13:138298] [ 5] /work/noaa/da/mpotts/sandbox/pgi_2019_openmpi_O_release_8.4.0/esmf/examples/examplesO/Linux.pgi.64.openmpi.default/./ESMF_MeshEx[0x4055b3]
[Orion-02-13:138298] [ 6] /lib64/libc.so.6(__libc_start_main+0xf5)[0x7f97d6907495]
[Orion-02-13:138298] [ 7] /work/noaa/da/mpotts/sandbox/pgi_2019_openmpi_O_release_8.4.0/esmf/examples/examplesO/Linux.pgi.64.openmpi.default/./ESMF_MeshEx[0x4054b9]
[Orion-02-13:138298] *** End of error message ***
[Orion-02-13:138300] [ 3] /work/noaa/da/mpotts/sandbox/pgi_2019_openmpi_O_release_8.4.0/esmf/lib/libO/Linux.pgi.64.openmpi.default/libesmf.so(esmf_meshmod_esmf_meshcreate1part_+0xce0)[0x7f5cd31c4d70]
[Orion-02-13:138300] [ 4] /work/noaa/da/mpotts/sandbox/pgi_2019_openmpi_O_release_8.4.0/esmf/examples/examplesO/Linux.pgi.64.openmpi.default/./ESMF_MeshEx[0x40a7d4]
[Orion-02-13:138300] [ 5] /work/noaa/da/mpotts/sandbox/pgi_2019_openmpi_O_release_8.4.0/esmf/examples/examplesO/Linux.pgi.64.openmpi.default/./ESMF_MeshEx[0x4055b3]
[Orion-02-13:138300] [ 6] /lib64/libc.so.6(__libc_start_main+0xf5)[0x7f5cce682495]
[Orion-02-13:138300] [ 7] /work/noaa/da/mpotts/sandbox/pgi_2019_openmpi_O_release_8.4.0/esmf/examples/examplesO/Linux.pgi.64.openmpi.default/./ESMF_MeshEx[0x4054b9]
[Orion-02-13:138300] *** End of error message ***
==== backtrace (tid: 138299) ====
 0 0x000000000072c2b3 ESMCI::LogErr::MsgFoundError()  /work/noaa/da/mpotts/sandbox/pgi_2019_openmpi_O_release_8.4.0/esmf/src/Infrastructure/LogErr/src/ESMCI_LogErr.C:586
 1 0x00000000008844b1 c_esmc_meshcreatenodedistgrid_()  /work/noaa/da/mpotts/sandbox/pgi_2019_openmpi_O_release_8.4.0/esmf/src/Infrastructure/Mesh/interface/ESMCI_Mesh_F.C:248
 2 0x0000000000f8fd70 esmf_meshmod_esmf_meshcreate1part_()  /work/noaa/da/mpotts/sandbox/pgi_2019_openmpi_O_release_8.4.0/esmf/src/Infrastructure/Mesh/interface/ESMF_Mesh.F90:1407
 3 0x000000000040a7d4 MAIN_()  /work/noaa/da/mpotts/sandbox/pgi_2019_openmpi_O_release_8.4.0/esmf/src/Infrastructure/Mesh/examples/ESMF_MeshEx.F90:667
 4 0x00000000004055b3 main()  ???:0
 5 0x0000000000022495 __libc_start_main()  ???:0
 6 0x00000000004054b9 _start()  ???:0
=================================
[Orion-02-13:138299] *** Process received signal ***
[Orion-02-13:138299] Signal: Segmentation fault (11)
[Orion-02-13:138299] Signal code:  (-6)
[Orion-02-13:138299] Failing at address: 0x20e500021c3b
[Orion-02-13:138299] [ 0] /lib64/libpthread.so.0(+0xf5d0)[0x7f6ff48775d0]
==== backtrace (tid: 138297) ====
 0 0x000000000072c2b3 ESMCI::LogErr::MsgFoundError()  /work/noaa/da/mpotts/sandbox/pgi_2019_openmpi_O_release_8.4.0/esmf/src/Infrastructure/LogErr/src/ESMCI_LogErr.C:586
 1 0x00000000008844b1 c_esmc_meshcreatenodedistgrid_()  /work/noaa/da/mpotts/sandbox/pgi_2019_openmpi_O_release_8.4.0/esmf/src/Infrastructure/Mesh/interface/ESMCI_Mesh_F.C:248
 2 0x0000000000f8fd70 esmf_meshmod_esmf_meshcreate1part_()  /work/noaa/da/mpotts/sandbox/pgi_2019_openmpi_O_release_8.4.0/esmf/src/Infrastructure/Mesh/interface/ESMF_Mesh.F90:1407
 3 0x000000000040a7d4 MAIN_()  /work/noaa/da/mpotts/sandbox/pgi_2019_openmpi_O_release_8.4.0/esmf/src/Infrastructure/Mesh/examples/ESMF_MeshEx.F90:667
 4 0x00000000004055b3 main()  ???:0
 5 0x0000000000022495 __libc_start_main()  ???:0
 6 0x00000000004054b9 _start()  ???:0
=================================
[Orion-02-13:138297] *** Process received signal ***
[Orion-02-13:138297] Signal: Segmentation fault (11)
[Orion-02-13:138297] Signal code:  (-6)
[Orion-02-13:138297] Failing at address: 0x20e500021c39
[Orion-02-13:138299] [ 1] /work/noaa/da/mpotts/sandbox/pgi_2019_openmpi_O_release_8.4.0/esmf/lib/libO/Linux.pgi.64.openmpi.default/libesmf.so(_ZN5ESMCI6LogErr13MsgFoundErrorEiPKciS2_S2_Pi+0x33)[0x7f6ff301b2b3]
[Orion-02-13:138297] [ 0] /lib64/libpthread.so.0(+0xf5d0)[0x7fa17f1235d0]
[Orion-02-13:138299] [ 2] /work/noaa/da/mpotts/sandbox/pgi_2019_openmpi_O_release_8.4.0/esmf/lib/libO/Linux.pgi.64.openmpi.default/libesmf.so(c_esmc_meshcreatenodedistgrid_+0xa1)[0x7f6ff31734b1]
[Orion-02-13:138297] [ 1] /work/noaa/da/mpotts/sandbox/pgi_2019_openmpi_O_release_8.4.0/esmf/lib/libO/Linux.pgi.64.openmpi.default/libesmf.so(_ZN5ESMCI6LogErr13MsgFoundErrorEiPKciS2_S2_Pi+0x33)[0x7fa17d8c72b3]
[Orion-02-13:138299] [ 3] /work/noaa/da/mpotts/sandbox/pgi_2019_openmpi_O_release_8.4.0/esmf/lib/libO/Linux.pgi.64.openmpi.default/libesmf.so(esmf_meshmod_esmf_meshcreate1part_+0xce0)[0x7f6ff387ed70]
[Orion-02-13:138297] [ 2] /work/noaa/da/mpotts/sandbox/pgi_2019_openmpi_O_release_8.4.0/esmf/lib/libO/Linux.pgi.64.openmpi.default/libesmf.so(c_esmc_meshcreatenodedistgrid_+0xa1)[0x7fa17da1f4b1]
[Orion-02-13:138299] [ 4] /work/noaa/da/mpotts/sandbox/pgi_2019_openmpi_O_release_8.4.0/esmf/examples/examplesO/Linux.pgi.64.openmpi.default/./ESMF_MeshEx[0x40a7d4]
[Orion-02-13:138299] [ 5] /work/noaa/da/mpotts/sandbox/pgi_2019_openmpi_O_release_8.4.0/esmf/examples/examplesO/Linux.pgi.64.openmpi.default/./ESMF_MeshEx[0x4055b3]
[Orion-02-13:138299] [ 6] /lib64/libc.so.6(__libc_start_main+0xf5)[0x7f6feed3c495]
[Orion-02-13:138299] [ 7] /work/noaa/da/mpotts/sandbox/pgi_2019_openmpi_O_release_8.4.0/esmf/examples/examplesO/Linux.pgi.64.openmpi.default/./ESMF_MeshEx[0x4054b9]
[Orion-02-13:138299] *** End of error message ***
[Orion-02-13:138297] [ 3] /work/noaa/da/mpotts/sandbox/pgi_2019_openmpi_O_release_8.4.0/esmf/lib/libO/Linux.pgi.64.openmpi.default/libesmf.so(esmf_meshmod_esmf_meshcreate1part_+0xce0)[0x7fa17e12ad70]
[Orion-02-13:138297] [ 4] /work/noaa/da/mpotts/sandbox/pgi_2019_openmpi_O_release_8.4.0/esmf/examples/examplesO/Linux.pgi.64.openmpi.default/./ESMF_MeshEx[0x40a7d4]
[Orion-02-13:138297] [ 5] /work/noaa/da/mpotts/sandbox/pgi_2019_openmpi_O_release_8.4.0/esmf/examples/examplesO/Linux.pgi.64.openmpi.default/./ESMF_MeshEx[0x4055b3]
[Orion-02-13:138297] [ 6] /lib64/libc.so.6(__libc_start_main+0xf5)[0x7fa1795e8495]
[Orion-02-13:138297] [ 7] /work/noaa/da/mpotts/sandbox/pgi_2019_openmpi_O_release_8.4.0/esmf/examples/examplesO/Linux.pgi.64.openmpi.default/./ESMF_MeshEx[0x4054b9]
[Orion-02-13:138297] *** End of error message ***
srun: error: Orion-02-13: tasks 0-3: Segmentation fault
srun: launch/slurm: _step_signal: Terminating StepId=7233720.307
