2022-10-26 06:30:03
20221026 064612.080 INFO             PET0 !!!!!!!!!!!!!!!!!!!!!!!!!!!!!!!!!!!!!!!!!!!!!!!!!!!!!!
20221026 064612.080 INFO             PET0 !!! THE ESMF_LOG IS SET TO OUTPUT ALL LOG MESSAGES !!!
20221026 064612.080 INFO             PET0 !!!     THIS MAY CAUSE SLOWDOWN IN PERFORMANCE     !!!
20221026 064612.080 INFO             PET0 !!! FOR PRODUCTION RUNS, USE:                      !!!
20221026 064612.080 INFO             PET0 !!!                   ESMF_LOGKIND_Multi_On_Error  !!!
20221026 064612.080 INFO             PET0 !!!!!!!!!!!!!!!!!!!!!!!!!!!!!!!!!!!!!!!!!!!!!!!!!!!!!!
20221026 064612.080 INFO             PET0 Running with ESMF Version   : v8.4.0
20221026 064612.080 INFO             PET0 ESMF library build date/time: "Oct 26 2022" "06:29:10"
20221026 064612.080 INFO             PET0 ESMF library build location : /scratch2/NCEPDEV/stmp1/Gerhard.Theurich/ESMF-Nightly-Testing/gfortran_9.2.0a_mpiuni_O_v8.4.0/esmf
20221026 064612.080 INFO             PET0 ESMF_COMM                   : mpiuni
20221026 064612.081 INFO             PET0 ESMF_MOAB                   : enabled
20221026 064612.081 INFO             PET0 ESMF_LAPACK                 : enabled
20221026 064612.081 INFO             PET0 ESMF_NETCDF                 : enabled
20221026 064612.081 INFO             PET0 ESMF_PNETCDF                : disabled
20221026 064612.081 INFO             PET0 ESMF_PIO                    : disabled
20221026 064612.081 INFO             PET0 ESMF_YAMLCPP                : enabled
20221026 064612.082 INFO             PET0  NUMBER_OF_PROCESSORS           1
20221026 064612.082 INFO             PET0  PASS  Example ESMF_AttachMethodsEx, ESMF_AttachMethodsEx.F90, line 292
20221026 064612.082 INFO             PET0 Finalizing ESMF
