2022-09-26 02:36:00
20220926 031634.467 INFO             PET0 !!!!!!!!!!!!!!!!!!!!!!!!!!!!!!!!!!!!!!!!!!!!!!!!!!!!!!
20220926 031634.467 INFO             PET0 !!! THE ESMF_LOG IS SET TO OUTPUT ALL LOG MESSAGES !!!
20220926 031634.467 INFO             PET0 !!!     THIS MAY CAUSE SLOWDOWN IN PERFORMANCE     !!!
20220926 031634.467 INFO             PET0 !!! FOR PRODUCTION RUNS, USE:                      !!!
20220926 031634.467 INFO             PET0 !!!                   ESMF_LOGKIND_Multi_On_Error  !!!
20220926 031634.467 INFO             PET0 !!!!!!!!!!!!!!!!!!!!!!!!!!!!!!!!!!!!!!!!!!!!!!!!!!!!!!
20220926 031634.467 INFO             PET0 Running with ESMF Version   : v8.4.0b14-14-g1fd7513367
20220926 031634.467 INFO             PET0 ESMF library build date/time: "Sep 26 2022" "02:32:48"
20220926 031634.467 INFO             PET0 ESMF library build location : /glade/scratch/dunlap/esmf-testing/gfortran_10.1.0_openmpi_g_develop/esmf
20220926 031634.467 INFO             PET0 ESMF_COMM                   : openmpi
20220926 031634.467 INFO             PET0 ESMF_MOAB                   : enabled
20220926 031634.467 INFO             PET0 ESMF_LAPACK                 : enabled
20220926 031634.467 INFO             PET0 ESMF_NETCDF                 : enabled
20220926 031634.467 INFO             PET0 ESMF_PNETCDF                : disabled
20220926 031634.467 INFO             PET0 ESMF_PIO                    : enabled
20220926 031634.467 INFO             PET0 ESMF_YAMLCPP                : enabled
20220926 031634.468 INFO             PET0 esmApp STARTING
20220926 031634.474 INFO             PET0 esm: InitializeGeneric intro.
20220926 031634.474 INFO             PET0   esm: InitializeP0 intro.
20220926 031634.474 INFO             PET0   esm: InitializeP0 extro.
20220926 031634.474 INFO             PET0   esm: InitializeIPDv02p1 intro.
20220926 031634.474 INFO             PET0     >>>esm: entered Initialize (phase=<none>) without valid internal Clock.
20220926 031634.475 INFO             PET0     esm - Creating model component ATM without petList.
20220926 031634.478 INFO             PET0     esm - Creating model component OCN without petList.
20220926 031634.481 INFO             PET0     esm - Creating connector component ATM-TO-OCN without petList.
20220926 031634.486 INFO             PET0     esm - Creating connector component OCN-TO-ATM without petList.
20220926 031634.492 INFO             PET0     esm - Creating state: modelComp 1 Import State
20220926 031634.492 INFO             PET0     esm - Creating state: modelComp 1 Export State
20220926 031634.492 INFO             PET0     esm - Creating state: modelComp 2 Import State
20220926 031634.492 INFO             PET0     esm - Creating state: modelComp 2 Export State
20220926 031634.493 INFO             PET0     ATM: InitializeP0 intro.
20220926 031634.495 INFO             PET0     ATM: InitializeP0 extro.
20220926 031634.496 INFO             PET0     OCN: InitializeP0 intro.
20220926 031634.498 INFO             PET0     OCN: InitializeP0 extro.
20220926 031634.499 INFO             PET0     ATM-TO-OCN: InitializeP0 intro.
20220926 031634.499 INFO             PET0     ATM-TO-OCN: InitializeP0 extro.
20220926 031634.500 INFO             PET0     OCN-TO-ATM: InitializeP0 intro.
20220926 031634.500 INFO             PET0     OCN-TO-ATM: InitializeP0 extro.
20220926 031634.502 INFO             PET0     esm: IInitAdvertise intro.
20220926 031634.502 INFO             PET0     esm: IInitAdvertise extro.
20220926 031634.502 INFO             PET0     ATM: InitializeIPDvXp01 intro.
20220926 031634.506 INFO             PET0     ATM: InitializeIPDvXp01 extro.
20220926 031634.507 INFO             PET0     OCN: InitializeIPDvXp01 intro.
20220926 031634.510 INFO             PET0     OCN: InitializeIPDvXp01 extro.
20220926 031634.511 INFO             PET0     ATM-TO-OCN: InitializeIPDv05p1 intro.
20220926 031634.515 INFO             PET0     ATM-TO-OCN: InitializeIPDv05p1 extro.
20220926 031634.516 INFO             PET0     OCN-TO-ATM: InitializeIPDv05p1 intro.
20220926 031634.519 INFO             PET0     OCN-TO-ATM: InitializeIPDv05p1 extro.
20220926 031634.519 INFO             PET0     esm: IInitAdvertiseFinish intro.
20220926 031634.519 INFO             PET0     esm: IInitAdvertiseFinish extro.
20220926 031634.519 INFO             PET0     ATM-TO-OCN: InitializeIPDv05p2a intro.
20220926 031634.523 INFO             PET0     ATM-TO-OCN: InitializeIPDv05p2a extro.
20220926 031634.523 INFO             PET0     OCN-TO-ATM: InitializeIPDv05p2a intro.
20220926 031634.526 INFO             PET0     OCN-TO-ATM: InitializeIPDv05p2a extro.
20220926 031634.526 INFO             PET0     ATM-TO-OCN: InitializeIPDv05p2b intro.
20220926 031634.530 INFO             PET0     ATM-TO-OCN: InitializeIPDv05p2b extro.
20220926 031634.532 INFO             PET0     OCN-TO-ATM: InitializeIPDv05p2b intro.
20220926 031634.536 INFO             PET0     OCN-TO-ATM: InitializeIPDv05p2b extro.
20220926 031634.536 INFO             PET0     esm: IInitModifyCplLists intro.
20220926 031634.536 INFO             PET0     esm: IInitModifyCplLists extro.
20220926 031634.537 INFO             PET0     ATM-TO-OCN: InitializeIPDv05p3 intro.
20220926 031634.541 INFO             PET0     ATM-TO-OCN: InitializeIPDv05p3 extro.
20220926 031634.541 INFO             PET0     OCN-TO-ATM: InitializeIPDv05p3 intro.
20220926 031634.544 INFO             PET0     OCN-TO-ATM: InitializeIPDv05p3 extro.
20220926 031634.544 INFO             PET0     <<<esm: leaving Initialize (phase=<none>) with current time: 2010  6  1  0  0  0   0
20220926 031634.544 INFO             PET0   esm: InitializeIPDv02p1 extro.
20220926 031634.545 INFO             PET0   esm: InitializeIPDv02p3 intro.
20220926 031634.545 INFO             PET0     >>>esm: entered Initialize (phase=<none>) with current time: 2010  6  1  0  0  0   0
20220926 031634.545 INFO             PET0     esm: IInitCheck intro.
20220926 031634.545 INFO             PET0     esm: IInitCheck extro.
20220926 031634.545 INFO             PET0     atmA: InitializeIPDvXp04 intro.
20220926 031634.551 INFO             PET0     atmA: InitializeIPDvXp04 extro.
20220926 031634.551 INFO             PET0     ocnA: InitializeIPDvXp04 intro.
20220926 031634.556 INFO             PET0     ocnA: InitializeIPDvXp04 extro.
20220926 031634.557 INFO             PET0     ATM-TO-OCN: InitializeIPDv05p4 intro.
20220926 031634.563 INFO             PET0     ATM-TO-OCN: InitializeIPDv05p4 extro.
20220926 031634.563 INFO             PET0     OCN-TO-ATM: InitializeIPDv05p4 intro.
20220926 031634.567 INFO             PET0     OCN-TO-ATM: InitializeIPDv05p4 extro.
20220926 031634.568 INFO             PET0     ATM-TO-OCN: InitializeIPDv05p5 intro.
20220926 031634.573 INFO             PET0     ATM-TO-OCN: InitializeIPDv05p5 extro.
20220926 031634.573 INFO             PET0     OCN-TO-ATM: InitializeIPDv05p5 intro.
20220926 031634.578 INFO             PET0     OCN-TO-ATM: InitializeIPDv05p5 extro.
20220926 031634.578 INFO             PET0     esm: IInitRealize intro.
20220926 031634.578 INFO             PET0     esm: IInitRealize extro.
20220926 031634.578 INFO             PET0     ATM-TO-OCN: InitializeIPDv05p6a intro.
20220926 031634.583 INFO             PET0     ATM-TO-OCN: InitializeIPDv05p6a extro.
20220926 031634.583 INFO             PET0     OCN-TO-ATM: InitializeIPDv05p6a intro.
20220926 031634.587 INFO             PET0     OCN-TO-ATM: InitializeIPDv05p6a extro.
20220926 031634.587 INFO             PET0     ATM-TO-OCN: InitializeIPDv05p6b intro.
20220926 031634.644 INFO             PET0     ATM-TO-OCN: InitializeIPDv05p6b extro.
20220926 031634.645 INFO             PET0     OCN-TO-ATM: InitializeIPDv05p6b intro.
20220926 031634.692 INFO             PET0     OCN-TO-ATM: InitializeIPDv05p6b extro.
20220926 031634.692 INFO             PET0     atmA: InitializeIPDvXp07 intro.
20220926 031634.692 INFO             PET0     atmA: InitializeIPDvXp07 extro.
20220926 031634.693 INFO             PET0     ocnA: InitializeIPDvXp07 intro.
20220926 031634.693 INFO             PET0     ocnA: InitializeIPDvXp07 extro.
20220926 031634.694 INFO             PET0     <<<esm: leaving Initialize (phase=<none>) with current time: 2010  6  1  0  0  0   0
20220926 031634.694 INFO             PET0   esm: InitializeIPDv02p3 extro.
20220926 031634.694 INFO             PET0   esm: InitializeIPDv02p5 intro.
20220926 031634.695 INFO             PET0     >>>esm: entered Initialize (phase=<none>) with current time: 2010  6  1  0  0  0   0
20220926 031634.695 INFO             PET0     esm: this is a top level driver, no 'Updated' and 'InitializeDataComplete' info on this level.
20220926 031634.695 INFO             PET0     esm: InitializeIPDv02p5Data intro.
20220926 031634.695 INFO             PET0       esm: InternalInitializeComplete intro.
20220926 031634.695 INFO             PET0         esm: InitializeDataComplete='true'
20220926 031634.695 INFO             PET0       esm: InternalInitializeComplete extro.
20220926 031634.695 INFO             PET0       atmA: InitializeIPDv01p5 intro.
20220926 031634.695 INFO             PET0       atmA: InitializeIPDv01p5 extro.
20220926 031634.696 INFO             PET0       ocnA: InitializeIPDv01p5 intro.
20220926 031634.696 INFO             PET0       ocnA: InitializeIPDv01p5 extro.
20220926 031634.697 INFO             PET0       esm: components present that trigger loopDataDependentInitialize().
20220926 031634.697 INFO             PET0       esm: loopDataDependentInitialize intro.
20220926 031634.697 INFO             PET0         esm: component    0=esm, dataComplete (local): true
20220926 031634.697 INFO             PET0         esm: component    0=esm, dataComplete (global): T
20220926 031634.697 INFO             PET0         esm: component    1=atmA, dataComplete (local): true
20220926 031634.697 INFO             PET0         esm: component    1=atmA, dataComplete (global): T
20220926 031634.697 INFO             PET0         esm: component    2=ocnA, dataComplete (local): true
20220926 031634.697 INFO             PET0         esm: component    2=ocnA, dataComplete (global): T
20220926 031634.697 INFO             PET0         esm: someProgress=F, allComplete=T, present(dataDepAllComplete)=T
20220926 031634.697 INFO             PET0         esm: finished resolving initialize data dependencies on this level.
20220926 031634.697 INFO             PET0       esm: loopDataDependentInitialize extro.
20220926 031634.697 INFO             PET0       esm: loopDataDependentInitialize() returned with dataDepAllComplete: T
20220926 031634.697 INFO             PET0     esm: InitializeIPDv02p5Data extro.
20220926 031634.697 INFO             PET0     <<<esm: leaving Initialize (phase=<none>) with current time: 2010  6  1  0  0  0   0
20220926 031634.697 INFO             PET0   esm: InitializeIPDv02p5 extro.
20220926 031634.697 INFO             PET0 esm: InitializeGeneric extro.
20220926 031634.697 INFO             PET0 esm: Run intro.
20220926 031634.698 INFO             PET0   >>>esm entered Run (phase=RunPhase1) with current time: 2010  6  1  0  0  0   0
20220926 031634.698 INFO             PET0   esm: after lable_SetRunClock, current time: 2010  6  1  0  0  0   0
20220926 031634.698 INFO             PET0   esm: begin -------> RunSequence.
20220926 031634.698 INFO             PET0     esm: RunSequence event loopLevel=   1  levelMember=   1  loopIteration=   1, current time: 2010  6  1  0  0  0   0
20220926 031634.698 INFO             PET0     ATM-TO-OCN: Run intro.
20220926 031634.698 INFO             PET0     ATM-TO-OCN: Run extro.
20220926 031634.698 INFO             PET0     OCN-TO-ATM: Run intro.
20220926 031634.698 INFO             PET0     OCN-TO-ATM: Run extro.
20220926 031634.699 INFO             PET0     atmA: Run intro.
20220926 031634.699 INFO             PET0       ------>Advancing ATM from: 2010  6  1  0  0  0   0
20220926 031634.699 INFO             PET0       ---------------------> to: 2010  6  1  0 15  0   0
20220926 031634.699 INFO             PET0     atmA: Run extro.
20220926 031634.699 INFO             PET0     ocnA: Run intro.
20220926 031634.699 INFO             PET0       ------>Advancing OCN from: 2010  6  1  0  0  0   0
20220926 031634.699 INFO             PET0       ---------------------> to: 2010  6  1  0  5  0   0
20220926 031634.699 INFO             PET0       ------>Advancing OCN from: 2010  6  1  0  5  0   0
20220926 031634.699 INFO             PET0       ---------------------> to: 2010  6  1  0 10  0   0
20220926 031634.699 INFO             PET0       ------>Advancing OCN from: 2010  6  1  0 10  0   0
20220926 031634.699 INFO             PET0       ---------------------> to: 2010  6  1  0 15  0   0
20220926 031634.699 INFO             PET0     ocnA: Run extro.
20220926 031634.699 INFO             PET0     esm: RunSequence event loopLevel=   1  levelMember=   1  loopIteration=   2, current time: 2010  6  1  0 15  0   0
20220926 031634.699 INFO             PET0     ATM-TO-OCN: Run intro.
20220926 031634.700 INFO             PET0     ATM-TO-OCN: Run extro.
20220926 031634.700 INFO             PET0     OCN-TO-ATM: Run intro.
20220926 031634.700 INFO             PET0     OCN-TO-ATM: Run extro.
20220926 031634.700 INFO             PET0     atmA: Run intro.
20220926 031634.700 INFO             PET0       ------>Advancing ATM from: 2010  6  1  0 15  0   0
20220926 031634.700 INFO             PET0       ---------------------> to: 2010  6  1  0 30  0   0
20220926 031634.700 INFO             PET0     atmA: Run extro.
20220926 031634.700 INFO             PET0     ocnA: Run intro.
20220926 031634.700 INFO             PET0       ------>Advancing OCN from: 2010  6  1  0 15  0   0
20220926 031634.700 INFO             PET0       ---------------------> to: 2010  6  1  0 20  0   0
20220926 031634.700 INFO             PET0       ------>Advancing OCN from: 2010  6  1  0 20  0   0
20220926 031634.700 INFO             PET0       ---------------------> to: 2010  6  1  0 25  0   0
20220926 031634.700 INFO             PET0       ------>Advancing OCN from: 2010  6  1  0 25  0   0
20220926 031634.700 INFO             PET0       ---------------------> to: 2010  6  1  0 30  0   0
20220926 031634.700 INFO             PET0     ocnA: Run extro.
20220926 031634.700 INFO             PET0     esm: RunSequence event loopLevel=   1  levelMember=   1  loopIteration=   3, current time: 2010  6  1  0 30  0   0
20220926 031634.701 INFO             PET0     ATM-TO-OCN: Run intro.
20220926 031634.701 INFO             PET0     ATM-TO-OCN: Run extro.
20220926 031634.701 INFO             PET0     OCN-TO-ATM: Run intro.
20220926 031634.701 INFO             PET0     OCN-TO-ATM: Run extro.
20220926 031634.701 INFO             PET0     atmA: Run intro.
20220926 031634.701 INFO             PET0       ------>Advancing ATM from: 2010  6  1  0 30  0   0
20220926 031634.701 INFO             PET0       ---------------------> to: 2010  6  1  0 45  0   0
20220926 031634.701 INFO             PET0     atmA: Run extro.
20220926 031634.701 INFO             PET0     ocnA: Run intro.
20220926 031634.702 INFO             PET0       ------>Advancing OCN from: 2010  6  1  0 30  0   0
20220926 031634.702 INFO             PET0       ---------------------> to: 2010  6  1  0 35  0   0
20220926 031634.702 INFO             PET0       ------>Advancing OCN from: 2010  6  1  0 35  0   0
20220926 031634.702 INFO             PET0       ---------------------> to: 2010  6  1  0 40  0   0
20220926 031634.702 INFO             PET0       ------>Advancing OCN from: 2010  6  1  0 40  0   0
20220926 031634.702 INFO             PET0       ---------------------> to: 2010  6  1  0 45  0   0
20220926 031634.702 INFO             PET0     ocnA: Run extro.
20220926 031634.702 INFO             PET0     esm: RunSequence event loopLevel=   1  levelMember=   1  loopIteration=   4, current time: 2010  6  1  0 45  0   0
20220926 031634.702 INFO             PET0     ATM-TO-OCN: Run intro.
20220926 031634.702 INFO             PET0     ATM-TO-OCN: Run extro.
20220926 031634.702 INFO             PET0     OCN-TO-ATM: Run intro.
20220926 031634.702 INFO             PET0     OCN-TO-ATM: Run extro.
20220926 031634.702 INFO             PET0     atmA: Run intro.
20220926 031634.702 INFO             PET0       ------>Advancing ATM from: 2010  6  1  0 45  0   0
20220926 031634.702 INFO             PET0       ---------------------> to: 2010  6  1  1  0  0   0
20220926 031634.703 INFO             PET0     atmA: Run extro.
20220926 031634.703 INFO             PET0     ocnA: Run intro.
20220926 031634.703 INFO             PET0       ------>Advancing OCN from: 2010  6  1  0 45  0   0
20220926 031634.703 INFO             PET0       ---------------------> to: 2010  6  1  0 50  0   0
20220926 031634.703 INFO             PET0       ------>Advancing OCN from: 2010  6  1  0 50  0   0
20220926 031634.703 INFO             PET0       ---------------------> to: 2010  6  1  0 55  0   0
20220926 031634.703 INFO             PET0       ------>Advancing OCN from: 2010  6  1  0 55  0   0
20220926 031634.703 INFO             PET0       ---------------------> to: 2010  6  1  1  0  0   0
20220926 031634.703 INFO             PET0     ocnA: Run extro.
20220926 031634.703 INFO             PET0   esm: end <--------- RunSequence
20220926 031634.703 INFO             PET0   <<<esm - leaving Run with current time: 2010  6  1  1  0  0   0
20220926 031634.703 INFO             PET0 esm: Run extro.
20220926 031634.703 INFO             PET0 esm: Finalize intro.
20220926 031634.703 INFO             PET0   Calling Finalize phase 1 for connectorComp: ATM-TO-OCN
20220926 031634.703 INFO             PET0   ATM-TO-OCN: Finalize intro.
20220926 031634.703 INFO             PET0   ATM-TO-OCN: Finalize extro.
20220926 031634.703 INFO             PET0   Calling Finalize phase 1 for connectorComp: OCN-TO-ATM
20220926 031634.703 INFO             PET0   OCN-TO-ATM: Finalize intro.
20220926 031634.703 INFO             PET0   OCN-TO-ATM: Finalize extro.
20220926 031634.703 INFO             PET0   Calling Finalize phase 1 for modelComp: atmA
20220926 031634.703 INFO             PET0   atmA: Finalize intro.
20220926 031634.703 INFO             PET0   atmA: Finalize extro.
20220926 031634.703 INFO             PET0   Calling Finalize phase 1 for modelComp: ocnA
20220926 031634.703 INFO             PET0   ocnA: Finalize intro.
20220926 031634.704 INFO             PET0   ocnA: Finalize extro.
20220926 031634.704 INFO             PET0   Delete modelComp: atmA
20220926 031634.704 INFO             PET0   Delete Import-/Export State for modelComp: atmA
20220926 031634.704 INFO             PET0   Delete modelComp: ocnA
20220926 031634.704 INFO             PET0   Delete Import-/Export State for modelComp: ocnA
20220926 031634.704 INFO             PET0   Delete connectorComp: ATM-TO-OCN
20220926 031634.704 INFO             PET0   Delete connectorComp: OCN-TO-ATM
20220926 031634.704 INFO             PET0 esm: Finalize extro.
20220926 031634.704 INFO             PET0 esmApp FINISHED
20220926 031634.704 INFO             PET0 Finalizing ESMF
20220926 031634.468 INFO             PET1 !!!!!!!!!!!!!!!!!!!!!!!!!!!!!!!!!!!!!!!!!!!!!!!!!!!!!!
20220926 031634.468 INFO             PET1 !!! THE ESMF_LOG IS SET TO OUTPUT ALL LOG MESSAGES !!!
20220926 031634.468 INFO             PET1 !!!     THIS MAY CAUSE SLOWDOWN IN PERFORMANCE     !!!
20220926 031634.468 INFO             PET1 !!! FOR PRODUCTION RUNS, USE:                      !!!
20220926 031634.468 INFO             PET1 !!!                   ESMF_LOGKIND_Multi_On_Error  !!!
20220926 031634.468 INFO             PET1 !!!!!!!!!!!!!!!!!!!!!!!!!!!!!!!!!!!!!!!!!!!!!!!!!!!!!!
20220926 031634.468 INFO             PET1 Running with ESMF Version   : v8.4.0b14-14-g1fd7513367
20220926 031634.468 INFO             PET1 ESMF library build date/time: "Sep 26 2022" "02:32:48"
20220926 031634.468 INFO             PET1 ESMF library build location : /glade/scratch/dunlap/esmf-testing/gfortran_10.1.0_openmpi_g_develop/esmf
20220926 031634.468 INFO             PET1 ESMF_COMM                   : openmpi
20220926 031634.468 INFO             PET1 ESMF_MOAB                   : enabled
20220926 031634.468 INFO             PET1 ESMF_LAPACK                 : enabled
20220926 031634.468 INFO             PET1 ESMF_NETCDF                 : enabled
20220926 031634.468 INFO             PET1 ESMF_PNETCDF                : disabled
20220926 031634.468 INFO             PET1 ESMF_PIO                    : enabled
20220926 031634.468 INFO             PET1 ESMF_YAMLCPP                : enabled
20220926 031634.468 INFO             PET1 esmApp STARTING
20220926 031634.474 INFO             PET1 esm: InitializeGeneric intro.
20220926 031634.474 INFO             PET1   esm: InitializeP0 intro.
20220926 031634.474 INFO             PET1   esm: InitializeP0 extro.
20220926 031634.474 INFO             PET1   esm: InitializeIPDv02p1 intro.
20220926 031634.474 INFO             PET1     >>>esm: entered Initialize (phase=<none>) without valid internal Clock.
20220926 031634.475 INFO             PET1     esm - Creating model component ATM without petList.
20220926 031634.478 INFO             PET1     esm - Creating model component OCN without petList.
20220926 031634.481 INFO             PET1     esm - Creating connector component ATM-TO-OCN without petList.
20220926 031634.486 INFO             PET1     esm - Creating connector component OCN-TO-ATM without petList.
20220926 031634.492 INFO             PET1     esm - Creating state: modelComp 1 Import State
20220926 031634.492 INFO             PET1     esm - Creating state: modelComp 1 Export State
20220926 031634.492 INFO             PET1     esm - Creating state: modelComp 2 Import State
20220926 031634.492 INFO             PET1     esm - Creating state: modelComp 2 Export State
20220926 031634.493 INFO             PET1     ATM: InitializeP0 intro.
20220926 031634.495 INFO             PET1     ATM: InitializeP0 extro.
20220926 031634.497 INFO             PET1     OCN: InitializeP0 intro.
20220926 031634.498 INFO             PET1     OCN: InitializeP0 extro.
20220926 031634.499 INFO             PET1     ATM-TO-OCN: InitializeP0 intro.
20220926 031634.499 INFO             PET1     ATM-TO-OCN: InitializeP0 extro.
20220926 031634.500 INFO             PET1     OCN-TO-ATM: InitializeP0 intro.
20220926 031634.501 INFO             PET1     OCN-TO-ATM: InitializeP0 extro.
20220926 031634.502 INFO             PET1     esm: IInitAdvertise intro.
20220926 031634.502 INFO             PET1     esm: IInitAdvertise extro.
20220926 031634.503 INFO             PET1     ATM: InitializeIPDvXp01 intro.
20220926 031634.506 INFO             PET1     ATM: InitializeIPDvXp01 extro.
20220926 031634.507 INFO             PET1     OCN: InitializeIPDvXp01 intro.
20220926 031634.510 INFO             PET1     OCN: InitializeIPDvXp01 extro.
20220926 031634.511 INFO             PET1     ATM-TO-OCN: InitializeIPDv05p1 intro.
20220926 031634.515 INFO             PET1     ATM-TO-OCN: InitializeIPDv05p1 extro.
20220926 031634.516 INFO             PET1     OCN-TO-ATM: InitializeIPDv05p1 intro.
20220926 031634.519 INFO             PET1     OCN-TO-ATM: InitializeIPDv05p1 extro.
20220926 031634.519 INFO             PET1     esm: IInitAdvertiseFinish intro.
20220926 031634.519 INFO             PET1     esm: IInitAdvertiseFinish extro.
20220926 031634.519 INFO             PET1     ATM-TO-OCN: InitializeIPDv05p2a intro.
20220926 031634.523 INFO             PET1     ATM-TO-OCN: InitializeIPDv05p2a extro.
20220926 031634.523 INFO             PET1     OCN-TO-ATM: InitializeIPDv05p2a intro.
20220926 031634.526 INFO             PET1     OCN-TO-ATM: InitializeIPDv05p2a extro.
20220926 031634.526 INFO             PET1     ATM-TO-OCN: InitializeIPDv05p2b intro.
20220926 031634.530 INFO             PET1     ATM-TO-OCN: InitializeIPDv05p2b extro.
20220926 031634.533 INFO             PET1     OCN-TO-ATM: InitializeIPDv05p2b intro.
20220926 031634.536 INFO             PET1     OCN-TO-ATM: InitializeIPDv05p2b extro.
20220926 031634.536 INFO             PET1     esm: IInitModifyCplLists intro.
20220926 031634.536 INFO             PET1     esm: IInitModifyCplLists extro.
20220926 031634.537 INFO             PET1     ATM-TO-OCN: InitializeIPDv05p3 intro.
20220926 031634.541 INFO             PET1     ATM-TO-OCN: InitializeIPDv05p3 extro.
20220926 031634.541 INFO             PET1     OCN-TO-ATM: InitializeIPDv05p3 intro.
20220926 031634.544 INFO             PET1     OCN-TO-ATM: InitializeIPDv05p3 extro.
20220926 031634.544 INFO             PET1     <<<esm: leaving Initialize (phase=<none>) with current time: 2010  6  1  0  0  0   0
20220926 031634.544 INFO             PET1   esm: InitializeIPDv02p1 extro.
20220926 031634.545 INFO             PET1   esm: InitializeIPDv02p3 intro.
20220926 031634.545 INFO             PET1     >>>esm: entered Initialize (phase=<none>) with current time: 2010  6  1  0  0  0   0
20220926 031634.545 INFO             PET1     esm: IInitCheck intro.
20220926 031634.545 INFO             PET1     esm: IInitCheck extro.
20220926 031634.545 INFO             PET1     atmA: InitializeIPDvXp04 intro.
20220926 031634.550 INFO             PET1     atmA: InitializeIPDvXp04 extro.
20220926 031634.552 INFO             PET1     ocnA: InitializeIPDvXp04 intro.
20220926 031634.556 INFO             PET1     ocnA: InitializeIPDvXp04 extro.
20220926 031634.557 INFO             PET1     ATM-TO-OCN: InitializeIPDv05p4 intro.
20220926 031634.563 INFO             PET1     ATM-TO-OCN: InitializeIPDv05p4 extro.
20220926 031634.563 INFO             PET1     OCN-TO-ATM: InitializeIPDv05p4 intro.
20220926 031634.567 INFO             PET1     OCN-TO-ATM: InitializeIPDv05p4 extro.
20220926 031634.568 INFO             PET1     ATM-TO-OCN: InitializeIPDv05p5 intro.
20220926 031634.573 INFO             PET1     ATM-TO-OCN: InitializeIPDv05p5 extro.
20220926 031634.573 INFO             PET1     OCN-TO-ATM: InitializeIPDv05p5 intro.
20220926 031634.578 INFO             PET1     OCN-TO-ATM: InitializeIPDv05p5 extro.
20220926 031634.578 INFO             PET1     esm: IInitRealize intro.
20220926 031634.578 INFO             PET1     esm: IInitRealize extro.
20220926 031634.578 INFO             PET1     ATM-TO-OCN: InitializeIPDv05p6a intro.
20220926 031634.583 INFO             PET1     ATM-TO-OCN: InitializeIPDv05p6a extro.
20220926 031634.583 INFO             PET1     OCN-TO-ATM: InitializeIPDv05p6a intro.
20220926 031634.587 INFO             PET1     OCN-TO-ATM: InitializeIPDv05p6a extro.
20220926 031634.587 INFO             PET1     ATM-TO-OCN: InitializeIPDv05p6b intro.
20220926 031634.644 INFO             PET1     ATM-TO-OCN: InitializeIPDv05p6b extro.
20220926 031634.645 INFO             PET1     OCN-TO-ATM: InitializeIPDv05p6b intro.
20220926 031634.692 INFO             PET1     OCN-TO-ATM: InitializeIPDv05p6b extro.
20220926 031634.692 INFO             PET1     atmA: InitializeIPDvXp07 intro.
20220926 031634.692 INFO             PET1     atmA: InitializeIPDvXp07 extro.
20220926 031634.694 INFO             PET1     ocnA: InitializeIPDvXp07 intro.
20220926 031634.694 INFO             PET1     ocnA: InitializeIPDvXp07 extro.
20220926 031634.695 INFO             PET1     <<<esm: leaving Initialize (phase=<none>) with current time: 2010  6  1  0  0  0   0
20220926 031634.695 INFO             PET1   esm: InitializeIPDv02p3 extro.
20220926 031634.695 INFO             PET1   esm: InitializeIPDv02p5 intro.
20220926 031634.695 INFO             PET1     >>>esm: entered Initialize (phase=<none>) with current time: 2010  6  1  0  0  0   0
20220926 031634.695 INFO             PET1     esm: this is a top level driver, no 'Updated' and 'InitializeDataComplete' info on this level.
20220926 031634.695 INFO             PET1     esm: InitializeIPDv02p5Data intro.
20220926 031634.695 INFO             PET1       esm: InternalInitializeComplete intro.
20220926 031634.695 INFO             PET1         esm: InitializeDataComplete='true'
20220926 031634.695 INFO             PET1       esm: InternalInitializeComplete extro.
20220926 031634.695 INFO             PET1       atmA: InitializeIPDv01p5 intro.
20220926 031634.695 INFO             PET1       atmA: InitializeIPDv01p5 extro.
20220926 031634.696 INFO             PET1       ocnA: InitializeIPDv01p5 intro.
20220926 031634.696 INFO             PET1       ocnA: InitializeIPDv01p5 extro.
20220926 031634.697 INFO             PET1       esm: components present that trigger loopDataDependentInitialize().
20220926 031634.697 INFO             PET1       esm: loopDataDependentInitialize intro.
20220926 031634.697 INFO             PET1         esm: component    0=esm, dataComplete (local): true
20220926 031634.697 INFO             PET1         esm: component    0=esm, dataComplete (global): T
20220926 031634.697 INFO             PET1         esm: component    1=atmA, dataComplete (local): true
20220926 031634.697 INFO             PET1         esm: component    1=atmA, dataComplete (global): T
20220926 031634.697 INFO             PET1         esm: component    2=ocnA, dataComplete (local): true
20220926 031634.697 INFO             PET1         esm: component    2=ocnA, dataComplete (global): T
20220926 031634.697 INFO             PET1         esm: someProgress=F, allComplete=T, present(dataDepAllComplete)=T
20220926 031634.697 INFO             PET1         esm: finished resolving initialize data dependencies on this level.
20220926 031634.697 INFO             PET1       esm: loopDataDependentInitialize extro.
20220926 031634.697 INFO             PET1       esm: loopDataDependentInitialize() returned with dataDepAllComplete: T
20220926 031634.697 INFO             PET1     esm: InitializeIPDv02p5Data extro.
20220926 031634.697 INFO             PET1     <<<esm: leaving Initialize (phase=<none>) with current time: 2010  6  1  0  0  0   0
20220926 031634.697 INFO             PET1   esm: InitializeIPDv02p5 extro.
20220926 031634.697 INFO             PET1 esm: InitializeGeneric extro.
20220926 031634.697 INFO             PET1 esm: Run intro.
20220926 031634.698 INFO             PET1   >>>esm entered Run (phase=RunPhase1) with current time: 2010  6  1  0  0  0   0
20220926 031634.698 INFO             PET1   esm: after lable_SetRunClock, current time: 2010  6  1  0  0  0   0
20220926 031634.698 INFO             PET1   esm: begin -------> RunSequence.
20220926 031634.698 INFO             PET1     esm: RunSequence event loopLevel=   1  levelMember=   1  loopIteration=   1, current time: 2010  6  1  0  0  0   0
20220926 031634.698 INFO             PET1     ATM-TO-OCN: Run intro.
20220926 031634.698 INFO             PET1     ATM-TO-OCN: Run extro.
20220926 031634.698 INFO             PET1     OCN-TO-ATM: Run intro.
20220926 031634.698 INFO             PET1     OCN-TO-ATM: Run extro.
20220926 031634.699 INFO             PET1     atmA: Run intro.
20220926 031634.699 INFO             PET1       ------>Advancing ATM from: 2010  6  1  0  0  0   0
20220926 031634.699 INFO             PET1       ---------------------> to: 2010  6  1  0 15  0   0
20220926 031634.699 INFO             PET1     atmA: Run extro.
20220926 031634.699 INFO             PET1     ocnA: Run intro.
20220926 031634.699 INFO             PET1       ------>Advancing OCN from: 2010  6  1  0  0  0   0
20220926 031634.699 INFO             PET1       ---------------------> to: 2010  6  1  0  5  0   0
20220926 031634.699 INFO             PET1       ------>Advancing OCN from: 2010  6  1  0  5  0   0
20220926 031634.699 INFO             PET1       ---------------------> to: 2010  6  1  0 10  0   0
20220926 031634.699 INFO             PET1       ------>Advancing OCN from: 2010  6  1  0 10  0   0
20220926 031634.699 INFO             PET1       ---------------------> to: 2010  6  1  0 15  0   0
20220926 031634.699 INFO             PET1     ocnA: Run extro.
20220926 031634.699 INFO             PET1     esm: RunSequence event loopLevel=   1  levelMember=   1  loopIteration=   2, current time: 2010  6  1  0 15  0   0
20220926 031634.699 INFO             PET1     ATM-TO-OCN: Run intro.
20220926 031634.700 INFO             PET1     ATM-TO-OCN: Run extro.
20220926 031634.700 INFO             PET1     OCN-TO-ATM: Run intro.
20220926 031634.700 INFO             PET1     OCN-TO-ATM: Run extro.
20220926 031634.700 INFO             PET1     atmA: Run intro.
20220926 031634.700 INFO             PET1       ------>Advancing ATM from: 2010  6  1  0 15  0   0
20220926 031634.700 INFO             PET1       ---------------------> to: 2010  6  1  0 30  0   0
20220926 031634.700 INFO             PET1     atmA: Run extro.
20220926 031634.700 INFO             PET1     ocnA: Run intro.
20220926 031634.700 INFO             PET1       ------>Advancing OCN from: 2010  6  1  0 15  0   0
20220926 031634.700 INFO             PET1       ---------------------> to: 2010  6  1  0 20  0   0
20220926 031634.700 INFO             PET1       ------>Advancing OCN from: 2010  6  1  0 20  0   0
20220926 031634.700 INFO             PET1       ---------------------> to: 2010  6  1  0 25  0   0
20220926 031634.700 INFO             PET1       ------>Advancing OCN from: 2010  6  1  0 25  0   0
20220926 031634.700 INFO             PET1       ---------------------> to: 2010  6  1  0 30  0   0
20220926 031634.700 INFO             PET1     ocnA: Run extro.
20220926 031634.700 INFO             PET1     esm: RunSequence event loopLevel=   1  levelMember=   1  loopIteration=   3, current time: 2010  6  1  0 30  0   0
20220926 031634.701 INFO             PET1     ATM-TO-OCN: Run intro.
20220926 031634.701 INFO             PET1     ATM-TO-OCN: Run extro.
20220926 031634.701 INFO             PET1     OCN-TO-ATM: Run intro.
20220926 031634.701 INFO             PET1     OCN-TO-ATM: Run extro.
20220926 031634.701 INFO             PET1     atmA: Run intro.
20220926 031634.701 INFO             PET1       ------>Advancing ATM from: 2010  6  1  0 30  0   0
20220926 031634.701 INFO             PET1       ---------------------> to: 2010  6  1  0 45  0   0
20220926 031634.701 INFO             PET1     atmA: Run extro.
20220926 031634.701 INFO             PET1     ocnA: Run intro.
20220926 031634.702 INFO             PET1       ------>Advancing OCN from: 2010  6  1  0 30  0   0
20220926 031634.702 INFO             PET1       ---------------------> to: 2010  6  1  0 35  0   0
20220926 031634.702 INFO             PET1       ------>Advancing OCN from: 2010  6  1  0 35  0   0
20220926 031634.702 INFO             PET1       ---------------------> to: 2010  6  1  0 40  0   0
20220926 031634.702 INFO             PET1       ------>Advancing OCN from: 2010  6  1  0 40  0   0
20220926 031634.702 INFO             PET1       ---------------------> to: 2010  6  1  0 45  0   0
20220926 031634.702 INFO             PET1     ocnA: Run extro.
20220926 031634.702 INFO             PET1     esm: RunSequence event loopLevel=   1  levelMember=   1  loopIteration=   4, current time: 2010  6  1  0 45  0   0
20220926 031634.702 INFO             PET1     ATM-TO-OCN: Run intro.
20220926 031634.702 INFO             PET1     ATM-TO-OCN: Run extro.
20220926 031634.702 INFO             PET1     OCN-TO-ATM: Run intro.
20220926 031634.702 INFO             PET1     OCN-TO-ATM: Run extro.
20220926 031634.702 INFO             PET1     atmA: Run intro.
20220926 031634.702 INFO             PET1       ------>Advancing ATM from: 2010  6  1  0 45  0   0
20220926 031634.702 INFO             PET1       ---------------------> to: 2010  6  1  1  0  0   0
20220926 031634.703 INFO             PET1     atmA: Run extro.
20220926 031634.703 INFO             PET1     ocnA: Run intro.
20220926 031634.703 INFO             PET1       ------>Advancing OCN from: 2010  6  1  0 45  0   0
20220926 031634.703 INFO             PET1       ---------------------> to: 2010  6  1  0 50  0   0
20220926 031634.703 INFO             PET1       ------>Advancing OCN from: 2010  6  1  0 50  0   0
20220926 031634.703 INFO             PET1       ---------------------> to: 2010  6  1  0 55  0   0
20220926 031634.703 INFO             PET1       ------>Advancing OCN from: 2010  6  1  0 55  0   0
20220926 031634.703 INFO             PET1       ---------------------> to: 2010  6  1  1  0  0   0
20220926 031634.703 INFO             PET1     ocnA: Run extro.
20220926 031634.703 INFO             PET1   esm: end <--------- RunSequence
20220926 031634.703 INFO             PET1   <<<esm - leaving Run with current time: 2010  6  1  1  0  0   0
20220926 031634.703 INFO             PET1 esm: Run extro.
20220926 031634.703 INFO             PET1 esm: Finalize intro.
20220926 031634.703 INFO             PET1   Calling Finalize phase 1 for connectorComp: ATM-TO-OCN
20220926 031634.703 INFO             PET1   ATM-TO-OCN: Finalize intro.
20220926 031634.703 INFO             PET1   ATM-TO-OCN: Finalize extro.
20220926 031634.703 INFO             PET1   Calling Finalize phase 1 for connectorComp: OCN-TO-ATM
20220926 031634.703 INFO             PET1   OCN-TO-ATM: Finalize intro.
20220926 031634.703 INFO             PET1   OCN-TO-ATM: Finalize extro.
20220926 031634.703 INFO             PET1   Calling Finalize phase 1 for modelComp: atmA
20220926 031634.703 INFO             PET1   atmA: Finalize intro.
20220926 031634.703 INFO             PET1   atmA: Finalize extro.
20220926 031634.703 INFO             PET1   Calling Finalize phase 1 for modelComp: ocnA
20220926 031634.704 INFO             PET1   ocnA: Finalize intro.
20220926 031634.704 INFO             PET1   ocnA: Finalize extro.
20220926 031634.704 INFO             PET1   Delete modelComp: atmA
20220926 031634.704 INFO             PET1   Delete Import-/Export State for modelComp: atmA
20220926 031634.704 INFO             PET1   Delete modelComp: ocnA
20220926 031634.704 INFO             PET1   Delete Import-/Export State for modelComp: ocnA
20220926 031634.704 INFO             PET1   Delete connectorComp: ATM-TO-OCN
20220926 031634.704 INFO             PET1   Delete connectorComp: OCN-TO-ATM
20220926 031634.704 INFO             PET1 esm: Finalize extro.
20220926 031634.704 INFO             PET1 esmApp FINISHED
20220926 031634.704 INFO             PET1 Finalizing ESMF
20220926 031634.467 INFO             PET2 !!!!!!!!!!!!!!!!!!!!!!!!!!!!!!!!!!!!!!!!!!!!!!!!!!!!!!
20220926 031634.467 INFO             PET2 !!! THE ESMF_LOG IS SET TO OUTPUT ALL LOG MESSAGES !!!
20220926 031634.467 INFO             PET2 !!!     THIS MAY CAUSE SLOWDOWN IN PERFORMANCE     !!!
20220926 031634.467 INFO             PET2 !!! FOR PRODUCTION RUNS, USE:                      !!!
20220926 031634.467 INFO             PET2 !!!                   ESMF_LOGKIND_Multi_On_Error  !!!
20220926 031634.467 INFO             PET2 !!!!!!!!!!!!!!!!!!!!!!!!!!!!!!!!!!!!!!!!!!!!!!!!!!!!!!
20220926 031634.467 INFO             PET2 Running with ESMF Version   : v8.4.0b14-14-g1fd7513367
20220926 031634.467 INFO             PET2 ESMF library build date/time: "Sep 26 2022" "02:32:48"
20220926 031634.467 INFO             PET2 ESMF library build location : /glade/scratch/dunlap/esmf-testing/gfortran_10.1.0_openmpi_g_develop/esmf
20220926 031634.467 INFO             PET2 ESMF_COMM                   : openmpi
20220926 031634.467 INFO             PET2 ESMF_MOAB                   : enabled
20220926 031634.467 INFO             PET2 ESMF_LAPACK                 : enabled
20220926 031634.467 INFO             PET2 ESMF_NETCDF                 : enabled
20220926 031634.467 INFO             PET2 ESMF_PNETCDF                : disabled
20220926 031634.467 INFO             PET2 ESMF_PIO                    : enabled
20220926 031634.467 INFO             PET2 ESMF_YAMLCPP                : enabled
20220926 031634.468 INFO             PET2 esmApp STARTING
20220926 031634.474 INFO             PET2 esm: InitializeGeneric intro.
20220926 031634.474 INFO             PET2   esm: InitializeP0 intro.
20220926 031634.474 INFO             PET2   esm: InitializeP0 extro.
20220926 031634.474 INFO             PET2   esm: InitializeIPDv02p1 intro.
20220926 031634.474 INFO             PET2     >>>esm: entered Initialize (phase=<none>) without valid internal Clock.
20220926 031634.475 INFO             PET2     esm - Creating model component ATM without petList.
20220926 031634.478 INFO             PET2     esm - Creating model component OCN without petList.
20220926 031634.481 INFO             PET2     esm - Creating connector component ATM-TO-OCN without petList.
20220926 031634.486 INFO             PET2     esm - Creating connector component OCN-TO-ATM without petList.
20220926 031634.492 INFO             PET2     esm - Creating state: modelComp 1 Import State
20220926 031634.492 INFO             PET2     esm - Creating state: modelComp 1 Export State
20220926 031634.492 INFO             PET2     esm - Creating state: modelComp 2 Import State
20220926 031634.492 INFO             PET2     esm - Creating state: modelComp 2 Export State
20220926 031634.493 INFO             PET2     ATM: InitializeP0 intro.
20220926 031634.495 INFO             PET2     ATM: InitializeP0 extro.
20220926 031634.497 INFO             PET2     OCN: InitializeP0 intro.
20220926 031634.498 INFO             PET2     OCN: InitializeP0 extro.
20220926 031634.499 INFO             PET2     ATM-TO-OCN: InitializeP0 intro.
20220926 031634.499 INFO             PET2     ATM-TO-OCN: InitializeP0 extro.
20220926 031634.500 INFO             PET2     OCN-TO-ATM: InitializeP0 intro.
20220926 031634.501 INFO             PET2     OCN-TO-ATM: InitializeP0 extro.
20220926 031634.502 INFO             PET2     esm: IInitAdvertise intro.
20220926 031634.502 INFO             PET2     esm: IInitAdvertise extro.
20220926 031634.503 INFO             PET2     ATM: InitializeIPDvXp01 intro.
20220926 031634.506 INFO             PET2     ATM: InitializeIPDvXp01 extro.
20220926 031634.507 INFO             PET2     OCN: InitializeIPDvXp01 intro.
20220926 031634.510 INFO             PET2     OCN: InitializeIPDvXp01 extro.
20220926 031634.511 INFO             PET2     ATM-TO-OCN: InitializeIPDv05p1 intro.
20220926 031634.515 INFO             PET2     ATM-TO-OCN: InitializeIPDv05p1 extro.
20220926 031634.516 INFO             PET2     OCN-TO-ATM: InitializeIPDv05p1 intro.
20220926 031634.519 INFO             PET2     OCN-TO-ATM: InitializeIPDv05p1 extro.
20220926 031634.519 INFO             PET2     esm: IInitAdvertiseFinish intro.
20220926 031634.519 INFO             PET2     esm: IInitAdvertiseFinish extro.
20220926 031634.519 INFO             PET2     ATM-TO-OCN: InitializeIPDv05p2a intro.
20220926 031634.523 INFO             PET2     ATM-TO-OCN: InitializeIPDv05p2a extro.
20220926 031634.523 INFO             PET2     OCN-TO-ATM: InitializeIPDv05p2a intro.
20220926 031634.526 INFO             PET2     OCN-TO-ATM: InitializeIPDv05p2a extro.
20220926 031634.526 INFO             PET2     ATM-TO-OCN: InitializeIPDv05p2b intro.
20220926 031634.530 INFO             PET2     ATM-TO-OCN: InitializeIPDv05p2b extro.
20220926 031634.532 INFO             PET2     OCN-TO-ATM: InitializeIPDv05p2b intro.
20220926 031634.536 INFO             PET2     OCN-TO-ATM: InitializeIPDv05p2b extro.
20220926 031634.536 INFO             PET2     esm: IInitModifyCplLists intro.
20220926 031634.536 INFO             PET2     esm: IInitModifyCplLists extro.
20220926 031634.537 INFO             PET2     ATM-TO-OCN: InitializeIPDv05p3 intro.
20220926 031634.541 INFO             PET2     ATM-TO-OCN: InitializeIPDv05p3 extro.
20220926 031634.541 INFO             PET2     OCN-TO-ATM: InitializeIPDv05p3 intro.
20220926 031634.544 INFO             PET2     OCN-TO-ATM: InitializeIPDv05p3 extro.
20220926 031634.544 INFO             PET2     <<<esm: leaving Initialize (phase=<none>) with current time: 2010  6  1  0  0  0   0
20220926 031634.544 INFO             PET2   esm: InitializeIPDv02p1 extro.
20220926 031634.545 INFO             PET2   esm: InitializeIPDv02p3 intro.
20220926 031634.545 INFO             PET2     >>>esm: entered Initialize (phase=<none>) with current time: 2010  6  1  0  0  0   0
20220926 031634.545 INFO             PET2     esm: IInitCheck intro.
20220926 031634.545 INFO             PET2     esm: IInitCheck extro.
20220926 031634.545 INFO             PET2     atmA: InitializeIPDvXp04 intro.
20220926 031634.550 INFO             PET2     atmA: InitializeIPDvXp04 extro.
20220926 031634.552 INFO             PET2     ocnA: InitializeIPDvXp04 intro.
20220926 031634.556 INFO             PET2     ocnA: InitializeIPDvXp04 extro.
20220926 031634.557 INFO             PET2     ATM-TO-OCN: InitializeIPDv05p4 intro.
20220926 031634.563 INFO             PET2     ATM-TO-OCN: InitializeIPDv05p4 extro.
20220926 031634.563 INFO             PET2     OCN-TO-ATM: InitializeIPDv05p4 intro.
20220926 031634.567 INFO             PET2     OCN-TO-ATM: InitializeIPDv05p4 extro.
20220926 031634.568 INFO             PET2     ATM-TO-OCN: InitializeIPDv05p5 intro.
20220926 031634.573 INFO             PET2     ATM-TO-OCN: InitializeIPDv05p5 extro.
20220926 031634.573 INFO             PET2     OCN-TO-ATM: InitializeIPDv05p5 intro.
20220926 031634.578 INFO             PET2     OCN-TO-ATM: InitializeIPDv05p5 extro.
20220926 031634.578 INFO             PET2     esm: IInitRealize intro.
20220926 031634.578 INFO             PET2     esm: IInitRealize extro.
20220926 031634.578 INFO             PET2     ATM-TO-OCN: InitializeIPDv05p6a intro.
20220926 031634.583 INFO             PET2     ATM-TO-OCN: InitializeIPDv05p6a extro.
20220926 031634.583 INFO             PET2     OCN-TO-ATM: InitializeIPDv05p6a intro.
20220926 031634.587 INFO             PET2     OCN-TO-ATM: InitializeIPDv05p6a extro.
20220926 031634.587 INFO             PET2     ATM-TO-OCN: InitializeIPDv05p6b intro.
20220926 031634.644 INFO             PET2     ATM-TO-OCN: InitializeIPDv05p6b extro.
20220926 031634.645 INFO             PET2     OCN-TO-ATM: InitializeIPDv05p6b intro.
20220926 031634.692 INFO             PET2     OCN-TO-ATM: InitializeIPDv05p6b extro.
20220926 031634.692 INFO             PET2     atmA: InitializeIPDvXp07 intro.
20220926 031634.692 INFO             PET2     atmA: InitializeIPDvXp07 extro.
20220926 031634.694 INFO             PET2     ocnA: InitializeIPDvXp07 intro.
20220926 031634.694 INFO             PET2     ocnA: InitializeIPDvXp07 extro.
20220926 031634.695 INFO             PET2     <<<esm: leaving Initialize (phase=<none>) with current time: 2010  6  1  0  0  0   0
20220926 031634.695 INFO             PET2   esm: InitializeIPDv02p3 extro.
20220926 031634.695 INFO             PET2   esm: InitializeIPDv02p5 intro.
20220926 031634.695 INFO             PET2     >>>esm: entered Initialize (phase=<none>) with current time: 2010  6  1  0  0  0   0
20220926 031634.695 INFO             PET2     esm: this is a top level driver, no 'Updated' and 'InitializeDataComplete' info on this level.
20220926 031634.695 INFO             PET2     esm: InitializeIPDv02p5Data intro.
20220926 031634.695 INFO             PET2       esm: InternalInitializeComplete intro.
20220926 031634.695 INFO             PET2         esm: InitializeDataComplete='true'
20220926 031634.695 INFO             PET2       esm: InternalInitializeComplete extro.
20220926 031634.695 INFO             PET2       atmA: InitializeIPDv01p5 intro.
20220926 031634.695 INFO             PET2       atmA: InitializeIPDv01p5 extro.
20220926 031634.696 INFO             PET2       ocnA: InitializeIPDv01p5 intro.
20220926 031634.696 INFO             PET2       ocnA: InitializeIPDv01p5 extro.
20220926 031634.697 INFO             PET2       esm: components present that trigger loopDataDependentInitialize().
20220926 031634.697 INFO             PET2       esm: loopDataDependentInitialize intro.
20220926 031634.697 INFO             PET2         esm: component    0=esm, dataComplete (local): true
20220926 031634.697 INFO             PET2         esm: component    0=esm, dataComplete (global): T
20220926 031634.697 INFO             PET2         esm: component    1=atmA, dataComplete (local): true
20220926 031634.697 INFO             PET2         esm: component    1=atmA, dataComplete (global): T
20220926 031634.697 INFO             PET2         esm: component    2=ocnA, dataComplete (local): true
20220926 031634.697 INFO             PET2         esm: component    2=ocnA, dataComplete (global): T
20220926 031634.697 INFO             PET2         esm: someProgress=F, allComplete=T, present(dataDepAllComplete)=T
20220926 031634.697 INFO             PET2         esm: finished resolving initialize data dependencies on this level.
20220926 031634.697 INFO             PET2       esm: loopDataDependentInitialize extro.
20220926 031634.697 INFO             PET2       esm: loopDataDependentInitialize() returned with dataDepAllComplete: T
20220926 031634.697 INFO             PET2     esm: InitializeIPDv02p5Data extro.
20220926 031634.697 INFO             PET2     <<<esm: leaving Initialize (phase=<none>) with current time: 2010  6  1  0  0  0   0
20220926 031634.697 INFO             PET2   esm: InitializeIPDv02p5 extro.
20220926 031634.697 INFO             PET2 esm: InitializeGeneric extro.
20220926 031634.697 INFO             PET2 esm: Run intro.
20220926 031634.698 INFO             PET2   >>>esm entered Run (phase=RunPhase1) with current time: 2010  6  1  0  0  0   0
20220926 031634.698 INFO             PET2   esm: after lable_SetRunClock, current time: 2010  6  1  0  0  0   0
20220926 031634.698 INFO             PET2   esm: begin -------> RunSequence.
20220926 031634.698 INFO             PET2     esm: RunSequence event loopLevel=   1  levelMember=   1  loopIteration=   1, current time: 2010  6  1  0  0  0   0
20220926 031634.698 INFO             PET2     ATM-TO-OCN: Run intro.
20220926 031634.698 INFO             PET2     ATM-TO-OCN: Run extro.
20220926 031634.698 INFO             PET2     OCN-TO-ATM: Run intro.
20220926 031634.698 INFO             PET2     OCN-TO-ATM: Run extro.
20220926 031634.699 INFO             PET2     atmA: Run intro.
20220926 031634.699 INFO             PET2       ------>Advancing ATM from: 2010  6  1  0  0  0   0
20220926 031634.699 INFO             PET2       ---------------------> to: 2010  6  1  0 15  0   0
20220926 031634.699 INFO             PET2     atmA: Run extro.
20220926 031634.699 INFO             PET2     ocnA: Run intro.
20220926 031634.699 INFO             PET2       ------>Advancing OCN from: 2010  6  1  0  0  0   0
20220926 031634.699 INFO             PET2       ---------------------> to: 2010  6  1  0  5  0   0
20220926 031634.699 INFO             PET2       ------>Advancing OCN from: 2010  6  1  0  5  0   0
20220926 031634.699 INFO             PET2       ---------------------> to: 2010  6  1  0 10  0   0
20220926 031634.699 INFO             PET2       ------>Advancing OCN from: 2010  6  1  0 10  0   0
20220926 031634.699 INFO             PET2       ---------------------> to: 2010  6  1  0 15  0   0
20220926 031634.699 INFO             PET2     ocnA: Run extro.
20220926 031634.699 INFO             PET2     esm: RunSequence event loopLevel=   1  levelMember=   1  loopIteration=   2, current time: 2010  6  1  0 15  0   0
20220926 031634.699 INFO             PET2     ATM-TO-OCN: Run intro.
20220926 031634.700 INFO             PET2     ATM-TO-OCN: Run extro.
20220926 031634.700 INFO             PET2     OCN-TO-ATM: Run intro.
20220926 031634.700 INFO             PET2     OCN-TO-ATM: Run extro.
20220926 031634.700 INFO             PET2     atmA: Run intro.
20220926 031634.700 INFO             PET2       ------>Advancing ATM from: 2010  6  1  0 15  0   0
20220926 031634.700 INFO             PET2       ---------------------> to: 2010  6  1  0 30  0   0
20220926 031634.700 INFO             PET2     atmA: Run extro.
20220926 031634.700 INFO             PET2     ocnA: Run intro.
20220926 031634.700 INFO             PET2       ------>Advancing OCN from: 2010  6  1  0 15  0   0
20220926 031634.700 INFO             PET2       ---------------------> to: 2010  6  1  0 20  0   0
20220926 031634.700 INFO             PET2       ------>Advancing OCN from: 2010  6  1  0 20  0   0
20220926 031634.700 INFO             PET2       ---------------------> to: 2010  6  1  0 25  0   0
20220926 031634.700 INFO             PET2       ------>Advancing OCN from: 2010  6  1  0 25  0   0
20220926 031634.700 INFO             PET2       ---------------------> to: 2010  6  1  0 30  0   0
20220926 031634.700 INFO             PET2     ocnA: Run extro.
20220926 031634.700 INFO             PET2     esm: RunSequence event loopLevel=   1  levelMember=   1  loopIteration=   3, current time: 2010  6  1  0 30  0   0
20220926 031634.701 INFO             PET2     ATM-TO-OCN: Run intro.
20220926 031634.701 INFO             PET2     ATM-TO-OCN: Run extro.
20220926 031634.701 INFO             PET2     OCN-TO-ATM: Run intro.
20220926 031634.701 INFO             PET2     OCN-TO-ATM: Run extro.
20220926 031634.701 INFO             PET2     atmA: Run intro.
20220926 031634.701 INFO             PET2       ------>Advancing ATM from: 2010  6  1  0 30  0   0
20220926 031634.701 INFO             PET2       ---------------------> to: 2010  6  1  0 45  0   0
20220926 031634.701 INFO             PET2     atmA: Run extro.
20220926 031634.701 INFO             PET2     ocnA: Run intro.
20220926 031634.701 INFO             PET2       ------>Advancing OCN from: 2010  6  1  0 30  0   0
20220926 031634.702 INFO             PET2       ---------------------> to: 2010  6  1  0 35  0   0
20220926 031634.702 INFO             PET2       ------>Advancing OCN from: 2010  6  1  0 35  0   0
20220926 031634.702 INFO             PET2       ---------------------> to: 2010  6  1  0 40  0   0
20220926 031634.702 INFO             PET2       ------>Advancing OCN from: 2010  6  1  0 40  0   0
20220926 031634.702 INFO             PET2       ---------------------> to: 2010  6  1  0 45  0   0
20220926 031634.702 INFO             PET2     ocnA: Run extro.
20220926 031634.702 INFO             PET2     esm: RunSequence event loopLevel=   1  levelMember=   1  loopIteration=   4, current time: 2010  6  1  0 45  0   0
20220926 031634.702 INFO             PET2     ATM-TO-OCN: Run intro.
20220926 031634.702 INFO             PET2     ATM-TO-OCN: Run extro.
20220926 031634.702 INFO             PET2     OCN-TO-ATM: Run intro.
20220926 031634.702 INFO             PET2     OCN-TO-ATM: Run extro.
20220926 031634.702 INFO             PET2     atmA: Run intro.
20220926 031634.702 INFO             PET2       ------>Advancing ATM from: 2010  6  1  0 45  0   0
20220926 031634.702 INFO             PET2       ---------------------> to: 2010  6  1  1  0  0   0
20220926 031634.703 INFO             PET2     atmA: Run extro.
20220926 031634.703 INFO             PET2     ocnA: Run intro.
20220926 031634.703 INFO             PET2       ------>Advancing OCN from: 2010  6  1  0 45  0   0
20220926 031634.703 INFO             PET2       ---------------------> to: 2010  6  1  0 50  0   0
20220926 031634.703 INFO             PET2       ------>Advancing OCN from: 2010  6  1  0 50  0   0
20220926 031634.703 INFO             PET2       ---------------------> to: 2010  6  1  0 55  0   0
20220926 031634.703 INFO             PET2       ------>Advancing OCN from: 2010  6  1  0 55  0   0
20220926 031634.703 INFO             PET2       ---------------------> to: 2010  6  1  1  0  0   0
20220926 031634.703 INFO             PET2     ocnA: Run extro.
20220926 031634.703 INFO             PET2   esm: end <--------- RunSequence
20220926 031634.703 INFO             PET2   <<<esm - leaving Run with current time: 2010  6  1  1  0  0   0
20220926 031634.703 INFO             PET2 esm: Run extro.
20220926 031634.703 INFO             PET2 esm: Finalize intro.
20220926 031634.703 INFO             PET2   Calling Finalize phase 1 for connectorComp: ATM-TO-OCN
20220926 031634.703 INFO             PET2   ATM-TO-OCN: Finalize intro.
20220926 031634.703 INFO             PET2   ATM-TO-OCN: Finalize extro.
20220926 031634.703 INFO             PET2   Calling Finalize phase 1 for connectorComp: OCN-TO-ATM
20220926 031634.703 INFO             PET2   OCN-TO-ATM: Finalize intro.
20220926 031634.703 INFO             PET2   OCN-TO-ATM: Finalize extro.
20220926 031634.703 INFO             PET2   Calling Finalize phase 1 for modelComp: atmA
20220926 031634.703 INFO             PET2   atmA: Finalize intro.
20220926 031634.703 INFO             PET2   atmA: Finalize extro.
20220926 031634.703 INFO             PET2   Calling Finalize phase 1 for modelComp: ocnA
20220926 031634.703 INFO             PET2   ocnA: Finalize intro.
20220926 031634.703 INFO             PET2   ocnA: Finalize extro.
20220926 031634.704 INFO             PET2   Delete modelComp: atmA
20220926 031634.704 INFO             PET2   Delete Import-/Export State for modelComp: atmA
20220926 031634.704 INFO             PET2   Delete modelComp: ocnA
20220926 031634.704 INFO             PET2   Delete Import-/Export State for modelComp: ocnA
20220926 031634.704 INFO             PET2   Delete connectorComp: ATM-TO-OCN
20220926 031634.704 INFO             PET2   Delete connectorComp: OCN-TO-ATM
20220926 031634.704 INFO             PET2 esm: Finalize extro.
20220926 031634.704 INFO             PET2 esmApp FINISHED
20220926 031634.704 INFO             PET2 Finalizing ESMF
20220926 031634.466 INFO             PET3 !!!!!!!!!!!!!!!!!!!!!!!!!!!!!!!!!!!!!!!!!!!!!!!!!!!!!!
20220926 031634.466 INFO             PET3 !!! THE ESMF_LOG IS SET TO OUTPUT ALL LOG MESSAGES !!!
20220926 031634.466 INFO             PET3 !!!     THIS MAY CAUSE SLOWDOWN IN PERFORMANCE     !!!
20220926 031634.466 INFO             PET3 !!! FOR PRODUCTION RUNS, USE:                      !!!
20220926 031634.466 INFO             PET3 !!!                   ESMF_LOGKIND_Multi_On_Error  !!!
20220926 031634.466 INFO             PET3 !!!!!!!!!!!!!!!!!!!!!!!!!!!!!!!!!!!!!!!!!!!!!!!!!!!!!!
20220926 031634.466 INFO             PET3 Running with ESMF Version   : v8.4.0b14-14-g1fd7513367
20220926 031634.466 INFO             PET3 ESMF library build date/time: "Sep 26 2022" "02:32:48"
20220926 031634.466 INFO             PET3 ESMF library build location : /glade/scratch/dunlap/esmf-testing/gfortran_10.1.0_openmpi_g_develop/esmf
20220926 031634.466 INFO             PET3 ESMF_COMM                   : openmpi
20220926 031634.467 INFO             PET3 ESMF_MOAB                   : enabled
20220926 031634.467 INFO             PET3 ESMF_LAPACK                 : enabled
20220926 031634.467 INFO             PET3 ESMF_NETCDF                 : enabled
20220926 031634.467 INFO             PET3 ESMF_PNETCDF                : disabled
20220926 031634.467 INFO             PET3 ESMF_PIO                    : enabled
20220926 031634.467 INFO             PET3 ESMF_YAMLCPP                : enabled
20220926 031634.468 INFO             PET3 esmApp STARTING
20220926 031634.474 INFO             PET3 esm: InitializeGeneric intro.
20220926 031634.474 INFO             PET3   esm: InitializeP0 intro.
20220926 031634.474 INFO             PET3   esm: InitializeP0 extro.
20220926 031634.474 INFO             PET3   esm: InitializeIPDv02p1 intro.
20220926 031634.474 INFO             PET3     >>>esm: entered Initialize (phase=<none>) without valid internal Clock.
20220926 031634.475 INFO             PET3     esm - Creating model component ATM without petList.
20220926 031634.478 INFO             PET3     esm - Creating model component OCN without petList.
20220926 031634.481 INFO             PET3     esm - Creating connector component ATM-TO-OCN without petList.
20220926 031634.486 INFO             PET3     esm - Creating connector component OCN-TO-ATM without petList.
20220926 031634.492 INFO             PET3     esm - Creating state: modelComp 1 Import State
20220926 031634.492 INFO             PET3     esm - Creating state: modelComp 1 Export State
20220926 031634.492 INFO             PET3     esm - Creating state: modelComp 2 Import State
20220926 031634.492 INFO             PET3     esm - Creating state: modelComp 2 Export State
20220926 031634.493 INFO             PET3     ATM: InitializeP0 intro.
20220926 031634.495 INFO             PET3     ATM: InitializeP0 extro.
20220926 031634.497 INFO             PET3     OCN: InitializeP0 intro.
20220926 031634.498 INFO             PET3     OCN: InitializeP0 extro.
20220926 031634.499 INFO             PET3     ATM-TO-OCN: InitializeP0 intro.
20220926 031634.499 INFO             PET3     ATM-TO-OCN: InitializeP0 extro.
20220926 031634.500 INFO             PET3     OCN-TO-ATM: InitializeP0 intro.
20220926 031634.501 INFO             PET3     OCN-TO-ATM: InitializeP0 extro.
20220926 031634.502 INFO             PET3     esm: IInitAdvertise intro.
20220926 031634.502 INFO             PET3     esm: IInitAdvertise extro.
20220926 031634.503 INFO             PET3     ATM: InitializeIPDvXp01 intro.
20220926 031634.506 INFO             PET3     ATM: InitializeIPDvXp01 extro.
20220926 031634.507 INFO             PET3     OCN: InitializeIPDvXp01 intro.
20220926 031634.510 INFO             PET3     OCN: InitializeIPDvXp01 extro.
20220926 031634.511 INFO             PET3     ATM-TO-OCN: InitializeIPDv05p1 intro.
20220926 031634.515 INFO             PET3     ATM-TO-OCN: InitializeIPDv05p1 extro.
20220926 031634.516 INFO             PET3     OCN-TO-ATM: InitializeIPDv05p1 intro.
20220926 031634.519 INFO             PET3     OCN-TO-ATM: InitializeIPDv05p1 extro.
20220926 031634.519 INFO             PET3     esm: IInitAdvertiseFinish intro.
20220926 031634.519 INFO             PET3     esm: IInitAdvertiseFinish extro.
20220926 031634.519 INFO             PET3     ATM-TO-OCN: InitializeIPDv05p2a intro.
20220926 031634.523 INFO             PET3     ATM-TO-OCN: InitializeIPDv05p2a extro.
20220926 031634.523 INFO             PET3     OCN-TO-ATM: InitializeIPDv05p2a intro.
20220926 031634.526 INFO             PET3     OCN-TO-ATM: InitializeIPDv05p2a extro.
20220926 031634.526 INFO             PET3     ATM-TO-OCN: InitializeIPDv05p2b intro.
20220926 031634.530 INFO             PET3     ATM-TO-OCN: InitializeIPDv05p2b extro.
20220926 031634.533 INFO             PET3     OCN-TO-ATM: InitializeIPDv05p2b intro.
20220926 031634.536 INFO             PET3     OCN-TO-ATM: InitializeIPDv05p2b extro.
20220926 031634.536 INFO             PET3     esm: IInitModifyCplLists intro.
20220926 031634.536 INFO             PET3     esm: IInitModifyCplLists extro.
20220926 031634.537 INFO             PET3     ATM-TO-OCN: InitializeIPDv05p3 intro.
20220926 031634.541 INFO             PET3     ATM-TO-OCN: InitializeIPDv05p3 extro.
20220926 031634.541 INFO             PET3     OCN-TO-ATM: InitializeIPDv05p3 intro.
20220926 031634.544 INFO             PET3     OCN-TO-ATM: InitializeIPDv05p3 extro.
20220926 031634.544 INFO             PET3     <<<esm: leaving Initialize (phase=<none>) with current time: 2010  6  1  0  0  0   0
20220926 031634.544 INFO             PET3   esm: InitializeIPDv02p1 extro.
20220926 031634.544 INFO             PET3   esm: InitializeIPDv02p3 intro.
20220926 031634.545 INFO             PET3     >>>esm: entered Initialize (phase=<none>) with current time: 2010  6  1  0  0  0   0
20220926 031634.545 INFO             PET3     esm: IInitCheck intro.
20220926 031634.545 INFO             PET3     esm: IInitCheck extro.
20220926 031634.545 INFO             PET3     atmA: InitializeIPDvXp04 intro.
20220926 031634.550 INFO             PET3     atmA: InitializeIPDvXp04 extro.
20220926 031634.552 INFO             PET3     ocnA: InitializeIPDvXp04 intro.
20220926 031634.556 INFO             PET3     ocnA: InitializeIPDvXp04 extro.
20220926 031634.557 INFO             PET3     ATM-TO-OCN: InitializeIPDv05p4 intro.
20220926 031634.563 INFO             PET3     ATM-TO-OCN: InitializeIPDv05p4 extro.
20220926 031634.563 INFO             PET3     OCN-TO-ATM: InitializeIPDv05p4 intro.
20220926 031634.567 INFO             PET3     OCN-TO-ATM: InitializeIPDv05p4 extro.
20220926 031634.568 INFO             PET3     ATM-TO-OCN: InitializeIPDv05p5 intro.
20220926 031634.573 INFO             PET3     ATM-TO-OCN: InitializeIPDv05p5 extro.
20220926 031634.573 INFO             PET3     OCN-TO-ATM: InitializeIPDv05p5 intro.
20220926 031634.578 INFO             PET3     OCN-TO-ATM: InitializeIPDv05p5 extro.
20220926 031634.578 INFO             PET3     esm: IInitRealize intro.
20220926 031634.578 INFO             PET3     esm: IInitRealize extro.
20220926 031634.578 INFO             PET3     ATM-TO-OCN: InitializeIPDv05p6a intro.
20220926 031634.583 INFO             PET3     ATM-TO-OCN: InitializeIPDv05p6a extro.
20220926 031634.583 INFO             PET3     OCN-TO-ATM: InitializeIPDv05p6a intro.
20220926 031634.587 INFO             PET3     OCN-TO-ATM: InitializeIPDv05p6a extro.
20220926 031634.587 INFO             PET3     ATM-TO-OCN: InitializeIPDv05p6b intro.
20220926 031634.644 INFO             PET3     ATM-TO-OCN: InitializeIPDv05p6b extro.
20220926 031634.645 INFO             PET3     OCN-TO-ATM: InitializeIPDv05p6b intro.
20220926 031634.692 INFO             PET3     OCN-TO-ATM: InitializeIPDv05p6b extro.
20220926 031634.692 INFO             PET3     atmA: InitializeIPDvXp07 intro.
20220926 031634.692 INFO             PET3     atmA: InitializeIPDvXp07 extro.
20220926 031634.694 INFO             PET3     ocnA: InitializeIPDvXp07 intro.
20220926 031634.694 INFO             PET3     ocnA: InitializeIPDvXp07 extro.
20220926 031634.695 INFO             PET3     <<<esm: leaving Initialize (phase=<none>) with current time: 2010  6  1  0  0  0   0
20220926 031634.695 INFO             PET3   esm: InitializeIPDv02p3 extro.
20220926 031634.695 INFO             PET3   esm: InitializeIPDv02p5 intro.
20220926 031634.695 INFO             PET3     >>>esm: entered Initialize (phase=<none>) with current time: 2010  6  1  0  0  0   0
20220926 031634.695 INFO             PET3     esm: this is a top level driver, no 'Updated' and 'InitializeDataComplete' info on this level.
20220926 031634.695 INFO             PET3     esm: InitializeIPDv02p5Data intro.
20220926 031634.695 INFO             PET3       esm: InternalInitializeComplete intro.
20220926 031634.695 INFO             PET3         esm: InitializeDataComplete='true'
20220926 031634.695 INFO             PET3       esm: InternalInitializeComplete extro.
20220926 031634.695 INFO             PET3       atmA: InitializeIPDv01p5 intro.
20220926 031634.695 INFO             PET3       atmA: InitializeIPDv01p5 extro.
20220926 031634.696 INFO             PET3       ocnA: InitializeIPDv01p5 intro.
20220926 031634.696 INFO             PET3       ocnA: InitializeIPDv01p5 extro.
20220926 031634.697 INFO             PET3       esm: components present that trigger loopDataDependentInitialize().
20220926 031634.697 INFO             PET3       esm: loopDataDependentInitialize intro.
20220926 031634.697 INFO             PET3         esm: component    0=esm, dataComplete (local): true
20220926 031634.697 INFO             PET3         esm: component    0=esm, dataComplete (global): T
20220926 031634.697 INFO             PET3         esm: component    1=atmA, dataComplete (local): true
20220926 031634.697 INFO             PET3         esm: component    1=atmA, dataComplete (global): T
20220926 031634.697 INFO             PET3         esm: component    2=ocnA, dataComplete (local): true
20220926 031634.697 INFO             PET3         esm: component    2=ocnA, dataComplete (global): T
20220926 031634.697 INFO             PET3         esm: someProgress=F, allComplete=T, present(dataDepAllComplete)=T
20220926 031634.697 INFO             PET3         esm: finished resolving initialize data dependencies on this level.
20220926 031634.697 INFO             PET3       esm: loopDataDependentInitialize extro.
20220926 031634.697 INFO             PET3       esm: loopDataDependentInitialize() returned with dataDepAllComplete: T
20220926 031634.697 INFO             PET3     esm: InitializeIPDv02p5Data extro.
20220926 031634.697 INFO             PET3     <<<esm: leaving Initialize (phase=<none>) with current time: 2010  6  1  0  0  0   0
20220926 031634.697 INFO             PET3   esm: InitializeIPDv02p5 extro.
20220926 031634.697 INFO             PET3 esm: InitializeGeneric extro.
20220926 031634.697 INFO             PET3 esm: Run intro.
20220926 031634.698 INFO             PET3   >>>esm entered Run (phase=RunPhase1) with current time: 2010  6  1  0  0  0   0
20220926 031634.698 INFO             PET3   esm: after lable_SetRunClock, current time: 2010  6  1  0  0  0   0
20220926 031634.698 INFO             PET3   esm: begin -------> RunSequence.
20220926 031634.698 INFO             PET3     esm: RunSequence event loopLevel=   1  levelMember=   1  loopIteration=   1, current time: 2010  6  1  0  0  0   0
20220926 031634.698 INFO             PET3     ATM-TO-OCN: Run intro.
20220926 031634.698 INFO             PET3     ATM-TO-OCN: Run extro.
20220926 031634.698 INFO             PET3     OCN-TO-ATM: Run intro.
20220926 031634.698 INFO             PET3     OCN-TO-ATM: Run extro.
20220926 031634.699 INFO             PET3     atmA: Run intro.
20220926 031634.699 INFO             PET3       ------>Advancing ATM from: 2010  6  1  0  0  0   0
20220926 031634.699 INFO             PET3       ---------------------> to: 2010  6  1  0 15  0   0
20220926 031634.699 INFO             PET3     atmA: Run extro.
20220926 031634.699 INFO             PET3     ocnA: Run intro.
20220926 031634.699 INFO             PET3       ------>Advancing OCN from: 2010  6  1  0  0  0   0
20220926 031634.699 INFO             PET3       ---------------------> to: 2010  6  1  0  5  0   0
20220926 031634.699 INFO             PET3       ------>Advancing OCN from: 2010  6  1  0  5  0   0
20220926 031634.699 INFO             PET3       ---------------------> to: 2010  6  1  0 10  0   0
20220926 031634.699 INFO             PET3       ------>Advancing OCN from: 2010  6  1  0 10  0   0
20220926 031634.699 INFO             PET3       ---------------------> to: 2010  6  1  0 15  0   0
20220926 031634.699 INFO             PET3     ocnA: Run extro.
20220926 031634.699 INFO             PET3     esm: RunSequence event loopLevel=   1  levelMember=   1  loopIteration=   2, current time: 2010  6  1  0 15  0   0
20220926 031634.699 INFO             PET3     ATM-TO-OCN: Run intro.
20220926 031634.700 INFO             PET3     ATM-TO-OCN: Run extro.
20220926 031634.700 INFO             PET3     OCN-TO-ATM: Run intro.
20220926 031634.700 INFO             PET3     OCN-TO-ATM: Run extro.
20220926 031634.700 INFO             PET3     atmA: Run intro.
20220926 031634.700 INFO             PET3       ------>Advancing ATM from: 2010  6  1  0 15  0   0
20220926 031634.700 INFO             PET3       ---------------------> to: 2010  6  1  0 30  0   0
20220926 031634.700 INFO             PET3     atmA: Run extro.
20220926 031634.700 INFO             PET3     ocnA: Run intro.
20220926 031634.700 INFO             PET3       ------>Advancing OCN from: 2010  6  1  0 15  0   0
20220926 031634.700 INFO             PET3       ---------------------> to: 2010  6  1  0 20  0   0
20220926 031634.700 INFO             PET3       ------>Advancing OCN from: 2010  6  1  0 20  0   0
20220926 031634.700 INFO             PET3       ---------------------> to: 2010  6  1  0 25  0   0
20220926 031634.700 INFO             PET3       ------>Advancing OCN from: 2010  6  1  0 25  0   0
20220926 031634.700 INFO             PET3       ---------------------> to: 2010  6  1  0 30  0   0
20220926 031634.700 INFO             PET3     ocnA: Run extro.
20220926 031634.700 INFO             PET3     esm: RunSequence event loopLevel=   1  levelMember=   1  loopIteration=   3, current time: 2010  6  1  0 30  0   0
20220926 031634.700 INFO             PET3     ATM-TO-OCN: Run intro.
20220926 031634.701 INFO             PET3     ATM-TO-OCN: Run extro.
20220926 031634.701 INFO             PET3     OCN-TO-ATM: Run intro.
20220926 031634.701 INFO             PET3     OCN-TO-ATM: Run extro.
20220926 031634.701 INFO             PET3     atmA: Run intro.
20220926 031634.701 INFO             PET3       ------>Advancing ATM from: 2010  6  1  0 30  0   0
20220926 031634.701 INFO             PET3       ---------------------> to: 2010  6  1  0 45  0   0
20220926 031634.701 INFO             PET3     atmA: Run extro.
20220926 031634.701 INFO             PET3     ocnA: Run intro.
20220926 031634.701 INFO             PET3       ------>Advancing OCN from: 2010  6  1  0 30  0   0
20220926 031634.701 INFO             PET3       ---------------------> to: 2010  6  1  0 35  0   0
20220926 031634.702 INFO             PET3       ------>Advancing OCN from: 2010  6  1  0 35  0   0
20220926 031634.702 INFO             PET3       ---------------------> to: 2010  6  1  0 40  0   0
20220926 031634.702 INFO             PET3       ------>Advancing OCN from: 2010  6  1  0 40  0   0
20220926 031634.702 INFO             PET3       ---------------------> to: 2010  6  1  0 45  0   0
20220926 031634.702 INFO             PET3     ocnA: Run extro.
20220926 031634.702 INFO             PET3     esm: RunSequence event loopLevel=   1  levelMember=   1  loopIteration=   4, current time: 2010  6  1  0 45  0   0
20220926 031634.702 INFO             PET3     ATM-TO-OCN: Run intro.
20220926 031634.702 INFO             PET3     ATM-TO-OCN: Run extro.
20220926 031634.702 INFO             PET3     OCN-TO-ATM: Run intro.
20220926 031634.702 INFO             PET3     OCN-TO-ATM: Run extro.
20220926 031634.702 INFO             PET3     atmA: Run intro.
20220926 031634.702 INFO             PET3       ------>Advancing ATM from: 2010  6  1  0 45  0   0
20220926 031634.702 INFO             PET3       ---------------------> to: 2010  6  1  1  0  0   0
20220926 031634.703 INFO             PET3     atmA: Run extro.
20220926 031634.703 INFO             PET3     ocnA: Run intro.
20220926 031634.703 INFO             PET3       ------>Advancing OCN from: 2010  6  1  0 45  0   0
20220926 031634.703 INFO             PET3       ---------------------> to: 2010  6  1  0 50  0   0
20220926 031634.703 INFO             PET3       ------>Advancing OCN from: 2010  6  1  0 50  0   0
20220926 031634.703 INFO             PET3       ---------------------> to: 2010  6  1  0 55  0   0
20220926 031634.703 INFO             PET3       ------>Advancing OCN from: 2010  6  1  0 55  0   0
20220926 031634.703 INFO             PET3       ---------------------> to: 2010  6  1  1  0  0   0
20220926 031634.703 INFO             PET3     ocnA: Run extro.
20220926 031634.703 INFO             PET3   esm: end <--------- RunSequence
20220926 031634.703 INFO             PET3   <<<esm - leaving Run with current time: 2010  6  1  1  0  0   0
20220926 031634.703 INFO             PET3 esm: Run extro.
20220926 031634.703 INFO             PET3 esm: Finalize intro.
20220926 031634.703 INFO             PET3   Calling Finalize phase 1 for connectorComp: ATM-TO-OCN
20220926 031634.703 INFO             PET3   ATM-TO-OCN: Finalize intro.
20220926 031634.703 INFO             PET3   ATM-TO-OCN: Finalize extro.
20220926 031634.703 INFO             PET3   Calling Finalize phase 1 for connectorComp: OCN-TO-ATM
20220926 031634.703 INFO             PET3   OCN-TO-ATM: Finalize intro.
20220926 031634.703 INFO             PET3   OCN-TO-ATM: Finalize extro.
20220926 031634.703 INFO             PET3   Calling Finalize phase 1 for modelComp: atmA
20220926 031634.703 INFO             PET3   atmA: Finalize intro.
20220926 031634.703 INFO             PET3   atmA: Finalize extro.
20220926 031634.703 INFO             PET3   Calling Finalize phase 1 for modelComp: ocnA
20220926 031634.703 INFO             PET3   ocnA: Finalize intro.
20220926 031634.703 INFO             PET3   ocnA: Finalize extro.
20220926 031634.703 INFO             PET3   Delete modelComp: atmA
20220926 031634.704 INFO             PET3   Delete Import-/Export State for modelComp: atmA
20220926 031634.704 INFO             PET3   Delete modelComp: ocnA
20220926 031634.704 INFO             PET3   Delete Import-/Export State for modelComp: ocnA
20220926 031634.704 INFO             PET3   Delete connectorComp: ATM-TO-OCN
20220926 031634.704 INFO             PET3   Delete connectorComp: OCN-TO-ATM
20220926 031634.704 INFO             PET3 esm: Finalize extro.
20220926 031634.704 INFO             PET3 esmApp FINISHED
20220926 031634.704 INFO             PET3 Finalizing ESMF
