2022-10-02 00:52:59
Rank 1 [Sun Oct  2 01:39:38 2022] [c12-0c0s9n1] application called MPI_Abort(comm=0x84000004, 1) - process 1
Rank 3 [Sun Oct  2 01:39:38 2022] [c12-0c0s9n1] application called MPI_Abort(comm=0x84000004, 1) - process 3
Rank 0 [Sun Oct  2 01:39:38 2022] [c12-0c0s9n1] application called MPI_Abort(comm=0x84000007, 1) - process 0
Rank 2 [Sun Oct  2 01:39:38 2022] [c12-0c0s9n1] application called MPI_Abort(comm=0x84000004, 1) - process 2
forrtl: error (76): Abort trap signal
Image              PC                Routine            Line        Source             
esmApp             00000000022F4104  Unknown               Unknown  Unknown
esmApp             0000000001C36C80  Unknown               Unknown  Unknown
esmApp             00000000021AF4C0  Unknown               Unknown  Unknown
esmApp             0000000002465B11  Unknown               Unknown  Unknown
esmApp             0000000001FDFEE2  Unknown               Unknown  Unknown
esmApp             0000000001F8C89B  Unknown               Unknown  Unknown
esmApp             00000000013E603A  Unknown               Unknown  Unknown
esmApp             00000000013C4163  Unknown               Unknown  Unknown
esmApp             0000000000BCB3C2  Unknown               Unknown  Unknown
esmApp             000000000053C978  Unknown               Unknown  Unknown
esmApp             00000000006B95AA  Unknown               Unknown  Unknown
esmApp             000000000040279D  Unknown               Unknown  Unknown
esmApp             0000000000401FC2  Unknown               Unknown  Unknown
esmApp             000000000245BE4F  Unknown               Unknown  Unknown
esmApp             0000000000401EAA  Unknown               Unknown  Unknown
forrtl: error (76): Abort trap signal
Image              PC                Routine            Line        Source             
esmApp             00000000022F4104  Unknown               Unknown  Unknown
esmApp             0000000001C36C80  Unknown               Unknown  Unknown
esmApp             00000000021AF4C0  Unknown               Unknown  Unknown
esmApp             0000000002465B11  Unknown               Unknown  Unknown
esmApp             0000000001FDFEE2  Unknown               Unknown  Unknown
esmApp             0000000001F8C89B  Unknown               Unknown  Unknown
esmApp             00000000013E603A  Unknown               Unknown  Unknown
esmApp             00000000013C4163  Unknown               Unknown  Unknown
esmApp             0000000000BCB3C2  Unknown               Unknown  Unknown
esmApp             000000000053C978  Unknown               Unknown  Unknown
esmApp             00000000006B95AA  Unknown               Unknown  Unknown
esmApp             000000000040279D  Unknown               Unknown  Unknown
esmApp             0000000000401FC2  Unknown               Unknown  Unknown
esmApp             000000000245BE4F  Unknown               Unknown  Unknown
esmApp             0000000000401EAA  Unknown               Unknown  Unknown
forrtl: error (76): Abort trap signal
Image              PC                Routine            Line        Source             
esmApp             00000000022F4104  Unknown               Unknown  Unknown
esmApp             0000000001C36C80  Unknown               Unknown  Unknown
esmApp             00000000021AF4C0  Unknown               Unknown  Unknown
esmApp             0000000002465B11  Unknown               Unknown  Unknown
esmApp             0000000001FDFEE2  Unknown               Unknown  Unknown
esmApp             0000000001F8C89B  Unknown               Unknown  Unknown
esmApp             00000000013E603A  Unknown               Unknown  Unknown
esmApp             00000000013C4163  Unknown               Unknown  Unknown
esmApp             0000000000BCB3C2  Unknown               Unknown  Unknown
esmApp             000000000053C978  Unknown               Unknown  Unknown
esmApp             00000000006B95AA  Unknown               Unknown  Unknown
esmApp             000000000040279D  Unknown               Unknown  Unknown
esmApp             0000000000401FC2  Unknown               Unknown  Unknown
esmApp             000000000245BE4F  Unknown               Unknown  Unknown
esmApp             0000000000401EAA  Unknown               Unknown  Unknown
forrtl: error (76): Abort trap signal
Image              PC                Routine            Line        Source             
esmApp             00000000022F4104  Unknown               Unknown  Unknown
esmApp             0000000001C36C80  Unknown               Unknown  Unknown
esmApp             00000000021AF4C0  Unknown               Unknown  Unknown
esmApp             0000000002465B11  Unknown               Unknown  Unknown
esmApp             0000000001FDFEE2  Unknown               Unknown  Unknown
esmApp             0000000001F8C89B  Unknown               Unknown  Unknown
esmApp             00000000013E603A  Unknown               Unknown  Unknown
esmApp             00000000013C4163  Unknown               Unknown  Unknown
esmApp             0000000000BCB3C2  Unknown               Unknown  Unknown
esmApp             000000000053C978  Unknown               Unknown  Unknown
esmApp             00000000006B95AA  Unknown               Unknown  Unknown
esmApp             000000000040279D  Unknown               Unknown  Unknown
esmApp             0000000000401FC2  Unknown               Unknown  Unknown
esmApp             000000000245BE4F  Unknown               Unknown  Unknown
esmApp             0000000000401EAA  Unknown               Unknown  Unknown
srun: error: nid02341: tasks 0-3: Aborted
srun: launch/slurm: _step_signal: Terminating StepId=269131993.367
