2022-10-08 06:22:27
20221008 065804.019 INFO             PET0 !!!!!!!!!!!!!!!!!!!!!!!!!!!!!!!!!!!!!!!!!!!!!!!!!!!!!!
20221008 065804.019 INFO             PET0 !!! THE ESMF_LOG IS SET TO OUTPUT ALL LOG MESSAGES !!!
20221008 065804.019 INFO             PET0 !!!     THIS MAY CAUSE SLOWDOWN IN PERFORMANCE     !!!
20221008 065804.019 INFO             PET0 !!! FOR PRODUCTION RUNS, USE:                      !!!
20221008 065804.019 INFO             PET0 !!!                   ESMF_LOGKIND_Multi_On_Error  !!!
20221008 065804.019 INFO             PET0 !!!!!!!!!!!!!!!!!!!!!!!!!!!!!!!!!!!!!!!!!!!!!!!!!!!!!!
20221008 065804.019 INFO             PET0 Running with ESMF Version   : v8.4.0b18
20221008 065804.019 INFO             PET0 ESMF library build date/time: "Oct  8 2022" "06:20:32"
20221008 065804.019 INFO             PET0 ESMF library build location : /scratch2/NCEPDEV/stmp1/Gerhard.Theurich/ESMF-Nightly-Testing/intel_18.0.5b_intelmpi_g_develop/esmf
20221008 065804.019 INFO             PET0 ESMF_COMM                   : intelmpi
20221008 065804.020 INFO             PET0 ESMF_MOAB                   : enabled
20221008 065804.020 INFO             PET0 ESMF_LAPACK                 : enabled
20221008 065804.020 INFO             PET0 ESMF_NETCDF                 : enabled
20221008 065804.020 INFO             PET0 ESMF_PNETCDF                : disabled
20221008 065804.020 INFO             PET0 ESMF_PIO                    : enabled
20221008 065804.020 INFO             PET0 ESMF_YAMLCPP                : enabled
20221008 065804.021 INFO             PET0 esmApp STARTING
20221008 065804.026 INFO             PET0 esm: InitializeGeneric intro.
20221008 065804.026 INFO             PET0   esm: InitializeP0 intro.
20221008 065804.026 INFO             PET0   esm: InitializeP0 extro.
20221008 065804.026 INFO             PET0   esm: InitializeIPDv02p1 intro.
20221008 065804.026 INFO             PET0     >>>esm: entered Initialize (phase=<none>) without valid internal Clock.
20221008 065804.027 INFO             PET0     esm - Creating model component ATM with petList of size 2 :
20221008 065804.027 INFO             PET0           0      1
20221008 065804.031 INFO             PET0     esm - Creating model component OCN with petList of size 2 :
20221008 065804.031 INFO             PET0           2      3
20221008 065804.031 INFO             PET0     esm - Creating connector component ATM-TO-OCN with petList of size 4 :
20221008 065804.031 INFO             PET0           0      1      2      3
20221008 065804.038 INFO             PET0     esm - Creating connector component OCN-TO-ATM with petList of size 4 :
20221008 065804.039 INFO             PET0           2      3      0      1
20221008 065804.045 INFO             PET0     esm - Creating state: modelComp 1 Import State
20221008 065804.045 INFO             PET0     esm - Creating state: modelComp 1 Export State
20221008 065804.046 INFO             PET0     esm - Creating state: modelComp 2 Import State
20221008 065804.046 INFO             PET0     esm - Creating state: modelComp 2 Export State
20221008 065804.047 INFO             PET0     ATM: InitializeP0 intro.
20221008 065804.048 INFO             PET0     ATM: InitializeP0 extro.
20221008 065804.052 INFO             PET0     ATM-TO-OCN: InitializeP0 intro.
20221008 065804.052 INFO             PET0     ATM-TO-OCN: InitializeP0 extro.
20221008 065804.053 INFO             PET0     OCN-TO-ATM: InitializeP0 intro.
20221008 065804.053 INFO             PET0     OCN-TO-ATM: InitializeP0 extro.
20221008 065804.055 INFO             PET0     esm: IInitAdvertise intro.
20221008 065804.055 INFO             PET0     esm: IInitAdvertise extro.
20221008 065804.055 INFO             PET0     ATM: InitializeIPDvXp01 intro.
20221008 065804.059 INFO             PET0     ATM: InitializeIPDvXp01 extro.
20221008 065804.065 INFO             PET0     ATM-TO-OCN: InitializeIPDv05p1 intro.
20221008 065804.075 INFO             PET0     ATM-TO-OCN: InitializeIPDv05p1 extro.
20221008 065804.075 INFO             PET0     OCN-TO-ATM: InitializeIPDv05p1 intro.
20221008 065804.079 INFO             PET0     OCN-TO-ATM: InitializeIPDv05p1 extro.
20221008 065804.080 INFO             PET0     esm: IInitAdvertiseFinish intro.
20221008 065804.080 INFO             PET0     esm: IInitAdvertiseFinish extro.
20221008 065804.080 INFO             PET0     ATM-TO-OCN: InitializeIPDv05p2a intro.
20221008 065804.089 INFO             PET0     ATM-TO-OCN: InitializeIPDv05p2a extro.
20221008 065804.089 INFO             PET0     OCN-TO-ATM: InitializeIPDv05p2a intro.
20221008 065804.094 INFO             PET0     OCN-TO-ATM: InitializeIPDv05p2a extro.
20221008 065804.094 INFO             PET0     ATM-TO-OCN: InitializeIPDv05p2b intro.
20221008 065804.104 INFO             PET0     ATM-TO-OCN: InitializeIPDv05p2b extro.
20221008 065804.104 INFO             PET0     OCN-TO-ATM: InitializeIPDv05p2b intro.
20221008 065804.109 INFO             PET0     OCN-TO-ATM: InitializeIPDv05p2b extro.
20221008 065804.109 INFO             PET0     esm: IInitModifyCplLists intro.
20221008 065804.109 INFO             PET0       Driver is in ModifyCplLists()
20221008 065804.109 INFO             PET0        Found            2  Connectors. Modifying CplList Attribute....
20221008 065804.109 INFO             PET0     esm: IInitModifyCplLists extro.
20221008 065804.110 INFO             PET0     ATM-TO-OCN: InitializeIPDv05p3 intro.
20221008 065804.119 INFO             PET0     ATM-TO-OCN: InitializeIPDv05p3 extro.
20221008 065804.120 INFO             PET0     OCN-TO-ATM: InitializeIPDv05p3 intro.
20221008 065804.125 INFO             PET0     OCN-TO-ATM: InitializeIPDv05p3 extro.
20221008 065804.125 INFO             PET0     <<<esm: leaving Initialize (phase=<none>) with current time: 2010  6  1  0  0  0   0
20221008 065804.125 INFO             PET0   esm: InitializeIPDv02p1 extro.
20221008 065804.125 INFO             PET0   esm: InitializeIPDv02p3 intro.
20221008 065804.125 INFO             PET0     >>>esm: entered Initialize (phase=<none>) with current time: 2010  6  1  0  0  0   0
20221008 065804.125 INFO             PET0     esm: IInitCheck intro.
20221008 065804.125 INFO             PET0     esm: IInitCheck extro.
20221008 065804.126 INFO             PET0     ATM: InitializeIPDvXp04 intro.
20221008 065804.134 INFO             PET0     ATM: InitializeIPDvXp04 extro.
20221008 065804.145 INFO             PET0     ATM-TO-OCN: InitializeIPDv05p4 intro.
20221008 065804.162 INFO             PET0     ATM-TO-OCN: InitializeIPDv05p4 extro.
20221008 065804.163 INFO             PET0     OCN-TO-ATM: InitializeIPDv05p4 intro.
20221008 065804.171 INFO             PET0     OCN-TO-ATM: InitializeIPDv05p4 extro.
20221008 065804.172 INFO             PET0     ATM-TO-OCN: InitializeIPDv05p5 intro.
20221008 065804.189 INFO             PET0     ATM-TO-OCN: InitializeIPDv05p5 extro.
20221008 065804.189 INFO             PET0     OCN-TO-ATM: InitializeIPDv05p5 intro.
20221008 065804.198 INFO             PET0     OCN-TO-ATM: InitializeIPDv05p5 extro.
20221008 065804.198 INFO             PET0     esm: IInitRealize intro.
20221008 065804.198 INFO             PET0     esm: IInitRealize extro.
20221008 065804.199 INFO             PET0     ATM-TO-OCN: InitializeIPDv05p6a intro.
20221008 065804.215 INFO             PET0     ATM-TO-OCN: InitializeIPDv05p6a extro.
20221008 065804.215 INFO             PET0     OCN-TO-ATM: InitializeIPDv05p6a intro.
20221008 065804.224 INFO             PET0     OCN-TO-ATM: InitializeIPDv05p6a extro.
20221008 065804.224 INFO             PET0     ATM-TO-OCN: InitializeIPDv05p6b intro.
20221008 065804.358 INFO             PET0     ATM-TO-OCN: InitializeIPDv05p6b extro.
20221008 065804.358 INFO             PET0     OCN-TO-ATM: InitializeIPDv05p6b intro.
20221008 065804.459 INFO             PET0     OCN-TO-ATM: InitializeIPDv05p6b extro.
20221008 065804.459 INFO             PET0     ATM: InitializeIPDvXp07 intro.
20221008 065804.459 INFO             PET0     ATM: InitializeIPDvXp07 extro.
20221008 065804.462 INFO             PET0     <<<esm: leaving Initialize (phase=<none>) with current time: 2010  6  1  0  0  0   0
20221008 065804.462 INFO             PET0   esm: InitializeIPDv02p3 extro.
20221008 065804.462 INFO             PET0   esm: InitializeIPDv02p5 intro.
20221008 065804.462 INFO             PET0     >>>esm: entered Initialize (phase=<none>) with current time: 2010  6  1  0  0  0   0
20221008 065804.462 INFO             PET0     esm: this is a top level driver, no 'Updated' and 'InitializeDataComplete' info on this level.
20221008 065804.462 INFO             PET0     esm: InitializeIPDv02p5Data intro.
20221008 065804.462 INFO             PET0       esm: InternalInitializeComplete intro.
20221008 065804.462 INFO             PET0         esm: InitializeDataComplete='true'
20221008 065804.462 INFO             PET0       esm: InternalInitializeComplete extro.
20221008 065804.462 INFO             PET0       ATM: InitializeIPDv01p5 intro.
20221008 065804.462 INFO             PET0       ATM: InitializeIPDv01p5 extro.
20221008 065804.465 INFO             PET0       esm: components present that trigger loopDataDependentInitialize().
20221008 065804.465 INFO             PET0       esm: loopDataDependentInitialize intro.
20221008 065804.465 INFO             PET0         esm: component    0=esm, dataComplete (local): true
20221008 065804.465 INFO             PET0         esm: component    0=esm, dataComplete (global):  T
20221008 065804.465 INFO             PET0         esm: component    1=ATM, dataComplete (local): true
20221008 065804.465 INFO             PET0         esm: component    1=ATM, dataComplete (global):  T
20221008 065804.465 INFO             PET0         esm: component    2=OCN, dataComplete (local): true
20221008 065804.465 INFO             PET0         esm: component    2=OCN, dataComplete (global):  T
20221008 065804.465 INFO             PET0         esm: someProgress= F, allComplete= T, present(dataDepAllComplete)= T
20221008 065804.465 INFO             PET0         esm: finished resolving initialize data dependencies on this level.
20221008 065804.465 INFO             PET0       esm: loopDataDependentInitialize extro.
20221008 065804.465 INFO             PET0       esm: loopDataDependentInitialize() returned with dataDepAllComplete:  T
20221008 065804.465 INFO             PET0     esm: InitializeIPDv02p5Data extro.
20221008 065804.465 INFO             PET0     <<<esm: leaving Initialize (phase=<none>) with current time: 2010  6  1  0  0  0   0
20221008 065804.465 INFO             PET0   esm: InitializeIPDv02p5 extro.
20221008 065804.465 INFO             PET0 esm: InitializeGeneric extro.
20221008 065804.465 INFO             PET0 esm: Run intro.
20221008 065804.465 INFO             PET0   >>>esm entered Run (phase=RunPhase1) with current time: 2010  6  1  0  0  0   0
20221008 065804.465 INFO             PET0   esm: after lable_SetRunClock, current time: 2010  6  1  0  0  0   0
20221008 065804.465 INFO             PET0   esm: begin -------> RunSequence.
20221008 065804.465 INFO             PET0     esm: RunSequence event loopLevel=   1  levelMember=   1  loopIteration=   1, current time: 2010  6  1  0  0  0   0
20221008 065804.465 INFO             PET0     ATM-TO-OCN: Run intro.
20221008 065804.466 INFO             PET0     ATM-TO-OCN: Run extro.
20221008 065804.466 INFO             PET0     OCN-TO-ATM: Run intro.
20221008 065804.467 INFO             PET0     OCN-TO-ATM: Run extro.
20221008 065804.467 INFO             PET0     ATM: Run intro.
20221008 065804.467 INFO             PET0       ------>Advancing ATM from: 2010  6  1  0  0  0   0
20221008 065804.467 INFO             PET0       ---------------------> to: 2010  6  1  0 15  0   0
20221008 065804.467 INFO             PET0     ATM: Run extro.
20221008 065804.467 INFO             PET0     esm: RunSequence event loopLevel=   1  levelMember=   1  loopIteration=   2, current time: 2010  6  1  0 15  0   0
20221008 065804.467 INFO             PET0     ATM-TO-OCN: Run intro.
20221008 065804.468 INFO             PET0     ATM-TO-OCN: Run extro.
20221008 065804.468 INFO             PET0     OCN-TO-ATM: Run intro.
20221008 065804.484 INFO             PET0     OCN-TO-ATM: Run extro.
20221008 065804.484 INFO             PET0     ATM: Run intro.
20221008 065804.484 INFO             PET0       ------>Advancing ATM from: 2010  6  1  0 15  0   0
20221008 065804.484 INFO             PET0       ---------------------> to: 2010  6  1  0 30  0   0
20221008 065804.484 INFO             PET0     ATM: Run extro.
20221008 065804.484 INFO             PET0     esm: RunSequence event loopLevel=   1  levelMember=   1  loopIteration=   3, current time: 2010  6  1  0 30  0   0
20221008 065804.484 INFO             PET0     ATM-TO-OCN: Run intro.
20221008 065804.484 INFO             PET0     ATM-TO-OCN: Run extro.
20221008 065804.485 INFO             PET0     OCN-TO-ATM: Run intro.
20221008 065804.493 INFO             PET0     OCN-TO-ATM: Run extro.
20221008 065804.493 INFO             PET0     ATM: Run intro.
20221008 065804.494 INFO             PET0       ------>Advancing ATM from: 2010  6  1  0 30  0   0
20221008 065804.494 INFO             PET0       ---------------------> to: 2010  6  1  0 45  0   0
20221008 065804.494 INFO             PET0     ATM: Run extro.
20221008 065804.494 INFO             PET0     esm: RunSequence event loopLevel=   1  levelMember=   1  loopIteration=   4, current time: 2010  6  1  0 45  0   0
20221008 065804.494 INFO             PET0     ATM-TO-OCN: Run intro.
20221008 065804.494 INFO             PET0     ATM-TO-OCN: Run extro.
20221008 065804.494 INFO             PET0     OCN-TO-ATM: Run intro.
20221008 065804.503 INFO             PET0     OCN-TO-ATM: Run extro.
20221008 065804.503 INFO             PET0     ATM: Run intro.
20221008 065804.504 INFO             PET0       ------>Advancing ATM from: 2010  6  1  0 45  0   0
20221008 065804.504 INFO             PET0       ---------------------> to: 2010  6  1  1  0  0   0
20221008 065804.504 INFO             PET0     ATM: Run extro.
20221008 065804.504 INFO             PET0   esm: end <--------- RunSequence
20221008 065804.504 INFO             PET0   <<<esm - leaving Run with current time: 2010  6  1  1  0  0   0
20221008 065804.504 INFO             PET0 esm: Run extro.
20221008 065804.504 INFO             PET0 esm: Finalize intro.
20221008 065804.504 INFO             PET0   Calling Finalize phase 1 for connectorComp: ATM-TO-OCN
20221008 065804.504 INFO             PET0   ATM-TO-OCN: Finalize intro.
20221008 065804.504 INFO             PET0   ATM-TO-OCN: Finalize extro.
20221008 065804.504 INFO             PET0   Calling Finalize phase 1 for connectorComp: OCN-TO-ATM
20221008 065804.504 INFO             PET0   OCN-TO-ATM: Finalize intro.
20221008 065804.504 INFO             PET0   OCN-TO-ATM: Finalize extro.
20221008 065804.504 INFO             PET0   Calling Finalize phase 1 for modelComp: ATM
20221008 065804.505 INFO             PET0   ATM: Finalize intro.
20221008 065804.505 INFO             PET0   ATM: Finalize extro.
20221008 065804.505 INFO             PET0   Calling Finalize phase 1 for modelComp: OCN
20221008 065804.505 INFO             PET0   Delete modelComp: ATM
20221008 065804.505 INFO             PET0   Delete Import-/Export State for modelComp: ATM
20221008 065804.505 INFO             PET0   Delete modelComp: OCN
20221008 065804.505 INFO             PET0   Delete Import-/Export State for modelComp: OCN
20221008 065804.505 INFO             PET0   Delete connectorComp: ATM-TO-OCN
20221008 065804.505 INFO             PET0   Delete connectorComp: OCN-TO-ATM
20221008 065804.505 INFO             PET0 esm: Finalize extro.
20221008 065804.505 INFO             PET0 esmApp FINISHED
20221008 065804.505 INFO             PET0 Finalizing ESMF
20221008 065804.018 INFO             PET1 !!!!!!!!!!!!!!!!!!!!!!!!!!!!!!!!!!!!!!!!!!!!!!!!!!!!!!
20221008 065804.018 INFO             PET1 !!! THE ESMF_LOG IS SET TO OUTPUT ALL LOG MESSAGES !!!
20221008 065804.018 INFO             PET1 !!!     THIS MAY CAUSE SLOWDOWN IN PERFORMANCE     !!!
20221008 065804.018 INFO             PET1 !!! FOR PRODUCTION RUNS, USE:                      !!!
20221008 065804.018 INFO             PET1 !!!                   ESMF_LOGKIND_Multi_On_Error  !!!
20221008 065804.018 INFO             PET1 !!!!!!!!!!!!!!!!!!!!!!!!!!!!!!!!!!!!!!!!!!!!!!!!!!!!!!
20221008 065804.018 INFO             PET1 Running with ESMF Version   : v8.4.0b18
20221008 065804.018 INFO             PET1 ESMF library build date/time: "Oct  8 2022" "06:20:32"
20221008 065804.018 INFO             PET1 ESMF library build location : /scratch2/NCEPDEV/stmp1/Gerhard.Theurich/ESMF-Nightly-Testing/intel_18.0.5b_intelmpi_g_develop/esmf
20221008 065804.018 INFO             PET1 ESMF_COMM                   : intelmpi
20221008 065804.019 INFO             PET1 ESMF_MOAB                   : enabled
20221008 065804.019 INFO             PET1 ESMF_LAPACK                 : enabled
20221008 065804.019 INFO             PET1 ESMF_NETCDF                 : enabled
20221008 065804.019 INFO             PET1 ESMF_PNETCDF                : disabled
20221008 065804.019 INFO             PET1 ESMF_PIO                    : enabled
20221008 065804.019 INFO             PET1 ESMF_YAMLCPP                : enabled
20221008 065804.021 INFO             PET1 esmApp STARTING
20221008 065804.027 INFO             PET1 esm: InitializeGeneric intro.
20221008 065804.027 INFO             PET1   esm: InitializeP0 intro.
20221008 065804.027 INFO             PET1   esm: InitializeP0 extro.
20221008 065804.027 INFO             PET1   esm: InitializeIPDv02p1 intro.
20221008 065804.027 INFO             PET1     >>>esm: entered Initialize (phase=<none>) without valid internal Clock.
20221008 065804.027 INFO             PET1     esm - Creating model component ATM with petList of size 2 :
20221008 065804.027 INFO             PET1           0      1
20221008 065804.031 INFO             PET1     esm - Creating model component OCN with petList of size 2 :
20221008 065804.031 INFO             PET1           2      3
20221008 065804.031 INFO             PET1     esm - Creating connector component ATM-TO-OCN with petList of size 4 :
20221008 065804.031 INFO             PET1           0      1      2      3
20221008 065804.040 INFO             PET1     esm - Creating connector component OCN-TO-ATM with petList of size 4 :
20221008 065804.040 INFO             PET1           2      3      0      1
20221008 065804.047 INFO             PET1     esm - Creating state: modelComp 1 Import State
20221008 065804.047 INFO             PET1     esm - Creating state: modelComp 1 Export State
20221008 065804.047 INFO             PET1     esm - Creating state: modelComp 2 Import State
20221008 065804.047 INFO             PET1     esm - Creating state: modelComp 2 Export State
20221008 065804.049 INFO             PET1     ATM: InitializeP0 intro.
20221008 065804.050 INFO             PET1     ATM: InitializeP0 extro.
20221008 065804.053 INFO             PET1     ATM-TO-OCN: InitializeP0 intro.
20221008 065804.053 INFO             PET1     ATM-TO-OCN: InitializeP0 extro.
20221008 065804.054 INFO             PET1     OCN-TO-ATM: InitializeP0 intro.
20221008 065804.055 INFO             PET1     OCN-TO-ATM: InitializeP0 extro.
20221008 065804.057 INFO             PET1     esm: IInitAdvertise intro.
20221008 065804.057 INFO             PET1     esm: IInitAdvertise extro.
20221008 065804.057 INFO             PET1     ATM: InitializeIPDvXp01 intro.
20221008 065804.062 INFO             PET1     ATM: InitializeIPDvXp01 extro.
20221008 065804.065 INFO             PET1     ATM-TO-OCN: InitializeIPDv05p1 intro.
20221008 065804.075 INFO             PET1     ATM-TO-OCN: InitializeIPDv05p1 extro.
20221008 065804.075 INFO             PET1     OCN-TO-ATM: InitializeIPDv05p1 intro.
20221008 065804.080 INFO             PET1     OCN-TO-ATM: InitializeIPDv05p1 extro.
20221008 065804.080 INFO             PET1     esm: IInitAdvertiseFinish intro.
20221008 065804.080 INFO             PET1     esm: IInitAdvertiseFinish extro.
20221008 065804.080 INFO             PET1     ATM-TO-OCN: InitializeIPDv05p2a intro.
20221008 065804.089 INFO             PET1     ATM-TO-OCN: InitializeIPDv05p2a extro.
20221008 065804.090 INFO             PET1     OCN-TO-ATM: InitializeIPDv05p2a intro.
20221008 065804.094 INFO             PET1     OCN-TO-ATM: InitializeIPDv05p2a extro.
20221008 065804.095 INFO             PET1     ATM-TO-OCN: InitializeIPDv05p2b intro.
20221008 065804.104 INFO             PET1     ATM-TO-OCN: InitializeIPDv05p2b extro.
20221008 065804.104 INFO             PET1     OCN-TO-ATM: InitializeIPDv05p2b intro.
20221008 065804.109 INFO             PET1     OCN-TO-ATM: InitializeIPDv05p2b extro.
20221008 065804.109 INFO             PET1     esm: IInitModifyCplLists intro.
20221008 065804.109 INFO             PET1       Driver is in ModifyCplLists()
20221008 065804.109 INFO             PET1        Found            2  Connectors. Modifying CplList Attribute....
20221008 065804.110 INFO             PET1     esm: IInitModifyCplLists extro.
20221008 065804.110 INFO             PET1     ATM-TO-OCN: InitializeIPDv05p3 intro.
20221008 065804.120 INFO             PET1     ATM-TO-OCN: InitializeIPDv05p3 extro.
20221008 065804.120 INFO             PET1     OCN-TO-ATM: InitializeIPDv05p3 intro.
20221008 065804.125 INFO             PET1     OCN-TO-ATM: InitializeIPDv05p3 extro.
20221008 065804.125 INFO             PET1     <<<esm: leaving Initialize (phase=<none>) with current time: 2010  6  1  0  0  0   0
20221008 065804.125 INFO             PET1   esm: InitializeIPDv02p1 extro.
20221008 065804.125 INFO             PET1   esm: InitializeIPDv02p3 intro.
20221008 065804.125 INFO             PET1     >>>esm: entered Initialize (phase=<none>) with current time: 2010  6  1  0  0  0   0
20221008 065804.126 INFO             PET1     esm: IInitCheck intro.
20221008 065804.126 INFO             PET1     esm: IInitCheck extro.
20221008 065804.126 INFO             PET1     ATM: InitializeIPDvXp04 intro.
20221008 065804.136 INFO             PET1     ATM: InitializeIPDvXp04 extro.
20221008 065804.145 INFO             PET1     ATM-TO-OCN: InitializeIPDv05p4 intro.
20221008 065804.163 INFO             PET1     ATM-TO-OCN: InitializeIPDv05p4 extro.
20221008 065804.163 INFO             PET1     OCN-TO-ATM: InitializeIPDv05p4 intro.
20221008 065804.172 INFO             PET1     OCN-TO-ATM: InitializeIPDv05p4 extro.
20221008 065804.172 INFO             PET1     ATM-TO-OCN: InitializeIPDv05p5 intro.
20221008 065804.189 INFO             PET1     ATM-TO-OCN: InitializeIPDv05p5 extro.
20221008 065804.190 INFO             PET1     OCN-TO-ATM: InitializeIPDv05p5 intro.
20221008 065804.198 INFO             PET1     OCN-TO-ATM: InitializeIPDv05p5 extro.
20221008 065804.199 INFO             PET1     esm: IInitRealize intro.
20221008 065804.199 INFO             PET1     esm: IInitRealize extro.
20221008 065804.199 INFO             PET1     ATM-TO-OCN: InitializeIPDv05p6a intro.
20221008 065804.215 INFO             PET1     ATM-TO-OCN: InitializeIPDv05p6a extro.
20221008 065804.216 INFO             PET1     OCN-TO-ATM: InitializeIPDv05p6a intro.
20221008 065804.224 INFO             PET1     OCN-TO-ATM: InitializeIPDv05p6a extro.
20221008 065804.224 INFO             PET1     ATM-TO-OCN: InitializeIPDv05p6b intro.
20221008 065804.358 INFO             PET1     ATM-TO-OCN: InitializeIPDv05p6b extro.
20221008 065804.358 INFO             PET1     OCN-TO-ATM: InitializeIPDv05p6b intro.
20221008 065804.459 INFO             PET1     OCN-TO-ATM: InitializeIPDv05p6b extro.
20221008 065804.459 INFO             PET1     ATM: InitializeIPDvXp07 intro.
20221008 065804.459 INFO             PET1     ATM: InitializeIPDvXp07 extro.
20221008 065804.462 INFO             PET1     <<<esm: leaving Initialize (phase=<none>) with current time: 2010  6  1  0  0  0   0
20221008 065804.462 INFO             PET1   esm: InitializeIPDv02p3 extro.
20221008 065804.462 INFO             PET1   esm: InitializeIPDv02p5 intro.
20221008 065804.462 INFO             PET1     >>>esm: entered Initialize (phase=<none>) with current time: 2010  6  1  0  0  0   0
20221008 065804.462 INFO             PET1     esm: this is a top level driver, no 'Updated' and 'InitializeDataComplete' info on this level.
20221008 065804.462 INFO             PET1     esm: InitializeIPDv02p5Data intro.
20221008 065804.462 INFO             PET1       esm: InternalInitializeComplete intro.
20221008 065804.462 INFO             PET1         esm: InitializeDataComplete='true'
20221008 065804.462 INFO             PET1       esm: InternalInitializeComplete extro.
20221008 065804.463 INFO             PET1       ATM: InitializeIPDv01p5 intro.
20221008 065804.463 INFO             PET1       ATM: InitializeIPDv01p5 extro.
20221008 065804.465 INFO             PET1       esm: components present that trigger loopDataDependentInitialize().
20221008 065804.465 INFO             PET1       esm: loopDataDependentInitialize intro.
20221008 065804.465 INFO             PET1         esm: component    0=esm, dataComplete (local): true
20221008 065804.465 INFO             PET1         esm: component    0=esm, dataComplete (global):  T
20221008 065804.465 INFO             PET1         esm: component    1=ATM, dataComplete (local): true
20221008 065804.465 INFO             PET1         esm: component    1=ATM, dataComplete (global):  T
20221008 065804.465 INFO             PET1         esm: component    2=OCN, dataComplete (local): true
20221008 065804.465 INFO             PET1         esm: component    2=OCN, dataComplete (global):  T
20221008 065804.465 INFO             PET1         esm: someProgress= F, allComplete= T, present(dataDepAllComplete)= T
20221008 065804.465 INFO             PET1         esm: finished resolving initialize data dependencies on this level.
20221008 065804.465 INFO             PET1       esm: loopDataDependentInitialize extro.
20221008 065804.465 INFO             PET1       esm: loopDataDependentInitialize() returned with dataDepAllComplete:  T
20221008 065804.465 INFO             PET1     esm: InitializeIPDv02p5Data extro.
20221008 065804.465 INFO             PET1     <<<esm: leaving Initialize (phase=<none>) with current time: 2010  6  1  0  0  0   0
20221008 065804.465 INFO             PET1   esm: InitializeIPDv02p5 extro.
20221008 065804.465 INFO             PET1 esm: InitializeGeneric extro.
20221008 065804.465 INFO             PET1 esm: Run intro.
20221008 065804.465 INFO             PET1   >>>esm entered Run (phase=RunPhase1) with current time: 2010  6  1  0  0  0   0
20221008 065804.465 INFO             PET1   esm: after lable_SetRunClock, current time: 2010  6  1  0  0  0   0
20221008 065804.465 INFO             PET1   esm: begin -------> RunSequence.
20221008 065804.465 INFO             PET1     esm: RunSequence event loopLevel=   1  levelMember=   1  loopIteration=   1, current time: 2010  6  1  0  0  0   0
20221008 065804.465 INFO             PET1     ATM-TO-OCN: Run intro.
20221008 065804.466 INFO             PET1     ATM-TO-OCN: Run extro.
20221008 065804.466 INFO             PET1     OCN-TO-ATM: Run intro.
20221008 065804.467 INFO             PET1     OCN-TO-ATM: Run extro.
20221008 065804.467 INFO             PET1     ATM: Run intro.
20221008 065804.467 INFO             PET1       ------>Advancing ATM from: 2010  6  1  0  0  0   0
20221008 065804.467 INFO             PET1       ---------------------> to: 2010  6  1  0 15  0   0
20221008 065804.467 INFO             PET1     ATM: Run extro.
20221008 065804.467 INFO             PET1     esm: RunSequence event loopLevel=   1  levelMember=   1  loopIteration=   2, current time: 2010  6  1  0 15  0   0
20221008 065804.467 INFO             PET1     ATM-TO-OCN: Run intro.
20221008 065804.468 INFO             PET1     ATM-TO-OCN: Run extro.
20221008 065804.468 INFO             PET1     OCN-TO-ATM: Run intro.
20221008 065804.484 INFO             PET1     OCN-TO-ATM: Run extro.
20221008 065804.484 INFO             PET1     ATM: Run intro.
20221008 065804.484 INFO             PET1       ------>Advancing ATM from: 2010  6  1  0 15  0   0
20221008 065804.484 INFO             PET1       ---------------------> to: 2010  6  1  0 30  0   0
20221008 065804.484 INFO             PET1     ATM: Run extro.
20221008 065804.484 INFO             PET1     esm: RunSequence event loopLevel=   1  levelMember=   1  loopIteration=   3, current time: 2010  6  1  0 30  0   0
20221008 065804.484 INFO             PET1     ATM-TO-OCN: Run intro.
20221008 065804.485 INFO             PET1     ATM-TO-OCN: Run extro.
20221008 065804.485 INFO             PET1     OCN-TO-ATM: Run intro.
20221008 065804.493 INFO             PET1     OCN-TO-ATM: Run extro.
20221008 065804.493 INFO             PET1     ATM: Run intro.
20221008 065804.494 INFO             PET1       ------>Advancing ATM from: 2010  6  1  0 30  0   0
20221008 065804.494 INFO             PET1       ---------------------> to: 2010  6  1  0 45  0   0
20221008 065804.494 INFO             PET1     ATM: Run extro.
20221008 065804.494 INFO             PET1     esm: RunSequence event loopLevel=   1  levelMember=   1  loopIteration=   4, current time: 2010  6  1  0 45  0   0
20221008 065804.494 INFO             PET1     ATM-TO-OCN: Run intro.
20221008 065804.494 INFO             PET1     ATM-TO-OCN: Run extro.
20221008 065804.494 INFO             PET1     OCN-TO-ATM: Run intro.
20221008 065804.503 INFO             PET1     OCN-TO-ATM: Run extro.
20221008 065804.503 INFO             PET1     ATM: Run intro.
20221008 065804.504 INFO             PET1       ------>Advancing ATM from: 2010  6  1  0 45  0   0
20221008 065804.504 INFO             PET1       ---------------------> to: 2010  6  1  1  0  0   0
20221008 065804.504 INFO             PET1     ATM: Run extro.
20221008 065804.504 INFO             PET1   esm: end <--------- RunSequence
20221008 065804.504 INFO             PET1   <<<esm - leaving Run with current time: 2010  6  1  1  0  0   0
20221008 065804.504 INFO             PET1 esm: Run extro.
20221008 065804.504 INFO             PET1 esm: Finalize intro.
20221008 065804.504 INFO             PET1   Calling Finalize phase 1 for connectorComp: ATM-TO-OCN
20221008 065804.504 INFO             PET1   ATM-TO-OCN: Finalize intro.
20221008 065804.504 INFO             PET1   ATM-TO-OCN: Finalize extro.
20221008 065804.504 INFO             PET1   Calling Finalize phase 1 for connectorComp: OCN-TO-ATM
20221008 065804.504 INFO             PET1   OCN-TO-ATM: Finalize intro.
20221008 065804.504 INFO             PET1   OCN-TO-ATM: Finalize extro.
20221008 065804.504 INFO             PET1   Calling Finalize phase 1 for modelComp: ATM
20221008 065804.505 INFO             PET1   ATM: Finalize intro.
20221008 065804.505 INFO             PET1   ATM: Finalize extro.
20221008 065804.505 INFO             PET1   Calling Finalize phase 1 for modelComp: OCN
20221008 065804.505 INFO             PET1   Delete modelComp: ATM
20221008 065804.505 INFO             PET1   Delete Import-/Export State for modelComp: ATM
20221008 065804.505 INFO             PET1   Delete modelComp: OCN
20221008 065804.505 INFO             PET1   Delete Import-/Export State for modelComp: OCN
20221008 065804.505 INFO             PET1   Delete connectorComp: ATM-TO-OCN
20221008 065804.505 INFO             PET1   Delete connectorComp: OCN-TO-ATM
20221008 065804.505 INFO             PET1 esm: Finalize extro.
20221008 065804.505 INFO             PET1 esmApp FINISHED
20221008 065804.505 INFO             PET1 Finalizing ESMF
20221008 065804.019 INFO             PET2 !!!!!!!!!!!!!!!!!!!!!!!!!!!!!!!!!!!!!!!!!!!!!!!!!!!!!!
20221008 065804.019 INFO             PET2 !!! THE ESMF_LOG IS SET TO OUTPUT ALL LOG MESSAGES !!!
20221008 065804.019 INFO             PET2 !!!     THIS MAY CAUSE SLOWDOWN IN PERFORMANCE     !!!
20221008 065804.019 INFO             PET2 !!! FOR PRODUCTION RUNS, USE:                      !!!
20221008 065804.019 INFO             PET2 !!!                   ESMF_LOGKIND_Multi_On_Error  !!!
20221008 065804.019 INFO             PET2 !!!!!!!!!!!!!!!!!!!!!!!!!!!!!!!!!!!!!!!!!!!!!!!!!!!!!!
20221008 065804.019 INFO             PET2 Running with ESMF Version   : v8.4.0b18
20221008 065804.019 INFO             PET2 ESMF library build date/time: "Oct  8 2022" "06:20:32"
20221008 065804.019 INFO             PET2 ESMF library build location : /scratch2/NCEPDEV/stmp1/Gerhard.Theurich/ESMF-Nightly-Testing/intel_18.0.5b_intelmpi_g_develop/esmf
20221008 065804.019 INFO             PET2 ESMF_COMM                   : intelmpi
20221008 065804.020 INFO             PET2 ESMF_MOAB                   : enabled
20221008 065804.020 INFO             PET2 ESMF_LAPACK                 : enabled
20221008 065804.020 INFO             PET2 ESMF_NETCDF                 : enabled
20221008 065804.020 INFO             PET2 ESMF_PNETCDF                : disabled
20221008 065804.020 INFO             PET2 ESMF_PIO                    : enabled
20221008 065804.020 INFO             PET2 ESMF_YAMLCPP                : enabled
20221008 065804.021 INFO             PET2 esmApp STARTING
20221008 065804.026 INFO             PET2 esm: InitializeGeneric intro.
20221008 065804.026 INFO             PET2   esm: InitializeP0 intro.
20221008 065804.026 INFO             PET2   esm: InitializeP0 extro.
20221008 065804.026 INFO             PET2   esm: InitializeIPDv02p1 intro.
20221008 065804.026 INFO             PET2     >>>esm: entered Initialize (phase=<none>) without valid internal Clock.
20221008 065804.027 INFO             PET2     esm - Creating model component ATM with petList of size 2 :
20221008 065804.027 INFO             PET2           0      1
20221008 065804.031 INFO             PET2     esm - Creating model component OCN with petList of size 2 :
20221008 065804.031 INFO             PET2           2      3
20221008 065804.034 INFO             PET2     esm - Creating connector component ATM-TO-OCN with petList of size 4 :
20221008 065804.034 INFO             PET2           0      1      2      3
20221008 065804.039 INFO             PET2     esm - Creating connector component OCN-TO-ATM with petList of size 4 :
20221008 065804.039 INFO             PET2           2      3      0      1
20221008 065804.045 INFO             PET2     esm - Creating state: modelComp 1 Import State
20221008 065804.045 INFO             PET2     esm - Creating state: modelComp 1 Export State
20221008 065804.046 INFO             PET2     esm - Creating state: modelComp 2 Import State
20221008 065804.046 INFO             PET2     esm - Creating state: modelComp 2 Export State
20221008 065804.049 INFO             PET2     OCN: InitializeP0 intro.
20221008 065804.051 INFO             PET2     OCN: InitializeP0 extro.
20221008 065804.052 INFO             PET2     ATM-TO-OCN: InitializeP0 intro.
20221008 065804.052 INFO             PET2     ATM-TO-OCN: InitializeP0 extro.
20221008 065804.053 INFO             PET2     OCN-TO-ATM: InitializeP0 intro.
20221008 065804.053 INFO             PET2     OCN-TO-ATM: InitializeP0 extro.
20221008 065804.055 INFO             PET2     esm: IInitAdvertise intro.
20221008 065804.055 INFO             PET2     esm: IInitAdvertise extro.
20221008 065804.060 INFO             PET2     OCN: InitializeIPDvXp01 intro.
20221008 065804.064 INFO             PET2     OCN: InitializeIPDvXp01 extro.
20221008 065804.065 INFO             PET2     ATM-TO-OCN: InitializeIPDv05p1 intro.
20221008 065804.075 INFO             PET2     ATM-TO-OCN: InitializeIPDv05p1 extro.
20221008 065804.075 INFO             PET2     OCN-TO-ATM: InitializeIPDv05p1 intro.
20221008 065804.079 INFO             PET2     OCN-TO-ATM: InitializeIPDv05p1 extro.
20221008 065804.080 INFO             PET2     esm: IInitAdvertiseFinish intro.
20221008 065804.080 INFO             PET2     esm: IInitAdvertiseFinish extro.
20221008 065804.080 INFO             PET2     ATM-TO-OCN: InitializeIPDv05p2a intro.
20221008 065804.089 INFO             PET2     ATM-TO-OCN: InitializeIPDv05p2a extro.
20221008 065804.089 INFO             PET2     OCN-TO-ATM: InitializeIPDv05p2a intro.
20221008 065804.094 INFO             PET2     OCN-TO-ATM: InitializeIPDv05p2a extro.
20221008 065804.095 INFO             PET2     ATM-TO-OCN: InitializeIPDv05p2b intro.
20221008 065804.104 INFO             PET2     ATM-TO-OCN: InitializeIPDv05p2b extro.
20221008 065804.104 INFO             PET2     OCN-TO-ATM: InitializeIPDv05p2b intro.
20221008 065804.109 INFO             PET2     OCN-TO-ATM: InitializeIPDv05p2b extro.
20221008 065804.109 INFO             PET2     esm: IInitModifyCplLists intro.
20221008 065804.109 INFO             PET2       Driver is in ModifyCplLists()
20221008 065804.109 INFO             PET2        Found            2  Connectors. Modifying CplList Attribute....
20221008 065804.109 INFO             PET2     esm: IInitModifyCplLists extro.
20221008 065804.110 INFO             PET2     ATM-TO-OCN: InitializeIPDv05p3 intro.
20221008 065804.119 INFO             PET2     ATM-TO-OCN: InitializeIPDv05p3 extro.
20221008 065804.120 INFO             PET2     OCN-TO-ATM: InitializeIPDv05p3 intro.
20221008 065804.125 INFO             PET2     OCN-TO-ATM: InitializeIPDv05p3 extro.
20221008 065804.125 INFO             PET2     <<<esm: leaving Initialize (phase=<none>) with current time: 2010  6  1  0  0  0   0
20221008 065804.125 INFO             PET2   esm: InitializeIPDv02p1 extro.
20221008 065804.125 INFO             PET2   esm: InitializeIPDv02p3 intro.
20221008 065804.125 INFO             PET2     >>>esm: entered Initialize (phase=<none>) with current time: 2010  6  1  0  0  0   0
20221008 065804.125 INFO             PET2     esm: IInitCheck intro.
20221008 065804.125 INFO             PET2     esm: IInitCheck extro.
20221008 065804.135 INFO             PET2     OCN: InitializeIPDvXp04 intro.
20221008 065804.144 INFO             PET2     OCN: InitializeIPDvXp04 extro.
20221008 065804.145 INFO             PET2     ATM-TO-OCN: InitializeIPDv05p4 intro.
20221008 065804.162 INFO             PET2     ATM-TO-OCN: InitializeIPDv05p4 extro.
20221008 065804.163 INFO             PET2     OCN-TO-ATM: InitializeIPDv05p4 intro.
20221008 065804.171 INFO             PET2     OCN-TO-ATM: InitializeIPDv05p4 extro.
20221008 065804.172 INFO             PET2     ATM-TO-OCN: InitializeIPDv05p5 intro.
20221008 065804.189 INFO             PET2     ATM-TO-OCN: InitializeIPDv05p5 extro.
20221008 065804.189 INFO             PET2     OCN-TO-ATM: InitializeIPDv05p5 intro.
20221008 065804.198 INFO             PET2     OCN-TO-ATM: InitializeIPDv05p5 extro.
20221008 065804.198 INFO             PET2     esm: IInitRealize intro.
20221008 065804.198 INFO             PET2     esm: IInitRealize extro.
20221008 065804.199 INFO             PET2     ATM-TO-OCN: InitializeIPDv05p6a intro.
20221008 065804.215 INFO             PET2     ATM-TO-OCN: InitializeIPDv05p6a extro.
20221008 065804.215 INFO             PET2     OCN-TO-ATM: InitializeIPDv05p6a intro.
20221008 065804.224 INFO             PET2     OCN-TO-ATM: InitializeIPDv05p6a extro.
20221008 065804.224 INFO             PET2     ATM-TO-OCN: InitializeIPDv05p6b intro.
20221008 065804.358 INFO             PET2     ATM-TO-OCN: InitializeIPDv05p6b extro.
20221008 065804.358 INFO             PET2     OCN-TO-ATM: InitializeIPDv05p6b intro.
20221008 065804.459 INFO             PET2     OCN-TO-ATM: InitializeIPDv05p6b extro.
20221008 065804.460 INFO             PET2     OCN: InitializeIPDvXp07 intro.
20221008 065804.461 INFO             PET2     OCN: InitializeIPDvXp07 extro.
20221008 065804.461 INFO             PET2     <<<esm: leaving Initialize (phase=<none>) with current time: 2010  6  1  0  0  0   0
20221008 065804.461 INFO             PET2   esm: InitializeIPDv02p3 extro.
20221008 065804.462 INFO             PET2   esm: InitializeIPDv02p5 intro.
20221008 065804.462 INFO             PET2     >>>esm: entered Initialize (phase=<none>) with current time: 2010  6  1  0  0  0   0
20221008 065804.462 INFO             PET2     esm: this is a top level driver, no 'Updated' and 'InitializeDataComplete' info on this level.
20221008 065804.462 INFO             PET2     esm: InitializeIPDv02p5Data intro.
20221008 065804.462 INFO             PET2       esm: InternalInitializeComplete intro.
20221008 065804.462 INFO             PET2         esm: InitializeDataComplete='true'
20221008 065804.462 INFO             PET2       esm: InternalInitializeComplete extro.
20221008 065804.463 INFO             PET2       OCN: InitializeIPDv01p5 intro.
20221008 065804.464 INFO             PET2       OCN: InitializeIPDv01p5 extro.
20221008 065804.465 INFO             PET2       esm: components present that trigger loopDataDependentInitialize().
20221008 065804.465 INFO             PET2       esm: loopDataDependentInitialize intro.
20221008 065804.465 INFO             PET2         esm: component    0=esm, dataComplete (local): true
20221008 065804.465 INFO             PET2         esm: component    0=esm, dataComplete (global):  T
20221008 065804.465 INFO             PET2         esm: component    1=ATM, dataComplete (local): true
20221008 065804.465 INFO             PET2         esm: component    1=ATM, dataComplete (global):  T
20221008 065804.465 INFO             PET2         esm: component    2=OCN, dataComplete (local): true
20221008 065804.465 INFO             PET2         esm: component    2=OCN, dataComplete (global):  T
20221008 065804.465 INFO             PET2         esm: someProgress= F, allComplete= T, present(dataDepAllComplete)= T
20221008 065804.465 INFO             PET2         esm: finished resolving initialize data dependencies on this level.
20221008 065804.465 INFO             PET2       esm: loopDataDependentInitialize extro.
20221008 065804.465 INFO             PET2       esm: loopDataDependentInitialize() returned with dataDepAllComplete:  T
20221008 065804.465 INFO             PET2     esm: InitializeIPDv02p5Data extro.
20221008 065804.465 INFO             PET2     <<<esm: leaving Initialize (phase=<none>) with current time: 2010  6  1  0  0  0   0
20221008 065804.465 INFO             PET2   esm: InitializeIPDv02p5 extro.
20221008 065804.465 INFO             PET2 esm: InitializeGeneric extro.
20221008 065804.465 INFO             PET2 esm: Run intro.
20221008 065804.465 INFO             PET2   >>>esm entered Run (phase=RunPhase1) with current time: 2010  6  1  0  0  0   0
20221008 065804.465 INFO             PET2   esm: after lable_SetRunClock, current time: 2010  6  1  0  0  0   0
20221008 065804.465 INFO             PET2   esm: begin -------> RunSequence.
20221008 065804.465 INFO             PET2     esm: RunSequence event loopLevel=   1  levelMember=   1  loopIteration=   1, current time: 2010  6  1  0  0  0   0
20221008 065804.465 INFO             PET2     ATM-TO-OCN: Run intro.
20221008 065804.466 INFO             PET2     ATM-TO-OCN: Run extro.
20221008 065804.466 INFO             PET2     OCN-TO-ATM: Run intro.
20221008 065804.467 INFO             PET2     OCN-TO-ATM: Run extro.
20221008 065804.467 INFO             PET2     OCN: Run intro.
20221008 065804.467 INFO             PET2       ------>Advancing OCN from: 2010  6  1  0  0  0   0
20221008 065804.467 INFO             PET2       ---------------------> to: 2010  6  1  0  5  0   0
20221008 065804.476 WARNING          PET2 ESMCI_PIO_Handler.C:1567 ESMCI::PIO_Handler::isOpen()       File, field_ocn_export_adv_sst.nc, closed by PIO
20221008 065804.476 INFO             PET2       ------>Advancing OCN from: 2010  6  1  0  5  0   0
20221008 065804.476 INFO             PET2       ---------------------> to: 2010  6  1  0 10  0   0
20221008 065804.480 WARNING          PET2 ESMCI_PIO_Handler.C:1567 ESMCI::PIO_Handler::isOpen()       File, field_ocn_export_adv_sst.nc, closed by PIO
20221008 065804.480 INFO             PET2       ------>Advancing OCN from: 2010  6  1  0 10  0   0
20221008 065804.480 INFO             PET2       ---------------------> to: 2010  6  1  0 15  0   0
20221008 065804.483 WARNING          PET2 ESMCI_PIO_Handler.C:1567 ESMCI::PIO_Handler::isOpen()       File, field_ocn_export_adv_sst.nc, closed by PIO
20221008 065804.483 INFO             PET2     OCN: Run extro.
20221008 065804.483 INFO             PET2     esm: RunSequence event loopLevel=   1  levelMember=   1  loopIteration=   2, current time: 2010  6  1  0 15  0   0
20221008 065804.483 INFO             PET2     ATM-TO-OCN: Run intro.
20221008 065804.483 INFO             PET2     ATM-TO-OCN: Run extro.
20221008 065804.483 INFO             PET2     OCN-TO-ATM: Run intro.
20221008 065804.484 INFO             PET2     OCN-TO-ATM: Run extro.
20221008 065804.484 INFO             PET2     OCN: Run intro.
20221008 065804.484 INFO             PET2       ------>Advancing OCN from: 2010  6  1  0 15  0   0
20221008 065804.484 INFO             PET2       ---------------------> to: 2010  6  1  0 20  0   0
20221008 065804.487 WARNING          PET2 ESMCI_PIO_Handler.C:1567 ESMCI::PIO_Handler::isOpen()       File, field_ocn_export_adv_sst.nc, closed by PIO
20221008 065804.487 INFO             PET2       ------>Advancing OCN from: 2010  6  1  0 20  0   0
20221008 065804.487 INFO             PET2       ---------------------> to: 2010  6  1  0 25  0   0
20221008 065804.490 WARNING          PET2 ESMCI_PIO_Handler.C:1567 ESMCI::PIO_Handler::isOpen()       File, field_ocn_export_adv_sst.nc, closed by PIO
20221008 065804.490 INFO             PET2       ------>Advancing OCN from: 2010  6  1  0 25  0   0
20221008 065804.490 INFO             PET2       ---------------------> to: 2010  6  1  0 30  0   0
20221008 065804.492 WARNING          PET2 ESMCI_PIO_Handler.C:1567 ESMCI::PIO_Handler::isOpen()       File, field_ocn_export_adv_sst.nc, closed by PIO
20221008 065804.493 INFO             PET2     OCN: Run extro.
20221008 065804.493 INFO             PET2     esm: RunSequence event loopLevel=   1  levelMember=   1  loopIteration=   3, current time: 2010  6  1  0 30  0   0
20221008 065804.493 INFO             PET2     ATM-TO-OCN: Run intro.
20221008 065804.493 INFO             PET2     ATM-TO-OCN: Run extro.
20221008 065804.493 INFO             PET2     OCN-TO-ATM: Run intro.
20221008 065804.493 INFO             PET2     OCN-TO-ATM: Run extro.
20221008 065804.493 INFO             PET2     OCN: Run intro.
20221008 065804.494 INFO             PET2       ------>Advancing OCN from: 2010  6  1  0 30  0   0
20221008 065804.494 INFO             PET2       ---------------------> to: 2010  6  1  0 35  0   0
20221008 065804.496 WARNING          PET2 ESMCI_PIO_Handler.C:1567 ESMCI::PIO_Handler::isOpen()       File, field_ocn_export_adv_sst.nc, closed by PIO
20221008 065804.496 INFO             PET2       ------>Advancing OCN from: 2010  6  1  0 35  0   0
20221008 065804.496 INFO             PET2       ---------------------> to: 2010  6  1  0 40  0   0
20221008 065804.499 WARNING          PET2 ESMCI_PIO_Handler.C:1567 ESMCI::PIO_Handler::isOpen()       File, field_ocn_export_adv_sst.nc, closed by PIO
20221008 065804.499 INFO             PET2       ------>Advancing OCN from: 2010  6  1  0 40  0   0
20221008 065804.499 INFO             PET2       ---------------------> to: 2010  6  1  0 45  0   0
20221008 065804.502 WARNING          PET2 ESMCI_PIO_Handler.C:1567 ESMCI::PIO_Handler::isOpen()       File, field_ocn_export_adv_sst.nc, closed by PIO
20221008 065804.502 INFO             PET2     OCN: Run extro.
20221008 065804.503 INFO             PET2     esm: RunSequence event loopLevel=   1  levelMember=   1  loopIteration=   4, current time: 2010  6  1  0 45  0   0
20221008 065804.503 INFO             PET2     ATM-TO-OCN: Run intro.
20221008 065804.503 INFO             PET2     ATM-TO-OCN: Run extro.
20221008 065804.503 INFO             PET2     OCN-TO-ATM: Run intro.
20221008 065804.503 INFO             PET2     OCN-TO-ATM: Run extro.
20221008 065804.503 INFO             PET2     OCN: Run intro.
20221008 065804.504 INFO             PET2       ------>Advancing OCN from: 2010  6  1  0 45  0   0
20221008 065804.504 INFO             PET2       ---------------------> to: 2010  6  1  0 50  0   0
20221008 065804.506 WARNING          PET2 ESMCI_PIO_Handler.C:1567 ESMCI::PIO_Handler::isOpen()       File, field_ocn_export_adv_sst.nc, closed by PIO
20221008 065804.506 INFO             PET2       ------>Advancing OCN from: 2010  6  1  0 50  0   0
20221008 065804.506 INFO             PET2       ---------------------> to: 2010  6  1  0 55  0   0
20221008 065804.509 WARNING          PET2 ESMCI_PIO_Handler.C:1567 ESMCI::PIO_Handler::isOpen()       File, field_ocn_export_adv_sst.nc, closed by PIO
20221008 065804.509 INFO             PET2       ------>Advancing OCN from: 2010  6  1  0 55  0   0
20221008 065804.509 INFO             PET2       ---------------------> to: 2010  6  1  1  0  0   0
20221008 065804.512 WARNING          PET2 ESMCI_PIO_Handler.C:1567 ESMCI::PIO_Handler::isOpen()       File, field_ocn_export_adv_sst.nc, closed by PIO
20221008 065804.512 INFO             PET2     OCN: Run extro.
20221008 065804.512 INFO             PET2   esm: end <--------- RunSequence
20221008 065804.512 INFO             PET2   <<<esm - leaving Run with current time: 2010  6  1  1  0  0   0
20221008 065804.512 INFO             PET2 esm: Run extro.
20221008 065804.512 INFO             PET2 esm: Finalize intro.
20221008 065804.512 INFO             PET2   Calling Finalize phase 1 for connectorComp: ATM-TO-OCN
20221008 065804.512 INFO             PET2   ATM-TO-OCN: Finalize intro.
20221008 065804.513 INFO             PET2   ATM-TO-OCN: Finalize extro.
20221008 065804.513 INFO             PET2   Calling Finalize phase 1 for connectorComp: OCN-TO-ATM
20221008 065804.513 INFO             PET2   OCN-TO-ATM: Finalize intro.
20221008 065804.513 INFO             PET2   OCN-TO-ATM: Finalize extro.
20221008 065804.513 INFO             PET2   Calling Finalize phase 1 for modelComp: ATM
20221008 065804.513 INFO             PET2   Calling Finalize phase 1 for modelComp: OCN
20221008 065804.513 INFO             PET2   OCN: Finalize intro.
20221008 065804.513 INFO             PET2   OCN: Finalize extro.
20221008 065804.513 INFO             PET2   Delete modelComp: ATM
20221008 065804.513 INFO             PET2   Delete Import-/Export State for modelComp: ATM
20221008 065804.513 INFO             PET2   Delete modelComp: OCN
20221008 065804.513 INFO             PET2   Delete Import-/Export State for modelComp: OCN
20221008 065804.513 INFO             PET2   Delete connectorComp: ATM-TO-OCN
20221008 065804.513 INFO             PET2   Delete connectorComp: OCN-TO-ATM
20221008 065804.514 INFO             PET2 esm: Finalize extro.
20221008 065804.514 INFO             PET2 esmApp FINISHED
20221008 065804.514 INFO             PET2 Finalizing ESMF
20221008 065804.018 INFO             PET3 !!!!!!!!!!!!!!!!!!!!!!!!!!!!!!!!!!!!!!!!!!!!!!!!!!!!!!
20221008 065804.018 INFO             PET3 !!! THE ESMF_LOG IS SET TO OUTPUT ALL LOG MESSAGES !!!
20221008 065804.018 INFO             PET3 !!!     THIS MAY CAUSE SLOWDOWN IN PERFORMANCE     !!!
20221008 065804.018 INFO             PET3 !!! FOR PRODUCTION RUNS, USE:                      !!!
20221008 065804.018 INFO             PET3 !!!                   ESMF_LOGKIND_Multi_On_Error  !!!
20221008 065804.018 INFO             PET3 !!!!!!!!!!!!!!!!!!!!!!!!!!!!!!!!!!!!!!!!!!!!!!!!!!!!!!
20221008 065804.018 INFO             PET3 Running with ESMF Version   : v8.4.0b18
20221008 065804.018 INFO             PET3 ESMF library build date/time: "Oct  8 2022" "06:20:32"
20221008 065804.018 INFO             PET3 ESMF library build location : /scratch2/NCEPDEV/stmp1/Gerhard.Theurich/ESMF-Nightly-Testing/intel_18.0.5b_intelmpi_g_develop/esmf
20221008 065804.018 INFO             PET3 ESMF_COMM                   : intelmpi
20221008 065804.019 INFO             PET3 ESMF_MOAB                   : enabled
20221008 065804.019 INFO             PET3 ESMF_LAPACK                 : enabled
20221008 065804.019 INFO             PET3 ESMF_NETCDF                 : enabled
20221008 065804.019 INFO             PET3 ESMF_PNETCDF                : disabled
20221008 065804.019 INFO             PET3 ESMF_PIO                    : enabled
20221008 065804.019 INFO             PET3 ESMF_YAMLCPP                : enabled
20221008 065804.021 INFO             PET3 esmApp STARTING
20221008 065804.026 INFO             PET3 esm: InitializeGeneric intro.
20221008 065804.026 INFO             PET3   esm: InitializeP0 intro.
20221008 065804.026 INFO             PET3   esm: InitializeP0 extro.
20221008 065804.026 INFO             PET3   esm: InitializeIPDv02p1 intro.
20221008 065804.026 INFO             PET3     >>>esm: entered Initialize (phase=<none>) without valid internal Clock.
20221008 065804.027 INFO             PET3     esm - Creating model component ATM with petList of size 2 :
20221008 065804.027 INFO             PET3           0      1
20221008 065804.031 INFO             PET3     esm - Creating model component OCN with petList of size 2 :
20221008 065804.031 INFO             PET3           2      3
20221008 065804.034 INFO             PET3     esm - Creating connector component ATM-TO-OCN with petList of size 4 :
20221008 065804.034 INFO             PET3           0      1      2      3
20221008 065804.038 INFO             PET3     esm - Creating connector component OCN-TO-ATM with petList of size 4 :
20221008 065804.038 INFO             PET3           2      3      0      1
20221008 065804.045 INFO             PET3     esm - Creating state: modelComp 1 Import State
20221008 065804.045 INFO             PET3     esm - Creating state: modelComp 1 Export State
20221008 065804.046 INFO             PET3     esm - Creating state: modelComp 2 Import State
20221008 065804.046 INFO             PET3     esm - Creating state: modelComp 2 Export State
20221008 065804.049 INFO             PET3     OCN: InitializeP0 intro.
20221008 065804.051 INFO             PET3     OCN: InitializeP0 extro.
20221008 065804.052 INFO             PET3     ATM-TO-OCN: InitializeP0 intro.
20221008 065804.052 INFO             PET3     ATM-TO-OCN: InitializeP0 extro.
20221008 065804.053 INFO             PET3     OCN-TO-ATM: InitializeP0 intro.
20221008 065804.053 INFO             PET3     OCN-TO-ATM: InitializeP0 extro.
20221008 065804.055 INFO             PET3     esm: IInitAdvertise intro.
20221008 065804.055 INFO             PET3     esm: IInitAdvertise extro.
20221008 065804.060 INFO             PET3     OCN: InitializeIPDvXp01 intro.
20221008 065804.064 INFO             PET3     OCN: InitializeIPDvXp01 extro.
20221008 065804.065 INFO             PET3     ATM-TO-OCN: InitializeIPDv05p1 intro.
20221008 065804.075 INFO             PET3     ATM-TO-OCN: InitializeIPDv05p1 extro.
20221008 065804.075 INFO             PET3     OCN-TO-ATM: InitializeIPDv05p1 intro.
20221008 065804.079 INFO             PET3     OCN-TO-ATM: InitializeIPDv05p1 extro.
20221008 065804.080 INFO             PET3     esm: IInitAdvertiseFinish intro.
20221008 065804.080 INFO             PET3     esm: IInitAdvertiseFinish extro.
20221008 065804.080 INFO             PET3     ATM-TO-OCN: InitializeIPDv05p2a intro.
20221008 065804.089 INFO             PET3     ATM-TO-OCN: InitializeIPDv05p2a extro.
20221008 065804.089 INFO             PET3     OCN-TO-ATM: InitializeIPDv05p2a intro.
20221008 065804.094 INFO             PET3     OCN-TO-ATM: InitializeIPDv05p2a extro.
20221008 065804.094 INFO             PET3     ATM-TO-OCN: InitializeIPDv05p2b intro.
20221008 065804.104 INFO             PET3     ATM-TO-OCN: InitializeIPDv05p2b extro.
20221008 065804.104 INFO             PET3     OCN-TO-ATM: InitializeIPDv05p2b intro.
20221008 065804.109 INFO             PET3     OCN-TO-ATM: InitializeIPDv05p2b extro.
20221008 065804.109 INFO             PET3     esm: IInitModifyCplLists intro.
20221008 065804.109 INFO             PET3       Driver is in ModifyCplLists()
20221008 065804.109 INFO             PET3        Found            2  Connectors. Modifying CplList Attribute....
20221008 065804.109 INFO             PET3     esm: IInitModifyCplLists extro.
20221008 065804.110 INFO             PET3     ATM-TO-OCN: InitializeIPDv05p3 intro.
20221008 065804.119 INFO             PET3     ATM-TO-OCN: InitializeIPDv05p3 extro.
20221008 065804.120 INFO             PET3     OCN-TO-ATM: InitializeIPDv05p3 intro.
20221008 065804.125 INFO             PET3     OCN-TO-ATM: InitializeIPDv05p3 extro.
20221008 065804.125 INFO             PET3     <<<esm: leaving Initialize (phase=<none>) with current time: 2010  6  1  0  0  0   0
20221008 065804.125 INFO             PET3   esm: InitializeIPDv02p1 extro.
20221008 065804.125 INFO             PET3   esm: InitializeIPDv02p3 intro.
20221008 065804.125 INFO             PET3     >>>esm: entered Initialize (phase=<none>) with current time: 2010  6  1  0  0  0   0
20221008 065804.125 INFO             PET3     esm: IInitCheck intro.
20221008 065804.125 INFO             PET3     esm: IInitCheck extro.
20221008 065804.135 INFO             PET3     OCN: InitializeIPDvXp04 intro.
20221008 065804.144 INFO             PET3     OCN: InitializeIPDvXp04 extro.
20221008 065804.145 INFO             PET3     ATM-TO-OCN: InitializeIPDv05p4 intro.
20221008 065804.162 INFO             PET3     ATM-TO-OCN: InitializeIPDv05p4 extro.
20221008 065804.163 INFO             PET3     OCN-TO-ATM: InitializeIPDv05p4 intro.
20221008 065804.171 INFO             PET3     OCN-TO-ATM: InitializeIPDv05p4 extro.
20221008 065804.172 INFO             PET3     ATM-TO-OCN: InitializeIPDv05p5 intro.
20221008 065804.189 INFO             PET3     ATM-TO-OCN: InitializeIPDv05p5 extro.
20221008 065804.189 INFO             PET3     OCN-TO-ATM: InitializeIPDv05p5 intro.
20221008 065804.198 INFO             PET3     OCN-TO-ATM: InitializeIPDv05p5 extro.
20221008 065804.198 INFO             PET3     esm: IInitRealize intro.
20221008 065804.198 INFO             PET3     esm: IInitRealize extro.
20221008 065804.199 INFO             PET3     ATM-TO-OCN: InitializeIPDv05p6a intro.
20221008 065804.215 INFO             PET3     ATM-TO-OCN: InitializeIPDv05p6a extro.
20221008 065804.215 INFO             PET3     OCN-TO-ATM: InitializeIPDv05p6a intro.
20221008 065804.224 INFO             PET3     OCN-TO-ATM: InitializeIPDv05p6a extro.
20221008 065804.224 INFO             PET3     ATM-TO-OCN: InitializeIPDv05p6b intro.
20221008 065804.358 INFO             PET3     ATM-TO-OCN: InitializeIPDv05p6b extro.
20221008 065804.358 INFO             PET3     OCN-TO-ATM: InitializeIPDv05p6b intro.
20221008 065804.459 INFO             PET3     OCN-TO-ATM: InitializeIPDv05p6b extro.
20221008 065804.460 INFO             PET3     OCN: InitializeIPDvXp07 intro.
20221008 065804.461 INFO             PET3     OCN: InitializeIPDvXp07 extro.
20221008 065804.462 INFO             PET3     <<<esm: leaving Initialize (phase=<none>) with current time: 2010  6  1  0  0  0   0
20221008 065804.462 INFO             PET3   esm: InitializeIPDv02p3 extro.
20221008 065804.462 INFO             PET3   esm: InitializeIPDv02p5 intro.
20221008 065804.462 INFO             PET3     >>>esm: entered Initialize (phase=<none>) with current time: 2010  6  1  0  0  0   0
20221008 065804.462 INFO             PET3     esm: this is a top level driver, no 'Updated' and 'InitializeDataComplete' info on this level.
20221008 065804.462 INFO             PET3     esm: InitializeIPDv02p5Data intro.
20221008 065804.462 INFO             PET3       esm: InternalInitializeComplete intro.
20221008 065804.462 INFO             PET3         esm: InitializeDataComplete='true'
20221008 065804.462 INFO             PET3       esm: InternalInitializeComplete extro.
20221008 065804.463 INFO             PET3       OCN: InitializeIPDv01p5 intro.
20221008 065804.464 INFO             PET3       OCN: InitializeIPDv01p5 extro.
20221008 065804.465 INFO             PET3       esm: components present that trigger loopDataDependentInitialize().
20221008 065804.465 INFO             PET3       esm: loopDataDependentInitialize intro.
20221008 065804.465 INFO             PET3         esm: component    0=esm, dataComplete (local): true
20221008 065804.465 INFO             PET3         esm: component    0=esm, dataComplete (global):  T
20221008 065804.465 INFO             PET3         esm: component    1=ATM, dataComplete (local): true
20221008 065804.465 INFO             PET3         esm: component    1=ATM, dataComplete (global):  T
20221008 065804.465 INFO             PET3         esm: component    2=OCN, dataComplete (local): true
20221008 065804.465 INFO             PET3         esm: component    2=OCN, dataComplete (global):  T
20221008 065804.465 INFO             PET3         esm: someProgress= F, allComplete= T, present(dataDepAllComplete)= T
20221008 065804.465 INFO             PET3         esm: finished resolving initialize data dependencies on this level.
20221008 065804.465 INFO             PET3       esm: loopDataDependentInitialize extro.
20221008 065804.465 INFO             PET3       esm: loopDataDependentInitialize() returned with dataDepAllComplete:  T
20221008 065804.465 INFO             PET3     esm: InitializeIPDv02p5Data extro.
20221008 065804.465 INFO             PET3     <<<esm: leaving Initialize (phase=<none>) with current time: 2010  6  1  0  0  0   0
20221008 065804.465 INFO             PET3   esm: InitializeIPDv02p5 extro.
20221008 065804.465 INFO             PET3 esm: InitializeGeneric extro.
20221008 065804.465 INFO             PET3 esm: Run intro.
20221008 065804.465 INFO             PET3   >>>esm entered Run (phase=RunPhase1) with current time: 2010  6  1  0  0  0   0
20221008 065804.465 INFO             PET3   esm: after lable_SetRunClock, current time: 2010  6  1  0  0  0   0
20221008 065804.465 INFO             PET3   esm: begin -------> RunSequence.
20221008 065804.465 INFO             PET3     esm: RunSequence event loopLevel=   1  levelMember=   1  loopIteration=   1, current time: 2010  6  1  0  0  0   0
20221008 065804.465 INFO             PET3     ATM-TO-OCN: Run intro.
20221008 065804.466 INFO             PET3     ATM-TO-OCN: Run extro.
20221008 065804.466 INFO             PET3     OCN-TO-ATM: Run intro.
20221008 065804.467 INFO             PET3     OCN-TO-ATM: Run extro.
20221008 065804.467 INFO             PET3     OCN: Run intro.
20221008 065804.467 INFO             PET3       ------>Advancing OCN from: 2010  6  1  0  0  0   0
20221008 065804.467 INFO             PET3       ---------------------> to: 2010  6  1  0  5  0   0
20221008 065804.476 WARNING          PET3 ESMCI_PIO_Handler.C:1567 ESMCI::PIO_Handler::isOpen()       File, field_ocn_export_adv_sst.nc, closed by PIO
20221008 065804.476 INFO             PET3       ------>Advancing OCN from: 2010  6  1  0  5  0   0
20221008 065804.476 INFO             PET3       ---------------------> to: 2010  6  1  0 10  0   0
20221008 065804.480 WARNING          PET3 ESMCI_PIO_Handler.C:1567 ESMCI::PIO_Handler::isOpen()       File, field_ocn_export_adv_sst.nc, closed by PIO
20221008 065804.480 INFO             PET3       ------>Advancing OCN from: 2010  6  1  0 10  0   0
20221008 065804.480 INFO             PET3       ---------------------> to: 2010  6  1  0 15  0   0
20221008 065804.483 WARNING          PET3 ESMCI_PIO_Handler.C:1567 ESMCI::PIO_Handler::isOpen()       File, field_ocn_export_adv_sst.nc, closed by PIO
20221008 065804.483 INFO             PET3     OCN: Run extro.
20221008 065804.483 INFO             PET3     esm: RunSequence event loopLevel=   1  levelMember=   1  loopIteration=   2, current time: 2010  6  1  0 15  0   0
20221008 065804.483 INFO             PET3     ATM-TO-OCN: Run intro.
20221008 065804.483 INFO             PET3     ATM-TO-OCN: Run extro.
20221008 065804.483 INFO             PET3     OCN-TO-ATM: Run intro.
20221008 065804.484 INFO             PET3     OCN-TO-ATM: Run extro.
20221008 065804.484 INFO             PET3     OCN: Run intro.
20221008 065804.484 INFO             PET3       ------>Advancing OCN from: 2010  6  1  0 15  0   0
20221008 065804.484 INFO             PET3       ---------------------> to: 2010  6  1  0 20  0   0
20221008 065804.487 WARNING          PET3 ESMCI_PIO_Handler.C:1567 ESMCI::PIO_Handler::isOpen()       File, field_ocn_export_adv_sst.nc, closed by PIO
20221008 065804.487 INFO             PET3       ------>Advancing OCN from: 2010  6  1  0 20  0   0
20221008 065804.487 INFO             PET3       ---------------------> to: 2010  6  1  0 25  0   0
20221008 065804.490 WARNING          PET3 ESMCI_PIO_Handler.C:1567 ESMCI::PIO_Handler::isOpen()       File, field_ocn_export_adv_sst.nc, closed by PIO
20221008 065804.490 INFO             PET3       ------>Advancing OCN from: 2010  6  1  0 25  0   0
20221008 065804.490 INFO             PET3       ---------------------> to: 2010  6  1  0 30  0   0
20221008 065804.492 WARNING          PET3 ESMCI_PIO_Handler.C:1567 ESMCI::PIO_Handler::isOpen()       File, field_ocn_export_adv_sst.nc, closed by PIO
20221008 065804.493 INFO             PET3     OCN: Run extro.
20221008 065804.493 INFO             PET3     esm: RunSequence event loopLevel=   1  levelMember=   1  loopIteration=   3, current time: 2010  6  1  0 30  0   0
20221008 065804.493 INFO             PET3     ATM-TO-OCN: Run intro.
20221008 065804.493 INFO             PET3     ATM-TO-OCN: Run extro.
20221008 065804.493 INFO             PET3     OCN-TO-ATM: Run intro.
20221008 065804.493 INFO             PET3     OCN-TO-ATM: Run extro.
20221008 065804.493 INFO             PET3     OCN: Run intro.
20221008 065804.494 INFO             PET3       ------>Advancing OCN from: 2010  6  1  0 30  0   0
20221008 065804.494 INFO             PET3       ---------------------> to: 2010  6  1  0 35  0   0
20221008 065804.496 WARNING          PET3 ESMCI_PIO_Handler.C:1567 ESMCI::PIO_Handler::isOpen()       File, field_ocn_export_adv_sst.nc, closed by PIO
20221008 065804.496 INFO             PET3       ------>Advancing OCN from: 2010  6  1  0 35  0   0
20221008 065804.496 INFO             PET3       ---------------------> to: 2010  6  1  0 40  0   0
20221008 065804.499 WARNING          PET3 ESMCI_PIO_Handler.C:1567 ESMCI::PIO_Handler::isOpen()       File, field_ocn_export_adv_sst.nc, closed by PIO
20221008 065804.499 INFO             PET3       ------>Advancing OCN from: 2010  6  1  0 40  0   0
20221008 065804.499 INFO             PET3       ---------------------> to: 2010  6  1  0 45  0   0
20221008 065804.502 WARNING          PET3 ESMCI_PIO_Handler.C:1567 ESMCI::PIO_Handler::isOpen()       File, field_ocn_export_adv_sst.nc, closed by PIO
20221008 065804.502 INFO             PET3     OCN: Run extro.
20221008 065804.502 INFO             PET3     esm: RunSequence event loopLevel=   1  levelMember=   1  loopIteration=   4, current time: 2010  6  1  0 45  0   0
20221008 065804.503 INFO             PET3     ATM-TO-OCN: Run intro.
20221008 065804.503 INFO             PET3     ATM-TO-OCN: Run extro.
20221008 065804.503 INFO             PET3     OCN-TO-ATM: Run intro.
20221008 065804.503 INFO             PET3     OCN-TO-ATM: Run extro.
20221008 065804.503 INFO             PET3     OCN: Run intro.
20221008 065804.504 INFO             PET3       ------>Advancing OCN from: 2010  6  1  0 45  0   0
20221008 065804.504 INFO             PET3       ---------------------> to: 2010  6  1  0 50  0   0
20221008 065804.506 WARNING          PET3 ESMCI_PIO_Handler.C:1567 ESMCI::PIO_Handler::isOpen()       File, field_ocn_export_adv_sst.nc, closed by PIO
20221008 065804.506 INFO             PET3       ------>Advancing OCN from: 2010  6  1  0 50  0   0
20221008 065804.506 INFO             PET3       ---------------------> to: 2010  6  1  0 55  0   0
20221008 065804.509 WARNING          PET3 ESMCI_PIO_Handler.C:1567 ESMCI::PIO_Handler::isOpen()       File, field_ocn_export_adv_sst.nc, closed by PIO
20221008 065804.509 INFO             PET3       ------>Advancing OCN from: 2010  6  1  0 55  0   0
20221008 065804.509 INFO             PET3       ---------------------> to: 2010  6  1  1  0  0   0
20221008 065804.512 WARNING          PET3 ESMCI_PIO_Handler.C:1567 ESMCI::PIO_Handler::isOpen()       File, field_ocn_export_adv_sst.nc, closed by PIO
20221008 065804.512 INFO             PET3     OCN: Run extro.
20221008 065804.512 INFO             PET3   esm: end <--------- RunSequence
20221008 065804.512 INFO             PET3   <<<esm - leaving Run with current time: 2010  6  1  1  0  0   0
20221008 065804.512 INFO             PET3 esm: Run extro.
20221008 065804.512 INFO             PET3 esm: Finalize intro.
20221008 065804.512 INFO             PET3   Calling Finalize phase 1 for connectorComp: ATM-TO-OCN
20221008 065804.512 INFO             PET3   ATM-TO-OCN: Finalize intro.
20221008 065804.513 INFO             PET3   ATM-TO-OCN: Finalize extro.
20221008 065804.513 INFO             PET3   Calling Finalize phase 1 for connectorComp: OCN-TO-ATM
20221008 065804.513 INFO             PET3   OCN-TO-ATM: Finalize intro.
20221008 065804.513 INFO             PET3   OCN-TO-ATM: Finalize extro.
20221008 065804.513 INFO             PET3   Calling Finalize phase 1 for modelComp: ATM
20221008 065804.513 INFO             PET3   Calling Finalize phase 1 for modelComp: OCN
20221008 065804.513 INFO             PET3   OCN: Finalize intro.
20221008 065804.513 INFO             PET3   OCN: Finalize extro.
20221008 065804.513 INFO             PET3   Delete modelComp: ATM
20221008 065804.513 INFO             PET3   Delete Import-/Export State for modelComp: ATM
20221008 065804.513 INFO             PET3   Delete modelComp: OCN
20221008 065804.513 INFO             PET3   Delete Import-/Export State for modelComp: OCN
20221008 065804.513 INFO             PET3   Delete connectorComp: ATM-TO-OCN
20221008 065804.513 INFO             PET3   Delete connectorComp: OCN-TO-ATM
20221008 065804.513 INFO             PET3 esm: Finalize extro.
20221008 065804.514 INFO             PET3 esmApp FINISHED
20221008 065804.514 INFO             PET3 Finalizing ESMF
