2022-10-01 03:02:04
20221001 033537.244 INFO             PET0 !!!!!!!!!!!!!!!!!!!!!!!!!!!!!!!!!!!!!!!!!!!!!!!!!!!!!!
20221001 033537.244 INFO             PET0 !!! THE ESMF_LOG IS SET TO OUTPUT ALL LOG MESSAGES !!!
20221001 033537.244 INFO             PET0 !!!     THIS MAY CAUSE SLOWDOWN IN PERFORMANCE     !!!
20221001 033537.244 INFO             PET0 !!! FOR PRODUCTION RUNS, USE:                      !!!
20221001 033537.244 INFO             PET0 !!!                   ESMF_LOGKIND_Multi_On_Error  !!!
20221001 033537.244 INFO             PET0 !!!!!!!!!!!!!!!!!!!!!!!!!!!!!!!!!!!!!!!!!!!!!!!!!!!!!!
20221001 033537.244 INFO             PET0 Running with ESMF Version   : v8.4.0b15-7-gae8efd6d7f
20221001 033537.244 INFO             PET0 ESMF library build date/time: "Oct  1 2022" "02:59:50"
20221001 033537.244 INFO             PET0 ESMF library build location : /glade/scratch/dunlap/esmf-testing/gfortran_10.1.0_openmpi_O_develop/esmf
20221001 033537.244 INFO             PET0 ESMF_COMM                   : openmpi
20221001 033537.244 INFO             PET0 ESMF_MOAB                   : enabled
20221001 033537.244 INFO             PET0 ESMF_LAPACK                 : enabled
20221001 033537.244 INFO             PET0 ESMF_NETCDF                 : enabled
20221001 033537.244 INFO             PET0 ESMF_PNETCDF                : disabled
20221001 033537.244 INFO             PET0 ESMF_PIO                    : enabled
20221001 033537.244 INFO             PET0 ESMF_YAMLCPP                : enabled
20221001 033537.276 DEBUG            PET0 about to destroy Grid: 0x103d980
20221001 033537.280 DEBUG            PET0 about to destroy Grid: 0x103ed60
20221001 033537.291 INFO             PET0  NUMBER_OF_PROCESSORS           4
20221001 033537.291 INFO             PET0  PASS  Example ESMF_NUOPCAtmModelEx, ESMF_NUOPCAtmModelEx.F90, line 806
20221001 033537.291 INFO             PET0 Finalizing ESMF
20221001 033537.244 INFO             PET1 !!!!!!!!!!!!!!!!!!!!!!!!!!!!!!!!!!!!!!!!!!!!!!!!!!!!!!
20221001 033537.244 INFO             PET1 !!! THE ESMF_LOG IS SET TO OUTPUT ALL LOG MESSAGES !!!
20221001 033537.244 INFO             PET1 !!!     THIS MAY CAUSE SLOWDOWN IN PERFORMANCE     !!!
20221001 033537.244 INFO             PET1 !!! FOR PRODUCTION RUNS, USE:                      !!!
20221001 033537.244 INFO             PET1 !!!                   ESMF_LOGKIND_Multi_On_Error  !!!
20221001 033537.244 INFO             PET1 !!!!!!!!!!!!!!!!!!!!!!!!!!!!!!!!!!!!!!!!!!!!!!!!!!!!!!
20221001 033537.244 INFO             PET1 Running with ESMF Version   : v8.4.0b15-7-gae8efd6d7f
20221001 033537.244 INFO             PET1 ESMF library build date/time: "Oct  1 2022" "02:59:50"
20221001 033537.244 INFO             PET1 ESMF library build location : /glade/scratch/dunlap/esmf-testing/gfortran_10.1.0_openmpi_O_develop/esmf
20221001 033537.244 INFO             PET1 ESMF_COMM                   : openmpi
20221001 033537.244 INFO             PET1 ESMF_MOAB                   : enabled
20221001 033537.244 INFO             PET1 ESMF_LAPACK                 : enabled
20221001 033537.244 INFO             PET1 ESMF_NETCDF                 : enabled
20221001 033537.244 INFO             PET1 ESMF_PNETCDF                : disabled
20221001 033537.244 INFO             PET1 ESMF_PIO                    : enabled
20221001 033537.244 INFO             PET1 ESMF_YAMLCPP                : enabled
20221001 033537.276 DEBUG            PET1 about to destroy Grid: 0x1557f60
20221001 033537.280 DEBUG            PET1 about to destroy Grid: 0x1558ee0
20221001 033537.291 INFO             PET1  NUMBER_OF_PROCESSORS           4
20221001 033537.291 INFO             PET1  PASS  Example ESMF_NUOPCAtmModelEx, ESMF_NUOPCAtmModelEx.F90, line 806
20221001 033537.291 INFO             PET1 Finalizing ESMF
20221001 033537.243 INFO             PET2 !!!!!!!!!!!!!!!!!!!!!!!!!!!!!!!!!!!!!!!!!!!!!!!!!!!!!!
20221001 033537.243 INFO             PET2 !!! THE ESMF_LOG IS SET TO OUTPUT ALL LOG MESSAGES !!!
20221001 033537.243 INFO             PET2 !!!     THIS MAY CAUSE SLOWDOWN IN PERFORMANCE     !!!
20221001 033537.243 INFO             PET2 !!! FOR PRODUCTION RUNS, USE:                      !!!
20221001 033537.243 INFO             PET2 !!!                   ESMF_LOGKIND_Multi_On_Error  !!!
20221001 033537.243 INFO             PET2 !!!!!!!!!!!!!!!!!!!!!!!!!!!!!!!!!!!!!!!!!!!!!!!!!!!!!!
20221001 033537.243 INFO             PET2 Running with ESMF Version   : v8.4.0b15-7-gae8efd6d7f
20221001 033537.243 INFO             PET2 ESMF library build date/time: "Oct  1 2022" "02:59:50"
20221001 033537.243 INFO             PET2 ESMF library build location : /glade/scratch/dunlap/esmf-testing/gfortran_10.1.0_openmpi_O_develop/esmf
20221001 033537.243 INFO             PET2 ESMF_COMM                   : openmpi
20221001 033537.243 INFO             PET2 ESMF_MOAB                   : enabled
20221001 033537.243 INFO             PET2 ESMF_LAPACK                 : enabled
20221001 033537.243 INFO             PET2 ESMF_NETCDF                 : enabled
20221001 033537.243 INFO             PET2 ESMF_PNETCDF                : disabled
20221001 033537.243 INFO             PET2 ESMF_PIO                    : enabled
20221001 033537.243 INFO             PET2 ESMF_YAMLCPP                : enabled
20221001 033537.276 DEBUG            PET2 about to destroy Grid: 0xdad8f0
20221001 033537.280 DEBUG            PET2 about to destroy Grid: 0xdae3b0
20221001 033537.291 INFO             PET2  NUMBER_OF_PROCESSORS           4
20221001 033537.291 INFO             PET2  PASS  Example ESMF_NUOPCAtmModelEx, ESMF_NUOPCAtmModelEx.F90, line 806
20221001 033537.291 INFO             PET2 Finalizing ESMF
20221001 033537.243 INFO             PET3 !!!!!!!!!!!!!!!!!!!!!!!!!!!!!!!!!!!!!!!!!!!!!!!!!!!!!!
20221001 033537.243 INFO             PET3 !!! THE ESMF_LOG IS SET TO OUTPUT ALL LOG MESSAGES !!!
20221001 033537.243 INFO             PET3 !!!     THIS MAY CAUSE SLOWDOWN IN PERFORMANCE     !!!
20221001 033537.243 INFO             PET3 !!! FOR PRODUCTION RUNS, USE:                      !!!
20221001 033537.243 INFO             PET3 !!!                   ESMF_LOGKIND_Multi_On_Error  !!!
20221001 033537.243 INFO             PET3 !!!!!!!!!!!!!!!!!!!!!!!!!!!!!!!!!!!!!!!!!!!!!!!!!!!!!!
20221001 033537.243 INFO             PET3 Running with ESMF Version   : v8.4.0b15-7-gae8efd6d7f
20221001 033537.243 INFO             PET3 ESMF library build date/time: "Oct  1 2022" "02:59:50"
20221001 033537.243 INFO             PET3 ESMF library build location : /glade/scratch/dunlap/esmf-testing/gfortran_10.1.0_openmpi_O_develop/esmf
20221001 033537.243 INFO             PET3 ESMF_COMM                   : openmpi
20221001 033537.243 INFO             PET3 ESMF_MOAB                   : enabled
20221001 033537.243 INFO             PET3 ESMF_LAPACK                 : enabled
20221001 033537.243 INFO             PET3 ESMF_NETCDF                 : enabled
20221001 033537.244 INFO             PET3 ESMF_PNETCDF                : disabled
20221001 033537.244 INFO             PET3 ESMF_PIO                    : enabled
20221001 033537.244 INFO             PET3 ESMF_YAMLCPP                : enabled
20221001 033537.276 DEBUG            PET3 about to destroy Grid: 0x1f1d4b0
20221001 033537.280 DEBUG            PET3 about to destroy Grid: 0x1f1df40
20221001 033537.291 INFO             PET3  NUMBER_OF_PROCESSORS           4
20221001 033537.291 INFO             PET3  PASS  Example ESMF_NUOPCAtmModelEx, ESMF_NUOPCAtmModelEx.F90, line 806
20221001 033537.291 INFO             PET3 Finalizing ESMF
