2022-09-30 03:31:32
20220930 121618.056 INFO             PET0 !!!!!!!!!!!!!!!!!!!!!!!!!!!!!!!!!!!!!!!!!!!!!!!!!!!!!!
20220930 121618.056 INFO             PET0 !!! THE ESMF_LOG IS SET TO OUTPUT ALL LOG MESSAGES !!!
20220930 121618.056 INFO             PET0 !!!     THIS MAY CAUSE SLOWDOWN IN PERFORMANCE     !!!
20220930 121618.056 INFO             PET0 !!! FOR PRODUCTION RUNS, USE:                      !!!
20220930 121618.056 INFO             PET0 !!!                   ESMF_LOGKIND_Multi_On_Error  !!!
20220930 121618.056 INFO             PET0 !!!!!!!!!!!!!!!!!!!!!!!!!!!!!!!!!!!!!!!!!!!!!!!!!!!!!!
20220930 121618.056 INFO             PET0 Running with ESMF Version   : v8.4.0b15-9-g5b6dda3e82
20220930 121618.056 INFO             PET0 ESMF library build date/time: "Sep 30 2022" "03:29:58"
20220930 121618.056 INFO             PET0 ESMF library build location : /global/cscratch1/sd/rsdunlap/esmf-testing/intel_19.1.2_mpi_g_update_pio2.5.9/esmf
20220930 121618.056 INFO             PET0 ESMF_COMM                   : mpi
20220930 121618.058 INFO             PET0 ESMF_MOAB                   : enabled
20220930 121618.058 INFO             PET0 ESMF_LAPACK                 : enabled
20220930 121618.058 INFO             PET0 ESMF_NETCDF                 : enabled
20220930 121618.058 INFO             PET0 ESMF_PNETCDF                : disabled
20220930 121618.058 INFO             PET0 ESMF_PIO                    : enabled
20220930 121618.058 INFO             PET0 ESMF_YAMLCPP                : enabled
20220930 121618.062 INFO             PET0 Log Write 2
20220930 121618.062 ERROR            PET0 Invalid object  - Convergence failure
20220930 121618.062 ERROR            PET0 ESMCI_Fraction.C:1444 ESMCI::Fraction::validate() must have non-zero denominator.
20220930 121618.062 ERROR            PET0 ESMCI_Time.C:838 ESMCI::Time::syncToRealTime() Wrong argument specified  - ; calkindflag is JULIANDAY, MODJULIANDAY or NOCALENDAR.
20220930 121618.062 ERROR            PET0 ESMF_Time.F90:1485 ESMF_TimeSyncToRealTime() Wrong argument specified  - Internal subroutine call returned Error
20220930 121618.062 ERROR            PET0 Wrong argument specified  - getting wall clock time
20220930 121618.065 INFO             PET0  NUMBER_OF_PROCESSORS           4
20220930 121618.065 INFO             PET0  PASS  Example ESMF_LogErrEx, ESMF_LogErrEx.F90, line 186
20220930 121618.065 INFO             PET0 Finalizing ESMF
20220930 121618.056 INFO             PET1 !!!!!!!!!!!!!!!!!!!!!!!!!!!!!!!!!!!!!!!!!!!!!!!!!!!!!!
20220930 121618.056 INFO             PET1 !!! THE ESMF_LOG IS SET TO OUTPUT ALL LOG MESSAGES !!!
20220930 121618.056 INFO             PET1 !!!     THIS MAY CAUSE SLOWDOWN IN PERFORMANCE     !!!
20220930 121618.056 INFO             PET1 !!! FOR PRODUCTION RUNS, USE:                      !!!
20220930 121618.056 INFO             PET1 !!!                   ESMF_LOGKIND_Multi_On_Error  !!!
20220930 121618.056 INFO             PET1 !!!!!!!!!!!!!!!!!!!!!!!!!!!!!!!!!!!!!!!!!!!!!!!!!!!!!!
20220930 121618.056 INFO             PET1 Running with ESMF Version   : v8.4.0b15-9-g5b6dda3e82
20220930 121618.056 INFO             PET1 ESMF library build date/time: "Sep 30 2022" "03:29:58"
20220930 121618.056 INFO             PET1 ESMF library build location : /global/cscratch1/sd/rsdunlap/esmf-testing/intel_19.1.2_mpi_g_update_pio2.5.9/esmf
20220930 121618.056 INFO             PET1 ESMF_COMM                   : mpi
20220930 121618.058 INFO             PET1 ESMF_MOAB                   : enabled
20220930 121618.058 INFO             PET1 ESMF_LAPACK                 : enabled
20220930 121618.058 INFO             PET1 ESMF_NETCDF                 : enabled
20220930 121618.058 INFO             PET1 ESMF_PNETCDF                : disabled
20220930 121618.058 INFO             PET1 ESMF_PIO                    : enabled
20220930 121618.058 INFO             PET1 ESMF_YAMLCPP                : enabled
20220930 121618.062 INFO             PET1 Log Write 2
20220930 121618.062 ERROR            PET1 Invalid object  - Convergence failure
20220930 121618.062 ERROR            PET1 ESMCI_Fraction.C:1444 ESMCI::Fraction::validate() must have non-zero denominator.
20220930 121618.062 ERROR            PET1 ESMCI_Time.C:838 ESMCI::Time::syncToRealTime() Wrong argument specified  - ; calkindflag is JULIANDAY, MODJULIANDAY or NOCALENDAR.
20220930 121618.062 ERROR            PET1 ESMF_Time.F90:1485 ESMF_TimeSyncToRealTime() Wrong argument specified  - Internal subroutine call returned Error
20220930 121618.062 ERROR            PET1 Wrong argument specified  - getting wall clock time
20220930 121618.065 INFO             PET1  NUMBER_OF_PROCESSORS           4
20220930 121618.065 INFO             PET1  PASS  Example ESMF_LogErrEx, ESMF_LogErrEx.F90, line 186
20220930 121618.065 INFO             PET1 Finalizing ESMF
20220930 121618.057 INFO             PET2 !!!!!!!!!!!!!!!!!!!!!!!!!!!!!!!!!!!!!!!!!!!!!!!!!!!!!!
20220930 121618.057 INFO             PET2 !!! THE ESMF_LOG IS SET TO OUTPUT ALL LOG MESSAGES !!!
20220930 121618.057 INFO             PET2 !!!     THIS MAY CAUSE SLOWDOWN IN PERFORMANCE     !!!
20220930 121618.057 INFO             PET2 !!! FOR PRODUCTION RUNS, USE:                      !!!
20220930 121618.057 INFO             PET2 !!!                   ESMF_LOGKIND_Multi_On_Error  !!!
20220930 121618.057 INFO             PET2 !!!!!!!!!!!!!!!!!!!!!!!!!!!!!!!!!!!!!!!!!!!!!!!!!!!!!!
20220930 121618.057 INFO             PET2 Running with ESMF Version   : v8.4.0b15-9-g5b6dda3e82
20220930 121618.057 INFO             PET2 ESMF library build date/time: "Sep 30 2022" "03:29:58"
20220930 121618.057 INFO             PET2 ESMF library build location : /global/cscratch1/sd/rsdunlap/esmf-testing/intel_19.1.2_mpi_g_update_pio2.5.9/esmf
20220930 121618.057 INFO             PET2 ESMF_COMM                   : mpi
20220930 121618.058 INFO             PET2 ESMF_MOAB                   : enabled
20220930 121618.058 INFO             PET2 ESMF_LAPACK                 : enabled
20220930 121618.058 INFO             PET2 ESMF_NETCDF                 : enabled
20220930 121618.058 INFO             PET2 ESMF_PNETCDF                : disabled
20220930 121618.058 INFO             PET2 ESMF_PIO                    : enabled
20220930 121618.058 INFO             PET2 ESMF_YAMLCPP                : enabled
20220930 121618.062 INFO             PET2 Log Write 2
20220930 121618.062 ERROR            PET2 Invalid object  - Convergence failure
20220930 121618.062 ERROR            PET2 ESMCI_Fraction.C:1444 ESMCI::Fraction::validate() must have non-zero denominator.
20220930 121618.062 ERROR            PET2 ESMCI_Time.C:838 ESMCI::Time::syncToRealTime() Wrong argument specified  - ; calkindflag is JULIANDAY, MODJULIANDAY or NOCALENDAR.
20220930 121618.062 ERROR            PET2 ESMF_Time.F90:1485 ESMF_TimeSyncToRealTime() Wrong argument specified  - Internal subroutine call returned Error
20220930 121618.062 ERROR            PET2 Wrong argument specified  - getting wall clock time
20220930 121618.065 INFO             PET2  NUMBER_OF_PROCESSORS           4
20220930 121618.065 INFO             PET2  PASS  Example ESMF_LogErrEx, ESMF_LogErrEx.F90, line 186
20220930 121618.065 INFO             PET2 Finalizing ESMF
20220930 121618.057 INFO             PET3 !!!!!!!!!!!!!!!!!!!!!!!!!!!!!!!!!!!!!!!!!!!!!!!!!!!!!!
20220930 121618.057 INFO             PET3 !!! THE ESMF_LOG IS SET TO OUTPUT ALL LOG MESSAGES !!!
20220930 121618.057 INFO             PET3 !!!     THIS MAY CAUSE SLOWDOWN IN PERFORMANCE     !!!
20220930 121618.057 INFO             PET3 !!! FOR PRODUCTION RUNS, USE:                      !!!
20220930 121618.057 INFO             PET3 !!!                   ESMF_LOGKIND_Multi_On_Error  !!!
20220930 121618.057 INFO             PET3 !!!!!!!!!!!!!!!!!!!!!!!!!!!!!!!!!!!!!!!!!!!!!!!!!!!!!!
20220930 121618.057 INFO             PET3 Running with ESMF Version   : v8.4.0b15-9-g5b6dda3e82
20220930 121618.057 INFO             PET3 ESMF library build date/time: "Sep 30 2022" "03:29:58"
20220930 121618.057 INFO             PET3 ESMF library build location : /global/cscratch1/sd/rsdunlap/esmf-testing/intel_19.1.2_mpi_g_update_pio2.5.9/esmf
20220930 121618.057 INFO             PET3 ESMF_COMM                   : mpi
20220930 121618.062 INFO             PET3 ESMF_MOAB                   : enabled
20220930 121618.062 INFO             PET3 ESMF_LAPACK                 : enabled
20220930 121618.062 INFO             PET3 ESMF_NETCDF                 : enabled
20220930 121618.062 INFO             PET3 ESMF_PNETCDF                : disabled
20220930 121618.062 INFO             PET3 ESMF_PIO                    : enabled
20220930 121618.062 INFO             PET3 ESMF_YAMLCPP                : enabled
20220930 121618.062 INFO             PET3 Log Write 2
20220930 121618.062 ERROR            PET3 Invalid object  - Convergence failure
20220930 121618.062 ERROR            PET3 ESMCI_Fraction.C:1444 ESMCI::Fraction::validate() must have non-zero denominator.
20220930 121618.062 ERROR            PET3 ESMCI_Time.C:838 ESMCI::Time::syncToRealTime() Wrong argument specified  - ; calkindflag is JULIANDAY, MODJULIANDAY or NOCALENDAR.
20220930 121618.062 ERROR            PET3 ESMF_Time.F90:1485 ESMF_TimeSyncToRealTime() Wrong argument specified  - Internal subroutine call returned Error
20220930 121618.062 ERROR            PET3 Wrong argument specified  - getting wall clock time
20220930 121618.066 INFO             PET3  NUMBER_OF_PROCESSORS           4
20220930 121618.066 INFO             PET3  PASS  Example ESMF_LogErrEx, ESMF_LogErrEx.F90, line 186
20220930 121618.066 INFO             PET3 Finalizing ESMF
