2022-10-16 08:47:02
20221016 094045.435 INFO             PET0 !!!!!!!!!!!!!!!!!!!!!!!!!!!!!!!!!!!!!!!!!!!!!!!!!!!!!!
20221016 094045.435 INFO             PET0 !!! THE ESMF_LOG IS SET TO OUTPUT ALL LOG MESSAGES !!!
20221016 094045.435 INFO             PET0 !!!     THIS MAY CAUSE SLOWDOWN IN PERFORMANCE     !!!
20221016 094045.435 INFO             PET0 !!! FOR PRODUCTION RUNS, USE:                      !!!
20221016 094045.435 INFO             PET0 !!!                   ESMF_LOGKIND_Multi_On_Error  !!!
20221016 094045.435 INFO             PET0 !!!!!!!!!!!!!!!!!!!!!!!!!!!!!!!!!!!!!!!!!!!!!!!!!!!!!!
20221016 094045.435 INFO             PET0 Running with ESMF Version   : v8.5.0b00
20221016 094045.435 INFO             PET0 ESMF library build date/time: "Oct 16 2022" "08:44:02"
20221016 094045.435 INFO             PET0 ESMF library build location : /glade/scratch/theurich/ESMF-Nightly-Testing/nvhpc_21.11_openmpi_O_develop/esmf
20221016 094045.435 INFO             PET0 ESMF_COMM                   : openmpi
20221016 094045.436 INFO             PET0 ESMF_MOAB                   : enabled
20221016 094045.436 INFO             PET0 ESMF_LAPACK                 : enabled
20221016 094045.436 INFO             PET0 ESMF_NETCDF                 : enabled
20221016 094045.436 INFO             PET0 ESMF_PNETCDF                : disabled
20221016 094045.436 INFO             PET0 ESMF_PIO                    : enabled
20221016 094045.436 INFO             PET0 ESMF_YAMLCPP                : enabled
20221016 094045.439 INFO             PET0  NUMBER_OF_PROCESSORS            1
20221016 094045.439 INFO             PET0  PASS  Example ESMF_XGridSparseMatEx, ESMF_XGridSparseMatEx.F90, line 642
20221016 094045.439 INFO             PET0 Finalizing ESMF
