2022-10-01 09:06:13
20221001 100031.038 INFO             PET0 !!!!!!!!!!!!!!!!!!!!!!!!!!!!!!!!!!!!!!!!!!!!!!!!!!!!!!
20221001 100031.038 INFO             PET0 !!! THE ESMF_LOG IS SET TO OUTPUT ALL LOG MESSAGES !!!
20221001 100031.038 INFO             PET0 !!!     THIS MAY CAUSE SLOWDOWN IN PERFORMANCE     !!!
20221001 100031.038 INFO             PET0 !!! FOR PRODUCTION RUNS, USE:                      !!!
20221001 100031.038 INFO             PET0 !!!                   ESMF_LOGKIND_Multi_On_Error  !!!
20221001 100031.038 INFO             PET0 !!!!!!!!!!!!!!!!!!!!!!!!!!!!!!!!!!!!!!!!!!!!!!!!!!!!!!
20221001 100031.038 INFO             PET0 Running with ESMF Version   : v8.4.0b15-7-gae8efd6d7f
20221001 100031.038 INFO             PET0 ESMF library build date/time: "Oct  1 2022" "09:03:01"
20221001 100031.038 INFO             PET0 ESMF library build location : /glade/scratch/dunlap/esmf-testing/nvhpc_21.11_openmpi_O_develop/esmf
20221001 100031.038 INFO             PET0 ESMF_COMM                   : openmpi
20221001 100031.039 INFO             PET0 ESMF_MOAB                   : enabled
20221001 100031.039 INFO             PET0 ESMF_LAPACK                 : enabled
20221001 100031.039 INFO             PET0 ESMF_NETCDF                 : enabled
20221001 100031.039 INFO             PET0 ESMF_PNETCDF                : disabled
20221001 100031.039 INFO             PET0 ESMF_PIO                    : enabled
20221001 100031.039 INFO             PET0 ESMF_YAMLCPP                : enabled
20221001 100031.039 INFO             PET0  NUMBER_OF_PROCESSORS            1
20221001 100031.039 INFO             PET0  PASS  Example ESMF_TimeEx, ESMF_TimeEx.F90, line 141
20221001 100031.039 INFO             PET0 Finalizing ESMF
