2022-10-19 01:18:58
20221019 013524.873 INFO             PET0 !!!!!!!!!!!!!!!!!!!!!!!!!!!!!!!!!!!!!!!!!!!!!!!!!!!!!!
20221019 013524.873 INFO             PET0 !!! THE ESMF_LOG IS SET TO OUTPUT ALL LOG MESSAGES !!!
20221019 013524.873 INFO             PET0 !!!     THIS MAY CAUSE SLOWDOWN IN PERFORMANCE     !!!
20221019 013524.873 INFO             PET0 !!! FOR PRODUCTION RUNS, USE:                      !!!
20221019 013524.873 INFO             PET0 !!!                   ESMF_LOGKIND_Multi_On_Error  !!!
20221019 013524.873 INFO             PET0 !!!!!!!!!!!!!!!!!!!!!!!!!!!!!!!!!!!!!!!!!!!!!!!!!!!!!!
20221019 013524.873 INFO             PET0 Running with ESMF Version   : v8.4.0b20
20221019 013524.873 INFO             PET0 ESMF library build date/time: "Oct 19 2022" "01:17:57"
20221019 013524.873 INFO             PET0 ESMF library build location : /discover/nobackup/projects/sbu/mpotts/esmf-test/gfortran_8.3.0_mpiuni_O_release_8.4.0/esmf
20221019 013524.873 INFO             PET0 ESMF_COMM                   : mpiuni
20221019 013524.873 INFO             PET0 ESMF_MOAB                   : enabled
20221019 013524.873 INFO             PET0 ESMF_LAPACK                 : enabled
20221019 013524.873 INFO             PET0 ESMF_NETCDF                 : disabled
20221019 013524.873 INFO             PET0 ESMF_PNETCDF                : disabled
20221019 013524.873 INFO             PET0 ESMF_PIO                    : disabled
20221019 013524.873 INFO             PET0 ESMF_YAMLCPP                : enabled
20221019 013524.873 INFO             PET0 ESMF Tracing Enabled
20221019 013524.873 INFO             PET0 ESMF Profiling Enabled
20221019 013524.874 INFO             PET0 ESMF Trace/Profile clock: REALTIME
20221019 013524.889 INFO             PET0  NUMBER_OF_PROCESSORS           1
20221019 013524.889 INFO             PET0  PASS  Example ESMF_TraceEx, ESMF_TraceEx.F90, line 178
20221019 013524.889 INFO             PET0 Finalizing ESMF
20221019 013524.890 INFO             PET0 **************** Region Timings *******************
20221019 013524.890 INFO             PET0 Region              Count  Total (s)   Self (s)    Mean (s)    Min (s)     Max (s)
20221019 013524.890 INFO             PET0   [ESMF]            1      0.0152      0.0152      0.0152      0.0152      0.0152
20221019 013524.890 INFO             PET0     [test] Init 1   1      0.0000      0.0000      0.0000      0.0000      0.0000
20221019 013524.890 INFO             PET0     [test] Run 1    5      0.0000      0.0000      0.0000      0.0000      0.0000
20221019 013524.890 INFO             PET0     [test] Final 1  1      0.0000      0.0000      0.0000      0.0000      0.0000
