2022-10-05 21:46:10
20221005 230057.887 INFO             PET0 !!!!!!!!!!!!!!!!!!!!!!!!!!!!!!!!!!!!!!!!!!!!!!!!!!!!!!
20221005 230057.887 INFO             PET0 !!! THE ESMF_LOG IS SET TO OUTPUT ALL LOG MESSAGES !!!
20221005 230057.887 INFO             PET0 !!!     THIS MAY CAUSE SLOWDOWN IN PERFORMANCE     !!!
20221005 230057.887 INFO             PET0 !!! FOR PRODUCTION RUNS, USE:                      !!!
20221005 230057.887 INFO             PET0 !!!                   ESMF_LOGKIND_Multi_On_Error  !!!
20221005 230057.887 INFO             PET0 !!!!!!!!!!!!!!!!!!!!!!!!!!!!!!!!!!!!!!!!!!!!!!!!!!!!!!
20221005 230057.887 INFO             PET0 Running with ESMF Version   : v8.4.0b13-47-g722503bca0
20221005 230057.887 INFO             PET0 ESMF library build date/time: "Oct  5 2022" "21:39:39"
20221005 230057.887 INFO             PET0 ESMF library build location : /glade/scratch/theurich/ESMF-Nightly-Testing/intel_18.0.5_openmpi_g_fix_clang/esmf
20221005 230057.887 INFO             PET0 ESMF_COMM                   : openmpi
20221005 230057.887 INFO             PET0 ESMF_MOAB                   : enabled
20221005 230057.887 INFO             PET0 ESMF_LAPACK                 : enabled
20221005 230057.887 INFO             PET0 ESMF_NETCDF                 : enabled
20221005 230057.887 INFO             PET0 ESMF_PNETCDF                : disabled
20221005 230057.887 INFO             PET0 ESMF_PIO                    : enabled
20221005 230057.887 INFO             PET0 ESMF_YAMLCPP                : enabled
20221005 230058.036 DEBUG            PET0 about to destroy Grid: 0x16f09e0
20221005 230058.054 DEBUG            PET0 about to destroy Grid: 0x16f1370
20221005 230058.105 INFO             PET0  NUMBER_OF_PROCESSORS           4
20221005 230058.105 INFO             PET0  PASS  Example ESMF_NUOPCAtmModelEx, ESMF_NUOPCAtmModelEx.F90, line 806
20221005 230058.105 INFO             PET0 Finalizing ESMF
20221005 230057.887 INFO             PET1 !!!!!!!!!!!!!!!!!!!!!!!!!!!!!!!!!!!!!!!!!!!!!!!!!!!!!!
20221005 230057.887 INFO             PET1 !!! THE ESMF_LOG IS SET TO OUTPUT ALL LOG MESSAGES !!!
20221005 230057.887 INFO             PET1 !!!     THIS MAY CAUSE SLOWDOWN IN PERFORMANCE     !!!
20221005 230057.887 INFO             PET1 !!! FOR PRODUCTION RUNS, USE:                      !!!
20221005 230057.887 INFO             PET1 !!!                   ESMF_LOGKIND_Multi_On_Error  !!!
20221005 230057.887 INFO             PET1 !!!!!!!!!!!!!!!!!!!!!!!!!!!!!!!!!!!!!!!!!!!!!!!!!!!!!!
20221005 230057.887 INFO             PET1 Running with ESMF Version   : v8.4.0b13-47-g722503bca0
20221005 230057.887 INFO             PET1 ESMF library build date/time: "Oct  5 2022" "21:39:39"
20221005 230057.887 INFO             PET1 ESMF library build location : /glade/scratch/theurich/ESMF-Nightly-Testing/intel_18.0.5_openmpi_g_fix_clang/esmf
20221005 230057.887 INFO             PET1 ESMF_COMM                   : openmpi
20221005 230057.888 INFO             PET1 ESMF_MOAB                   : enabled
20221005 230057.888 INFO             PET1 ESMF_LAPACK                 : enabled
20221005 230057.888 INFO             PET1 ESMF_NETCDF                 : enabled
20221005 230057.888 INFO             PET1 ESMF_PNETCDF                : disabled
20221005 230057.888 INFO             PET1 ESMF_PIO                    : enabled
20221005 230057.888 INFO             PET1 ESMF_YAMLCPP                : enabled
20221005 230058.036 DEBUG            PET1 about to destroy Grid: 0xfdf700
20221005 230058.054 DEBUG            PET1 about to destroy Grid: 0xfe0440
20221005 230058.105 INFO             PET1  NUMBER_OF_PROCESSORS           4
20221005 230058.105 INFO             PET1  PASS  Example ESMF_NUOPCAtmModelEx, ESMF_NUOPCAtmModelEx.F90, line 806
20221005 230058.105 INFO             PET1 Finalizing ESMF
20221005 230057.887 INFO             PET2 !!!!!!!!!!!!!!!!!!!!!!!!!!!!!!!!!!!!!!!!!!!!!!!!!!!!!!
20221005 230057.887 INFO             PET2 !!! THE ESMF_LOG IS SET TO OUTPUT ALL LOG MESSAGES !!!
20221005 230057.887 INFO             PET2 !!!     THIS MAY CAUSE SLOWDOWN IN PERFORMANCE     !!!
20221005 230057.887 INFO             PET2 !!! FOR PRODUCTION RUNS, USE:                      !!!
20221005 230057.887 INFO             PET2 !!!                   ESMF_LOGKIND_Multi_On_Error  !!!
20221005 230057.887 INFO             PET2 !!!!!!!!!!!!!!!!!!!!!!!!!!!!!!!!!!!!!!!!!!!!!!!!!!!!!!
20221005 230057.887 INFO             PET2 Running with ESMF Version   : v8.4.0b13-47-g722503bca0
20221005 230057.887 INFO             PET2 ESMF library build date/time: "Oct  5 2022" "21:39:39"
20221005 230057.887 INFO             PET2 ESMF library build location : /glade/scratch/theurich/ESMF-Nightly-Testing/intel_18.0.5_openmpi_g_fix_clang/esmf
20221005 230057.887 INFO             PET2 ESMF_COMM                   : openmpi
20221005 230057.887 INFO             PET2 ESMF_MOAB                   : enabled
20221005 230057.887 INFO             PET2 ESMF_LAPACK                 : enabled
20221005 230057.887 INFO             PET2 ESMF_NETCDF                 : enabled
20221005 230057.887 INFO             PET2 ESMF_PNETCDF                : disabled
20221005 230057.887 INFO             PET2 ESMF_PIO                    : enabled
20221005 230057.887 INFO             PET2 ESMF_YAMLCPP                : enabled
20221005 230058.036 DEBUG            PET2 about to destroy Grid: 0x1435670
20221005 230058.054 DEBUG            PET2 about to destroy Grid: 0x14363b0
20221005 230058.105 INFO             PET2  NUMBER_OF_PROCESSORS           4
20221005 230058.105 INFO             PET2  PASS  Example ESMF_NUOPCAtmModelEx, ESMF_NUOPCAtmModelEx.F90, line 806
20221005 230058.105 INFO             PET2 Finalizing ESMF
20221005 230057.887 INFO             PET3 !!!!!!!!!!!!!!!!!!!!!!!!!!!!!!!!!!!!!!!!!!!!!!!!!!!!!!
20221005 230057.887 INFO             PET3 !!! THE ESMF_LOG IS SET TO OUTPUT ALL LOG MESSAGES !!!
20221005 230057.887 INFO             PET3 !!!     THIS MAY CAUSE SLOWDOWN IN PERFORMANCE     !!!
20221005 230057.887 INFO             PET3 !!! FOR PRODUCTION RUNS, USE:                      !!!
20221005 230057.887 INFO             PET3 !!!                   ESMF_LOGKIND_Multi_On_Error  !!!
20221005 230057.887 INFO             PET3 !!!!!!!!!!!!!!!!!!!!!!!!!!!!!!!!!!!!!!!!!!!!!!!!!!!!!!
20221005 230057.887 INFO             PET3 Running with ESMF Version   : v8.4.0b13-47-g722503bca0
20221005 230057.887 INFO             PET3 ESMF library build date/time: "Oct  5 2022" "21:39:39"
20221005 230057.887 INFO             PET3 ESMF library build location : /glade/scratch/theurich/ESMF-Nightly-Testing/intel_18.0.5_openmpi_g_fix_clang/esmf
20221005 230057.887 INFO             PET3 ESMF_COMM                   : openmpi
20221005 230057.888 INFO             PET3 ESMF_MOAB                   : enabled
20221005 230057.888 INFO             PET3 ESMF_LAPACK                 : enabled
20221005 230057.888 INFO             PET3 ESMF_NETCDF                 : enabled
20221005 230057.888 INFO             PET3 ESMF_PNETCDF                : disabled
20221005 230057.888 INFO             PET3 ESMF_PIO                    : enabled
20221005 230057.888 INFO             PET3 ESMF_YAMLCPP                : enabled
20221005 230058.036 DEBUG            PET3 about to destroy Grid: 0x166a7c0
20221005 230058.054 DEBUG            PET3 about to destroy Grid: 0x166b500
20221005 230058.106 INFO             PET3  NUMBER_OF_PROCESSORS           4
20221005 230058.106 INFO             PET3  PASS  Example ESMF_NUOPCAtmModelEx, ESMF_NUOPCAtmModelEx.F90, line 806
20221005 230058.106 INFO             PET3 Finalizing ESMF
