2022-10-25 03:57:17
20221025 042724.792 INFO             PET0 !!!!!!!!!!!!!!!!!!!!!!!!!!!!!!!!!!!!!!!!!!!!!!!!!!!!!!
20221025 042724.792 INFO             PET0 !!! THE ESMF_LOG IS SET TO OUTPUT ALL LOG MESSAGES !!!
20221025 042724.792 INFO             PET0 !!!     THIS MAY CAUSE SLOWDOWN IN PERFORMANCE     !!!
20221025 042724.792 INFO             PET0 !!! FOR PRODUCTION RUNS, USE:                      !!!
20221025 042724.792 INFO             PET0 !!!                   ESMF_LOGKIND_Multi_On_Error  !!!
20221025 042724.792 INFO             PET0 !!!!!!!!!!!!!!!!!!!!!!!!!!!!!!!!!!!!!!!!!!!!!!!!!!!!!!
20221025 042724.792 INFO             PET0 Running with ESMF Version   : v8.4.0
20221025 042724.792 INFO             PET0 ESMF library build date/time: "Oct 25 2022" "03:55:41"
20221025 042724.793 INFO             PET0 ESMF library build location : /work/noaa/da/mpotts/sandbox/intel_2020.2_intelmpi_g_v8.4.0/esmf
20221025 042724.793 INFO             PET0 ESMF_COMM                   : intelmpi
20221025 042724.794 INFO             PET0 ESMF_MOAB                   : enabled
20221025 042724.794 INFO             PET0 ESMF_LAPACK                 : enabled
20221025 042724.794 INFO             PET0 ESMF_NETCDF                 : enabled
20221025 042724.794 INFO             PET0 ESMF_PNETCDF                : disabled
20221025 042724.794 INFO             PET0 ESMF_PIO                    : enabled
20221025 042724.794 INFO             PET0 ESMF_YAMLCPP                : enabled
20221025 042724.794 INFO             PET0  NUMBER_OF_PROCESSORS           1
20221025 042724.794 INFO             PET0  PASS  Example ESMF_ClockEx, ESMF_ClockEx.F90, line 220
20221025 042724.794 INFO             PET0 Finalizing ESMF
