2022-10-17 01:23:43
20221017 014558.770 INFO             PET0 !!!!!!!!!!!!!!!!!!!!!!!!!!!!!!!!!!!!!!!!!!!!!!!!!!!!!!
20221017 014558.770 INFO             PET0 !!! THE ESMF_LOG IS SET TO OUTPUT ALL LOG MESSAGES !!!
20221017 014558.770 INFO             PET0 !!!     THIS MAY CAUSE SLOWDOWN IN PERFORMANCE     !!!
20221017 014558.770 INFO             PET0 !!! FOR PRODUCTION RUNS, USE:                      !!!
20221017 014558.770 INFO             PET0 !!!                   ESMF_LOGKIND_Multi_On_Error  !!!
20221017 014558.770 INFO             PET0 !!!!!!!!!!!!!!!!!!!!!!!!!!!!!!!!!!!!!!!!!!!!!!!!!!!!!!
20221017 014558.770 INFO             PET0 Running with ESMF Version   : v8.4.0b20
20221017 014558.770 INFO             PET0 ESMF library build date/time: "Oct 17 2022" "01:22:30"
20221017 014558.770 INFO             PET0 ESMF library build location : /discover/nobackup/projects/sbu/mpotts/esmf-test/gfortran_10.1.0_intelmpi_O_release_8.4.0/esmf
20221017 014558.770 INFO             PET0 ESMF_COMM                   : intelmpi
20221017 014558.771 INFO             PET0 ESMF_MOAB                   : enabled
20221017 014558.771 INFO             PET0 ESMF_LAPACK                 : enabled
20221017 014558.771 INFO             PET0 ESMF_NETCDF                 : disabled
20221017 014558.771 INFO             PET0 ESMF_PNETCDF                : disabled
20221017 014558.771 INFO             PET0 ESMF_PIO                    : disabled
20221017 014558.771 INFO             PET0 ESMF_YAMLCPP                : enabled
20221017 014558.773 INFO             PET0 ESMF_FieldRedistStoreNF(): Just entered routine.
20221017 014558.815 INFO             PET0 ESMF_FieldRedistStoreNF(): Leaving routine.
20221017 014558.826 INFO             PET0  NUMBER_OF_PROCESSORS           4
20221017 014558.826 INFO             PET0  PASS  Example ESMF_RHandleFromFileEx, ESMF_RHandleFromFileEx.F90, line 192
20221017 014558.826 INFO             PET0 Finalizing ESMF
20221017 014558.770 INFO             PET1 !!!!!!!!!!!!!!!!!!!!!!!!!!!!!!!!!!!!!!!!!!!!!!!!!!!!!!
20221017 014558.770 INFO             PET1 !!! THE ESMF_LOG IS SET TO OUTPUT ALL LOG MESSAGES !!!
20221017 014558.770 INFO             PET1 !!!     THIS MAY CAUSE SLOWDOWN IN PERFORMANCE     !!!
20221017 014558.770 INFO             PET1 !!! FOR PRODUCTION RUNS, USE:                      !!!
20221017 014558.770 INFO             PET1 !!!                   ESMF_LOGKIND_Multi_On_Error  !!!
20221017 014558.770 INFO             PET1 !!!!!!!!!!!!!!!!!!!!!!!!!!!!!!!!!!!!!!!!!!!!!!!!!!!!!!
20221017 014558.770 INFO             PET1 Running with ESMF Version   : v8.4.0b20
20221017 014558.770 INFO             PET1 ESMF library build date/time: "Oct 17 2022" "01:22:30"
20221017 014558.770 INFO             PET1 ESMF library build location : /discover/nobackup/projects/sbu/mpotts/esmf-test/gfortran_10.1.0_intelmpi_O_release_8.4.0/esmf
20221017 014558.770 INFO             PET1 ESMF_COMM                   : intelmpi
20221017 014558.771 INFO             PET1 ESMF_MOAB                   : enabled
20221017 014558.771 INFO             PET1 ESMF_LAPACK                 : enabled
20221017 014558.771 INFO             PET1 ESMF_NETCDF                 : disabled
20221017 014558.771 INFO             PET1 ESMF_PNETCDF                : disabled
20221017 014558.771 INFO             PET1 ESMF_PIO                    : disabled
20221017 014558.771 INFO             PET1 ESMF_YAMLCPP                : enabled
20221017 014558.773 INFO             PET1 ESMF_FieldRedistStoreNF(): Just entered routine.
20221017 014558.815 INFO             PET1 ESMF_FieldRedistStoreNF(): Leaving routine.
20221017 014558.826 INFO             PET1  NUMBER_OF_PROCESSORS           4
20221017 014558.826 INFO             PET1  PASS  Example ESMF_RHandleFromFileEx, ESMF_RHandleFromFileEx.F90, line 192
20221017 014558.826 INFO             PET1 Finalizing ESMF
20221017 014558.771 INFO             PET2 !!!!!!!!!!!!!!!!!!!!!!!!!!!!!!!!!!!!!!!!!!!!!!!!!!!!!!
20221017 014558.771 INFO             PET2 !!! THE ESMF_LOG IS SET TO OUTPUT ALL LOG MESSAGES !!!
20221017 014558.771 INFO             PET2 !!!     THIS MAY CAUSE SLOWDOWN IN PERFORMANCE     !!!
20221017 014558.771 INFO             PET2 !!! FOR PRODUCTION RUNS, USE:                      !!!
20221017 014558.771 INFO             PET2 !!!                   ESMF_LOGKIND_Multi_On_Error  !!!
20221017 014558.771 INFO             PET2 !!!!!!!!!!!!!!!!!!!!!!!!!!!!!!!!!!!!!!!!!!!!!!!!!!!!!!
20221017 014558.771 INFO             PET2 Running with ESMF Version   : v8.4.0b20
20221017 014558.771 INFO             PET2 ESMF library build date/time: "Oct 17 2022" "01:22:30"
20221017 014558.771 INFO             PET2 ESMF library build location : /discover/nobackup/projects/sbu/mpotts/esmf-test/gfortran_10.1.0_intelmpi_O_release_8.4.0/esmf
20221017 014558.771 INFO             PET2 ESMF_COMM                   : intelmpi
20221017 014558.771 INFO             PET2 ESMF_MOAB                   : enabled
20221017 014558.771 INFO             PET2 ESMF_LAPACK                 : enabled
20221017 014558.771 INFO             PET2 ESMF_NETCDF                 : disabled
20221017 014558.771 INFO             PET2 ESMF_PNETCDF                : disabled
20221017 014558.771 INFO             PET2 ESMF_PIO                    : disabled
20221017 014558.771 INFO             PET2 ESMF_YAMLCPP                : enabled
20221017 014558.773 INFO             PET2 ESMF_FieldRedistStoreNF(): Just entered routine.
20221017 014558.815 INFO             PET2 ESMF_FieldRedistStoreNF(): Leaving routine.
20221017 014558.826 INFO             PET2  NUMBER_OF_PROCESSORS           4
20221017 014558.826 INFO             PET2  PASS  Example ESMF_RHandleFromFileEx, ESMF_RHandleFromFileEx.F90, line 192
20221017 014558.826 INFO             PET2 Finalizing ESMF
20221017 014558.771 INFO             PET3 !!!!!!!!!!!!!!!!!!!!!!!!!!!!!!!!!!!!!!!!!!!!!!!!!!!!!!
20221017 014558.771 INFO             PET3 !!! THE ESMF_LOG IS SET TO OUTPUT ALL LOG MESSAGES !!!
20221017 014558.771 INFO             PET3 !!!     THIS MAY CAUSE SLOWDOWN IN PERFORMANCE     !!!
20221017 014558.771 INFO             PET3 !!! FOR PRODUCTION RUNS, USE:                      !!!
20221017 014558.771 INFO             PET3 !!!                   ESMF_LOGKIND_Multi_On_Error  !!!
20221017 014558.771 INFO             PET3 !!!!!!!!!!!!!!!!!!!!!!!!!!!!!!!!!!!!!!!!!!!!!!!!!!!!!!
20221017 014558.771 INFO             PET3 Running with ESMF Version   : v8.4.0b20
20221017 014558.771 INFO             PET3 ESMF library build date/time: "Oct 17 2022" "01:22:30"
20221017 014558.771 INFO             PET3 ESMF library build location : /discover/nobackup/projects/sbu/mpotts/esmf-test/gfortran_10.1.0_intelmpi_O_release_8.4.0/esmf
20221017 014558.771 INFO             PET3 ESMF_COMM                   : intelmpi
20221017 014558.771 INFO             PET3 ESMF_MOAB                   : enabled
20221017 014558.771 INFO             PET3 ESMF_LAPACK                 : enabled
20221017 014558.771 INFO             PET3 ESMF_NETCDF                 : disabled
20221017 014558.771 INFO             PET3 ESMF_PNETCDF                : disabled
20221017 014558.771 INFO             PET3 ESMF_PIO                    : disabled
20221017 014558.771 INFO             PET3 ESMF_YAMLCPP                : enabled
20221017 014558.774 INFO             PET3 ESMF_FieldRedistStoreNF(): Just entered routine.
20221017 014558.815 INFO             PET3 ESMF_FieldRedistStoreNF(): Leaving routine.
20221017 014558.826 INFO             PET3  NUMBER_OF_PROCESSORS           4
20221017 014558.826 INFO             PET3  PASS  Example ESMF_RHandleFromFileEx, ESMF_RHandleFromFileEx.F90, line 192
20221017 014558.826 INFO             PET3 Finalizing ESMF
