2022-10-18 14:13:22
20221018 143234.616 INFO             PET0 !!!!!!!!!!!!!!!!!!!!!!!!!!!!!!!!!!!!!!!!!!!!!!!!!!!!!!
20221018 143234.617 INFO             PET0 !!! THE ESMF_LOG IS SET TO OUTPUT ALL LOG MESSAGES !!!
20221018 143234.617 INFO             PET0 !!!     THIS MAY CAUSE SLOWDOWN IN PERFORMANCE     !!!
20221018 143234.617 INFO             PET0 !!! FOR PRODUCTION RUNS, USE:                      !!!
20221018 143234.617 INFO             PET0 !!!                   ESMF_LOGKIND_Multi_On_Error  !!!
20221018 143234.617 INFO             PET0 !!!!!!!!!!!!!!!!!!!!!!!!!!!!!!!!!!!!!!!!!!!!!!!!!!!!!!
20221018 143234.617 INFO             PET0 Running with ESMF Version   : v8.4.0b20
20221018 143234.617 INFO             PET0 ESMF library build date/time: "Oct 18 2022" "14:12:35"
20221018 143234.617 INFO             PET0 ESMF library build location : /Users/sacks/projects/scratch/esmf-testing/gfortranclang_12.2.0_14.0.0_openmpi_g_release_8.4.0/esmf
20221018 143234.617 INFO             PET0 ESMF_COMM                   : openmpi
20221018 143234.617 INFO             PET0 ESMF_MOAB                   : enabled
20221018 143234.617 INFO             PET0 ESMF_LAPACK                 : enabled
20221018 143234.617 INFO             PET0 ESMF_NETCDF                 : enabled
20221018 143234.617 INFO             PET0 ESMF_PNETCDF                : disabled
20221018 143234.617 INFO             PET0 ESMF_PIO                    : enabled
20221018 143234.617 INFO             PET0 ESMF_YAMLCPP                : enabled
20221018 143234.619 INFO             PET0  NUMBER_OF_PROCESSORS           1
20221018 143234.619 INFO             PET0  PASS  Example ESMF_AlarmEx, ESMF_AlarmEx.F90, line 244
20221018 143234.619 INFO             PET0 Finalizing ESMF
