2022-10-06 01:29:16
20221006 020748.787 INFO             PET0 !!!!!!!!!!!!!!!!!!!!!!!!!!!!!!!!!!!!!!!!!!!!!!!!!!!!!!
20221006 020748.787 INFO             PET0 !!! THE ESMF_LOG IS SET TO OUTPUT ALL LOG MESSAGES !!!
20221006 020748.787 INFO             PET0 !!!     THIS MAY CAUSE SLOWDOWN IN PERFORMANCE     !!!
20221006 020748.787 INFO             PET0 !!! FOR PRODUCTION RUNS, USE:                      !!!
20221006 020748.787 INFO             PET0 !!!                   ESMF_LOGKIND_Multi_On_Error  !!!
20221006 020748.787 INFO             PET0 !!!!!!!!!!!!!!!!!!!!!!!!!!!!!!!!!!!!!!!!!!!!!!!!!!!!!!
20221006 020748.787 INFO             PET0 Running with ESMF Version   : v8.4.0b13-47-g722503bca0
20221006 020748.787 INFO             PET0 ESMF library build date/time: "Oct  6 2022" "01:26:52"
20221006 020748.787 INFO             PET0 ESMF library build location : /discover/nobackup/projects/sbu/mpotts/esmf-test/intel_19.1.3_intelmpi_O_fix_clang/esmf
20221006 020748.787 INFO             PET0 ESMF_COMM                   : intelmpi
20221006 020748.787 INFO             PET0 ESMF_MOAB                   : enabled
20221006 020748.787 INFO             PET0 ESMF_LAPACK                 : enabled
20221006 020748.787 INFO             PET0 ESMF_NETCDF                 : enabled
20221006 020748.787 INFO             PET0 ESMF_PNETCDF                : disabled
20221006 020748.787 INFO             PET0 ESMF_PIO                    : enabled
20221006 020748.787 INFO             PET0 ESMF_YAMLCPP                : enabled
20221006 020748.825 DEBUG            PET0 about to destroy Grid: 0xa85de0
20221006 020748.828 DEBUG            PET0 about to destroy Grid: 0xa88f40
20221006 020748.837 INFO             PET0  NUMBER_OF_PROCESSORS           4
20221006 020748.837 INFO             PET0  PASS  Example ESMF_NUOPCAtmModelEx, ESMF_NUOPCAtmModelEx.F90, line 806
20221006 020748.837 INFO             PET0 Finalizing ESMF
20221006 020748.790 INFO             PET1 !!!!!!!!!!!!!!!!!!!!!!!!!!!!!!!!!!!!!!!!!!!!!!!!!!!!!!
20221006 020748.790 INFO             PET1 !!! THE ESMF_LOG IS SET TO OUTPUT ALL LOG MESSAGES !!!
20221006 020748.790 INFO             PET1 !!!     THIS MAY CAUSE SLOWDOWN IN PERFORMANCE     !!!
20221006 020748.790 INFO             PET1 !!! FOR PRODUCTION RUNS, USE:                      !!!
20221006 020748.790 INFO             PET1 !!!                   ESMF_LOGKIND_Multi_On_Error  !!!
20221006 020748.790 INFO             PET1 !!!!!!!!!!!!!!!!!!!!!!!!!!!!!!!!!!!!!!!!!!!!!!!!!!!!!!
20221006 020748.790 INFO             PET1 Running with ESMF Version   : v8.4.0b13-47-g722503bca0
20221006 020748.790 INFO             PET1 ESMF library build date/time: "Oct  6 2022" "01:26:52"
20221006 020748.790 INFO             PET1 ESMF library build location : /discover/nobackup/projects/sbu/mpotts/esmf-test/intel_19.1.3_intelmpi_O_fix_clang/esmf
20221006 020748.790 INFO             PET1 ESMF_COMM                   : intelmpi
20221006 020748.791 INFO             PET1 ESMF_MOAB                   : enabled
20221006 020748.791 INFO             PET1 ESMF_LAPACK                 : enabled
20221006 020748.791 INFO             PET1 ESMF_NETCDF                 : enabled
20221006 020748.791 INFO             PET1 ESMF_PNETCDF                : disabled
20221006 020748.791 INFO             PET1 ESMF_PIO                    : enabled
20221006 020748.791 INFO             PET1 ESMF_YAMLCPP                : enabled
20221006 020748.825 DEBUG            PET1 about to destroy Grid: 0xa86ea0
20221006 020748.828 DEBUG            PET1 about to destroy Grid: 0xa87b80
20221006 020748.837 INFO             PET1  NUMBER_OF_PROCESSORS           4
20221006 020748.837 INFO             PET1  PASS  Example ESMF_NUOPCAtmModelEx, ESMF_NUOPCAtmModelEx.F90, line 806
20221006 020748.837 INFO             PET1 Finalizing ESMF
20221006 020748.787 INFO             PET2 !!!!!!!!!!!!!!!!!!!!!!!!!!!!!!!!!!!!!!!!!!!!!!!!!!!!!!
20221006 020748.787 INFO             PET2 !!! THE ESMF_LOG IS SET TO OUTPUT ALL LOG MESSAGES !!!
20221006 020748.787 INFO             PET2 !!!     THIS MAY CAUSE SLOWDOWN IN PERFORMANCE     !!!
20221006 020748.787 INFO             PET2 !!! FOR PRODUCTION RUNS, USE:                      !!!
20221006 020748.787 INFO             PET2 !!!                   ESMF_LOGKIND_Multi_On_Error  !!!
20221006 020748.787 INFO             PET2 !!!!!!!!!!!!!!!!!!!!!!!!!!!!!!!!!!!!!!!!!!!!!!!!!!!!!!
20221006 020748.787 INFO             PET2 Running with ESMF Version   : v8.4.0b13-47-g722503bca0
20221006 020748.787 INFO             PET2 ESMF library build date/time: "Oct  6 2022" "01:26:52"
20221006 020748.787 INFO             PET2 ESMF library build location : /discover/nobackup/projects/sbu/mpotts/esmf-test/intel_19.1.3_intelmpi_O_fix_clang/esmf
20221006 020748.787 INFO             PET2 ESMF_COMM                   : intelmpi
20221006 020748.788 INFO             PET2 ESMF_MOAB                   : enabled
20221006 020748.788 INFO             PET2 ESMF_LAPACK                 : enabled
20221006 020748.788 INFO             PET2 ESMF_NETCDF                 : enabled
20221006 020748.788 INFO             PET2 ESMF_PNETCDF                : disabled
20221006 020748.788 INFO             PET2 ESMF_PIO                    : enabled
20221006 020748.788 INFO             PET2 ESMF_YAMLCPP                : enabled
20221006 020748.825 DEBUG            PET2 about to destroy Grid: 0xa86ef0
20221006 020748.828 DEBUG            PET2 about to destroy Grid: 0xa87bd0
20221006 020748.837 INFO             PET2  NUMBER_OF_PROCESSORS           4
20221006 020748.838 INFO             PET2  PASS  Example ESMF_NUOPCAtmModelEx, ESMF_NUOPCAtmModelEx.F90, line 806
20221006 020748.838 INFO             PET2 Finalizing ESMF
20221006 020748.790 INFO             PET3 !!!!!!!!!!!!!!!!!!!!!!!!!!!!!!!!!!!!!!!!!!!!!!!!!!!!!!
20221006 020748.790 INFO             PET3 !!! THE ESMF_LOG IS SET TO OUTPUT ALL LOG MESSAGES !!!
20221006 020748.790 INFO             PET3 !!!     THIS MAY CAUSE SLOWDOWN IN PERFORMANCE     !!!
20221006 020748.790 INFO             PET3 !!! FOR PRODUCTION RUNS, USE:                      !!!
20221006 020748.790 INFO             PET3 !!!                   ESMF_LOGKIND_Multi_On_Error  !!!
20221006 020748.790 INFO             PET3 !!!!!!!!!!!!!!!!!!!!!!!!!!!!!!!!!!!!!!!!!!!!!!!!!!!!!!
20221006 020748.790 INFO             PET3 Running with ESMF Version   : v8.4.0b13-47-g722503bca0
20221006 020748.790 INFO             PET3 ESMF library build date/time: "Oct  6 2022" "01:26:52"
20221006 020748.790 INFO             PET3 ESMF library build location : /discover/nobackup/projects/sbu/mpotts/esmf-test/intel_19.1.3_intelmpi_O_fix_clang/esmf
20221006 020748.790 INFO             PET3 ESMF_COMM                   : intelmpi
20221006 020748.791 INFO             PET3 ESMF_MOAB                   : enabled
20221006 020748.791 INFO             PET3 ESMF_LAPACK                 : enabled
20221006 020748.791 INFO             PET3 ESMF_NETCDF                 : enabled
20221006 020748.791 INFO             PET3 ESMF_PNETCDF                : disabled
20221006 020748.791 INFO             PET3 ESMF_PIO                    : enabled
20221006 020748.791 INFO             PET3 ESMF_YAMLCPP                : enabled
20221006 020748.825 DEBUG            PET3 about to destroy Grid: 0xa86ce0
20221006 020748.828 DEBUG            PET3 about to destroy Grid: 0xa879c0
20221006 020748.837 INFO             PET3  NUMBER_OF_PROCESSORS           4
20221006 020748.837 INFO             PET3  PASS  Example ESMF_NUOPCAtmModelEx, ESMF_NUOPCAtmModelEx.F90, line 806
20221006 020748.837 INFO             PET3 Finalizing ESMF
