2022-10-01 09:35:52
[r1i0n1:59504:0:59504] Caught signal 11 (Segmentation fault: address not mapped to object at address 0x4f1b591)
[r1i0n1:59505:0:59505] Caught signal 11 (Segmentation fault: address not mapped to object at address 0x4f1b591)
[r1i0n1:59506:0:59506] Caught signal 11 (Segmentation fault: address not mapped to object at address 0x4f1b591)
[r1i0n1:59503:0:59503] Caught signal 11 (Segmentation fault: address not mapped to object at address 0x4f1b591)
==== backtrace (tid:  59506) ====
 0  /glade/u/apps/ch/opt/ucx/1.11.0/lib/libucs.so.0(ucs_handle_error+0xe4) [0x2b18b4f091b4]
 1  /glade/u/apps/ch/opt/ucx/1.11.0/lib/libucs.so.0(+0x2a4dc) [0x2b18b4f094dc]
 2  /glade/u/apps/ch/opt/ucx/1.11.0/lib/libucs.so.0(+0x2a74b) [0x2b18b4f0974b]
 3  /glade/scratch/dunlap/esmf-testing/nvhpc_21.11_openmpi_g_update_pio2.5.9/esmf/DEFAULTINSTALLDIR/lib/libg/Linux.nvhpc.64.openmpi.default/libesmf.so(_ZN5ESMCI6LogErr13MsgFoundErrorEiPKciS2_S2_Pi+0x34) [0x2b189ae3ac74]
==== backtrace (tid:  59504) ====
 0  /glade/u/apps/ch/opt/ucx/1.11.0/lib/libucs.so.0(ucs_handle_error+0xe4) [0x2b8e0eb551b4]
 1  /glade/u/apps/ch/opt/ucx/1.11.0/lib/libucs.so.0(+0x2a4dc) [0x2b8e0eb554dc]
 2  /glade/u/apps/ch/opt/ucx/1.11.0/lib/libucs.so.0(+0x2a74b) [0x2b8e0eb5574b]
 3  /glade/scratch/dunlap/esmf-testing/nvhpc_21.11_openmpi_g_update_pio2.5.9/esmf/DEFAULTINSTALLDIR/lib/libg/Linux.nvhpc.64.openmpi.default/libesmf.so(_ZN5ESMCI6LogErr13MsgFoundErrorEiPKciS2_S2_Pi+0x34) [0x2b8df4cd5c74]
 4  /glade/scratch/dunlap/esmf-testing/nvhpc_21.11_openmpi_g_update_pio2.5.9/esmf/DEFAULTINSTALLDIR/lib/libg/Linux.nvhpc.64.openmpi.default/libesmf.so(_ZN5ESMCI7MeshCap22meshcreatenodedistgridEPi+0x7f) [0x2b8df4ef233f]
 5  /glade/scratch/dunlap/esmf-testing/nvhpc_21.11_openmpi_g_update_pio2.5.9/esmf/DEFAULTINSTALLDIR/lib/libg/Linux.nvhpc.64.openmpi.default/libesmf.so(c_esmc_meshcreatenodedistgrid_+0xc1) [0x2b8df4f44701]
 6  /glade/scratch/dunlap/esmf-testing/nvhpc_21.11_openmpi_g_update_pio2.5.9/esmf/DEFAULTINSTALLDIR/lib/libg/Linux.nvhpc.64.openmpi.default/libesmf.so(esmf_meshmod_esmf_meshcreatefrompointer_+0x6d) [0x2b8df5c131ed]
 7  /glade/scratch/dunlap/esmf-testing/nvhpc_21.11_openmpi_g_update_pio2.5.9/esmf/DEFAULTINSTALLDIR/lib/libg/Linux.nvhpc.64.openmpi.default/libesmf.so(esmf_gridutilmod_esmf_gridtomesh_+0x52d) [0x2b8df5a6ec2d]
 8  /glade/scratch/dunlap/esmf-testing/nvhpc_21.11_openmpi_g_update_pio2.5.9/esmf/DEFAULTINSTALLDIR/lib/libg/Linux.nvhpc.64.openmpi.default/libesmf.so(esmf_fieldregridmod_b_or_p_gridtomesh_+0x5a8) [0x2b8df592e4e8]
 4  /glade/scratch/dunlap/esmf-testing/nvhpc_21.11_openmpi_g_update_pio2.5.9/esmf/DEFAULTINSTALLDIR/lib/libg/Linux.nvhpc.64.openmpi.default/libesmf.so(_ZN5ESMCI7MeshCap22meshcreatenodedistgridEPi+0x7f) [0x2b189b05733f]
 5  /glade/scratch/dunlap/esmf-testing/nvhpc_21.11_openmpi_g_update_pio2.5.9/esmf/DEFAULTINSTALLDIR/lib/libg/Linux.nvhpc.64.openmpi.default/libesmf.so(c_esmc_meshcreatenodedistgrid_+0xc1) [0x2b189b0a9701]
 6  /glade/scratch/dunlap/esmf-testing/nvhpc_21.11_openmpi_g_update_pio2.5.9/esmf/DEFAULTINSTALLDIR/lib/libg/Linux.nvhpc.64.openmpi.default/libesmf.so(esmf_meshmod_esmf_meshcreatefrompointer_+0x6d) [0x2b189bd781ed]
 7  /glade/scratch/dunlap/esmf-testing/nvhpc_21.11_openmpi_g_update_pio2.5.9/esmf/DEFAULTINSTALLDIR/lib/libg/Linux.nvhpc.64.openmpi.default/libesmf.so(esmf_gridutilmod_esmf_gridtomesh_+0x52d) [0x2b189bbd3c2d]
 8  /glade/scratch/dunlap/esmf-testing/nvhpc_21.11_openmpi_g_update_pio2.5.9/esmf/DEFAULTINSTALLDIR/lib/libg/Linux.nvhpc.64.openmpi.default/libesmf.so(esmf_fieldregridmod_b_or_p_gridtomesh_+0x5a8) [0x2b189ba934e8]
 9  /glade/scratch/dunlap/esmf-testing/nvhpc_21.11_openmpi_g_update_pio2.5.9/esmf/DEFAULTINSTALLDIR/lib/libg/Linux.nvhpc.64.openmpi.default/libesmf.so(esmf_fieldregridmod_getmeshwithnodesonfieldloc_+0x55e) [0x2b189ba8e99e]
10  /glade/scratch/dunlap/esmf-testing/nvhpc_21.11_openmpi_g_update_pio2.5.9/esmf/DEFAULTINSTALLDIR/lib/libg/Linux.nvhpc.64.openmpi.default/libesmf.so(esmf_fieldregridmod_esmf_fieldregridstorenx_+0xf81) [0x2b189ba8c4c1]
 9  /glade/scratch/dunlap/esmf-testing/nvhpc_21.11_openmpi_g_update_pio2.5.9/esmf/DEFAULTINSTALLDIR/lib/libg/Linux.nvhpc.64.openmpi.default/libesmf.so(esmf_fieldregridmod_getmeshwithnodesonfieldloc_+0x55e) [0x2b8df592999e]
10  /glade/scratch/dunlap/esmf-testing/nvhpc_21.11_openmpi_g_update_pio2.5.9/esmf/DEFAULTINSTALLDIR/lib/libg/Linux.nvhpc.64.openmpi.default/libesmf.so(esmf_fieldregridmod_esmf_fieldregridstorenx_+0xf81) [0x2b8df59274c1]
11  /glade/scratch/dunlap/esmf-testing/nvhpc_21.11_openmpi_g_update_pio2.5.9/esmf/DEFAULTINSTALLDIR/lib/libg/Linux.nvhpc.64.openmpi.default/libesmf.so(nuopc_connector_fieldbundlecplstore_+0x11746) [0x2b8df6086c06]
12  /glade/scratch/dunlap/esmf-testing/nvhpc_21.11_openmpi_g_update_pio2.5.9/esmf/DEFAULTINSTALLDIR/lib/libg/Linux.nvhpc.64.openmpi.default/libesmf.so(nuopc_connector_initializeipdv05p6b_+0x7a35) [0x2b8df60615b5]
13  /glade/scratch/dunlap/esmf-testing/nvhpc_21.11_openmpi_g_update_pio2.5.9/esmf/DEFAULTINSTALLDIR/lib/libg/Linux.nvhpc.64.openmpi.default/libesmf.so(_ZN5ESMCI6FTable12callVFuncPtrEPKcPNS_2VMEPi+0xc3c) [0x2b8df4b1757c]
14  /glade/scratch/dunlap/esmf-testing/nvhpc_21.11_openmpi_g_update_pio2.5.9/esmf/DEFAULTINSTALLDIR/lib/libg/Linux.nvhpc.64.openmpi.default/libesmf.so(ESMCI_FTableCallEntryPointVMHop+0x293) [0x2b8df4b12b93]
15  /glade/scratch/dunlap/esmf-testing/nvhpc_21.11_openmpi_g_update_pio2.5.9/esmf/DEFAULTINSTALLDIR/lib/libg/Linux.nvhpc.64.openmpi.default/libesmf.so(_ZN5ESMCI3VMK5enterEPNS_7VMKPlanEPvS3_+0xbb) [0x2b8df536933b]
16  /glade/scratch/dunlap/esmf-testing/nvhpc_21.11_openmpi_g_update_pio2.5.9/esmf/DEFAULTINSTALLDIR/lib/libg/Linux.nvhpc.64.openmpi.default/libesmf.so(_ZN5ESMCI2VM5enterEPNS_6VMPlanEPvS3_+0xbe) [0x2b8df53927be]
17  /glade/scratch/dunlap/esmf-testing/nvhpc_21.11_openmpi_g_update_pio2.5.9/esmf/DEFAULTINSTALLDIR/lib/libg/Linux.nvhpc.64.openmpi.default/libesmf.so(c_esmc_ftablecallentrypointvm_+0x393) [0x2b8df4b13053]
==== backtrace (tid:  59505) ====
 0  /glade/u/apps/ch/opt/ucx/1.11.0/lib/libucs.so.0(ucs_handle_error+0xe4) [0x2b7851b3d1b4]
 1  /glade/u/apps/ch/opt/ucx/1.11.0/lib/libucs.so.0(+0x2a4dc) [0x2b7851b3d4dc]
 2  /glade/u/apps/ch/opt/ucx/1.11.0/lib/libucs.so.0(+0x2a74b) [0x2b7851b3d74b]
 3  /glade/scratch/dunlap/esmf-testing/nvhpc_21.11_openmpi_g_update_pio2.5.9/esmf/DEFAULTINSTALLDIR/lib/libg/Linux.nvhpc.64.openmpi.default/libesmf.so(_ZN5ESMCI6LogErr13MsgFoundErrorEiPKciS2_S2_Pi+0x34) [0x2b7837c20c74]
 4  /glade/scratch/dunlap/esmf-testing/nvhpc_21.11_openmpi_g_update_pio2.5.9/esmf/DEFAULTINSTALLDIR/lib/libg/Linux.nvhpc.64.openmpi.default/libesmf.so(_ZN5ESMCI7MeshCap22meshcreatenodedistgridEPi+0x7f) [0x2b7837e3d33f]
 5  /glade/scratch/dunlap/esmf-testing/nvhpc_21.11_openmpi_g_update_pio2.5.9/esmf/DEFAULTINSTALLDIR/lib/libg/Linux.nvhpc.64.openmpi.default/libesmf.so(c_esmc_meshcreatenodedistgrid_+0xc1) [0x2b7837e8f701]
 6  /glade/scratch/dunlap/esmf-testing/nvhpc_21.11_openmpi_g_update_pio2.5.9/esmf/DEFAULTINSTALLDIR/lib/libg/Linux.nvhpc.64.openmpi.default/libesmf.so(esmf_meshmod_esmf_meshcreatefrompointer_+0x6d) [0x2b7838b5e1ed]
 7  /glade/scratch/dunlap/esmf-testing/nvhpc_21.11_openmpi_g_update_pio2.5.9/esmf/DEFAULTINSTALLDIR/lib/libg/Linux.nvhpc.64.openmpi.default/libesmf.so(esmf_gridutilmod_esmf_gridtomesh_+0x52d) [0x2b78389b9c2d]
 8  /glade/scratch/dunlap/esmf-testing/nvhpc_21.11_openmpi_g_update_pio2.5.9/esmf/DEFAULTINSTALLDIR/lib/libg/Linux.nvhpc.64.openmpi.default/libesmf.so(esmf_fieldregridmod_b_or_p_gridtomesh_+0x5a8) [0x2b78388794e8]
 9  /glade/scratch/dunlap/esmf-testing/nvhpc_21.11_openmpi_g_update_pio2.5.9/esmf/DEFAULTINSTALLDIR/lib/libg/Linux.nvhpc.64.openmpi.default/libesmf.so(esmf_fieldregridmod_getmeshwithnodesonfieldloc_+0x55e) [0x2b783887499e]
10  /glade/scratch/dunlap/esmf-testing/nvhpc_21.11_openmpi_g_update_pio2.5.9/esmf/DEFAULTINSTALLDIR/lib/libg/Linux.nvhpc.64.openmpi.default/libesmf.so(esmf_fieldregridmod_esmf_fieldregridstorenx_+0xf81) [0x2b78388724c1]
11  /glade/scratch/dunlap/esmf-testing/nvhpc_21.11_openmpi_g_update_pio2.5.9/esmf/DEFAULTINSTALLDIR/lib/libg/Linux.nvhpc.64.openmpi.default/libesmf.so(nuopc_connector_fieldbundlecplstore_+0x11746) [0x2b7838fd1c06]
12  /glade/scratch/dunlap/esmf-testing/nvhpc_21.11_openmpi_g_update_pio2.5.9/esmf/DEFAULTINSTALLDIR/lib/libg/Linux.nvhpc.64.openmpi.default/libesmf.so(nuopc_connector_initializeipdv05p6b_+0x7a35) [0x2b7838fac5b5]
13  /glade/scratch/dunlap/esmf-testing/nvhpc_21.11_openmpi_g_update_pio2.5.9/esmf/DEFAULTINSTALLDIR/lib/libg/Linux.nvhpc.64.openmpi.default/libesmf.so(_ZN5ESMCI6FTable12callVFuncPtrEPKcPNS_2VMEPi+0xc3c) [0x2b7837a6257c]
11  /glade/scratch/dunlap/esmf-testing/nvhpc_21.11_openmpi_g_update_pio2.5.9/esmf/DEFAULTINSTALLDIR/lib/libg/Linux.nvhpc.64.openmpi.default/libesmf.so(nuopc_connector_fieldbundlecplstore_+0x11746) [0x2b189c1ebc06]
12  /glade/scratch/dunlap/esmf-testing/nvhpc_21.11_openmpi_g_update_pio2.5.9/esmf/DEFAULTINSTALLDIR/lib/libg/Linux.nvhpc.64.openmpi.default/libesmf.so(nuopc_connector_initializeipdv05p6b_+0x7a35) [0x2b189c1c65b5]
13  /glade/scratch/dunlap/esmf-testing/nvhpc_21.11_openmpi_g_update_pio2.5.9/esmf/DEFAULTINSTALLDIR/lib/libg/Linux.nvhpc.64.openmpi.default/libesmf.so(_ZN5ESMCI6FTable12callVFuncPtrEPKcPNS_2VMEPi+0xc3c) [0x2b189ac7c57c]
14  /glade/scratch/dunlap/esmf-testing/nvhpc_21.11_openmpi_g_update_pio2.5.9/esmf/DEFAULTINSTALLDIR/lib/libg/Linux.nvhpc.64.openmpi.default/libesmf.so(ESMCI_FTableCallEntryPointVMHop+0x293) [0x2b189ac77b93]
15  /glade/scratch/dunlap/esmf-testing/nvhpc_21.11_openmpi_g_update_pio2.5.9/esmf/DEFAULTINSTALLDIR/lib/libg/Linux.nvhpc.64.openmpi.default/libesmf.so(_ZN5ESMCI3VMK5enterEPNS_7VMKPlanEPvS3_+0xbb) [0x2b189b4ce33b]
16  /glade/scratch/dunlap/esmf-testing/nvhpc_21.11_openmpi_g_update_pio2.5.9/esmf/DEFAULTINSTALLDIR/lib/libg/Linux.nvhpc.64.openmpi.default/libesmf.so(_ZN5ESMCI2VM5enterEPNS_6VMPlanEPvS3_+0xbe) [0x2b189b4f77be]
17  /glade/scratch/dunlap/esmf-testing/nvhpc_21.11_openmpi_g_update_pio2.5.9/esmf/DEFAULTINSTALLDIR/lib/libg/Linux.nvhpc.64.openmpi.default/libesmf.so(c_esmc_ftablecallentrypointvm_+0x393) [0x2b189ac78053]
18  /glade/scratch/dunlap/esmf-testing/nvhpc_21.11_openmpi_g_update_pio2.5.9/esmf/DEFAULTINSTALLDIR/lib/libg/Linux.nvhpc.64.openmpi.default/libesmf.so(esmf_compmod_esmf_compexecute_+0xab0) [0x2b189b8180f0]
19  /glade/scratch/dunlap/esmf-testing/nvhpc_21.11_openmpi_g_update_pio2.5.9/esmf/DEFAULTINSTALLDIR/lib/libg/Linux.nvhpc.64.openmpi.default/libesmf.so(esmf_cplcompmod_esmf_cplcompinitialize_+0x1de) [0x2b189b8312de]
20  /glade/scratch/dunlap/esmf-testing/nvhpc_21.11_openmpi_g_update_pio2.5.9/esmf/DEFAULTINSTALLDIR/lib/libg/Linux.nvhpc.64.openmpi.default/libesmf.so(nuopc_driver_loopconnectorcompss_+0x1663) [0x2b189c21d1e3]
21  /glade/scratch/dunlap/esmf-testing/nvhpc_21.11_openmpi_g_update_pio2.5.9/esmf/DEFAULTINSTALLDIR/lib/libg/Linux.nvhpc.64.openmpi.default/libesmf.so(nuopc_driver_initializeipdv02p3_+0x4542) [0x2b189c2109c2]
22  /glade/scratch/dunlap/esmf-testing/nvhpc_21.11_openmpi_g_update_pio2.5.9/esmf/DEFAULTINSTALLDIR/lib/libg/Linux.nvhpc.64.openmpi.default/libesmf.so(nuopc_driver_initializegeneric_+0xd60) [0x2b189c1f5660]
23  /glade/scratch/dunlap/esmf-testing/nvhpc_21.11_openmpi_g_update_pio2.5.9/esmf/DEFAULTINSTALLDIR/lib/libg/Linux.nvhpc.64.openmpi.default/libesmf.so(_ZN5ESMCI6FTable12callVFuncPtrEPKcPNS_2VMEPi+0xc3c) [0x2b189ac7c57c]
24  /glade/scratch/dunlap/esmf-testing/nvhpc_21.11_openmpi_g_update_pio2.5.9/esmf/DEFAULTINSTALLDIR/lib/libg/Linux.nvhpc.64.openmpi.default/libesmf.so(ESMCI_FTableCallEntryPointVMHop+0x293) [0x2b189ac77b93]
25  /glade/scratch/dunlap/esmf-testing/nvhpc_21.11_openmpi_g_update_pio2.5.9/esmf/DEFAULTINSTALLDIR/lib/libg/Linux.nvhpc.64.openmpi.default/libesmf.so(_ZN5ESMCI3VMK5enterEPNS_7VMKPlanEPvS3_+0xbb) [0x2b189b4ce33b]
26  /glade/scratch/dunlap/esmf-testing/nvhpc_21.11_openmpi_g_update_pio2.5.9/esmf/DEFAULTINSTALLDIR/lib/libg/Linux.nvhpc.64.openmpi.default/libesmf.so(_ZN5ESMCI2VM5enterEPNS_6VMPlanEPvS3_+0xbe) [0x2b189b4f77be]
27  /glade/scratch/dunlap/esmf-testing/nvhpc_21.11_openmpi_g_update_pio2.5.9/esmf/DEFAULTINSTALLDIR/lib/libg/Linux.nvhpc.64.openmpi.default/libesmf.so(c_esmc_ftablecallentrypointvm_+0x393) [0x2b189ac78053]
28  /glade/scratch/dunlap/esmf-testing/nvhpc_21.11_openmpi_g_update_pio2.5.9/esmf/DEFAULTINSTALLDIR/lib/libg/Linux.nvhpc.64.openmpi.default/libesmf.so(esmf_compmod_esmf_compexecute_+0xab0) [0x2b189b8180f0]
29  /glade/scratch/dunlap/esmf-testing/nvhpc_21.11_openmpi_g_update_pio2.5.9/esmf/DEFAULTINSTALLDIR/lib/libg/Linux.nvhpc.64.openmpi.default/libesmf.so(esmf_gridcompmod_esmf_gridcompinitialize_+0x1de) [0x2b189baf261e]
18  /glade/scratch/dunlap/esmf-testing/nvhpc_21.11_openmpi_g_update_pio2.5.9/esmf/DEFAULTINSTALLDIR/lib/libg/Linux.nvhpc.64.openmpi.default/libesmf.so(esmf_compmod_esmf_compexecute_+0xab0) [0x2b8df56b30f0]
19  /glade/scratch/dunlap/esmf-testing/nvhpc_21.11_openmpi_g_update_pio2.5.9/esmf/DEFAULTINSTALLDIR/lib/libg/Linux.nvhpc.64.openmpi.default/libesmf.so(esmf_cplcompmod_esmf_cplcompinitialize_+0x1de) [0x2b8df56cc2de]
20  /glade/scratch/dunlap/esmf-testing/nvhpc_21.11_openmpi_g_update_pio2.5.9/esmf/DEFAULTINSTALLDIR/lib/libg/Linux.nvhpc.64.openmpi.default/libesmf.so(nuopc_driver_loopconnectorcompss_+0x1663) [0x2b8df60b81e3]
21  /glade/scratch/dunlap/esmf-testing/nvhpc_21.11_openmpi_g_update_pio2.5.9/esmf/DEFAULTINSTALLDIR/lib/libg/Linux.nvhpc.64.openmpi.default/libesmf.so(nuopc_driver_initializeipdv02p3_+0x4542) [0x2b8df60ab9c2]
22  /glade/scratch/dunlap/esmf-testing/nvhpc_21.11_openmpi_g_update_pio2.5.9/esmf/DEFAULTINSTALLDIR/lib/libg/Linux.nvhpc.64.openmpi.default/libesmf.so(nuopc_driver_initializegeneric_+0xd60) [0x2b8df6090660]
23  /glade/scratch/dunlap/esmf-testing/nvhpc_21.11_openmpi_g_update_pio2.5.9/esmf/DEFAULTINSTALLDIR/lib/libg/Linux.nvhpc.64.openmpi.default/libesmf.so(_ZN5ESMCI6FTable12callVFuncPtrEPKcPNS_2VMEPi+0xc3c) [0x2b8df4b1757c]
24  /glade/scratch/dunlap/esmf-testing/nvhpc_21.11_openmpi_g_update_pio2.5.9/esmf/DEFAULTINSTALLDIR/lib/libg/Linux.nvhpc.64.openmpi.default/libesmf.so(ESMCI_FTableCallEntryPointVMHop+0x293) [0x2b8df4b12b93]
25  /glade/scratch/dunlap/esmf-testing/nvhpc_21.11_openmpi_g_update_pio2.5.9/esmf/DEFAULTINSTALLDIR/lib/libg/Linux.nvhpc.64.openmpi.default/libesmf.so(_ZN5ESMCI3VMK5enterEPNS_7VMKPlanEPvS3_+0xbb) [0x2b8df536933b]
26  /glade/scratch/dunlap/esmf-testing/nvhpc_21.11_openmpi_g_update_pio2.5.9/esmf/DEFAULTINSTALLDIR/lib/libg/Linux.nvhpc.64.openmpi.default/libesmf.so(_ZN5ESMCI2VM5enterEPNS_6VMPlanEPvS3_+0xbe) [0x2b8df53927be]
27  /glade/scratch/dunlap/esmf-testing/nvhpc_21.11_openmpi_g_update_pio2.5.9/esmf/DEFAULTINSTALLDIR/lib/libg/Linux.nvhpc.64.openmpi.default/libesmf.so(c_esmc_ftablecallentrypointvm_+0x393) [0x2b8df4b13053]
28  /glade/scratch/dunlap/esmf-testing/nvhpc_21.11_openmpi_g_update_pio2.5.9/esmf/DEFAULTINSTALLDIR/lib/libg/Linux.nvhpc.64.openmpi.default/libesmf.so(esmf_compmod_esmf_compexecute_+0xab0) [0x2b8df56b30f0]
29  /glade/scratch/dunlap/esmf-testing/nvhpc_21.11_openmpi_g_update_pio2.5.9/esmf/DEFAULTINSTALLDIR/lib/libg/Linux.nvhpc.64.openmpi.default/libesmf.so(esmf_gridcompmod_esmf_gridcompinitialize_+0x1de) [0x2b8df598d61e]
30  ./esmApp() [0x407d04]
31  ./esmApp() [0x407733]
32  /glade/u/apps/ch/os/lib64/libc.so.6(__libc_start_main+0xf5) [0x2b8dfb8c6a35]
33  ./esmApp() [0x407629]
=================================
==== backtrace (tid:  59503) ====
 0  /glade/u/apps/ch/opt/ucx/1.11.0/lib/libucs.so.0(ucs_handle_error+0xe4) [0x2aba5025f1b4]
 1  /glade/u/apps/ch/opt/ucx/1.11.0/lib/libucs.so.0(+0x2a4dc) [0x2aba5025f4dc]
 2  /glade/u/apps/ch/opt/ucx/1.11.0/lib/libucs.so.0(+0x2a74b) [0x2aba5025f74b]
 3  /glade/scratch/dunlap/esmf-testing/nvhpc_21.11_openmpi_g_update_pio2.5.9/esmf/DEFAULTINSTALLDIR/lib/libg/Linux.nvhpc.64.openmpi.default/libesmf.so(_ZN5ESMCI6LogErr13MsgFoundErrorEiPKciS2_S2_Pi+0x34) [0x2aba363d0c74]
 4  /glade/scratch/dunlap/esmf-testing/nvhpc_21.11_openmpi_g_update_pio2.5.9/esmf/DEFAULTINSTALLDIR/lib/libg/Linux.nvhpc.64.openmpi.default/libesmf.so(_ZN5ESMCI7MeshCap22meshcreatenodedistgridEPi+0x7f) [0x2aba365ed33f]
 5  /glade/scratch/dunlap/esmf-testing/nvhpc_21.11_openmpi_g_update_pio2.5.9/esmf/DEFAULTINSTALLDIR/lib/libg/Linux.nvhpc.64.openmpi.default/libesmf.so(c_esmc_meshcreatenodedistgrid_+0xc1) [0x2aba3663f701]
 6  /glade/scratch/dunlap/esmf-testing/nvhpc_21.11_openmpi_g_update_pio2.5.9/esmf/DEFAULTINSTALLDIR/lib/libg/Linux.nvhpc.64.openmpi.default/libesmf.so(esmf_meshmod_esmf_meshcreatefrompointer_+0x6d) [0x2aba3730e1ed]
 7  /glade/scratch/dunlap/esmf-testing/nvhpc_21.11_openmpi_g_update_pio2.5.9/esmf/DEFAULTINSTALLDIR/lib/libg/Linux.nvhpc.64.openmpi.default/libesmf.so(esmf_gridutilmod_esmf_gridtomesh_+0x52d) [0x2aba37169c2d]
 8  /glade/scratch/dunlap/esmf-testing/nvhpc_21.11_openmpi_g_update_pio2.5.9/esmf/DEFAULTINSTALLDIR/lib/libg/Linux.nvhpc.64.openmpi.default/libesmf.so(esmf_fieldregridmod_b_or_p_gridtomesh_+0x5a8) [0x2aba370294e8]
 9  /glade/scratch/dunlap/esmf-testing/nvhpc_21.11_openmpi_g_update_pio2.5.9/esmf/DEFAULTINSTALLDIR/lib/libg/Linux.nvhpc.64.openmpi.default/libesmf.so(esmf_fieldregridmod_getmeshwithnodesonfieldloc_+0x55e) [0x2aba3702499e]
10  /glade/scratch/dunlap/esmf-testing/nvhpc_21.11_openmpi_g_update_pio2.5.9/esmf/DEFAULTINSTALLDIR/lib/libg/Linux.nvhpc.64.openmpi.default/libesmf.so(esmf_fieldregridmod_esmf_fieldregridstorenx_+0xf81) [0x2aba370224c1]
11  /glade/scratch/dunlap/esmf-testing/nvhpc_21.11_openmpi_g_update_pio2.5.9/esmf/DEFAULTINSTALLDIR/lib/libg/Linux.nvhpc.64.openmpi.default/libesmf.so(nuopc_connector_fieldbundlecplstore_+0x11746) [0x2aba37781c06]
12  /glade/scratch/dunlap/esmf-testing/nvhpc_21.11_openmpi_g_update_pio2.5.9/esmf/DEFAULTINSTALLDIR/lib/libg/Linux.nvhpc.64.openmpi.default/libesmf.so(nuopc_connector_initializeipdv05p6b_+0x7a35) [0x2aba3775c5b5]
13  /glade/scratch/dunlap/esmf-testing/nvhpc_21.11_openmpi_g_update_pio2.5.9/esmf/DEFAULTINSTALLDIR/lib/libg/Linux.nvhpc.64.openmpi.default/libesmf.so(_ZN5ESMCI6FTable12callVFuncPtrEPKcPNS_2VMEPi+0xc3c) [0x2aba3621257c]
14  /glade/scratch/dunlap/esmf-testing/nvhpc_21.11_openmpi_g_update_pio2.5.9/esmf/DEFAULTINSTALLDIR/lib/libg/Linux.nvhpc.64.openmpi.default/libesmf.so(ESMCI_FTableCallEntryPointVMHop+0x293) [0x2aba3620db93]
15  /glade/scratch/dunlap/esmf-testing/nvhpc_21.11_openmpi_g_update_pio2.5.9/esmf/DEFAULTINSTALLDIR/lib/libg/Linux.nvhpc.64.openmpi.default/libesmf.so(_ZN5ESMCI3VMK5enterEPNS_7VMKPlanEPvS3_+0xbb) [0x2aba36a6433b]
16  /glade/scratch/dunlap/esmf-testing/nvhpc_21.11_openmpi_g_update_pio2.5.9/esmf/DEFAULTINSTALLDIR/lib/libg/Linux.nvhpc.64.openmpi.default/libesmf.so(_ZN5ESMCI2VM5enterEPNS_6VMPlanEPvS3_+0xbe) [0x2aba36a8d7be]
17  /glade/scratch/dunlap/esmf-testing/nvhpc_21.11_openmpi_g_update_pio2.5.9/esmf/DEFAULTINSTALLDIR/lib/libg/Linux.nvhpc.64.openmpi.default/libesmf.so(c_esmc_ftablecallentrypointvm_+0x393) [0x2aba3620e053]
18  /glade/scratch/dunlap/esmf-testing/nvhpc_21.11_openmpi_g_update_pio2.5.9/esmf/DEFAULTINSTALLDIR/lib/libg/Linux.nvhpc.64.openmpi.default/libesmf.so(esmf_compmod_esmf_compexecute_+0xab0) [0x2aba36dae0f0]
19  /glade/scratch/dunlap/esmf-testing/nvhpc_21.11_openmpi_g_update_pio2.5.9/esmf/DEFAULTINSTALLDIR/lib/libg/Linux.nvhpc.64.openmpi.default/libesmf.so(esmf_cplcompmod_esmf_cplcompinitialize_+0x1de) [0x2aba36dc72de]
20  /glade/scratch/dunlap/esmf-testing/nvhpc_21.11_openmpi_g_update_pio2.5.9/esmf/DEFAULTINSTALLDIR/lib/libg/Linux.nvhpc.64.openmpi.default/libesmf.so(nuopc_driver_loopconnectorcomps30  ./esmApp() [0x407d04]
31  ./esmApp() [0x407733]
32  /glade/u/apps/ch/os/lib64/libc.so.6(__libc_start_main+0xf5) [0x2b18a1a2ba35]
33  ./esmApp() [0x407629]
=================================
[r1i0n1:59506] *** Process received signal ***
[r1i0n1:59506] Signal: Segmentation fault (11)
[r1i0n1:59506] Signal code:  (-6)
[r1i0n1:59506] Failing at address: 0x10570000e872
[r1i0n1:59506] [ 0] /glade/u/apps/ch/os/lib64/libpthread.so.0(+0x11c00)[0x2b18a115ac00]
[r1i0n1:59506] [ 1] /glade/scratch/dunlap/esmf-testing/nvhpc_21.11_openmpi_g_update_pio2.5.9/esmf/DEFAULTINSTALLDIR/lib/libg/Linux.nvhpc.64.openmpi.default/libesmf.so(_ZN5ESMCI6LogErr13MsgFoundErrorEiPKciS2_S2_Pi+0x34)[0x2b189ae3ac74]
[r1i0n1:59506] [ 2] /glade/scratch/dunlap/esmf-testing/nvhpc_21.11_openmpi_g_update_pio2.5.9/esmf/DEFAULTINSTALLDIR/lib/libg/Linux.nvhpc.64.openmpi.default/libesmf.so(_ZN5ESMCI7MeshCap22meshcreatenodedistgridEPi+0x7f)[0x2b189b05733f]
[r1i0n1:59506] [ 3] /glade/scratch/dunlap/esmf-testing/nvhpc_21.11_openmpi_g_update_pio2.5.9/esmf/DEFAULTINSTALLDIR/lib/libg/Linux.nvhpc.64.openmpi.default/libesmf.so(c_esmc_meshcreatenodedistgrid_+0xc1)[0x2b189b0a9701]
[r1i0n1:59506] [ 4] 14  /glade/scratch/dunlap/esmf-testing/nvhpc_21.11_openmpi_g_update_pio2.5.9/esmf/DEFAULTINSTALLDIR/lib/libg/Linux.nvhpc.64.openmpi.default/libesmf.so(ESMCI_FTableCallEntryPointVMHop+0x293) [0x2b7837a5db93]
15  /glade/scratch/dunlap/esmf-testing/nvhpc_21.11_openmpi_g_update_pio2.5.9/esmf/DEFAULTINSTALLDIR/lib/libg/Linux.nvhpc.64.openmpi.default/libesmf.so(_ZN5ESMCI3VMK5enterEPNS_7VMKPlanEPvS3_+0xbb) [0x2b78382b433b]
16  /glade/scratch/dunlap/esmf-testing/nvhpc_21.11_openmpi_g_update_pio2.5.9/esmf/DEFAULTINSTALLDIR/lib/libg/Linux.nvhpc.64.openmpi.default/libesmf.so(_ZN5ESMCI2VM5enterEPNS_6VMPlanEPvS3_+0xbe) [0x2b78382dd7be]
17  /glade/scratch/dunlap/esmf-testing/nvhpc_21.11_openmpi_g_update_pio2.5.9/esmf/DEFAULTINSTALLDIR/lib/libg/Linux.nvhpc.64.openmpi.default/libesmf.so(c_esmc_ftablecallentrypointvm_+0x393) [0x2b7837a5e053]
18  /glade/scratch/dunlap/esmf-testing/nvhpc_21.11_openmpi_g_update_pio2.5.9/esmf/DEFAULTINSTALLDIR/lib/libg/Linux.nvhpc.64.openmpi.default/libesmf.so(esmf_compmod_esmf_compexecute_+0xab0) [0x2b78385fe0f0]
19  /glade/scratch/dunlap/esmf-testing/nvhpc_21.11_openmpi_g_update_pio2.5.9/esmf/DEFAULTINSTALLDIR/lib/libg/Linux.nvhpc.64.openmpi.default/libesmf.so(esmf_cplcompmod_esmf_cplcompinitialize_+0x1de) [0x2b78386172de]
20  /glade/scratch/dunlap/esmf-testing/nvhpc_21.11_openmpi_g_update_pio2.5.9/esmf/DEFAULTINSTALLDIR/lib/libg/Linux.nvhpc.64.openmpi.default/libesmf.so(nuopc_driver_loopconnectorcompss_+0x1663) [0x2b78390031e3]
21  /glade/scratch/dunlap/esmf-testing/nvhpc_21.11_openmpi_g_update_pio2.5.9/esmf/DEFAULTINSTALLDIR/lib/libg/Linux.nvhpc.64.openmpi.default/libesmf.so(nuopc_driver_initializeipdv02p3_+0x4542) [0x2b7838ff69c2]
22  /glade/scratch/dunlap/esmf-testing/nvhpc_21.11_openmpi_g_update_pio2.5.9/esmf/DEFAULTINSTALLDIR/lib/libg/Linux.nvhpc.64.openmpi.default/libesmf.so(nuopc_driver_initializegeneric_+0xd60) [0x2b7838fdb660]
23  /glade/scratch/dunlap/esmf-testing/nvhpc_21.11_openmpi_g_update_pio2.5.9/esmf/DEFAULTINSTALLDIR/lib/libg/Linux.nvhpc.64.openmpi.default/libesmf.so(_ZN5ESMCI6FTable12callVFuncPtrEPKcPNS_2VMEPi+0xc3c) [0x2b7837a6257c]
24  /glade/scratch/dunlap/esmf-testing/nvhpc_21.11_openmpi_g_update_pio2.5.9/esmf/DEFAULTINSTALLDIR/lib/libg/Linux.nvhpc.64.openmpi.default/libesmf.so(ESMCI_FTableCallEntryPointVMHop+0x293) [0x2b7837a5db93]
25  /glade/scratch/dunlap/esmf-testing/nvhpc_21.11_openmpi_g_update_pio2.5.9/esmf/DEFAULTINSTALLDIR/lib/libg/Linux.nvhpc.64.openmpi.default/libesmf.so(_ZN5ESMCI3VMK5enterEPNS_7VMKPlanEPvS3_+0xbb) [0x2b78382b433b]
26  /glade/scratch/dunlap/esmf-testing/nvhpc_21.11_openmpi_g_update_pio2.5.9/esmf/DEFAULTINSTALLDIR/lib/libg/Linux.nvhpc.64.openmpi.default/libesmf.so(_ZN5ESMCI2VM5enterEPNS_6VMPlanEPvS3_+0xbe) [0x2b78382dd7be]
27  /glade/scratch/dunlap/esmf-testing/nvhpc_21.11_openmpi_g_update_pio2.5.9/esmf/DEFAULTINSTALLDIR/lib/libg/Linux.nvhpc.64.openmpi.default/libesmf.so(c_esmc_ftablecallentrypointvm_+0x393) [0x2b7837a5e053]
28  /glade/scratch/dunlap/esmf-testing/nvhpc_21.11_openmpi_g_update_pio2.5.9/esmf/DEFAULTINSTALLDIR/lib/libg/Linux.nvhpc.64.openmpi.default/libesmf.so(esmf_compmod_esmf_compexecute_+0xab0) [0x2b78385fe0f0]
29  /glade/scratch/dunlap/esmf-testing/nvhpc_21.11_openmpi_g_update_pio2.5.9/esmf/DEFAULTINSTALLDIR/lib/libg/Linux.nvhpc.64.openmpi.default/libesmf.so(esmf_gridcompmod_esmf_gridcompinitialize_+0x1de) [0x2b78388d861e]
30  ./esmApp() [0x407d04]
31  ./esmApp() [0x407733]
32  /glade/u/apps/ch/os/lib64/libc.so.6(__libc_start_main+0xf5) [0x2b783e811a35]
33  ./esmApp() [0x407629]
=================================
[r1i0n1:59505] *** Process received signal ***
[r1i0n1:59505] Signal: Segmentation fault (11)
[r1i0n1:59505] Signal code:  (-6)
[r1i0n1:59505] Failing at address: 0x10570000e871
[r1i0n1:59505] [ 0] /glade/u/apps/ch/os/lib64/libpthread.so.0(+0x11c00)[0x2b783df40c00]
[r1i0n1:59505] [ 1] /glade/scratch/dunlap/esmf-testing/nvhpc_21.11_openmpi_g_update_pio2.5.9/esmf/DEFAULTINSTALLDIR/lib/libg/Linux.nvhpc.64.openmpi.default/libesmf.so(_ZN5ESMCI6LogErr13MsgFoundErrorEiPKciS2_S2_Pi+0x34)[0x2b7837c20c74]
[r1i0n1:59505] [ 2] /glade/scratch/dun[r1i0n1:59504] *** Process received signal ***
[r1i0n1:59504] Signal: Segmentation fault (11)
[r1i0n1:59504] Signal code:  (-6)
[r1i0n1:59504] Failing at address: 0x10570000e870
[r1i0n1:59504] [ 0] /glade/u/apps/ch/os/lib64/libpthread.so.0(+0x11c00)[0x2b8dfaff5c00]
[r1i0n1:59504] [ 1] /glade/scratch/dunlap/esmf-testing/nvhpc_21.11_openmpi_g_update_pio2.5.9/esmf/DEFAULTINSTALLDIR/lib/libg/Linux.nvhpc.64.openmpi.default/libesmf.so(_ZN5ESMCI6LogErr13MsgFoundErrorEiPKciS2_S2_Pi+0x34)[0x2b8df4cd5c74]
[r1i0n1:59504] [ 2] /glade/scratch/dunlap/esmf-testing/nvhpc_21.11_openmpi_g_update_pio2.5.9/esmf/DEFAULTINSTALLDIR/lib/libg/Linux.nvhpc.64.openmpi.default/libesmf.so(_ZN5ESMCI7MeshCap22meshcreatenodedistgridEPi+0x7f)[0x2b8df4ef233f]
[r1i0n1:59504] [ 3] /glade/scratch/dunlap/esmf-testing/nvhpc_21.11_openmpi_g_update_pio2.5.9/esmf/DEFAULTINSTALLDIR/lib/libg/Linux.nvhpc.64.openmpi.default/libesmf.so(c_esmc_meshcreatenodedistgrid_+0xc1)[0x2b8df4f44701]
[r1i0n1:59504] [ 4] lap/esmf-testing/nvhpc_21.11_openmpi_g_update_pio2.5.9/esmf/DEFAULTINSTALLDIR/lib/libg/Linux.nvhpc.64.openmpi.default/libesmf.so(_ZN5ESMCI7MeshCap22meshcreatenodedistgridEPi+0x7f)[0x2b7837e3d33f]
[r1i0n1:59505] [ 3] /glade/scratch/dunlap/esmf-testing/nvhpc_21.11_openmpi_g_update_pio2.5.9/esmf/DEFAULTINSTALLDIR/lib/libg/Linux.nvhpc.64.openmpi.default/libesmf.so(c_esmc_meshcreatenodedistgrid_+0xc1)[0x2b7837e8f701]
[r1i0n1:59505] [ 4] s_+0x1663) [0x2aba377b31e3]
21  /glade/scratch/dunlap/esmf-testing/nvhpc_21.11_openmpi_g_update_pio2.5.9/esmf/DEFAULTINSTALLDIR/lib/libg/Linux.nvhpc.64.openmpi.default/libesmf.so(nuopc_driver_initializeipdv02p3_+0x4542) [0x2aba377a69c2]
22  /glade/scratch/dunlap/esmf-testing/nvhpc_21.11_openmpi_g_update_pio2.5.9/esmf/DEFAULTINSTALLDIR/lib/libg/Linux.nvhpc.64.openmpi.default/libesmf.so(nuopc_driver_initializegeneric_+0xd60) [0x2aba3778b660]
23  /glade/scratch/dunlap/esmf-testing/nvhpc_21.11_openmpi_g_update_pio2.5.9/esmf/DEFAULTINSTALLDIR/lib/libg/Linux.nvhpc.64.openmpi.default/libesmf.so(_ZN5ESMCI6FTable12callVFuncPtrEPKcPNS_2VMEPi+0xc3c) [0x2aba3621257c]
24  /glade/scratch/dunlap/esmf-testing/nvhpc_21.11_openmpi_g_update_pio2.5.9/esmf/DEFAULTINSTALLDIR/lib/libg/Linux.nvhpc.64.openmpi.default/libesmf.so(ESMCI_FTableCallEntryPointVMHop+0x293) [0x2aba3620db93]
25  /glade/scratch/dunlap/esmf-testing/nvhpc_21.11_openmpi_g_update_pio2.5.9/esmf/DEFAULTINSTALLDIR/lib/libg/Linux.nvhpc.64.openmpi.default/libesmf.so(_ZN5ESMCI3VMK5enterEPNS_7VMKPlanEPvS3_+0xbb) [0x2aba36a6433b]
26  /glade/scratch/dunlap/esmf-testing/nvhpc_21.11_openmpi_g_update_pio2.5.9/esmf/DEFAULTINSTALLDIR/lib/libg/Linux.nvhpc.64.openmpi.default/libesmf.so(_ZN5ESMCI2VM5enterEPNS_6VMPlanEPvS3_+0xbe) [0x2aba36a8d7be]
27  /glade/scratch/dunlap/esmf-testing/nvhpc_21.11_openmpi_g_update_pio2.5.9/esmf/DEFAULTINSTALLDIR/lib/libg/Linux.nvhpc.64.openmpi.default/libesmf.so(c_esmc_ftablecallentrypointvm_+0x393) [0x2aba3620e053]
28  /glade/scratch/dunlap/esmf-testing/nvhpc_21.11_openmpi_g_update_pio2.5.9/esmf/DEFAULTINSTALLDIR/lib/libg/Linux.nvhpc.64.openmpi.default/libesmf.so(esmf_compmod_esmf_compexecute_+0xab0) [0x2aba36dae0f0]
29  /glade/scratch/dunlap/esmf-testing/nvhpc_21.11_openmpi_g_update_pio2.5.9/esmf/DEFAULTINSTALLDIR/lib/libg/Linux.nvhpc.64.openmpi.default/libesmf.so(esmf_gridcompmod_esmf_gridcompinitialize_+0x1de) [0x2aba3708861e]
30  ./esmApp() [0x407d04]
31  ./esmApp() [0x407733]
32  /glade/u/apps/ch/os/lib64/libc.so.6(__libc_start_main+0xf5) [0x2aba3cfc1a35]
33  ./esmApp() [0x407629]
=================================
[r1i0n1:59503] *** Process received signal ***
[r1i0n1:59503] Signal: Segmentation fault (11)
[r1i0n1:59503] Signal code:  (-6)
[r1i0n1:59503] Failing at address: 0x10570000e86f
[r1i0n1:59503] [ 0] /glade/u/apps/ch/os/lib64/libpthread.so.0(+0x11c00)[0x2aba3c6f0c00]
[r1i0n1:59503] [ 1] /glade/scratch/dunlap/esmf-testing/nvhpc_21.11_openmpi_g_update_pio2.5.9/esmf/DEFAULTINSTALLDIR/lib/libg/Linux.nvhpc.64.openmpi.default/libesmf.so(_ZN5ESMCI6LogErr13MsgFoundErrorEiPKciS2_S2_Pi+0x34)[0x2aba363d0c74]
[r1i0n1:59503] [ 2] /glade/scratch/dunlap/esmf-testing/nvhpc_21.11_openmpi_g_update_pio2.5.9/esmf/DEFAULTINSTALLDIR/lib/libg/Linux.nvhpc.64.openmpi.default/libesmf.so(_ZN5ESMCI7MeshCap22meshcreatenodedistgridEPi+0x7f)[0x2aba365ed33f]
[r1i0n1:59503] [ 3] /glade/scratch/dunlap/esmf-testing/nvhpc_21.11_openmpi_g_update_pio2.5.9/esmf/DEFAULTINSTALLDIR/lib/libg/Linux.nvhpc.64.openmpi.default/libesmf.so(c_esmc_meshcreatenodedistgrid_+0xc1)[0x2aba3663f701]
[r1i0n1:59503] [ 4] /glade/scratch/dunlap/esmf-testing/nvhpc_21.11_openmpi_g_update_pio2.5.9/esmf/DEFAULTINSTALLDIR/lib/libg/Linux.nvhpc.64.openmpi.default/libesmf.so(esmf_meshmod_esmf_meshcreatefrompointer_+0x6d)[0x2b8df5c131ed]
[r1i0n1:59504] [ 5] /glade/scratch/dunlap/esmf-testing/nvhpc_21.11_openmpi_g_update_pio2.5.9/esmf/DEFAULTINSTALLDIR/lib/libg/Linux.nvhpc.64.openmpi.default/libesmf.so(esmf_meshmod_esmf_meshcreatefrompointer_+0x6d)[0x2b7838b5e1ed]
[r1i0n1:59505] [ 5] /glade/scratch/dunlap/esmf-testing/nvhpc_21.11_openmpi_g_update_pio2.5.9/esmf/DEFAULTINSTALLDIR/lib/libg/Linux.nvhpc.64.openmpi.default/libesmf.so(esmf_meshmod_esmf_meshcreatefrompointer_+0x6d)[0x2b189bd781ed]
[r1i0n1:59506] [ 5] /glade/scratch/dunlap/esmf-testing/nvhpc_21.11_openmpi_g_update_pio2.5.9/esmf/DEFAULTINSTALLDIR/lib/libg/Linux.nvhpc.64.openmpi.default/libesmf.so(esmf_meshmod_esmf_meshcreatefrompointer_+0x6d)[0x2aba3730e1ed]
[r1i0n1:59503] [ 5] /glade/scratch/dunlap/esmf-testing/nvhpc_21.11_openmpi_g_update_pio2.5.9/esmf/DEFAULTINSTALLDIR/lib/libg/Linux.nvhpc.64.openmpi.default/libesmf.so(esmf_gridutilmod_esmf_gridtomesh_+0x52d)[0x2b8df5a6ec2d]
[r1i0n1:59504] [ 6] /glade/scratch/dunlap/esmf-testing/nvhpc_21.11_openmpi_g_update_pio2.5.9/esmf/DEFAULTINSTALLDIR/lib/libg/Linux.nvhpc.64.openmpi.default/libesmf.so(esmf_gridutilmod_esmf_gridtomesh_+0x52d)[0x2b189bbd3c2d]
[r1i0n1:59506] [ 6] /glade/scratch/dunlap/esmf-testing/nvhpc_21.11_openmpi_g_update_pio2.5.9/esmf/DEFAULTINSTALLDIR/lib/libg/Linux.nvhpc.64.openmpi.default/libesmf.so(esmf_gridutilmod_esmf_gridtomesh_+0x52d)[0x2b78389b9c2d]
[r1i0n1:59505] [ 6] /glade/scratch/dunlap/esmf-testing/nvhpc_21.11_openmpi_g_update_pio2.5.9/esmf/DEFAULTINSTALLDIR/lib/libg/Linux.nvhpc.64.openmpi.default/libesmf.so(esmf_gridutilmod_esmf_gridtomesh_+0x52d)[0x2aba37169c2d]
[r1i0n1:59503] [ 6] /glade/scratch/dunlap/esmf-testing/nvhpc_21.11_openmpi_g_update_pio2.5.9/esmf/DEFAULTINSTALLDIR/lib/libg/Linux.nvhpc.64.openmpi.default/libesmf.so(esmf_fieldregridmod_b_or_p_gridtomesh_+0x5a8)[0x2b8df592e4e8]
[r1i0n1:59504] [ 7] /glade/scratch/dunlap/esmf-testing/nvhpc_21.11_openmpi_g_update_pio2.5.9/esmf/DEFAULTINSTALLDIR/lib/libg/Linux.nvhpc.64.openmpi.default/libesmf.so(esmf_fieldregridmod_b_or_p_gridtomesh_+0x5a8)[0x2b78388794e8]
[r1i0n1:59505] [ 7] /glade/scratch/dunlap/esmf-testing/nvhpc_21.11_openmpi_g_update_pio2.5.9/esmf/DEFAULTINSTALLDIR/lib/libg/Linux.nvhpc.64.openmpi.default/libesmf.so(esmf_fieldregridmod_b_or_p_gridtomesh_+0x5a8)[0x2b189ba934e8]
[r1i0n1:59506] [ 7] /glade/scratch/dunlap/esmf-testing/nvhpc_21.11_openmpi_g_update_pio2.5.9/esmf/DEFAULTINSTALLDIR/lib/libg/Linux.nvhpc.64.openmpi.default/libesmf.so(esmf_fieldregridmod_b_or_p_gridtomesh_+0x5a8)[0x2aba370294e8]
[r1i0n1:59503] [ 7] /glade/scratch/dunlap/esmf-testing/nvhpc_21.11_openmpi_g_update_pio2.5.9/esmf/DEFAULTINSTALLDIR/lib/libg/Linux.nvhpc.64.openmpi.default/libesmf.so(esmf_fieldregridmod_getmeshwithnodesonfieldloc_+0x55e)[0x2b8df592999e]
[r1i0n1:59504] [ 8] /glade/scratch/dunlap/esmf-testing/nvhpc_21.11_openmpi_g_update_pio2.5.9/esmf/DEFAULTINSTALLDIR/lib/libg/Linux.nvhpc.64.openmpi.default/libesmf.so(esmf_fieldregridmod_getmeshwithnodesonfieldloc_+0x55e)[0x2b783887499e]
[r1i0n1:59505] [ 8] /glade/scratch/dunlap/esmf-testing/nvhpc_21.11_openmpi_g_update_pio2.5.9/esmf/DEFAULTINSTALLDIR/lib/libg/Linux.nvhpc.64.openmpi.default/libesmf.so(esmf_fieldregridmod_getmeshwithnodesonfieldloc_+0x55e)[0x2b189ba8e99e]
[r1i0n1:59506] [ 8] /glade/scratch/dunlap/esmf-testing/nvhpc_21.11_openmpi_g_update_pio2.5.9/esmf/DEFAULTINSTALLDIR/lib/libg/Linux.nvhpc.64.openmpi.default/libesmf.so(esmf_fieldregridmod_getmeshwithnodesonfieldloc_+0x55e)[0x2aba3702499e]
[r1i0n1:59503] [ 8] /glade/scratch/dunlap/esmf-testing/nvhpc_21.11_openmpi_g_update_pio2.5.9/esmf/DEFAULTINSTALLDIR/lib/libg/Linux.nvhpc.64.openmpi.default/libesmf.so(esmf_fieldregridmod_esmf_fieldregridstorenx_+0xf81)[0x2b8df59274c1]
[r1i0n1:59504] [ 9] /glade/scratch/dunlap/esmf-testing/nvhpc_21.11_openmpi_g_update_pio2.5.9/esmf/DEFAULTINSTALLDIR/lib/libg/Linux.nvhpc.64.openmpi.default/libesmf.so(esmf_fieldregridmod_esmf_fieldregridstorenx_+0xf81)[0x2b78388724c1]
[r1i0n1:59505] [ 9] /glade/scratch/dunlap/esmf-testing/nvhpc_21.11_openmpi_g_update_pio2.5.9/esmf/DEFAULTINSTALLDIR/lib/libg/Linux.nvhpc.64.openmpi.default/libesmf.so(esmf_fieldregridmod_esmf_fieldregridstorenx_+0xf81)[0x2b189ba8c4c1]
[r1i0n1:59506] [ 9] /glade/scratch/dunlap/esmf-testing/nvhpc_21.11_openmpi_g_update_pio2.5.9/esmf/DEFAULTINSTALLDIR/lib/libg/Linux.nvhpc.64.openmpi.default/libesmf.so(esmf_fieldregridmod_esmf_fieldregridstorenx_+0xf81)[0x2aba370224c1]
[r1i0n1:59503] [ 9] /glade/scratch/dunlap/esmf-testing/nvhpc_21.11_openmpi_g_update_pio2.5.9/esmf/DEFAULTINSTALLDIR/lib/libg/Linux.nvhpc.64.openmpi.default/libesmf.so(nuopc_connector_fieldbundlecplstore_+0x11746)[0x2b8df6086c06]
[r1i0n1:59504] [10] /glade/scratch/dunlap/esmf-testing/nvhpc_21.11_openmpi_g_update_pio2.5.9/esmf/DEFAULTINSTALLDIR/lib/libg/Linux.nvhpc.64.openmpi.default/libesmf.so(nuopc_connector_fieldbundlecplstore_+0x11746)[0x2b7838fd1c06]
[r1i0n1:59505] [10] /glade/scratch/dunlap/esmf-testing/nvhpc_21.11_openmpi_g_update_pio2.5.9/esmf/DEFAULTINSTALLDIR/lib/libg/Linux.nvhpc.64.openmpi.default/libesmf.so(nuopc_connector_fieldbundlecplstore_+0x11746)[0x2b189c1ebc06]
[r1i0n1:59506] [10] /glade/scratch/dunlap/esmf-testing/nvhpc_21.11_openmpi_g_update_pio2.5.9/esmf/DEFAULTINSTALLDIR/lib/libg/Linux.nvhpc.64.openmpi.default/libesmf.so(nuopc_connector_fieldbundlecplstore_+0x11746)[0x2aba37781c06]
[r1i0n1:59503] [10] /glade/scratch/dunlap/esmf-testing/nvhpc_21.11_openmpi_g_update_pio2.5.9/esmf/DEFAULTINSTALLDIR/lib/libg/Linux.nvhpc.64.openmpi.default/libesmf.so(nuopc_connector_initializeipdv05p6b_+0x7a35)[0x2b8df60615b5]
[r1i0n1:59504] [11] /glade/scratch/dunlap/esmf-testing/nvhpc_21.11_openmpi_g_update_pio2.5.9/esmf/DEFAULTINSTALLDIR/lib/libg/Linux.nvhpc.64.openmpi.default/libesmf.so(nuopc_connector_initializeipdv05p6b_+0x7a35)[0x2b7838fac5b5]
[r1i0n1:59505] [11] /glade/scratch/dunlap/esmf-testing/nvhpc_21.11_openmpi_g_update_pio2.5.9/esmf/DEFAULTINSTALLDIR/lib/libg/Linux.nvhpc.64.openmpi.default/libesmf.so(nuopc_connector_initializeipdv05p6b_+0x7a35)[0x2b189c1c65b5]
[r1i0n1:59506] [11] /glade/scratch/dunlap/esmf-testing/nvhpc_21.11_openmpi_g_update_pio2.5.9/esmf/DEFAULTINSTALLDIR/lib/libg/Linux.nvhpc.64.openmpi.default/libesmf.so(nuopc_connector_initializeipdv05p6b_+0x7a35)[0x2aba3775c5b5]
[r1i0n1:59503] [11] /glade/scratch/dunlap/esmf-testing/nvhpc_21.11_openmpi_g_update_pio2.5.9/esmf/DEFAULTINSTALLDIR/lib/libg/Linux.nvhpc.64.openmpi.default/libesmf.so(_ZN5ESMCI6FTable12callVFuncPtrEPKcPNS_2VMEPi+0xc3c)[0x2b8df4b1757c]
[r1i0n1:59504] [12] /glade/scratch/dunlap/esmf-testing/nvhpc_21.11_openmpi_g_update_pio2.5.9/esmf/DEFAULTINSTALLDIR/lib/libg/Linux.nvhpc.64.openmpi.default/libesmf.so(_ZN5ESMCI6FTable12callVFuncPtrEPKcPNS_2VMEPi+0xc3c)[0x2b7837a6257c]
[r1i0n1:59505] [12] /glade/scratch/dunlap/esmf-testing/nvhpc_21.11_openmpi_g_update_pio2.5.9/esmf/DEFAULTINSTALLDIR/lib/libg/Linux.nvhpc.64.openmpi.default/libesmf.so(_ZN5ESMCI6FTable12callVFuncPtrEPKcPNS_2VMEPi+0xc3c)[0x2b189ac7c57c]
[r1i0n1:59506] [12] /glade/scratch/dunlap/esmf-testing/nvhpc_21.11_openmpi_g_update_pio2.5.9/esmf/DEFAULTINSTALLDIR/lib/libg/Linux.nvhpc.64.openmpi.default/libesmf.so(_ZN5ESMCI6FTable12callVFuncPtrEPKcPNS_2VMEPi+0xc3c)[0x2aba3621257c]
[r1i0n1:59503] [12] /glade/scratch/dunlap/esmf-testing/nvhpc_21.11_openmpi_g_update_pio2.5.9/esmf/DEFAULTINSTALLDIR/lib/libg/Linux.nvhpc.64.openmpi.default/libesmf.so(ESMCI_FTableCallEntryPointVMHop+0x293)[0x2b8df4b12b93]
[r1i0n1:59504] [13] /glade/scratch/dunlap/esmf-testing/nvhpc_21.11_openmpi_g_update_pio2.5.9/esmf/DEFAULTINSTALLDIR/lib/libg/Linux.nvhpc.64.openmpi.default/libesmf.so(ESMCI_FTableCallEntryPointVMHop+0x293)[0x2b7837a5db93]
[r1i0n1:59505] [13] /glade/scratch/dunlap/esmf-testing/nvhpc_21.11_openmpi_g_update_pio2.5.9/esmf/DEFAULTINSTALLDIR/lib/libg/Linux.nvhpc.64.openmpi.default/libesmf.so(ESMCI_FTableCallEntryPointVMHop+0x293)[0x2b189ac77b93]
[r1i0n1:59506] [13] /glade/scratch/dunlap/esmf-testing/nvhpc_21.11_openmpi_g_update_pio2.5.9/esmf/DEFAULTINSTALLDIR/lib/libg/Linux.nvhpc.64.openmpi.default/libesmf.so(ESMCI_FTableCallEntryPointVMHop+0x293)[0x2aba3620db93]
[r1i0n1:59503] [13] /glade/scratch/dunlap/esmf-testing/nvhpc_21.11_openmpi_g_update_pio2.5.9/esmf/DEFAULTINSTALLDIR/lib/libg/Linux.nvhpc.64.openmpi.default/libesmf.so(_ZN5ESMCI3VMK5enterEPNS_7VMKPlanEPvS3_+0xbb)[0x2b8df536933b]
[r1i0n1:59504] [14] /glade/scratch/dunlap/esmf-testing/nvhpc_21.11_openmpi_g_update_pio2.5.9/esmf/DEFAULTINSTALLDIR/lib/libg/Linux.nvhpc.64.openmpi.default/libesmf.so(_ZN5ESMCI3VMK5enterEPNS_7VMKPlanEPvS3_+0xbb)[0x2b78382b433b]
[r1i0n1:59505] [14] /glade/scratch/dunlap/esmf-testing/nvhpc_21.11_openmpi_g_update_pio2.5.9/esmf/DEFAULTINSTALLDIR/lib/libg/Linux.nvhpc.64.openmpi.default/libesmf.so(_ZN5ESMCI3VMK5enterEPNS_7VMKPlanEPvS3_+0xbb)[0x2b189b4ce33b]
[r1i0n1:59506] [14] /glade/scratch/dunlap/esmf-testing/nvhpc_21.11_openmpi_g_update_pio2.5.9/esmf/DEFAULTINSTALLDIR/lib/libg/Linux.nvhpc.64.openmpi.default/libesmf.so(_ZN5ESMCI3VMK5enterEPNS_7VMKPlanEPvS3_+0xbb)[0x2aba36a6433b]
[r1i0n1:59503] [14] /glade/scratch/dunlap/esmf-testing/nvhpc_21.11_openmpi_g_update_pio2.5.9/esmf/DEFAULTINSTALLDIR/lib/libg/Linux.nvhpc.64.openmpi.default/libesmf.so(_ZN5ESMCI2VM5enterEPNS_6VMPlanEPvS3_+0xbe)[0x2b8df53927be]
[r1i0n1:59504] [15] /glade/scratch/dunlap/esmf-testing/nvhpc_21.11_openmpi_g_update_pio2.5.9/esmf/DEFAULTINSTALLDIR/lib/libg/Linux.nvhpc.64.openmpi.default/libesmf.so(_ZN5ESMCI2VM5enterEPNS_6VMPlanEPvS3_+0xbe)[0x2b78382dd7be]
[r1i0n1:59505] [15] /glade/scratch/dunlap/esmf-testing/nvhpc_21.11_openmpi_g_update_pio2.5.9/esmf/DEFAULTINSTALLDIR/lib/libg/Linux.nvhpc.64.openmpi.default/libesmf.so(_ZN5ESMCI2VM5enterEPNS_6VMPlanEPvS3_+0xbe)[0x2b189b4f77be]
[r1i0n1:59506] [15] /glade/scratch/dunlap/esmf-testing/nvhpc_21.11_openmpi_g_update_pio2.5.9/esmf/DEFAULTINSTALLDIR/lib/libg/Linux.nvhpc.64.openmpi.default/libesmf.so(_ZN5ESMCI2VM5enterEPNS_6VMPlanEPvS3_+0xbe)[0x2aba36a8d7be]
[r1i0n1:59503] [15] /glade/scratch/dunlap/esmf-testing/nvhpc_21.11_openmpi_g_update_pio2.5.9/esmf/DEFAULTINSTALLDIR/lib/libg/Linux.nvhpc.64.openmpi.default/libesmf.so(c_esmc_ftablecallentrypointvm_+0x393)[0x2b8df4b13053]
[r1i0n1:59504] [16] /glade/scratch/dunlap/esmf-testing/nvhpc_21.11_openmpi_g_update_pio2.5.9/esmf/DEFAULTINSTALLDIR/lib/libg/Linux.nvhpc.64.openmpi.default/libesmf.so(c_esmc_ftablecallentrypointvm_+0x393)[0x2b7837a5e053]
[r1i0n1:59505] [16] /glade/scratch/dunlap/esmf-testing/nvhpc_21.11_openmpi_g_update_pio2.5.9/esmf/DEFAULTINSTALLDIR/lib/libg/Linux.nvhpc.64.openmpi.default/libesmf.so(c_esmc_ftablecallentrypointvm_+0x393)[0x2b189ac78053]
[r1i0n1:59506] [16] /glade/scratch/dunlap/esmf-testing/nvhpc_21.11_openmpi_g_update_pio2.5.9/esmf/DEFAULTINSTALLDIR/lib/libg/Linux.nvhpc.64.openmpi.default/libesmf.so(c_esmc_ftablecallentrypointvm_+0x393)[0x2aba3620e053]
[r1i0n1:59503] [16] /glade/scratch/dunlap/esmf-testing/nvhpc_21.11_openmpi_g_update_pio2.5.9/esmf/DEFAULTINSTALLDIR/lib/libg/Linux.nvhpc.64.openmpi.default/libesmf.so(esmf_compmod_esmf_compexecute_+0xab0)[0x2b8df56b30f0]
[r1i0n1:59504] [17] /glade/scratch/dunlap/esmf-testing/nvhpc_21.11_openmpi_g_update_pio2.5.9/esmf/DEFAULTINSTALLDIR/lib/libg/Linux.nvhpc.64.openmpi.default/libesmf.so(esmf_compmod_esmf_compexecute_+0xab0)[0x2b78385fe0f0]
[r1i0n1:59505] [17] /glade/scratch/dunlap/esmf-testing/nvhpc_21.11_openmpi_g_update_pio2.5.9/esmf/DEFAULTINSTALLDIR/lib/libg/Linux.nvhpc.64.openmpi.default/libesmf.so(esmf_compmod_esmf_compexecute_+0xab0)[0x2b189b8180f0]
[r1i0n1:59506] [17] /glade/scratch/dunlap/esmf-testing/nvhpc_21.11_openmpi_g_update_pio2.5.9/esmf/DEFAULTINSTALLDIR/lib/libg/Linux.nvhpc.64.openmpi.default/libesmf.so(esmf_compmod_esmf_compexecute_+0xab0)[0x2aba36dae0f0]
[r1i0n1:59503] [17] /glade/scratch/dunlap/esmf-testing/nvhpc_21.11_openmpi_g_update_pio2.5.9/esmf/DEFAULTINSTALLDIR/lib/libg/Linux.nvhpc.64.openmpi.default/libesmf.so(esmf_cplcompmod_esmf_cplcompinitialize_+0x1de)[0x2b8df56cc2de]
[r1i0n1:59504] [18] /glade/scratch/dunlap/esmf-testing/nvhpc_21.11_openmpi_g_update_pio2.5.9/esmf/DEFAULTINSTALLDIR/lib/libg/Linux.nvhpc.64.openmpi.default/libesmf.so(esmf_cplcompmod_esmf_cplcompinitialize_+0x1de)[0x2b78386172de]
[r1i0n1:59505] [18] /glade/scratch/dunlap/esmf-testing/nvhpc_21.11_openmpi_g_update_pio2.5.9/esmf/DEFAULTINSTALLDIR/lib/libg/Linux.nvhpc.64.openmpi.default/libesmf.so(esmf_cplcompmod_esmf_cplcompinitialize_+0x1de)[0x2b189b8312de]
[r1i0n1:59506] [18] /glade/scratch/dunlap/esmf-testing/nvhpc_21.11_openmpi_g_update_pio2.5.9/esmf/DEFAULTINSTALLDIR/lib/libg/Linux.nvhpc.64.openmpi.default/libesmf.so(esmf_cplcompmod_esmf_cplcompinitialize_+0x1de)[0x2aba36dc72de]
[r1i0n1:59503] [18] /glade/scratch/dunlap/esmf-testing/nvhpc_21.11_openmpi_g_update_pio2.5.9/esmf/DEFAULTINSTALLDIR/lib/libg/Linux.nvhpc.64.openmpi.default/libesmf.so(nuopc_driver_loopconnectorcompss_+0x1663)[0x2b8df60b81e3]
[r1i0n1:59504] [19] /glade/scratch/dunlap/esmf-testing/nvhpc_21.11_openmpi_g_update_pio2.5.9/esmf/DEFAULTINSTALLDIR/lib/libg/Linux.nvhpc.64.openmpi.default/libesmf.so(nuopc_driver_loopconnectorcompss_+0x1663)[0x2b78390031e3]
[r1i0n1:59505] [19] /glade/scratch/dunlap/esmf-testing/nvhpc_21.11_openmpi_g_update_pio2.5.9/esmf/DEFAULTINSTALLDIR/lib/libg/Linux.nvhpc.64.openmpi.default/libesmf.so(nuopc_driver_loopconnectorcompss_+0x1663)[0x2b189c21d1e3]
[r1i0n1:59506] [19] /glade/scratch/dunlap/esmf-testing/nvhpc_21.11_openmpi_g_update_pio2.5.9/esmf/DEFAULTINSTALLDIR/lib/libg/Linux.nvhpc.64.openmpi.default/libesmf.so(nuopc_driver_loopconnectorcompss_+0x1663)[0x2aba377b31e3]
[r1i0n1:59503] [19] /glade/scratch/dunlap/esmf-testing/nvhpc_21.11_openmpi_g_update_pio2.5.9/esmf/DEFAULTINSTALLDIR/lib/libg/Linux.nvhpc.64.openmpi.default/libesmf.so(nuopc_driver_initializeipdv02p3_+0x4542)[0x2b8df60ab9c2]
[r1i0n1:59504] [20] /glade/scratch/dunlap/esmf-testing/nvhpc_21.11_openmpi_g_update_pio2.5.9/esmf/DEFAULTINSTALLDIR/lib/libg/Linux.nvhpc.64.openmpi.default/libesmf.so(nuopc_driver_initializeipdv02p3_+0x4542)[0x2b7838ff69c2]
[r1i0n1:59505] [20] /glade/scratch/dunlap/esmf-testing/nvhpc_21.11_openmpi_g_update_pio2.5.9/esmf/DEFAULTINSTALLDIR/lib/libg/Linux.nvhpc.64.openmpi.default/libesmf.so(nuopc_driver_initializeipdv02p3_+0x4542)[0x2b189c2109c2]
[r1i0n1:59506] [20] /glade/scratch/dunlap/esmf-testing/nvhpc_21.11_openmpi_g_update_pio2.5.9/esmf/DEFAULTINSTALLDIR/lib/libg/Linux.nvhpc.64.openmpi.default/libesmf.so(nuopc_driver_initializeipdv02p3_+0x4542)[0x2aba377a69c2]
[r1i0n1:59503] [20] /glade/scratch/dunlap/esmf-testing/nvhpc_21.11_openmpi_g_update_pio2.5.9/esmf/DEFAULTINSTALLDIR/lib/libg/Linux.nvhpc.64.openmpi.default/libesmf.so(nuopc_driver_initializegeneric_+0xd60)[0x2b8df6090660]
[r1i0n1:59504] [21] /glade/scratch/dunlap/esmf-testing/nvhpc_21.11_openmpi_g_update_pio2.5.9/esmf/DEFAULTINSTALLDIR/lib/libg/Linux.nvhpc.64.openmpi.default/libesmf.so(nuopc_driver_initializegeneric_+0xd60)[0x2b7838fdb660]
[r1i0n1:59505] [21] /glade/scratch/dunlap/esmf-testing/nvhpc_21.11_openmpi_g_update_pio2.5.9/esmf/DEFAULTINSTALLDIR/lib/libg/Linux.nvhpc.64.openmpi.default/libesmf.so(nuopc_driver_initializegeneric_+0xd60)[0x2b189c1f5660]
[r1i0n1:59506] [21] /glade/scratch/dunlap/esmf-testing/nvhpc_21.11_openmpi_g_update_pio2.5.9/esmf/DEFAULTINSTALLDIR/lib/libg/Linux.nvhpc.64.openmpi.default/libesmf.so(nuopc_driver_initializegeneric_+0xd60)[0x2aba3778b660]
[r1i0n1:59503] [21] /glade/scratch/dunlap/esmf-testing/nvhpc_21.11_openmpi_g_update_pio2.5.9/esmf/DEFAULTINSTALLDIR/lib/libg/Linux.nvhpc.64.openmpi.default/libesmf.so(_ZN5ESMCI6FTable12callVFuncPtrEPKcPNS_2VMEPi+0xc3c)[0x2b8df4b1757c]
[r1i0n1:59504] [22] /glade/scratch/dunlap/esmf-testing/nvhpc_21.11_openmpi_g_update_pio2.5.9/esmf/DEFAULTINSTALLDIR/lib/libg/Linux.nvhpc.64.openmpi.default/libesmf.so(_ZN5ESMCI6FTable12callVFuncPtrEPKcPNS_2VMEPi+0xc3c)[0x2b7837a6257c]
[r1i0n1:59505] [22] /glade/scratch/dunlap/esmf-testing/nvhpc_21.11_openmpi_g_update_pio2.5.9/esmf/DEFAULTINSTALLDIR/lib/libg/Linux.nvhpc.64.openmpi.default/libesmf.so(_ZN5ESMCI6FTable12callVFuncPtrEPKcPNS_2VMEPi+0xc3c)[0x2b189ac7c57c]
[r1i0n1:59506] [22] /glade/scratch/dunlap/esmf-testing/nvhpc_21.11_openmpi_g_update_pio2.5.9/esmf/DEFAULTINSTALLDIR/lib/libg/Linux.nvhpc.64.openmpi.default/libesmf.so(_ZN5ESMCI6FTable12callVFuncPtrEPKcPNS_2VMEPi+0xc3c)[0x2aba3621257c]
[r1i0n1:59503] [22] /glade/scratch/dunlap/esmf-testing/nvhpc_21.11_openmpi_g_update_pio2.5.9/esmf/DEFAULTINSTALLDIR/lib/libg/Linux.nvhpc.64.openmpi.default/libesmf.so(ESMCI_FTableCallEntryPointVMHop+0x293)[0x2b8df4b12b93]
[r1i0n1:59504] [23] /glade/scratch/dunlap/esmf-testing/nvhpc_21.11_openmpi_g_update_pio2.5.9/esmf/DEFAULTINSTALLDIR/lib/libg/Linux.nvhpc.64.openmpi.default/libesmf.so(ESMCI_FTableCallEntryPointVMHop+0x293)[0x2b7837a5db93]
[r1i0n1:59505] [23] /glade/scratch/dunlap/esmf-testing/nvhpc_21.11_openmpi_g_update_pio2.5.9/esmf/DEFAULTINSTALLDIR/lib/libg/Linux.nvhpc.64.openmpi.default/libesmf.so(ESMCI_FTableCallEntryPointVMHop+0x293)[0x2b189ac77b93]
[r1i0n1:59506] [23] /glade/scratch/dunlap/esmf-testing/nvhpc_21.11_openmpi_g_update_pio2.5.9/esmf/DEFAULTINSTALLDIR/lib/libg/Linux.nvhpc.64.openmpi.default/libesmf.so(ESMCI_FTableCallEntryPointVMHop+0x293)[0x2aba3620db93]
[r1i0n1:59503] [23] /glade/scratch/dunlap/esmf-testing/nvhpc_21.11_openmpi_g_update_pio2.5.9/esmf/DEFAULTINSTALLDIR/lib/libg/Linux.nvhpc.64.openmpi.default/libesmf.so(_ZN5ESMCI3VMK5enterEPNS_7VMKPlanEPvS3_+0xbb)[0x2b8df536933b]
[r1i0n1:59504] [24] /glade/scratch/dunlap/esmf-testing/nvhpc_21.11_openmpi_g_update_pio2.5.9/esmf/DEFAULTINSTALLDIR/lib/libg/Linux.nvhpc.64.openmpi.default/libesmf.so(_ZN5ESMCI3VMK5enterEPNS_7VMKPlanEPvS3_+0xbb)[0x2b78382b433b]
[r1i0n1:59505] [24] /glade/scratch/dunlap/esmf-testing/nvhpc_21.11_openmpi_g_update_pio2.5.9/esmf/DEFAULTINSTALLDIR/lib/libg/Linux.nvhpc.64.openmpi.default/libesmf.so(_ZN5ESMCI3VMK5enterEPNS_7VMKPlanEPvS3_+0xbb)[0x2b189b4ce33b]
[r1i0n1:59506] [24] /glade/scratch/dunlap/esmf-testing/nvhpc_21.11_openmpi_g_update_pio2.5.9/esmf/DEFAULTINSTALLDIR/lib/libg/Linux.nvhpc.64.openmpi.default/libesmf.so(_ZN5ESMCI3VMK5enterEPNS_7VMKPlanEPvS3_+0xbb)[0x2aba36a6433b]
[r1i0n1:59503] [24] /glade/scratch/dunlap/esmf-testing/nvhpc_21.11_openmpi_g_update_pio2.5.9/esmf/DEFAULTINSTALLDIR/lib/libg/Linux.nvhpc.64.openmpi.default/libesmf.so(_ZN5ESMCI2VM5enterEPNS_6VMPlanEPvS3_+0xbe)[0x2b8df53927be]
[r1i0n1:59504] [25] /glade/scratch/dunlap/esmf-testing/nvhpc_21.11_openmpi_g_update_pio2.5.9/esmf/DEFAULTINSTALLDIR/lib/libg/Linux.nvhpc.64.openmpi.default/libesmf.so(_ZN5ESMCI2VM5enterEPNS_6VMPlanEPvS3_+0xbe)[0x2b78382dd7be]
[r1i0n1:59505] [25] /glade/scratch/dunlap/esmf-testing/nvhpc_21.11_openmpi_g_update_pio2.5.9/esmf/DEFAULTINSTALLDIR/lib/libg/Linux.nvhpc.64.openmpi.default/libesmf.so(_ZN5ESMCI2VM5enterEPNS_6VMPlanEPvS3_+0xbe)[0x2b189b4f77be]
[r1i0n1:59506] [25] /glade/scratch/dunlap/esmf-testing/nvhpc_21.11_openmpi_g_update_pio2.5.9/esmf/DEFAULTINSTALLDIR/lib/libg/Linux.nvhpc.64.openmpi.default/libesmf.so(_ZN5ESMCI2VM5enterEPNS_6VMPlanEPvS3_+0xbe)[0x2aba36a8d7be]
[r1i0n1:59503] [25] /glade/scratch/dunlap/esmf-testing/nvhpc_21.11_openmpi_g_update_pio2.5.9/esmf/DEFAULTINSTALLDIR/lib/libg/Linux.nvhpc.64.openmpi.default/libesmf.so(c_esmc_ftablecallentrypointvm_+0x393)[0x2b8df4b13053]
[r1i0n1:59504] [26] /glade/scratch/dunlap/esmf-testing/nvhpc_21.11_openmpi_g_update_pio2.5.9/esmf/DEFAULTINSTALLDIR/lib/libg/Linux.nvhpc.64.openmpi.default/libesmf.so(c_esmc_ftablecallentrypointvm_+0x393)[0x2b7837a5e053]
[r1i0n1:59505] [26] /glade/scratch/dunlap/esmf-testing/nvhpc_21.11_openmpi_g_update_pio2.5.9/esmf/DEFAULTINSTALLDIR/lib/libg/Linux.nvhpc.64.openmpi.default/libesmf.so(c_esmc_ftablecallentrypointvm_+0x393)[0x2b189ac78053]
[r1i0n1:59506] [26] /glade/scratch/dunlap/esmf-testing/nvhpc_21.11_openmpi_g_update_pio2.5.9/esmf/DEFAULTINSTALLDIR/lib/libg/Linux.nvhpc.64.openmpi.default/libesmf.so(c_esmc_ftablecallentrypointvm_+0x393)[0x2aba3620e053]
[r1i0n1:59503] [26] /glade/scratch/dunlap/esmf-testing/nvhpc_21.11_openmpi_g_update_pio2.5.9/esmf/DEFAULTINSTALLDIR/lib/libg/Linux.nvhpc.64.openmpi.default/libesmf.so(esmf_compmod_esmf_compexecute_+0xab0)[0x2b8df56b30f0]
[r1i0n1:59504] [27] /glade/scratch/dunlap/esmf-testing/nvhpc_21.11_openmpi_g_update_pio2.5.9/esmf/DEFAULTINSTALLDIR/lib/libg/Linux.nvhpc.64.openmpi.default/libesmf.so(esmf_compmod_esmf_compexecute_+0xab0)[0x2b78385fe0f0]
[r1i0n1:59505] [27] /glade/scratch/dunlap/esmf-testing/nvhpc_21.11_openmpi_g_update_pio2.5.9/esmf/DEFAULTINSTALLDIR/lib/libg/Linux.nvhpc.64.openmpi.default/libesmf.so(esmf_compmod_esmf_compexecute_+0xab0)[0x2b189b8180f0]
[r1i0n1:59506] [27] /glade/scratch/dunlap/esmf-testing/nvhpc_21.11_openmpi_g_update_pio2.5.9/esmf/DEFAULTINSTALLDIR/lib/libg/Linux.nvhpc.64.openmpi.default/libesmf.so(esmf_compmod_esmf_compexecute_+0xab0)[0x2aba36dae0f0]
[r1i0n1:59503] [27] /glade/scratch/dunlap/esmf-testing/nvhpc_21.11_openmpi_g_update_pio2.5.9/esmf/DEFAULTINSTALLDIR/lib/libg/Linux.nvhpc.64.openmpi.default/libesmf.so(esmf_gridcompmod_esmf_gridcompinitialize_+0x1de)[0x2b8df598d61e]
[r1i0n1:59504] [28] ./esmApp[0x407d04]
[r1i0n1:59504] [29] ./esmApp[0x407733]
[r1i0n1:59504] *** End of error message ***
/glade/scratch/dunlap/esmf-testing/nvhpc_21.11_openmpi_g_update_pio2.5.9/esmf/DEFAULTINSTALLDIR/lib/libg/Linux.nvhpc.64.openmpi.default/libesmf.so(esmf_gridcompmod_esmf_gridcompinitialize_+0x1de)[0x2b78388d861e]
[r1i0n1:59505] [28] ./esmApp[0x407d04]
[r1i0n1:59505] [29] ./esmApp[0x407733]
[r1i0n1:59505] *** End of error message ***
/glade/scratch/dunlap/esmf-testing/nvhpc_21.11_openmpi_g_update_pio2.5.9/esmf/DEFAULTINSTALLDIR/lib/libg/Linux.nvhpc.64.openmpi.default/libesmf.so(esmf_gridcompmod_esmf_gridcompinitialize_+0x1de)[0x2b189baf261e]
[r1i0n1:59506] [28] ./esmApp[0x407d04]
[r1i0n1:59506] [29] ./esmApp[0x407733]
[r1i0n1:59506] *** End of error message ***
/glade/scratch/dunlap/esmf-testing/nvhpc_21.11_openmpi_g_update_pio2.5.9/esmf/DEFAULTINSTALLDIR/lib/libg/Linux.nvhpc.64.openmpi.default/libesmf.so(esmf_gridcompmod_esmf_gridcompinitialize_+0x1de)[0x2aba3708861e]
[r1i0n1:59503] [28] ./esmApp[0x407d04]
[r1i0n1:59503] [29] ./esmApp[0x407733]
[r1i0n1:59503] *** End of error message ***
--------------------------------------------------------------------------
Primary job  terminated normally, but 1 process returned
a non-zero exit code. Per user-direction, the job has been aborted.
--------------------------------------------------------------------------
--------------------------------------------------------------------------
mpirun noticed that process rank 1 with PID 0 on node r1i0n1 exited on signal 11 (Segmentation fault).
--------------------------------------------------------------------------
