2022-10-02 02:12:41
20221002 022800.879 INFO             PET0 !!!!!!!!!!!!!!!!!!!!!!!!!!!!!!!!!!!!!!!!!!!!!!!!!!!!!!
20221002 022800.879 INFO             PET0 !!! THE ESMF_LOG IS SET TO OUTPUT ALL LOG MESSAGES !!!
20221002 022800.879 INFO             PET0 !!!     THIS MAY CAUSE SLOWDOWN IN PERFORMANCE     !!!
20221002 022800.879 INFO             PET0 !!! FOR PRODUCTION RUNS, USE:                      !!!
20221002 022800.879 INFO             PET0 !!!                   ESMF_LOGKIND_Multi_On_Error  !!!
20221002 022800.879 INFO             PET0 !!!!!!!!!!!!!!!!!!!!!!!!!!!!!!!!!!!!!!!!!!!!!!!!!!!!!!
20221002 022800.879 INFO             PET0 Running with ESMF Version   : v8.4.0b15-11-gadaf469be0
20221002 022800.879 INFO             PET0 ESMF library build date/time: "Oct  2 2022" "02:11:45"
20221002 022800.879 INFO             PET0 ESMF library build location : /home/mpotts/esmf-tests/intel_2021.2_intelmpi_O_update_pio2.5.9/esmf
20221002 022800.879 INFO             PET0 ESMF_COMM                   : intelmpi
20221002 022800.879 INFO             PET0 ESMF_MOAB                   : enabled
20221002 022800.879 INFO             PET0 ESMF_LAPACK                 : enabled
20221002 022800.879 INFO             PET0 ESMF_NETCDF                 : enabled
20221002 022800.879 INFO             PET0 ESMF_PNETCDF                : disabled
20221002 022800.879 INFO             PET0 ESMF_PIO                    : enabled
20221002 022800.879 INFO             PET0 ESMF_YAMLCPP                : enabled
20221002 022800.881 INFO             PET0  NUMBER_OF_PROCESSORS           1
20221002 022800.881 INFO             PET0  PASS  Example ESMF_AlarmEx, ESMF_AlarmEx.F90, line 244
20221002 022800.881 INFO             PET0 Finalizing ESMF
