2022-09-30 00:46:05
20220930 012232.561 INFO             PET0 !!!!!!!!!!!!!!!!!!!!!!!!!!!!!!!!!!!!!!!!!!!!!!!!!!!!!!
20220930 012232.561 INFO             PET0 !!! THE ESMF_LOG IS SET TO OUTPUT ALL LOG MESSAGES !!!
20220930 012232.561 INFO             PET0 !!!     THIS MAY CAUSE SLOWDOWN IN PERFORMANCE     !!!
20220930 012232.561 INFO             PET0 !!! FOR PRODUCTION RUNS, USE:                      !!!
20220930 012232.561 INFO             PET0 !!!                   ESMF_LOGKIND_Multi_On_Error  !!!
20220930 012232.561 INFO             PET0 !!!!!!!!!!!!!!!!!!!!!!!!!!!!!!!!!!!!!!!!!!!!!!!!!!!!!!
20220930 012232.561 INFO             PET0 Running with ESMF Version   : v8.4.0b15-9-g5b6dda3e82
20220930 012232.561 INFO             PET0 ESMF library build date/time: "Sep 30 2022" "00:44:28"
20220930 012232.562 INFO             PET0 ESMF library build location : /lustre/f2/dev/Mark.Potts/esmf-test/intel_2019.5_mpi_O_update_pio2.5.9/esmf
20220930 012232.562 INFO             PET0 ESMF_COMM                   : mpi
20220930 012232.562 INFO             PET0 ESMF_MOAB                   : enabled
20220930 012232.562 INFO             PET0 ESMF_LAPACK                 : enabled
20220930 012232.562 INFO             PET0 ESMF_NETCDF                 : enabled
20220930 012232.562 INFO             PET0 ESMF_PNETCDF                : disabled
20220930 012232.562 INFO             PET0 ESMF_PIO                    : enabled
20220930 012232.562 INFO             PET0 ESMF_YAMLCPP                : enabled
20220930 012232.563 INFO             PET0  NUMBER_OF_PROCESSORS           1
20220930 012232.563 INFO             PET0  PASS  Example ESMF_TimeIntervalEx, ESMF_TimeIntervalEx.F90, line 176
20220930 012232.563 INFO             PET0 Finalizing ESMF
