2022-10-01 09:17:23
20221001 101636.242 INFO             PET0 !!!!!!!!!!!!!!!!!!!!!!!!!!!!!!!!!!!!!!!!!!!!!!!!!!!!!!
20221001 101636.242 INFO             PET0 !!! THE ESMF_LOG IS SET TO OUTPUT ALL LOG MESSAGES !!!
20221001 101636.242 INFO             PET0 !!!     THIS MAY CAUSE SLOWDOWN IN PERFORMANCE     !!!
20221001 101636.242 INFO             PET0 !!! FOR PRODUCTION RUNS, USE:                      !!!
20221001 101636.242 INFO             PET0 !!!                   ESMF_LOGKIND_Multi_On_Error  !!!
20221001 101636.242 INFO             PET0 !!!!!!!!!!!!!!!!!!!!!!!!!!!!!!!!!!!!!!!!!!!!!!!!!!!!!!
20221001 101636.242 INFO             PET0 Running with ESMF Version   : v8.4.0b15-7-gae8efd6d7f
20221001 101636.242 INFO             PET0 ESMF library build date/time: "Oct  1 2022" "09:14:07"
20221001 101636.242 INFO             PET0 ESMF library build location : /glade/scratch/dunlap/esmf-testing/nvhpc_21.11_openmpi_g_develop/esmf
20221001 101636.242 INFO             PET0 ESMF_COMM                   : openmpi
20221001 101636.242 INFO             PET0 ESMF_MOAB                   : enabled
20221001 101636.242 INFO             PET0 ESMF_LAPACK                 : enabled
20221001 101636.242 INFO             PET0 ESMF_NETCDF                 : enabled
20221001 101636.242 INFO             PET0 ESMF_PNETCDF                : disabled
20221001 101636.242 INFO             PET0 ESMF_PIO                    : enabled
20221001 101636.242 INFO             PET0 ESMF_YAMLCPP                : enabled
20221001 101636.387 DEBUG            PET0 about to destroy Grid: 0x25eea60
20221001 101636.403 DEBUG            PET0 about to destroy Grid: 0x25f0410
20221001 101636.446 INFO             PET0  NUMBER_OF_PROCESSORS            4
20221001 101636.446 INFO             PET0  PASS  Example ESMF_NUOPCAtmModelEx, ESMF_NUOPCAtmModelEx.F90, line 806
20221001 101636.446 INFO             PET0 Finalizing ESMF
20221001 101636.241 INFO             PET1 !!!!!!!!!!!!!!!!!!!!!!!!!!!!!!!!!!!!!!!!!!!!!!!!!!!!!!
20221001 101636.241 INFO             PET1 !!! THE ESMF_LOG IS SET TO OUTPUT ALL LOG MESSAGES !!!
20221001 101636.241 INFO             PET1 !!!     THIS MAY CAUSE SLOWDOWN IN PERFORMANCE     !!!
20221001 101636.241 INFO             PET1 !!! FOR PRODUCTION RUNS, USE:                      !!!
20221001 101636.241 INFO             PET1 !!!                   ESMF_LOGKIND_Multi_On_Error  !!!
20221001 101636.241 INFO             PET1 !!!!!!!!!!!!!!!!!!!!!!!!!!!!!!!!!!!!!!!!!!!!!!!!!!!!!!
20221001 101636.241 INFO             PET1 Running with ESMF Version   : v8.4.0b15-7-gae8efd6d7f
20221001 101636.241 INFO             PET1 ESMF library build date/time: "Oct  1 2022" "09:14:07"
20221001 101636.241 INFO             PET1 ESMF library build location : /glade/scratch/dunlap/esmf-testing/nvhpc_21.11_openmpi_g_develop/esmf
20221001 101636.241 INFO             PET1 ESMF_COMM                   : openmpi
20221001 101636.241 INFO             PET1 ESMF_MOAB                   : enabled
20221001 101636.241 INFO             PET1 ESMF_LAPACK                 : enabled
20221001 101636.241 INFO             PET1 ESMF_NETCDF                 : enabled
20221001 101636.241 INFO             PET1 ESMF_PNETCDF                : disabled
20221001 101636.241 INFO             PET1 ESMF_PIO                    : enabled
20221001 101636.241 INFO             PET1 ESMF_YAMLCPP                : enabled
20221001 101636.387 DEBUG            PET1 about to destroy Grid: 0x19b5430
20221001 101636.403 DEBUG            PET1 about to destroy Grid: 0x19b5e70
20221001 101636.446 INFO             PET1  NUMBER_OF_PROCESSORS            4
20221001 101636.446 INFO             PET1  PASS  Example ESMF_NUOPCAtmModelEx, ESMF_NUOPCAtmModelEx.F90, line 806
20221001 101636.446 INFO             PET1 Finalizing ESMF
20221001 101636.234 INFO             PET2 !!!!!!!!!!!!!!!!!!!!!!!!!!!!!!!!!!!!!!!!!!!!!!!!!!!!!!
20221001 101636.235 INFO             PET2 !!! THE ESMF_LOG IS SET TO OUTPUT ALL LOG MESSAGES !!!
20221001 101636.235 INFO             PET2 !!!     THIS MAY CAUSE SLOWDOWN IN PERFORMANCE     !!!
20221001 101636.235 INFO             PET2 !!! FOR PRODUCTION RUNS, USE:                      !!!
20221001 101636.235 INFO             PET2 !!!                   ESMF_LOGKIND_Multi_On_Error  !!!
20221001 101636.235 INFO             PET2 !!!!!!!!!!!!!!!!!!!!!!!!!!!!!!!!!!!!!!!!!!!!!!!!!!!!!!
20221001 101636.235 INFO             PET2 Running with ESMF Version   : v8.4.0b15-7-gae8efd6d7f
20221001 101636.235 INFO             PET2 ESMF library build date/time: "Oct  1 2022" "09:14:07"
20221001 101636.235 INFO             PET2 ESMF library build location : /glade/scratch/dunlap/esmf-testing/nvhpc_21.11_openmpi_g_develop/esmf
20221001 101636.235 INFO             PET2 ESMF_COMM                   : openmpi
20221001 101636.235 INFO             PET2 ESMF_MOAB                   : enabled
20221001 101636.235 INFO             PET2 ESMF_LAPACK                 : enabled
20221001 101636.235 INFO             PET2 ESMF_NETCDF                 : enabled
20221001 101636.235 INFO             PET2 ESMF_PNETCDF                : disabled
20221001 101636.235 INFO             PET2 ESMF_PIO                    : enabled
20221001 101636.235 INFO             PET2 ESMF_YAMLCPP                : enabled
20221001 101636.387 DEBUG            PET2 about to destroy Grid: 0xf19bc0
20221001 101636.403 DEBUG            PET2 about to destroy Grid: 0xf1a600
20221001 101636.446 INFO             PET2  NUMBER_OF_PROCESSORS            4
20221001 101636.446 INFO             PET2  PASS  Example ESMF_NUOPCAtmModelEx, ESMF_NUOPCAtmModelEx.F90, line 806
20221001 101636.446 INFO             PET2 Finalizing ESMF
20221001 101636.241 INFO             PET3 !!!!!!!!!!!!!!!!!!!!!!!!!!!!!!!!!!!!!!!!!!!!!!!!!!!!!!
20221001 101636.241 INFO             PET3 !!! THE ESMF_LOG IS SET TO OUTPUT ALL LOG MESSAGES !!!
20221001 101636.241 INFO             PET3 !!!     THIS MAY CAUSE SLOWDOWN IN PERFORMANCE     !!!
20221001 101636.241 INFO             PET3 !!! FOR PRODUCTION RUNS, USE:                      !!!
20221001 101636.241 INFO             PET3 !!!                   ESMF_LOGKIND_Multi_On_Error  !!!
20221001 101636.241 INFO             PET3 !!!!!!!!!!!!!!!!!!!!!!!!!!!!!!!!!!!!!!!!!!!!!!!!!!!!!!
20221001 101636.241 INFO             PET3 Running with ESMF Version   : v8.4.0b15-7-gae8efd6d7f
20221001 101636.241 INFO             PET3 ESMF library build date/time: "Oct  1 2022" "09:14:07"
20221001 101636.241 INFO             PET3 ESMF library build location : /glade/scratch/dunlap/esmf-testing/nvhpc_21.11_openmpi_g_develop/esmf
20221001 101636.241 INFO             PET3 ESMF_COMM                   : openmpi
20221001 101636.242 INFO             PET3 ESMF_MOAB                   : enabled
20221001 101636.242 INFO             PET3 ESMF_LAPACK                 : enabled
20221001 101636.242 INFO             PET3 ESMF_NETCDF                 : enabled
20221001 101636.242 INFO             PET3 ESMF_PNETCDF                : disabled
20221001 101636.242 INFO             PET3 ESMF_PIO                    : enabled
20221001 101636.242 INFO             PET3 ESMF_YAMLCPP                : enabled
20221001 101636.387 DEBUG            PET3 about to destroy Grid: 0x12df920
20221001 101636.403 DEBUG            PET3 about to destroy Grid: 0x12e0360
20221001 101636.447 INFO             PET3  NUMBER_OF_PROCESSORS            4
20221001 101636.447 INFO             PET3  PASS  Example ESMF_NUOPCAtmModelEx, ESMF_NUOPCAtmModelEx.F90, line 806
20221001 101636.447 INFO             PET3 Finalizing ESMF
