2022-10-03 23:55:25
[r1i4n11:23773:0:23773] Caught signal 11 (Segmentation fault: address not mapped to object at address 0x4f1b591)
[r1i4n11:23774:0:23774] Caught signal 11 (Segmentation fault: address not mapped to object at address 0x4f1b591)
[r1i4n11:23775:0:23775] Caught signal 11 (Segmentation fault: address not mapped to object at address 0x4f1b591)
[r1i4n11:23776:0:23776] Caught signal 11 (Segmentation fault: address not mapped to object at address 0x4f1b591)
==== backtrace (tid:  23775) ====
 0  /glade/u/apps/ch/opt/ucx/1.11.0/lib/libucs.so.0(ucs_handle_error+0xe4) [0x2af011d411b4]
 1  /glade/u/apps/ch/opt/ucx/1.11.0/lib/libucs.so.0(+0x2a4dc) [0x2af011d414dc]
 2  /glade/u/apps/ch/opt/ucx/1.11.0/lib/libucs.so.0(+0x2a74b) [0x2af011d4174b]
 3  /glade/scratch/theurich/ESMF-Nightly-Testing/nvhpc_21.11_openmpi_g_develop/esmf/lib/libg/Linux.nvhpc.64.openmpi.default/libesmf.so(_ZN5ESMCI6LogErr13MsgFoundErrorEiPKciS2_S2_Pi+0x34) [0x2aeff7c75234]
 4  /glade/scratch/theurich/ESMF-Nightly-Testing/nvhpc_21.11_openmpi_g_develop/esmf/lib/libg/Linux.nvhpc.64.openmpi.default/libesmf.so(_ZN5ESMCI7MeshCap22meshcreatenodedistgridEPi+0x7f) [0x2aeff7e918ff]
 5  /glade/scratch/theurich/ESMF-Nightly-Testing/nvhpc_21.11_openmpi_g_develop/esmf/lib/libg/Linux.nvhpc.64.openmpi.default/libesmf.so(c_esmc_meshcreatenodedistgrid_+0xc1) [0x2aeff7ee3cc1]
 6  /glade/scratch/theurich/ESMF-Nightly-Testing/nvhpc_21.11_openmpi_g_develop/esmf/lib/libg/Linux.nvhpc.64.openmpi.default/libesmf.so(esmf_meshmod_esmf_meshcreatefrompointer_+0x6d) [0x2aeff8bb27ad]
 7  /glade/scratch/theurich/ESMF-Nightly-Testing/nvhpc_21.11_openmpi_g_develop/esmf/lib/libg/Linux.nvhpc.64.openmpi.default/libesmf.so(esmf_gridutilmod_esmf_gridtomesh_+0x52d) [0x2aeff8a0e1ed]
 8  /glade/scratch/theurich/ESMF-Nightly-Testing/nvhpc_21.11_openmpi_g_develop/esmf/lib/libg/Linux.nvhpc.64.openmpi.default/libesmf.so(esmf_locstreammod_esmf_locstreamcreatebybkggrid_+0x455) [0x2aeff8b88815]
 9  ./ESMF_LocStreamEx() [0x408dd7]
10  ./ESMF_LocStreamEx() [0x406af3]
11  /glade/u/apps/ch/os/lib64/libc.so.6(__libc_start_main+0xf5) [0x2aeffe866a35]
12  ./ESMF_LocStreamEx() [0x4069e9]
=================================
==== backtrace (tid:  23774) ====
 0  /glade/u/apps/ch/opt/ucx/1.11.0/lib/libucs.so.0(ucs_handle_error+0xe4) [0x2b2da910c1b4]
 1  /glade/u/apps/ch/opt/ucx/1.11.0/lib/libucs.so.0(+0x2a4dc) [0x2b2da910c4dc]
 2  /glade/u/apps/ch/opt/ucx/1.11.0/lib/libucs.so.0(+0x2a74b) [0x2b2da910c74b]
 3  /glade/scratch/theurich/ESMF-Nightly-Testing/nvhpc_21.11_openmpi_g_develop/esmf/lib/libg/Linux.nvhpc.64.openmpi.default/libesmf.so(_ZN5ESMCI6LogErr13MsgFoundErrorEiPKciS2_S2_Pi+0x34) [0x2b2d8f1d6234]
 4  /glade/scratch/theurich/ESMF-Nightly-Testing/nvhpc_21.11_openmpi_g_develop/esmf/lib/libg/Linux.nvhpc.64.openmpi.default/libesmf.so(_ZN5ESMCI7MeshCap22meshcreatenodedistgridEPi+0x7f) [0x2b2d8f3f28ff]
 5  /glade/scratch/theurich/ESMF-Nightly-Testing/nvhpc_21.11_openmpi_g_develop/esmf/lib/libg/Linux.nvhpc.64.openmpi.default/libesmf.so(c_esmc_meshcreatenodedistgrid_+0xc1) [0x2b2d8f444cc1]
 6  /glade/scratch/theurich/ESMF-Nightly-Testing/nvhpc_21.11_openmpi_g_develop/esmf/lib/libg/Linux.nvhpc.64.openmpi.default/libesmf.so(esmf_meshmod_esmf_meshcreatefrompointer_+0x6d) [0x2b2d901137ad]
 7  /glade/scratch/theurich/ESMF-Nightly-Testing/nvhpc_21.11_openmpi_g_develop/esmf/lib/libg/Linux.nvhpc.64.openmpi.default/libesmf.so(esmf_gridutilmod_esmf_gridtomesh_+0x52d) [0x2b2d8ff6f1ed]
 8  /glade/scratch/theurich/ESMF-Nightly-Testing/nvhpc_21.11_openmpi_g_develop/esmf/lib/libg/Linux.nvhpc.64.openmpi.default/libesmf.so(esmf_locstreammod_esmf_locstreamcreatebybkggrid_+0x455) [0x2b2d900e9815]
 9  ./ESMF_LocStreamEx() [0x408dd7]
10  ./ESMF_LocStreamEx() [0x406af3]
11  /glade/u/apps/ch/os/lib64/libc.so.6(__libc_start_main+0xf5) [0x2b2d95dc7a35]
12  ./ESMF_LocStreamEx() [0x4069e9]
=================================
[r1i4n11:23775] *** Process received signal ***
[r1i4n11:23775] Signal: Segmentation fault (11)
[r1i4n11:23775] Signal code:  (-6)
[r1i4n11:23775] Failing at address: 0xb5100005cdf
[r1i4n11:23774] *** Process received signal ***
[r1i4n11:23774] Signal: Segmentation fault (11)
[r1i4n11:23774] Signal code:  (-6)
[r1i4n11:23774] Failing at address: 0xb5100005cde
==== backtrace (tid:  23776) ====
 0  /glade/u/apps/ch/opt/ucx/1.11.0/lib/libucs.so.0(ucs_handle_error+0xe4) [0x2b04e2b551b4]
 1  /glade/u/apps/ch/opt/ucx/1.11.0/lib/libucs.so.0(+0x2a4dc) [0x2b04e2b554dc]
 2  /glade/u/apps/ch/opt/ucx/1.11.0/lib/libucs.so.0(+0x2a74b) [0x2b04e2b5574b]
 3  /glade/scratch/theurich/ESMF-Nightly-Testing/nvhpc_21.11_openmpi_g_develop/esmf/lib/libg/Linux.nvhpc.64.openmpi.default/libesmf.so(_ZN5ESMCI6LogErr13MsgFoundErrorEiPKciS2_S2_Pi+0x34) [0x2b04c8d75234]
 4  /glade/scratch/theurich/ESMF-Nightly-Testing/nvhpc_21.11_openmpi_g_develop/esmf/lib/libg/Linux.nvhpc.64.openmpi.default/libesmf.so(_ZN5ESMCI7MeshCap22meshcreatenodedistgridEPi+0x7f) [0x2b04c8f918ff]
 5  /glade/scratch/theurich/ESMF-Nightly-Testing/nvhpc_21.11_openmpi_g_develop/esmf/lib/libg/Linux.nvhpc.64.openmpi.default/libesmf.so(c_esmc_meshcreatenodedistgrid_+0xc1) [0x2b04c8fe3cc1]
 6  /glade/scratch/theurich/ESMF-Nightly-Testing/nvhpc_21.11_openmpi_g_develop/esmf/lib/libg/Linux.nvhpc.64.openmpi.default/libesmf.so(esmf_meshmod_esmf_meshcreatefrompointer_+0x6d) [0x2b04c9cb27ad]
 7  /glade/scratch/theurich/ESMF-Nightly-Testing/nvhpc_21.11_openmpi_g_develop/esmf/lib/libg/Linux.nvhpc.64.openmpi.default/libesmf.so(esmf_gridutilmod_esmf_gridtomesh_+0x52d) [0x2b04c9b0e1ed]
 8  /glade/scratch/theurich/ESMF-Nightly-Testing/nvhpc_21.11_openmpi_g_develop/esmf/lib/libg/Linux.nvhpc.64.openmpi.default/libesmf.so(esmf_locstreammod_esmf_locstreamcreatebybkggrid_+0x455) [0x2b04c9c88815]
 9  ./ESMF_LocStreamEx() [0x408dd7]
10  ./ESMF_LocStreamEx() [0x406af3]
11  /glade/u/apps/ch/os/lib64/libc.so.6(__libc_start_main+0xf5) [0x2b04cf966a35]
12  ./ESMF_LocStreamEx() [0x4069e9]
=================================
[r1i4n11:23776] *** Process received signal ***
[r1i4n11:23776] Signal: Segmentation fault (11)
[r1i4n11:23776] Signal code:  (-6)
[r1i4n11:23776] Failing at address: 0xb5100005ce0
[r1i4n11:23776] [ 0] /glade/u/apps/ch/os/lib64/libpthread.so.0(+0x11c00)[0x2b04cf095c00]
[r1i4n11:23776] [ 1] /glade/scratch/theurich/ESMF-Nightly-Testing/nvhpc_21.11_openmpi_g_develop/esmf/lib/libg/Linux.nvhpc.64.openmpi.default/libesmf.so(_ZN5ESMCI6LogErr13MsgFoundErrorEiPKciS2_S2_Pi+0x34)[0x2b04c8d75234]
[r1i4n11:23776] [ 2] /glade/scratch/theurich/ESMF-Nightly-Testing/nvhpc_21.11_openmpi_g_develop/esmf/lib/libg/Linux.nvhpc.64.openmpi.default/libesmf.so(_ZN5ESMCI7MeshCap22meshcreatenodedistgridEPi+0x7f)[0x2b04c8f918ff]
[r1i4n11:23776] [ 3] ==== backtrace (tid:  23773) ====
 0  /glade/u/apps/ch/opt/ucx/1.11.0/lib/libucs.so.0(ucs_handle_error+0xe4) [0x2ba73335a1b4]
 1  /glade/u/apps/ch/opt/ucx/1.11.0/lib/libucs.so.0(+0x2a4dc) [0x2ba73335a4dc]
 2  /glade/u/apps/ch/opt/ucx/1.11.0/lib/libucs.so.0(+0x2a74b) [0x2ba73335a74b]
 3  /glade/scratch/theurich/ESMF-Nightly-Testing/nvhpc_21.11_openmpi_g_develop/esmf/lib/libg/Linux.nvhpc.64.openmpi.default/libesmf.so(_ZN5ESMCI6LogErr13MsgFoundErrorEiPKciS2_S2_Pi+0x34) [0x2ba71d474234]
 4  /glade/scratch/theurich/ESMF-Nightly-Testing/nvhpc_21.11_openmpi_g_develop/esmf/lib/libg/Linux.nvhpc.64.openmpi.default/libesmf.so(_ZN5ESMCI7MeshCap22meshcreatenodedistgridEPi+0x7f) [0x2ba71d6908ff]
 5  /glade/scratch/theurich/ESMF-Nightly-Testing/nvhpc_21.11_openmpi_g_develop/esmf/lib/libg/Linux.nvhpc.64.openmpi.default/libesmf.so(c_esmc_meshcreatenodedistgrid_+0xc1) [0x2ba71d6e2cc1]
 6  /glade/scratch/theurich/ESMF-Nightly-Testing/nvhpc_21.11_openmpi_g_develop/esmf/lib/libg/Linux.nvhpc.64.openmpi.default/libesmf.so(esmf_meshmod_esmf_meshcreatefrompointer_+0x6d) [0x2ba71e3b17ad]
 7  /glade/scratch/theurich/ESMF-Nightly-Testing/nvhpc_21.11_openmpi_g_develop/esmf/lib/libg/Linux.nvhpc.64.openmpi.default/libesmf.so(esmf_gridutilmod_esmf_gridtomesh_+0x52d) [0x2ba71e20d1ed]
 8  /glade/scratch/theurich/ESMF-Nightly-Testing/nvhpc_21.11_openmpi_g_develop/esmf/lib/libg/Linux.nvhpc.64.openmpi.default/libesmf.so(esmf_locstreammod_esmf_locstreamcreatebybkggrid_+0x455) [0x2ba71e387815]
 9  ./ESMF_LocStreamEx() [0x408dd7]
10  ./ESMF_LocStreamEx() [0x406af3]
11  /glade/u/apps/ch/os/lib64/libc.so.6(__libc_start_main+0xf5) [0x2ba724065a35]
12  ./ESMF_LocStreamEx() [0x4069e9]
=================================
[r1i4n11:23773] *** Process received signal ***
[r1i4n11:23773] Signal: Segmentation fault (11)
[r1i4n11:23773] Signal code:  (-6)
[r1i4n11:23773] Failing at address: 0xb5100005cdd
[r1i4n11:23773] [ 0] /glade/u/apps/ch/os/lib64/libpthread.so.0(+0x11c00)[0x2ba723794c00]
[r1i4n11:23773] [ 1] /glade/scratch/theurich/ESMF-Nightly-Testing/nvhpc_21.11_openmpi_g_develop/esmf/lib/libg/Linux.nvhpc.64.openmpi.default/libesmf.so(_ZN5ESMCI6LogErr13MsgFoundErrorEiPKciS2_S2_Pi+0x34)[0x2ba71d474234]
[r1i4n11:23773] [ 2] /glade/scratch/theurich/ESMF-Nightly-Testing/nvhpc_21.11_openmpi_g_develop/esmf/lib/libg/Linux.nvhpc.64.openmpi.default/libesmf.so(_ZN5ESMCI7MeshCap22meshcreatenodedistgridEPi+0x7f)[0x2ba71d6908ff]
[r1i4n11:23773] [ 3] [r1i4n11:23775] [ 0] /glade/u/apps/ch/os/lib64/libpthread.so.0(+0x11c00)[0x2aeffdf95c00]
[r1i4n11:23775] [ 1] /glade/scratch/theurich/ESMF-Nightly-Testing/nvhpc_21.11_openmpi_g_develop/esmf/lib/libg/Linux.nvhpc.64.openmpi.default/libesmf.so(_ZN5ESMCI6LogErr13MsgFoundErrorEiPKciS2_S2_Pi+0x34)[0x2aeff7c75234]
[r1i4n11:23775] [ 2] /glade/scratch/theurich/ESMF-Nightly-Testing/nvhpc_21.11_openmpi_g_develop/esmf/lib/libg/Linux.nvhpc.64.openmpi.default/libesmf.so(_ZN5ESMCI7MeshCap22meshcreatenodedistgridEPi+0x7f)[0x2aeff7e918ff]
[r1i4n11:23775] [ 3] [r1i4n11:23774] [ 0] /glade/u/apps/ch/os/lib64/libpthread.so.0(+0x11c00)[0x2b2d954f6c00]
[r1i4n11:23774] [ 1] /glade/scratch/theurich/ESMF-Nightly-Testing/nvhpc_21.11_openmpi_g_develop/esmf/lib/libg/Linux.nvhpc.64.openmpi.default/libesmf.so(_ZN5ESMCI6LogErr13MsgFoundErrorEiPKciS2_S2_Pi+0x34)[0x2b2d8f1d6234]
[r1i4n11:23774] [ 2] /glade/scratch/theurich/ESMF-Nightly-Testing/nvhpc_21.11_openmpi_g_develop/esmf/lib/libg/Linux.nvhpc.64.openmpi.default/libesmf.so(_ZN5ESMCI7MeshCap22meshcreatenodedistgridEPi+0x7f)[0x2b2d8f3f28ff]
[r1i4n11:23774] [ 3] /glade/scratch/theurich/ESMF-Nightly-Testing/nvhpc_21.11_openmpi_g_develop/esmf/lib/libg/Linux.nvhpc.64.openmpi.default/libesmf.so(c_esmc_meshcreatenodedistgrid_+0xc1)[0x2aeff7ee3cc1]
[r1i4n11:23775] [ 4] /glade/scratch/theurich/ESMF-Nightly-Testing/nvhpc_21.11_openmpi_g_develop/esmf/lib/libg/Linux.nvhpc.64.openmpi.default/libesmf.so(c_esmc_meshcreatenodedistgrid_+0xc1)[0x2b2d8f444cc1]
[r1i4n11:23774] [ 4] /glade/scratch/theurich/ESMF-Nightly-Testing/nvhpc_21.11_openmpi_g_develop/esmf/lib/libg/Linux.nvhpc.64.openmpi.default/libesmf.so(c_esmc_meshcreatenodedistgrid_+0xc1)[0x2b04c8fe3cc1]
[r1i4n11:23776] [ 4] /glade/scratch/theurich/ESMF-Nightly-Testing/nvhpc_21.11_openmpi_g_develop/esmf/lib/libg/Linux.nvhpc.64.openmpi.default/libesmf.so(c_esmc_meshcreatenodedistgrid_+0xc1)[0x2ba71d6e2cc1]
[r1i4n11:23773] [ 4] /glade/scratch/theurich/ESMF-Nightly-Testing/nvhpc_21.11_openmpi_g_develop/esmf/lib/libg/Linux.nvhpc.64.openmpi.default/libesmf.so(esmf_meshmod_esmf_meshcreatefrompointer_+0x6d)[0x2aeff8bb27ad]
[r1i4n11:23775] [ 5] /glade/scratch/theurich/ESMF-Nightly-Testing/nvhpc_21.11_openmpi_g_develop/esmf/lib/libg/Linux.nvhpc.64.openmpi.default/libesmf.so(esmf_meshmod_esmf_meshcreatefrompointer_+0x6d)[0x2b2d901137ad]
[r1i4n11:23774] [ 5] /glade/scratch/theurich/ESMF-Nightly-Testing/nvhpc_21.11_openmpi_g_develop/esmf/lib/libg/Linux.nvhpc.64.openmpi.default/libesmf.so(esmf_meshmod_esmf_meshcreatefrompointer_+0x6d)[0x2ba71e3b17ad]
[r1i4n11:23773] [ 5] /glade/scratch/theurich/ESMF-Nightly-Testing/nvhpc_21.11_openmpi_g_develop/esmf/lib/libg/Linux.nvhpc.64.openmpi.default/libesmf.so(esmf_meshmod_esmf_meshcreatefrompointer_+0x6d)[0x2b04c9cb27ad]
[r1i4n11:23776] [ 5] /glade/scratch/theurich/ESMF-Nightly-Testing/nvhpc_21.11_openmpi_g_develop/esmf/lib/libg/Linux.nvhpc.64.openmpi.default/libesmf.so(esmf_gridutilmod_esmf_gridtomesh_+0x52d)[0x2aeff8a0e1ed]
[r1i4n11:23775] [ 6] /glade/scratch/theurich/ESMF-Nightly-Testing/nvhpc_21.11_openmpi_g_develop/esmf/lib/libg/Linux.nvhpc.64.openmpi.default/libesmf.so(esmf_gridutilmod_esmf_gridtomesh_+0x52d)[0x2b2d8ff6f1ed]
[r1i4n11:23774] [ 6] /glade/scratch/theurich/ESMF-Nightly-Testing/nvhpc_21.11_openmpi_g_develop/esmf/lib/libg/Linux.nvhpc.64.openmpi.default/libesmf.so(esmf_gridutilmod_esmf_gridtomesh_+0x52d)[0x2b04c9b0e1ed]
[r1i4n11:23776] [ 6] /glade/scratch/theurich/ESMF-Nightly-Testing/nvhpc_21.11_openmpi_g_develop/esmf/lib/libg/Linux.nvhpc.64.openmpi.default/libesmf.so(esmf_gridutilmod_esmf_gridtomesh_+0x52d)[0x2ba71e20d1ed]
[r1i4n11:23773] [ 6] /glade/scratch/theurich/ESMF-Nightly-Testing/nvhpc_21.11_openmpi_g_develop/esmf/lib/libg/Linux.nvhpc.64.openmpi.default/libesmf.so(esmf_locstreammod_esmf_locstreamcreatebybkggrid_+0x455)[0x2aeff8b88815]
[r1i4n11:23775] [ 7] ./ESMF_LocStreamEx[0x408dd7]
[r1i4n11:23775] [ 8] ./ESMF_LocStreamEx[0x406af3]
[r1i4n11:23775] /glade/scratch/theurich/ESMF-Nightly-Testing/nvhpc_21.11_openmpi_g_develop/esmf/lib/libg/Linux.nvhpc.64.openmpi.default/libesmf.so(esmf_locstreammod_esmf_locstreamcreatebybkggrid_+0x455)[0x2ba71e387815]
[r1i4n11:23773] [ 7] ./ESMF_LocStreamEx[0x408dd7]
[ 9] [r1i4n11:23773] [ 8] ./ESMF_LocStreamEx[0x406af3]
[r1i4n11:23773] [ 9] /glade/scratch/theurich/ESMF-Nightly-Testing/nvhpc_21.11_openmpi_g_develop/esmf/lib/libg/Linux.nvhpc.64.openmpi.default/libesmf.so(esmf_locstreammod_esmf_locstreamcreatebybkggrid_+0x455)[0x2b04c9c88815]
[r1i4n11:23776] [ 7] ./ESMF_LocStreamEx[0x408dd7]
[r1i4n11:23776] [ 8] ./ESMF_LocStreamEx[0x406af3]
[r1i4n11:23776] [ 9] /glade/u/apps/ch/os/lib64/libc.so.6(__libc_start_main+0xf5)[0x2aeffe866a35]
[r1i4n11:23775] [10] ./ESMF_LocStreamEx[0x4069e9]
[r1i4n11:23775] *** End of error message ***
/glade/u/apps/ch/os/lib64/libc.so.6(__libc_start_main+0xf5)[0x2ba724065a35]
[r1i4n11:23773] [10] ./ESMF_LocStreamEx[0x4069e9]
/glade/u/apps/ch/os/lib64/libc.so.6(__libc_start_main+0xf5)[0x2b04cf966a35]
[r1i4n11:23776] [10] ./ESMF_LocStreamEx[0x4069e9]
[r1i4n11:23776] *** End of error message ***
[r1i4n11:23773] *** End of error message ***
/glade/scratch/theurich/ESMF-Nightly-Testing/nvhpc_21.11_openmpi_g_develop/esmf/lib/libg/Linux.nvhpc.64.openmpi.default/libesmf.so(esmf_locstreammod_esmf_locstreamcreatebybkggrid_+0x455)[0x2b2d900e9815]
[r1i4n11:23774] [ 7] ./ESMF_LocStreamEx[0x408dd7]
[r1i4n11:23774] [ 8] ./ESMF_LocStreamEx[0x406af3]
[r1i4n11:23774] [ 9] /glade/u/apps/ch/os/lib64/libc.so.6(__libc_start_main+0xf5)[0x2b2d95dc7a35]
[r1i4n11:23774] [10] ./ESMF_LocStreamEx[0x4069e9]
[r1i4n11:23774] *** End of error message ***
--------------------------------------------------------------------------
Primary job  terminated normally, but 1 process returned
a non-zero exit code. Per user-direction, the job has been aborted.
--------------------------------------------------------------------------
--------------------------------------------------------------------------
mpirun noticed that process rank 2 with PID 0 on node r1i4n11 exited on signal 11 (Segmentation fault).
--------------------------------------------------------------------------
