2022-10-03 23:55:25
[r1i4n11:27704:0:27704] Caught signal 11 (Segmentation fault: address not mapped to object at address 0x4f1b591)
[r1i4n11:27705:0:27705] Caught signal 11 (Segmentation fault: address not mapped to object at address 0x4f1b591)
[r1i4n11:27706:0:27706] Caught signal 11 (Segmentation fault: address not mapped to object at address 0x4f1b591)
[r1i4n11:27707:0:27707] Caught signal 11 (Segmentation fault: address not mapped to object at address 0x4f1b591)
==== backtrace (tid:  27704) ====
 0  /glade/u/apps/ch/opt/ucx/1.11.0/lib/libucs.so.0(ucs_handle_error+0xe4) [0x2b7ab110c1b4]
 1  /glade/u/apps/ch/opt/ucx/1.11.0/lib/libucs.so.0(+0x2a4dc) [0x2b7ab110c4dc]
 2  /glade/u/apps/ch/opt/ucx/1.11.0/lib/libucs.so.0(+0x2a74b) [0x2b7ab110c74b]
 3  /glade/scratch/theurich/ESMF-Nightly-Testing/nvhpc_21.11_openmpi_g_develop/esmf/lib/libg/Linux.nvhpc.64.openmpi.default/libesmf.so(_ZN5ESMCI6LogErr13MsgFoundErrorEiPKciS2_S2_Pi+0x34) [0x2b7a97212234]
 4  /glade/scratch/theurich/ESMF-Nightly-Testing/nvhpc_21.11_openmpi_g_develop/esmf/lib/libg/Linux.nvhpc.64.openmpi.default/libesmf.so(_ZN5ESMCI7MeshCap22meshcreatenodedistgridEPi+0x7f) [0x2b7a9742e8ff]
 5  /glade/scratch/theurich/ESMF-Nightly-Testing/nvhpc_21.11_openmpi_g_develop/esmf/lib/libg/Linux.nvhpc.64.openmpi.default/libesmf.so(c_esmc_meshcreatenodedistgrid_+0xc1) [0x2b7a97480cc1]
==== backtrace (tid:  27706) ====
 0  /glade/u/apps/ch/opt/ucx/1.11.0/lib/libucs.so.0(ucs_handle_error+0xe4) [0x2b6c8d9381b4]
 1  /glade/u/apps/ch/opt/ucx/1.11.0/lib/libucs.so.0(+0x2a4dc) [0x2b6c8d9384dc]
 2  /glade/u/apps/ch/opt/ucx/1.11.0/lib/libucs.so.0(+0x2a74b) [0x2b6c8d93874b]
 3  /glade/scratch/theurich/ESMF-Nightly-Testing/nvhpc_21.11_openmpi_g_develop/esmf/lib/libg/Linux.nvhpc.64.openmpi.default/libesmf.so(_ZN5ESMCI6LogErr13MsgFoundErrorEiPKciS2_S2_Pi+0x34) [0x2b6c73a56234]
 4  /glade/scratch/theurich/ESMF-Nightly-Testing/nvhpc_21.11_openmpi_g_develop/esmf/lib/libg/Linux.nvhpc.64.openmpi.default/libesmf.so(_ZN5ESMCI7MeshCap22meshcreatenodedistgridEPi+0x7f) [0x2b6c73c728ff]
 5  /glade/scratch/theurich/ESMF-Nightly-Testing/nvhpc_21.11_openmpi_g_develop/esmf/lib/libg/Linux.nvhpc.64.openmpi.default/libesmf.so(c_esmc_meshcreatenodedistgrid_+0xc1) [0x2b6c73cc4cc1]
 6  /glade/scratch/theurich/ESMF-Nightly-Testing/nvhpc_21.11_openmpi_g_develop/esmf/lib/libg/Linux.nvhpc.64.openmpi.default/libesmf.so(esmf_meshmod_esmf_meshcreate1part_+0x126c) [0x2b6c7498afec]
 6  /glade/scratch/theurich/ESMF-Nightly-Testing/nvhpc_21.11_openmpi_g_develop/esmf/lib/libg/Linux.nvhpc.64.openmpi.default/libesmf.so(esmf_meshmod_esmf_meshcreate1part_+0x126c) [0x2b7a98146fec]
 7  ./ESMF_FieldRedistEx() [0x40b1e0]
 8  ./ESMF_FieldRedistEx() [0x406833]
 9  /glade/u/apps/ch/os/lib64/libc.so.6(__libc_start_main+0xf5) [0x2b7a9de03a35]
10  ./ESMF_FieldRedistEx() [0x406729]
=================================
 7  ./ESMF_FieldRedistEx() [0x40b1e0]
 8  ./ESMF_FieldRedistEx() [0x406833]
 9  /glade/u/apps/ch/os/lib64/libc.so.6(__libc_start_main+0xf5) [0x2b6c7a647a35]
10  ./ESMF_FieldRedistEx() [0x406729]
==== backtrace (tid:  27705) ====
==== backtrace (tid:  27707) ====
 0  /glade/u/apps/ch/opt/ucx/1.11.0/lib/libucs.so.0(ucs_handle_error+0xe4) [0x2b277735a1b4]
 1  /glade/u/apps/ch/opt/ucx/1.11.0/lib/libucs.so.0(+0x2a4dc) [0x2b277735a4dc]
 2  /glade/u/apps/ch/opt/ucx/1.11.0/lib/libucs.so.0(+0x2a74b) [0x2b277735a74b]
 3  /glade/scratch/theurich/ESMF-Nightly-Testing/nvhpc_21.11_openmpi_g_develop/esmf/lib/libg/Linux.nvhpc.64.openmpi.default/libesmf.so(_ZN5ESMCI6LogErr13MsgFoundErrorEiPKciS2_S2_Pi+0x34) [0x2b27614e7234]
=================================
 0  /glade/u/apps/ch/opt/ucx/1.11.0/lib/libucs.so.0(ucs_handle_error+0xe4) [0x2baa6bd6c1b4]
 1  /glade/u/apps/ch/opt/ucx/1.11.0/lib/libucs.so.0(+0x2a4dc) [0x2baa6bd6c4dc]
 2  /glade/u/apps/ch/opt/ucx/1.11.0/lib/libucs.so.0(+0x2a74b) [0x2baa6bd6c74b]
 3  /glade/scratch/theurich/ESMF-Nightly-Testing/nvhpc_21.11_openmpi_g_develop/esmf/lib/libg/Linux.nvhpc.64.openmpi.default/libesmf.so(_ZN5ESMCI6LogErr13MsgFoundErrorEiPKciS2_S2_Pi+0x34) [0x2baa55e78234]
 4  /glade/scratch/theurich/ESMF-Nightly-Testing/nvhpc_21.11_openmpi_g_develop/esmf/lib/libg/Linux.nvhpc.64.openmpi.default/libesmf.so(_ZN5ESMCI7MeshCap22meshcreatenodedistgridEPi+0x7f) [0x2baa560948ff]
 5  /glade/scratch/theurich/ESMF-Nightly-Testing/nvhpc_21.11_openmpi_g_develop/esmf/lib/libg/Linux.nvhpc.64.openmpi.default/libesmf.so(c_esmc_meshcreatenodedistgrid_+0xc1) [0x2baa560e6cc1]
 6  /glade/scratch/theurich/ESMF-Nightly-Testing/nvhpc_21.11_openmpi_g_develop/esmf/lib/libg/Linux.nvhpc.64.openmpi.default/libesmf.so(esmf_meshmod_esmf_meshcreate1part_+0x126c) [0x2baa56dacfec]
 7  ./ESMF_FieldRedistEx() [0x40b1e0]
[r1i4n11:27704] *** Process received signal ***
[r1i4n11:27704] Signal: Segmentation fault (11)
[r1i4n11:27704] Signal code:  (-6)
[r1i4n11:27704] Failing at address: 0xb5100006c38
[r1i4n11:27706] *** Process received signal ***
[r1i4n11:27706] Signal: Segmentation fault (11)
[r1i4n11:27706] Signal code:  (-6)
[r1i4n11:27706] Failing at address: 0xb5100006c3a
 4  /glade/scratch/theurich/ESMF-Nightly-Testing/nvhpc_21.11_openmpi_g_develop/esmf/lib/libg/Linux.nvhpc.64.openmpi.default/libesmf.so(_ZN5ESMCI7MeshCap22meshcreatenodedistgridEPi+0x7f) [0x2b27617038ff]
 5  /glade/scratch/theurich/ESMF-Nightly-Testing/nvhpc_21.11_openmpi_g_develop/esmf/lib/libg/Linux.nvhpc.64.openmpi.default/libesmf.so(c_esmc_meshcreatenodedistgrid_+0xc1) [0x2b2761755cc1]
 6  /glade/scratch/theurich/ESMF-Nightly-Testing/nvhpc_21.11_openmpi_g_develop/esmf/lib/libg/Linux.nvhpc.64.openmpi.default/libesmf.so(esmf_meshmod_esmf_meshcreate1part_+0x126c) [0x2b276241bfec]
 7  ./ESMF_FieldRedistEx() [0x40b1e0]
 8  ./ESMF_FieldRedistEx() [0x406833]
 9  /glade/u/apps/ch/os/lib64/libc.so.6(__libc_start_main+0xf5) [0x2b27680d8a35]
10  ./ESMF_FieldRedistEx() [0x406729]
=================================
 8  ./ESMF_FieldRedistEx() [0x406833]
 9  /glade/u/apps/ch/os/lib64/libc.so.6(__libc_start_main+0xf5) [0x2baa5ca69a35]
10  ./ESMF_FieldRedistEx() [0x406729]
=================================
[r1i4n11:27707] *** Process received signal ***
[r1i4n11:27707] Signal: Segmentation fault (11)
[r1i4n11:27707] Signal code:  (-6)
[r1i4n11:27707] Failing at address: 0xb5100006c3b
[r1i4n11:27707] [ 0] /glade/u/apps/ch/os/lib64/libpthread.so.0(+0x11c00)[0x2b2767807c00]
[r1i4n11:27707] [ 1] /glade/scratch/theurich/ESMF-Nightly-Testing/nvhpc_21.11_openmpi_g_develop/esmf/lib/libg/Linux.nvhpc.64.openmpi.default/libesmf.so(_ZN5ESMCI6LogErr13MsgFoundErrorEiPKciS2_S2_Pi+0x34)[0x2b27614e7234]
[r1i4n11:27707] [ 2] /glade/scratch/theurich/ESMF-Nightly-Testing/nvhpc_21.11_openmpi_g_develop/esmf/lib/libg/Linux.nvhpc.64.openmpi.default/libesmf.so(_ZN5ESMCI7MeshCap22meshcreatenodedistgridEPi+0x7f)[0x2b27617038ff]
[r1i4n11:27707] [ 3] [r1i4n11:27704] [ 0] /glade/u/apps/ch/os/lib64/libpthread.so.0(+0x11c00)[0x2b7a9d532c00]
[r1i4n11:27704] [ 1] /glade/scratch/theurich/ESMF-Nightly-Testing/nvhpc_21.11_openmpi_g_develop/esmf/lib/libg/Linux.nvhpc.64.openmpi.default/libesmf.so(_ZN5ESMCI6LogErr13MsgFoundErrorEiPKciS2_S2_Pi+0x34)[0x2b7a97212234]
[r1i4n11:27704] [ 2] /glade/scratch/theurich/ESMF-Nightly-Testing/nvhpc_21.11_openmpi_g_develop/esmf/lib/libg/Linux.nvhpc.64.openmpi.default/libesmf.so(_ZN5ESMCI7MeshCap22meshcreatenodedistgridEPi+0x7f)[0x2b7a9742e8ff]
[r1i4n11:27704] [ 3] [r1i4n11:27706] [ 0] /glade/u/apps/ch/os/lib64/libpthread.so.0(+0x11c00)[0x2b6c79d76c00]
[r1i4n11:27706] [ 1] /glade/scratch/theurich/ESMF-Nightly-Testing/nvhpc_21.11_openmpi_g_develop/esmf/lib/libg/Linux.nvhpc.64.openmpi.default/libesmf.so(_ZN5ESMCI6LogErr13MsgFoundErrorEiPKciS2_S2_Pi+0x34)[0x2b6c73a56234]
[r1i4n11:27706] [ 2] /glade/scratch/theurich/ESMF-Nightly-Testing/nvhpc_21.11_openmpi_g_develop/esmf/lib/libg/Linux.nvhpc.64.openmpi.default/libesmf.so(_ZN5ESMCI7MeshCap22meshcreatenodedistgridEPi+0x7f)[0x2b6c73c728ff]
[r1i4n11:27706] [ 3] [r1i4n11:27705] *** Process received signal ***
[r1i4n11:27705] Signal: Segmentation fault (11)
[r1i4n11:27705] Signal code:  (-6)
[r1i4n11:27705] Failing at address: 0xb5100006c39
[r1i4n11:27705] [ 0] /glade/u/apps/ch/os/lib64/libpthread.so.0(+0x11c00)[0x2baa5c198c00]
[r1i4n11:27705] [ 1] /glade/scratch/theurich/ESMF-Nightly-Testing/nvhpc_21.11_openmpi_g_develop/esmf/lib/libg/Linux.nvhpc.64.openmpi.default/libesmf.so(_ZN5ESMCI6LogErr13MsgFoundErrorEiPKciS2_S2_Pi+0x34)[0x2baa55e78234]
[r1i4n11:27705] [ 2] /glade/scratch/theurich/ESMF-Nightly-Testing/nvhpc_21.11_openmpi_g_develop/esmf/lib/libg/Linux.nvhpc.64.openmpi.default/libesmf.so(_ZN5ESMCI7MeshCap22meshcreatenodedistgridEPi+0x7f)[0x2baa560948ff]
[r1i4n11:27705] [ 3] /glade/scratch/theurich/ESMF-Nightly-Testing/nvhpc_21.11_openmpi_g_develop/esmf/lib/libg/Linux.nvhpc.64.openmpi.default/libesmf.so(c_esmc_meshcreatenodedistgrid_+0xc1)[0x2b7a97480cc1]
[r1i4n11:27704] [ 4] /glade/scratch/theurich/ESMF-Nightly-Testing/nvhpc_21.11_openmpi_g_develop/esmf/lib/libg/Linux.nvhpc.64.openmpi.default/libesmf.so(c_esmc_meshcreatenodedistgrid_+0xc1)[0x2b6c73cc4cc1]
[r1i4n11:27706] [ 4] /glade/scratch/theurich/ESMF-Nightly-Testing/nvhpc_21.11_openmpi_g_develop/esmf/lib/libg/Linux.nvhpc.64.openmpi.default/libesmf.so(c_esmc_meshcreatenodedistgrid_+0xc1)[0x2b2761755cc1]
[r1i4n11:27707] [ 4] /glade/scratch/theurich/ESMF-Nightly-Testing/nvhpc_21.11_openmpi_g_develop/esmf/lib/libg/Linux.nvhpc.64.openmpi.default/libesmf.so(c_esmc_meshcreatenodedistgrid_+0xc1)[0x2baa560e6cc1]
[r1i4n11:27705] [ 4] /glade/scratch/theurich/ESMF-Nightly-Testing/nvhpc_21.11_openmpi_g_develop/esmf/lib/libg/Linux.nvhpc.64.openmpi.default/libesmf.so(esmf_meshmod_esmf_meshcreate1part_+0x126c)[0x2b7a98146fec]
[r1i4n11:27704] [ 5] ./ESMF_FieldRedistEx[0x40b1e0]
[r1i4n11:27704] [ 6] ./ESMF_FieldRedistEx[0x406833]
[r1i4n11:27704] [ 7] /glade/scratch/theurich/ESMF-Nightly-Testing/nvhpc_21.11_openmpi_g_develop/esmf/lib/libg/Linux.nvhpc.64.openmpi.default/libesmf.so(esmf_meshmod_esmf_meshcreate1part_+0x126c)[0x2b6c7498afec]
[r1i4n11:27706] [ 5] ./ESMF_FieldRedistEx[0x40b1e0]
[r1i4n11:27706] [ 6] ./ESMF_FieldRedistEx[0x406833]
[r1i4n11:27706] [ 7] /glade/scratch/theurich/ESMF-Nightly-Testing/nvhpc_21.11_openmpi_g_develop/esmf/lib/libg/Linux.nvhpc.64.openmpi.default/libesmf.so(esmf_meshmod_esmf_meshcreate1part_+0x126c)[0x2baa56dacfec]
[r1i4n11:27705] [ 5] ./ESMF_FieldRedistEx[0x40b1e0]
[r1i4n11:27705] [ 6] ./ESMF_FieldRedistEx[0x406833]
[r1i4n11:27705] [ 7] /glade/u/apps/ch/os/lib64/libc.so.6(__libc_start_main+0xf5)[0x2b7a9de03a35]
[r1i4n11:27704] [ 8] ./ESMF_FieldRedistEx[0x406729]
[r1i4n11:27704] *** End of error message ***
/glade/scratch/theurich/ESMF-Nightly-Testing/nvhpc_21.11_openmpi_g_develop/esmf/lib/libg/Linux.nvhpc.64.openmpi.default/libesmf.so(esmf_meshmod_esmf_meshcreate1part_+0x126c)[0x2b276241bfec]
[r1i4n11:27707] [ 5] ./ESMF_FieldRedistEx[0x40b1e0]
[r1i4n11:27707] [ 6] ./ESMF_FieldRedistEx[0x406833]
[r1i4n11:27707] [ 7] /glade/u/apps/ch/os/lib64/libc.so.6(__libc_start_main+0xf5)[0x2b6c7a647a35]
[r1i4n11:27706] [ 8] ./ESMF_FieldRedistEx[0x406729]
[r1i4n11:27706] *** End of error message ***
/glade/u/apps/ch/os/lib64/libc.so.6(__libc_start_main+0xf5)[0x2b27680d8a35]
[r1i4n11:27707] [ 8] ./ESMF_FieldRedistEx[0x406729]
[r1i4n11:27707] *** End of error message ***
/glade/u/apps/ch/os/lib64/libc.so.6(__libc_start_main+0xf5)[0x2baa5ca69a35]
[r1i4n11:27705] [ 8] ./ESMF_FieldRedistEx[0x406729]
[r1i4n11:27705] *** End of error message ***
--------------------------------------------------------------------------
Primary job  terminated normally, but 1 process returned
a non-zero exit code. Per user-direction, the job has been aborted.
--------------------------------------------------------------------------
--------------------------------------------------------------------------
mpirun noticed that process rank 3 with PID 0 on node r1i4n11 exited on signal 11 (Segmentation fault).
--------------------------------------------------------------------------
