2022-10-14 05:35:16
20221014 063132.759 INFO             PET0 !!!!!!!!!!!!!!!!!!!!!!!!!!!!!!!!!!!!!!!!!!!!!!!!!!!!!!
20221014 063132.759 INFO             PET0 !!! THE ESMF_LOG IS SET TO OUTPUT ALL LOG MESSAGES !!!
20221014 063132.759 INFO             PET0 !!!     THIS MAY CAUSE SLOWDOWN IN PERFORMANCE     !!!
20221014 063132.759 INFO             PET0 !!! FOR PRODUCTION RUNS, USE:                      !!!
20221014 063132.759 INFO             PET0 !!!                   ESMF_LOGKIND_Multi_On_Error  !!!
20221014 063132.759 INFO             PET0 !!!!!!!!!!!!!!!!!!!!!!!!!!!!!!!!!!!!!!!!!!!!!!!!!!!!!!
20221014 063132.759 INFO             PET0 Running with ESMF Version   : v8.4.0b19
20221014 063132.759 INFO             PET0 ESMF library build date/time: "Oct 14 2022" "05:32:03"
20221014 063132.759 INFO             PET0 ESMF library build location : /glade/scratch/theurich/ESMF-Nightly-Testing/nvhpc_21.11_openmpi_g_develop/esmf
20221014 063132.759 INFO             PET0 ESMF_COMM                   : openmpi
20221014 063132.759 INFO             PET0 ESMF_MOAB                   : enabled
20221014 063132.759 INFO             PET0 ESMF_LAPACK                 : enabled
20221014 063132.759 INFO             PET0 ESMF_NETCDF                 : enabled
20221014 063132.759 INFO             PET0 ESMF_PNETCDF                : disabled
20221014 063132.759 INFO             PET0 ESMF_PIO                    : enabled
20221014 063132.759 INFO             PET0 ESMF_YAMLCPP                : enabled
20221014 063132.761 INFO             PET0  NUMBER_OF_PROCESSORS            1
20221014 063132.761 INFO             PET0  PASS  Example ESMF_AlarmEx, ESMF_AlarmEx.F90, line 244
20221014 063132.761 INFO             PET0 Finalizing ESMF
