2022-10-04 00:49:02
20221004 022125.828 INFO             PET0 !!!!!!!!!!!!!!!!!!!!!!!!!!!!!!!!!!!!!!!!!!!!!!!!!!!!!!
20221004 022125.829 INFO             PET0 !!! THE ESMF_LOG IS SET TO OUTPUT ALL LOG MESSAGES !!!
20221004 022125.829 INFO             PET0 !!!     THIS MAY CAUSE SLOWDOWN IN PERFORMANCE     !!!
20221004 022125.829 INFO             PET0 !!! FOR PRODUCTION RUNS, USE:                      !!!
20221004 022125.829 INFO             PET0 !!!                   ESMF_LOGKIND_Multi_On_Error  !!!
20221004 022125.829 INFO             PET0 !!!!!!!!!!!!!!!!!!!!!!!!!!!!!!!!!!!!!!!!!!!!!!!!!!!!!!
20221004 022125.829 INFO             PET0 Running with ESMF Version   : v8.4.0b16-5-ga365d37ecd
20221004 022125.829 INFO             PET0 ESMF library build date/time: "Oct  4 2022" "00:47:18"
20221004 022125.829 INFO             PET0 ESMF library build location : /lustre/f2/dev/Mark.Potts/esmf-test/gfortran_8.3.0_mpi_g_update_pio2.5.9/esmf
20221004 022125.829 INFO             PET0 ESMF_COMM                   : mpi
20221004 022125.829 INFO             PET0 ESMF_MOAB                   : enabled
20221004 022125.829 INFO             PET0 ESMF_LAPACK                 : enabled
20221004 022125.829 INFO             PET0 ESMF_NETCDF                 : enabled
20221004 022125.829 INFO             PET0 ESMF_PNETCDF                : disabled
20221004 022125.829 INFO             PET0 ESMF_PIO                    : enabled
20221004 022125.829 INFO             PET0 ESMF_YAMLCPP                : enabled
20221004 022126.419 INFO             PET0  NUMBER_OF_PROCESSORS           4
20221004 022126.419 INFO             PET0  PASS  Example ESMF_GridUsageEx, ESMF_GridUsageEx.F90, line 3470
20221004 022126.419 INFO             PET0 Finalizing ESMF
20221004 022125.815 INFO             PET1 !!!!!!!!!!!!!!!!!!!!!!!!!!!!!!!!!!!!!!!!!!!!!!!!!!!!!!
20221004 022125.815 INFO             PET1 !!! THE ESMF_LOG IS SET TO OUTPUT ALL LOG MESSAGES !!!
20221004 022125.815 INFO             PET1 !!!     THIS MAY CAUSE SLOWDOWN IN PERFORMANCE     !!!
20221004 022125.815 INFO             PET1 !!! FOR PRODUCTION RUNS, USE:                      !!!
20221004 022125.815 INFO             PET1 !!!                   ESMF_LOGKIND_Multi_On_Error  !!!
20221004 022125.815 INFO             PET1 !!!!!!!!!!!!!!!!!!!!!!!!!!!!!!!!!!!!!!!!!!!!!!!!!!!!!!
20221004 022125.815 INFO             PET1 Running with ESMF Version   : v8.4.0b16-5-ga365d37ecd
20221004 022125.815 INFO             PET1 ESMF library build date/time: "Oct  4 2022" "00:47:18"
20221004 022125.815 INFO             PET1 ESMF library build location : /lustre/f2/dev/Mark.Potts/esmf-test/gfortran_8.3.0_mpi_g_update_pio2.5.9/esmf
20221004 022125.815 INFO             PET1 ESMF_COMM                   : mpi
20221004 022125.816 INFO             PET1 ESMF_MOAB                   : enabled
20221004 022125.816 INFO             PET1 ESMF_LAPACK                 : enabled
20221004 022125.816 INFO             PET1 ESMF_NETCDF                 : enabled
20221004 022125.816 INFO             PET1 ESMF_PNETCDF                : disabled
20221004 022125.816 INFO             PET1 ESMF_PIO                    : enabled
20221004 022125.816 INFO             PET1 ESMF_YAMLCPP                : enabled
20221004 022126.417 INFO             PET1  NUMBER_OF_PROCESSORS           4
20221004 022126.417 INFO             PET1  PASS  Example ESMF_GridUsageEx, ESMF_GridUsageEx.F90, line 3470
20221004 022126.417 INFO             PET1 Finalizing ESMF
20221004 022125.859 INFO             PET2 !!!!!!!!!!!!!!!!!!!!!!!!!!!!!!!!!!!!!!!!!!!!!!!!!!!!!!
20221004 022125.859 INFO             PET2 !!! THE ESMF_LOG IS SET TO OUTPUT ALL LOG MESSAGES !!!
20221004 022125.859 INFO             PET2 !!!     THIS MAY CAUSE SLOWDOWN IN PERFORMANCE     !!!
20221004 022125.859 INFO             PET2 !!! FOR PRODUCTION RUNS, USE:                      !!!
20221004 022125.859 INFO             PET2 !!!                   ESMF_LOGKIND_Multi_On_Error  !!!
20221004 022125.859 INFO             PET2 !!!!!!!!!!!!!!!!!!!!!!!!!!!!!!!!!!!!!!!!!!!!!!!!!!!!!!
20221004 022125.859 INFO             PET2 Running with ESMF Version   : v8.4.0b16-5-ga365d37ecd
20221004 022125.859 INFO             PET2 ESMF library build date/time: "Oct  4 2022" "00:47:18"
20221004 022125.859 INFO             PET2 ESMF library build location : /lustre/f2/dev/Mark.Potts/esmf-test/gfortran_8.3.0_mpi_g_update_pio2.5.9/esmf
20221004 022125.859 INFO             PET2 ESMF_COMM                   : mpi
20221004 022125.859 INFO             PET2 ESMF_MOAB                   : enabled
20221004 022125.859 INFO             PET2 ESMF_LAPACK                 : enabled
20221004 022125.859 INFO             PET2 ESMF_NETCDF                 : enabled
20221004 022125.859 INFO             PET2 ESMF_PNETCDF                : disabled
20221004 022125.859 INFO             PET2 ESMF_PIO                    : enabled
20221004 022125.859 INFO             PET2 ESMF_YAMLCPP                : enabled
20221004 022126.417 INFO             PET2  NUMBER_OF_PROCESSORS           4
20221004 022126.417 INFO             PET2  PASS  Example ESMF_GridUsageEx, ESMF_GridUsageEx.F90, line 3470
20221004 022126.417 INFO             PET2 Finalizing ESMF
20221004 022125.816 INFO             PET3 !!!!!!!!!!!!!!!!!!!!!!!!!!!!!!!!!!!!!!!!!!!!!!!!!!!!!!
20221004 022125.816 INFO             PET3 !!! THE ESMF_LOG IS SET TO OUTPUT ALL LOG MESSAGES !!!
20221004 022125.816 INFO             PET3 !!!     THIS MAY CAUSE SLOWDOWN IN PERFORMANCE     !!!
20221004 022125.816 INFO             PET3 !!! FOR PRODUCTION RUNS, USE:                      !!!
20221004 022125.816 INFO             PET3 !!!                   ESMF_LOGKIND_Multi_On_Error  !!!
20221004 022125.816 INFO             PET3 !!!!!!!!!!!!!!!!!!!!!!!!!!!!!!!!!!!!!!!!!!!!!!!!!!!!!!
20221004 022125.816 INFO             PET3 Running with ESMF Version   : v8.4.0b16-5-ga365d37ecd
20221004 022125.816 INFO             PET3 ESMF library build date/time: "Oct  4 2022" "00:47:18"
20221004 022125.816 INFO             PET3 ESMF library build location : /lustre/f2/dev/Mark.Potts/esmf-test/gfortran_8.3.0_mpi_g_update_pio2.5.9/esmf
20221004 022125.816 INFO             PET3 ESMF_COMM                   : mpi
20221004 022125.817 INFO             PET3 ESMF_MOAB                   : enabled
20221004 022125.817 INFO             PET3 ESMF_LAPACK                 : enabled
20221004 022125.817 INFO             PET3 ESMF_NETCDF                 : enabled
20221004 022125.817 INFO             PET3 ESMF_PNETCDF                : disabled
20221004 022125.817 INFO             PET3 ESMF_PIO                    : enabled
20221004 022125.817 INFO             PET3 ESMF_YAMLCPP                : enabled
20221004 022126.418 INFO             PET3  NUMBER_OF_PROCESSORS           4
20221004 022126.418 INFO             PET3  PASS  Example ESMF_GridUsageEx, ESMF_GridUsageEx.F90, line 3470
20221004 022126.418 INFO             PET3 Finalizing ESMF
