2022-09-25 02:30:30
20220925 025149.429 INFO             PET0 !!!!!!!!!!!!!!!!!!!!!!!!!!!!!!!!!!!!!!!!!!!!!!!!!!!!!!
20220925 025149.429 INFO             PET0 !!! THE ESMF_LOG IS SET TO OUTPUT ALL LOG MESSAGES !!!
20220925 025149.429 INFO             PET0 !!!     THIS MAY CAUSE SLOWDOWN IN PERFORMANCE     !!!
20220925 025149.429 INFO             PET0 !!! FOR PRODUCTION RUNS, USE:                      !!!
20220925 025149.429 INFO             PET0 !!!                   ESMF_LOGKIND_Multi_On_Error  !!!
20220925 025149.429 INFO             PET0 !!!!!!!!!!!!!!!!!!!!!!!!!!!!!!!!!!!!!!!!!!!!!!!!!!!!!!
20220925 025149.429 INFO             PET0 Running with ESMF Version   : v8.4.0b14-14-g1fd7513367
20220925 025149.429 INFO             PET0 ESMF library build date/time: "Sep 25 2022" "02:28:52"
20220925 025149.429 INFO             PET0 ESMF library build location : /scratch1/NCEPDEV/stmp2/Rocky.Dunlap/esmf-testing/intel_18.0.5a_mpiuni_O_develop/esmf
20220925 025149.429 INFO             PET0 ESMF_COMM                   : mpiuni
20220925 025149.430 INFO             PET0 ESMF_MOAB                   : enabled
20220925 025149.430 INFO             PET0 ESMF_LAPACK                 : enabled
20220925 025149.430 INFO             PET0 ESMF_NETCDF                 : enabled
20220925 025149.430 INFO             PET0 ESMF_PNETCDF                : disabled
20220925 025149.430 INFO             PET0 ESMF_PIO                    : disabled
20220925 025149.430 INFO             PET0 ESMF_YAMLCPP                : enabled
20220925 025149.431 INFO             PET0  NUMBER_OF_PROCESSORS           1
20220925 025149.431 INFO             PET0  PASS  Example ESMF_VMSendVMRecvEx, ESMF_VMSendVMRecvEx.F90, line 120
20220925 025149.431 INFO             PET0 Finalizing ESMF
