2022-09-30 02:42:36
20220930 030624.633 INFO             PET0 !!!!!!!!!!!!!!!!!!!!!!!!!!!!!!!!!!!!!!!!!!!!!!!!!!!!!!
20220930 030624.633 INFO             PET0 !!! THE ESMF_LOG IS SET TO OUTPUT ALL LOG MESSAGES !!!
20220930 030624.633 INFO             PET0 !!!     THIS MAY CAUSE SLOWDOWN IN PERFORMANCE     !!!
20220930 030624.633 INFO             PET0 !!! FOR PRODUCTION RUNS, USE:                      !!!
20220930 030624.633 INFO             PET0 !!!                   ESMF_LOGKIND_Multi_On_Error  !!!
20220930 030624.633 INFO             PET0 !!!!!!!!!!!!!!!!!!!!!!!!!!!!!!!!!!!!!!!!!!!!!!!!!!!!!!
20220930 030624.633 INFO             PET0 Running with ESMF Version   : v8.4.0b15-7-gae8efd6d7f
20220930 030624.633 INFO             PET0 ESMF library build date/time: "Sep 30 2022" "02:40:28"
20220930 030624.633 INFO             PET0 ESMF library build location : /scratch1/NCEPDEV/stmp2/Rocky.Dunlap/esmf-testing/intel_18.0.5a_mpiuni_O_develop/esmf
20220930 030624.633 INFO             PET0 ESMF_COMM                   : mpiuni
20220930 030624.634 INFO             PET0 ESMF_MOAB                   : enabled
20220930 030624.634 INFO             PET0 ESMF_LAPACK                 : enabled
20220930 030624.634 INFO             PET0 ESMF_NETCDF                 : enabled
20220930 030624.634 INFO             PET0 ESMF_PNETCDF                : disabled
20220930 030624.634 INFO             PET0 ESMF_PIO                    : disabled
20220930 030624.634 INFO             PET0 ESMF_YAMLCPP                : enabled
20220930 030624.634 INFO             PET0  NUMBER_OF_PROCESSORS           1
20220930 030624.635 INFO             PET0  PASS  Example ESMF_VMUserMpiEx, ESMF_VMUserMpiEx.F90, line 96
20220930 030624.635 INFO             PET0 Finalizing ESMF
