2022-09-24 01:14:50
20220924 014239.917 INFO             PET0 !!!!!!!!!!!!!!!!!!!!!!!!!!!!!!!!!!!!!!!!!!!!!!!!!!!!!!
20220924 014239.918 INFO             PET0 !!! THE ESMF_LOG IS SET TO OUTPUT ALL LOG MESSAGES !!!
20220924 014239.918 INFO             PET0 !!!     THIS MAY CAUSE SLOWDOWN IN PERFORMANCE     !!!
20220924 014239.918 INFO             PET0 !!! FOR PRODUCTION RUNS, USE:                      !!!
20220924 014239.918 INFO             PET0 !!!                   ESMF_LOGKIND_Multi_On_Error  !!!
20220924 014239.918 INFO             PET0 !!!!!!!!!!!!!!!!!!!!!!!!!!!!!!!!!!!!!!!!!!!!!!!!!!!!!!
20220924 014239.918 INFO             PET0 Running with ESMF Version   : v8.4.0b14-14-g1fd7513367
20220924 014239.918 INFO             PET0 ESMF library build date/time: "Sep 24 2022" "01:13:03"
20220924 014239.918 INFO             PET0 ESMF library build location : /discover/nobackup/projects/sbu/mpotts/esmf-test/gfortran_8.3.0_intelmpi_g_develop/esmf
20220924 014239.918 INFO             PET0 ESMF_COMM                   : intelmpi
20220924 014239.918 INFO             PET0 ESMF_MOAB                   : enabled
20220924 014239.918 INFO             PET0 ESMF_LAPACK                 : enabled
20220924 014239.918 INFO             PET0 ESMF_NETCDF                 : disabled
20220924 014239.918 INFO             PET0 ESMF_PNETCDF                : disabled
20220924 014239.918 INFO             PET0 ESMF_PIO                    : disabled
20220924 014239.918 INFO             PET0 ESMF_YAMLCPP                : enabled
20220924 014239.950 INFO             PET0  NUMBER_OF_PROCESSORS           4
20220924 014239.950 INFO             PET0  PASS  Example ESMF_LocStreamEx, ESMF_LocStreamEx.F90, line 784
20220924 014239.950 INFO             PET0 Finalizing ESMF
20220924 014239.918 INFO             PET1 !!!!!!!!!!!!!!!!!!!!!!!!!!!!!!!!!!!!!!!!!!!!!!!!!!!!!!
20220924 014239.918 INFO             PET1 !!! THE ESMF_LOG IS SET TO OUTPUT ALL LOG MESSAGES !!!
20220924 014239.918 INFO             PET1 !!!     THIS MAY CAUSE SLOWDOWN IN PERFORMANCE     !!!
20220924 014239.918 INFO             PET1 !!! FOR PRODUCTION RUNS, USE:                      !!!
20220924 014239.918 INFO             PET1 !!!                   ESMF_LOGKIND_Multi_On_Error  !!!
20220924 014239.918 INFO             PET1 !!!!!!!!!!!!!!!!!!!!!!!!!!!!!!!!!!!!!!!!!!!!!!!!!!!!!!
20220924 014239.918 INFO             PET1 Running with ESMF Version   : v8.4.0b14-14-g1fd7513367
20220924 014239.918 INFO             PET1 ESMF library build date/time: "Sep 24 2022" "01:13:03"
20220924 014239.918 INFO             PET1 ESMF library build location : /discover/nobackup/projects/sbu/mpotts/esmf-test/gfortran_8.3.0_intelmpi_g_develop/esmf
20220924 014239.918 INFO             PET1 ESMF_COMM                   : intelmpi
20220924 014239.918 INFO             PET1 ESMF_MOAB                   : enabled
20220924 014239.918 INFO             PET1 ESMF_LAPACK                 : enabled
20220924 014239.918 INFO             PET1 ESMF_NETCDF                 : disabled
20220924 014239.918 INFO             PET1 ESMF_PNETCDF                : disabled
20220924 014239.918 INFO             PET1 ESMF_PIO                    : disabled
20220924 014239.918 INFO             PET1 ESMF_YAMLCPP                : enabled
20220924 014239.950 INFO             PET1  NUMBER_OF_PROCESSORS           4
20220924 014239.950 INFO             PET1  PASS  Example ESMF_LocStreamEx, ESMF_LocStreamEx.F90, line 784
20220924 014239.950 INFO             PET1 Finalizing ESMF
20220924 014239.918 INFO             PET2 !!!!!!!!!!!!!!!!!!!!!!!!!!!!!!!!!!!!!!!!!!!!!!!!!!!!!!
20220924 014239.918 INFO             PET2 !!! THE ESMF_LOG IS SET TO OUTPUT ALL LOG MESSAGES !!!
20220924 014239.918 INFO             PET2 !!!     THIS MAY CAUSE SLOWDOWN IN PERFORMANCE     !!!
20220924 014239.918 INFO             PET2 !!! FOR PRODUCTION RUNS, USE:                      !!!
20220924 014239.918 INFO             PET2 !!!                   ESMF_LOGKIND_Multi_On_Error  !!!
20220924 014239.918 INFO             PET2 !!!!!!!!!!!!!!!!!!!!!!!!!!!!!!!!!!!!!!!!!!!!!!!!!!!!!!
20220924 014239.918 INFO             PET2 Running with ESMF Version   : v8.4.0b14-14-g1fd7513367
20220924 014239.918 INFO             PET2 ESMF library build date/time: "Sep 24 2022" "01:13:03"
20220924 014239.918 INFO             PET2 ESMF library build location : /discover/nobackup/projects/sbu/mpotts/esmf-test/gfortran_8.3.0_intelmpi_g_develop/esmf
20220924 014239.918 INFO             PET2 ESMF_COMM                   : intelmpi
20220924 014239.918 INFO             PET2 ESMF_MOAB                   : enabled
20220924 014239.918 INFO             PET2 ESMF_LAPACK                 : enabled
20220924 014239.918 INFO             PET2 ESMF_NETCDF                 : disabled
20220924 014239.918 INFO             PET2 ESMF_PNETCDF                : disabled
20220924 014239.918 INFO             PET2 ESMF_PIO                    : disabled
20220924 014239.918 INFO             PET2 ESMF_YAMLCPP                : enabled
20220924 014239.950 INFO             PET2  NUMBER_OF_PROCESSORS           4
20220924 014239.950 INFO             PET2  PASS  Example ESMF_LocStreamEx, ESMF_LocStreamEx.F90, line 784
20220924 014239.950 INFO             PET2 Finalizing ESMF
20220924 014239.917 INFO             PET3 !!!!!!!!!!!!!!!!!!!!!!!!!!!!!!!!!!!!!!!!!!!!!!!!!!!!!!
20220924 014239.917 INFO             PET3 !!! THE ESMF_LOG IS SET TO OUTPUT ALL LOG MESSAGES !!!
20220924 014239.917 INFO             PET3 !!!     THIS MAY CAUSE SLOWDOWN IN PERFORMANCE     !!!
20220924 014239.917 INFO             PET3 !!! FOR PRODUCTION RUNS, USE:                      !!!
20220924 014239.917 INFO             PET3 !!!                   ESMF_LOGKIND_Multi_On_Error  !!!
20220924 014239.917 INFO             PET3 !!!!!!!!!!!!!!!!!!!!!!!!!!!!!!!!!!!!!!!!!!!!!!!!!!!!!!
20220924 014239.917 INFO             PET3 Running with ESMF Version   : v8.4.0b14-14-g1fd7513367
20220924 014239.917 INFO             PET3 ESMF library build date/time: "Sep 24 2022" "01:13:03"
20220924 014239.917 INFO             PET3 ESMF library build location : /discover/nobackup/projects/sbu/mpotts/esmf-test/gfortran_8.3.0_intelmpi_g_develop/esmf
20220924 014239.917 INFO             PET3 ESMF_COMM                   : intelmpi
20220924 014239.918 INFO             PET3 ESMF_MOAB                   : enabled
20220924 014239.918 INFO             PET3 ESMF_LAPACK                 : enabled
20220924 014239.918 INFO             PET3 ESMF_NETCDF                 : disabled
20220924 014239.918 INFO             PET3 ESMF_PNETCDF                : disabled
20220924 014239.918 INFO             PET3 ESMF_PIO                    : disabled
20220924 014239.918 INFO             PET3 ESMF_YAMLCPP                : enabled
20220924 014239.950 INFO             PET3  NUMBER_OF_PROCESSORS           4
20220924 014239.950 INFO             PET3  PASS  Example ESMF_LocStreamEx, ESMF_LocStreamEx.F90, line 784
20220924 014239.950 INFO             PET3 Finalizing ESMF
