2022-10-25 04:18:17
20221025 045346.180 INFO             PET0 !!!!!!!!!!!!!!!!!!!!!!!!!!!!!!!!!!!!!!!!!!!!!!!!!!!!!!
20221025 045346.180 INFO             PET0 !!! THE ESMF_LOG IS SET TO OUTPUT ALL LOG MESSAGES !!!
20221025 045346.180 INFO             PET0 !!!     THIS MAY CAUSE SLOWDOWN IN PERFORMANCE     !!!
20221025 045346.180 INFO             PET0 !!! FOR PRODUCTION RUNS, USE:                      !!!
20221025 045346.180 INFO             PET0 !!!                   ESMF_LOGKIND_Multi_On_Error  !!!
20221025 045346.180 INFO             PET0 !!!!!!!!!!!!!!!!!!!!!!!!!!!!!!!!!!!!!!!!!!!!!!!!!!!!!!
20221025 045346.180 INFO             PET0 Running with ESMF Version   : v8.4.0
20221025 045346.180 INFO             PET0 ESMF library build date/time: "Oct 25 2022" "04:15:56"
20221025 045346.180 INFO             PET0 ESMF library build location : /lfs4/HFIP/hfv3gfs/Mark.Potts/esmf-tests/intel_2020.2_intelmpi_O_v8.4.0/esmf
20221025 045346.180 INFO             PET0 ESMF_COMM                   : intelmpi
20221025 045346.199 INFO             PET0 ESMF_MOAB                   : enabled
20221025 045346.199 INFO             PET0 ESMF_LAPACK                 : enabled
20221025 045346.199 INFO             PET0 ESMF_NETCDF                 : enabled
20221025 045346.199 INFO             PET0 ESMF_PNETCDF                : disabled
20221025 045346.199 INFO             PET0 ESMF_PIO                    : enabled
20221025 045346.199 INFO             PET0 ESMF_YAMLCPP                : enabled
20221025 045346.223 INFO             PET0  NUMBER_OF_PROCESSORS           4
20221025 045346.223 INFO             PET0  PASS  Example ESMF_FieldCreateEx, ESMF_FieldCreateEx.F90, line 1058
20221025 045346.224 INFO             PET0 Finalizing ESMF
20221025 045346.181 INFO             PET1 !!!!!!!!!!!!!!!!!!!!!!!!!!!!!!!!!!!!!!!!!!!!!!!!!!!!!!
20221025 045346.182 INFO             PET1 !!! THE ESMF_LOG IS SET TO OUTPUT ALL LOG MESSAGES !!!
20221025 045346.182 INFO             PET1 !!!     THIS MAY CAUSE SLOWDOWN IN PERFORMANCE     !!!
20221025 045346.182 INFO             PET1 !!! FOR PRODUCTION RUNS, USE:                      !!!
20221025 045346.182 INFO             PET1 !!!                   ESMF_LOGKIND_Multi_On_Error  !!!
20221025 045346.182 INFO             PET1 !!!!!!!!!!!!!!!!!!!!!!!!!!!!!!!!!!!!!!!!!!!!!!!!!!!!!!
20221025 045346.182 INFO             PET1 Running with ESMF Version   : v8.4.0
20221025 045346.182 INFO             PET1 ESMF library build date/time: "Oct 25 2022" "04:15:56"
20221025 045346.182 INFO             PET1 ESMF library build location : /lfs4/HFIP/hfv3gfs/Mark.Potts/esmf-tests/intel_2020.2_intelmpi_O_v8.4.0/esmf
20221025 045346.182 INFO             PET1 ESMF_COMM                   : intelmpi
20221025 045346.217 INFO             PET1 ESMF_MOAB                   : enabled
20221025 045346.217 INFO             PET1 ESMF_LAPACK                 : enabled
20221025 045346.217 INFO             PET1 ESMF_NETCDF                 : enabled
20221025 045346.217 INFO             PET1 ESMF_PNETCDF                : disabled
20221025 045346.217 INFO             PET1 ESMF_PIO                    : enabled
20221025 045346.217 INFO             PET1 ESMF_YAMLCPP                : enabled
20221025 045346.223 INFO             PET1  NUMBER_OF_PROCESSORS           4
20221025 045346.223 INFO             PET1  PASS  Example ESMF_FieldCreateEx, ESMF_FieldCreateEx.F90, line 1058
20221025 045346.224 INFO             PET1 Finalizing ESMF
20221025 045346.169 INFO             PET2 !!!!!!!!!!!!!!!!!!!!!!!!!!!!!!!!!!!!!!!!!!!!!!!!!!!!!!
20221025 045346.170 INFO             PET2 !!! THE ESMF_LOG IS SET TO OUTPUT ALL LOG MESSAGES !!!
20221025 045346.170 INFO             PET2 !!!     THIS MAY CAUSE SLOWDOWN IN PERFORMANCE     !!!
20221025 045346.170 INFO             PET2 !!! FOR PRODUCTION RUNS, USE:                      !!!
20221025 045346.170 INFO             PET2 !!!                   ESMF_LOGKIND_Multi_On_Error  !!!
20221025 045346.170 INFO             PET2 !!!!!!!!!!!!!!!!!!!!!!!!!!!!!!!!!!!!!!!!!!!!!!!!!!!!!!
20221025 045346.170 INFO             PET2 Running with ESMF Version   : v8.4.0
20221025 045346.170 INFO             PET2 ESMF library build date/time: "Oct 25 2022" "04:15:56"
20221025 045346.170 INFO             PET2 ESMF library build location : /lfs4/HFIP/hfv3gfs/Mark.Potts/esmf-tests/intel_2020.2_intelmpi_O_v8.4.0/esmf
20221025 045346.170 INFO             PET2 ESMF_COMM                   : intelmpi
20221025 045346.171 INFO             PET2 ESMF_MOAB                   : enabled
20221025 045346.171 INFO             PET2 ESMF_LAPACK                 : enabled
20221025 045346.171 INFO             PET2 ESMF_NETCDF                 : enabled
20221025 045346.171 INFO             PET2 ESMF_PNETCDF                : disabled
20221025 045346.171 INFO             PET2 ESMF_PIO                    : enabled
20221025 045346.171 INFO             PET2 ESMF_YAMLCPP                : enabled
20221025 045346.223 INFO             PET2  NUMBER_OF_PROCESSORS           4
20221025 045346.223 INFO             PET2  PASS  Example ESMF_FieldCreateEx, ESMF_FieldCreateEx.F90, line 1058
20221025 045346.224 INFO             PET2 Finalizing ESMF
20221025 045346.169 INFO             PET3 !!!!!!!!!!!!!!!!!!!!!!!!!!!!!!!!!!!!!!!!!!!!!!!!!!!!!!
20221025 045346.170 INFO             PET3 !!! THE ESMF_LOG IS SET TO OUTPUT ALL LOG MESSAGES !!!
20221025 045346.170 INFO             PET3 !!!     THIS MAY CAUSE SLOWDOWN IN PERFORMANCE     !!!
20221025 045346.170 INFO             PET3 !!! FOR PRODUCTION RUNS, USE:                      !!!
20221025 045346.170 INFO             PET3 !!!                   ESMF_LOGKIND_Multi_On_Error  !!!
20221025 045346.170 INFO             PET3 !!!!!!!!!!!!!!!!!!!!!!!!!!!!!!!!!!!!!!!!!!!!!!!!!!!!!!
20221025 045346.170 INFO             PET3 Running with ESMF Version   : v8.4.0
20221025 045346.170 INFO             PET3 ESMF library build date/time: "Oct 25 2022" "04:15:56"
20221025 045346.170 INFO             PET3 ESMF library build location : /lfs4/HFIP/hfv3gfs/Mark.Potts/esmf-tests/intel_2020.2_intelmpi_O_v8.4.0/esmf
20221025 045346.170 INFO             PET3 ESMF_COMM                   : intelmpi
20221025 045346.171 INFO             PET3 ESMF_MOAB                   : enabled
20221025 045346.171 INFO             PET3 ESMF_LAPACK                 : enabled
20221025 045346.171 INFO             PET3 ESMF_NETCDF                 : enabled
20221025 045346.171 INFO             PET3 ESMF_PNETCDF                : disabled
20221025 045346.171 INFO             PET3 ESMF_PIO                    : enabled
20221025 045346.171 INFO             PET3 ESMF_YAMLCPP                : enabled
20221025 045346.223 INFO             PET3  NUMBER_OF_PROCESSORS           4
20221025 045346.223 INFO             PET3  PASS  Example ESMF_FieldCreateEx, ESMF_FieldCreateEx.F90, line 1058
20221025 045346.223 INFO             PET3 Finalizing ESMF
