2022-10-06 01:24:33
20221006 020025.609 INFO             PET0 !!!!!!!!!!!!!!!!!!!!!!!!!!!!!!!!!!!!!!!!!!!!!!!!!!!!!!
20221006 020025.609 INFO             PET0 !!! THE ESMF_LOG IS SET TO OUTPUT ALL LOG MESSAGES !!!
20221006 020025.609 INFO             PET0 !!!     THIS MAY CAUSE SLOWDOWN IN PERFORMANCE     !!!
20221006 020025.609 INFO             PET0 !!! FOR PRODUCTION RUNS, USE:                      !!!
20221006 020025.609 INFO             PET0 !!!                   ESMF_LOGKIND_Multi_On_Error  !!!
20221006 020025.609 INFO             PET0 !!!!!!!!!!!!!!!!!!!!!!!!!!!!!!!!!!!!!!!!!!!!!!!!!!!!!!
20221006 020025.609 INFO             PET0 Running with ESMF Version   : v8.4.0b13-47-g722503bca0
20221006 020025.609 INFO             PET0 ESMF library build date/time: "Oct  6 2022" "01:21:24"
20221006 020025.609 INFO             PET0 ESMF library build location : /discover/nobackup/projects/sbu/mpotts/esmf-test/intel_19.1.3_intelmpi_g_fix_clang/esmf
20221006 020025.609 INFO             PET0 ESMF_COMM                   : intelmpi
20221006 020025.610 INFO             PET0 ESMF_MOAB                   : enabled
20221006 020025.610 INFO             PET0 ESMF_LAPACK                 : enabled
20221006 020025.610 INFO             PET0 ESMF_NETCDF                 : enabled
20221006 020025.610 INFO             PET0 ESMF_PNETCDF                : disabled
20221006 020025.610 INFO             PET0 ESMF_PIO                    : enabled
20221006 020025.610 INFO             PET0 ESMF_YAMLCPP                : enabled
20221006 020025.612 INFO             PET0  NUMBER_OF_PROCESSORS           1
20221006 020025.612 INFO             PET0  PASS  Example ESMF_ClockEx, ESMF_ClockEx.F90, line 220
20221006 020025.612 INFO             PET0 Finalizing ESMF
