2022-10-02 09:31:04
[r10i4n10:59376:0:59376] Caught signal 11 (Segmentation fault: address not mapped to object at address 0x4f1b591)
[r10i4n10:59377:0:59377] Caught signal 11 (Segmentation fault: address not mapped to object at address 0x4f1b591)
[r10i4n10:59378:0:59378] Caught signal 11 (Segmentation fault: address not mapped to object at address 0x4f1b591)
[r10i4n10:59379:0:59379] Caught signal 11 (Segmentation fault: address not mapped to object at address 0x4f1b591)
==== backtrace (tid:  59376) ====
 0  /glade/u/apps/ch/opt/ucx/1.11.0/lib/libucs.so.0(ucs_handle_error+0xe4) [0x2b3ba2f551b4]
 1  /glade/u/apps/ch/opt/ucx/1.11.0/lib/libucs.so.0(+0x2a4dc) [0x2b3ba2f554dc]
 2  /glade/u/apps/ch/opt/ucx/1.11.0/lib/libucs.so.0(+0x2a74b) [0x2b3ba2f5574b]
 3  /glade/scratch/dunlap/esmf-testing/nvhpc_21.11_openmpi_g_update_pio2.5.9/esmf/lib/libg/Linux.nvhpc.64.openmpi.default/libesmf.so(_ZN5ESMCI6LogErr13MsgFoundErrorEiPKciS2_S2_Pi+0x34) [0x2b3b8908fc74]
==== backtrace (tid:  59378) ====
 0  /glade/u/apps/ch/opt/ucx/1.11.0/lib/libucs.so.0(ucs_handle_error+0xe4) [0x2b76c4d041b4]
 1  /glade/u/apps/ch/opt/ucx/1.11.0/lib/libucs.so.0(+0x2a4dc) [0x2b76c4d044dc]
 2  /glade/u/apps/ch/opt/ucx/1.11.0/lib/libucs.so.0(+0x2a74b) [0x2b76c4d0474b]
 3  /glade/scratch/dunlap/esmf-testing/nvhpc_21.11_openmpi_g_update_pio2.5.9/esmf/lib/libg/Linux.nvhpc.64.openmpi.default/libesmf.so(_ZN5ESMCI6LogErr13MsgFoundErrorEiPKciS2_S2_Pi+0x34) [0x2b76aad18c74]
 4  /glade/scratch/dunlap/esmf-testing/nvhpc_21.11_openmpi_g_update_pio2.5.9/esmf/lib/libg/Linux.nvhpc.64.openmpi.default/libesmf.so(_ZN5ESMCI7MeshCap22meshcreatenodedistgridEPi+0x7f) [0x2b76aaf3533f]
 5  /glade/scratch/dunlap/esmf-testing/nvhpc_21.11_openmpi_g_update_pio2.5.9/esmf/lib/libg/Linux.nvhpc.64.openmpi.default/libesmf.so(c_esmc_meshcreatenodedistgrid_+0xc1) [0x2b76aaf87701]
 6  /glade/scratch/dunlap/esmf-testing/nvhpc_21.11_openmpi_g_update_pio2.5.9/esmf/lib/libg/Linux.nvhpc.64.openmpi.default/libesmf.so(esmf_meshmod_esmf_meshcreate1part_+0x126c) [0x2b76abc4da2c]
 7  ./ESMF_FieldMeshRegridEx() [0x40e1cd]
 4  /glade/scratch/dunlap/esmf-testing/nvhpc_21.11_openmpi_g_update_pio2.5.9/esmf/lib/libg/Linux.nvhpc.64.openmpi.default/libesmf.so(_ZN5ESMCI7MeshCap22meshcreatenodedistgridEPi+0x7f) [0x2b3b892ac33f]
 5  /glade/scratch/dunlap/esmf-testing/nvhpc_21.11_openmpi_g_update_pio2.5.9/esmf/lib/libg/Linux.nvhpc.64.openmpi.default/libesmf.so(c_esmc_meshcreatenodedistgrid_+0xc1) [0x2b3b892fe701]
 6  /glade/scratch/dunlap/esmf-testing/nvhpc_21.11_openmpi_g_update_pio2.5.9/esmf/lib/libg/Linux.nvhpc.64.openmpi.default/libesmf.so(esmf_meshmod_esmf_meshcreate1part_+0x126c) [0x2b3b89fc4a2c]
 7  ./ESMF_FieldMeshRegridEx() [0x40e1cd]
 8  ./ESMF_FieldMeshRegridEx() [0x406533]
 9  /glade/u/apps/ch/os/lib64/libc.so.6(__libc_start_main+0xf5) [0x2b3b8fc80a35]
10  ./ESMF_FieldMeshRegridEx() [0x406429]
=================================
 8  ./ESMF_FieldMeshRegridEx() [0x406533]
 9  /glade/u/apps/ch/os/lib64/libc.so.6(__libc_start_main+0xf5) [0x2b76b1909a35]
10  ./ESMF_FieldMeshRegridEx() [0x406429]
=================================
==== backtrace (tid:  59377) ====
 0  /glade/u/apps/ch/opt/ucx/1.11.0/lib/libucs.so.0(ucs_handle_error+0xe4) [0x2ab3e39661b4]
 1  /glade/u/apps/ch/opt/ucx/1.11.0/lib/libucs.so.0(+0x2a4dc) [0x2ab3e39664dc]
 2  /glade/u/apps/ch/opt/ucx/1.11.0/lib/libucs.so.0(+0x2a74b) [0x2ab3e396674b]
 3  /glade/scratch/dunlap/esmf-testing/nvhpc_21.11_openmpi_g_update_pio2.5.9/esmf/lib/libg/Linux.nvhpc.64.openmpi.default/libesmf.so(_ZN5ESMCI6LogErr13MsgFoundErrorEiPKciS2_S2_Pi+0x34) [0x2ab3cd9cbc74]
 4  /glade/scratch/dunlap/esmf-testing/nvhpc_21.11_openmpi_g_update_pio2.5.9/esmf/lib/libg/Linux.nvhpc.64.openmpi.default/libesmf.so(_ZN5ESMCI7MeshCap22meshcreatenodedistgridEPi+0x7f) [0x2ab3cdbe833f]
 5  /glade/scratch/dunlap/esmf-testing/nvhpc_21.11_openmpi_g_update_pio2.5.9/esmf/lib/libg/Linux.nvhpc.64.openmpi.default/libesmf.so(c_esmc_meshcreatenodedistgrid_+0xc1) [0x2ab3cdc3a701]
[r10i4n10:59376] *** Process received signal ***
[r10i4n10:59376] Signal: Segmentation fault (11)
[r10i4n10:59376] Signal code:  (-6)
[r10i4n10:59376] Failing at address: 0x10570000e7f0
[r10i4n10:59378] *** Process received signal ***
[r10i4n10:59378] Signal: Segmentation fault (11)
[r10i4n10:59378] Signal code:  (-6)
[r10i4n10:59378] Failing at address: 0x10570000e7f2
 6  /glade/scratch/dunlap/esmf-testing/nvhpc_21.11_openmpi_g_update_pio2.5.9/esmf/lib/libg/Linux.nvhpc.64.openmpi.default/libesmf.so(esmf_meshmod_esmf_meshcreate1part_+0x126c) [0x2ab3ce900a2c]
 7  ./ESMF_FieldMeshRegridEx() [0x40e1cd]
 8  ./ESMF_FieldMeshRegridEx() [0x406533]
 9  /glade/u/apps/ch/os/lib64/libc.so.6(__libc_start_main+0xf5) [0x2ab3d45bca35]
10  ./ESMF_FieldMeshRegridEx() [0x406429]
=================================
[r10i4n10:59378] [ 0] /glade/u/apps/ch/os/lib64/libpthread.so.0(+0x11c00)[0x2b76b1038c00]
[r10i4n10:59378] [ 1] /glade/scratch/dunlap/esmf-testing/nvhpc_21.11_openmpi_g_update_pio2.5.9/esmf/lib/libg/Linux.nvhpc.64.openmpi.default/libesmf.so(_ZN5ESMCI6LogErr13MsgFoundErrorEiPKciS2_S2_Pi+0x34)[0x2b76aad18c74]
[r10i4n10:59378] [ 2] /glade/scratch/dunlap/esmf-testing/nvhpc_21.11_openmpi_g_update_pio2.5.9/esmf/lib/libg/Linux.nvhpc.64.openmpi.default/libesmf.so(_ZN5ESMCI7MeshCap22meshcreatenodedistgridEPi+0x7f)[0x2b76aaf3533f]
[r10i4n10:59378] [ 3] ==== backtrace (tid:  59379) ====
 0  /glade/u/apps/ch/opt/ucx/1.11.0/lib/libucs.so.0(ucs_handle_error+0xe4) [0x2aef599381b4]
 1  /glade/u/apps/ch/opt/ucx/1.11.0/lib/libucs.so.0(+0x2a4dc) [0x2aef599384dc]
 2  /glade/u/apps/ch/opt/ucx/1.11.0/lib/libucs.so.0(+0x2a74b) [0x2aef5993874b]
 3  /glade/scratch/dunlap/esmf-testing/nvhpc_21.11_openmpi_g_update_pio2.5.9/esmf/lib/libg/Linux.nvhpc.64.openmpi.default/libesmf.so(_ZN5ESMCI6LogErr13MsgFoundErrorEiPKciS2_S2_Pi+0x34) [0x2aef3f9cfc74]
 4  /glade/scratch/dunlap/esmf-testing/nvhpc_21.11_openmpi_g_update_pio2.5.9/esmf/lib/libg/Linux.nvhpc.64.openmpi.default/libesmf.so(_ZN5ESMCI7MeshCap22meshcreatenodedistgridEPi+0x7f) [0x2aef3fbec33f]
 5  /glade/scratch/dunlap/esmf-testing/nvhpc_21.11_openmpi_g_update_pio2.5.9/esmf/lib/libg/Linux.nvhpc.64.openmpi.default/libesmf.so(c_esmc_meshcreatenodedistgrid_+0xc1) [0x2aef3fc3e701]
 6  /glade/scratch/dunlap/esmf-testing/nvhpc_21.11_openmpi_g_update_pio2.5.9/esmf/lib/libg/Linux.nvhpc.64.openmpi.default/libesmf.so(esmf_meshmod_esmf_meshcreate1part_+0x126c) [0x2aef40904a2c]
 7  ./ESMF_FieldMeshRegridEx() [0x40e1cd]
 8  ./ESMF_FieldMeshRegridEx() [0x406533]
 9  /glade/u/apps/ch/os/lib64/libc.so.6(__libc_start_main+0xf5) [0x2aef465c0a35]
10  ./ESMF_FieldMeshRegridEx() [0x406429]
=================================
[r10i4n10:59379] *** Process received signal ***
[r10i4n10:59379] Signal: Segmentation fault (11)
[r10i4n10:59379] Signal code:  (-6)
[r10i4n10:59379] Failing at address: 0x10570000e7f3
[r10i4n10:59379] [ 0] /glade/u/apps/ch/os/lib64/libpthread.so.0(+0x11c00)[0x2aef45cefc00]
[r10i4n10:59379] [ 1] /glade/scratch/dunlap/esmf-testing/nvhpc_21.11_openmpi_g_update_pio2.5.9/esmf/lib/libg/Linux.nvhpc.64.openmpi.default/libesmf.so(_ZN5ESMCI6LogErr13MsgFoundErrorEiPKciS2_S2_Pi+0x34)[0x2aef3f9cfc74]
[r10i4n10:59379] [ 2] /glade/scratch/dunlap/esmf-testing/nvhpc_21.11_openmpi_g_update_pio2.5.9/esmf/lib/libg/Linux.nvhpc.64.openmpi.default/libesmf.so(_ZN5ESMCI7MeshCap22meshcreatenodedistgridEPi+0x7f)[0x2aef3fbec33f]
[r10i4n10:59379] [ 3] [r10i4n10:59376] [ 0] /glade/u/apps/ch/os/lib64/libpthread.so.0(+0x11c00)[0x2b3b8f3afc00]
[r10i4n10:59376] [ 1] /glade/scratch/dunlap/esmf-testing/nvhpc_21.11_openmpi_g_update_pio2.5.9/esmf/lib/libg/Linux.nvhpc.64.openmpi.default/libesmf.so(_ZN5ESMCI6LogErr13MsgFoundErrorEiPKciS2_S2_Pi+0x34)[0x2b3b8908fc74]
[r10i4n10:59376] [ 2] /glade/scratch/dunlap/esmf-testing/nvhpc_21.11_openmpi_g_update_pio2.5.9/esmf/lib/libg/Linux.nvhpc.64.openmpi.default/libesmf.so(_ZN5ESMCI7MeshCap22meshcreatenodedistgridEPi+0x7f)[0x2b3b892ac33f]
[r10i4n10:59376] [ 3] [r10i4n10:59377] *** Process received signal ***
[r10i4n10:59377] Signal: Segmentation fault (11)
[r10i4n10:59377] Signal code:  (-6)
[r10i4n10:59377] Failing at address: 0x10570000e7f1
[r10i4n10:59377] [ 0] /glade/u/apps/ch/os/lib64/libpthread.so.0(+0x11c00)[0x2ab3d3cebc00]
[r10i4n10:59377] [ 1] /glade/scratch/dunlap/esmf-testing/nvhpc_21.11_openmpi_g_update_pio2.5.9/esmf/lib/libg/Linux.nvhpc.64.openmpi.default/libesmf.so(_ZN5ESMCI6LogErr13MsgFoundErrorEiPKciS2_S2_Pi+0x34)[0x2ab3cd9cbc74]
[r10i4n10:59377] [ 2] /glade/scratch/dunlap/esmf-testing/nvhpc_21.11_openmpi_g_update_pio2.5.9/esmf/lib/libg/Linux.nvhpc.64.openmpi.default/libesmf.so(_ZN5ESMCI7MeshCap22meshcreatenodedistgridEPi+0x7f)[0x2ab3cdbe833f]
[r10i4n10:59377] [ 3] /glade/scratch/dunlap/esmf-testing/nvhpc_21.11_openmpi_g_update_pio2.5.9/esmf/lib/libg/Linux.nvhpc.64.openmpi.default/libesmf.so(c_esmc_meshcreatenodedistgrid_+0xc1)[0x2b3b892fe701]
[r10i4n10:59376] [ 4] /glade/scratch/dunlap/esmf-testing/nvhpc_21.11_openmpi_g_update_pio2.5.9/esmf/lib/libg/Linux.nvhpc.64.openmpi.default/libesmf.so(c_esmc_meshcreatenodedistgrid_+0xc1)[0x2ab3cdc3a701]
[r10i4n10:59377] [ 4] /glade/scratch/dunlap/esmf-testing/nvhpc_21.11_openmpi_g_update_pio2.5.9/esmf/lib/libg/Linux.nvhpc.64.openmpi.default/libesmf.so(c_esmc_meshcreatenodedistgrid_+0xc1)[0x2b76aaf87701]
[r10i4n10:59378] [ 4] /glade/scratch/dunlap/esmf-testing/nvhpc_21.11_openmpi_g_update_pio2.5.9/esmf/lib/libg/Linux.nvhpc.64.openmpi.default/libesmf.so(c_esmc_meshcreatenodedistgrid_+0xc1)[0x2aef3fc3e701]
[r10i4n10:59379] [ 4] /glade/scratch/dunlap/esmf-testing/nvhpc_21.11_openmpi_g_update_pio2.5.9/esmf/lib/libg/Linux.nvhpc.64.openmpi.default/libesmf.so(esmf_meshmod_esmf_meshcreate1part_+0x126c)[0x2b3b89fc4a2c]
[r10i4n10:59376] [ 5] ./ESMF_FieldMeshRegridEx[0x40e1cd]
[r10i4n10:59376] [ 6] ./ESMF_FieldMeshRegridEx[0x406533]
[r10i4n10:59376] [ 7] /glade/u/apps/ch/os/lib64/libc.so.6(__libc_start_main+0xf5)[0x2b3b8fc80a35]
[r10i4n10:59376] [ 8] ./ESMF_FieldMeshRegridEx[0x406429]
[r10i4n10:59376] *** End of error message ***
/glade/scratch/dunlap/esmf-testing/nvhpc_21.11_openmpi_g_update_pio2.5.9/esmf/lib/libg/Linux.nvhpc.64.openmpi.default/libesmf.so(esmf_meshmod_esmf_meshcreate1part_+0x126c)[0x2b76abc4da2c]
[r10i4n10:59378] [ 5] ./ESMF_FieldMeshRegridEx[0x40e1cd]
[r10i4n10:59378] [ 6] /glade/scratch/dunlap/esmf-testing/nvhpc_21.11_openmpi_g_update_pio2.5.9/esmf/lib/libg/Linux.nvhpc.64.openmpi.default/libesmf.so(esmf_meshmod_esmf_meshcreate1part_+0x126c)[0x2ab3ce900a2c]
[r10i4n10:59377] [ 5] ./ESMF_FieldMeshRegridEx[0x406533]
[r10i4n10:59378] [ 7] ./ESMF_FieldMeshRegridEx[0x40e1cd]
[r10i4n10:59377] [ 6] ./ESMF_FieldMeshRegridEx[0x406533]
[r10i4n10:59377] [ 7] /glade/u/apps/ch/os/lib64/libc.so.6(__libc_start_main+0xf5)[0x2b76b1909a35]
[r10i4n10:59378] [ 8] ./ESMF_FieldMeshRegridEx[0x406429]
[r10i4n10:59378] *** End of error message ***
/glade/u/apps/ch/os/lib64/libc.so.6(__libc_start_main+0xf5)[0x2ab3d45bca35]
[r10i4n10:59377] [ 8] ./ESMF_FieldMeshRegridEx[0x406429]
[r10i4n10:59377] *** End of error message ***
/glade/scratch/dunlap/esmf-testing/nvhpc_21.11_openmpi_g_update_pio2.5.9/esmf/lib/libg/Linux.nvhpc.64.openmpi.default/libesmf.so(esmf_meshmod_esmf_meshcreate1part_+0x126c)[0x2aef40904a2c]
[r10i4n10:59379] [ 5] ./ESMF_FieldMeshRegridEx[0x40e1cd]
[r10i4n10:59379] [ 6] ./ESMF_FieldMeshRegridEx[0x406533]
[r10i4n10:59379] [ 7] /glade/u/apps/ch/os/lib64/libc.so.6(__libc_start_main+0xf5)[0x2aef465c0a35]
[r10i4n10:59379] [ 8] ./ESMF_FieldMeshRegridEx[0x406429]
[r10i4n10:59379] *** End of error message ***
--------------------------------------------------------------------------
Primary job  terminated normally, but 1 process returned
a non-zero exit code. Per user-direction, the job has been aborted.
--------------------------------------------------------------------------
--------------------------------------------------------------------------
mpirun noticed that process rank 3 with PID 0 on node r10i4n10 exited on signal 11 (Segmentation fault).
--------------------------------------------------------------------------
