2022-10-02 09:31:04
[r10i4n10:59035:0:59035] Caught signal 11 (Segmentation fault: address not mapped to object at address 0x4f1b591)
[r10i4n10:59036:0:59036] Caught signal 11 (Segmentation fault: address not mapped to object at address 0x4f1b591)
[r10i4n10:59037:0:59037] Caught signal 11 (Segmentation fault: address not mapped to object at address 0x4f1b591)
[r10i4n10:59038:0:59038] Caught signal 11 (Segmentation fault: address not mapped to object at address 0x4f1b591)
==== backtrace (tid:  59037) ====
 0  /glade/u/apps/ch/opt/ucx/1.11.0/lib/libucs.so.0(ucs_handle_error+0xe4) [0x2b72671561b4]
 1  /glade/u/apps/ch/opt/ucx/1.11.0/lib/libucs.so.0(+0x2a4dc) [0x2b72671564dc]
 2  /glade/u/apps/ch/opt/ucx/1.11.0/lib/libucs.so.0(+0x2a74b) [0x2b726715674b]
 3  /glade/scratch/dunlap/esmf-testing/nvhpc_21.11_openmpi_g_update_pio2.5.9/esmf/lib/libg/Linux.nvhpc.64.openmpi.default/libesmf.so(_ZN5ESMCI6LogErr13MsgFoundErrorEiPKciS2_S2_Pi+0x34) [0x2b7251374c74]
 4  /glade/scratch/dunlap/esmf-testing/nvhpc_21.11_openmpi_g_update_pio2.5.9/esmf/lib/libg/Linux.nvhpc.64.openmpi.default/libesmf.so(_ZN5ESMCI7MeshCap22meshcreatenodedistgridEPi+0x7f) [0x2b725159133f]
 5  /glade/scratch/dunlap/esmf-testing/nvhpc_21.11_openmpi_g_update_pio2.5.9/esmf/lib/libg/Linux.nvhpc.64.openmpi.default/libesmf.so(c_esmc_meshcreatenodedistgrid_+0xc1) [0x2b72515e3701]
 6  /glade/scratch/dunlap/esmf-testing/nvhpc_21.11_openmpi_g_update_pio2.5.9/esmf/lib/libg/Linux.nvhpc.64.openmpi.default/libesmf.so(esmf_meshmod_esmf_meshcreatefrompointer_+0x6d) [0x2b72522b21ed]
 7  /glade/scratch/dunlap/esmf-testing/nvhpc_21.11_openmpi_g_update_pio2.5.9/esmf/lib/libg/Linux.nvhpc.64.openmpi.default/libesmf.so(esmf_gridutilmod_esmf_gridtomesh_+0x52d) [0x2b725210dc2d]
 8  /glade/scratch/dunlap/esmf-testing/nvhpc_21.11_openmpi_g_update_pio2.5.9/esmf/lib/libg/Linux.nvhpc.64.openmpi.default/libesmf.so(esmf_fieldregridmod_b_or_p_gridtomesh_+0x5a8) [0x2b7251fcd4e8]
 9  /glade/scratch/dunlap/esmf-testing/nvhpc_21.11_openmpi_g_update_pio2.5.9/esmf/lib/libg/Linux.nvhpc.64.openmpi.default/libesmf.so(esmf_fieldregridmod_getmeshwithnodesonfieldloc_+0x55e) [0x2b7251fc899e]
10  /glade/scratch/dunlap/esmf-testing/nvhpc_21.11_openmpi_g_update_pio2.5.9/esmf/lib/libg/Linux.nvhpc.64.openmpi.default/libesmf.so(esmf_fieldregridmod_esmf_fieldregridstorenx_+0xf81) [0x2b7251fc64c1]
11  ./ESMF_FieldRegridMaskEx() [0x4095a9]
12  ./ESMF_FieldRegridMaskEx() [0x4066b3]
13  /glade/u/apps/ch/os/lib64/libc.so.6(__libc_start_main+0xf5) [0x2b7257f65a35]
14  ./ESMF_FieldRegridMaskEx() [0x4065a9]
==== backtrace (tid:  59035) ====
 0  /glade/u/apps/ch/opt/ucx/1.11.0/lib/libucs.so.0(ucs_handle_error+0xe4) [0x2b83a9d411b4]
 1  /glade/u/apps/ch/opt/ucx/1.11.0/lib/libucs.so.0(+0x2a4dc) [0x2b83a9d414dc]
 2  /glade/u/apps/ch/opt/ucx/1.11.0/lib/libucs.so.0(+0x2a74b) [0x2b83a9d4174b]
 3  /glade/scratch/dunlap/esmf-testing/nvhpc_21.11_openmpi_g_update_pio2.5.9/esmf/lib/libg/Linux.nvhpc.64.openmpi.default/libesmf.so(_ZN5ESMCI6LogErr13MsgFoundErrorEiPKciS2_S2_Pi+0x34) [0x2b838fcd0c74]
 4  /glade/scratch/dunlap/esmf-testing/nvhpc_21.11_openmpi_g_update_pio2.5.9/esmf/lib/libg/Linux.nvhpc.64.openmpi.default/libesmf.so(_ZN5ESMCI7MeshCap22meshcreatenodedistgridEPi+0x7f) [0x2b838feed33f]
 5  /glade/scratch/dunlap/esmf-testing/nvhpc_21.11_openmpi_g_update_pio2.5.9/esmf/lib/libg/Linux.nvhpc.64.openmpi.default/libesmf.so(c_esmc_meshcreatenodedistgrid_+0xc1) [0x2b838ff3f701]
 6  /glade/scratch/dunlap/esmf-testing/nvhpc_21.11_openmpi_g_update_pio2.5.9/esmf/lib/libg/Linux.nvhpc.64.openmpi.default/libesmf.so(esmf_meshmod_esmf_meshcreatefrompointer_+0x6d) [0x2b8390c0e1ed]
 7  /glade/scratch/dunlap/esmf-testing/nvhpc_21.11_openmpi_g_update_pio2.5.9/esmf/lib/libg/Linux.nvhpc.64.openmpi.default/libesmf.so(esmf_gridutilmod_esmf_gridtomesh_+0x52d) [0x2b8390a69c2d]
 8  /glade/scratch/dunlap/esmf-testing/nvhpc_21.11_openmpi_g_update_pio2.5.9/esmf/lib/libg/Linux.nvhpc.64.openmpi.default/libesmf.so(esmf_fieldregridmod_b_or_p_gridtomesh_+0x5a8) [0x2b83909294e8]
 9  /glade/scratch/dunlap/esmf-testing/nvhpc_21.11_openmpi_g_update_pio2.5.9/esmf/lib/libg/Linux.nvhpc.64.openmpi.default/libesmf.so(esmf_fieldregridmod_getmeshwithnodesonfieldloc_+0x55e) [0x2b839092499e]
10  /glade/scratch/dunlap/esmf-testing/nvhpc_21.11_openmpi_g_update_pio2.5.9/esmf/lib/libg/Linux.nvhpc.64.openmpi.default/libesmf.so(esmf_fieldregridmod_esmf_fieldregridstorenx_+0xf81) [0x2b83909224c1]
11  ./ESMF_FieldRegridMaskEx() [0x4095a9]
12  ./ESMF_FieldRegridMaskEx() [0x4066b3]
13  /glade/u/apps/ch/os/lib64/libc.so.6(__libc_start_main+0xf5) [0x2b83968c1a35]
14  ./ESMF_FieldRegridMaskEx() [0x4065a9]
=================================
=================================
==== backtrace (tid:  59038) ====
 0  /glade/u/apps/ch/opt/ucx/1.11.0/lib/libucs.so.0(ucs_handle_error+0xe4) [0x2b881b1561b4]
 1  /glade/u/apps/ch/opt/ucx/1.11.0/lib/libucs.so.0(+0x2a4dc) [0x2b881b1564dc]
 2  /glade/u/apps/ch/opt/ucx/1.11.0/lib/libucs.so.0(+0x2a74b) [0x2b881b15674b]
 3  /glade/scratch/dunlap/esmf-testing/nvhpc_21.11_openmpi_g_update_pio2.5.9/esmf/lib/libg/Linux.nvhpc.64.openmpi.default/libesmf.so(_ZN5ESMCI6LogErr13MsgFoundErrorEiPKciS2_S2_Pi+0x34) [0x2b8805374c74]
 4  /glade/scratch/dunlap/esmf-testing/nvhpc_21.11_openmpi_g_update_pio2.5.9/esmf/lib/libg/Linux.nvhpc.64.openmpi.default/libesmf.so(_ZN5ESMCI7MeshCap22meshcreatenodedistgridEPi+0x7f) [0x2b880559133f]
 5  /glade/scratch/dunlap/esmf-testing/nvhpc_21.11_openmpi_g_update_pio2.5.9/esmf/lib/libg/Linux.nvhpc.64.openmpi.default/libesmf.so(c_esmc_meshcreatenodedistgrid_+0xc1) [0x2b88055e3701]
 6  /glade/scratch/dunlap/esmf-testing/nvhpc_21.11_openmpi_g_update_pio2.5.9/esmf/lib/libg/Linux.nvhpc.64.openmpi.default/libesmf.so(esmf_meshmod_esmf_meshcreatefrompointer_+0x6d) [0x2b88062b21ed]
 7  /glade/scratch/dunlap/esmf-testing/nvhpc_21.11_openmpi_g_update_pio2.5.9/esmf/lib/libg/Linux.nvhpc.64.openmpi.default/libesmf.so(esmf_gridutilmod_esmf_gridtomesh_+0x52d) [0x2b880610dc2d]
 8  /glade/scratch/dunlap/esmf-testing/nvhpc_21.11_openmpi_g_update_pio2.5.9/esmf/lib/libg/Linux.nvhpc.64.openmpi.default/libesmf.so(esmf_fieldregridmod_b_or_p_gridtomesh_+0x5a8) [0x2b8805fcd4e8]
[r10i4n10:59035] *** Process received signal ***
[r10i4n10:59035] Signal: Segmentation fault (11)
[r10i4n10:59035] Signal code:  (-6)
[r10i4n10:59035] Failing at address: 0x10570000e69b
==== backtrace (tid:  59036) ====
 0  /glade/u/apps/ch/opt/ucx/1.11.0/lib/libucs.so.0(ucs_handle_error+0xe4) [0x2b9695f451b4]
 1  /glade/u/apps/ch/opt/ucx/1.11.0/lib/libucs.so.0(+0x2a4dc) [0x2b9695f454dc]
 2  /glade/u/apps/ch/opt/ucx/1.11.0/lib/libucs.so.0(+0x2a74b) [0x2b9695f4574b]
 3  /glade/scratch/dunlap/esmf-testing/nvhpc_21.11_openmpi_g_update_pio2.5.9/esmf/lib/libg/Linux.nvhpc.64.openmpi.default/libesmf.so(_ZN5ESMCI6LogErr13MsgFoundErrorEiPKciS2_S2_Pi+0x34) [0x2b967c0a5c74]
 4  /glade/scratch/dunlap/esmf-testing/nvhpc_21.11_openmpi_g_update_pio2.5.9/esmf/lib/libg/Linux.nvhpc.64.openmpi.default/libesmf.so(_ZN5ESMCI7MeshCap22meshcreatenodedistgridEPi+0x7f) [0x2b967c2c233f]
 5  /glade/scratch/dunlap/esmf-testing/nvhpc_21.11_openmpi_g_update_pio2.5.9/esmf/lib/libg/Linux.nvhpc.64.openmpi.default/libesmf.so(c_esmc_meshcreatenodedistgrid_+0xc1) [0x2b967c314701]
 6  /glade/scratch/dunlap/esmf-testing/nvhpc_21.11_openmpi_g_update_pio2.5.9/esmf/lib/libg/Linux.nvhpc.64.openmpi.default/libesmf.so(esmf_meshmod_esmf_meshcreatefrompointer_+0x6d) [0x2b967cfe31ed]
 7  /glade/scratch/dunlap/esmf-testing/nvhpc_21.11_openmpi_g_update_pio2.5.9/esmf/lib/libg/Linux.nvhpc.64.openmpi.default/libesmf.so(esmf_gridutilmod_esmf_gridtomesh_+0x52d) [0x2b967ce3ec2d]
 8  /glade/scratch/dunlap/esmf-testing/nvhpc_21.11_openmpi_g_update_pio2.5.9/esmf/lib/libg/Linux.nvhpc.64.openmpi.default/libesmf.so(esmf_fieldregridmod_b_or_p_gridtomesh_+0x5a8) [0x2b967ccfe4e8]
 9  /glade/scratch/dunlap/esmf-testing/nvhpc_21.11_openmpi_g_update_pio2.5.9/esmf/lib/libg/Linux.nvhpc.64.openmpi.default/libesmf.so(esmf_fieldregridmod_getmeshwithnodesonfieldloc_+0x55e) [0x2b967ccf999e]
10  /glade/scratch/dunlap/esmf-testing/nvhpc_21.11_openmpi_g_update_pio2.5.9/esmf/lib/libg/Linux.nvhpc.64.openmpi.default/libesmf.so(esmf_fieldregridmod_esmf_fieldregridstorenx_+0xf81) [0x2b967ccf74c1]
[r10i4n10:59037] *** Process received signal ***
[r10i4n10:59037] Signal: Segmentation fault (11)
[r10i4n10:59037] Signal code:  (-6)
[r10i4n10:59037] Failing at address: 0x10570000e69d
[r10i4n10:59037] [ 0] 11  ./ESMF_FieldRegridMaskEx() [0x4095a9]
12  ./ESMF_FieldRegridMaskEx() [0x4066b3]
13  /glade/u/apps/ch/os/lib64/libc.so.6(__libc_start_main+0xf5) [0x2b9682c96a35]
14  ./ESMF_FieldRegridMaskEx() [0x4065a9]
=================================
[r10i4n10:59036] *** Process received signal ***
[r10i4n10:59036] Signal: Segmentation fault (11)
[r10i4n10:59036] Signal code:  (-6)
[r10i4n10:59036] Failing at address: 0x10570000e69c
[r10i4n10:59036] [ 0] /glade/u/apps/ch/os/lib64/libpthread.so.0(+0x11c00)[0x2b96823c5c00]
[r10i4n10:59036] [ 1] /glade/scratch/dunlap/esmf-testing/nvhpc_21.11_openmpi_g_update_pio2.5.9/esmf/lib/libg/Linux.nvhpc.64.openmpi.default/libesmf.so(_ZN5ESMCI6LogErr13MsgFoundErrorEiPKciS2_S2_Pi+0x34)[0x2b967c0a5c74]
[r10i4n10:59036] [ 2] /glade/scratch/dunlap/esmf-testing/nvhpc_21.11_openmpi_g_update_pio2.5.9/esmf/lib/libg/Linux.nvhpc.64.openmpi.default/libesmf.so(_ZN5ESMCI7MeshCap22meshcreatenodedistgridEPi+0x7f)[0x2b967c2c233f]
[r10i4n10:59036] [ 3]  9  /glade/scratch/dunlap/esmf-testing/nvhpc_21.11_openmpi_g_update_pio2.5.9/esmf/lib/libg/Linux.nvhpc.64.openmpi.default/libesmf.so(esmf_fieldregridmod_getmeshwithnodesonfieldloc_+0x55e) [0x2b8805fc899e]
10  /glade/scratch/dunlap/esmf-testing/nvhpc_21.11_openmpi_g_update_pio2.5.9/esmf/lib/libg/Linux.nvhpc.64.openmpi.default/libesmf.so(esmf_fieldregridmod_esmf_fieldregridstorenx_+0xf81) [0x2b8805fc64c1]
11  ./ESMF_FieldRegridMaskEx() [0x4095a9]
12  ./ESMF_FieldRegridMaskEx() [0x4066b3]
13  /glade/u/apps/ch/os/lib64/libc.so.6(__libc_start_main+0xf5) [0x2b880bf65a35]
14  ./ESMF_FieldRegridMaskEx() [0x4065a9]
=================================
[r10i4n10:59038] *** Process received signal ***
[r10i4n10:59038] Signal: Segmentation fault (11)
[r10i4n10:59038] Signal code:  (-6)
[r10i4n10:59038] Failing at address: 0x10570000e69e
[r10i4n10:59038] [ 0] /glade/u/apps/ch/os/lib64/libpthread.so.0(+0x11c00)[0x2b880b694c00]
[r10i4n10:59038] [ 1] /glade/scratch/dunlap/esmf-testing/nvhpc_21.11_openmpi_g_update_pio2.5.9/esmf/lib/libg/Linux.nvhpc.64.openmpi.default/libesmf.so(_ZN5ESMCI6LogErr13MsgFoundErrorEiPKciS2_S2_Pi+0x34)[0x2b8805374c74]
[r10i4n10:59038] [ 2] /glade/scratch/dunlap/esmf-testing/nvhpc_21.11_openmpi_g_update_pio2.5.9/esmf/lib/libg/Linux.nvhpc.64.openmpi.default/libesmf.so(_ZN5ESMCI7MeshCap22meshcreatenodedistgridEPi+0x7f)[0x2b880559133f]
[r10i4n10:59038] [ 3] [r10i4n10:59035] [ 0] /glade/u/apps/ch/os/lib64/libpthread.so.0(+0x11c00)[0x2b8395ff0c00]
[r10i4n10:59035] [ 1] /glade/scratch/dunlap/esmf-testing/nvhpc_21.11_openmpi_g_update_pio2.5.9/esmf/lib/libg/Linux.nvhpc.64.openmpi.default/libesmf.so(_ZN5ESMCI6LogErr13MsgFoundErrorEiPKciS2_S2_Pi+0x34)[0x2b838fcd0c74]
[r10i4n10:59035] [ 2] /glade/scratch/dunlap/esmf-testing/nvhpc_21.11_openmpi_g_update_pio2.5.9/esmf/lib/libg/Linux.nvhpc.64.openmpi.default/libesmf.so(_ZN5ESMCI7MeshCap22meshcreatenodedistgridEPi+0x7f)[0x2b838feed33f]
[r10i4n10:59035] [ 3] /glade/u/apps/ch/os/lib64/libpthread.so.0(+0x11c00)[0x2b7257694c00]
[r10i4n10:59037] [ 1] /glade/scratch/dunlap/esmf-testing/nvhpc_21.11_openmpi_g_update_pio2.5.9/esmf/lib/libg/Linux.nvhpc.64.openmpi.default/libesmf.so(_ZN5ESMCI6LogErr13MsgFoundErrorEiPKciS2_S2_Pi+0x34)[0x2b7251374c74]
[r10i4n10:59037] [ 2] /glade/scratch/dunlap/esmf-testing/nvhpc_21.11_openmpi_g_update_pio2.5.9/esmf/lib/libg/Linux.nvhpc.64.openmpi.default/libesmf.so(_ZN5ESMCI7MeshCap22meshcreatenodedistgridEPi+0x7f)[0x2b725159133f]
[r10i4n10:59037] [ 3] /glade/scratch/dunlap/esmf-testing/nvhpc_21.11_openmpi_g_update_pio2.5.9/esmf/lib/libg/Linux.nvhpc.64.openmpi.default/libesmf.so(c_esmc_meshcreatenodedistgrid_+0xc1)[0x2b838ff3f701]
[r10i4n10:59035] [ 4] /glade/scratch/dunlap/esmf-testing/nvhpc_21.11_openmpi_g_update_pio2.5.9/esmf/lib/libg/Linux.nvhpc.64.openmpi.default/libesmf.so(c_esmc_meshcreatenodedistgrid_+0xc1)[0x2b72515e3701]
[r10i4n10:59037] [ 4] /glade/scratch/dunlap/esmf-testing/nvhpc_21.11_openmpi_g_update_pio2.5.9/esmf/lib/libg/Linux.nvhpc.64.openmpi.default/libesmf.so(c_esmc_meshcreatenodedistgrid_+0xc1)[0x2b967c314701]
[r10i4n10:59036] [ 4] /glade/scratch/dunlap/esmf-testing/nvhpc_21.11_openmpi_g_update_pio2.5.9/esmf/lib/libg/Linux.nvhpc.64.openmpi.default/libesmf.so(c_esmc_meshcreatenodedistgrid_+0xc1)[0x2b88055e3701]
[r10i4n10:59038] [ 4] /glade/scratch/dunlap/esmf-testing/nvhpc_21.11_openmpi_g_update_pio2.5.9/esmf/lib/libg/Linux.nvhpc.64.openmpi.default/libesmf.so(esmf_meshmod_esmf_meshcreatefrompointer_+0x6d)[0x2b8390c0e1ed]
[r10i4n10:59035] [ 5] /glade/scratch/dunlap/esmf-testing/nvhpc_21.11_openmpi_g_update_pio2.5.9/esmf/lib/libg/Linux.nvhpc.64.openmpi.default/libesmf.so(esmf_meshmod_esmf_meshcreatefrompointer_+0x6d)[0x2b72522b21ed]
[r10i4n10:59037] [ 5] /glade/scratch/dunlap/esmf-testing/nvhpc_21.11_openmpi_g_update_pio2.5.9/esmf/lib/libg/Linux.nvhpc.64.openmpi.default/libesmf.so(esmf_meshmod_esmf_meshcreatefrompointer_+0x6d)[0x2b88062b21ed]
[r10i4n10:59038] [ 5] /glade/scratch/dunlap/esmf-testing/nvhpc_21.11_openmpi_g_update_pio2.5.9/esmf/lib/libg/Linux.nvhpc.64.openmpi.default/libesmf.so(esmf_meshmod_esmf_meshcreatefrompointer_+0x6d)[0x2b967cfe31ed]
[r10i4n10:59036] [ 5] /glade/scratch/dunlap/esmf-testing/nvhpc_21.11_openmpi_g_update_pio2.5.9/esmf/lib/libg/Linux.nvhpc.64.openmpi.default/libesmf.so(esmf_gridutilmod_esmf_gridtomesh_+0x52d)[0x2b8390a69c2d]
[r10i4n10:59035] [ 6] /glade/scratch/dunlap/esmf-testing/nvhpc_21.11_openmpi_g_update_pio2.5.9/esmf/lib/libg/Linux.nvhpc.64.openmpi.default/libesmf.so(esmf_gridutilmod_esmf_gridtomesh_+0x52d)[0x2b725210dc2d]
[r10i4n10:59037] [ 6] /glade/scratch/dunlap/esmf-testing/nvhpc_21.11_openmpi_g_update_pio2.5.9/esmf/lib/libg/Linux.nvhpc.64.openmpi.default/libesmf.so(esmf_gridutilmod_esmf_gridtomesh_+0x52d)[0x2b967ce3ec2d]
[r10i4n10:59036] [ 6] /glade/scratch/dunlap/esmf-testing/nvhpc_21.11_openmpi_g_update_pio2.5.9/esmf/lib/libg/Linux.nvhpc.64.openmpi.default/libesmf.so(esmf_gridutilmod_esmf_gridtomesh_+0x52d)[0x2b880610dc2d]
[r10i4n10:59038] [ 6] /glade/scratch/dunlap/esmf-testing/nvhpc_21.11_openmpi_g_update_pio2.5.9/esmf/lib/libg/Linux.nvhpc.64.openmpi.default/libesmf.so(esmf_fieldregridmod_b_or_p_gridtomesh_+0x5a8)[0x2b83909294e8]
[r10i4n10:59035] [ 7] /glade/scratch/dunlap/esmf-testing/nvhpc_21.11_openmpi_g_update_pio2.5.9/esmf/lib/libg/Linux.nvhpc.64.openmpi.default/libesmf.so(esmf_fieldregridmod_b_or_p_gridtomesh_+0x5a8)[0x2b7251fcd4e8]
[r10i4n10:59037] [ 7] /glade/scratch/dunlap/esmf-testing/nvhpc_21.11_openmpi_g_update_pio2.5.9/esmf/lib/libg/Linux.nvhpc.64.openmpi.default/libesmf.so(esmf_fieldregridmod_b_or_p_gridtomesh_+0x5a8)[0x2b8805fcd4e8]
[r10i4n10:59038] [ 7] /glade/scratch/dunlap/esmf-testing/nvhpc_21.11_openmpi_g_update_pio2.5.9/esmf/lib/libg/Linux.nvhpc.64.openmpi.default/libesmf.so(esmf_fieldregridmod_b_or_p_gridtomesh_+0x5a8)[0x2b967ccfe4e8]
[r10i4n10:59036] [ 7] /glade/scratch/dunlap/esmf-testing/nvhpc_21.11_openmpi_g_update_pio2.5.9/esmf/lib/libg/Linux.nvhpc.64.openmpi.default/libesmf.so(esmf_fieldregridmod_getmeshwithnodesonfieldloc_+0x55e)[0x2b839092499e]
[r10i4n10:59035] [ 8] /glade/scratch/dunlap/esmf-testing/nvhpc_21.11_openmpi_g_update_pio2.5.9/esmf/lib/libg/Linux.nvhpc.64.openmpi.default/libesmf.so(esmf_fieldregridmod_getmeshwithnodesonfieldloc_+0x55e)[0x2b7251fc899e]
[r10i4n10:59037] [ 8] /glade/scratch/dunlap/esmf-testing/nvhpc_21.11_openmpi_g_update_pio2.5.9/esmf/lib/libg/Linux.nvhpc.64.openmpi.default/libesmf.so(esmf_fieldregridmod_getmeshwithnodesonfieldloc_+0x55e)[0x2b967ccf999e]
[r10i4n10:59036] [ 8] /glade/scratch/dunlap/esmf-testing/nvhpc_21.11_openmpi_g_update_pio2.5.9/esmf/lib/libg/Linux.nvhpc.64.openmpi.default/libesmf.so(esmf_fieldregridmod_getmeshwithnodesonfieldloc_+0x55e)[0x2b8805fc899e]
[r10i4n10:59038] [ 8] /glade/scratch/dunlap/esmf-testing/nvhpc_21.11_openmpi_g_update_pio2.5.9/esmf/lib/libg/Linux.nvhpc.64.openmpi.default/libesmf.so(esmf_fieldregridmod_esmf_fieldregridstorenx_+0xf81)[0x2b83909224c1]
[r10i4n10:59035] [ 9] ./ESMF_FieldRegridMaskEx[0x4095a9]
[r10i4n10:59035] [10] ./ESMF_FieldRegridMaskEx[0x4066b3]
[r10i4n10:59035] [11] /glade/scratch/dunlap/esmf-testing/nvhpc_21.11_openmpi_g_update_pio2.5.9/esmf/lib/libg/Linux.nvhpc.64.openmpi.default/libesmf.so(esmf_fieldregridmod_esmf_fieldregridstorenx_+0xf81)[0x2b7251fc64c1]
[r10i4n10:59037] [ 9] ./ESMF_FieldRegridMaskEx[0x4095a9]
[r10i4n10:59037] [10] ./ESMF_FieldRegridMaskEx[0x4066b3]
[r10i4n10:59037] [11] /glade/u/apps/ch/os/lib64/libc.so.6(__libc_start_main+0xf5)[0x2b83968c1a35]
[r10i4n10:59035] [12] ./ESMF_FieldRegridMaskEx[0x4065a9]
[r10i4n10:59035] *** End of error message ***
/glade/u/apps/ch/os/lib64/libc.so.6(__libc_start_main+0xf5)[0x2b7257f65a35]
[r10i4n10:59037] [12] ./ESMF_FieldRegridMaskEx[0x4065a9]
[r10i4n10:59037] *** End of error message ***
/glade/scratch/dunlap/esmf-testing/nvhpc_21.11_openmpi_g_update_pio2.5.9/esmf/lib/libg/Linux.nvhpc.64.openmpi.default/libesmf.so(esmf_fieldregridmod_esmf_fieldregridstorenx_+0xf81)[0x2b8805fc64c1]
[r10i4n10:59038] [ 9] ./ESMF_FieldRegridMaskEx[0x4095a9]
[r10i4n10:59038] [10] ./ESMF_FieldRegridMaskEx[0x4066b3]
[r10i4n10:59038] [11] /glade/scratch/dunlap/esmf-testing/nvhpc_21.11_openmpi_g_update_pio2.5.9/esmf/lib/libg/Linux.nvhpc.64.openmpi.default/libesmf.so(esmf_fieldregridmod_esmf_fieldregridstorenx_+0xf81)[0x2b967ccf74c1]
[r10i4n10:59036] [ 9] ./ESMF_FieldRegridMaskEx[0x4095a9]
[r10i4n10:59036] [10] ./ESMF_FieldRegridMaskEx[0x4066b3]
[r10i4n10:59036] [11] /glade/u/apps/ch/os/lib64/libc.so.6(__libc_start_main+0xf5)[0x2b880bf65a35]
[r10i4n10:59038] [12] ./ESMF_FieldRegridMaskEx[0x4065a9]
[r10i4n10:59038] *** End of error message ***
/glade/u/apps/ch/os/lib64/libc.so.6(__libc_start_main+0xf5)[0x2b9682c96a35]
[r10i4n10:59036] [12] ./ESMF_FieldRegridMaskEx[0x4065a9]
[r10i4n10:59036] *** End of error message ***
--------------------------------------------------------------------------
Primary job  terminated normally, but 1 process returned
a non-zero exit code. Per user-direction, the job has been aborted.
--------------------------------------------------------------------------
--------------------------------------------------------------------------
mpirun noticed that process rank 2 with PID 0 on node r10i4n10 exited on signal 11 (Segmentation fault).
--------------------------------------------------------------------------
