2022-10-02 09:31:04
[r10i4n10:56469:0:56469] Caught signal 11 (Segmentation fault: address not mapped to object at address 0x4f1b591)
[r10i4n10:56470:0:56470] Caught signal 11 (Segmentation fault: address not mapped to object at address 0x4f1b591)
[r10i4n10:56471:0:56471] Caught signal 11 (Segmentation fault: address not mapped to object at address 0x4f1b591)
[r10i4n10:56472:0:56472] Caught signal 11 (Segmentation fault: address not mapped to object at address 0x4f1b591)
==== backtrace (tid:  56471) ====
 0  /glade/u/apps/ch/opt/ucx/1.11.0/lib/libucs.so.0(ucs_handle_error+0xe4) [0x2b012f7611b4]
 1  /glade/u/apps/ch/opt/ucx/1.11.0/lib/libucs.so.0(+0x2a4dc) [0x2b012f7614dc]
 2  /glade/u/apps/ch/opt/ucx/1.11.0/lib/libucs.so.0(+0x2a74b) [0x2b012f76174b]
 3  /glade/scratch/dunlap/esmf-testing/nvhpc_21.11_openmpi_g_update_pio2.5.9/esmf/lib/libg/Linux.nvhpc.64.openmpi.default/libesmf.so(_ZN5ESMCI6LogErr13MsgFoundErrorEiPKciS2_S2_Pi+0x34) [0x2b01197e7c74]
 4  /glade/scratch/dunlap/esmf-testing/nvhpc_21.11_openmpi_g_update_pio2.5.9/esmf/lib/libg/Linux.nvhpc.64.openmpi.default/libesmf.so(_ZN5ESMCI7MeshCap22meshcreatenodedistgridEPi+0x7f) [0x2b0119a0433f]
 5  /glade/scratch/dunlap/esmf-testing/nvhpc_21.11_openmpi_g_update_pio2.5.9/esmf/lib/libg/Linux.nvhpc.64.openmpi.default/libesmf.so(c_esmc_meshcreatenodedistgrid_+0xc1) [0x2b0119a56701]
 6  /glade/scratch/dunlap/esmf-testing/nvhpc_21.11_openmpi_g_update_pio2.5.9/esmf/lib/libg/Linux.nvhpc.64.openmpi.default/libesmf.so(esmf_meshmod_esmf_meshcreatefrompointer_+0x6d) [0x2b011a7251ed]
 7  /glade/scratch/dunlap/esmf-testing/nvhpc_21.11_openmpi_g_update_pio2.5.9/esmf/lib/libg/Linux.nvhpc.64.openmpi.default/libesmf.so(esmf_gridutilmod_esmf_gridtomesh_+0x52d) [0x2b011a580c2d]
 8  /glade/scratch/dunlap/esmf-testing/nvhpc_21.11_openmpi_g_update_pio2.5.9/esmf/lib/libg/Linux.nvhpc.64.openmpi.default/libesmf.so(esmf_xgridcreatemod_esmf_xgridcreate_+0x3af1) [0x2b011a80b831]
 9  ./ESMF_XGridEx() [0x4083f9]
10  ./ESMF_XGridEx() [0x4067f3]
11  /glade/u/apps/ch/os/lib64/libc.so.6(__libc_start_main+0xf5) [0x2b01203d8a35]
12  ./ESMF_XGridEx() [0x4066e9]
=================================
==== backtrace (tid:  56469) ====
 0  /glade/u/apps/ch/opt/ucx/1.11.0/lib/libucs.so.0(ucs_handle_error+0xe4) [0x2b8fe552c1b4]
 1  /glade/u/apps/ch/opt/ucx/1.11.0/lib/libucs.so.0(+0x2a4dc) [0x2b8fe552c4dc]
 2  /glade/u/apps/ch/opt/ucx/1.11.0/lib/libucs.so.0(+0x2a74b) [0x2b8fe552c74b]
 3  /glade/scratch/dunlap/esmf-testing/nvhpc_21.11_openmpi_g_update_pio2.5.9/esmf/lib/libg/Linux.nvhpc.64.openmpi.default/libesmf.so(_ZN5ESMCI6LogErr13MsgFoundErrorEiPKciS2_S2_Pi+0x34) [0x2b8fcb52bc74]
 4  /glade/scratch/dunlap/esmf-testing/nvhpc_21.11_openmpi_g_update_pio2.5.9/esmf/lib/libg/Linux.nvhpc.64.openmpi.default/libesmf.so(_ZN5ESMCI7MeshCap22meshcreatenodedistgridEPi+0x7f) [0x2b8fcb74833f]
 5  /glade/scratch/dunlap/esmf-testing/nvhpc_21.11_openmpi_g_update_pio2.5.9/esmf/lib/libg/Linux.nvhpc.64.openmpi.default/libesmf.so(c_esmc_meshcreatenodedistgrid_+0xc1) [0x2b8fcb79a701]
 6  /glade/scratch/dunlap/esmf-testing/nvhpc_21.11_openmpi_g_update_pio2.5.9/esmf/lib/libg/Linux.nvhpc.64.openmpi.default/libesmf.so(esmf_meshmod_esmf_meshcreatefrompointer_+0x6d) [0x2b8fcc4691ed]
 7  /glade/scratch/dunlap/esmf-testing/nvhpc_21.11_openmpi_g_update_pio2.5.9/esmf/lib/libg/Linux.nvhpc.64.openmpi.default/libesmf.so(esmf_gridutilmod_esmf_gridtomesh_+0x52d) [0x2b8fcc2c4c2d]
 8  /glade/scratch/dunlap/esmf-testing/nvhpc_21.11_openmpi_g_update_pio2.5.9/esmf/lib/libg/Linux.nvhpc.64.openmpi.default/libesmf.so(esmf_xgridcreatemod_esmf_xgridcreate_+0x3af1) [0x2b8fcc54f831]
 9  ./ESMF_XGridEx() [0x4083f9]
10  ./ESMF_XGridEx() [0x4067f3]
11  /glade/u/apps/ch/os/lib64/libc.so.6(__libc_start_main+0xf5) [0x2b8fd211ca35]
12  ./ESMF_XGridEx() [0x4066e9]
=================================
==== backtrace (tid:  56470) ====
 0  /glade/u/apps/ch/opt/ucx/1.11.0/lib/libucs.so.0(ucs_handle_error+0xe4) [0x2b11793201b4]
 1  /glade/u/apps/ch/opt/ucx/1.11.0/lib/libucs.so.0(+0x2a4dc) [0x2b11793204dc]
 2  /glade/u/apps/ch/opt/ucx/1.11.0/lib/libucs.so.0(+0x2a74b) [0x2b117932074b]
 3  /glade/scratch/dunlap/esmf-testing/nvhpc_21.11_openmpi_g_update_pio2.5.9/esmf/lib/libg/Linux.nvhpc.64.openmpi.default/libesmf.so(_ZN5ESMCI6LogErr13MsgFoundErrorEiPKciS2_S2_Pi+0x34) [0x2b115f37ec74]
 4  /glade/scratch/dunlap/esmf-testing/nvhpc_21.11_openmpi_g_update_pio2.5.9/esmf/lib/libg/Linux.nvhpc.64.openmpi.default/libesmf.so(_ZN5ESMCI7MeshCap22meshcreatenodedistgridEPi+0x7f) [0x2b115f59b33f]
 5  /glade/scratch/dunlap/esmf-testing/nvhpc_21.11_openmpi_g_update_pio2.5.9/esmf/lib/libg/Linux.nvhpc.64.openmpi.default/libesmf.so(c_esmc_meshcreatenodedistgrid_+0xc1) [0x2b115f5ed701]
 6  /glade/scratch/dunlap/esmf-testing/nvhpc_21.11_openmpi_g_update_pio2.5.9/esmf/lib/libg/Linux.nvhpc.64.openmpi.default/libesmf.so(esmf_meshmod_esmf_meshcreatefrompointer_+0x6d) [0x2b11602bc1ed]
 7  /glade/scratch/dunlap/esmf-testing/nvhpc_21.11_openmpi_g_update_pio2.5.9/esmf/lib/libg/Linux.nvhpc.64.openmpi.default/libesmf.so(esmf_gridutilmod_esmf_gridtomesh_+0x52d) [0x2b1160117c2d]
 8  /glade/scratch/dunlap/esmf-testing/nvhpc_21.11_openmpi_g_update_pio2.5.9/esmf/lib/libg/Linux.nvhpc.64.openmpi.default/libesmf.so(esmf_xgridcreatemod_esmf_xgridcreate_+0x3af1) [0x2b11603a2831]
 9  ./ESMF_XGridEx() [0x4083f9]
10  ./ESMF_XGridEx() [0x4067f3]
11  /glade/u/apps/ch/os/lib64/libc.so.6(__libc_start_main+0xf5) [0x2b1165f6fa35]
12  ./ESMF_XGridEx() [0x4066e9]
=================================
==== backtrace (tid:  56472) ====
 0  /glade/u/apps/ch/opt/ucx/1.11.0/lib/libucs.so.0(ucs_handle_error+0xe4) [0x2b125fd6c1b4]
 1  /glade/u/apps/ch/opt/ucx/1.11.0/lib/libucs.so.0(+0x2a4dc) [0x2b125fd6c4dc]
 2  /glade/u/apps/ch/opt/ucx/1.11.0/lib/libucs.so.0(+0x2a74b) [0x2b125fd6c74b]
 3  /glade/scratch/dunlap/esmf-testing/nvhpc_21.11_openmpi_g_update_pio2.5.9/esmf/lib/libg/Linux.nvhpc.64.openmpi.default/libesmf.so(_ZN5ESMCI6LogErr13MsgFoundErrorEiPKciS2_S2_Pi+0x34) [0x2b1249e8dc74]
 4  /glade/scratch/dunlap/esmf-testing/nvhpc_21.11_openmpi_g_update_pio2.5.9/esmf/lib/libg/Linux.nvhpc.64.openmpi.default/libesmf.so(_ZN5ESMCI7MeshCap22meshcreatenodedistgridEPi+0x7f) [0x2b124a0aa33f]
 5  /glade/scratch/dunlap/esmf-testing/nvhpc_21.11_openmpi_g_update_pio2.5.9/esmf/lib/libg/Linux.nvhpc.64.openmpi.default/libesmf.so(c_esmc_meshcreatenodedistgrid_+0xc1) [0x2b124a0fc701]
 6  /glade/scratch/dunlap/esmf-testing/nvhpc_21.11_openmpi_g_update_pio2.5.9/esmf/lib/libg/Linux.nvhpc.64.openmpi.default/libesmf.so(esmf_meshmod_esmf_meshcreatefrompointer_+0x6d) [0x2b124adcb1ed]
 7  /glade/scratch/dunlap/esmf-testing/nvhpc_21.11_openmpi_g_update_pio2.5.9/esmf/lib/libg/Linux.nvhpc.64.openmpi.default/libesmf.so(esmf_gridutilmod_esmf_gridtomesh_+0x52d) [0x2b124ac26c2d]
 8  /glade/scratch/dunlap/esmf-testing/nvhpc_21.11_openmpi_g_update_pio2.5.9/esmf/lib/libg/Linux.nvhpc.64.openmpi.default/libesmf.so(esmf_xgridcreatemod_esmf_xgridcreate_+0x3af1) [0x2b124aeb1831]
 9  ./ESMF_XGridEx() [0x4083f9]
10  ./ESMF_XGridEx() [0x4067f3]
11  /glade/u/apps/ch/os/lib64/libc.so.6(__libc_start_main+0xf5) [0x2b1250a7ea35]
12  ./ESMF_XGridEx() [0x4066e9]
=================================
[r10i4n10:56470] *** Process received signal ***
[r10i4n10:56470] Signal: Segmentation fault (11)
[r10i4n10:56470] Signal code:  (-6)
[r10i4n10:56470] Failing at address: 0x10570000dc96
[r10i4n10:56471] *** Process received signal ***
[r10i4n10:56471] Signal: Segmentation fault (11)
[r10i4n10:56471] Signal code:  (-6)
[r10i4n10:56471] Failing at address: 0x10570000dc97
[r10i4n10:56469] *** Process received signal ***
[r10i4n10:56469] Signal: Segmentation fault (11)
[r10i4n10:56469] Signal code:  (-6)
[r10i4n10:56469] Failing at address: 0x10570000dc95
[r10i4n10:56472] *** Process received signal ***
[r10i4n10:56472] Signal: Segmentation fault (11)
[r10i4n10:56472] Signal code:  (-6)
[r10i4n10:56472] Failing at address: 0x10570000dc98
[r10i4n10:56469] [ 0] [r10i4n10:56471] [ 0] [r10i4n10:56472] [ 0] /glade/u/apps/ch/os/lib64/libpthread.so.0(+0x11c00)[0x2b12501adc00]
[r10i4n10:56472] [ 1] /glade/scratch/dunlap/esmf-testing/nvhpc_21.11_openmpi_g_update_pio2.5.9/esmf/lib/libg/Linux.nvhpc.64.openmpi.default/libesmf.so(_ZN5ESMCI6LogErr13MsgFoundErrorEiPKciS2_S2_Pi+0x34)[0x2b1249e8dc74]
[r10i4n10:56472] [ 2] /glade/scratch/dunlap/esmf-testing/nvhpc_21.11_openmpi_g_update_pio2.5.9/esmf/lib/libg/Linux.nvhpc.64.openmpi.default/libesmf.so(_ZN5ESMCI7MeshCap22meshcreatenodedistgridEPi+0x7f)[0x2b124a0aa33f]
[r10i4n10:56472] [ 3] [r10i4n10:56470] [ 0] /glade/u/apps/ch/os/lib64/libpthread.so.0(+0x11c00)[0x2b116569ec00]
[r10i4n10:56470] [ 1] /glade/scratch/dunlap/esmf-testing/nvhpc_21.11_openmpi_g_update_pio2.5.9/esmf/lib/libg/Linux.nvhpc.64.openmpi.default/libesmf.so(_ZN5ESMCI6LogErr13MsgFoundErrorEiPKciS2_S2_Pi+0x34)[0x2b115f37ec74]
[r10i4n10:56470] [ 2] /glade/scratch/dunlap/esmf-testing/nvhpc_21.11_openmpi_g_update_pio2.5.9/esmf/lib/libg/Linux.nvhpc.64.openmpi.default/libesmf.so(_ZN5ESMCI7MeshCap22meshcreatenodedistgridEPi+0x7f)[0x2b115f59b33f]
[r10i4n10:56470] [ 3] /glade/u/apps/ch/os/lib64/libpthread.so.0(+0x11c00)[0x2b8fd184bc00]
[r10i4n10:56469] [ 1] /glade/scratch/dunlap/esmf-testing/nvhpc_21.11_openmpi_g_update_pio2.5.9/esmf/lib/libg/Linux.nvhpc.64.openmpi.default/libesmf.so(_ZN5ESMCI6LogErr13MsgFoundErrorEiPKciS2_S2_Pi+0x34)[0x2b8fcb52bc74]
[r10i4n10:56469] [ 2] /glade/scratch/dunlap/esmf-testing/nvhpc_21.11_openmpi_g_update_pio2.5.9/esmf/lib/libg/Linux.nvhpc.64.openmpi.default/libesmf.so(_ZN5ESMCI7MeshCap22meshcreatenodedistgridEPi+0x7f)[0x2b8fcb74833f]
[r10i4n10:56469] [ 3] /glade/u/apps/ch/os/lib64/libpthread.so.0(+0x11c00)[0x2b011fb07c00]
[r10i4n10:56471] [ 1] /glade/scratch/dunlap/esmf-testing/nvhpc_21.11_openmpi_g_update_pio2.5.9/esmf/lib/libg/Linux.nvhpc.64.openmpi.default/libesmf.so(_ZN5ESMCI6LogErr13MsgFoundErrorEiPKciS2_S2_Pi+0x34)[0x2b01197e7c74]
[r10i4n10:56471] [ 2] /glade/scratch/dunlap/esmf-testing/nvhpc_21.11_openmpi_g_update_pio2.5.9/esmf/lib/libg/Linux.nvhpc.64.openmpi.default/libesmf.so(_ZN5ESMCI7MeshCap22meshcreatenodedistgridEPi+0x7f)[0x2b0119a0433f]
[r10i4n10:56471] [ 3] /glade/scratch/dunlap/esmf-testing/nvhpc_21.11_openmpi_g_update_pio2.5.9/esmf/lib/libg/Linux.nvhpc.64.openmpi.default/libesmf.so(c_esmc_meshcreatenodedistgrid_+0xc1)[0x2b124a0fc701]
[r10i4n10:56472] [ 4] /glade/scratch/dunlap/esmf-testing/nvhpc_21.11_openmpi_g_update_pio2.5.9/esmf/lib/libg/Linux.nvhpc.64.openmpi.default/libesmf.so(c_esmc_meshcreatenodedistgrid_+0xc1)[0x2b0119a56701]
[r10i4n10:56471] [ 4] /glade/scratch/dunlap/esmf-testing/nvhpc_21.11_openmpi_g_update_pio2.5.9/esmf/lib/libg/Linux.nvhpc.64.openmpi.default/libesmf.so(c_esmc_meshcreatenodedistgrid_+0xc1)[0x2b8fcb79a701]
[r10i4n10:56469] [ 4] /glade/scratch/dunlap/esmf-testing/nvhpc_21.11_openmpi_g_update_pio2.5.9/esmf/lib/libg/Linux.nvhpc.64.openmpi.default/libesmf.so(c_esmc_meshcreatenodedistgrid_+0xc1)[0x2b115f5ed701]
[r10i4n10:56470] [ 4] /glade/scratch/dunlap/esmf-testing/nvhpc_21.11_openmpi_g_update_pio2.5.9/esmf/lib/libg/Linux.nvhpc.64.openmpi.default/libesmf.so(esmf_meshmod_esmf_meshcreatefrompointer_+0x6d)[0x2b011a7251ed]
[r10i4n10:56471] [ 5] /glade/scratch/dunlap/esmf-testing/nvhpc_21.11_openmpi_g_update_pio2.5.9/esmf/lib/libg/Linux.nvhpc.64.openmpi.default/libesmf.so(esmf_meshmod_esmf_meshcreatefrompointer_+0x6d)[0x2b124adcb1ed]
[r10i4n10:56472] [ 5] /glade/scratch/dunlap/esmf-testing/nvhpc_21.11_openmpi_g_update_pio2.5.9/esmf/lib/libg/Linux.nvhpc.64.openmpi.default/libesmf.so(esmf_meshmod_esmf_meshcreatefrompointer_+0x6d)[0x2b11602bc1ed]
[r10i4n10:56470] [ 5] /glade/scratch/dunlap/esmf-testing/nvhpc_21.11_openmpi_g_update_pio2.5.9/esmf/lib/libg/Linux.nvhpc.64.openmpi.default/libesmf.so(esmf_meshmod_esmf_meshcreatefrompointer_+0x6d)[0x2b8fcc4691ed]
[r10i4n10:56469] [ 5] /glade/scratch/dunlap/esmf-testing/nvhpc_21.11_openmpi_g_update_pio2.5.9/esmf/lib/libg/Linux.nvhpc.64.openmpi.default/libesmf.so(esmf_gridutilmod_esmf_gridtomesh_+0x52d)[0x2b1160117c2d]
[r10i4n10:56470] [ 6] /glade/scratch/dunlap/esmf-testing/nvhpc_21.11_openmpi_g_update_pio2.5.9/esmf/lib/libg/Linux.nvhpc.64.openmpi.default/libesmf.so(esmf_gridutilmod_esmf_gridtomesh_+0x52d)[0x2b124ac26c2d]
[r10i4n10:56472] [ 6] /glade/scratch/dunlap/esmf-testing/nvhpc_21.11_openmpi_g_update_pio2.5.9/esmf/lib/libg/Linux.nvhpc.64.openmpi.default/libesmf.so(esmf_gridutilmod_esmf_gridtomesh_+0x52d)[0x2b8fcc2c4c2d]
[r10i4n10:56469] [ 6] /glade/scratch/dunlap/esmf-testing/nvhpc_21.11_openmpi_g_update_pio2.5.9/esmf/lib/libg/Linux.nvhpc.64.openmpi.default/libesmf.so(esmf_gridutilmod_esmf_gridtomesh_+0x52d)[0x2b011a580c2d]
[r10i4n10:56471] [ 6] /glade/scratch/dunlap/esmf-testing/nvhpc_21.11_openmpi_g_update_pio2.5.9/esmf/lib/libg/Linux.nvhpc.64.openmpi.default/libesmf.so(esmf_xgridcreatemod_esmf_xgridcreate_+0x3af1)[0x2b11603a2831]
[r10i4n10:56470] [ 7] ./ESMF_XGridEx[0x4083f9]
[r10i4n10:56470] [ 8] ./ESMF_XGridEx[0x4067f3]
[r10i4n10:56470] [ 9] /glade/u/apps/ch/os/lib64/libc.so.6(__libc_start_main+0xf5)[0x2b1165f6fa35]
[r10i4n10:56470] [10] ./ESMF_XGridEx[0x4066e9]
[r10i4n10:56470] *** End of error message ***
/glade/scratch/dunlap/esmf-testing/nvhpc_21.11_openmpi_g_update_pio2.5.9/esmf/lib/libg/Linux.nvhpc.64.openmpi.default/libesmf.so(esmf_xgridcreatemod_esmf_xgridcreate_+0x3af1)[0x2b8fcc54f831]
[r10i4n10:56469] [ 7] ./ESMF_XGridEx[0x4083f9]
[r10i4n10:56469] [ 8] ./ESMF_XGridEx[0x4067f3]
[r10i4n10:56469] [ 9] /glade/scratch/dunlap/esmf-testing/nvhpc_21.11_openmpi_g_update_pio2.5.9/esmf/lib/libg/Linux.nvhpc.64.openmpi.default/libesmf.so(esmf_xgridcreatemod_esmf_xgridcreate_+0x3af1)[0x2b124aeb1831]
[r10i4n10:56472] [ 7] ./ESMF_XGridEx[0x4083f9]
[r10i4n10:56472] [ 8] ./ESMF_XGridEx[0x4067f3]
[r10i4n10:56472] [ 9] /glade/scratch/dunlap/esmf-testing/nvhpc_21.11_openmpi_g_update_pio2.5.9/esmf/lib/libg/Linux.nvhpc.64.openmpi.default/libesmf.so(esmf_xgridcreatemod_esmf_xgridcreate_+0x3af1)[0x2b011a80b831]
[r10i4n10:56471] [ 7] ./ESMF_XGridEx[0x4083f9]
[r10i4n10:56471] [ 8] ./ESMF_XGridEx[0x4067f3]
/glade/u/apps/ch/os/lib64/libc.so.6(__libc_start_main+0xf5)[0x2b1250a7ea35]
[r10i4n10:56472] [10] ./ESMF_XGridEx[0x4066e9]
[r10i4n10:56472] *** End of error message ***
/glade/u/apps/ch/os/lib64/libc.so.6(__libc_start_main+0xf5)[0x2b8fd211ca35]
[r10i4n10:56469] [10] ./ESMF_XGridEx[0x4066e9]
[r10i4n10:56469] *** End of error message ***
[r10i4n10:56471] [ 9] /glade/u/apps/ch/os/lib64/libc.so.6(__libc_start_main+0xf5)[0x2b01203d8a35]
[r10i4n10:56471] [10] ./ESMF_XGridEx[0x4066e9]
[r10i4n10:56471] *** End of error message ***
--------------------------------------------------------------------------
Primary job  terminated normally, but 1 process returned
a non-zero exit code. Per user-direction, the job has been aborted.
--------------------------------------------------------------------------
--------------------------------------------------------------------------
mpirun noticed that process rank 2 with PID 0 on node r10i4n10 exited on signal 11 (Segmentation fault).
--------------------------------------------------------------------------
