2022-10-25 04:51:06
20221025 055647.758 INFO             PET0 !!!!!!!!!!!!!!!!!!!!!!!!!!!!!!!!!!!!!!!!!!!!!!!!!!!!!!
20221025 055647.758 INFO             PET0 !!! THE ESMF_LOG IS SET TO OUTPUT ALL LOG MESSAGES !!!
20221025 055647.758 INFO             PET0 !!!     THIS MAY CAUSE SLOWDOWN IN PERFORMANCE     !!!
20221025 055647.758 INFO             PET0 !!! FOR PRODUCTION RUNS, USE:                      !!!
20221025 055647.758 INFO             PET0 !!!                   ESMF_LOGKIND_Multi_On_Error  !!!
20221025 055647.758 INFO             PET0 !!!!!!!!!!!!!!!!!!!!!!!!!!!!!!!!!!!!!!!!!!!!!!!!!!!!!!
20221025 055647.758 INFO             PET0 Running with ESMF Version   : v8.5.0b02-1-ge46659fdec
20221025 055647.758 INFO             PET0 ESMF library build date/time: "Oct 25 2022" "04:44:53"
20221025 055647.758 INFO             PET0 ESMF library build location : /glade/scratch/theurich/ESMF-Nightly-Testing/intel_18.0.5_mpt_O_develop/esmf
20221025 055647.758 INFO             PET0 ESMF_COMM                   : mpt
20221025 055647.758 INFO             PET0 ESMF_MOAB                   : enabled
20221025 055647.758 INFO             PET0 ESMF_LAPACK                 : enabled
20221025 055647.758 INFO             PET0 ESMF_NETCDF                 : enabled
20221025 055647.758 INFO             PET0 ESMF_PNETCDF                : disabled
20221025 055647.758 INFO             PET0 ESMF_PIO                    : enabled
20221025 055647.758 INFO             PET0 ESMF_YAMLCPP                : enabled
20221025 055647.758 INFO             PET0  NUMBER_OF_PROCESSORS           1
20221025 055647.758 INFO             PET0  PASS  Example ESMF_TimeIntervalEx, ESMF_TimeIntervalEx.F90, line 176
20221025 055647.758 INFO             PET0 Finalizing ESMF
