2022-10-01 04:27:00
20221001 053202.547 INFO             PET0 !!!!!!!!!!!!!!!!!!!!!!!!!!!!!!!!!!!!!!!!!!!!!!!!!!!!!!
20221001 053202.547 INFO             PET0 !!! THE ESMF_LOG IS SET TO OUTPUT ALL LOG MESSAGES !!!
20221001 053202.547 INFO             PET0 !!!     THIS MAY CAUSE SLOWDOWN IN PERFORMANCE     !!!
20221001 053202.547 INFO             PET0 !!! FOR PRODUCTION RUNS, USE:                      !!!
20221001 053202.547 INFO             PET0 !!!                   ESMF_LOGKIND_Multi_On_Error  !!!
20221001 053202.547 INFO             PET0 !!!!!!!!!!!!!!!!!!!!!!!!!!!!!!!!!!!!!!!!!!!!!!!!!!!!!!
20221001 053202.547 INFO             PET0 Running with ESMF Version   : v8.4.0b15-7-gae8efd6d7f
20221001 053202.547 INFO             PET0 ESMF library build date/time: "Oct  1 2022" "04:20:38"
20221001 053202.547 INFO             PET0 ESMF library build location : /glade/scratch/dunlap/esmf-testing/intel_18.0.5_mpt_O_develop/esmf
20221001 053202.547 INFO             PET0 ESMF_COMM                   : mpt
20221001 053202.548 INFO             PET0 ESMF_MOAB                   : enabled
20221001 053202.548 INFO             PET0 ESMF_LAPACK                 : enabled
20221001 053202.548 INFO             PET0 ESMF_NETCDF                 : enabled
20221001 053202.548 INFO             PET0 ESMF_PNETCDF                : disabled
20221001 053202.548 INFO             PET0 ESMF_PIO                    : enabled
20221001 053202.548 INFO             PET0 ESMF_YAMLCPP                : enabled
20221001 053202.548 INFO             PET0  NUMBER_OF_PROCESSORS           1
20221001 053202.548 INFO             PET0  PASS  Example ESMF_ClockEx, ESMF_ClockEx.F90, line 220
20221001 053202.548 INFO             PET0 Finalizing ESMF
