2022-10-18 03:17:47
20221018 034152.468 INFO             PET0 !!!!!!!!!!!!!!!!!!!!!!!!!!!!!!!!!!!!!!!!!!!!!!!!!!!!!!
20221018 034152.468 INFO             PET0 !!! THE ESMF_LOG IS SET TO OUTPUT ALL LOG MESSAGES !!!
20221018 034152.468 INFO             PET0 !!!     THIS MAY CAUSE SLOWDOWN IN PERFORMANCE     !!!
20221018 034152.468 INFO             PET0 !!! FOR PRODUCTION RUNS, USE:                      !!!
20221018 034152.468 INFO             PET0 !!!                   ESMF_LOGKIND_Multi_On_Error  !!!
20221018 034152.468 INFO             PET0 !!!!!!!!!!!!!!!!!!!!!!!!!!!!!!!!!!!!!!!!!!!!!!!!!!!!!!
20221018 034152.468 INFO             PET0 Running with ESMF Version   : v8.4.0b20
20221018 034152.468 INFO             PET0 ESMF library build date/time: "Oct 18 2022" "03:15:43"
20221018 034152.468 INFO             PET0 ESMF library build location : /project/esmf/sacks/esmf-testing/gfortran_11.2.0_openmpi_g_release_8.4.0/esmf
20221018 034152.468 INFO             PET0 ESMF_COMM                   : openmpi
20221018 034152.468 INFO             PET0 ESMF_MOAB                   : enabled
20221018 034152.468 INFO             PET0 ESMF_LAPACK                 : enabled
20221018 034152.468 INFO             PET0 ESMF_NETCDF                 : enabled
20221018 034152.468 INFO             PET0 ESMF_PNETCDF                : disabled
20221018 034152.468 INFO             PET0 ESMF_PIO                    : enabled
20221018 034152.468 INFO             PET0 ESMF_YAMLCPP                : enabled
20221018 034152.468 INFO             PET0  NUMBER_OF_PROCESSORS           4
20221018 034152.468 INFO             PET0  PASS  Example ESMF_VMUserMpiCommMultiEx, ESMF_VMUserMpiCommMultiEx.F90, line 126
20221018 034152.468 INFO             PET0 Finalizing ESMF
20221018 034152.468 INFO             PET0 !!!!!!!!!!!!!!!!!!!!!!!!!!!!!!!!!!!!!!!!!!!!!!!!!!!!!!
20221018 034152.468 INFO             PET0 !!! THE ESMF_LOG IS SET TO OUTPUT ALL LOG MESSAGES !!!
20221018 034152.468 INFO             PET0 !!!     THIS MAY CAUSE SLOWDOWN IN PERFORMANCE     !!!
20221018 034152.468 INFO             PET0 !!! FOR PRODUCTION RUNS, USE:                      !!!
20221018 034152.468 INFO             PET0 !!!                   ESMF_LOGKIND_Multi_On_Error  !!!
20221018 034152.468 INFO             PET0 !!!!!!!!!!!!!!!!!!!!!!!!!!!!!!!!!!!!!!!!!!!!!!!!!!!!!!
20221018 034152.468 INFO             PET0 Running with ESMF Version   : v8.4.0b20
20221018 034152.468 INFO             PET0 ESMF library build date/time: "Oct 18 2022" "03:15:43"
20221018 034152.468 INFO             PET0 ESMF library build location : /project/esmf/sacks/esmf-testing/gfortran_11.2.0_openmpi_g_release_8.4.0/esmf
20221018 034152.468 INFO             PET0 ESMF_COMM                   : openmpi
20221018 034152.468 INFO             PET0 ESMF_MOAB                   : enabled
20221018 034152.468 INFO             PET0 ESMF_LAPACK                 : enabled
20221018 034152.468 INFO             PET0 ESMF_NETCDF                 : enabled
20221018 034152.468 INFO             PET0 ESMF_PNETCDF                : disabled
20221018 034152.468 INFO             PET0 ESMF_PIO                    : enabled
20221018 034152.468 INFO             PET0 ESMF_YAMLCPP                : enabled
20221018 034152.468 INFO             PET0  NUMBER_OF_PROCESSORS           4
20221018 034152.468 INFO             PET0  PASS  Example ESMF_VMUserMpiCommMultiEx, ESMF_VMUserMpiCommMultiEx.F90, line 154
20221018 034152.468 INFO             PET0 Finalizing ESMF
20221018 034152.468 INFO             PET1 !!!!!!!!!!!!!!!!!!!!!!!!!!!!!!!!!!!!!!!!!!!!!!!!!!!!!!
20221018 034152.468 INFO             PET1 !!! THE ESMF_LOG IS SET TO OUTPUT ALL LOG MESSAGES !!!
20221018 034152.468 INFO             PET1 !!!     THIS MAY CAUSE SLOWDOWN IN PERFORMANCE     !!!
20221018 034152.468 INFO             PET1 !!! FOR PRODUCTION RUNS, USE:                      !!!
20221018 034152.468 INFO             PET1 !!!                   ESMF_LOGKIND_Multi_On_Error  !!!
20221018 034152.468 INFO             PET1 !!!!!!!!!!!!!!!!!!!!!!!!!!!!!!!!!!!!!!!!!!!!!!!!!!!!!!
20221018 034152.468 INFO             PET1 Running with ESMF Version   : v8.4.0b20
20221018 034152.468 INFO             PET1 ESMF library build date/time: "Oct 18 2022" "03:15:43"
20221018 034152.468 INFO             PET1 ESMF library build location : /project/esmf/sacks/esmf-testing/gfortran_11.2.0_openmpi_g_release_8.4.0/esmf
20221018 034152.468 INFO             PET1 ESMF_COMM                   : openmpi
20221018 034152.468 INFO             PET1 ESMF_MOAB                   : enabled
20221018 034152.468 INFO             PET1 ESMF_LAPACK                 : enabled
20221018 034152.468 INFO             PET1 ESMF_NETCDF                 : enabled
20221018 034152.468 INFO             PET1 ESMF_PNETCDF                : disabled
20221018 034152.468 INFO             PET1 ESMF_PIO                    : enabled
20221018 034152.468 INFO             PET1 ESMF_YAMLCPP                : enabled
20221018 034152.468 INFO             PET1  NUMBER_OF_PROCESSORS           4
20221018 034152.468 INFO             PET1  PASS  Example ESMF_VMUserMpiCommMultiEx, ESMF_VMUserMpiCommMultiEx.F90, line 126
20221018 034152.468 INFO             PET1 Finalizing ESMF
20221018 034152.468 INFO             PET1 !!!!!!!!!!!!!!!!!!!!!!!!!!!!!!!!!!!!!!!!!!!!!!!!!!!!!!
20221018 034152.468 INFO             PET1 !!! THE ESMF_LOG IS SET TO OUTPUT ALL LOG MESSAGES !!!
20221018 034152.468 INFO             PET1 !!!     THIS MAY CAUSE SLOWDOWN IN PERFORMANCE     !!!
20221018 034152.468 INFO             PET1 !!! FOR PRODUCTION RUNS, USE:                      !!!
20221018 034152.468 INFO             PET1 !!!                   ESMF_LOGKIND_Multi_On_Error  !!!
20221018 034152.468 INFO             PET1 !!!!!!!!!!!!!!!!!!!!!!!!!!!!!!!!!!!!!!!!!!!!!!!!!!!!!!
20221018 034152.468 INFO             PET1 Running with ESMF Version   : v8.4.0b20
20221018 034152.468 INFO             PET1 ESMF library build date/time: "Oct 18 2022" "03:15:43"
20221018 034152.468 INFO             PET1 ESMF library build location : /project/esmf/sacks/esmf-testing/gfortran_11.2.0_openmpi_g_release_8.4.0/esmf
20221018 034152.468 INFO             PET1 ESMF_COMM                   : openmpi
20221018 034152.468 INFO             PET1 ESMF_MOAB                   : enabled
20221018 034152.468 INFO             PET1 ESMF_LAPACK                 : enabled
20221018 034152.468 INFO             PET1 ESMF_NETCDF                 : enabled
20221018 034152.468 INFO             PET1 ESMF_PNETCDF                : disabled
20221018 034152.468 INFO             PET1 ESMF_PIO                    : enabled
20221018 034152.468 INFO             PET1 ESMF_YAMLCPP                : enabled
20221018 034152.468 INFO             PET1  NUMBER_OF_PROCESSORS           4
20221018 034152.468 INFO             PET1  PASS  Example ESMF_VMUserMpiCommMultiEx, ESMF_VMUserMpiCommMultiEx.F90, line 154
20221018 034152.468 INFO             PET1 Finalizing ESMF
