2022-10-26 14:46:11
 Executing procedure_f77style2()
 Executing procedure_f77style2()
 Executing procedure_f77style2()
 Executing procedure_f77style2()
 Executing procedure_ocnCommon()
 Executing procedure_subModule1()
 Executing procedure_subModule2()
 Executing procedure_ocnCommon()
 Executing procedure_subModule1()
 Executing procedure_subModule2()
 Executing procedure_ocnCommon()
 Executing procedure_subModule1()
 Executing procedure_subModule2()
 Executing procedure_ocnCommon()
 Executing procedure_subModule1()
 Executing procedure_subModule2()
[WARNING] yaksa: 10 leaked handle pool objects
[WARNING] yaksa: 10 leaked handle pool objects
[WARNING] yaksa: 10 leaked handle pool objects
[WARNING] yaksa: 10 leaked handle pool objects
