2022-10-06 16:29:34
20221006 164353.991 INFO             PET0 !!!!!!!!!!!!!!!!!!!!!!!!!!!!!!!!!!!!!!!!!!!!!!!!!!!!!!
20221006 164353.991 INFO             PET0 !!! THE ESMF_LOG IS SET TO OUTPUT ALL LOG MESSAGES !!!
20221006 164353.991 INFO             PET0 !!!     THIS MAY CAUSE SLOWDOWN IN PERFORMANCE     !!!
20221006 164353.991 INFO             PET0 !!! FOR PRODUCTION RUNS, USE:                      !!!
20221006 164353.991 INFO             PET0 !!!                   ESMF_LOGKIND_Multi_On_Error  !!!
20221006 164353.991 INFO             PET0 !!!!!!!!!!!!!!!!!!!!!!!!!!!!!!!!!!!!!!!!!!!!!!!!!!!!!!
20221006 164353.991 INFO             PET0 Running with ESMF Version   : v8.4.0b18
20221006 164353.991 INFO             PET0 ESMF library build date/time: "Oct  6 2022" "16:28:53"
20221006 164353.991 INFO             PET0 ESMF library build location : /Users/sacks/projects/scratch/esmf-testing/gfortranclang_12.2.0_14.0.0_mpiuni_g_develop/esmf
20221006 164353.991 INFO             PET0 ESMF_COMM                   : mpiuni
20221006 164353.991 INFO             PET0 ESMF_MOAB                   : enabled
20221006 164353.992 INFO             PET0 ESMF_LAPACK                 : enabled
20221006 164353.992 INFO             PET0 ESMF_NETCDF                 : enabled
20221006 164353.992 INFO             PET0 ESMF_PNETCDF                : disabled
20221006 164353.992 INFO             PET0 ESMF_PIO                    : disabled
20221006 164353.992 INFO             PET0 ESMF_YAMLCPP                : enabled
20221006 164354.037 DEBUG            PET0 about to destroy Grid: 0x126026400
20221006 164354.044 DEBUG            PET0 about to destroy Grid: 0x126032200
20221006 164354.062 INFO             PET0  NUMBER_OF_PROCESSORS           1
20221006 164354.062 INFO             PET0  PASS  Example ESMF_NUOPCAtmModelEx, ESMF_NUOPCAtmModelEx.F90, line 806
20221006 164354.062 INFO             PET0 Finalizing ESMF
