2022-10-27 07:01:53
20221027 075623.821 INFO             PET0 !!!!!!!!!!!!!!!!!!!!!!!!!!!!!!!!!!!!!!!!!!!!!!!!!!!!!!
20221027 075623.822 INFO             PET0 !!! THE ESMF_LOG IS SET TO OUTPUT ALL LOG MESSAGES !!!
20221027 075623.822 INFO             PET0 !!!     THIS MAY CAUSE SLOWDOWN IN PERFORMANCE     !!!
20221027 075623.822 INFO             PET0 !!! FOR PRODUCTION RUNS, USE:                      !!!
20221027 075623.822 INFO             PET0 !!!                   ESMF_LOGKIND_Multi_On_Error  !!!
20221027 075623.822 INFO             PET0 !!!!!!!!!!!!!!!!!!!!!!!!!!!!!!!!!!!!!!!!!!!!!!!!!!!!!!
20221027 075623.822 INFO             PET0 Running with ESMF Version   : v8.4.0
20221027 075623.822 INFO             PET0 ESMF library build date/time: "Oct 27 2022" "06:58:30"
20221027 075623.822 INFO             PET0 ESMF library build location : /scratch2/NCEPDEV/stmp1/Gerhard.Theurich/ESMF-Nightly-Testing/pgi_19.1_mpiuni_g_v8.4.0/esmf
20221027 075623.822 INFO             PET0 ESMF_COMM                   : mpiuni
20221027 075623.822 INFO             PET0 ESMF_MOAB                   : enabled
20221027 075623.823 INFO             PET0 ESMF_LAPACK                 : enabled
20221027 075623.823 INFO             PET0 ESMF_NETCDF                 : disabled
20221027 075623.823 INFO             PET0 ESMF_PNETCDF                : disabled
20221027 075623.823 INFO             PET0 ESMF_PIO                    : disabled
20221027 075623.823 INFO             PET0 ESMF_YAMLCPP                : enabled
20221027 075623.829 INFO             PET0 ESMF_FieldRedistStoreNF(): Just entered routine.
20221027 075624.335 INFO             PET0 ESMF_FieldRedistStoreNF(): Leaving routine.
20221027 075624.350 INFO             PET0  NUMBER_OF_PROCESSORS            1
20221027 075624.350 INFO             PET0  PASS  Example ESMF_RHandleFromFileEx, ESMF_RHandleFromFileEx.F90, line 192
20221027 075624.350 INFO             PET0 Finalizing ESMF
