2022-10-16 03:24:05
  @1800
    MED
    MED -> ATM
    MED -> OCN
    @@3600
     ATM
     OCN
     @1800
     ATM -> MED
     @
    @@
    @@3600
    OCN -> MED
    @@
    MED
  @
 NUOPC_DriverPrint for PET:            0
   Model, Mediator, and Driver components, in the order
   that they were added to the Driver:
            1 :  ATM
            2 :  OCN
            3 :  MED
   Connector components, in the order
   that they were added to the Driver:
            1 :  MED-TO-ATM
            2 :  MED-TO-OCN
            3 :  ATM-TO-MED
            4 :  OCN-TO-MED
NUOPC_RunSequenceArrayPrint: element     1 out of      4
runSeq::
 runElementPrint:      3    -1     1 F T
 runElementPrint:      3     1     1 F T
 runElementPrint:      3     2     1 F T
 runElementPrint:     -2     0     0 F T
 runElementPrint:     -4     0     0 F T
 runElementPrint:      3    -1     1 F T
 runElementPrint:     -1    -1     0 F F
::
NUOPC_RunSequenceArrayPrint: element     2 out of      4
runSeq::
 runElementPrint:      1    -1     1 T T
 runElementPrint:      2    -1     1 T T
 runElementPrint:     -3     0     0 T T
 runElementPrint:     -2    -1     0 T F
::
NUOPC_RunSequenceArrayPrint: element     3 out of      4
runSeq::
 runElementPrint:      1     3     1 F T
 runElementPrint:     -3    -1     0 F F
::
NUOPC_RunSequenceArrayPrint: element     4 out of      4
runSeq::
 runElementPrint:      2     3     1 T T
 runElementPrint:     -4    -1     0 T F
::
[Orion-02-62:397099:0:397099] Caught signal 11 (Segmentation fault: address not mapped to object at address 0x4f1b591)
  @1800
    MED
    MED -> ATM
    MED -> OCN
    @@3600
     ATM
     OCN
     @1800
     ATM -> MED
     @
    @@
    @@3600
    OCN -> MED
    @@
    MED
  @
 NUOPC_DriverPrint for PET:            1
   Model, Mediator, and Driver components, in the order
   that they were added to the Driver:
            1 :  ATM
            2 :  OCN
            3 :  MED
   Connector components, in the order
   that they were added to the Driver:
            1 :  MED-TO-ATM
            2 :  MED-TO-OCN
            3 :  ATM-TO-MED
            4 :  OCN-TO-MED
NUOPC_RunSequenceArrayPrint: element     1 out of      4
runSeq::
 runElementPrint:      3    -1     1 F T
 runElementPrint:      3     1     1 F T
 runElementPrint:      3     2     1 F T
 runElementPrint:     -2     0     0 F T
 runElementPrint:     -4     0     0 F T
 runElementPrint:      3    -1     1 F T
 runElementPrint:     -1    -1     0 F F
::
NUOPC_RunSequenceArrayPrint: element     2 out of      4
runSeq::
 runElementPrint:      1    -1     1 T T
 runElementPrint:      2    -1     1 T T
 runElementPrint:     -3     0     0 T T
 runElementPrint:     -2    -1     0 T F
::
NUOPC_RunSequenceArrayPrint: element     3 out of      4
runSeq::
 runElementPrint:      1     3     1 F T
 runElementPrint:     -3    -1     0 F F
::
NUOPC_RunSequenceArrayPrint: element     4 out of      4
runSeq::
 runElementPrint:      2     3     1 T T
 runElementPrint:     -4    -1     0 T F
::
[Orion-02-62:397100:0:397100] Caught signal 11 (Segmentation fault: address not mapped to object at address 0x4f1b591)
  @1800
    MED
    MED -> ATM
    MED -> OCN
    @@3600
     ATM
     OCN
     @1800
     ATM -> MED
     @
    @@
    @@3600
    OCN -> MED
    @@
    MED
  @
 NUOPC_DriverPrint for PET:            2
   Model, Mediator, and Driver components, in the order
   that they were added to the Driver:
            1 :  ATM
            2 :  OCN
            3 :  MED
   Connector components, in the order
   that they were added to the Driver:
            1 :  MED-TO-ATM
            2 :  MED-TO-OCN
            3 :  ATM-TO-MED
            4 :  OCN-TO-MED
NUOPC_RunSequenceArrayPrint: element     1 out of      4
runSeq::
 runElementPrint:      3    -1     1 F T
 runElementPrint:      3     1     1 F T
 runElementPrint:      3     2     1 F T
 runElementPrint:     -2     0     0 F T
 runElementPrint:     -4     0     0 F T
 runElementPrint:      3    -1     1 F T
 runElementPrint:     -1    -1     0 F F
::
NUOPC_RunSequenceArrayPrint: element     2 out of      4
runSeq::
 runElementPrint:      1    -1     1 T T
 runElementPrint:      2    -1     1 T T
 runElementPrint:     -3     0     0 T T
 runElementPrint:     -2    -1     0 T F
::
NUOPC_RunSequenceArrayPrint: element     3 out of      4
runSeq::
 runElementPrint:      1     3     1 F T
 runElementPrint:     -3    -1     0 F F
::
NUOPC_RunSequenceArrayPrint: element     4 out of      4
runSeq::
 runElementPrint:      2     3     1 T T
 runElementPrint:     -4    -1     0 T F
::
[Orion-02-62:397101:0:397101] Caught signal 11 (Segmentation fault: address not mapped to object at address 0x4f1b591)
  @1800
    MED
    MED -> ATM
    MED -> OCN
    @@3600
     ATM
     OCN
     @1800
     ATM -> MED
     @
    @@
    @@3600
    OCN -> MED
    @@
    MED
  @
 NUOPC_DriverPrint for PET:            3
   Model, Mediator, and Driver components, in the order
   that they were added to the Driver:
            1 :  ATM
            2 :  OCN
            3 :  MED
   Connector components, in the order
   that they were added to the Driver:
            1 :  MED-TO-ATM
            2 :  MED-TO-OCN
            3 :  ATM-TO-MED
            4 :  OCN-TO-MED
NUOPC_RunSequenceArrayPrint: element     1 out of      4
runSeq::
 runElementPrint:      3    -1     1 F T
 runElementPrint:      3     1     1 F T
 runElementPrint:      3     2     1 F T
 runElementPrint:     -2     0     0 F T
 runElementPrint:     -4     0     0 F T
 runElementPrint:      3    -1     1 F T
 runElementPrint:     -1    -1     0 F F
::
NUOPC_RunSequenceArrayPrint: element     2 out of      4
runSeq::
 runElementPrint:      1    -1     1 T T
 runElementPrint:      2    -1     1 T T
 runElementPrint:     -3     0     0 T T
 runElementPrint:     -2    -1     0 T F
::
NUOPC_RunSequenceArrayPrint: element     3 out of      4
runSeq::
 runElementPrint:      1     3     1 F T
 runElementPrint:     -3    -1     0 F F
::
NUOPC_RunSequenceArrayPrint: element     4 out of      4
runSeq::
 runElementPrint:      2     3     1 T T
 runElementPrint:     -4    -1     0 T F
::
[Orion-02-62:397102:0:397102] Caught signal 11 (Segmentation fault: address not mapped to object at address 0x4f1b591)

/work/noaa/da/mpotts/sandbox/pgi_2019_openmpi_g_release_8.4.0/esmf/src/Infrastructure/LogErr/src/ESMCI_LogErr.C: [ ESMCI::LogErr::MsgFoundError() ]
      ...
      583 {
      584     bool result=false;
      585 #ifdef ESMC_SUCCESSDEFAULT_ON
==>   586     if (rcToReturn != ESMC_NULL_POINTER) *rcToReturn=ESMF_SUCCESS;
      587 #endif
      588     if (trace) {
      589         Write(ESMC_METHOD,ESMC_LOGMSG_TRACE,


/work/noaa/da/mpotts/sandbox/pgi_2019_openmpi_g_release_8.4.0/esmf/src/Infrastructure/LogErr/src/ESMCI_LogErr.C: [ ESMCI::LogErr::MsgFoundError() ]
      ...
      583 {
      584     bool result=false;
      585 #ifdef ESMC_SUCCESSDEFAULT_ON
==>   586     if (rcToReturn != ESMC_NULL_POINTER) *rcToReturn=ESMF_SUCCESS;
      587 #endif
      588     if (trace) {
      589         Write(ESMC_METHOD,ESMC_LOGMSG_TRACE,


/work/noaa/da/mpotts/sandbox/pgi_2019_openmpi_g_release_8.4.0/esmf/src/Infrastructure/LogErr/src/ESMCI_LogErr.C: [ ESMCI::LogErr::MsgFoundError() ]
      ...
      583 {
      584     bool result=false;
      585 #ifdef ESMC_SUCCESSDEFAULT_ON
==>   586     if (rcToReturn != ESMC_NULL_POINTER) *rcToReturn=ESMF_SUCCESS;
      587 #endif
      588     if (trace) {
      589         Write(ESMC_METHOD,ESMC_LOGMSG_TRACE,


/work/noaa/da/mpotts/sandbox/pgi_2019_openmpi_g_release_8.4.0/esmf/src/Infrastructure/LogErr/src/ESMCI_LogErr.C: [ ESMCI::LogErr::MsgFoundError() ]
      ...
      583 {
      584     bool result=false;
      585 #ifdef ESMC_SUCCESSDEFAULT_ON
==>   586     if (rcToReturn != ESMC_NULL_POINTER) *rcToReturn=ESMF_SUCCESS;
      587 #endif
      588     if (trace) {
      589         Write(ESMC_METHOD,ESMC_LOGMSG_TRACE,

==== backtrace (tid: 397101) ====
 0 0x0000000001202694 ESMCI::LogErr::MsgFoundError()  /work/noaa/da/mpotts/sandbox/pgi_2019_openmpi_g_release_8.4.0/esmf/src/Infrastructure/LogErr/src/ESMCI_LogErr.C:586
 1 0x00000000013e6c01 ESMCI::MeshCap::meshcreatenodedistgrid()  /work/noaa/da/mpotts/sandbox/pgi_2019_openmpi_g_release_8.4.0/esmf/src/Infrastructure/Mesh/src/ESMCI_MeshCap.C:1754
 2 0x000000000142c767 c_esmc_meshcreatenodedistgrid_()  /work/noaa/da/mpotts/sandbox/pgi_2019_openmpi_g_release_8.4.0/esmf/src/Infrastructure/Mesh/interface/ESMCI_Mesh_F.C:247
 3 0x00000000020fb3c8 esmf_meshmod_esmf_meshcreatefrompointer_()  /work/noaa/da/mpotts/sandbox/pgi_2019_openmpi_g_release_8.4.0/esmf/src/Infrastructure/Mesh/interface/ESMF_Mesh.F90:3091
 4 0x0000000001f29c60 esmf_gridutilmod_esmf_gridtomesh_()  /work/noaa/da/mpotts/sandbox/pgi_2019_openmpi_g_release_8.4.0/esmf/src/Infrastructure/GridUtil/interface/ESMF_GridUtil.F90:453
 5 0x0000000001dcf68b esmf_fieldregridmod_b_or_p_gridtomesh_()  /work/noaa/da/mpotts/sandbox/pgi_2019_openmpi_g_release_8.4.0/esmf/src/Infrastructure/Field/src/ESMF_FieldRegrid.F90:3228
 6 0x0000000001dcaa6b esmf_fieldregridmod_getmeshwithnodesonfieldloc_()  /work/noaa/da/mpotts/sandbox/pgi_2019_openmpi_g_release_8.4.0/esmf/src/Infrastructure/Field/src/ESMF_FieldRegrid.F90:1346
 7 0x0000000001dc83b9 esmf_fieldregridmod_esmf_fieldregridstorenx_()  /work/noaa/da/mpotts/sandbox/pgi_2019_openmpi_g_release_8.4.0/esmf/src/Infrastructure/Field/src/ESMF_FieldRegrid.F90:971
 8 0x0000000002568874 nuopc_connector_fieldbundlecplstore_()  /work/noaa/da/mpotts/sandbox/pgi_2019_openmpi_g_release_8.4.0/esmf/src/addon/NUOPC/src/NUOPC_Connector.F90:7919
 9 0x000000000253de77 nuopc_connector_initializeipdv05p6b_()  /work/noaa/da/mpotts/sandbox/pgi_2019_openmpi_g_release_8.4.0/esmf/src/addon/NUOPC/src/NUOPC_Connector.F90:5386
10 0x0000000001074017 ESMCI::FTable::callVFuncPtr()  /work/noaa/da/mpotts/sandbox/pgi_2019_openmpi_g_release_8.4.0/esmf/src/Superstructure/Component/src/ESMCI_FTable.C:2167
11 0x000000000106ff1c ESMCI_FTableCallEntryPointVMHop()  /work/noaa/da/mpotts/sandbox/pgi_2019_openmpi_g_release_8.4.0/esmf/src/Superstructure/Component/src/ESMCI_FTable.C:824
12 0x00000000017b6ccf ESMCI::VMK::enter()  /work/noaa/da/mpotts/sandbox/pgi_2019_openmpi_g_release_8.4.0/esmf/src/Infrastructure/VM/src/ESMCI_VMKernel.C:2320
13 0x00000000017db2dd ESMCI::VM::enter()  /work/noaa/da/mpotts/sandbox/pgi_2019_openmpi_g_release_8.4.0/esmf/src/Infrastructure/VM/src/ESMCI_VM.C:1216
14 0x00000000010703e1 c_esmc_ftablecallentrypointvm_()  /work/noaa/da/mpotts/sandbox/pgi_2019_openmpi_g_release_8.4.0/esmf/src/Superstructure/Component/src/ESMCI_FTable.C:981
15 0x0000000001b24da5 esmf_compmod_esmf_compexecute_()  /work/noaa/da/mpotts/sandbox/pgi_2019_openmpi_g_release_8.4.0/esmf/src/Superstructure/Component/src/ESMF_Comp.F90:1223
16 0x0000000001b3fe11 esmf_cplcompmod_esmf_cplcompinitialize_()  /work/noaa/da/mpotts/sandbox/pgi_2019_openmpi_g_release_8.4.0/esmf/src/Superstructure/Component/src/ESMF_CplComp.F90:1165
17 0x00000000025a2656 nuopc_driver_loopconnectorcompss_()  /work/noaa/da/mpotts/sandbox/pgi_2019_openmpi_g_release_8.4.0/esmf/src/addon/NUOPC/src/NUOPC_Driver.F90:2869
18 0x0000000002593ca1 nuopc_driver_initializeipdv02p3_()  /work/noaa/da/mpotts/sandbox/pgi_2019_openmpi_g_release_8.4.0/esmf/src/addon/NUOPC/src/NUOPC_Driver.F90:2020
19 0x000000000257390e nuopc_driver_initializegeneric_()  /work/noaa/da/mpotts/sandbox/pgi_2019_openmpi_g_release_8.4.0/esmf/src/addon/NUOPC/src/NUOPC_Driver.F90:479
20 0x0000000001074017 ESMCI::FTable::callVFuncPtr()  /work/noaa/da/mpotts/sandbox/pgi_2019_openmpi_g_release_8.4.0/esmf/src/Superstructure/Component/src/ESMCI_FTable.C:2167
21 0x000000000106ff1c ESMCI_FTableCallEntryPointVMHop()  /work/noaa/da/mpotts/sandbox/pgi_2019_openmpi_g_release_8.4.0/esmf/src/Superstructure/Component/src/ESMCI_FTable.C:824
22 0x00000000017b6ccf ESMCI::VMK::enter()  /work/noaa/da/mpotts/sandbox/pgi_2019_openmpi_g_release_8.4.0/esmf/src/Infrastructure/VM/src/ESMCI_VMKernel.C:2320
23 0x00000000017db2dd ESMCI::VM::enter()  /work/noaa/da/mpotts/sandbox/pgi_2019_openmpi_g_release_8.4.0/esmf/src/Infrastructure/VM/src/ESMCI_VM.C:1216
24 0x00000000010703e1 c_esmc_ftablecallentrypointvm_()  /work/noaa/da/mpotts/sandbox/pgi_2019_openmpi_g_release_8.4.0/esmf/src/Superstructure/Component/src/ESMCI_FTable.C:981
25 0x0000000001b24da5 esmf_compmod_esmf_compexecute_()  /work/noaa/da/mpotts/sandbox/pgi_2019_openmpi_g_release_8.4.0/esmf/src/Superstructure/Component/src/ESMF_Comp.F90:1223
26 0x0000000001e348e1 esmf_gridcompmod_esmf_gridcompinitialize_()  /work/noaa/da/mpotts/sandbox/pgi_2019_openmpi_g_release_8.4.0/esmf/src/Superstructure/Component/src/ESMF_GridComp.F90:1412
27 0x00000000004077e7 MAIN_()  /work/noaa/da/mpotts/sandbox/pgi_2019_openmpi_g_release_8.4.0/nuopc-app-prototypes/AtmOcnMedIngestFromInternalProto/esmApp.F90:58
28 0x0000000000407293 main()  ???:0
29 0x0000000000022495 __libc_start_main()  ???:0
30 0x0000000000407199 _start()  ???:0
=================================
[Orion-02-62:397101] *** Process received signal ***
[Orion-02-62:397101] Signal: Segmentation fault (11)
[Orion-02-62:397101] Signal code:  (-6)
[Orion-02-62:397101] Failing at address: 0x20e500060f2d
==== backtrace (tid: 397099) ====
 0 0x0000000001202694 ESMCI::LogErr::MsgFoundError()  /work/noaa/da/mpotts/sandbox/pgi_2019_openmpi_g_release_8.4.0/esmf/src/Infrastructure/LogErr/src/ESMCI_LogErr.C:586
 1 0x00000000013e6c01 ESMCI::MeshCap::meshcreatenodedistgrid()  /work/noaa/da/mpotts/sandbox/pgi_2019_openmpi_g_release_8.4.0/esmf/src/Infrastructure/Mesh/src/ESMCI_MeshCap.C:1754
 2 0x000000000142c767 c_esmc_meshcreatenodedistgrid_()  /work/noaa/da/mpotts/sandbox/pgi_2019_openmpi_g_release_8.4.0/esmf/src/Infrastructure/Mesh/interface/ESMCI_Mesh_F.C:247
 3 0x00000000020fb3c8 esmf_meshmod_esmf_meshcreatefrompointer_()  /work/noaa/da/mpotts/sandbox/pgi_2019_openmpi_g_release_8.4.0/esmf/src/Infrastructure/Mesh/interface/ESMF_Mesh.F90:3091
 4 0x0000000001f29c60 esmf_gridutilmod_esmf_gridtomesh_()  /work/noaa/da/mpotts/sandbox/pgi_2019_openmpi_g_release_8.4.0/esmf/src/Infrastructure/GridUtil/interface/ESMF_GridUtil.F90:453
 5 0x0000000001dcf68b esmf_fieldregridmod_b_or_p_gridtomesh_()  /work/noaa/da/mpotts/sandbox/pgi_2019_openmpi_g_release_8.4.0/esmf/src/Infrastructure/Field/src/ESMF_FieldRegrid.F90:3228
 6 0x0000000001dcaa6b esmf_fieldregridmod_getmeshwithnodesonfieldloc_()  /work/noaa/da/mpotts/sandbox/pgi_2019_openmpi_g_release_8.4.0/esmf/src/Infrastructure/Field/src/ESMF_FieldRegrid.F90:1346
 7 0x0000000001dc83b9 esmf_fieldregridmod_esmf_fieldregridstorenx_()  /work/noaa/da/mpotts/sandbox/pgi_2019_openmpi_g_release_8.4.0/esmf/src/Infrastructure/Field/src/ESMF_FieldRegrid.F90:971
 8 0x0000000002568874 nuopc_connector_fieldbundlecplstore_()  /work/noaa/da/mpotts/sandbox/pgi_2019_openmpi_g_release_8.4.0/esmf/src/addon/NUOPC/src/NUOPC_Connector.F90:7919
 9 0x000000000253de77 nuopc_connector_initializeipdv05p6b_()  /work/noaa/da/mpotts/sandbox/pgi_2019_openmpi_g_release_8.4.0/esmf/src/addon/NUOPC/src/NUOPC_Connector.F90:5386
10 0x0000000001074017 ESMCI::FTable::callVFuncPtr()  /work/noaa/da/mpotts/sandbox/pgi_2019_openmpi_g_release_8.4.0/esmf/src/Superstructure/Component/src/ESMCI_FTable.C:2167
11 0x000000000106ff1c ESMCI_FTableCallEntryPointVMHop()  /work/noaa/da/mpotts/sandbox/pgi_2019_openmpi_g_release_8.4.0/esmf/src/Superstructure/Component/src/ESMCI_FTable.C:824
12 0x00000000017b6ccf ESMCI::VMK::enter()  /work/noaa/da/mpotts/sandbox/pgi_2019_openmpi_g_release_8.4.0/esmf/src/Infrastructure/VM/src/ESMCI_VMKernel.C:2320
13 0x00000000017db2dd ESMCI::VM::enter()  /work/noaa/da/mpotts/sandbox/pgi_2019_openmpi_g_release_8.4.0/esmf/src/Infrastructure/VM/src/ESMCI_VM.C:1216
14 0x00000000010703e1 c_esmc_ftablecallentrypointvm_()  /work/noaa/da/mpotts/sandbox/pgi_2019_openmpi_g_release_8.4.0/esmf/src/Superstructure/Component/src/ESMCI_FTable.C:981
15 0x0000000001b24da5 esmf_compmod_esmf_compexecute_()  /work/noaa/da/mpotts/sandbox/pgi_2019_openmpi_g_release_8.4.0/esmf/src/Superstructure/Component/src/ESMF_Comp.F90:1223
16 0x0000000001b3fe11 esmf_cplcompmod_esmf_cplcompinitialize_()  /work/noaa/da/mpotts/sandbox/pgi_2019_openmpi_g_release_8.4.0/esmf/src/Superstructure/Component/src/ESMF_CplComp.F90:1165
17 0x00000000025a2656 nuopc_driver_loopconnectorcompss_()  /work/noaa/da/mpotts/sandbox/pgi_2019_openmpi_g_release_8.4.0/esmf/src/addon/NUOPC/src/NUOPC_Driver.F90:2869
18 0x0000000002593ca1 nuopc_driver_initializeipdv02p3_()  /work/noaa/da/mpotts/sandbox/pgi_2019_openmpi_g_release_8.4.0/esmf/src/addon/NUOPC/src/NUOPC_Driver.F90:2020
19 0x000000000257390e nuopc_driver_initializegeneric_()  /work/noaa/da/mpotts/sandbox/pgi_2019_openmpi_g_release_8.4.0/esmf/src/addon/NUOPC/src/NUOPC_Driver.F90:479
20 0x0000000001074017 ESMCI::FTable::callVFuncPtr()  /work/noaa/da/mpotts/sandbox/pgi_2019_openmpi_g_release_8.4.0/esmf/src/Superstructure/Component/src/ESMCI_FTable.C:2167
21 0x000000000106ff1c ESMCI_FTableCallEntryPointVMHop()  /work/noaa/da/mpotts/sandbox/pgi_2019_openmpi_g_release_8.4.0/esmf/src/Superstructure/Component/src/ESMCI_FTable.C:824
22 0x00000000017b6ccf ESMCI::VMK::enter()  /work/noaa/da/mpotts/sandbox/pgi_2019_openmpi_g_release_8.4.0/esmf/src/Infrastructure/VM/src/ESMCI_VMKernel.C:2320
[Orion-02-62:397101] [ 0] /lib64/libpthread.so.0(+0xf5d0)[0x7f815b4e55d0]
23 0x00000000017db2dd ESMCI::VM::enter()  /work/noaa/da/mpotts/sandbox/pgi_2019_openmpi_g_release_8.4.0/esmf/src/Infrastructure/VM/src/ESMCI_VM.C:1216
24 0x00000000010703e1 c_esmc_ftablecallentrypointvm_()  /work/noaa/da/mpotts/sandbox/pgi_2019_openmpi_g_release_8.4.0/esmf/src/Superstructure/Component/src/ESMCI_FTable.C:981
25 0x0000000001b24da5 esmf_compmod_esmf_compexecute_()  /work/noaa/da/mpotts/sandbox/pgi_2019_openmpi_g_release_8.4.0/esmf/src/Superstructure/Component/src/ESMF_Comp.F90:1223
26 0x0000000001e348e1 esmf_gridcompmod_esmf_gridcompinitialize_()  /work/noaa/da/mpotts/sandbox/pgi_2019_openmpi_g_release_8.4.0/esmf/src/Superstructure/Component/src/ESMF_GridComp.F90:1412
27 0x00000000004077e7 MAIN_()  /work/noaa/da/mpotts/sandbox/pgi_2019_openmpi_g_release_8.4.0/nuopc-app-prototypes/AtmOcnMedIngestFromInternalProto/esmApp.F90:58
28 0x0000000000407293 main()  ???:0
29 0x0000000000022495 __libc_start_main()  ???:0
30 0x0000000000407199 _start()  ???:0
=================================
[Orion-02-62:397099] *** Process received signal ***
[Orion-02-62:397099] Signal: Segmentation fault (11)
[Orion-02-62:397099] Signal code:  (-6)
[Orion-02-62:397099] Failing at address: 0x20e500060f2b
[Orion-02-62:397099] [ 0] /lib64/libpthread.so.0(+0xf5d0)[0x7f7cf67cd5d0]
[Orion-02-62:397101] [ 1] /work/noaa/da/mpotts/sandbox/pgi_2019_openmpi_g_release_8.4.0/esmf/DEFAULTINSTALLDIR/lib/libg/Linux.pgi.64.openmpi.default/libesmf.so(_ZN5ESMCI6LogErr13MsgFoundErrorEiPKciS2_S2_Pi+0x34)[0x7f8158874694]
[Orion-02-62:397099] [ 1] /work/noaa/da/mpotts/sandbox/pgi_2019_openmpi_g_release_8.4.0/esmf/DEFAULTINSTALLDIR/lib/libg/Linux.pgi.64.openmpi.default/libesmf.so(_ZN5ESMCI6LogErr13MsgFoundErrorEiPKciS2_S2_Pi+0x34)[0x7f7cf3b5c694]
[Orion-02-62:397101] [ 2] /work/noaa/da/mpotts/sandbox/pgi_2019_openmpi_g_release_8.4.0/esmf/DEFAULTINSTALLDIR/lib/libg/Linux.pgi.64.openmpi.default/libesmf.so(_ZN5ESMCI7MeshCap22meshcreatenodedistgridEPi+0x81)[0x7f8158a58c01]
[Orion-02-62:397099] [ 2] /work/noaa/da/mpotts/sandbox/pgi_2019_openmpi_g_release_8.4.0/esmf/DEFAULTINSTALLDIR/lib/libg/Linux.pgi.64.openmpi.default/libesmf.so(_ZN5ESMCI7MeshCap22meshcreatenodedistgridEPi+0x81)[0x7f7cf3d40c01]
[Orion-02-62:397101] [ 3] /work/noaa/da/mpotts/sandbox/pgi_2019_openmpi_g_release_8.4.0/esmf/DEFAULTINSTALLDIR/lib/libg/Linux.pgi.64.openmpi.default/libesmf.so(c_esmc_meshcreatenodedistgrid_+0x177)[0x7f8158a9e767]
[Orion-02-62:397099] [ 3] /work/noaa/da/mpotts/sandbox/pgi_2019_openmpi_g_release_8.4.0/esmf/DEFAULTINSTALLDIR/lib/libg/Linux.pgi.64.openmpi.default/libesmf.so(c_esmc_meshcreatenodedistgrid_+0x177)[0x7f7cf3d86767]
[Orion-02-62:397101] [ 4] /work/noaa/da/mpotts/sandbox/pgi_2019_openmpi_g_release_8.4.0/esmf/DEFAULTINSTALLDIR/lib/libg/Linux.pgi.64.openmpi.default/libesmf.so(esmf_meshmod_esmf_meshcreatefrompointer_+0x78)[0x7f815976d3c8]
[Orion-02-62:397099] [ 4] /work/noaa/da/mpotts/sandbox/pgi_2019_openmpi_g_release_8.4.0/esmf/DEFAULTINSTALLDIR/lib/libg/Linux.pgi.64.openmpi.default/libesmf.so(esmf_meshmod_esmf_meshcreatefrompointer_+0x78)[0x7f7cf4a553c8]
[Orion-02-62:397101] [ 5] /work/noaa/da/mpotts/sandbox/pgi_2019_openmpi_g_release_8.4.0/esmf/DEFAULTINSTALLDIR/lib/libg/Linux.pgi.64.openmpi.default/libesmf.so(esmf_gridutilmod_esmf_gridtomesh_+0x550)[0x7f815959bc60]
[Orion-02-62:397099] [ 5] /work/noaa/da/mpotts/sandbox/pgi_2019_openmpi_g_release_8.4.0/esmf/DEFAULTINSTALLDIR/lib/libg/Linux.pgi.64.openmpi.default/libesmf.so(esmf_gridutilmod_esmf_gridtomesh_+0x550)[0x7f7cf4883c60]
[Orion-02-62:397101] [ 6] /work/noaa/da/mpotts/sandbox/pgi_2019_openmpi_g_release_8.4.0/esmf/DEFAULTINSTALLDIR/lib/libg/Linux.pgi.64.openmpi.default/libesmf.so(esmf_fieldregridmod_b_or_p_gridtomesh_+0x60b)[0x7f815944168b]
[Orion-02-62:397099] [ 6] /work/noaa/da/mpotts/sandbox/pgi_2019_openmpi_g_release_8.4.0/esmf/DEFAULTINSTALLDIR/lib/libg/Linux.pgi.64.openmpi.default/libesmf.so(esmf_fieldregridmod_b_or_p_gridtomesh_+0x60b)[0x7f7cf472968b]
[Orion-02-62:397101] [ 7] /work/noaa/da/mpotts/sandbox/pgi_2019_openmpi_g_release_8.4.0/esmf/DEFAULTINSTALLDIR/lib/libg/Linux.pgi.64.openmpi.default/libesmf.so(esmf_fieldregridmod_getmeshwithnodesonfieldloc_+0x54b)[0x7f815943ca6b]
[Orion-02-62:397099] [ 7] /work/noaa/da/mpotts/sandbox/pgi_2019_openmpi_g_release_8.4.0/esmf/DEFAULTINSTALLDIR/lib/libg/Linux.pgi.64.openmpi.default/libesmf.so(esmf_fieldregridmod_getmeshwithnodesonfieldloc_+0x54b)[0x7f7cf4724a6b]
[Orion-02-62:397101] [ 8] /work/noaa/da/mpotts/sandbox/pgi_2019_openmpi_g_release_8.4.0/esmf/DEFAULTINSTALLDIR/lib/libg/Linux.pgi.64.openmpi.default/libesmf.so(esmf_fieldregridmod_esmf_fieldregridstorenx_+0x1029)[0x7f815943a3b9]
[Orion-02-62:397099] [ 8] /work/noaa/da/mpotts/sandbox/pgi_2019_openmpi_g_release_8.4.0/esmf/DEFAULTINSTALLDIR/lib/libg/Linux.pgi.64.openmpi.default/libesmf.so(esmf_fieldregridmod_esmf_fieldregridstorenx_+0x1029)[0x7f7cf47223b9]
[Orion-02-62:397101] [ 9] /work/noaa/da/mpotts/sandbox/pgi_2019_openmpi_g_release_8.4.0/esmf/DEFAULTINSTALLDIR/lib/libg/Linux.pgi.64.openmpi.default/libesmf.so(nuopc_connector_fieldbundlecplstore_+0x13474)[0x7f8159bda874]
[Orion-02-62:397099] [ 9] /work/noaa/da/mpotts/sandbox/pgi_2019_openmpi_g_release_8.4.0/esmf/DEFAULTINSTALLDIR/lib/libg/Linux.pgi.64.openmpi.default/libesmf.so(nuopc_connector_fieldbundlecplstore_+0x13474)[0x7f7cf4ec2874]
[Orion-02-62:397101] [10] /work/noaa/da/mpotts/sandbox/pgi_2019_openmpi_g_release_8.4.0/esmf/DEFAULTINSTALLDIR/lib/libg/Linux.pgi.64.openmpi.default/libesmf.so(nuopc_connector_initializeipdv05p6b_+0x9067)[0x7f8159bafe77]
[Orion-02-62:397099] [10] /work/noaa/da/mpotts/sandbox/pgi_2019_openmpi_g_release_8.4.0/esmf/DEFAULTINSTALLDIR/lib/libg/Linux.pgi.64.openmpi.default/libesmf.so(nuopc_connector_initializeipdv05p6b_+0x9067)[0x7f7cf4e97e77]
[Orion-02-62:397101] [11] /work/noaa/da/mpotts/sandbox/pgi_2019_openmpi_g_release_8.4.0/esmf/DEFAULTINSTALLDIR/lib/libg/Linux.pgi.64.openmpi.default/libesmf.so(_ZN5ESMCI6FTable12callVFuncPtrEPKcPNS_2VMEPi+0xcf7)[0x7f81586e6017]
[Orion-02-62:397099] [11] /work/noaa/da/mpotts/sandbox/pgi_2019_openmpi_g_release_8.4.0/esmf/DEFAULTINSTALLDIR/lib/libg/Linux.pgi.64.openmpi.default/libesmf.so(_ZN5ESMCI6FTable12callVFuncPtrEPKcPNS_2VMEPi+0xcf7)[0x7f7cf39ce017]
[Orion-02-62:397101] [12] /work/noaa/da/mpotts/sandbox/pgi_2019_openmpi_g_release_8.4.0/esmf/DEFAULTINSTALLDIR/lib/libg/Linux.pgi.64.openmpi.default/libesmf.so(ESMCI_FTableCallEntryPointVMHop+0x2ac)[0x7f81586e1f1c]
[Orion-02-62:397099] [12] /work/noaa/da/mpotts/sandbox/pgi_2019_openmpi_g_release_8.4.0/esmf/DEFAULTINSTALLDIR/lib/libg/Linux.pgi.64.openmpi.default/libesmf.so(ESMCI_FTableCallEntryPointVMHop+0x2ac)[0x7f7cf39c9f1c]
[Orion-02-62:397101] [13] /work/noaa/da/mpotts/sandbox/pgi_2019_openmpi_g_release_8.4.0/esmf/DEFAULTINSTALLDIR/lib/libg/Linux.pgi.64.openmpi.default/libesmf.so(_ZN5ESMCI3VMK5enterEPNS_7VMKPlanEPvS3_+0xcf)[0x7f8158e28ccf]
[Orion-02-62:397099] [13] /work/noaa/da/mpotts/sandbox/pgi_2019_openmpi_g_release_8.4.0/esmf/DEFAULTINSTALLDIR/lib/libg/Linux.pgi.64.openmpi.default/libesmf.so(_ZN5ESMCI3VMK5enterEPNS_7VMKPlanEPvS3_+0xcf)[0x7f7cf4110ccf]
[Orion-02-62:397101] [14] /work/noaa/da/mpotts/sandbox/pgi_2019_openmpi_g_release_8.4.0/esmf/DEFAULTINSTALLDIR/lib/libg/Linux.pgi.64.openmpi.default/libesmf.so(_ZN5ESMCI2VM5enterEPNS_6VMPlanEPvS3_+0xcd)[0x7f8158e4d2dd]
[Orion-02-62:397099] [14] /work/noaa/da/mpotts/sandbox/pgi_2019_openmpi_g_release_8.4.0/esmf/DEFAULTINSTALLDIR/lib/libg/Linux.pgi.64.openmpi.default/libesmf.so(_ZN5ESMCI2VM5enterEPNS_6VMPlanEPvS3_+0xcd)[0x7f7cf41352dd]
[Orion-02-62:397101] [15] /work/noaa/da/mpotts/sandbox/pgi_2019_openmpi_g_release_8.4.0/esmf/DEFAULTINSTALLDIR/lib/libg/Linux.pgi.64.openmpi.default/libesmf.so(c_esmc_ftablecallentrypointvm_+0x3a1)[0x7f81586e23e1]
[Orion-02-62:397099] [15] /work/noaa/da/mpotts/sandbox/pgi_2019_openmpi_g_release_8.4.0/esmf/DEFAULTINSTALLDIR/lib/libg/Linux.pgi.64.openmpi.default/libesmf.so(c_esmc_ftablecallentrypointvm_+0x3a1)[0x7f7cf39ca3e1]
[Orion-02-62:397101] [16] /work/noaa/da/mpotts/sandbox/pgi_2019_openmpi_g_release_8.4.0/esmf/DEFAULTINSTALLDIR/lib/libg/Linux.pgi.64.openmpi.default/libesmf.so(esmf_compmod_esmf_compexecute_+0xbd5)[0x7f8159196da5]
[Orion-02-62:397099] [16] /work/noaa/da/mpotts/sandbox/pgi_2019_openmpi_g_release_8.4.0/esmf/DEFAULTINSTALLDIR/lib/libg/Linux.pgi.64.openmpi.default/libesmf.so(esmf_compmod_esmf_compexecute_+0xbd5)[0x7f7cf447eda5]
[Orion-02-62:397101] [17] /work/noaa/da/mpotts/sandbox/pgi_2019_openmpi_g_release_8.4.0/esmf/DEFAULTINSTALLDIR/lib/libg/Linux.pgi.64.openmpi.default/libesmf.so(esmf_cplcompmod_esmf_cplcompinitialize_+0x1f1)[0x7f81591b1e11]
[Orion-02-62:397099] [17] /work/noaa/da/mpotts/sandbox/pgi_2019_openmpi_g_release_8.4.0/esmf/DEFAULTINSTALLDIR/lib/libg/Linux.pgi.64.openmpi.default/libesmf.so(esmf_cplcompmod_esmf_cplcompinitialize_+0x1f1)[0x7f7cf4499e11]
[Orion-02-62:397101] [18] /work/noaa/da/mpotts/sandbox/pgi_2019_openmpi_g_release_8.4.0/esmf/DEFAULTINSTALLDIR/lib/libg/Linux.pgi.64.openmpi.default/libesmf.so(nuopc_driver_loopconnectorcompss_+0x1916)[0x7f8159c14656]
[Orion-02-62:397099] [18] /work/noaa/da/mpotts/sandbox/pgi_2019_openmpi_g_release_8.4.0/esmf/DEFAULTINSTALLDIR/lib/libg/Linux.pgi.64.openmpi.default/libesmf.so(nuopc_driver_loopconnectorcompss_+0x1916)[0x7f7cf4efc656]
[Orion-02-62:397101] [19] /work/noaa/da/mpotts/sandbox/pgi_2019_openmpi_g_release_8.4.0/esmf/DEFAULTINSTALLDIR/lib/libg/Linux.pgi.64.openmpi.default/libesmf.so(nuopc_driver_initializeipdv02p3_+0x5421)[0x7f8159c05ca1]
[Orion-02-62:397099] [19] /work/noaa/da/mpotts/sandbox/pgi_2019_openmpi_g_release_8.4.0/esmf/DEFAULTINSTALLDIR/lib/libg/Linux.pgi.64.openmpi.default/libesmf.so(nuopc_driver_initializeipdv02p3_+0x5421)[0x7f7cf4eedca1]
[Orion-02-62:397101] [20] /work/noaa/da/mpotts/sandbox/pgi_2019_openmpi_g_release_8.4.0/esmf/DEFAULTINSTALLDIR/lib/libg/Linux.pgi.64.openmpi.default/libesmf.so(nuopc_driver_initializegeneric_+0x109e)[0x7f8159be590e]
[Orion-02-62:397099] [20] /work/noaa/da/mpotts/sandbox/pgi_2019_openmpi_g_release_8.4.0/esmf/DEFAULTINSTALLDIR/lib/libg/Linux.pgi.64.openmpi.default/libesmf.so(nuopc_driver_initializegeneric_+0x109e)[0x7f7cf4ecd90e]
[Orion-02-62:397101] [21] /work/noaa/da/mpotts/sandbox/pgi_2019_openmpi_g_release_8.4.0/esmf/DEFAULTINSTALLDIR/lib/libg/Linux.pgi.64.openmpi.default/libesmf.so(_ZN5ESMCI6FTable12callVFuncPtrEPKcPNS_2VMEPi+0xcf7)[0x7f81586e6017]
[Orion-02-62:397099] [21] /work/noaa/da/mpotts/sandbox/pgi_2019_openmpi_g_release_8.4.0/esmf/DEFAULTINSTALLDIR/lib/libg/Linux.pgi.64.openmpi.default/libesmf.so(_ZN5ESMCI6FTable12callVFuncPtrEPKcPNS_2VMEPi+0xcf7)[0x7f7cf39ce017]
[Orion-02-62:397101] [22] /work/noaa/da/mpotts/sandbox/pgi_2019_openmpi_g_release_8.4.0/esmf/DEFAULTINSTALLDIR/lib/libg/Linux.pgi.64.openmpi.default/libesmf.so(ESMCI_FTableCallEntryPointVMHop+0x2ac)[0x7f81586e1f1c]
[Orion-02-62:397099] [22] /work/noaa/da/mpotts/sandbox/pgi_2019_openmpi_g_release_8.4.0/esmf/DEFAULTINSTALLDIR/lib/libg/Linux.pgi.64.openmpi.default/libesmf.so(ESMCI_FTableCallEntryPointVMHop+0x2ac)[0x7f7cf39c9f1c]
[Orion-02-62:397101] [23] /work/noaa/da/mpotts/sandbox/pgi_2019_openmpi_g_release_8.4.0/esmf/DEFAULTINSTALLDIR/lib/libg/Linux.pgi.64.openmpi.default/libesmf.so(_ZN5ESMCI3VMK5enterEPNS_7VMKPlanEPvS3_+0xcf)[0x7f8158e28ccf]
[Orion-02-62:397099] [23] /work/noaa/da/mpotts/sandbox/pgi_2019_openmpi_g_release_8.4.0/esmf/DEFAULTINSTALLDIR/lib/libg/Linux.pgi.64.openmpi.default/libesmf.so(_ZN5ESMCI3VMK5enterEPNS_7VMKPlanEPvS3_+0xcf)[0x7f7cf4110ccf]
[Orion-02-62:397101] [24] /work/noaa/da/mpotts/sandbox/pgi_2019_openmpi_g_release_8.4.0/esmf/DEFAULTINSTALLDIR/lib/libg/Linux.pgi.64.openmpi.default/libesmf.so(_ZN5ESMCI2VM5enterEPNS_6VMPlanEPvS3_+0xcd)[0x7f8158e4d2dd]
[Orion-02-62:397099] [24] /work/noaa/da/mpotts/sandbox/pgi_2019_openmpi_g_release_8.4.0/esmf/DEFAULTINSTALLDIR/lib/libg/Linux.pgi.64.openmpi.default/libesmf.so(_ZN5ESMCI2VM5enterEPNS_6VMPlanEPvS3_+0xcd)[0x7f7cf41352dd]
[Orion-02-62:397101] [25] /work/noaa/da/mpotts/sandbox/pgi_2019_openmpi_g_release_8.4.0/esmf/DEFAULTINSTALLDIR/lib/libg/Linux.pgi.64.openmpi.default/libesmf.so(c_esmc_ftablecallentrypointvm_+0x3a1)[0x7f81586e23e1]
[Orion-02-62:397099] [25] /work/noaa/da/mpotts/sandbox/pgi_2019_openmpi_g_release_8.4.0/esmf/DEFAULTINSTALLDIR/lib/libg/Linux.pgi.64.openmpi.default/libesmf.so(c_esmc_ftablecallentrypointvm_+0x3a1)[0x7f7cf39ca3e1]
[Orion-02-62:397101] [26] /work/noaa/da/mpotts/sandbox/pgi_2019_openmpi_g_release_8.4.0/esmf/DEFAULTINSTALLDIR/lib/libg/Linux.pgi.64.openmpi.default/libesmf.so(esmf_compmod_esmf_compexecute_+0xbd5)[0x7f8159196da5]
[Orion-02-62:397099] [26] /work/noaa/da/mpotts/sandbox/pgi_2019_openmpi_g_release_8.4.0/esmf/DEFAULTINSTALLDIR/lib/libg/Linux.pgi.64.openmpi.default/libesmf.so(esmf_compmod_esmf_compexecute_+0xbd5)[0x7f7cf447eda5]
[Orion-02-62:397101] [27] /work/noaa/da/mpotts/sandbox/pgi_2019_openmpi_g_release_8.4.0/esmf/DEFAULTINSTALLDIR/lib/libg/Linux.pgi.64.openmpi.default/libesmf.so(esmf_gridcompmod_esmf_gridcompinitialize_+0x1f1)[0x7f81594a68e1]
[Orion-02-62:397101] [28] /work/noaa/da/mpotts/sandbox/pgi_2019_openmpi_g_release_8.4.0/nuopc-app-prototypes/AtmOcnMedIngestFromInternalProto/./esmApp[0x4077e7]
[Orion-02-62:397101] [29] /work/noaa/da/mpotts/sandbox/pgi_2019_openmpi_g_release_8.4.0/nuopc-app-prototypes/AtmOcnMedIngestFromInternalProto/./esmApp[0x407293]
[Orion-02-62:397101] *** End of error message ***
[Orion-02-62:397099] [27] /work/noaa/da/mpotts/sandbox/pgi_2019_openmpi_g_release_8.4.0/esmf/DEFAULTINSTALLDIR/lib/libg/Linux.pgi.64.openmpi.default/libesmf.so(esmf_gridcompmod_esmf_gridcompinitialize_+0x1f1)[0x7f7cf478e8e1]
[Orion-02-62:397099] [28] /work/noaa/da/mpotts/sandbox/pgi_2019_openmpi_g_release_8.4.0/nuopc-app-prototypes/AtmOcnMedIngestFromInternalProto/./esmApp[0x4077e7]
[Orion-02-62:397099] [29] /work/noaa/da/mpotts/sandbox/pgi_2019_openmpi_g_release_8.4.0/nuopc-app-prototypes/AtmOcnMedIngestFromInternalProto/./esmApp[0x407293]
[Orion-02-62:397099] *** End of error message ***
==== backtrace (tid: 397102) ====
 0 0x0000000001202694 ESMCI::LogErr::MsgFoundError()  /work/noaa/da/mpotts/sandbox/pgi_2019_openmpi_g_release_8.4.0/esmf/src/Infrastructure/LogErr/src/ESMCI_LogErr.C:586
 1 0x00000000013e6c01 ESMCI::MeshCap::meshcreatenodedistgrid()  /work/noaa/da/mpotts/sandbox/pgi_2019_openmpi_g_release_8.4.0/esmf/src/Infrastructure/Mesh/src/ESMCI_MeshCap.C:1754
 2 0x000000000142c767 c_esmc_meshcreatenodedistgrid_()  /work/noaa/da/mpotts/sandbox/pgi_2019_openmpi_g_release_8.4.0/esmf/src/Infrastructure/Mesh/interface/ESMCI_Mesh_F.C:247
 3 0x00000000020fb3c8 esmf_meshmod_esmf_meshcreatefrompointer_()  /work/noaa/da/mpotts/sandbox/pgi_2019_openmpi_g_release_8.4.0/esmf/src/Infrastructure/Mesh/interface/ESMF_Mesh.F90:3091
 4 0x0000000001f29c60 esmf_gridutilmod_esmf_gridtomesh_()  /work/noaa/da/mpotts/sandbox/pgi_2019_openmpi_g_release_8.4.0/esmf/src/Infrastructure/GridUtil/interface/ESMF_GridUtil.F90:453
 5 0x0000000001dcf68b esmf_fieldregridmod_b_or_p_gridtomesh_()  /work/noaa/da/mpotts/sandbox/pgi_2019_openmpi_g_release_8.4.0/esmf/src/Infrastructure/Field/src/ESMF_FieldRegrid.F90:3228
 6 0x0000000001dcaa6b esmf_fieldregridmod_getmeshwithnodesonfieldloc_()  /work/noaa/da/mpotts/sandbox/pgi_2019_openmpi_g_release_8.4.0/esmf/src/Infrastructure/Field/src/ESMF_FieldRegrid.F90:1346
 7 0x0000000001dc83b9 esmf_fieldregridmod_esmf_fieldregridstorenx_()  /work/noaa/da/mpotts/sandbox/pgi_2019_openmpi_g_release_8.4.0/esmf/src/Infrastructure/Field/src/ESMF_FieldRegrid.F90:971
 8 0x0000000002568874 nuopc_connector_fieldbundlecplstore_()  /work/noaa/da/mpotts/sandbox/pgi_2019_openmpi_g_release_8.4.0/esmf/src/addon/NUOPC/src/NUOPC_Connector.F90:7919
 9 0x000000000253de77 nuopc_connector_initializeipdv05p6b_()  /work/noaa/da/mpotts/sandbox/pgi_2019_openmpi_g_release_8.4.0/esmf/src/addon/NUOPC/src/NUOPC_Connector.F90:5386
10 0x0000000001074017 ESMCI::FTable::callVFuncPtr()  /work/noaa/da/mpotts/sandbox/pgi_2019_openmpi_g_release_8.4.0/esmf/src/Superstructure/Component/src/ESMCI_FTable.C:2167
11 0x000000000106ff1c ESMCI_FTableCallEntryPointVMHop()  /work/noaa/da/mpotts/sandbox/pgi_2019_openmpi_g_release_8.4.0/esmf/src/Superstructure/Component/src/ESMCI_FTable.C:824
12 0x00000000017b6ccf ESMCI::VMK::enter()  /work/noaa/da/mpotts/sandbox/pgi_2019_openmpi_g_release_8.4.0/esmf/src/Infrastructure/VM/src/ESMCI_VMKernel.C:2320
13 0x00000000017db2dd ESMCI::VM::enter()  /work/noaa/da/mpotts/sandbox/pgi_2019_openmpi_g_release_8.4.0/esmf/src/Infrastructure/VM/src/ESMCI_VM.C:1216
14 0x00000000010703e1 c_esmc_ftablecallentrypointvm_()  /work/noaa/da/mpotts/sandbox/pgi_2019_openmpi_g_release_8.4.0/esmf/src/Superstructure/Component/src/ESMCI_FTable.C:981
15 0x0000000001b24da5 esmf_compmod_esmf_compexecute_()  /work/noaa/da/mpotts/sandbox/pgi_2019_openmpi_g_release_8.4.0/esmf/src/Superstructure/Component/src/ESMF_Comp.F90:1223
16 0x0000000001b3fe11 esmf_cplcompmod_esmf_cplcompinitialize_()  /work/noaa/da/mpotts/sandbox/pgi_2019_openmpi_g_release_8.4.0/esmf/src/Superstructure/Component/src/ESMF_CplComp.F90:1165
17 0x00000000025a2656 nuopc_driver_loopconnectorcompss_()  /work/noaa/da/mpotts/sandbox/pgi_2019_openmpi_g_release_8.4.0/esmf/src/addon/NUOPC/src/NUOPC_Driver.F90:2869
18 0x0000000002593ca1 nuopc_driver_initializeipdv02p3_()  /work/noaa/da/mpotts/sandbox/pgi_2019_openmpi_g_release_8.4.0/esmf/src/addon/NUOPC/src/NUOPC_Driver.F90:2020
19 0x000000000257390e nuopc_driver_initializegeneric_()  /work/noaa/da/mpotts/sandbox/pgi_2019_openmpi_g_release_8.4.0/esmf/src/addon/NUOPC/src/NUOPC_Driver.F90:479
20 0x0000000001074017 ESMCI::FTable::callVFuncPtr()  /work/noaa/da/mpotts/sandbox/pgi_2019_openmpi_g_release_8.4.0/esmf/src/Superstructure/Component/src/ESMCI_FTable.C:2167
21 0x000000000106ff1c ESMCI_FTableCallEntryPointVMHop()  /work/noaa/da/mpotts/sandbox/pgi_2019_openmpi_g_release_8.4.0/esmf/src/Superstructure/Component/src/ESMCI_FTable.C:824
22 0x00000000017b6ccf ESMCI::VMK::enter()  /work/noaa/da/mpotts/sandbox/pgi_2019_openmpi_g_release_8.4.0/esmf/src/Infrastructure/VM/src/ESMCI_VMKernel.C:2320
23 0x00000000017db2dd ESMCI::VM::enter()  /work/noaa/da/mpotts/sandbox/pgi_2019_openmpi_g_release_8.4.0/esmf/src/Infrastructure/VM/src/ESMCI_VM.C:1216
24 0x00000000010703e1 c_esmc_ftablecallentrypointvm_()  /work/noaa/da/mpotts/sandbox/pgi_2019_openmpi_g_release_8.4.0/esmf/src/Superstructure/Component/src/ESMCI_FTable.C:981
25 0x0000000001b24da5 esmf_compmod_esmf_compexecute_()  /work/noaa/da/mpotts/sandbox/pgi_2019_openmpi_g_release_8.4.0/esmf/src/Superstructure/Component/src/ESMF_Comp.F90:1223
26 0x0000000001e348e1 esmf_gridcompmod_esmf_gridcompinitialize_()  /work/noaa/da/mpotts/sandbox/pgi_2019_openmpi_g_release_8.4.0/esmf/src/Superstructure/Component/src/ESMF_GridComp.F90:1412
27 0x00000000004077e7 MAIN_()  /work/noaa/da/mpotts/sandbox/pgi_2019_openmpi_g_release_8.4.0/nuopc-app-prototypes/AtmOcnMedIngestFromInternalProto/esmApp.F90:58
28 0x0000000000407293 main()  ???:0
29 0x0000000000022495 __libc_start_main()  ???:0
30 0x0000000000407199 _start()  ???:0
=================================
[Orion-02-62:397102] *** Process received signal ***
[Orion-02-62:397102] Signal: Segmentation fault (11)
[Orion-02-62:397102] Signal code:  (-6)
[Orion-02-62:397102] Failing at address: 0x20e500060f2e
[Orion-02-62:397102] [ 0] /lib64/libpthread.so.0(+0xf5d0)[0x7fd7e5f675d0]
[Orion-02-62:397102] [ 1] /work/noaa/da/mpotts/sandbox/pgi_2019_openmpi_g_release_8.4.0/esmf/DEFAULTINSTALLDIR/lib/libg/Linux.pgi.64.openmpi.default/libesmf.so(_ZN5ESMCI6LogErr13MsgFoundErrorEiPKciS2_S2_Pi+0x34)[0x7fd7e32f6694]
[Orion-02-62:397102] [ 2] /work/noaa/da/mpotts/sandbox/pgi_2019_openmpi_g_release_8.4.0/esmf/DEFAULTINSTALLDIR/lib/libg/Linux.pgi.64.openmpi.default/libesmf.so(_ZN5ESMCI7MeshCap22meshcreatenodedistgridEPi+0x81)[0x7fd7e34dac01]
[Orion-02-62:397102] [ 3] /work/noaa/da/mpotts/sandbox/pgi_2019_openmpi_g_release_8.4.0/esmf/DEFAULTINSTALLDIR/lib/libg/Linux.pgi.64.openmpi.default/libesmf.so(c_esmc_meshcreatenodedistgrid_+0x177)[0x7fd7e3520767]
[Orion-02-62:397102] [ 4] /work/noaa/da/mpotts/sandbox/pgi_2019_openmpi_g_release_8.4.0/esmf/DEFAULTINSTALLDIR/lib/libg/Linux.pgi.64.openmpi.default/libesmf.so(esmf_meshmod_esmf_meshcreatefrompointer_+0x78)[0x7fd7e41ef3c8]
[Orion-02-62:397102] [ 5] /work/noaa/da/mpotts/sandbox/pgi_2019_openmpi_g_release_8.4.0/esmf/DEFAULTINSTALLDIR/lib/libg/Linux.pgi.64.openmpi.default/libesmf.so(esmf_gridutilmod_esmf_gridtomesh_+0x550)[0x7fd7e401dc60]
[Orion-02-62:397102] [ 6] /work/noaa/da/mpotts/sandbox/pgi_2019_openmpi_g_release_8.4.0/esmf/DEFAULTINSTALLDIR/lib/libg/Linux.pgi.64.openmpi.default/libesmf.so(esmf_fieldregridmod_b_or_p_gridtomesh_+0x60b)[0x7fd7e3ec368b]
[Orion-02-62:397102] [ 7] /work/noaa/da/mpotts/sandbox/pgi_2019_openmpi_g_release_8.4.0/esmf/DEFAULTINSTALLDIR/lib/libg/Linux.pgi.64.openmpi.default/libesmf.so(esmf_fieldregridmod_getmeshwithnodesonfieldloc_+0x54b)[0x7fd7e3ebea6b]
[Orion-02-62:397102] [ 8] /work/noaa/da/mpotts/sandbox/pgi_2019_openmpi_g_release_8.4.0/esmf/DEFAULTINSTALLDIR/lib/libg/Linux.pgi.64.openmpi.default/libesmf.so(esmf_fieldregridmod_esmf_fieldregridstorenx_+0x1029)[0x7fd7e3ebc3b9]
[Orion-02-62:397102] [ 9] /work/noaa/da/mpotts/sandbox/pgi_2019_openmpi_g_release_8.4.0/esmf/DEFAULTINSTALLDIR/lib/libg/Linux.pgi.64.openmpi.default/libesmf.so(nuopc_connector_fieldbundlecplstore_+0x13474)[0x7fd7e465c874]
[Orion-02-62:397102] [10] /work/noaa/da/mpotts/sandbox/pgi_2019_openmpi_g_release_8.4.0/esmf/DEFAULTINSTALLDIR/lib/libg/Linux.pgi.64.openmpi.default/libesmf.so(nuopc_connector_initializeipdv05p6b_+0x9067)[0x7fd7e4631e77]
[Orion-02-62:397102] [11] /work/noaa/da/mpotts/sandbox/pgi_2019_openmpi_g_release_8.4.0/esmf/DEFAULTINSTALLDIR/lib/libg/Linux.pgi.64.openmpi.default/libesmf.so(_ZN5ESMCI6FTable12callVFuncPtrEPKcPNS_2VMEPi+0xcf7)[0x7fd7e3168017]
[Orion-02-62:397102] [12] /work/noaa/da/mpotts/sandbox/pgi_2019_openmpi_g_release_8.4.0/esmf/DEFAULTINSTALLDIR/lib/libg/Linux.pgi.64.openmpi.default/libesmf.so(ESMCI_FTableCallEntryPointVMHop+0x2ac)[0x7fd7e3163f1c]
[Orion-02-62:397102] [13] /work/noaa/da/mpotts/sandbox/pgi_2019_openmpi_g_release_8.4.0/esmf/DEFAULTINSTALLDIR/lib/libg/Linux.pgi.64.openmpi.default/libesmf.so(_ZN5ESMCI3VMK5enterEPNS_7VMKPlanEPvS3_+0xcf)[0x7fd7e38aaccf]
[Orion-02-62:397102] [14] /work/noaa/da/mpotts/sandbox/pgi_2019_openmpi_g_release_8.4.0/esmf/DEFAULTINSTALLDIR/lib/libg/Linux.pgi.64.openmpi.default/libesmf.so(_ZN5ESMCI2VM5enterEPNS_6VMPlanEPvS3_+0xcd)[0x7fd7e38cf2dd]
[Orion-02-62:397102] [15] /work/noaa/da/mpotts/sandbox/pgi_2019_openmpi_g_release_8.4.0/esmf/DEFAULTINSTALLDIR/lib/libg/Linux.pgi.64.openmpi.default/libesmf.so(c_esmc_ftablecallentrypointvm_+0x3a1)[0x7fd7e31643e1]
[Orion-02-62:397102] [16] /work/noaa/da/mpotts/sandbox/pgi_2019_openmpi_g_release_8.4.0/esmf/DEFAULTINSTALLDIR/lib/libg/Linux.pgi.64.openmpi.default/libesmf.so(esmf_compmod_esmf_compexecute_+0xbd5)[0x7fd7e3c18da5]
[Orion-02-62:397102] [17] /work/noaa/da/mpotts/sandbox/pgi_2019_openmpi_g_release_8.4.0/esmf/DEFAULTINSTALLDIR/lib/libg/Linux.pgi.64.openmpi.default/libesmf.so(esmf_cplcompmod_esmf_cplcompinitialize_+0x1f1)[0x7fd7e3c33e11]
[Orion-02-62:397102] [18] /work/noaa/da/mpotts/sandbox/pgi_2019_openmpi_g_release_8.4.0/esmf/DEFAULTINSTALLDIR/lib/libg/Linux.pgi.64.openmpi.default/libesmf.so(nuopc_driver_loopconnectorcompss_+0x1916)[0x7fd7e4696656]
[Orion-02-62:397102] [19] /work/noaa/da/mpotts/sandbox/pgi_2019_openmpi_g_release_8.4.0/esmf/DEFAULTINSTALLDIR/lib/libg/Linux.pgi.64.openmpi.default/libesmf.so(nuopc_driver_initializeipdv02p3_+0x5421)[0x7fd7e4687ca1]
[Orion-02-62:397102] [20] /work/noaa/da/mpotts/sandbox/pgi_2019_openmpi_g_release_8.4.0/esmf/DEFAULTINSTALLDIR/lib/libg/Linux.pgi.64.openmpi.default/libesmf.so(nuopc_driver_initializegeneric_+0x109e)[0x7fd7e466790e]
[Orion-02-62:397102] [21] /work/noaa/da/mpotts/sandbox/pgi_2019_openmpi_g_release_8.4.0/esmf/DEFAULTINSTALLDIR/lib/libg/Linux.pgi.64.openmpi.default/libesmf.so(_ZN5ESMCI6FTable12callVFuncPtrEPKcPNS_2VMEPi+0xcf7)[0x7fd7e3168017]
[Orion-02-62:397102] [22] /work/noaa/da/mpotts/sandbox/pgi_2019_openmpi_g_release_8.4.0/esmf/DEFAULTINSTALLDIR/lib/libg/Linux.pgi.64.openmpi.default/libesmf.so(ESMCI_FTableCallEntryPointVMHop+0x2ac)[0x7fd7e3163f1c]
[Orion-02-62:397102] [23] /work/noaa/da/mpotts/sandbox/pgi_2019_openmpi_g_release_8.4.0/esmf/DEFAULTINSTALLDIR/lib/libg/Linux.pgi.64.openmpi.default/libesmf.so(_ZN5ESMCI3VMK5enterEPNS_7VMKPlanEPvS3_+0xcf)[0x7fd7e38aaccf]
[Orion-02-62:397102] [24] /work/noaa/da/mpotts/sandbox/pgi_2019_openmpi_g_release_8.4.0/esmf/DEFAULTINSTALLDIR/lib/libg/Linux.pgi.64.openmpi.default/libesmf.so(_ZN5ESMCI2VM5enterEPNS_6VMPlanEPvS3_+0xcd)[0x7fd7e38cf2dd]
[Orion-02-62:397102] [25] /work/noaa/da/mpotts/sandbox/pgi_2019_openmpi_g_release_8.4.0/esmf/DEFAULTINSTALLDIR/lib/libg/Linux.pgi.64.openmpi.default/libesmf.so(c_esmc_ftablecallentrypointvm_+0x3a1)[0x7fd7e31643e1]
[Orion-02-62:397102] [26] /work/noaa/da/mpotts/sandbox/pgi_2019_openmpi_g_release_8.4.0/esmf/DEFAULTINSTALLDIR/lib/libg/Linux.pgi.64.openmpi.default/libesmf.so(esmf_compmod_esmf_compexecute_+0xbd5)[0x7fd7e3c18da5]
[Orion-02-62:397102] [27] /work/noaa/da/mpotts/sandbox/pgi_2019_openmpi_g_release_8.4.0/esmf/DEFAULTINSTALLDIR/lib/libg/Linux.pgi.64.openmpi.default/libesmf.so(esmf_gridcompmod_esmf_gridcompinitialize_+0x1f1)[0x7fd7e3f288e1]
[Orion-02-62:397102] [28] /work/noaa/da/mpotts/sandbox/pgi_2019_openmpi_g_release_8.4.0/nuopc-app-prototypes/AtmOcnMedIngestFromInternalProto/./esmApp[0x4077e7]
[Orion-02-62:397102] [29] /work/noaa/da/mpotts/sandbox/pgi_2019_openmpi_g_release_8.4.0/nuopc-app-prototypes/AtmOcnMedIngestFromInternalProto/./esmApp[0x407293]
[Orion-02-62:397102] *** End of error message ***
==== backtrace (tid: 397100) ====
 0 0x0000000001202694 ESMCI::LogErr::MsgFoundError()  /work/noaa/da/mpotts/sandbox/pgi_2019_openmpi_g_release_8.4.0/esmf/src/Infrastructure/LogErr/src/ESMCI_LogErr.C:586
 1 0x00000000013e6c01 ESMCI::MeshCap::meshcreatenodedistgrid()  /work/noaa/da/mpotts/sandbox/pgi_2019_openmpi_g_release_8.4.0/esmf/src/Infrastructure/Mesh/src/ESMCI_MeshCap.C:1754
 2 0x000000000142c767 c_esmc_meshcreatenodedistgrid_()  /work/noaa/da/mpotts/sandbox/pgi_2019_openmpi_g_release_8.4.0/esmf/src/Infrastructure/Mesh/interface/ESMCI_Mesh_F.C:247
 3 0x00000000020fb3c8 esmf_meshmod_esmf_meshcreatefrompointer_()  /work/noaa/da/mpotts/sandbox/pgi_2019_openmpi_g_release_8.4.0/esmf/src/Infrastructure/Mesh/interface/ESMF_Mesh.F90:3091
 4 0x0000000001f29c60 esmf_gridutilmod_esmf_gridtomesh_()  /work/noaa/da/mpotts/sandbox/pgi_2019_openmpi_g_release_8.4.0/esmf/src/Infrastructure/GridUtil/interface/ESMF_GridUtil.F90:453
 5 0x0000000001dcf68b esmf_fieldregridmod_b_or_p_gridtomesh_()  /work/noaa/da/mpotts/sandbox/pgi_2019_openmpi_g_release_8.4.0/esmf/src/Infrastructure/Field/src/ESMF_FieldRegrid.F90:3228
 6 0x0000000001dcaa6b esmf_fieldregridmod_getmeshwithnodesonfieldloc_()  /work/noaa/da/mpotts/sandbox/pgi_2019_openmpi_g_release_8.4.0/esmf/src/Infrastructure/Field/src/ESMF_FieldRegrid.F90:1346
 7 0x0000000001dc83b9 esmf_fieldregridmod_esmf_fieldregridstorenx_()  /work/noaa/da/mpotts/sandbox/pgi_2019_openmpi_g_release_8.4.0/esmf/src/Infrastructure/Field/src/ESMF_FieldRegrid.F90:971
 8 0x0000000002568874 nuopc_connector_fieldbundlecplstore_()  /work/noaa/da/mpotts/sandbox/pgi_2019_openmpi_g_release_8.4.0/esmf/src/addon/NUOPC/src/NUOPC_Connector.F90:7919
 9 0x000000000253de77 nuopc_connector_initializeipdv05p6b_()  /work/noaa/da/mpotts/sandbox/pgi_2019_openmpi_g_release_8.4.0/esmf/src/addon/NUOPC/src/NUOPC_Connector.F90:5386
10 0x0000000001074017 ESMCI::FTable::callVFuncPtr()  /work/noaa/da/mpotts/sandbox/pgi_2019_openmpi_g_release_8.4.0/esmf/src/Superstructure/Component/src/ESMCI_FTable.C:2167
11 0x000000000106ff1c ESMCI_FTableCallEntryPointVMHop()  /work/noaa/da/mpotts/sandbox/pgi_2019_openmpi_g_release_8.4.0/esmf/src/Superstructure/Component/src/ESMCI_FTable.C:824
12 0x00000000017b6ccf ESMCI::VMK::enter()  /work/noaa/da/mpotts/sandbox/pgi_2019_openmpi_g_release_8.4.0/esmf/src/Infrastructure/VM/src/ESMCI_VMKernel.C:2320
13 0x00000000017db2dd ESMCI::VM::enter()  /work/noaa/da/mpotts/sandbox/pgi_2019_openmpi_g_release_8.4.0/esmf/src/Infrastructure/VM/src/ESMCI_VM.C:1216
14 0x00000000010703e1 c_esmc_ftablecallentrypointvm_()  /work/noaa/da/mpotts/sandbox/pgi_2019_openmpi_g_release_8.4.0/esmf/src/Superstructure/Component/src/ESMCI_FTable.C:981
15 0x0000000001b24da5 esmf_compmod_esmf_compexecute_()  /work/noaa/da/mpotts/sandbox/pgi_2019_openmpi_g_release_8.4.0/esmf/src/Superstructure/Component/src/ESMF_Comp.F90:1223
16 0x0000000001b3fe11 esmf_cplcompmod_esmf_cplcompinitialize_()  /work/noaa/da/mpotts/sandbox/pgi_2019_openmpi_g_release_8.4.0/esmf/src/Superstructure/Component/src/ESMF_CplComp.F90:1165
17 0x00000000025a2656 nuopc_driver_loopconnectorcompss_()  /work/noaa/da/mpotts/sandbox/pgi_2019_openmpi_g_release_8.4.0/esmf/src/addon/NUOPC/src/NUOPC_Driver.F90:2869
18 0x0000000002593ca1 nuopc_driver_initializeipdv02p3_()  /work/noaa/da/mpotts/sandbox/pgi_2019_openmpi_g_release_8.4.0/esmf/src/addon/NUOPC/src/NUOPC_Driver.F90:2020
19 0x000000000257390e nuopc_driver_initializegeneric_()  /work/noaa/da/mpotts/sandbox/pgi_2019_openmpi_g_release_8.4.0/esmf/src/addon/NUOPC/src/NUOPC_Driver.F90:479
20 0x0000000001074017 ESMCI::FTable::callVFuncPtr()  /work/noaa/da/mpotts/sandbox/pgi_2019_openmpi_g_release_8.4.0/esmf/src/Superstructure/Component/src/ESMCI_FTable.C:2167
21 0x000000000106ff1c ESMCI_FTableCallEntryPointVMHop()  /work/noaa/da/mpotts/sandbox/pgi_2019_openmpi_g_release_8.4.0/esmf/src/Superstructure/Component/src/ESMCI_FTable.C:824
22 0x00000000017b6ccf ESMCI::VMK::enter()  /work/noaa/da/mpotts/sandbox/pgi_2019_openmpi_g_release_8.4.0/esmf/src/Infrastructure/VM/src/ESMCI_VMKernel.C:2320
23 0x00000000017db2dd ESMCI::VM::enter()  /work/noaa/da/mpotts/sandbox/pgi_2019_openmpi_g_release_8.4.0/esmf/src/Infrastructure/VM/src/ESMCI_VM.C:1216
24 0x00000000010703e1 c_esmc_ftablecallentrypointvm_()  /work/noaa/da/mpotts/sandbox/pgi_2019_openmpi_g_release_8.4.0/esmf/src/Superstructure/Component/src/ESMCI_FTable.C:981
25 0x0000000001b24da5 esmf_compmod_esmf_compexecute_()  /work/noaa/da/mpotts/sandbox/pgi_2019_openmpi_g_release_8.4.0/esmf/src/Superstructure/Component/src/ESMF_Comp.F90:1223
26 0x0000000001e348e1 esmf_gridcompmod_esmf_gridcompinitialize_()  /work/noaa/da/mpotts/sandbox/pgi_2019_openmpi_g_release_8.4.0/esmf/src/Superstructure/Component/src/ESMF_GridComp.F90:1412
27 0x00000000004077e7 MAIN_()  /work/noaa/da/mpotts/sandbox/pgi_2019_openmpi_g_release_8.4.0/nuopc-app-prototypes/AtmOcnMedIngestFromInternalProto/esmApp.F90:58
28 0x0000000000407293 main()  ???:0
29 0x0000000000022495 __libc_start_main()  ???:0
30 0x0000000000407199 _start()  ???:0
=================================
[Orion-02-62:397100] *** Process received signal ***
[Orion-02-62:397100] Signal: Segmentation fault (11)
[Orion-02-62:397100] Signal code:  (-6)
[Orion-02-62:397100] Failing at address: 0x20e500060f2c
[Orion-02-62:397100] [ 0] /lib64/libpthread.so.0(+0xf5d0)[0x7fb3409d35d0]
[Orion-02-62:397100] [ 1] /work/noaa/da/mpotts/sandbox/pgi_2019_openmpi_g_release_8.4.0/esmf/DEFAULTINSTALLDIR/lib/libg/Linux.pgi.64.openmpi.default/libesmf.so(_ZN5ESMCI6LogErr13MsgFoundErrorEiPKciS2_S2_Pi+0x34)[0x7fb33dd62694]
[Orion-02-62:397100] [ 2] /work/noaa/da/mpotts/sandbox/pgi_2019_openmpi_g_release_8.4.0/esmf/DEFAULTINSTALLDIR/lib/libg/Linux.pgi.64.openmpi.default/libesmf.so(_ZN5ESMCI7MeshCap22meshcreatenodedistgridEPi+0x81)[0x7fb33df46c01]
[Orion-02-62:397100] [ 3] /work/noaa/da/mpotts/sandbox/pgi_2019_openmpi_g_release_8.4.0/esmf/DEFAULTINSTALLDIR/lib/libg/Linux.pgi.64.openmpi.default/libesmf.so(c_esmc_meshcreatenodedistgrid_+0x177)[0x7fb33df8c767]
[Orion-02-62:397100] [ 4] /work/noaa/da/mpotts/sandbox/pgi_2019_openmpi_g_release_8.4.0/esmf/DEFAULTINSTALLDIR/lib/libg/Linux.pgi.64.openmpi.default/libesmf.so(esmf_meshmod_esmf_meshcreatefrompointer_+0x78)[0x7fb33ec5b3c8]
[Orion-02-62:397100] [ 5] /work/noaa/da/mpotts/sandbox/pgi_2019_openmpi_g_release_8.4.0/esmf/DEFAULTINSTALLDIR/lib/libg/Linux.pgi.64.openmpi.default/libesmf.so(esmf_gridutilmod_esmf_gridtomesh_+0x550)[0x7fb33ea89c60]
[Orion-02-62:397100] [ 6] /work/noaa/da/mpotts/sandbox/pgi_2019_openmpi_g_release_8.4.0/esmf/DEFAULTINSTALLDIR/lib/libg/Linux.pgi.64.openmpi.default/libesmf.so(esmf_fieldregridmod_b_or_p_gridtomesh_+0x60b)[0x7fb33e92f68b]
[Orion-02-62:397100] [ 7] /work/noaa/da/mpotts/sandbox/pgi_2019_openmpi_g_release_8.4.0/esmf/DEFAULTINSTALLDIR/lib/libg/Linux.pgi.64.openmpi.default/libesmf.so(esmf_fieldregridmod_getmeshwithnodesonfieldloc_+0x54b)[0x7fb33e92aa6b]
[Orion-02-62:397100] [ 8] /work/noaa/da/mpotts/sandbox/pgi_2019_openmpi_g_release_8.4.0/esmf/DEFAULTINSTALLDIR/lib/libg/Linux.pgi.64.openmpi.default/libesmf.so(esmf_fieldregridmod_esmf_fieldregridstorenx_+0x1029)[0x7fb33e9283b9]
[Orion-02-62:397100] [ 9] /work/noaa/da/mpotts/sandbox/pgi_2019_openmpi_g_release_8.4.0/esmf/DEFAULTINSTALLDIR/lib/libg/Linux.pgi.64.openmpi.default/libesmf.so(nuopc_connector_fieldbundlecplstore_+0x13474)[0x7fb33f0c8874]
[Orion-02-62:397100] [10] /work/noaa/da/mpotts/sandbox/pgi_2019_openmpi_g_release_8.4.0/esmf/DEFAULTINSTALLDIR/lib/libg/Linux.pgi.64.openmpi.default/libesmf.so(nuopc_connector_initializeipdv05p6b_+0x9067)[0x7fb33f09de77]
[Orion-02-62:397100] [11] /work/noaa/da/mpotts/sandbox/pgi_2019_openmpi_g_release_8.4.0/esmf/DEFAULTINSTALLDIR/lib/libg/Linux.pgi.64.openmpi.default/libesmf.so(_ZN5ESMCI6FTable12callVFuncPtrEPKcPNS_2VMEPi+0xcf7)[0x7fb33dbd4017]
[Orion-02-62:397100] [12] /work/noaa/da/mpotts/sandbox/pgi_2019_openmpi_g_release_8.4.0/esmf/DEFAULTINSTALLDIR/lib/libg/Linux.pgi.64.openmpi.default/libesmf.so(ESMCI_FTableCallEntryPointVMHop+0x2ac)[0x7fb33dbcff1c]
[Orion-02-62:397100] [13] /work/noaa/da/mpotts/sandbox/pgi_2019_openmpi_g_release_8.4.0/esmf/DEFAULTINSTALLDIR/lib/libg/Linux.pgi.64.openmpi.default/libesmf.so(_ZN5ESMCI3VMK5enterEPNS_7VMKPlanEPvS3_+0xcf)[0x7fb33e316ccf]
[Orion-02-62:397100] [14] /work/noaa/da/mpotts/sandbox/pgi_2019_openmpi_g_release_8.4.0/esmf/DEFAULTINSTALLDIR/lib/libg/Linux.pgi.64.openmpi.default/libesmf.so(_ZN5ESMCI2VM5enterEPNS_6VMPlanEPvS3_+0xcd)[0x7fb33e33b2dd]
[Orion-02-62:397100] [15] /work/noaa/da/mpotts/sandbox/pgi_2019_openmpi_g_release_8.4.0/esmf/DEFAULTINSTALLDIR/lib/libg/Linux.pgi.64.openmpi.default/libesmf.so(c_esmc_ftablecallentrypointvm_+0x3a1)[0x7fb33dbd03e1]
[Orion-02-62:397100] [16] /work/noaa/da/mpotts/sandbox/pgi_2019_openmpi_g_release_8.4.0/esmf/DEFAULTINSTALLDIR/lib/libg/Linux.pgi.64.openmpi.default/libesmf.so(esmf_compmod_esmf_compexecute_+0xbd5)[0x7fb33e684da5]
[Orion-02-62:397100] [17] /work/noaa/da/mpotts/sandbox/pgi_2019_openmpi_g_release_8.4.0/esmf/DEFAULTINSTALLDIR/lib/libg/Linux.pgi.64.openmpi.default/libesmf.so(esmf_cplcompmod_esmf_cplcompinitialize_+0x1f1)[0x7fb33e69fe11]
[Orion-02-62:397100] [18] /work/noaa/da/mpotts/sandbox/pgi_2019_openmpi_g_release_8.4.0/esmf/DEFAULTINSTALLDIR/lib/libg/Linux.pgi.64.openmpi.default/libesmf.so(nuopc_driver_loopconnectorcompss_+0x1916)[0x7fb33f102656]
[Orion-02-62:397100] [19] /work/noaa/da/mpotts/sandbox/pgi_2019_openmpi_g_release_8.4.0/esmf/DEFAULTINSTALLDIR/lib/libg/Linux.pgi.64.openmpi.default/libesmf.so(nuopc_driver_initializeipdv02p3_+0x5421)[0x7fb33f0f3ca1]
[Orion-02-62:397100] [20] /work/noaa/da/mpotts/sandbox/pgi_2019_openmpi_g_release_8.4.0/esmf/DEFAULTINSTALLDIR/lib/libg/Linux.pgi.64.openmpi.default/libesmf.so(nuopc_driver_initializegeneric_+0x109e)[0x7fb33f0d390e]
[Orion-02-62:397100] [21] /work/noaa/da/mpotts/sandbox/pgi_2019_openmpi_g_release_8.4.0/esmf/DEFAULTINSTALLDIR/lib/libg/Linux.pgi.64.openmpi.default/libesmf.so(_ZN5ESMCI6FTable12callVFuncPtrEPKcPNS_2VMEPi+0xcf7)[0x7fb33dbd4017]
[Orion-02-62:397100] [22] /work/noaa/da/mpotts/sandbox/pgi_2019_openmpi_g_release_8.4.0/esmf/DEFAULTINSTALLDIR/lib/libg/Linux.pgi.64.openmpi.default/libesmf.so(ESMCI_FTableCallEntryPointVMHop+0x2ac)[0x7fb33dbcff1c]
[Orion-02-62:397100] [23] /work/noaa/da/mpotts/sandbox/pgi_2019_openmpi_g_release_8.4.0/esmf/DEFAULTINSTALLDIR/lib/libg/Linux.pgi.64.openmpi.default/libesmf.so(_ZN5ESMCI3VMK5enterEPNS_7VMKPlanEPvS3_+0xcf)[0x7fb33e316ccf]
[Orion-02-62:397100] [24] /work/noaa/da/mpotts/sandbox/pgi_2019_openmpi_g_release_8.4.0/esmf/DEFAULTINSTALLDIR/lib/libg/Linux.pgi.64.openmpi.default/libesmf.so(_ZN5ESMCI2VM5enterEPNS_6VMPlanEPvS3_+0xcd)[0x7fb33e33b2dd]
[Orion-02-62:397100] [25] /work/noaa/da/mpotts/sandbox/pgi_2019_openmpi_g_release_8.4.0/esmf/DEFAULTINSTALLDIR/lib/libg/Linux.pgi.64.openmpi.default/libesmf.so(c_esmc_ftablecallentrypointvm_+0x3a1)[0x7fb33dbd03e1]
[Orion-02-62:397100] [26] /work/noaa/da/mpotts/sandbox/pgi_2019_openmpi_g_release_8.4.0/esmf/DEFAULTINSTALLDIR/lib/libg/Linux.pgi.64.openmpi.default/libesmf.so(esmf_compmod_esmf_compexecute_+0xbd5)[0x7fb33e684da5]
[Orion-02-62:397100] [27] /work/noaa/da/mpotts/sandbox/pgi_2019_openmpi_g_release_8.4.0/esmf/DEFAULTINSTALLDIR/lib/libg/Linux.pgi.64.openmpi.default/libesmf.so(esmf_gridcompmod_esmf_gridcompinitialize_+0x1f1)[0x7fb33e9948e1]
[Orion-02-62:397100] [28] /work/noaa/da/mpotts/sandbox/pgi_2019_openmpi_g_release_8.4.0/nuopc-app-prototypes/AtmOcnMedIngestFromInternalProto/./esmApp[0x4077e7]
[Orion-02-62:397100] [29] /work/noaa/da/mpotts/sandbox/pgi_2019_openmpi_g_release_8.4.0/nuopc-app-prototypes/AtmOcnMedIngestFromInternalProto/./esmApp[0x407293]
[Orion-02-62:397100] *** End of error message ***
srun: error: Orion-02-62: tasks 0,2-3: Segmentation fault
srun: launch/slurm: _step_signal: Terminating StepId=7233725.353
slurmstepd: error: *** STEP 7233725.353 ON Orion-02-62 CANCELLED AT 2022-10-16T04:39:06 ***
srun: error: Orion-02-62: task 1: Segmentation fault
