2022-10-18 05:09:33
20221018 054628.257 INFO             PET0 !!!!!!!!!!!!!!!!!!!!!!!!!!!!!!!!!!!!!!!!!!!!!!!!!!!!!!
20221018 054628.257 INFO             PET0 !!! THE ESMF_LOG IS SET TO OUTPUT ALL LOG MESSAGES !!!
20221018 054628.257 INFO             PET0 !!!     THIS MAY CAUSE SLOWDOWN IN PERFORMANCE     !!!
20221018 054628.257 INFO             PET0 !!! FOR PRODUCTION RUNS, USE:                      !!!
20221018 054628.257 INFO             PET0 !!!                   ESMF_LOGKIND_Multi_On_Error  !!!
20221018 054628.257 INFO             PET0 !!!!!!!!!!!!!!!!!!!!!!!!!!!!!!!!!!!!!!!!!!!!!!!!!!!!!!
20221018 054628.257 INFO             PET0 Running with ESMF Version   : v8.4.0b20
20221018 054628.257 INFO             PET0 ESMF library build date/time: "Oct 18 2022" "05:08:00"
20221018 054628.257 INFO             PET0 ESMF library build location : /work/noaa/da/mpotts/sandbox/intel_2020.2_intelmpi_g_release_8.4.0/esmf
20221018 054628.257 INFO             PET0 ESMF_COMM                   : intelmpi
20221018 054628.258 INFO             PET0 ESMF_MOAB                   : enabled
20221018 054628.258 INFO             PET0 ESMF_LAPACK                 : enabled
20221018 054628.258 INFO             PET0 ESMF_NETCDF                 : enabled
20221018 054628.258 INFO             PET0 ESMF_PNETCDF                : disabled
20221018 054628.258 INFO             PET0 ESMF_PIO                    : enabled
20221018 054628.258 INFO             PET0 ESMF_YAMLCPP                : enabled
20221018 054628.258 INFO             PET0 mainApp STARTING
20221018 054628.264 INFO             PET0 driver: InitializeGeneric intro.
20221018 054628.264 INFO             PET0   driver: InitializeP0 intro.
20221018 054628.264 INFO             PET0   driver: InitializeP0 extro.
20221018 054628.264 INFO             PET0   driver: InitializeIPDv02p1 intro.
20221018 054628.264 INFO             PET0     >>>driver: entered Initialize (phase=<none>) without valid internal Clock.
20221018 054628.265 INFO             PET0     driver - Creating model component MODEL without petList.
20221018 054628.268 INFO             PET0      GridCompIsPetLocal:  T
20221018 054628.268 INFO             PET0      VmIsCreated:  T
20221018 054628.268 INFO             PET0      valid MPI_COMM with size=           4
20221018 054628.269 INFO             PET0     driver - Creating state: modelComp 1 Import State
20221018 054628.269 INFO             PET0     driver - Creating state: modelComp 1 Export State
20221018 054628.270 INFO             PET0     MODEL: InitializeP0 intro.
20221018 054628.270 INFO             PET0       >>>MODEL: entered Initialize (phase=<none>) without valid internal Clock.
20221018 054628.271 INFO             PET0       <<<MODEL: leaving Initialize (phase=<none>) without valid internal Clock.
20221018 054628.271 INFO             PET0     MODEL: InitializeP0 extro.
20221018 054628.273 INFO             PET0     driver: IInitAdvertise intro.
20221018 054628.273 INFO             PET0     driver: IInitAdvertise extro.
20221018 054628.273 INFO             PET0     MODEL: InitializeIPDvXp01 intro.
20221018 054628.273 INFO             PET0       >>>MODEL: entered Initialize (phase=IPDvXp01) without valid internal Clock.
20221018 054628.276 INFO             PET0       <<<MODEL: leaving Initialize (phase=IPDvXp01) without valid internal Clock.
20221018 054628.276 INFO             PET0     MODEL: InitializeIPDvXp01 extro.
20221018 054628.277 INFO             PET0     driver: IInitAdvertiseFinish intro.
20221018 054628.277 INFO             PET0     driver: IInitAdvertiseFinish extro.
20221018 054628.277 INFO             PET0     driver: IInitModifyCplLists intro.
20221018 054628.277 INFO             PET0     driver: IInitModifyCplLists extro.
20221018 054628.277 INFO             PET0     <<<driver: leaving Initialize (phase=<none>) with current time:    0  1  1  0  0  0   0
20221018 054628.277 INFO             PET0   driver: InitializeIPDv02p1 extro.
20221018 054628.277 INFO             PET0   driver: InitializeIPDv02p3 intro.
20221018 054628.278 INFO             PET0     >>>driver: entered Initialize (phase=<none>) with current time:    0  1  1  0  0  0   0
20221018 054628.278 INFO             PET0     driver: IInitCheck intro.
20221018 054628.278 INFO             PET0     driver: IInitCheck extro.
20221018 054628.278 INFO             PET0     MODEL: InitializeIPDvXp04 intro.
20221018 054628.278 INFO             PET0       >>>MODEL: entered Initialize (phase=IPDvXp04) without valid internal Clock.
20221018 054628.284 INFO             PET0       After Realize: - MemInfo: [/proc/meminfo - SSI]	MemTotal:       196434608 kB
20221018 054628.284 INFO             PET0       After Realize: - MemInfo: [/proc/meminfo - SSI]	MemFree:        146624288 kB
20221018 054628.284 INFO             PET0       After Realize: - MemInfo: [/proc/meminfo - SSI]	MemAvailable:   182928560 kB
20221018 054628.284 INFO             PET0       After Realize: - MemInfo: [/proc/meminfo - SSI]	Committed_AS:    2003748 kB
20221018 054628.284 INFO             PET0       After Realize: - MemInfo: [/proc/meminfo - SSI]	CommittedPercent: 1.02006 %
20221018 054628.284 INFO             PET0       After Realize: - MemInfo: [/proc/self/status]	VmPeak:	 2918996 kB
20221018 054628.284 INFO             PET0       After Realize: - MemInfo: [/proc/self/status]	VmSize:	 2918996 kB
20221018 054628.284 INFO             PET0       After Realize: - MemInfo: [/proc/self/status]	VmLck:	       0 kB
20221018 054628.284 INFO             PET0       After Realize: - MemInfo: [/proc/self/status]	VmPin:	   81496 kB
20221018 054628.284 INFO             PET0       After Realize: - MemInfo: [/proc/self/status]	VmHWM:	  159144 kB
20221018 054628.284 INFO             PET0       After Realize: - MemInfo: [/proc/self/status]	VmRSS:	  159144 kB
20221018 054628.284 INFO             PET0       After Realize: - MemInfo: [/proc/self/status]	VmData:	  277492 kB
20221018 054628.284 INFO             PET0       After Realize: - MemInfo: [/proc/self/status]	VmStk:	     516 kB
20221018 054628.284 INFO             PET0       After Realize: - MemInfo: [/proc/self/status]	VmExe:	    1556 kB
20221018 054628.284 INFO             PET0       After Realize: - MemInfo: [/proc/self/status]	VmLib:	  178580 kB
20221018 054628.284 INFO             PET0       After Realize: - MemInfo: [/proc/self/status]	VmPTE:	     956 kB
20221018 054628.284 INFO             PET0       After Realize: - MemInfo: [/proc/self/status]	VmSwap:	       0 kB
20221018 054628.284 INFO             PET0       After Realize: - MemInfo: [/proc/self/status]	VmRSSPercent: 0.0810163 %
20221018 054628.284 INFO             PET0       After Realize: - MemInfo: [malloc] Non-mmapped space allocated:                 7315456 Byte
20221018 054628.284 INFO             PET0       After Realize: - MemInfo: [malloc] Space allocated in mmapped regions:         87056384 Byte
20221018 054628.284 INFO             PET0       After Realize: - MemInfo: [malloc] Maximum total allocated space:                     0 Byte
20221018 054628.284 INFO             PET0       After Realize: - MemInfo: [malloc] Space in freed fastbin blocks:                  1024 Byte
20221018 054628.284 INFO             PET0       After Realize: - MemInfo: [malloc] Total allocated space:                       7129760 Byte
20221018 054628.284 INFO             PET0       After Realize: - MemInfo: [malloc] Total free space:                             185696 Byte
20221018 054628.284 INFO             PET0       After Realize: - MemInfo: [malloc] Top-most, releasable space:                    53280 Byte
20221018 054628.284 INFO             PET0       After Realize: - MemInfo: [malloc] Total space in use, mmap + non-mmap:        94186144 Byte
20221018 054628.284 INFO             PET0       After Realize: - MemInfo: [malloc] Total space held (mmap + non-mmap):         94371840 Byte
20221018 054628.284 INFO             PET0       After Realize: - MemInfo: [malloc] Total space used (mmap + non-mmap):         94195520 Byte
20221018 054628.284 INFO             PET0       After Realize: - MemInfo: Wall-clock time since execution start:              0.0348283 seconds
20221018 054628.284 INFO             PET0       <<<MODEL: leaving Initialize (phase=IPDvXp04) without valid internal Clock.
20221018 054628.284 INFO             PET0     MODEL: InitializeIPDvXp04 extro.
20221018 054628.285 INFO             PET0     driver: IInitRealize intro.
20221018 054628.285 INFO             PET0     driver: IInitRealize extro.
20221018 054628.286 INFO             PET0     MODEL: InitializeIPDvXp07 intro.
20221018 054628.286 INFO             PET0       >>>MODEL: entered Initialize (phase=IPDvXp07) without valid internal Clock.
20221018 054628.286 INFO             PET0       <<<MODEL: leaving Initialize (phase=IPDvXp07) with current time:    0  1  1  0  0  0   0
20221018 054628.286 INFO             PET0     MODEL: InitializeIPDvXp07 extro.
20221018 054628.287 INFO             PET0     <<<driver: leaving Initialize (phase=<none>) with current time:    0  1  1  0  0  0   0
20221018 054628.287 INFO             PET0   driver: InitializeIPDv02p3 extro.
20221018 054628.287 INFO             PET0   driver: InitializeIPDv02p5 intro.
20221018 054628.287 INFO             PET0     >>>driver: entered Initialize (phase=<none>) with current time:    0  1  1  0  0  0   0
20221018 054628.287 INFO             PET0     driver: this is a top level driver, no 'Updated' and 'InitializeDataComplete' info on this level.
20221018 054628.287 INFO             PET0     driver: InitializeIPDv02p5Data intro.
20221018 054628.287 INFO             PET0       driver: InternalInitializeComplete intro.
20221018 054628.287 INFO             PET0         driver: InitializeDataComplete='true'
20221018 054628.287 INFO             PET0       driver: InternalInitializeComplete extro.
20221018 054628.287 INFO             PET0       MODEL: InitializeIPDvXp08 intro.
20221018 054628.287 INFO             PET0         >>>MODEL: entered Initialize (phase=IPDv05p8) with current time:    0  1  1  0  0  0   0
20221018 054628.288 INFO             PET0         MODEL: InitializeDataProgress='false', InitializeDataComplete='false'
20221018 054628.288 INFO             PET0         <<<MODEL: leaving Initialize (phase=IPDv05p8) with current time:    0  1  1  0  0  0   0
20221018 054628.288 INFO             PET0       MODEL: InitializeIPDvXp08 extro.
20221018 054628.293 INFO             PET0       driver: components present that trigger loopDataDependentInitialize().
20221018 054628.293 INFO             PET0       driver: loopDataDependentInitialize intro.
20221018 054628.293 INFO             PET0         driver: component    0=driver, dataComplete (local): true
20221018 054628.293 INFO             PET0         driver: component    0=driver, dataComplete (global):  T
20221018 054628.293 INFO             PET0         driver: component    1=MODEL, dataComplete (local): false
20221018 054628.293 INFO             PET0         driver: component    1=MODEL, dataComplete (global):  F
20221018 054628.293 INFO             PET0         MODEL: InitializeIPDvXp08 intro.
20221018 054628.293 INFO             PET0           >>>MODEL: entered Initialize (phase=IPDv05p8) with current time:    0  1  1  0  0  0   0
20221018 054628.293 INFO             PET0           MODEL: InitializeDataProgress='true', InitializeDataComplete='true'
20221018 054628.294 INFO             PET0           <<<MODEL: leaving Initialize (phase=IPDv05p8) with current time:    0  1  1  0  0  0   0
20221018 054628.294 INFO             PET0         MODEL: InitializeIPDvXp08 extro.
20221018 054628.294 INFO             PET0         driver: component    1=MODEL, someProgress (local): true
20221018 054628.295 INFO             PET0         driver: component    1=MODEL, someProgress (global):  T
20221018 054628.295 INFO             PET0         driver: someProgress= T, allComplete= F, present(dataDepAllComplete)= T
20221018 054628.295 INFO             PET0         driver: component    0=driver, dataComplete (local): true
20221018 054628.295 INFO             PET0         driver: component    0=driver, dataComplete (global):  T
20221018 054628.295 INFO             PET0         driver: component    1=MODEL, dataComplete (local): true
20221018 054628.295 INFO             PET0         driver: component    1=MODEL, dataComplete (global):  T
20221018 054628.295 INFO             PET0         driver: someProgress= F, allComplete= T, present(dataDepAllComplete)= T
20221018 054628.295 INFO             PET0         driver: finished resolving initialize data dependencies on this level.
20221018 054628.295 INFO             PET0       driver: loopDataDependentInitialize extro.
20221018 054628.295 INFO             PET0       driver: loopDataDependentInitialize() returned with dataDepAllComplete:  T
20221018 054628.295 INFO             PET0     driver: InitializeIPDv02p5Data extro.
20221018 054628.295 INFO             PET0     <<<driver: leaving Initialize (phase=<none>) with current time:    0  1  1  0  0  0   0
20221018 054628.295 INFO             PET0   driver: InitializeIPDv02p5 extro.
20221018 054628.295 INFO             PET0 driver: InitializeGeneric extro.
20221018 054628.295 INFO             PET0 driver: Run intro.
20221018 054628.295 INFO             PET0   >>>driver entered Run (phase=RunPhase1) with current time:    0  1  1  0  0  0   0
20221018 054628.295 INFO             PET0   driver: after lable_SetRunClock, current time:    0  1  1  0  0  0   0
20221018 054628.295 INFO             PET0   driver: begin -------> RunSequence.
20221018 054628.295 INFO             PET0     driver: RunSequence event loopLevel=   1  levelMember=   1  loopIteration=   1, current time:    0  1  1  0  0  0   0
20221018 054628.295 INFO             PET0     MODEL: Run intro.
20221018 054628.296 INFO             PET0       >>>MODEL: entered Run (phase=RunPhase1) with current time:    0  1  1  0  0  0   0
20221018 054628.296 INFO             PET0       MODEL: time step-loop starting, current time:    0  1  1  0  0  0   0
20221018 054628.296 INFO             PET0       thread_num=   0   currentSsiPe=  40   num_threads=   3   max_threads=   3   num_procs=   2
20221018 054628.296 INFO             PET0       thread_num=   1   currentSsiPe=   0   num_threads=   3   max_threads=   3   num_procs=   2
20221018 054628.304 INFO             PET0       thread_num=   2   currentSsiPe=  40   num_threads=   3   max_threads=   3   num_procs=   2
20221018 054628.304 INFO             PET0       ---->Advancing Model from:    0  1  1  0  0  0   0
20221018 054628.304 INFO             PET0       ---------------------> to:    0  1  1  0  0 30   0
20221018 054628.304 INFO             PET0       MODEL: time step-loop ending,   current time:    0  1  1  0  0 30   0
20221018 054628.304 INFO             PET0       <<<MODEL: leaving Run (phase=RunPhase1) with current time:    0  1  1  0  0 30   0
20221018 054628.304 INFO             PET0     MODEL: Run extro.
20221018 054628.304 INFO             PET0     driver: RunSequence event loopLevel=   1  levelMember=   1  loopIteration=   2, current time:    0  1  1  0  0 30   0
20221018 054628.305 INFO             PET0     MODEL: Run intro.
20221018 054628.305 INFO             PET0       >>>MODEL: entered Run (phase=RunPhase1) with current time:    0  1  1  0  0 30   0
20221018 054628.305 INFO             PET0       MODEL: time step-loop starting, current time:    0  1  1  0  0 30   0
20221018 054628.305 INFO             PET0       thread_num=   0   currentSsiPe=  40   num_threads=   3   max_threads=   3   num_procs=   2
20221018 054628.305 INFO             PET0       thread_num=   1   currentSsiPe=   0   num_threads=   3   max_threads=   3   num_procs=   2
20221018 054628.305 INFO             PET0       thread_num=   2   currentSsiPe=  40   num_threads=   3   max_threads=   3   num_procs=   2
20221018 054628.305 INFO             PET0       ---->Advancing Model from:    0  1  1  0  0 30   0
20221018 054628.305 INFO             PET0       ---------------------> to:    0  1  1  0  1  0   0
20221018 054628.305 INFO             PET0       MODEL: time step-loop ending,   current time:    0  1  1  0  1  0   0
20221018 054628.305 INFO             PET0       <<<MODEL: leaving Run (phase=RunPhase1) with current time:    0  1  1  0  1  0   0
20221018 054628.305 INFO             PET0     MODEL: Run extro.
20221018 054628.305 INFO             PET0     driver: RunSequence event loopLevel=   1  levelMember=   1  loopIteration=   3, current time:    0  1  1  0  1  0   0
20221018 054628.306 INFO             PET0     MODEL: Run intro.
20221018 054628.306 INFO             PET0       >>>MODEL: entered Run (phase=RunPhase1) with current time:    0  1  1  0  1  0   0
20221018 054628.306 INFO             PET0       MODEL: time step-loop starting, current time:    0  1  1  0  1  0   0
20221018 054628.306 INFO             PET0       thread_num=   0   currentSsiPe=  40   num_threads=   3   max_threads=   3   num_procs=   2
20221018 054628.306 INFO             PET0       thread_num=   1   currentSsiPe=   0   num_threads=   3   max_threads=   3   num_procs=   2
20221018 054628.306 INFO             PET0       thread_num=   2   currentSsiPe=  40   num_threads=   3   max_threads=   3   num_procs=   2
20221018 054628.306 INFO             PET0       ---->Advancing Model from:    0  1  1  0  1  0   0
20221018 054628.306 INFO             PET0       ---------------------> to:    0  1  1  0  1 30   0
20221018 054628.306 INFO             PET0       MODEL: time step-loop ending,   current time:    0  1  1  0  1 30   0
20221018 054628.306 INFO             PET0       <<<MODEL: leaving Run (phase=RunPhase1) with current time:    0  1  1  0  1 30   0
20221018 054628.306 INFO             PET0     MODEL: Run extro.
20221018 054628.306 INFO             PET0     driver: RunSequence event loopLevel=   1  levelMember=   1  loopIteration=   4, current time:    0  1  1  0  1 30   0
20221018 054628.307 INFO             PET0     MODEL: Run intro.
20221018 054628.307 INFO             PET0       >>>MODEL: entered Run (phase=RunPhase1) with current time:    0  1  1  0  1 30   0
20221018 054628.307 INFO             PET0       MODEL: time step-loop starting, current time:    0  1  1  0  1 30   0
20221018 054628.307 INFO             PET0       thread_num=   1   currentSsiPe=   0   num_threads=   3   max_threads=   3   num_procs=   2
20221018 054628.307 INFO             PET0       thread_num=   2   currentSsiPe=  40   num_threads=   3   max_threads=   3   num_procs=   2
20221018 054628.307 INFO             PET0       thread_num=   0   currentSsiPe=  40   num_threads=   3   max_threads=   3   num_procs=   2
20221018 054628.307 INFO             PET0       ---->Advancing Model from:    0  1  1  0  1 30   0
20221018 054628.307 INFO             PET0       ---------------------> to:    0  1  1  0  2  0   0
20221018 054628.307 INFO             PET0       MODEL: time step-loop ending,   current time:    0  1  1  0  2  0   0
20221018 054628.307 INFO             PET0       <<<MODEL: leaving Run (phase=RunPhase1) with current time:    0  1  1  0  2  0   0
20221018 054628.307 INFO             PET0     MODEL: Run extro.
20221018 054628.307 INFO             PET0     driver: RunSequence event loopLevel=   1  levelMember=   1  loopIteration=   5, current time:    0  1  1  0  2  0   0
20221018 054628.308 INFO             PET0     MODEL: Run intro.
20221018 054628.308 INFO             PET0       >>>MODEL: entered Run (phase=RunPhase1) with current time:    0  1  1  0  2  0   0
20221018 054628.308 INFO             PET0       MODEL: time step-loop starting, current time:    0  1  1  0  2  0   0
20221018 054628.308 INFO             PET0       thread_num=   0   currentSsiPe=  40   num_threads=   3   max_threads=   3   num_procs=   2
20221018 054628.308 INFO             PET0       thread_num=   1   currentSsiPe=   0   num_threads=   3   max_threads=   3   num_procs=   2
20221018 054628.308 INFO             PET0       thread_num=   2   currentSsiPe=  40   num_threads=   3   max_threads=   3   num_procs=   2
20221018 054628.308 INFO             PET0       ---->Advancing Model from:    0  1  1  0  2  0   0
20221018 054628.308 INFO             PET0       ---------------------> to:    0  1  1  0  2 30   0
20221018 054628.308 INFO             PET0       MODEL: time step-loop ending,   current time:    0  1  1  0  2 30   0
20221018 054628.308 INFO             PET0       <<<MODEL: leaving Run (phase=RunPhase1) with current time:    0  1  1  0  2 30   0
20221018 054628.308 INFO             PET0     MODEL: Run extro.
20221018 054628.308 INFO             PET0   driver: end <--------- RunSequence
20221018 054628.308 INFO             PET0   <<<driver - leaving Run with current time:    0  1  1  0  2 30   0
20221018 054628.309 INFO             PET0 driver: Run extro.
20221018 054628.309 INFO             PET0 driver: Finalize intro.
20221018 054628.309 INFO             PET0   Calling Finalize phase 1 for modelComp: MODEL
20221018 054628.309 INFO             PET0   MODEL: Finalize intro.
20221018 054628.309 INFO             PET0     >>>MODEL: entered Finalize (phase=FinalizePhase1) with current time:    0  1  1  0  2 30   0
20221018 054628.309 INFO             PET0     <<<MODEL: leaving Finalize (phase=FinalizePhase1) with current time:    0  1  1  0  2 30   0
20221018 054628.309 INFO             PET0   MODEL: Finalize extro.
20221018 054628.309 INFO             PET0   Delete modelComp: MODEL
20221018 054628.310 INFO             PET0   Delete Import-/Export State for modelComp: MODEL
20221018 054628.310 INFO             PET0 driver: Finalize extro.
20221018 054628.310 INFO             PET0 mainApp FINISHED
20221018 054628.310 INFO             PET0 Finalizing ESMF
20221018 054628.257 INFO             PET1 !!!!!!!!!!!!!!!!!!!!!!!!!!!!!!!!!!!!!!!!!!!!!!!!!!!!!!
20221018 054628.257 INFO             PET1 !!! THE ESMF_LOG IS SET TO OUTPUT ALL LOG MESSAGES !!!
20221018 054628.257 INFO             PET1 !!!     THIS MAY CAUSE SLOWDOWN IN PERFORMANCE     !!!
20221018 054628.257 INFO             PET1 !!! FOR PRODUCTION RUNS, USE:                      !!!
20221018 054628.257 INFO             PET1 !!!                   ESMF_LOGKIND_Multi_On_Error  !!!
20221018 054628.257 INFO             PET1 !!!!!!!!!!!!!!!!!!!!!!!!!!!!!!!!!!!!!!!!!!!!!!!!!!!!!!
20221018 054628.257 INFO             PET1 Running with ESMF Version   : v8.4.0b20
20221018 054628.257 INFO             PET1 ESMF library build date/time: "Oct 18 2022" "05:08:00"
20221018 054628.257 INFO             PET1 ESMF library build location : /work/noaa/da/mpotts/sandbox/intel_2020.2_intelmpi_g_release_8.4.0/esmf
20221018 054628.257 INFO             PET1 ESMF_COMM                   : intelmpi
20221018 054628.258 INFO             PET1 ESMF_MOAB                   : enabled
20221018 054628.258 INFO             PET1 ESMF_LAPACK                 : enabled
20221018 054628.258 INFO             PET1 ESMF_NETCDF                 : enabled
20221018 054628.258 INFO             PET1 ESMF_PNETCDF                : disabled
20221018 054628.258 INFO             PET1 ESMF_PIO                    : enabled
20221018 054628.258 INFO             PET1 ESMF_YAMLCPP                : enabled
20221018 054628.258 INFO             PET1 mainApp STARTING
20221018 054628.265 INFO             PET1 driver: InitializeGeneric intro.
20221018 054628.265 INFO             PET1   driver: InitializeP0 intro.
20221018 054628.265 INFO             PET1   driver: InitializeP0 extro.
20221018 054628.265 INFO             PET1   driver: InitializeIPDv02p1 intro.
20221018 054628.265 INFO             PET1     >>>driver: entered Initialize (phase=<none>) without valid internal Clock.
20221018 054628.265 INFO             PET1     driver - Creating model component MODEL without petList.
20221018 054628.269 INFO             PET1      GridCompIsPetLocal:  T
20221018 054628.269 INFO             PET1      VmIsCreated:  T
20221018 054628.269 INFO             PET1      valid MPI_COMM with size=           4
20221018 054628.270 INFO             PET1     driver - Creating state: modelComp 1 Import State
20221018 054628.270 INFO             PET1     driver - Creating state: modelComp 1 Export State
20221018 054628.271 INFO             PET1     MODEL: InitializeP0 intro.
20221018 054628.271 INFO             PET1       >>>MODEL: entered Initialize (phase=<none>) without valid internal Clock.
20221018 054628.273 INFO             PET1       <<<MODEL: leaving Initialize (phase=<none>) without valid internal Clock.
20221018 054628.273 INFO             PET1     MODEL: InitializeP0 extro.
20221018 054628.275 INFO             PET1     driver: IInitAdvertise intro.
20221018 054628.275 INFO             PET1     driver: IInitAdvertise extro.
20221018 054628.275 INFO             PET1     MODEL: InitializeIPDvXp01 intro.
20221018 054628.275 INFO             PET1       >>>MODEL: entered Initialize (phase=IPDvXp01) without valid internal Clock.
20221018 054628.278 INFO             PET1       <<<MODEL: leaving Initialize (phase=IPDvXp01) without valid internal Clock.
20221018 054628.278 INFO             PET1     MODEL: InitializeIPDvXp01 extro.
20221018 054628.279 INFO             PET1     driver: IInitAdvertiseFinish intro.
20221018 054628.279 INFO             PET1     driver: IInitAdvertiseFinish extro.
20221018 054628.279 INFO             PET1     driver: IInitModifyCplLists intro.
20221018 054628.280 INFO             PET1     driver: IInitModifyCplLists extro.
20221018 054628.280 INFO             PET1     <<<driver: leaving Initialize (phase=<none>) with current time:    0  1  1  0  0  0   0
20221018 054628.280 INFO             PET1   driver: InitializeIPDv02p1 extro.
20221018 054628.280 INFO             PET1   driver: InitializeIPDv02p3 intro.
20221018 054628.280 INFO             PET1     >>>driver: entered Initialize (phase=<none>) with current time:    0  1  1  0  0  0   0
20221018 054628.280 INFO             PET1     driver: IInitCheck intro.
20221018 054628.280 INFO             PET1     driver: IInitCheck extro.
20221018 054628.280 INFO             PET1     MODEL: InitializeIPDvXp04 intro.
20221018 054628.281 INFO             PET1       >>>MODEL: entered Initialize (phase=IPDvXp04) without valid internal Clock.
20221018 054628.287 INFO             PET1       After Realize: - MemInfo: [/proc/meminfo - SSI]	MemTotal:       196434608 kB
20221018 054628.287 INFO             PET1       After Realize: - MemInfo: [/proc/meminfo - SSI]	MemFree:        146624288 kB
20221018 054628.287 INFO             PET1       After Realize: - MemInfo: [/proc/meminfo - SSI]	MemAvailable:   182928560 kB
20221018 054628.287 INFO             PET1       After Realize: - MemInfo: [/proc/meminfo - SSI]	Committed_AS:    2003748 kB
20221018 054628.287 INFO             PET1       After Realize: - MemInfo: [/proc/meminfo - SSI]	CommittedPercent: 1.02006 %
20221018 054628.287 INFO             PET1       After Realize: - MemInfo: [/proc/self/status]	VmPeak:	 2908756 kB
20221018 054628.287 INFO             PET1       After Realize: - MemInfo: [/proc/self/status]	VmSize:	 2908756 kB
20221018 054628.287 INFO             PET1       After Realize: - MemInfo: [/proc/self/status]	VmLck:	       0 kB
20221018 054628.287 INFO             PET1       After Realize: - MemInfo: [/proc/self/status]	VmPin:	   71256 kB
20221018 054628.287 INFO             PET1       After Realize: - MemInfo: [/proc/self/status]	VmHWM:	  150100 kB
20221018 054628.287 INFO             PET1       After Realize: - MemInfo: [/proc/self/status]	VmRSS:	  150100 kB
20221018 054628.287 INFO             PET1       After Realize: - MemInfo: [/proc/self/status]	VmData:	  267252 kB
20221018 054628.287 INFO             PET1       After Realize: - MemInfo: [/proc/self/status]	VmStk:	     516 kB
20221018 054628.287 INFO             PET1       After Realize: - MemInfo: [/proc/self/status]	VmExe:	    1556 kB
20221018 054628.287 INFO             PET1       After Realize: - MemInfo: [/proc/self/status]	VmLib:	  178580 kB
20221018 054628.287 INFO             PET1       After Realize: - MemInfo: [/proc/self/status]	VmPTE:	     940 kB
20221018 054628.287 INFO             PET1       After Realize: - MemInfo: [/proc/self/status]	VmSwap:	       0 kB
20221018 054628.287 INFO             PET1       After Realize: - MemInfo: [/proc/self/status]	VmRSSPercent: 0.0764122 %
20221018 054628.287 INFO             PET1       After Realize: - MemInfo: [malloc] Non-mmapped space allocated:                 7319552 Byte
20221018 054628.287 INFO             PET1       After Realize: - MemInfo: [malloc] Space allocated in mmapped regions:         74469376 Byte
20221018 054628.287 INFO             PET1       After Realize: - MemInfo: [malloc] Maximum total allocated space:                     0 Byte
20221018 054628.287 INFO             PET1       After Realize: - MemInfo: [malloc] Space in freed fastbin blocks:                  1024 Byte
20221018 054628.287 INFO             PET1       After Realize: - MemInfo: [malloc] Total allocated space:                       7131568 Byte
20221018 054628.287 INFO             PET1       After Realize: - MemInfo: [malloc] Total free space:                             187984 Byte
20221018 054628.287 INFO             PET1       After Realize: - MemInfo: [malloc] Top-most, releasable space:                    54288 Byte
20221018 054628.287 INFO             PET1       After Realize: - MemInfo: [malloc] Total space in use, mmap + non-mmap:        81600944 Byte
20221018 054628.287 INFO             PET1       After Realize: - MemInfo: [malloc] Total space held (mmap + non-mmap):         81788928 Byte
20221018 054628.287 INFO             PET1       After Realize: - MemInfo: [malloc] Total space used (mmap + non-mmap):         81610320 Byte
20221018 054628.287 INFO             PET1       After Realize: - MemInfo: Wall-clock time since execution start:              0.0379484 seconds
20221018 054628.287 INFO             PET1       <<<MODEL: leaving Initialize (phase=IPDvXp04) without valid internal Clock.
20221018 054628.287 INFO             PET1     MODEL: InitializeIPDvXp04 extro.
20221018 054628.289 INFO             PET1     driver: IInitRealize intro.
20221018 054628.289 INFO             PET1     driver: IInitRealize extro.
20221018 054628.289 INFO             PET1     MODEL: InitializeIPDvXp07 intro.
20221018 054628.289 INFO             PET1       >>>MODEL: entered Initialize (phase=IPDvXp07) without valid internal Clock.
20221018 054628.289 INFO             PET1       <<<MODEL: leaving Initialize (phase=IPDvXp07) with current time:    0  1  1  0  0  0   0
20221018 054628.289 INFO             PET1     MODEL: InitializeIPDvXp07 extro.
20221018 054628.290 INFO             PET1     <<<driver: leaving Initialize (phase=<none>) with current time:    0  1  1  0  0  0   0
20221018 054628.290 INFO             PET1   driver: InitializeIPDv02p3 extro.
20221018 054628.290 INFO             PET1   driver: InitializeIPDv02p5 intro.
20221018 054628.291 INFO             PET1     >>>driver: entered Initialize (phase=<none>) with current time:    0  1  1  0  0  0   0
20221018 054628.291 INFO             PET1     driver: this is a top level driver, no 'Updated' and 'InitializeDataComplete' info on this level.
20221018 054628.291 INFO             PET1     driver: InitializeIPDv02p5Data intro.
20221018 054628.291 INFO             PET1       driver: InternalInitializeComplete intro.
20221018 054628.291 INFO             PET1         driver: InitializeDataComplete='true'
20221018 054628.291 INFO             PET1       driver: InternalInitializeComplete extro.
20221018 054628.291 INFO             PET1       MODEL: InitializeIPDvXp08 intro.
20221018 054628.291 INFO             PET1         >>>MODEL: entered Initialize (phase=IPDv05p8) with current time:    0  1  1  0  0  0   0
20221018 054628.292 INFO             PET1         MODEL: InitializeDataProgress='false', InitializeDataComplete='false'
20221018 054628.292 INFO             PET1         <<<MODEL: leaving Initialize (phase=IPDv05p8) with current time:    0  1  1  0  0  0   0
20221018 054628.292 INFO             PET1       MODEL: InitializeIPDvXp08 extro.
20221018 054628.293 INFO             PET1       driver: components present that trigger loopDataDependentInitialize().
20221018 054628.293 INFO             PET1       driver: loopDataDependentInitialize intro.
20221018 054628.293 INFO             PET1         driver: component    0=driver, dataComplete (local): true
20221018 054628.293 INFO             PET1         driver: component    0=driver, dataComplete (global):  T
20221018 054628.293 INFO             PET1         driver: component    1=MODEL, dataComplete (local): false
20221018 054628.293 INFO             PET1         driver: component    1=MODEL, dataComplete (global):  F
20221018 054628.293 INFO             PET1         MODEL: InitializeIPDvXp08 intro.
20221018 054628.293 INFO             PET1           >>>MODEL: entered Initialize (phase=IPDv05p8) with current time:    0  1  1  0  0  0   0
20221018 054628.294 INFO             PET1           MODEL: InitializeDataProgress='true', InitializeDataComplete='true'
20221018 054628.294 INFO             PET1           <<<MODEL: leaving Initialize (phase=IPDv05p8) with current time:    0  1  1  0  0  0   0
20221018 054628.294 INFO             PET1         MODEL: InitializeIPDvXp08 extro.
20221018 054628.295 INFO             PET1         driver: component    1=MODEL, someProgress (local): true
20221018 054628.295 INFO             PET1         driver: component    1=MODEL, someProgress (global):  T
20221018 054628.295 INFO             PET1         driver: someProgress= T, allComplete= F, present(dataDepAllComplete)= T
20221018 054628.295 INFO             PET1         driver: component    0=driver, dataComplete (local): true
20221018 054628.295 INFO             PET1         driver: component    0=driver, dataComplete (global):  T
20221018 054628.295 INFO             PET1         driver: component    1=MODEL, dataComplete (local): true
20221018 054628.295 INFO             PET1         driver: component    1=MODEL, dataComplete (global):  T
20221018 054628.295 INFO             PET1         driver: someProgress= F, allComplete= T, present(dataDepAllComplete)= T
20221018 054628.295 INFO             PET1         driver: finished resolving initialize data dependencies on this level.
20221018 054628.295 INFO             PET1       driver: loopDataDependentInitialize extro.
20221018 054628.295 INFO             PET1       driver: loopDataDependentInitialize() returned with dataDepAllComplete:  T
20221018 054628.295 INFO             PET1     driver: InitializeIPDv02p5Data extro.
20221018 054628.295 INFO             PET1     <<<driver: leaving Initialize (phase=<none>) with current time:    0  1  1  0  0  0   0
20221018 054628.295 INFO             PET1   driver: InitializeIPDv02p5 extro.
20221018 054628.295 INFO             PET1 driver: InitializeGeneric extro.
20221018 054628.295 INFO             PET1 driver: Run intro.
20221018 054628.295 INFO             PET1   >>>driver entered Run (phase=RunPhase1) with current time:    0  1  1  0  0  0   0
20221018 054628.295 INFO             PET1   driver: after lable_SetRunClock, current time:    0  1  1  0  0  0   0
20221018 054628.295 INFO             PET1   driver: begin -------> RunSequence.
20221018 054628.295 INFO             PET1     driver: RunSequence event loopLevel=   1  levelMember=   1  loopIteration=   1, current time:    0  1  1  0  0  0   0
20221018 054628.295 INFO             PET1     MODEL: Run intro.
20221018 054628.296 INFO             PET1       >>>MODEL: entered Run (phase=RunPhase1) with current time:    0  1  1  0  0  0   0
20221018 054628.296 INFO             PET1       MODEL: time step-loop starting, current time:    0  1  1  0  0  0   0
20221018 054628.296 INFO             PET1       thread_num=   1   currentSsiPe=   1   num_threads=   3   max_threads=   3   num_procs=   2
20221018 054628.296 INFO             PET1       thread_num=   0   currentSsiPe=  41   num_threads=   3   max_threads=   3   num_procs=   2
20221018 054628.304 INFO             PET1       thread_num=   2   currentSsiPe=  41   num_threads=   3   max_threads=   3   num_procs=   2
20221018 054628.304 INFO             PET1       ---->Advancing Model from:    0  1  1  0  0  0   0
20221018 054628.304 INFO             PET1       ---------------------> to:    0  1  1  0  0 30   0
20221018 054628.304 INFO             PET1       MODEL: time step-loop ending,   current time:    0  1  1  0  0 30   0
20221018 054628.304 INFO             PET1       <<<MODEL: leaving Run (phase=RunPhase1) with current time:    0  1  1  0  0 30   0
20221018 054628.304 INFO             PET1     MODEL: Run extro.
20221018 054628.304 INFO             PET1     driver: RunSequence event loopLevel=   1  levelMember=   1  loopIteration=   2, current time:    0  1  1  0  0 30   0
20221018 054628.305 INFO             PET1     MODEL: Run intro.
20221018 054628.305 INFO             PET1       >>>MODEL: entered Run (phase=RunPhase1) with current time:    0  1  1  0  0 30   0
20221018 054628.305 INFO             PET1       MODEL: time step-loop starting, current time:    0  1  1  0  0 30   0
20221018 054628.305 INFO             PET1       thread_num=   0   currentSsiPe=  41   num_threads=   3   max_threads=   3   num_procs=   2
20221018 054628.305 INFO             PET1       thread_num=   1   currentSsiPe=   1   num_threads=   3   max_threads=   3   num_procs=   2
20221018 054628.305 INFO             PET1       thread_num=   2   currentSsiPe=  41   num_threads=   3   max_threads=   3   num_procs=   2
20221018 054628.305 INFO             PET1       ---->Advancing Model from:    0  1  1  0  0 30   0
20221018 054628.305 INFO             PET1       ---------------------> to:    0  1  1  0  1  0   0
20221018 054628.305 INFO             PET1       MODEL: time step-loop ending,   current time:    0  1  1  0  1  0   0
20221018 054628.305 INFO             PET1       <<<MODEL: leaving Run (phase=RunPhase1) with current time:    0  1  1  0  1  0   0
20221018 054628.305 INFO             PET1     MODEL: Run extro.
20221018 054628.306 INFO             PET1     driver: RunSequence event loopLevel=   1  levelMember=   1  loopIteration=   3, current time:    0  1  1  0  1  0   0
20221018 054628.306 INFO             PET1     MODEL: Run intro.
20221018 054628.306 INFO             PET1       >>>MODEL: entered Run (phase=RunPhase1) with current time:    0  1  1  0  1  0   0
20221018 054628.306 INFO             PET1       MODEL: time step-loop starting, current time:    0  1  1  0  1  0   0
20221018 054628.306 INFO             PET1       thread_num=   0   currentSsiPe=  41   num_threads=   3   max_threads=   3   num_procs=   2
20221018 054628.306 INFO             PET1       thread_num=   1   currentSsiPe=   1   num_threads=   3   max_threads=   3   num_procs=   2
20221018 054628.306 INFO             PET1       thread_num=   2   currentSsiPe=  41   num_threads=   3   max_threads=   3   num_procs=   2
20221018 054628.307 INFO             PET1       ---->Advancing Model from:    0  1  1  0  1  0   0
20221018 054628.307 INFO             PET1       ---------------------> to:    0  1  1  0  1 30   0
20221018 054628.307 INFO             PET1       MODEL: time step-loop ending,   current time:    0  1  1  0  1 30   0
20221018 054628.307 INFO             PET1       <<<MODEL: leaving Run (phase=RunPhase1) with current time:    0  1  1  0  1 30   0
20221018 054628.307 INFO             PET1     MODEL: Run extro.
20221018 054628.307 INFO             PET1     driver: RunSequence event loopLevel=   1  levelMember=   1  loopIteration=   4, current time:    0  1  1  0  1 30   0
20221018 054628.307 INFO             PET1     MODEL: Run intro.
20221018 054628.307 INFO             PET1       >>>MODEL: entered Run (phase=RunPhase1) with current time:    0  1  1  0  1 30   0
20221018 054628.308 INFO             PET1       MODEL: time step-loop starting, current time:    0  1  1  0  1 30   0
20221018 054628.308 INFO             PET1       thread_num=   0   currentSsiPe=  41   num_threads=   3   max_threads=   3   num_procs=   2
20221018 054628.308 INFO             PET1       thread_num=   1   currentSsiPe=   1   num_threads=   3   max_threads=   3   num_procs=   2
20221018 054628.308 INFO             PET1       thread_num=   2   currentSsiPe=  41   num_threads=   3   max_threads=   3   num_procs=   2
20221018 054628.308 INFO             PET1       ---->Advancing Model from:    0  1  1  0  1 30   0
20221018 054628.308 INFO             PET1       ---------------------> to:    0  1  1  0  2  0   0
20221018 054628.308 INFO             PET1       MODEL: time step-loop ending,   current time:    0  1  1  0  2  0   0
20221018 054628.308 INFO             PET1       <<<MODEL: leaving Run (phase=RunPhase1) with current time:    0  1  1  0  2  0   0
20221018 054628.308 INFO             PET1     MODEL: Run extro.
20221018 054628.308 INFO             PET1     driver: RunSequence event loopLevel=   1  levelMember=   1  loopIteration=   5, current time:    0  1  1  0  2  0   0
20221018 054628.308 INFO             PET1     MODEL: Run intro.
20221018 054628.309 INFO             PET1       >>>MODEL: entered Run (phase=RunPhase1) with current time:    0  1  1  0  2  0   0
20221018 054628.309 INFO             PET1       MODEL: time step-loop starting, current time:    0  1  1  0  2  0   0
20221018 054628.309 INFO             PET1       thread_num=   0   currentSsiPe=  41   num_threads=   3   max_threads=   3   num_procs=   2
20221018 054628.309 INFO             PET1       thread_num=   1   currentSsiPe=   1   num_threads=   3   max_threads=   3   num_procs=   2
20221018 054628.309 INFO             PET1       thread_num=   2   currentSsiPe=  41   num_threads=   3   max_threads=   3   num_procs=   2
20221018 054628.309 INFO             PET1       ---->Advancing Model from:    0  1  1  0  2  0   0
20221018 054628.309 INFO             PET1       ---------------------> to:    0  1  1  0  2 30   0
20221018 054628.309 INFO             PET1       MODEL: time step-loop ending,   current time:    0  1  1  0  2 30   0
20221018 054628.309 INFO             PET1       <<<MODEL: leaving Run (phase=RunPhase1) with current time:    0  1  1  0  2 30   0
20221018 054628.309 INFO             PET1     MODEL: Run extro.
20221018 054628.309 INFO             PET1   driver: end <--------- RunSequence
20221018 054628.309 INFO             PET1   <<<driver - leaving Run with current time:    0  1  1  0  2 30   0
20221018 054628.309 INFO             PET1 driver: Run extro.
20221018 054628.309 INFO             PET1 driver: Finalize intro.
20221018 054628.309 INFO             PET1   Calling Finalize phase 1 for modelComp: MODEL
20221018 054628.310 INFO             PET1   MODEL: Finalize intro.
20221018 054628.310 INFO             PET1     >>>MODEL: entered Finalize (phase=FinalizePhase1) with current time:    0  1  1  0  2 30   0
20221018 054628.310 INFO             PET1     <<<MODEL: leaving Finalize (phase=FinalizePhase1) with current time:    0  1  1  0  2 30   0
20221018 054628.310 INFO             PET1   MODEL: Finalize extro.
20221018 054628.310 INFO             PET1   Delete modelComp: MODEL
20221018 054628.310 INFO             PET1   Delete Import-/Export State for modelComp: MODEL
20221018 054628.311 INFO             PET1 driver: Finalize extro.
20221018 054628.311 INFO             PET1 mainApp FINISHED
20221018 054628.311 INFO             PET1 Finalizing ESMF
20221018 054628.257 INFO             PET2 !!!!!!!!!!!!!!!!!!!!!!!!!!!!!!!!!!!!!!!!!!!!!!!!!!!!!!
20221018 054628.257 INFO             PET2 !!! THE ESMF_LOG IS SET TO OUTPUT ALL LOG MESSAGES !!!
20221018 054628.257 INFO             PET2 !!!     THIS MAY CAUSE SLOWDOWN IN PERFORMANCE     !!!
20221018 054628.257 INFO             PET2 !!! FOR PRODUCTION RUNS, USE:                      !!!
20221018 054628.257 INFO             PET2 !!!                   ESMF_LOGKIND_Multi_On_Error  !!!
20221018 054628.257 INFO             PET2 !!!!!!!!!!!!!!!!!!!!!!!!!!!!!!!!!!!!!!!!!!!!!!!!!!!!!!
20221018 054628.257 INFO             PET2 Running with ESMF Version   : v8.4.0b20
20221018 054628.257 INFO             PET2 ESMF library build date/time: "Oct 18 2022" "05:08:00"
20221018 054628.257 INFO             PET2 ESMF library build location : /work/noaa/da/mpotts/sandbox/intel_2020.2_intelmpi_g_release_8.4.0/esmf
20221018 054628.257 INFO             PET2 ESMF_COMM                   : intelmpi
20221018 054628.258 INFO             PET2 ESMF_MOAB                   : enabled
20221018 054628.258 INFO             PET2 ESMF_LAPACK                 : enabled
20221018 054628.258 INFO             PET2 ESMF_NETCDF                 : enabled
20221018 054628.258 INFO             PET2 ESMF_PNETCDF                : disabled
20221018 054628.258 INFO             PET2 ESMF_PIO                    : enabled
20221018 054628.258 INFO             PET2 ESMF_YAMLCPP                : enabled
20221018 054628.258 INFO             PET2 mainApp STARTING
20221018 054628.264 INFO             PET2 driver: InitializeGeneric intro.
20221018 054628.264 INFO             PET2   driver: InitializeP0 intro.
20221018 054628.264 INFO             PET2   driver: InitializeP0 extro.
20221018 054628.264 INFO             PET2   driver: InitializeIPDv02p1 intro.
20221018 054628.264 INFO             PET2     >>>driver: entered Initialize (phase=<none>) without valid internal Clock.
20221018 054628.265 INFO             PET2     driver - Creating model component MODEL without petList.
20221018 054628.268 INFO             PET2      GridCompIsPetLocal:  T
20221018 054628.268 INFO             PET2      VmIsCreated:  T
20221018 054628.268 INFO             PET2      valid MPI_COMM with size=           4
20221018 054628.269 INFO             PET2     driver - Creating state: modelComp 1 Import State
20221018 054628.269 INFO             PET2     driver - Creating state: modelComp 1 Export State
20221018 054628.270 INFO             PET2     MODEL: InitializeP0 intro.
20221018 054628.270 INFO             PET2       >>>MODEL: entered Initialize (phase=<none>) without valid internal Clock.
20221018 054628.271 INFO             PET2       <<<MODEL: leaving Initialize (phase=<none>) without valid internal Clock.
20221018 054628.271 INFO             PET2     MODEL: InitializeP0 extro.
20221018 054628.273 INFO             PET2     driver: IInitAdvertise intro.
20221018 054628.273 INFO             PET2     driver: IInitAdvertise extro.
20221018 054628.274 INFO             PET2     MODEL: InitializeIPDvXp01 intro.
20221018 054628.274 INFO             PET2       >>>MODEL: entered Initialize (phase=IPDvXp01) without valid internal Clock.
20221018 054628.276 INFO             PET2       <<<MODEL: leaving Initialize (phase=IPDvXp01) without valid internal Clock.
20221018 054628.276 INFO             PET2     MODEL: InitializeIPDvXp01 extro.
20221018 054628.277 INFO             PET2     driver: IInitAdvertiseFinish intro.
20221018 054628.277 INFO             PET2     driver: IInitAdvertiseFinish extro.
20221018 054628.277 INFO             PET2     driver: IInitModifyCplLists intro.
20221018 054628.277 INFO             PET2     driver: IInitModifyCplLists extro.
20221018 054628.278 INFO             PET2     <<<driver: leaving Initialize (phase=<none>) with current time:    0  1  1  0  0  0   0
20221018 054628.278 INFO             PET2   driver: InitializeIPDv02p1 extro.
20221018 054628.278 INFO             PET2   driver: InitializeIPDv02p3 intro.
20221018 054628.278 INFO             PET2     >>>driver: entered Initialize (phase=<none>) with current time:    0  1  1  0  0  0   0
20221018 054628.278 INFO             PET2     driver: IInitCheck intro.
20221018 054628.278 INFO             PET2     driver: IInitCheck extro.
20221018 054628.278 INFO             PET2     MODEL: InitializeIPDvXp04 intro.
20221018 054628.278 INFO             PET2       >>>MODEL: entered Initialize (phase=IPDvXp04) without valid internal Clock.
20221018 054628.284 INFO             PET2       After Realize: - MemInfo: [/proc/meminfo - SSI]	MemTotal:       196434608 kB
20221018 054628.284 INFO             PET2       After Realize: - MemInfo: [/proc/meminfo - SSI]	MemFree:        146624288 kB
20221018 054628.284 INFO             PET2       After Realize: - MemInfo: [/proc/meminfo - SSI]	MemAvailable:   182928560 kB
20221018 054628.284 INFO             PET2       After Realize: - MemInfo: [/proc/meminfo - SSI]	Committed_AS:    2003748 kB
20221018 054628.284 INFO             PET2       After Realize: - MemInfo: [/proc/meminfo - SSI]	CommittedPercent: 1.02006 %
20221018 054628.284 INFO             PET2       After Realize: - MemInfo: [/proc/self/status]	VmPeak:	 2919000 kB
20221018 054628.284 INFO             PET2       After Realize: - MemInfo: [/proc/self/status]	VmSize:	 2919000 kB
20221018 054628.284 INFO             PET2       After Realize: - MemInfo: [/proc/self/status]	VmLck:	       0 kB
20221018 054628.284 INFO             PET2       After Realize: - MemInfo: [/proc/self/status]	VmPin:	   81496 kB
20221018 054628.284 INFO             PET2       After Realize: - MemInfo: [/proc/self/status]	VmHWM:	  158196 kB
20221018 054628.284 INFO             PET2       After Realize: - MemInfo: [/proc/self/status]	VmRSS:	  158196 kB
20221018 054628.284 INFO             PET2       After Realize: - MemInfo: [/proc/self/status]	VmData:	  277496 kB
20221018 054628.284 INFO             PET2       After Realize: - MemInfo: [/proc/self/status]	VmStk:	     516 kB
20221018 054628.284 INFO             PET2       After Realize: - MemInfo: [/proc/self/status]	VmExe:	    1556 kB
20221018 054628.284 INFO             PET2       After Realize: - MemInfo: [/proc/self/status]	VmLib:	  178580 kB
20221018 054628.284 INFO             PET2       After Realize: - MemInfo: [/proc/self/status]	VmPTE:	     984 kB
20221018 054628.284 INFO             PET2       After Realize: - MemInfo: [/proc/self/status]	VmSwap:	       0 kB
20221018 054628.284 INFO             PET2       After Realize: - MemInfo: [/proc/self/status]	VmRSSPercent: 0.0805337 %
20221018 054628.284 INFO             PET2       After Realize: - MemInfo: [malloc] Non-mmapped space allocated:                 7319552 Byte
20221018 054628.284 INFO             PET2       After Realize: - MemInfo: [malloc] Space allocated in mmapped regions:         87056384 Byte
20221018 054628.284 INFO             PET2       After Realize: - MemInfo: [malloc] Maximum total allocated space:                     0 Byte
20221018 054628.284 INFO             PET2       After Realize: - MemInfo: [malloc] Space in freed fastbin blocks:                  1024 Byte
20221018 054628.284 INFO             PET2       After Realize: - MemInfo: [malloc] Total allocated space:                       7131792 Byte
20221018 054628.284 INFO             PET2       After Realize: - MemInfo: [malloc] Total free space:                             187760 Byte
20221018 054628.284 INFO             PET2       After Realize: - MemInfo: [malloc] Top-most, releasable space:                    54064 Byte
20221018 054628.284 INFO             PET2       After Realize: - MemInfo: [malloc] Total space in use, mmap + non-mmap:        94188176 Byte
20221018 054628.284 INFO             PET2       After Realize: - MemInfo: [malloc] Total space held (mmap + non-mmap):         94375936 Byte
20221018 054628.284 INFO             PET2       After Realize: - MemInfo: [malloc] Total space used (mmap + non-mmap):         94197552 Byte
20221018 054628.284 INFO             PET2       After Realize: - MemInfo: Wall-clock time since execution start:              0.0348424 seconds
20221018 054628.284 INFO             PET2       <<<MODEL: leaving Initialize (phase=IPDvXp04) without valid internal Clock.
20221018 054628.284 INFO             PET2     MODEL: InitializeIPDvXp04 extro.
20221018 054628.285 INFO             PET2     driver: IInitRealize intro.
20221018 054628.285 INFO             PET2     driver: IInitRealize extro.
20221018 054628.286 INFO             PET2     MODEL: InitializeIPDvXp07 intro.
20221018 054628.286 INFO             PET2       >>>MODEL: entered Initialize (phase=IPDvXp07) without valid internal Clock.
20221018 054628.286 INFO             PET2       <<<MODEL: leaving Initialize (phase=IPDvXp07) with current time:    0  1  1  0  0  0   0
20221018 054628.286 INFO             PET2     MODEL: InitializeIPDvXp07 extro.
20221018 054628.287 INFO             PET2     <<<driver: leaving Initialize (phase=<none>) with current time:    0  1  1  0  0  0   0
20221018 054628.287 INFO             PET2   driver: InitializeIPDv02p3 extro.
20221018 054628.287 INFO             PET2   driver: InitializeIPDv02p5 intro.
20221018 054628.287 INFO             PET2     >>>driver: entered Initialize (phase=<none>) with current time:    0  1  1  0  0  0   0
20221018 054628.287 INFO             PET2     driver: this is a top level driver, no 'Updated' and 'InitializeDataComplete' info on this level.
20221018 054628.287 INFO             PET2     driver: InitializeIPDv02p5Data intro.
20221018 054628.287 INFO             PET2       driver: InternalInitializeComplete intro.
20221018 054628.287 INFO             PET2         driver: InitializeDataComplete='true'
20221018 054628.287 INFO             PET2       driver: InternalInitializeComplete extro.
20221018 054628.288 INFO             PET2       MODEL: InitializeIPDvXp08 intro.
20221018 054628.288 INFO             PET2         >>>MODEL: entered Initialize (phase=IPDv05p8) with current time:    0  1  1  0  0  0   0
20221018 054628.288 INFO             PET2         MODEL: InitializeDataProgress='false', InitializeDataComplete='false'
20221018 054628.288 INFO             PET2         <<<MODEL: leaving Initialize (phase=IPDv05p8) with current time:    0  1  1  0  0  0   0
20221018 054628.288 INFO             PET2       MODEL: InitializeIPDvXp08 extro.
20221018 054628.293 INFO             PET2       driver: components present that trigger loopDataDependentInitialize().
20221018 054628.293 INFO             PET2       driver: loopDataDependentInitialize intro.
20221018 054628.293 INFO             PET2         driver: component    0=driver, dataComplete (local): true
20221018 054628.293 INFO             PET2         driver: component    0=driver, dataComplete (global):  T
20221018 054628.293 INFO             PET2         driver: component    1=MODEL, dataComplete (local): false
20221018 054628.293 INFO             PET2         driver: component    1=MODEL, dataComplete (global):  F
20221018 054628.293 INFO             PET2         MODEL: InitializeIPDvXp08 intro.
20221018 054628.293 INFO             PET2           >>>MODEL: entered Initialize (phase=IPDv05p8) with current time:    0  1  1  0  0  0   0
20221018 054628.293 INFO             PET2           MODEL: InitializeDataProgress='true', InitializeDataComplete='true'
20221018 054628.294 INFO             PET2           <<<MODEL: leaving Initialize (phase=IPDv05p8) with current time:    0  1  1  0  0  0   0
20221018 054628.294 INFO             PET2         MODEL: InitializeIPDvXp08 extro.
20221018 054628.294 INFO             PET2         driver: component    1=MODEL, someProgress (local): true
20221018 054628.295 INFO             PET2         driver: component    1=MODEL, someProgress (global):  T
20221018 054628.295 INFO             PET2         driver: someProgress= T, allComplete= F, present(dataDepAllComplete)= T
20221018 054628.295 INFO             PET2         driver: component    0=driver, dataComplete (local): true
20221018 054628.295 INFO             PET2         driver: component    0=driver, dataComplete (global):  T
20221018 054628.295 INFO             PET2         driver: component    1=MODEL, dataComplete (local): true
20221018 054628.295 INFO             PET2         driver: component    1=MODEL, dataComplete (global):  T
20221018 054628.295 INFO             PET2         driver: someProgress= F, allComplete= T, present(dataDepAllComplete)= T
20221018 054628.295 INFO             PET2         driver: finished resolving initialize data dependencies on this level.
20221018 054628.295 INFO             PET2       driver: loopDataDependentInitialize extro.
20221018 054628.295 INFO             PET2       driver: loopDataDependentInitialize() returned with dataDepAllComplete:  T
20221018 054628.295 INFO             PET2     driver: InitializeIPDv02p5Data extro.
20221018 054628.295 INFO             PET2     <<<driver: leaving Initialize (phase=<none>) with current time:    0  1  1  0  0  0   0
20221018 054628.295 INFO             PET2   driver: InitializeIPDv02p5 extro.
20221018 054628.295 INFO             PET2 driver: InitializeGeneric extro.
20221018 054628.295 INFO             PET2 driver: Run intro.
20221018 054628.295 INFO             PET2   >>>driver entered Run (phase=RunPhase1) with current time:    0  1  1  0  0  0   0
20221018 054628.295 INFO             PET2   driver: after lable_SetRunClock, current time:    0  1  1  0  0  0   0
20221018 054628.295 INFO             PET2   driver: begin -------> RunSequence.
20221018 054628.295 INFO             PET2     driver: RunSequence event loopLevel=   1  levelMember=   1  loopIteration=   1, current time:    0  1  1  0  0  0   0
20221018 054628.295 INFO             PET2     MODEL: Run intro.
20221018 054628.296 INFO             PET2       >>>MODEL: entered Run (phase=RunPhase1) with current time:    0  1  1  0  0  0   0
20221018 054628.296 INFO             PET2       MODEL: time step-loop starting, current time:    0  1  1  0  0  0   0
20221018 054628.299 INFO             PET2       thread_num=   0   currentSsiPe=  42   num_threads=   3   max_threads=   3   num_procs=   2
20221018 054628.299 INFO             PET2       thread_num=   2   currentSsiPe=   2   num_threads=   3   max_threads=   3   num_procs=   2
20221018 054628.299 INFO             PET2       thread_num=   1   currentSsiPe=   2   num_threads=   3   max_threads=   3   num_procs=   2
20221018 054628.299 INFO             PET2       ---->Advancing Model from:    0  1  1  0  0  0   0
20221018 054628.299 INFO             PET2       ---------------------> to:    0  1  1  0  0 30   0
20221018 054628.299 INFO             PET2       MODEL: time step-loop ending,   current time:    0  1  1  0  0 30   0
20221018 054628.299 INFO             PET2       <<<MODEL: leaving Run (phase=RunPhase1) with current time:    0  1  1  0  0 30   0
20221018 054628.299 INFO             PET2     MODEL: Run extro.
20221018 054628.299 INFO             PET2     driver: RunSequence event loopLevel=   1  levelMember=   1  loopIteration=   2, current time:    0  1  1  0  0 30   0
20221018 054628.299 INFO             PET2     MODEL: Run intro.
20221018 054628.300 INFO             PET2       >>>MODEL: entered Run (phase=RunPhase1) with current time:    0  1  1  0  0 30   0
20221018 054628.300 INFO             PET2       MODEL: time step-loop starting, current time:    0  1  1  0  0 30   0
20221018 054628.300 INFO             PET2       thread_num=   0   currentSsiPe=  42   num_threads=   3   max_threads=   3   num_procs=   2
20221018 054628.300 INFO             PET2       thread_num=   1   currentSsiPe=   2   num_threads=   3   max_threads=   3   num_procs=   2
20221018 054628.300 INFO             PET2       thread_num=   2   currentSsiPe=   2   num_threads=   3   max_threads=   3   num_procs=   2
20221018 054628.300 INFO             PET2       ---->Advancing Model from:    0  1  1  0  0 30   0
20221018 054628.300 INFO             PET2       ---------------------> to:    0  1  1  0  1  0   0
20221018 054628.300 INFO             PET2       MODEL: time step-loop ending,   current time:    0  1  1  0  1  0   0
20221018 054628.300 INFO             PET2       <<<MODEL: leaving Run (phase=RunPhase1) with current time:    0  1  1  0  1  0   0
20221018 054628.300 INFO             PET2     MODEL: Run extro.
20221018 054628.300 INFO             PET2     driver: RunSequence event loopLevel=   1  levelMember=   1  loopIteration=   3, current time:    0  1  1  0  1  0   0
20221018 054628.301 INFO             PET2     MODEL: Run intro.
20221018 054628.301 INFO             PET2       >>>MODEL: entered Run (phase=RunPhase1) with current time:    0  1  1  0  1  0   0
20221018 054628.301 INFO             PET2       MODEL: time step-loop starting, current time:    0  1  1  0  1  0   0
20221018 054628.301 INFO             PET2       thread_num=   0   currentSsiPe=  42   num_threads=   3   max_threads=   3   num_procs=   2
20221018 054628.301 INFO             PET2       thread_num=   1   currentSsiPe=   2   num_threads=   3   max_threads=   3   num_procs=   2
20221018 054628.301 INFO             PET2       thread_num=   2   currentSsiPe=   2   num_threads=   3   max_threads=   3   num_procs=   2
20221018 054628.301 INFO             PET2       ---->Advancing Model from:    0  1  1  0  1  0   0
20221018 054628.301 INFO             PET2       ---------------------> to:    0  1  1  0  1 30   0
20221018 054628.301 INFO             PET2       MODEL: time step-loop ending,   current time:    0  1  1  0  1 30   0
20221018 054628.301 INFO             PET2       <<<MODEL: leaving Run (phase=RunPhase1) with current time:    0  1  1  0  1 30   0
20221018 054628.301 INFO             PET2     MODEL: Run extro.
20221018 054628.301 INFO             PET2     driver: RunSequence event loopLevel=   1  levelMember=   1  loopIteration=   4, current time:    0  1  1  0  1 30   0
20221018 054628.302 INFO             PET2     MODEL: Run intro.
20221018 054628.302 INFO             PET2       >>>MODEL: entered Run (phase=RunPhase1) with current time:    0  1  1  0  1 30   0
20221018 054628.302 INFO             PET2       MODEL: time step-loop starting, current time:    0  1  1  0  1 30   0
20221018 054628.302 INFO             PET2       thread_num=   0   currentSsiPe=  42   num_threads=   3   max_threads=   3   num_procs=   2
20221018 054628.302 INFO             PET2       thread_num=   2   currentSsiPe=   2   num_threads=   3   max_threads=   3   num_procs=   2
20221018 054628.302 INFO             PET2       thread_num=   1   currentSsiPe=   2   num_threads=   3   max_threads=   3   num_procs=   2
20221018 054628.302 INFO             PET2       ---->Advancing Model from:    0  1  1  0  1 30   0
20221018 054628.302 INFO             PET2       ---------------------> to:    0  1  1  0  2  0   0
20221018 054628.302 INFO             PET2       MODEL: time step-loop ending,   current time:    0  1  1  0  2  0   0
20221018 054628.302 INFO             PET2       <<<MODEL: leaving Run (phase=RunPhase1) with current time:    0  1  1  0  2  0   0
20221018 054628.302 INFO             PET2     MODEL: Run extro.
20221018 054628.302 INFO             PET2     driver: RunSequence event loopLevel=   1  levelMember=   1  loopIteration=   5, current time:    0  1  1  0  2  0   0
20221018 054628.303 INFO             PET2     MODEL: Run intro.
20221018 054628.303 INFO             PET2       >>>MODEL: entered Run (phase=RunPhase1) with current time:    0  1  1  0  2  0   0
20221018 054628.303 INFO             PET2       MODEL: time step-loop starting, current time:    0  1  1  0  2  0   0
20221018 054628.303 INFO             PET2       thread_num=   0   currentSsiPe=  42   num_threads=   3   max_threads=   3   num_procs=   2
20221018 054628.303 INFO             PET2       thread_num=   1   currentSsiPe=   2   num_threads=   3   max_threads=   3   num_procs=   2
20221018 054628.303 INFO             PET2       thread_num=   2   currentSsiPe=   2   num_threads=   3   max_threads=   3   num_procs=   2
20221018 054628.303 INFO             PET2       ---->Advancing Model from:    0  1  1  0  2  0   0
20221018 054628.303 INFO             PET2       ---------------------> to:    0  1  1  0  2 30   0
20221018 054628.303 INFO             PET2       MODEL: time step-loop ending,   current time:    0  1  1  0  2 30   0
20221018 054628.303 INFO             PET2       <<<MODEL: leaving Run (phase=RunPhase1) with current time:    0  1  1  0  2 30   0
20221018 054628.303 INFO             PET2     MODEL: Run extro.
20221018 054628.303 INFO             PET2   driver: end <--------- RunSequence
20221018 054628.303 INFO             PET2   <<<driver - leaving Run with current time:    0  1  1  0  2 30   0
20221018 054628.303 INFO             PET2 driver: Run extro.
20221018 054628.304 INFO             PET2 driver: Finalize intro.
20221018 054628.304 INFO             PET2   Calling Finalize phase 1 for modelComp: MODEL
20221018 054628.304 INFO             PET2   MODEL: Finalize intro.
20221018 054628.304 INFO             PET2     >>>MODEL: entered Finalize (phase=FinalizePhase1) with current time:    0  1  1  0  2 30   0
20221018 054628.304 INFO             PET2     <<<MODEL: leaving Finalize (phase=FinalizePhase1) with current time:    0  1  1  0  2 30   0
20221018 054628.304 INFO             PET2   MODEL: Finalize extro.
20221018 054628.304 INFO             PET2   Delete modelComp: MODEL
20221018 054628.304 INFO             PET2   Delete Import-/Export State for modelComp: MODEL
20221018 054628.305 INFO             PET2 driver: Finalize extro.
20221018 054628.305 INFO             PET2 mainApp FINISHED
20221018 054628.305 INFO             PET2 Finalizing ESMF
20221018 054628.256 INFO             PET3 !!!!!!!!!!!!!!!!!!!!!!!!!!!!!!!!!!!!!!!!!!!!!!!!!!!!!!
20221018 054628.256 INFO             PET3 !!! THE ESMF_LOG IS SET TO OUTPUT ALL LOG MESSAGES !!!
20221018 054628.256 INFO             PET3 !!!     THIS MAY CAUSE SLOWDOWN IN PERFORMANCE     !!!
20221018 054628.257 INFO             PET3 !!! FOR PRODUCTION RUNS, USE:                      !!!
20221018 054628.257 INFO             PET3 !!!                   ESMF_LOGKIND_Multi_On_Error  !!!
20221018 054628.257 INFO             PET3 !!!!!!!!!!!!!!!!!!!!!!!!!!!!!!!!!!!!!!!!!!!!!!!!!!!!!!
20221018 054628.257 INFO             PET3 Running with ESMF Version   : v8.4.0b20
20221018 054628.257 INFO             PET3 ESMF library build date/time: "Oct 18 2022" "05:08:00"
20221018 054628.257 INFO             PET3 ESMF library build location : /work/noaa/da/mpotts/sandbox/intel_2020.2_intelmpi_g_release_8.4.0/esmf
20221018 054628.257 INFO             PET3 ESMF_COMM                   : intelmpi
20221018 054628.258 INFO             PET3 ESMF_MOAB                   : enabled
20221018 054628.258 INFO             PET3 ESMF_LAPACK                 : enabled
20221018 054628.258 INFO             PET3 ESMF_NETCDF                 : enabled
20221018 054628.258 INFO             PET3 ESMF_PNETCDF                : disabled
20221018 054628.258 INFO             PET3 ESMF_PIO                    : enabled
20221018 054628.258 INFO             PET3 ESMF_YAMLCPP                : enabled
20221018 054628.258 INFO             PET3 mainApp STARTING
20221018 054628.264 INFO             PET3 driver: InitializeGeneric intro.
20221018 054628.264 INFO             PET3   driver: InitializeP0 intro.
20221018 054628.264 INFO             PET3   driver: InitializeP0 extro.
20221018 054628.264 INFO             PET3   driver: InitializeIPDv02p1 intro.
20221018 054628.264 INFO             PET3     >>>driver: entered Initialize (phase=<none>) without valid internal Clock.
20221018 054628.265 INFO             PET3     driver - Creating model component MODEL without petList.
20221018 054628.268 INFO             PET3      GridCompIsPetLocal:  T
20221018 054628.268 INFO             PET3      VmIsCreated:  T
20221018 054628.268 INFO             PET3      valid MPI_COMM with size=           4
20221018 054628.269 INFO             PET3     driver - Creating state: modelComp 1 Import State
20221018 054628.269 INFO             PET3     driver - Creating state: modelComp 1 Export State
20221018 054628.270 INFO             PET3     MODEL: InitializeP0 intro.
20221018 054628.270 INFO             PET3       >>>MODEL: entered Initialize (phase=<none>) without valid internal Clock.
20221018 054628.271 INFO             PET3       <<<MODEL: leaving Initialize (phase=<none>) without valid internal Clock.
20221018 054628.271 INFO             PET3     MODEL: InitializeP0 extro.
20221018 054628.273 INFO             PET3     driver: IInitAdvertise intro.
20221018 054628.273 INFO             PET3     driver: IInitAdvertise extro.
20221018 054628.274 INFO             PET3     MODEL: InitializeIPDvXp01 intro.
20221018 054628.274 INFO             PET3       >>>MODEL: entered Initialize (phase=IPDvXp01) without valid internal Clock.
20221018 054628.276 INFO             PET3       <<<MODEL: leaving Initialize (phase=IPDvXp01) without valid internal Clock.
20221018 054628.276 INFO             PET3     MODEL: InitializeIPDvXp01 extro.
20221018 054628.277 INFO             PET3     driver: IInitAdvertiseFinish intro.
20221018 054628.277 INFO             PET3     driver: IInitAdvertiseFinish extro.
20221018 054628.277 INFO             PET3     driver: IInitModifyCplLists intro.
20221018 054628.277 INFO             PET3     driver: IInitModifyCplLists extro.
20221018 054628.278 INFO             PET3     <<<driver: leaving Initialize (phase=<none>) with current time:    0  1  1  0  0  0   0
20221018 054628.278 INFO             PET3   driver: InitializeIPDv02p1 extro.
20221018 054628.278 INFO             PET3   driver: InitializeIPDv02p3 intro.
20221018 054628.278 INFO             PET3     >>>driver: entered Initialize (phase=<none>) with current time:    0  1  1  0  0  0   0
20221018 054628.278 INFO             PET3     driver: IInitCheck intro.
20221018 054628.278 INFO             PET3     driver: IInitCheck extro.
20221018 054628.278 INFO             PET3     MODEL: InitializeIPDvXp04 intro.
20221018 054628.278 INFO             PET3       >>>MODEL: entered Initialize (phase=IPDvXp04) without valid internal Clock.
20221018 054628.284 INFO             PET3       After Realize: - MemInfo: [/proc/meminfo - SSI]	MemTotal:       196434608 kB
20221018 054628.284 INFO             PET3       After Realize: - MemInfo: [/proc/meminfo - SSI]	MemFree:        146624288 kB
20221018 054628.284 INFO             PET3       After Realize: - MemInfo: [/proc/meminfo - SSI]	MemAvailable:   182928560 kB
20221018 054628.284 INFO             PET3       After Realize: - MemInfo: [/proc/meminfo - SSI]	Committed_AS:    2003748 kB
20221018 054628.284 INFO             PET3       After Realize: - MemInfo: [/proc/meminfo - SSI]	CommittedPercent: 1.02006 %
20221018 054628.284 INFO             PET3       After Realize: - MemInfo: [/proc/self/status]	VmPeak:	 2919000 kB
20221018 054628.284 INFO             PET3       After Realize: - MemInfo: [/proc/self/status]	VmSize:	 2919000 kB
20221018 054628.284 INFO             PET3       After Realize: - MemInfo: [/proc/self/status]	VmLck:	       0 kB
20221018 054628.284 INFO             PET3       After Realize: - MemInfo: [/proc/self/status]	VmPin:	   81496 kB
20221018 054628.284 INFO             PET3       After Realize: - MemInfo: [/proc/self/status]	VmHWM:	  160228 kB
20221018 054628.284 INFO             PET3       After Realize: - MemInfo: [/proc/self/status]	VmRSS:	  160228 kB
20221018 054628.284 INFO             PET3       After Realize: - MemInfo: [/proc/self/status]	VmData:	  277496 kB
20221018 054628.284 INFO             PET3       After Realize: - MemInfo: [/proc/self/status]	VmStk:	     516 kB
20221018 054628.284 INFO             PET3       After Realize: - MemInfo: [/proc/self/status]	VmExe:	    1556 kB
20221018 054628.284 INFO             PET3       After Realize: - MemInfo: [/proc/self/status]	VmLib:	  178580 kB
20221018 054628.284 INFO             PET3       After Realize: - MemInfo: [/proc/self/status]	VmPTE:	     980 kB
20221018 054628.284 INFO             PET3       After Realize: - MemInfo: [/proc/self/status]	VmSwap:	       0 kB
20221018 054628.284 INFO             PET3       After Realize: - MemInfo: [/proc/self/status]	VmRSSPercent: 0.0815681 %
20221018 054628.284 INFO             PET3       After Realize: - MemInfo: [malloc] Non-mmapped space allocated:                 7319552 Byte
20221018 054628.284 INFO             PET3       After Realize: - MemInfo: [malloc] Space allocated in mmapped regions:         87056384 Byte
20221018 054628.284 INFO             PET3       After Realize: - MemInfo: [malloc] Maximum total allocated space:                     0 Byte
20221018 054628.284 INFO             PET3       After Realize: - MemInfo: [malloc] Space in freed fastbin blocks:                  1024 Byte
20221018 054628.284 INFO             PET3       After Realize: - MemInfo: [malloc] Total allocated space:                       7131744 Byte
20221018 054628.284 INFO             PET3       After Realize: - MemInfo: [malloc] Total free space:                             187808 Byte
20221018 054628.284 INFO             PET3       After Realize: - MemInfo: [malloc] Top-most, releasable space:                    54112 Byte
20221018 054628.284 INFO             PET3       After Realize: - MemInfo: [malloc] Total space in use, mmap + non-mmap:        94188128 Byte
20221018 054628.284 INFO             PET3       After Realize: - MemInfo: [malloc] Total space held (mmap + non-mmap):         94375936 Byte
20221018 054628.284 INFO             PET3       After Realize: - MemInfo: [malloc] Total space used (mmap + non-mmap):         94197504 Byte
20221018 054628.284 INFO             PET3       After Realize: - MemInfo: Wall-clock time since execution start:              0.0352531 seconds
20221018 054628.284 INFO             PET3       <<<MODEL: leaving Initialize (phase=IPDvXp04) without valid internal Clock.
20221018 054628.285 INFO             PET3     MODEL: InitializeIPDvXp04 extro.
20221018 054628.286 INFO             PET3     driver: IInitRealize intro.
20221018 054628.286 INFO             PET3     driver: IInitRealize extro.
20221018 054628.286 INFO             PET3     MODEL: InitializeIPDvXp07 intro.
20221018 054628.286 INFO             PET3       >>>MODEL: entered Initialize (phase=IPDvXp07) without valid internal Clock.
20221018 054628.286 INFO             PET3       <<<MODEL: leaving Initialize (phase=IPDvXp07) with current time:    0  1  1  0  0  0   0
20221018 054628.286 INFO             PET3     MODEL: InitializeIPDvXp07 extro.
20221018 054628.287 INFO             PET3     <<<driver: leaving Initialize (phase=<none>) with current time:    0  1  1  0  0  0   0
20221018 054628.287 INFO             PET3   driver: InitializeIPDv02p3 extro.
20221018 054628.287 INFO             PET3   driver: InitializeIPDv02p5 intro.
20221018 054628.287 INFO             PET3     >>>driver: entered Initialize (phase=<none>) with current time:    0  1  1  0  0  0   0
20221018 054628.287 INFO             PET3     driver: this is a top level driver, no 'Updated' and 'InitializeDataComplete' info on this level.
20221018 054628.287 INFO             PET3     driver: InitializeIPDv02p5Data intro.
20221018 054628.288 INFO             PET3       driver: InternalInitializeComplete intro.
20221018 054628.288 INFO             PET3         driver: InitializeDataComplete='true'
20221018 054628.288 INFO             PET3       driver: InternalInitializeComplete extro.
20221018 054628.288 INFO             PET3       MODEL: InitializeIPDvXp08 intro.
20221018 054628.288 INFO             PET3         >>>MODEL: entered Initialize (phase=IPDv05p8) with current time:    0  1  1  0  0  0   0
20221018 054628.288 INFO             PET3         MODEL: InitializeDataProgress='false', InitializeDataComplete='false'
20221018 054628.288 INFO             PET3         <<<MODEL: leaving Initialize (phase=IPDv05p8) with current time:    0  1  1  0  0  0   0
20221018 054628.288 INFO             PET3       MODEL: InitializeIPDvXp08 extro.
20221018 054628.293 INFO             PET3       driver: components present that trigger loopDataDependentInitialize().
20221018 054628.293 INFO             PET3       driver: loopDataDependentInitialize intro.
20221018 054628.293 INFO             PET3         driver: component    0=driver, dataComplete (local): true
20221018 054628.293 INFO             PET3         driver: component    0=driver, dataComplete (global):  T
20221018 054628.293 INFO             PET3         driver: component    1=MODEL, dataComplete (local): false
20221018 054628.293 INFO             PET3         driver: component    1=MODEL, dataComplete (global):  F
20221018 054628.293 INFO             PET3         MODEL: InitializeIPDvXp08 intro.
20221018 054628.293 INFO             PET3           >>>MODEL: entered Initialize (phase=IPDv05p8) with current time:    0  1  1  0  0  0   0
20221018 054628.293 INFO             PET3           MODEL: InitializeDataProgress='true', InitializeDataComplete='true'
20221018 054628.294 INFO             PET3           <<<MODEL: leaving Initialize (phase=IPDv05p8) with current time:    0  1  1  0  0  0   0
20221018 054628.294 INFO             PET3         MODEL: InitializeIPDvXp08 extro.
20221018 054628.294 INFO             PET3         driver: component    1=MODEL, someProgress (local): true
20221018 054628.295 INFO             PET3         driver: component    1=MODEL, someProgress (global):  T
20221018 054628.295 INFO             PET3         driver: someProgress= T, allComplete= F, present(dataDepAllComplete)= T
20221018 054628.295 INFO             PET3         driver: component    0=driver, dataComplete (local): true
20221018 054628.295 INFO             PET3         driver: component    0=driver, dataComplete (global):  T
20221018 054628.295 INFO             PET3         driver: component    1=MODEL, dataComplete (local): true
20221018 054628.295 INFO             PET3         driver: component    1=MODEL, dataComplete (global):  T
20221018 054628.295 INFO             PET3         driver: someProgress= F, allComplete= T, present(dataDepAllComplete)= T
20221018 054628.295 INFO             PET3         driver: finished resolving initialize data dependencies on this level.
20221018 054628.295 INFO             PET3       driver: loopDataDependentInitialize extro.
20221018 054628.295 INFO             PET3       driver: loopDataDependentInitialize() returned with dataDepAllComplete:  T
20221018 054628.295 INFO             PET3     driver: InitializeIPDv02p5Data extro.
20221018 054628.295 INFO             PET3     <<<driver: leaving Initialize (phase=<none>) with current time:    0  1  1  0  0  0   0
20221018 054628.295 INFO             PET3   driver: InitializeIPDv02p5 extro.
20221018 054628.295 INFO             PET3 driver: InitializeGeneric extro.
20221018 054628.295 INFO             PET3 driver: Run intro.
20221018 054628.295 INFO             PET3   >>>driver entered Run (phase=RunPhase1) with current time:    0  1  1  0  0  0   0
20221018 054628.295 INFO             PET3   driver: after lable_SetRunClock, current time:    0  1  1  0  0  0   0
20221018 054628.295 INFO             PET3   driver: begin -------> RunSequence.
20221018 054628.295 INFO             PET3     driver: RunSequence event loopLevel=   1  levelMember=   1  loopIteration=   1, current time:    0  1  1  0  0  0   0
20221018 054628.295 INFO             PET3     MODEL: Run intro.
20221018 054628.296 INFO             PET3       >>>MODEL: entered Run (phase=RunPhase1) with current time:    0  1  1  0  0  0   0
20221018 054628.296 INFO             PET3       MODEL: time step-loop starting, current time:    0  1  1  0  0  0   0
20221018 054628.299 INFO             PET3       thread_num=   0   currentSsiPe=  43   num_threads=   3   max_threads=   3   num_procs=   2
20221018 054628.299 INFO             PET3       thread_num=   2   currentSsiPe=   3   num_threads=   3   max_threads=   3   num_procs=   2
20221018 054628.299 INFO             PET3       thread_num=   1   currentSsiPe=   3   num_threads=   3   max_threads=   3   num_procs=   2
20221018 054628.299 INFO             PET3       ---->Advancing Model from:    0  1  1  0  0  0   0
20221018 054628.299 INFO             PET3       ---------------------> to:    0  1  1  0  0 30   0
20221018 054628.299 INFO             PET3       MODEL: time step-loop ending,   current time:    0  1  1  0  0 30   0
20221018 054628.299 INFO             PET3       <<<MODEL: leaving Run (phase=RunPhase1) with current time:    0  1  1  0  0 30   0
20221018 054628.299 INFO             PET3     MODEL: Run extro.
20221018 054628.299 INFO             PET3     driver: RunSequence event loopLevel=   1  levelMember=   1  loopIteration=   2, current time:    0  1  1  0  0 30   0
20221018 054628.299 INFO             PET3     MODEL: Run intro.
20221018 054628.299 INFO             PET3       >>>MODEL: entered Run (phase=RunPhase1) with current time:    0  1  1  0  0 30   0
20221018 054628.300 INFO             PET3       MODEL: time step-loop starting, current time:    0  1  1  0  0 30   0
20221018 054628.300 INFO             PET3       thread_num=   0   currentSsiPe=  43   num_threads=   3   max_threads=   3   num_procs=   2
20221018 054628.300 INFO             PET3       thread_num=   2   currentSsiPe=   3   num_threads=   3   max_threads=   3   num_procs=   2
20221018 054628.300 INFO             PET3       thread_num=   1   currentSsiPe=   3   num_threads=   3   max_threads=   3   num_procs=   2
20221018 054628.300 INFO             PET3       ---->Advancing Model from:    0  1  1  0  0 30   0
20221018 054628.300 INFO             PET3       ---------------------> to:    0  1  1  0  1  0   0
20221018 054628.300 INFO             PET3       MODEL: time step-loop ending,   current time:    0  1  1  0  1  0   0
20221018 054628.300 INFO             PET3       <<<MODEL: leaving Run (phase=RunPhase1) with current time:    0  1  1  0  1  0   0
20221018 054628.300 INFO             PET3     MODEL: Run extro.
20221018 054628.300 INFO             PET3     driver: RunSequence event loopLevel=   1  levelMember=   1  loopIteration=   3, current time:    0  1  1  0  1  0   0
20221018 054628.300 INFO             PET3     MODEL: Run intro.
20221018 054628.301 INFO             PET3       >>>MODEL: entered Run (phase=RunPhase1) with current time:    0  1  1  0  1  0   0
20221018 054628.301 INFO             PET3       MODEL: time step-loop starting, current time:    0  1  1  0  1  0   0
20221018 054628.301 INFO             PET3       thread_num=   0   currentSsiPe=  43   num_threads=   3   max_threads=   3   num_procs=   2
20221018 054628.301 INFO             PET3       thread_num=   1   currentSsiPe=   3   num_threads=   3   max_threads=   3   num_procs=   2
20221018 054628.301 INFO             PET3       thread_num=   2   currentSsiPe=   3   num_threads=   3   max_threads=   3   num_procs=   2
20221018 054628.301 INFO             PET3       ---->Advancing Model from:    0  1  1  0  1  0   0
20221018 054628.301 INFO             PET3       ---------------------> to:    0  1  1  0  1 30   0
20221018 054628.301 INFO             PET3       MODEL: time step-loop ending,   current time:    0  1  1  0  1 30   0
20221018 054628.301 INFO             PET3       <<<MODEL: leaving Run (phase=RunPhase1) with current time:    0  1  1  0  1 30   0
20221018 054628.301 INFO             PET3     MODEL: Run extro.
20221018 054628.301 INFO             PET3     driver: RunSequence event loopLevel=   1  levelMember=   1  loopIteration=   4, current time:    0  1  1  0  1 30   0
20221018 054628.301 INFO             PET3     MODEL: Run intro.
20221018 054628.302 INFO             PET3       >>>MODEL: entered Run (phase=RunPhase1) with current time:    0  1  1  0  1 30   0
20221018 054628.302 INFO             PET3       MODEL: time step-loop starting, current time:    0  1  1  0  1 30   0
20221018 054628.302 INFO             PET3       thread_num=   0   currentSsiPe=  43   num_threads=   3   max_threads=   3   num_procs=   2
20221018 054628.302 INFO             PET3       thread_num=   1   currentSsiPe=   3   num_threads=   3   max_threads=   3   num_procs=   2
20221018 054628.302 INFO             PET3       thread_num=   2   currentSsiPe=   3   num_threads=   3   max_threads=   3   num_procs=   2
20221018 054628.302 INFO             PET3       ---->Advancing Model from:    0  1  1  0  1 30   0
20221018 054628.302 INFO             PET3       ---------------------> to:    0  1  1  0  2  0   0
20221018 054628.302 INFO             PET3       MODEL: time step-loop ending,   current time:    0  1  1  0  2  0   0
20221018 054628.302 INFO             PET3       <<<MODEL: leaving Run (phase=RunPhase1) with current time:    0  1  1  0  2  0   0
20221018 054628.302 INFO             PET3     MODEL: Run extro.
20221018 054628.302 INFO             PET3     driver: RunSequence event loopLevel=   1  levelMember=   1  loopIteration=   5, current time:    0  1  1  0  2  0   0
20221018 054628.302 INFO             PET3     MODEL: Run intro.
20221018 054628.303 INFO             PET3       >>>MODEL: entered Run (phase=RunPhase1) with current time:    0  1  1  0  2  0   0
20221018 054628.303 INFO             PET3       MODEL: time step-loop starting, current time:    0  1  1  0  2  0   0
20221018 054628.303 INFO             PET3       thread_num=   0   currentSsiPe=  43   num_threads=   3   max_threads=   3   num_procs=   2
20221018 054628.303 INFO             PET3       thread_num=   2   currentSsiPe=   3   num_threads=   3   max_threads=   3   num_procs=   2
20221018 054628.303 INFO             PET3       thread_num=   1   currentSsiPe=   3   num_threads=   3   max_threads=   3   num_procs=   2
20221018 054628.303 INFO             PET3       ---->Advancing Model from:    0  1  1  0  2  0   0
20221018 054628.303 INFO             PET3       ---------------------> to:    0  1  1  0  2 30   0
20221018 054628.303 INFO             PET3       MODEL: time step-loop ending,   current time:    0  1  1  0  2 30   0
20221018 054628.303 INFO             PET3       <<<MODEL: leaving Run (phase=RunPhase1) with current time:    0  1  1  0  2 30   0
20221018 054628.303 INFO             PET3     MODEL: Run extro.
20221018 054628.303 INFO             PET3   driver: end <--------- RunSequence
20221018 054628.303 INFO             PET3   <<<driver - leaving Run with current time:    0  1  1  0  2 30   0
20221018 054628.303 INFO             PET3 driver: Run extro.
20221018 054628.303 INFO             PET3 driver: Finalize intro.
20221018 054628.303 INFO             PET3   Calling Finalize phase 1 for modelComp: MODEL
20221018 054628.304 INFO             PET3   MODEL: Finalize intro.
20221018 054628.304 INFO             PET3     >>>MODEL: entered Finalize (phase=FinalizePhase1) with current time:    0  1  1  0  2 30   0
20221018 054628.304 INFO             PET3     <<<MODEL: leaving Finalize (phase=FinalizePhase1) with current time:    0  1  1  0  2 30   0
20221018 054628.304 INFO             PET3   MODEL: Finalize extro.
20221018 054628.304 INFO             PET3   Delete modelComp: MODEL
20221018 054628.304 INFO             PET3   Delete Import-/Export State for modelComp: MODEL
20221018 054628.304 INFO             PET3 driver: Finalize extro.
20221018 054628.304 INFO             PET3 mainApp FINISHED
20221018 054628.304 INFO             PET3 Finalizing ESMF
