2022-10-16 08:43:30
MPT ERROR: Rank 3(g:3) received signal SIGSEGV(11).
	Process ID: 45868, Host: r1i2n12, Program: /glade/scratch/theurich/ESMF-Nightly-Testing/nvhpc_22.2_mpt_g_release_8.4.0/nuopc-app-prototypes/ExternalDriverAPIProto/externalApp
	MPT Version: HPE MPT 2.25  08/14/21 03:05:20

MPT: --------stack traceback-------
MPT: Attaching to program: /proc/45868/exe, process 45868
MPT: (No debugging symbols found in /usr/lib64/gcc/x86_64-suse-linux/4.8/../../../../lib64/libcurl.so.4)
MPT: [Thread debugging using libthread_db enabled]
MPT: Using host libthread_db library "/glade/u/apps/ch/os/lib64/libthread_db.so.1".
MPT: (No debugging symbols found in /glade/u/apps/opt/nvhpc/22.2/Linux_x86_64/22.2/compilers/lib/libnvhpcatm.so)
MPT: (No debugging symbols found in /usr/lib64/gcc/x86_64-suse-linux/4.8/../../../../lib64/libstdc++.so.6)
MPT: (No debugging symbols found in /glade/u/apps/opt/nvhpc/22.2/Linux_x86_64/22.2/compilers/lib/libnvf.so)
MPT: (No debugging symbols found in /glade/u/apps/opt/nvhpc/22.2/Linux_x86_64/22.2/compilers/lib/libnvcpumath.so)
MPT: (No debugging symbols found in /glade/u/apps/opt/nvhpc/22.2/Linux_x86_64/22.2/compilers/lib/libnvc.so)
MPT: Missing separate debuginfo for /glade/u/apps/ch/os/lib64/libgcc_s.so.1
MPT: Try: zypper install -C "debuginfo(build-id)=c7e890ab90e29cffd785bf25e7d90f2f0af3a102"
MPT: (No debugging symbols found in /glade/u/apps/ch/os/lib64/libgcc_s.so.1)
MPT: (No debugging symbols found in /usr/lib64/gcc/x86_64-suse-linux/4.8/../../../../lib64/libatomic.so.1)
MPT: (No debugging symbols found in /usr/lib64/gcc/x86_64-suse-linux/4.8/../../../../lib64/libnghttp2.so.14)
MPT: (No debugging symbols found in /usr/lib64/gcc/x86_64-suse-linux/4.8/../../../../lib64/libssh.so.4)
MPT: Missing separate debuginfo for /glade/u/apps/ch/os/lib64/libssl.so.1.0.0
MPT: Try: zypper install -C "debuginfo(build-id)=7607ed9b6a82bfaecf5318ac9d65cae5a22865ef"
MPT: (No debugging symbols found in /glade/u/apps/ch/os/lib64/libssl.so.1.0.0)
MPT: Missing separate debuginfo for /glade/u/apps/ch/os/lib64/libcrypto.so.1.0.0
MPT: Try: zypper install -C "debuginfo(build-id)=63a385acb8b045f7cfa7b53e2d9bfb745edc1693"
MPT: (No debugging symbols found in /glade/u/apps/ch/os/lib64/libcrypto.so.1.0.0)
MPT: (No debugging symbols found in /usr/lib64/gcc/x86_64-suse-linux/4.8/../../../../lib64/libgssapi_krb5.so.2)
MPT: (No debugging symbols found in /usr/lib64/gcc/x86_64-suse-linux/4.8/../../../../lib64/libldap-2.4.so.2)
MPT: (No debugging symbols found in /usr/lib64/gcc/x86_64-suse-linux/4.8/../../../../lib64/liblber-2.4.so.2)
MPT: (No debugging symbols found in /usr/lib64/gcc/x86_64-suse-linux/4.8/../../../../lib64/libkrb5.so.3)
MPT: (No debugging symbols found in /usr/lib64/gcc/x86_64-suse-linux/4.8/../../../../lib64/libk5crypto.so.3)
MPT: (No debugging symbols found in /usr/lib64/gcc/x86_64-suse-linux/4.8/../../../../lib64/libcom_err.so.2)
MPT: (No debugging symbols found in /usr/lib64/gcc/x86_64-suse-linux/4.8/../../../../lib64/libkrb5support.so.0)
MPT: (No debugging symbols found in /usr/lib64/gcc/x86_64-suse-linux/4.8/../../../../lib64/libsasl2.so.3)
MPT: Missing separate debuginfo for /glade/u/apps/ch/os/lib64/libkeyutils.so.1
MPT: Try: zypper install -C "debuginfo(build-id)=8982882fa17c60fed02166f229335a9d0eaf77c9"
MPT: (No debugging symbols found in /glade/u/apps/ch/os/lib64/libkeyutils.so.1)
MPT: Missing separate debuginfo for /glade/u/apps/ch/os/lib64/libselinux.so.1
MPT: Try: zypper install -C "debuginfo(build-id)=0627d20b9e481e6a9c6fcacaf8e3f5c2318529cf"
MPT: (No debugging symbols found in /glade/u/apps/ch/os/lib64/libselinux.so.1)
MPT: (No debugging symbols found in /usr/lib64/gcc/x86_64-suse-linux/4.8/../../../../lib64/libpcre.so.1)
MPT: (No debugging symbols found in /usr/lib64/gcc/x86_64-suse-linux/4.8/../../../../lib64/libibverbs.so.1)
MPT: (No debugging symbols found in /usr/lib64/gcc/x86_64-suse-linux/4.8/../../../../lib64/libnl-route-3.so.200)
MPT: (No debugging symbols found in /usr/lib64/gcc/x86_64-suse-linux/4.8/../../../../lib64/libnl-3.so.200)
MPT: (No debugging symbols found in /usr/lib64/gcc/x86_64-suse-linux/4.8/../../../../lib64/libmlx5.so.1)
MPT: 0x00002b89492087da in __waitpid (pid=pid@entry=45869, 
MPT:     stat_loc=stat_loc@entry=0x7ffc65ca61e0, options=options@entry=0)
MPT:     at ../sysdeps/unix/sysv/linux/waitpid.c:29
MPT: 29	../sysdeps/unix/sysv/linux/waitpid.c: No such file or directory.
MPT: Missing separate debuginfos, use: zypper install krb5-debuginfo-1.12.5-40.37.7.x86_64 libatomic1-debuginfo-9.3.1+git1296-1.7.2.x86_64 libcom_err2-debuginfo-1.43.8-3.14.1.x86_64 libcurl4-debuginfo-7.60.0-4.15.2.x86_64 libibverbs-debuginfo-41mlnx1-OFED.4.7.0.0.2.47329.x86_64 libldap-2_4-2-debuginfo-2.4.41-18.71.2.x86_64 libmlx5-debuginfo-41mlnx1-OFED.4.7.0.3.3.47329.x86_64 libnghttp2-14-debuginfo-1.7.1-1.84.x86_64 libnl3-200-debuginfo-3.2.23-2.21.x86_64 libpcre1-debuginfo-8.39-8.3.1.x86_64 libsasl2-3-debuginfo-2.1.26-8.10.1.x86_64 libssh4-debuginfo-0.6.3-12.12.1.x86_64 libstdc++6-debuginfo-9.3.1+git1296-1.7.2.x86_64
MPT: (gdb) #0  0x00002b89492087da in __waitpid (pid=pid@entry=45869, 
MPT:     stat_loc=stat_loc@entry=0x7ffc65ca61e0, options=options@entry=0)
MPT:     at ../sysdeps/unix/sysv/linux/waitpid.c:29
MPT: #1  0x00002b894954dc66 in mpi_sgi_system (
MPT: #2  MPI_SGI_stacktraceback (
MPT:     header=header@entry=0x7ffc65ca6810 "MPT ERROR: Rank 3(g:3) received signal SIGSEGV(11).\n\tProcess ID: 45868, Host: r1i2n12, Program: /glade/scratch/theurich/ESMF-Nightly-Testing/nvhpc_22.2_mpt_g_release_8.4.0/nuopc-app-prototypes/Externa"...) at sig.c:340
MPT: #3  0x00002b894954de66 in first_arriver_handler (signo=signo@entry=11, 
MPT:     stack_trace_sem=stack_trace_sem@entry=0x2b8950400080) at sig.c:489
MPT: #4  0x00002b894954e0f3 in slave_sig_handler (signo=11, 
MPT:     siginfo=<optimized out>, extra=<optimized out>) at sig.c:565
MPT: #5  <signal handler called>
MPT: #6  0x00002b89452fde74 in ESMCI::LogErr::MsgFoundError (rcToCheck=0, 
MPT:     msg=0x2b894707cf0c <.S68906> "Internal subroutine call returned Error", 
MPT:     LINE=1755, FILE=0x2b894707cefc <.S68908> "ESMCI_MeshCap.C", 
MPT:     method=0x2b894707cd86 <.S69266> "MeshCap::meshcreatenodedistgrid()", 
MPT:     rcToReturn=0x4f1b591)
MPT:     at /glade/scratch/theurich/ESMF-Nightly-Testing/nvhpc_22.2_mpt_g_release_8.4.0/esmf/src/Infrastructure/LogErr/src/ESMCI_LogErr.C:586
MPT: #7  0x00002b894551a4bf in ESMCI::MeshCap::meshcreatenodedistgrid (
MPT:     rc=0x4f1b591)
MPT:     at /glade/scratch/theurich/ESMF-Nightly-Testing/nvhpc_22.2_mpt_g_release_8.4.0/esmf/src/Infrastructure/Mesh/src/ESMCI_MeshCap.C:1754
MPT: #8  0x00002b894556c801 in c_esmc_meshcreatenodedistgrid_ (
MPT:     meshpp=0x7ffc65ca7610, rc=0x7ffc65ca747c)
MPT:     at /glade/scratch/theurich/ESMF-Nightly-Testing/nvhpc_22.2_mpt_g_release_8.4.0/esmf/src/Infrastructure/Mesh/interface/ESMCI_Mesh_F.C:247
MPT: #9  0x00002b8946239f6d in esmf_meshmod::esmf_meshcreatefrompointer (
MPT:     mesh_pointer=..., 
MPT:     rc=<error reading variable: Cannot access memory at address 0x0>)
MPT:     at /glade/scratch/theurich/ESMF-Nightly-Testing/nvhpc_22.2_mpt_g_release_8.4.0/esmf/src/Infrastructure/Mesh/interface/ESMF_Mesh.F90:3091
MPT: #10 0x00002b89460959ad in esmf_gridutilmod::esmf_gridtomesh (grid=..., 
MPT:     staggerloc=..., issphere=0, islatlondeg=.FALSE., maskvalues=..., 
MPT:     regridconserve=..., rc=1707771260)
MPT:     at /glade/scratch/theurich/ESMF-Nightly-Testing/nvhpc_22.2_mpt_g_release_8.4.0/esmf/src/Infrastructure/GridUtil/interface/ESMF_GridUtil.F90:453
MPT: #11 0x00002b8945f55268 in esmf_fieldregridmod::b_or_p_gridtomesh (grid=..., 
MPT:     staggerloc=..., maskvalues=..., turnedonmeshnodemask=.FALSE., rc=18)
MPT:     at /glade/scratch/theurich/ESMF-Nightly-Testing/nvhpc_22.2_mpt_g_release_8.4.0/esmf/src/Infrastructure/Field/src/ESMF_FieldRegrid.F90:3228
MPT: #12 0x00002b8945f5071e in esmf_fieldregridmod::getmeshwithnodesonfieldloc (
MPT:     field=..., maskvalues=..., createdtmpmesh=.FALSE., mesh=..., 
MPT:     turnedonmeshnodemask=.FALSE., rc=0)
MPT:     at /glade/scratch/theurich/ESMF-Nightly-Testing/nvhpc_22.2_mpt_g_release_8.4.0/esmf/src/Infrastructure/Field/src/ESMF_FieldRegrid.F90:1346
MPT: #13 0x00002b8945f4e241 in esmf_fieldregridmod::esmf_fieldregridstorenx (
MPT:     srcfield=..., dstfield=..., keywordenforcer=..., srcmaskvalues=..., 
MPT:     dstmaskvalues=..., regridmethod=..., polemethod=..., 
MPT:     regridpolenpnts=1707791908, linetype=..., normtype=..., extrapmethod=..., 
MPT:     extrapnumsrcpnts=1707797460, extrapdistexponent=1.197835e+23, 
MPT:     extrapnumlevels=1707797452, unmappedaction=..., 
MPT:     ignoredegenerate=1707794340, srctermprocessing=1707788776, 
MPT:     pipelinedepth=1707788740, routehandle=..., factorlist=0x7ffc65cb1900, 
MPT:     factorindexlist=0x7ffc65cb1878, weights=0x0, indices=0x0, 
MPT:     srcfracfield=..., dstfracfield=..., dststatusfield=..., 
MPT:     unmappeddstlist=0x0, checkflag=.FALSE., rc=1707807620)
MPT:     at /glade/scratch/theurich/ESMF-Nightly-Testing/nvhpc_22.2_mpt_g_release_8.4.0/esmf/src/Infrastructure/Field/src/ESMF_FieldRegrid.F90:971
MPT: #14 0x00002b89466ad706 in nuopc_connector::fieldbundlecplstore (srcfb=..., 
MPT:     dstfb=..., cpllist=..., rh=..., zeroregions=0x2b0f0a0, 
MPT:     termorders=0x2b0f110, name=..., rc=1707866388)
MPT:     at /glade/scratch/theurich/ESMF-Nightly-Testing/nvhpc_22.2_mpt_g_release_8.4.0/esmf/src/addon/NUOPC/src/NUOPC_Connector.F90:7919
MPT: #15 0x00002b89466880b5 in nuopc_connector::initializeipdv05p6b (
MPT:     connector=..., importstate=..., exportstate=..., clock=..., rc=0)
MPT:     at /glade/scratch/theurich/ESMF-Nightly-Testing/nvhpc_22.2_mpt_g_release_8.4.0/esmf/src/addon/NUOPC/src/NUOPC_Connector.F90:5386
MPT: #16 0x00002b894513f77c in ESMCI::FTable::callVFuncPtr (
MPT:     name=0x2a74610 "InitializeIC07P", vm_pointer=0x27e0cd0, 
MPT:     userrc=0x7ffc65cbf914)
MPT:     at /glade/scratch/theurich/ESMF-Nightly-Testing/nvhpc_22.2_mpt_g_release_8.4.0/esmf/src/Superstructure/Component/src/ESMCI_FTable.C:2167
MPT: #17 0x00002b894513ad93 in ESMCI_FTableCallEntryPointVMHop (vm=0x27e0cd0, 
MPT:     cargoCast=0x2a74610)
MPT:     at /glade/scratch/theurich/ESMF-Nightly-Testing/nvhpc_22.2_mpt_g_release_8.4.0/esmf/src/Superstructure/Component/src/ESMCI_FTable.C:824
MPT: #18 0x00002b89459905bb in ESMCI::VMK::enter (vmp=0x277c6f0, arg=0x27e3a70, 
MPT:     argvmkt=0x2a74610)
MPT:     at /glade/scratch/theurich/ESMF-Nightly-Testing/nvhpc_22.2_mpt_g_release_8.4.0/esmf/src/Infrastructure/VM/src/ESMCI_VMKernel.C:2320
MPT: #19 0x00002b89459b95fe in ESMCI::VM (vmp=0x277c6f0, info=0x27e3a70, 
MPT:     cargo=0x2a74610)
MPT:     at /glade/scratch/theurich/ESMF-Nightly-Testing/nvhpc_22.2_mpt_g_release_8.4.0/esmf/src/Infrastructure/VM/src/ESMCI_VM.C:1216
MPT: #20 0x00002b894513b253 in c_esmc_ftablecallentrypointvm_ (f90comp=0x27e1cb0, 
MPT:     ptr_vm_parent=0x27e1dd8, ptr_vmplan=0x27e1e80, vm_info=0x27e1e90, 
MPT:     vm_cargo=0x27e1e98, ptr=0x27e1220, 
MPT:     method=0x2b894806f0e8 <_esmf_compmod_8_+40>, phase=0x7ffc65cbfc4c, 
MPT:     port=0x7ffc65cbfc48, timeout=0x7ffc65cbfc44, recursionCount=0x27e1ea0, 
MPT:     rc=0x7ffc65cbfc6c)
MPT:     at /glade/scratch/theurich/ESMF-Nightly-Testing/nvhpc_22.2_mpt_g_release_8.4.0/esmf/src/Superstructure/Component/src/ESMCI_FTable.C:981
MPT: #21 0x00002b8945cd9e70 in esmf_compmod::esmf_compexecute (compp=0x27e1220, 
MPT:     method=..., importstate=..., exportstate=..., clock=..., 
MPT:     syncflag=<error reading variable: Cannot access memory at address 0x0>, 
MPT:     phase=1707879372, port=0, timeout=1707868020, userrc=1707876172, 
MPT:     rc=1707868116)
MPT:     at /glade/scratch/theurich/ESMF-Nightly-Testing/nvhpc_22.2_mpt_g_release_8.4.0/esmf/src/Superstructure/Component/src/ESMF_Comp.F90:1223
MPT: #22 0x00002b8945cf305e in esmf_cplcompmod::esmf_cplcompinitialize (
MPT:     cplcomp=..., keywordenforcer=..., importstate=..., exportstate=..., 
MPT:     clock=..., 
MPT:     syncflag=<error reading variable: Cannot access memory at address 0x0>, 
MPT:     phase=1707879372, timeout=0, timeoutflag=.FALSE., userrc=1707876172, 
MPT:     rc=1707929732)
MPT:     at /glade/scratch/theurich/ESMF-Nightly-Testing/nvhpc_22.2_mpt_g_release_8.4.0/esmf/src/Superstructure/Component/src/ESMF_CplComp.F90:1165
MPT: #23 0x00002b89466dece3 in nuopc_driver::loopconnectorcompss (driver=..., 
MPT:     phasestring=..., 
MPT:     execflag=<error reading variable: Cannot access memory at address 0x0>, 
MPT:     rc=18)
MPT:     at /glade/scratch/theurich/ESMF-Nightly-Testing/nvhpc_22.2_mpt_g_release_8.4.0/esmf/src/addon/NUOPC/src/NUOPC_Driver.F90:2869
MPT: #24 0x00002b89466d24c2 in nuopc_driver::initializeipdv02p3 (driver=..., 
MPT:     importstate=..., exportstate=..., clock=..., rc=18)
MPT:     at /glade/scratch/theurich/ESMF-Nightly-Testing/nvhpc_22.2_mpt_g_release_8.4.0/esmf/src/addon/NUOPC/src/NUOPC_Driver.F90:2020
MPT: #25 0x00002b894513f77c in ESMCI::FTable::callVFuncPtr (
MPT:     name=0x2a6ff30 "InitializeIC06P", vm_pointer=0x26f6bd0, 
MPT:     userrc=0x7ffc65ccf084)
MPT:     at /glade/scratch/theurich/ESMF-Nightly-Testing/nvhpc_22.2_mpt_g_release_8.4.0/esmf/src/Superstructure/Component/src/ESMCI_FTable.C:2167
MPT: #26 0x00002b894513ad93 in ESMCI_FTableCallEntryPointVMHop (vm=0x26f6bd0, 
MPT:     cargoCast=0x2a6ff30)
MPT:     at /glade/scratch/theurich/ESMF-Nightly-Testing/nvhpc_22.2_mpt_g_release_8.4.0/esmf/src/Superstructure/Component/src/ESMCI_FTable.C:824
MPT: #27 0x00002b89459905bb in ESMCI::VMK::enter (vmp=0x26f6a80, arg=0x26f80a0, 
MPT:     argvmkt=0x2a6ff30)
MPT:     at /glade/scratch/theurich/ESMF-Nightly-Testing/nvhpc_22.2_mpt_g_release_8.4.0/esmf/src/Infrastructure/VM/src/ESMCI_VMKernel.C:2320
MPT: #28 0x00002b89459b95fe in ESMCI::VM (vmp=0x26f6a80, info=0x26f80a0, 
MPT:     cargo=0x2a6ff30)
MPT:     at /glade/scratch/theurich/ESMF-Nightly-Testing/nvhpc_22.2_mpt_g_release_8.4.0/esmf/src/Infrastructure/VM/src/ESMCI_VM.C:1216
MPT: #29 0x00002b894513b253 in c_esmc_ftablecallentrypointvm_ (f90comp=0x26f61b0, 
MPT:     ptr_vm_parent=0x26f62d8, ptr_vmplan=0x26f6380, vm_info=0x26f6390, 
MPT:     vm_cargo=0x26f6398, ptr=0x26f5720, 
MPT:     method=0x2b894806f0e8 <_esmf_compmod_8_+40>, phase=0x7ffc65ccf3bc, 
MPT:     port=0x7ffc65ccf3b8, timeout=0x7ffc65ccf3b4, recursionCount=0x26f63a0, 
MPT:     rc=0x7ffc65ccf3dc)
MPT:     at /glade/scratch/theurich/ESMF-Nightly-Testing/nvhpc_22.2_mpt_g_release_8.4.0/esmf/src/Superstructure/Component/src/ESMCI_FTable.C:981
MPT: #30 0x00002b8945cd9e70 in esmf_compmod::esmf_compexecute (compp=0x26f5720, 
MPT:     method=..., importstate=..., exportstate=..., clock=..., 
MPT:     syncflag=<error reading variable: Cannot access memory at address 0x0>, 
MPT:     phase=1707932364, port=0, timeout=1707931364, userrc=1707932492, 
MPT:     rc=1707931460)
MPT:     at /glade/scratch/theurich/ESMF-Nightly-Testing/nvhpc_22.2_mpt_g_release_8.4.0/esmf/src/Superstructure/Component/src/ESMF_Comp.F90:1223
MPT: #31 0x00002b8945fb439e in esmf_gridcompmod::esmf_gridcompinitialize (
MPT:     gridcomp=..., keywordenforcer=..., importstate=..., exportstate=..., 
MPT:     clock=..., 
MPT:     syncflag=<error reading variable: Cannot access memory at address 0x0>, 
MPT:     phase=1707932364, timeout=0, timeoutflag=.FALSE., userrc=1707932492, 
MPT:     rc=1707933100)
MPT:     at /glade/scratch/theurich/ESMF-Nightly-Testing/nvhpc_22.2_mpt_g_release_8.4.0/esmf/src/Superstructure/Component/src/ESMF_GridComp.F90:1412
MPT: #32 0x0000000000408405 in externalapp () at externalApp.F90:192
MPT: #33 0x0000000000407033 in main ()
MPT: #34 0x00002b894bb6aa35 in __libc_start_main (main=0x407000 <main>, argc=1, 
MPT:     argv=0x7ffc65ccffb8, init=<optimized out>, fini=<optimized out>, 
MPT:     rtld_fini=<optimized out>, stack_end=0x7ffc65ccffa8) at libc-start.c:289
MPT: #35 0x0000000000406f29 in _start () at ../sysdeps/x86_64/start.S:118
MPT: (gdb) A debugging session is active.
MPT: 
MPT: 	Inferior 1 [process 45868] will be detached.
MPT: 
MPT: Quit anyway? (y or n) [answered Y; input not from terminal]
MPT: Detaching from program: /proc/45868/exe, process 45868
MPT: [Inferior 1 (process 45868) detached]

MPT: -----stack traceback ends-----
MPT: On host r1i2n12, Program /glade/scratch/theurich/ESMF-Nightly-Testing/nvhpc_22.2_mpt_g_release_8.4.0/nuopc-app-prototypes/ExternalDriverAPIProto/externalApp, Rank 3, Process 45868: Dumping core on signal SIGSEGV(11) into directory /glade/scratch/theurich/ESMF-Nightly-Testing/nvhpc_22.2_mpt_g_release_8.4.0/nuopc-app-prototypes/ExternalDriverAPIProto
MPT ERROR: MPI_COMM_WORLD rank 3 has terminated without calling MPI_Finalize()
	aborting job
MPT: Received signal 11
