2022-09-30 01:21:10
20220930 015422.954 INFO             PET0 !!!!!!!!!!!!!!!!!!!!!!!!!!!!!!!!!!!!!!!!!!!!!!!!!!!!!!
20220930 015422.954 INFO             PET0 !!! THE ESMF_LOG IS SET TO OUTPUT ALL LOG MESSAGES !!!
20220930 015422.954 INFO             PET0 !!!     THIS MAY CAUSE SLOWDOWN IN PERFORMANCE     !!!
20220930 015422.954 INFO             PET0 !!! FOR PRODUCTION RUNS, USE:                      !!!
20220930 015422.954 INFO             PET0 !!!                   ESMF_LOGKIND_Multi_On_Error  !!!
20220930 015422.954 INFO             PET0 !!!!!!!!!!!!!!!!!!!!!!!!!!!!!!!!!!!!!!!!!!!!!!!!!!!!!!
20220930 015422.954 INFO             PET0 Running with ESMF Version   : v8.4.0b15-9-g5b6dda3e82
20220930 015422.954 INFO             PET0 ESMF library build date/time: "Sep 30 2022" "01:19:37"
20220930 015422.954 INFO             PET0 ESMF library build location : /discover/nobackup/projects/sbu/mpotts/esmf-test/gfortran_10.1.0_intelmpi_g_update_pio2.5.9/esmf
20220930 015422.954 INFO             PET0 ESMF_COMM                   : intelmpi
20220930 015422.954 INFO             PET0 ESMF_MOAB                   : enabled
20220930 015422.954 INFO             PET0 ESMF_LAPACK                 : enabled
20220930 015422.954 INFO             PET0 ESMF_NETCDF                 : disabled
20220930 015422.954 INFO             PET0 ESMF_PNETCDF                : disabled
20220930 015422.954 INFO             PET0 ESMF_PIO                    : disabled
20220930 015422.954 INFO             PET0 ESMF_YAMLCPP                : enabled
20220930 015422.956 INFO             PET0 mainApp STARTING
20220930 015422.962 INFO             PET0 driver: InitializeGeneric intro.
20220930 015422.962 INFO             PET0   driver: InitializeP0 intro.
20220930 015422.962 INFO             PET0   driver: InitializeP0 extro.
20220930 015422.962 INFO             PET0   driver: InitializeIPDv02p1 intro.
20220930 015422.962 INFO             PET0     >>>driver: entered Initialize (phase=<none>) without valid internal Clock.
20220930 015422.963 INFO             PET0     driver - Creating model component MODEL without petList.
20220930 015422.966 INFO             PET0      GridCompIsPetLocal:  T
20220930 015422.966 INFO             PET0      VmIsCreated:  T
20220930 015422.966 INFO             PET0      valid MPI_COMM with size=           4
20220930 015422.966 INFO             PET0     driver - Creating state: modelComp 1 Import State
20220930 015422.966 INFO             PET0     driver - Creating state: modelComp 1 Export State
20220930 015422.967 INFO             PET0     MODEL: InitializeP0 intro.
20220930 015422.967 INFO             PET0       >>>MODEL: entered Initialize (phase=<none>) without valid internal Clock.
20220930 015422.969 INFO             PET0       <<<MODEL: leaving Initialize (phase=<none>) without valid internal Clock.
20220930 015422.969 INFO             PET0     MODEL: InitializeP0 extro.
20220930 015422.972 INFO             PET0     driver: IInitAdvertise intro.
20220930 015422.972 INFO             PET0     driver: IInitAdvertise extro.
20220930 015422.972 INFO             PET0     MODEL: InitializeIPDvXp01 intro.
20220930 015422.972 INFO             PET0       >>>MODEL: entered Initialize (phase=IPDvXp01) without valid internal Clock.
20220930 015422.974 INFO             PET0       <<<MODEL: leaving Initialize (phase=IPDvXp01) without valid internal Clock.
20220930 015422.974 INFO             PET0     MODEL: InitializeIPDvXp01 extro.
20220930 015422.975 INFO             PET0     driver: IInitAdvertiseFinish intro.
20220930 015422.975 INFO             PET0     driver: IInitAdvertiseFinish extro.
20220930 015422.975 INFO             PET0     driver: IInitModifyCplLists intro.
20220930 015422.975 INFO             PET0     driver: IInitModifyCplLists extro.
20220930 015422.975 INFO             PET0     <<<driver: leaving Initialize (phase=<none>) with current time:    0  1  1  0  0  0   0
20220930 015422.975 INFO             PET0   driver: InitializeIPDv02p1 extro.
20220930 015422.975 INFO             PET0   driver: InitializeIPDv02p3 intro.
20220930 015422.975 INFO             PET0     >>>driver: entered Initialize (phase=<none>) with current time:    0  1  1  0  0  0   0
20220930 015422.976 INFO             PET0     driver: IInitCheck intro.
20220930 015422.976 INFO             PET0     driver: IInitCheck extro.
20220930 015422.976 INFO             PET0     MODEL: InitializeIPDvXp04 intro.
20220930 015422.976 INFO             PET0       >>>MODEL: entered Initialize (phase=IPDvXp04) without valid internal Clock.
20220930 015422.979 INFO             PET0       After Realize: - MemInfo: [/proc/meminfo - SSI]	MemTotal:       131394444 kB
20220930 015422.979 INFO             PET0       After Realize: - MemInfo: [/proc/meminfo - SSI]	MemFree:        126796448 kB
20220930 015422.979 INFO             PET0       After Realize: - MemInfo: [/proc/meminfo - SSI]	MemAvailable:   126363392 kB
20220930 015422.979 INFO             PET0       After Realize: - MemInfo: [/proc/meminfo - SSI]	Committed_AS:    3499092 kB
20220930 015422.980 INFO             PET0       After Realize: - MemInfo: [/proc/meminfo - SSI]	CommittedPercent: 2.66304 %
20220930 015422.980 INFO             PET0       After Realize: - MemInfo: [/proc/self/status]	VmPeak:	 3749112 kB
20220930 015422.980 INFO             PET0       After Realize: - MemInfo: [/proc/self/status]	VmSize:	 3740976 kB
20220930 015422.980 INFO             PET0       After Realize: - MemInfo: [/proc/self/status]	VmLck:	       0 kB
20220930 015422.980 INFO             PET0       After Realize: - MemInfo: [/proc/self/status]	VmPin:	   82140 kB
20220930 015422.980 INFO             PET0       After Realize: - MemInfo: [/proc/self/status]	VmHWM:	  146868 kB
20220930 015422.980 INFO             PET0       After Realize: - MemInfo: [/proc/self/status]	VmRSS:	  146868 kB
20220930 015422.980 INFO             PET0       After Realize: - MemInfo: [/proc/self/status]	VmData:	  258700 kB
20220930 015422.980 INFO             PET0       After Realize: - MemInfo: [/proc/self/status]	VmStk:	     152 kB
20220930 015422.980 INFO             PET0       After Realize: - MemInfo: [/proc/self/status]	VmExe:	      20 kB
20220930 015422.980 INFO             PET0       After Realize: - MemInfo: [/proc/self/status]	VmLib:	   77064 kB
20220930 015422.980 INFO             PET0       After Realize: - MemInfo: [/proc/self/status]	VmPTE:	     676 kB
20220930 015422.980 INFO             PET0       After Realize: - MemInfo: [/proc/self/status]	VmPMD:	      32 kB
20220930 015422.980 INFO             PET0       After Realize: - MemInfo: [/proc/self/status]	VmSwap:	       0 kB
20220930 015422.980 INFO             PET0       After Realize: - MemInfo: [/proc/self/status]	VmRSSPercent: 0.111776 %
20220930 015422.980 INFO             PET0       After Realize: - MemInfo: [malloc] Non-mmapped space allocated:                 2490368 Byte
20220930 015422.980 INFO             PET0       After Realize: - MemInfo: [malloc] Space allocated in mmapped regions:         87179264 Byte
20220930 015422.980 INFO             PET0       After Realize: - MemInfo: [malloc] Maximum total allocated space:                     0 Byte
20220930 015422.980 INFO             PET0       After Realize: - MemInfo: [malloc] Space in freed fastbin blocks:                  2416 Byte
20220930 015422.980 INFO             PET0       After Realize: - MemInfo: [malloc] Total allocated space:                       2281456 Byte
20220930 015422.980 INFO             PET0       After Realize: - MemInfo: [malloc] Total free space:                             208912 Byte
20220930 015422.980 INFO             PET0       After Realize: - MemInfo: [malloc] Top-most, releasable space:                    74304 Byte
20220930 015422.980 INFO             PET0       After Realize: - MemInfo: [malloc] Total space in use, mmap + non-mmap:        89460720 Byte
20220930 015422.980 INFO             PET0       After Realize: - MemInfo: [malloc] Total space held (mmap + non-mmap):         89669632 Byte
20220930 015422.980 INFO             PET0       After Realize: - MemInfo: [malloc] Total space used (mmap + non-mmap):         89469904 Byte
20220930 015422.980 INFO             PET0       After Realize: - MemInfo: Wall-clock time since execution start:               0.035694 seconds
20220930 015422.980 INFO             PET0       <<<MODEL: leaving Initialize (phase=IPDvXp04) without valid internal Clock.
20220930 015422.980 INFO             PET0     MODEL: InitializeIPDvXp04 extro.
20220930 015422.981 INFO             PET0     driver: IInitRealize intro.
20220930 015422.981 INFO             PET0     driver: IInitRealize extro.
20220930 015422.981 INFO             PET0     MODEL: InitializeIPDvXp07 intro.
20220930 015422.981 INFO             PET0       >>>MODEL: entered Initialize (phase=IPDvXp07) without valid internal Clock.
20220930 015422.981 INFO             PET0       <<<MODEL: leaving Initialize (phase=IPDvXp07) with current time:    0  1  1  0  0  0   0
20220930 015422.981 INFO             PET0     MODEL: InitializeIPDvXp07 extro.
20220930 015422.982 INFO             PET0     <<<driver: leaving Initialize (phase=<none>) with current time:    0  1  1  0  0  0   0
20220930 015422.982 INFO             PET0   driver: InitializeIPDv02p3 extro.
20220930 015422.982 INFO             PET0   driver: InitializeIPDv02p5 intro.
20220930 015422.982 INFO             PET0     >>>driver: entered Initialize (phase=<none>) with current time:    0  1  1  0  0  0   0
20220930 015422.982 INFO             PET0     driver: this is a top level driver, no 'Updated' and 'InitializeDataComplete' info on this level.
20220930 015422.982 INFO             PET0     driver: InitializeIPDv02p5Data intro.
20220930 015422.982 INFO             PET0       driver: InternalInitializeComplete intro.
20220930 015422.982 INFO             PET0         driver: InitializeDataComplete='true'
20220930 015422.982 INFO             PET0       driver: InternalInitializeComplete extro.
20220930 015422.983 INFO             PET0       MODEL: InitializeIPDvXp08 intro.
20220930 015422.983 INFO             PET0         >>>MODEL: entered Initialize (phase=IPDv05p8) with current time:    0  1  1  0  0  0   0
20220930 015422.983 INFO             PET0         MODEL: InitializeDataProgress='false', InitializeDataComplete='false'
20220930 015422.983 INFO             PET0         <<<MODEL: leaving Initialize (phase=IPDv05p8) with current time:    0  1  1  0  0  0   0
20220930 015422.983 INFO             PET0       MODEL: InitializeIPDvXp08 extro.
20220930 015422.986 INFO             PET0       driver: components present that trigger loopDataDependentInitialize().
20220930 015422.986 INFO             PET0       driver: loopDataDependentInitialize intro.
20220930 015422.986 INFO             PET0         driver: component    0=driver, dataComplete (local): true
20220930 015422.986 INFO             PET0         driver: component    0=driver, dataComplete (global): T
20220930 015422.987 INFO             PET0         driver: component    1=MODEL, dataComplete (local): false
20220930 015422.987 INFO             PET0         driver: component    1=MODEL, dataComplete (global): F
20220930 015422.987 INFO             PET0         MODEL: InitializeIPDvXp08 intro.
20220930 015422.987 INFO             PET0           >>>MODEL: entered Initialize (phase=IPDv05p8) with current time:    0  1  1  0  0  0   0
20220930 015422.987 INFO             PET0           MODEL: InitializeDataProgress='true', InitializeDataComplete='true'
20220930 015422.987 INFO             PET0           <<<MODEL: leaving Initialize (phase=IPDv05p8) with current time:    0  1  1  0  0  0   0
20220930 015422.987 INFO             PET0         MODEL: InitializeIPDvXp08 extro.
20220930 015422.988 INFO             PET0         driver: component    1=MODEL, someProgress (local): true
20220930 015422.988 INFO             PET0         driver: component    1=MODEL, someProgress (global): T
20220930 015422.988 INFO             PET0         driver: someProgress=T, allComplete=F, present(dataDepAllComplete)=T
20220930 015422.988 INFO             PET0         driver: component    0=driver, dataComplete (local): true
20220930 015422.988 INFO             PET0         driver: component    0=driver, dataComplete (global): T
20220930 015422.988 INFO             PET0         driver: component    1=MODEL, dataComplete (local): true
20220930 015422.988 INFO             PET0         driver: component    1=MODEL, dataComplete (global): T
20220930 015422.988 INFO             PET0         driver: someProgress=F, allComplete=T, present(dataDepAllComplete)=T
20220930 015422.988 INFO             PET0         driver: finished resolving initialize data dependencies on this level.
20220930 015422.988 INFO             PET0       driver: loopDataDependentInitialize extro.
20220930 015422.988 INFO             PET0       driver: loopDataDependentInitialize() returned with dataDepAllComplete: T
20220930 015422.988 INFO             PET0     driver: InitializeIPDv02p5Data extro.
20220930 015422.988 INFO             PET0     <<<driver: leaving Initialize (phase=<none>) with current time:    0  1  1  0  0  0   0
20220930 015422.988 INFO             PET0   driver: InitializeIPDv02p5 extro.
20220930 015422.988 INFO             PET0 driver: InitializeGeneric extro.
20220930 015422.988 INFO             PET0 driver: Run intro.
20220930 015422.988 INFO             PET0   >>>driver entered Run (phase=RunPhase1) with current time:    0  1  1  0  0  0   0
20220930 015422.988 INFO             PET0   driver: after lable_SetRunClock, current time:    0  1  1  0  0  0   0
20220930 015422.989 INFO             PET0   driver: begin -------> RunSequence.
20220930 015422.989 INFO             PET0     driver: RunSequence event loopLevel=   1  levelMember=   1  loopIteration=   1, current time:    0  1  1  0  0  0   0
20220930 015422.989 INFO             PET0     MODEL: Run intro.
20220930 015422.989 INFO             PET0       >>>MODEL: entered Run (phase=RunPhase1) with current time:    0  1  1  0  0  0   0
20220930 015422.989 INFO             PET0       MODEL: time step-loop starting, current time:    0  1  1  0  0  0   0
20220930 015422.990 INFO             PET0       thread_num=   0   currentSsiPe=   2   num_threads=   3   max_threads=   3   num_procs=   7
20220930 015422.990 INFO             PET0       thread_num=   1   currentSsiPe=   3   num_threads=   3   max_threads=   3   num_procs=   7
20220930 015422.992 INFO             PET0       thread_num=   2   currentSsiPe=   3   num_threads=   3   max_threads=   3   num_procs=   7
20220930 015422.992 INFO             PET0       ---->Advancing Model from:    0  1  1  0  0  0   0
20220930 015422.992 INFO             PET0       ---------------------> to:    0  1  1  0  0 30   0
20220930 015422.992 INFO             PET0       MODEL: time step-loop ending,   current time:    0  1  1  0  0 30   0
20220930 015422.992 INFO             PET0       <<<MODEL: leaving Run (phase=RunPhase1) with current time:    0  1  1  0  0 30   0
20220930 015422.992 INFO             PET0     MODEL: Run extro.
20220930 015422.992 INFO             PET0     driver: RunSequence event loopLevel=   1  levelMember=   1  loopIteration=   2, current time:    0  1  1  0  0 30   0
20220930 015422.992 INFO             PET0     MODEL: Run intro.
20220930 015422.992 INFO             PET0       >>>MODEL: entered Run (phase=RunPhase1) with current time:    0  1  1  0  0 30   0
20220930 015422.992 INFO             PET0       MODEL: time step-loop starting, current time:    0  1  1  0  0 30   0
20220930 015422.992 INFO             PET0       thread_num=   1   currentSsiPe=   3   num_threads=   3   max_threads=   3   num_procs=   7
20220930 015422.992 INFO             PET0       thread_num=   0   currentSsiPe=   2   num_threads=   3   max_threads=   3   num_procs=   7
20220930 015422.994 INFO             PET0       thread_num=   2   currentSsiPe=   3   num_threads=   3   max_threads=   3   num_procs=   7
20220930 015422.994 INFO             PET0       ---->Advancing Model from:    0  1  1  0  0 30   0
20220930 015422.994 INFO             PET0       ---------------------> to:    0  1  1  0  1  0   0
20220930 015422.994 INFO             PET0       MODEL: time step-loop ending,   current time:    0  1  1  0  1  0   0
20220930 015422.994 INFO             PET0       <<<MODEL: leaving Run (phase=RunPhase1) with current time:    0  1  1  0  1  0   0
20220930 015422.994 INFO             PET0     MODEL: Run extro.
20220930 015422.994 INFO             PET0     driver: RunSequence event loopLevel=   1  levelMember=   1  loopIteration=   3, current time:    0  1  1  0  1  0   0
20220930 015422.994 INFO             PET0     MODEL: Run intro.
20220930 015422.994 INFO             PET0       >>>MODEL: entered Run (phase=RunPhase1) with current time:    0  1  1  0  1  0   0
20220930 015422.994 INFO             PET0       MODEL: time step-loop starting, current time:    0  1  1  0  1  0   0
20220930 015422.995 INFO             PET0       thread_num=   0   currentSsiPe=   2   num_threads=   3   max_threads=   3   num_procs=   7
20220930 015422.995 INFO             PET0       thread_num=   1   currentSsiPe=   3   num_threads=   3   max_threads=   3   num_procs=   7
20220930 015422.996 INFO             PET0       thread_num=   2   currentSsiPe=   3   num_threads=   3   max_threads=   3   num_procs=   7
20220930 015422.996 INFO             PET0       ---->Advancing Model from:    0  1  1  0  1  0   0
20220930 015422.996 INFO             PET0       ---------------------> to:    0  1  1  0  1 30   0
20220930 015422.996 INFO             PET0       MODEL: time step-loop ending,   current time:    0  1  1  0  1 30   0
20220930 015422.996 INFO             PET0       <<<MODEL: leaving Run (phase=RunPhase1) with current time:    0  1  1  0  1 30   0
20220930 015422.996 INFO             PET0     MODEL: Run extro.
20220930 015422.996 INFO             PET0     driver: RunSequence event loopLevel=   1  levelMember=   1  loopIteration=   4, current time:    0  1  1  0  1 30   0
20220930 015422.996 INFO             PET0     MODEL: Run intro.
20220930 015422.997 INFO             PET0       >>>MODEL: entered Run (phase=RunPhase1) with current time:    0  1  1  0  1 30   0
20220930 015422.997 INFO             PET0       MODEL: time step-loop starting, current time:    0  1  1  0  1 30   0
20220930 015422.998 INFO             PET0       thread_num=   0   currentSsiPe=   2   num_threads=   3   max_threads=   3   num_procs=   7
20220930 015422.998 INFO             PET0       thread_num=   1   currentSsiPe=   3   num_threads=   3   max_threads=   3   num_procs=   7
20220930 015422.999 INFO             PET0       thread_num=   2   currentSsiPe=   3   num_threads=   3   max_threads=   3   num_procs=   7
20220930 015422.999 INFO             PET0       ---->Advancing Model from:    0  1  1  0  1 30   0
20220930 015422.999 INFO             PET0       ---------------------> to:    0  1  1  0  2  0   0
20220930 015422.999 INFO             PET0       MODEL: time step-loop ending,   current time:    0  1  1  0  2  0   0
20220930 015422.999 INFO             PET0       <<<MODEL: leaving Run (phase=RunPhase1) with current time:    0  1  1  0  2  0   0
20220930 015422.999 INFO             PET0     MODEL: Run extro.
20220930 015422.999 INFO             PET0     driver: RunSequence event loopLevel=   1  levelMember=   1  loopIteration=   5, current time:    0  1  1  0  2  0   0
20220930 015422.999 INFO             PET0     MODEL: Run intro.
20220930 015422.999 INFO             PET0       >>>MODEL: entered Run (phase=RunPhase1) with current time:    0  1  1  0  2  0   0
20220930 015422.999 INFO             PET0       MODEL: time step-loop starting, current time:    0  1  1  0  2  0   0
20220930 015423.000 INFO             PET0       thread_num=   0   currentSsiPe=   2   num_threads=   3   max_threads=   3   num_procs=   7
20220930 015423.000 INFO             PET0       thread_num=   1   currentSsiPe=   3   num_threads=   3   max_threads=   3   num_procs=   7
20220930 015423.002 INFO             PET0       thread_num=   2   currentSsiPe=   3   num_threads=   3   max_threads=   3   num_procs=   7
20220930 015423.002 INFO             PET0       ---->Advancing Model from:    0  1  1  0  2  0   0
20220930 015423.002 INFO             PET0       ---------------------> to:    0  1  1  0  2 30   0
20220930 015423.002 INFO             PET0       MODEL: time step-loop ending,   current time:    0  1  1  0  2 30   0
20220930 015423.002 INFO             PET0       <<<MODEL: leaving Run (phase=RunPhase1) with current time:    0  1  1  0  2 30   0
20220930 015423.002 INFO             PET0     MODEL: Run extro.
20220930 015423.002 INFO             PET0   driver: end <--------- RunSequence
20220930 015423.002 INFO             PET0   <<<driver - leaving Run with current time:    0  1  1  0  2 30   0
20220930 015423.002 INFO             PET0 driver: Run extro.
20220930 015423.002 INFO             PET0 driver: Finalize intro.
20220930 015423.002 INFO             PET0   Calling Finalize phase 1 for modelComp: MODEL
20220930 015423.002 INFO             PET0   MODEL: Finalize intro.
20220930 015423.002 INFO             PET0     >>>MODEL: entered Finalize (phase=FinalizePhase1) with current time:    0  1  1  0  2 30   0
20220930 015423.002 INFO             PET0     <<<MODEL: leaving Finalize (phase=FinalizePhase1) with current time:    0  1  1  0  2 30   0
20220930 015423.002 INFO             PET0   MODEL: Finalize extro.
20220930 015423.002 INFO             PET0   Delete modelComp: MODEL
20220930 015423.002 INFO             PET0   Delete Import-/Export State for modelComp: MODEL
20220930 015423.002 INFO             PET0 driver: Finalize extro.
20220930 015423.002 INFO             PET0 mainApp FINISHED
20220930 015423.002 INFO             PET0 Finalizing ESMF
20220930 015422.954 INFO             PET1 !!!!!!!!!!!!!!!!!!!!!!!!!!!!!!!!!!!!!!!!!!!!!!!!!!!!!!
20220930 015422.954 INFO             PET1 !!! THE ESMF_LOG IS SET TO OUTPUT ALL LOG MESSAGES !!!
20220930 015422.954 INFO             PET1 !!!     THIS MAY CAUSE SLOWDOWN IN PERFORMANCE     !!!
20220930 015422.954 INFO             PET1 !!! FOR PRODUCTION RUNS, USE:                      !!!
20220930 015422.954 INFO             PET1 !!!                   ESMF_LOGKIND_Multi_On_Error  !!!
20220930 015422.954 INFO             PET1 !!!!!!!!!!!!!!!!!!!!!!!!!!!!!!!!!!!!!!!!!!!!!!!!!!!!!!
20220930 015422.954 INFO             PET1 Running with ESMF Version   : v8.4.0b15-9-g5b6dda3e82
20220930 015422.954 INFO             PET1 ESMF library build date/time: "Sep 30 2022" "01:19:37"
20220930 015422.954 INFO             PET1 ESMF library build location : /discover/nobackup/projects/sbu/mpotts/esmf-test/gfortran_10.1.0_intelmpi_g_update_pio2.5.9/esmf
20220930 015422.954 INFO             PET1 ESMF_COMM                   : intelmpi
20220930 015422.954 INFO             PET1 ESMF_MOAB                   : enabled
20220930 015422.954 INFO             PET1 ESMF_LAPACK                 : enabled
20220930 015422.954 INFO             PET1 ESMF_NETCDF                 : disabled
20220930 015422.954 INFO             PET1 ESMF_PNETCDF                : disabled
20220930 015422.954 INFO             PET1 ESMF_PIO                    : disabled
20220930 015422.954 INFO             PET1 ESMF_YAMLCPP                : enabled
20220930 015422.956 INFO             PET1 mainApp STARTING
20220930 015422.962 INFO             PET1 driver: InitializeGeneric intro.
20220930 015422.962 INFO             PET1   driver: InitializeP0 intro.
20220930 015422.962 INFO             PET1   driver: InitializeP0 extro.
20220930 015422.962 INFO             PET1   driver: InitializeIPDv02p1 intro.
20220930 015422.962 INFO             PET1     >>>driver: entered Initialize (phase=<none>) without valid internal Clock.
20220930 015422.963 INFO             PET1     driver - Creating model component MODEL without petList.
20220930 015422.966 INFO             PET1      GridCompIsPetLocal:  T
20220930 015422.966 INFO             PET1      VmIsCreated:  T
20220930 015422.966 INFO             PET1      valid MPI_COMM with size=           4
20220930 015422.966 INFO             PET1     driver - Creating state: modelComp 1 Import State
20220930 015422.966 INFO             PET1     driver - Creating state: modelComp 1 Export State
20220930 015422.967 INFO             PET1     MODEL: InitializeP0 intro.
20220930 015422.967 INFO             PET1       >>>MODEL: entered Initialize (phase=<none>) without valid internal Clock.
20220930 015422.969 INFO             PET1       <<<MODEL: leaving Initialize (phase=<none>) without valid internal Clock.
20220930 015422.969 INFO             PET1     MODEL: InitializeP0 extro.
20220930 015422.972 INFO             PET1     driver: IInitAdvertise intro.
20220930 015422.972 INFO             PET1     driver: IInitAdvertise extro.
20220930 015422.972 INFO             PET1     MODEL: InitializeIPDvXp01 intro.
20220930 015422.972 INFO             PET1       >>>MODEL: entered Initialize (phase=IPDvXp01) without valid internal Clock.
20220930 015422.974 INFO             PET1       <<<MODEL: leaving Initialize (phase=IPDvXp01) without valid internal Clock.
20220930 015422.974 INFO             PET1     MODEL: InitializeIPDvXp01 extro.
20220930 015422.975 INFO             PET1     driver: IInitAdvertiseFinish intro.
20220930 015422.975 INFO             PET1     driver: IInitAdvertiseFinish extro.
20220930 015422.975 INFO             PET1     driver: IInitModifyCplLists intro.
20220930 015422.975 INFO             PET1     driver: IInitModifyCplLists extro.
20220930 015422.975 INFO             PET1     <<<driver: leaving Initialize (phase=<none>) with current time:    0  1  1  0  0  0   0
20220930 015422.975 INFO             PET1   driver: InitializeIPDv02p1 extro.
20220930 015422.975 INFO             PET1   driver: InitializeIPDv02p3 intro.
20220930 015422.975 INFO             PET1     >>>driver: entered Initialize (phase=<none>) with current time:    0  1  1  0  0  0   0
20220930 015422.976 INFO             PET1     driver: IInitCheck intro.
20220930 015422.976 INFO             PET1     driver: IInitCheck extro.
20220930 015422.976 INFO             PET1     MODEL: InitializeIPDvXp04 intro.
20220930 015422.976 INFO             PET1       >>>MODEL: entered Initialize (phase=IPDvXp04) without valid internal Clock.
20220930 015422.979 INFO             PET1       After Realize: - MemInfo: [/proc/meminfo - SSI]	MemTotal:       131394444 kB
20220930 015422.979 INFO             PET1       After Realize: - MemInfo: [/proc/meminfo - SSI]	MemFree:        126796448 kB
20220930 015422.979 INFO             PET1       After Realize: - MemInfo: [/proc/meminfo - SSI]	MemAvailable:   126363392 kB
20220930 015422.979 INFO             PET1       After Realize: - MemInfo: [/proc/meminfo - SSI]	Committed_AS:    3499092 kB
20220930 015422.979 INFO             PET1       After Realize: - MemInfo: [/proc/meminfo - SSI]	CommittedPercent: 2.66304 %
20220930 015422.979 INFO             PET1       After Realize: - MemInfo: [/proc/self/status]	VmPeak:	 3747584 kB
20220930 015422.979 INFO             PET1       After Realize: - MemInfo: [/proc/self/status]	VmSize:	 3726640 kB
20220930 015422.979 INFO             PET1       After Realize: - MemInfo: [/proc/self/status]	VmLck:	       0 kB
20220930 015422.979 INFO             PET1       After Realize: - MemInfo: [/proc/self/status]	VmPin:	   71900 kB
20220930 015422.979 INFO             PET1       After Realize: - MemInfo: [/proc/self/status]	VmHWM:	  138468 kB
20220930 015422.979 INFO             PET1       After Realize: - MemInfo: [/proc/self/status]	VmRSS:	  138468 kB
20220930 015422.979 INFO             PET1       After Realize: - MemInfo: [/proc/self/status]	VmData:	  244364 kB
20220930 015422.979 INFO             PET1       After Realize: - MemInfo: [/proc/self/status]	VmStk:	     152 kB
20220930 015422.979 INFO             PET1       After Realize: - MemInfo: [/proc/self/status]	VmExe:	      20 kB
20220930 015422.979 INFO             PET1       After Realize: - MemInfo: [/proc/self/status]	VmLib:	   77064 kB
20220930 015422.979 INFO             PET1       After Realize: - MemInfo: [/proc/self/status]	VmPTE:	     644 kB
20220930 015422.979 INFO             PET1       After Realize: - MemInfo: [/proc/self/status]	VmPMD:	      28 kB
20220930 015422.979 INFO             PET1       After Realize: - MemInfo: [/proc/self/status]	VmSwap:	       0 kB
20220930 015422.980 INFO             PET1       After Realize: - MemInfo: [/proc/self/status]	VmRSSPercent: 0.105383 %
20220930 015422.980 INFO             PET1       After Realize: - MemInfo: [malloc] Non-mmapped space allocated:                 2494464 Byte
20220930 015422.980 INFO             PET1       After Realize: - MemInfo: [malloc] Space allocated in mmapped regions:         74592256 Byte
20220930 015422.980 INFO             PET1       After Realize: - MemInfo: [malloc] Maximum total allocated space:                     0 Byte
20220930 015422.980 INFO             PET1       After Realize: - MemInfo: [malloc] Space in freed fastbin blocks:                  2416 Byte
20220930 015422.980 INFO             PET1       After Realize: - MemInfo: [malloc] Total allocated space:                       2281216 Byte
20220930 015422.980 INFO             PET1       After Realize: - MemInfo: [malloc] Total free space:                             213248 Byte
20220930 015422.980 INFO             PET1       After Realize: - MemInfo: [malloc] Top-most, releasable space:                    77408 Byte
20220930 015422.980 INFO             PET1       After Realize: - MemInfo: [malloc] Total space in use, mmap + non-mmap:        76873472 Byte
20220930 015422.980 INFO             PET1       After Realize: - MemInfo: [malloc] Total space held (mmap + non-mmap):         77086720 Byte
20220930 015422.980 INFO             PET1       After Realize: - MemInfo: [malloc] Total space used (mmap + non-mmap):         76882656 Byte
20220930 015422.980 INFO             PET1       After Realize: - MemInfo: Wall-clock time since execution start:              0.0357369 seconds
20220930 015422.980 INFO             PET1       <<<MODEL: leaving Initialize (phase=IPDvXp04) without valid internal Clock.
20220930 015422.980 INFO             PET1     MODEL: InitializeIPDvXp04 extro.
20220930 015422.981 INFO             PET1     driver: IInitRealize intro.
20220930 015422.981 INFO             PET1     driver: IInitRealize extro.
20220930 015422.981 INFO             PET1     MODEL: InitializeIPDvXp07 intro.
20220930 015422.981 INFO             PET1       >>>MODEL: entered Initialize (phase=IPDvXp07) without valid internal Clock.
20220930 015422.981 INFO             PET1       <<<MODEL: leaving Initialize (phase=IPDvXp07) with current time:    0  1  1  0  0  0   0
20220930 015422.981 INFO             PET1     MODEL: InitializeIPDvXp07 extro.
20220930 015422.982 INFO             PET1     <<<driver: leaving Initialize (phase=<none>) with current time:    0  1  1  0  0  0   0
20220930 015422.982 INFO             PET1   driver: InitializeIPDv02p3 extro.
20220930 015422.982 INFO             PET1   driver: InitializeIPDv02p5 intro.
20220930 015422.982 INFO             PET1     >>>driver: entered Initialize (phase=<none>) with current time:    0  1  1  0  0  0   0
20220930 015422.982 INFO             PET1     driver: this is a top level driver, no 'Updated' and 'InitializeDataComplete' info on this level.
20220930 015422.982 INFO             PET1     driver: InitializeIPDv02p5Data intro.
20220930 015422.982 INFO             PET1       driver: InternalInitializeComplete intro.
20220930 015422.982 INFO             PET1         driver: InitializeDataComplete='true'
20220930 015422.982 INFO             PET1       driver: InternalInitializeComplete extro.
20220930 015422.983 INFO             PET1       MODEL: InitializeIPDvXp08 intro.
20220930 015422.983 INFO             PET1         >>>MODEL: entered Initialize (phase=IPDv05p8) with current time:    0  1  1  0  0  0   0
20220930 015422.983 INFO             PET1         MODEL: InitializeDataProgress='false', InitializeDataComplete='false'
20220930 015422.983 INFO             PET1         <<<MODEL: leaving Initialize (phase=IPDv05p8) with current time:    0  1  1  0  0  0   0
20220930 015422.983 INFO             PET1       MODEL: InitializeIPDvXp08 extro.
20220930 015422.986 INFO             PET1       driver: components present that trigger loopDataDependentInitialize().
20220930 015422.986 INFO             PET1       driver: loopDataDependentInitialize intro.
20220930 015422.986 INFO             PET1         driver: component    0=driver, dataComplete (local): true
20220930 015422.986 INFO             PET1         driver: component    0=driver, dataComplete (global): T
20220930 015422.987 INFO             PET1         driver: component    1=MODEL, dataComplete (local): false
20220930 015422.987 INFO             PET1         driver: component    1=MODEL, dataComplete (global): F
20220930 015422.987 INFO             PET1         MODEL: InitializeIPDvXp08 intro.
20220930 015422.987 INFO             PET1           >>>MODEL: entered Initialize (phase=IPDv05p8) with current time:    0  1  1  0  0  0   0
20220930 015422.987 INFO             PET1           MODEL: InitializeDataProgress='true', InitializeDataComplete='true'
20220930 015422.987 INFO             PET1           <<<MODEL: leaving Initialize (phase=IPDv05p8) with current time:    0  1  1  0  0  0   0
20220930 015422.987 INFO             PET1         MODEL: InitializeIPDvXp08 extro.
20220930 015422.988 INFO             PET1         driver: component    1=MODEL, someProgress (local): true
20220930 015422.988 INFO             PET1         driver: component    1=MODEL, someProgress (global): T
20220930 015422.988 INFO             PET1         driver: someProgress=T, allComplete=F, present(dataDepAllComplete)=T
20220930 015422.988 INFO             PET1         driver: component    0=driver, dataComplete (local): true
20220930 015422.988 INFO             PET1         driver: component    0=driver, dataComplete (global): T
20220930 015422.988 INFO             PET1         driver: component    1=MODEL, dataComplete (local): true
20220930 015422.988 INFO             PET1         driver: component    1=MODEL, dataComplete (global): T
20220930 015422.988 INFO             PET1         driver: someProgress=F, allComplete=T, present(dataDepAllComplete)=T
20220930 015422.988 INFO             PET1         driver: finished resolving initialize data dependencies on this level.
20220930 015422.988 INFO             PET1       driver: loopDataDependentInitialize extro.
20220930 015422.988 INFO             PET1       driver: loopDataDependentInitialize() returned with dataDepAllComplete: T
20220930 015422.988 INFO             PET1     driver: InitializeIPDv02p5Data extro.
20220930 015422.988 INFO             PET1     <<<driver: leaving Initialize (phase=<none>) with current time:    0  1  1  0  0  0   0
20220930 015422.988 INFO             PET1   driver: InitializeIPDv02p5 extro.
20220930 015422.988 INFO             PET1 driver: InitializeGeneric extro.
20220930 015422.988 INFO             PET1 driver: Run intro.
20220930 015422.988 INFO             PET1   >>>driver entered Run (phase=RunPhase1) with current time:    0  1  1  0  0  0   0
20220930 015422.988 INFO             PET1   driver: after lable_SetRunClock, current time:    0  1  1  0  0  0   0
20220930 015422.988 INFO             PET1   driver: begin -------> RunSequence.
20220930 015422.989 INFO             PET1     driver: RunSequence event loopLevel=   1  levelMember=   1  loopIteration=   1, current time:    0  1  1  0  0  0   0
20220930 015422.989 INFO             PET1     MODEL: Run intro.
20220930 015422.989 INFO             PET1       >>>MODEL: entered Run (phase=RunPhase1) with current time:    0  1  1  0  0  0   0
20220930 015422.989 INFO             PET1       MODEL: time step-loop starting, current time:    0  1  1  0  0  0   0
20220930 015422.990 INFO             PET1       thread_num=   0   currentSsiPe=   7   num_threads=   3   max_threads=   3   num_procs=   7
20220930 015422.990 INFO             PET1       thread_num=   1   currentSsiPe=   8   num_threads=   3   max_threads=   3   num_procs=   7
20220930 015422.992 INFO             PET1       thread_num=   2   currentSsiPe=   8   num_threads=   3   max_threads=   3   num_procs=   7
20220930 015422.992 INFO             PET1       ---->Advancing Model from:    0  1  1  0  0  0   0
20220930 015422.992 INFO             PET1       ---------------------> to:    0  1  1  0  0 30   0
20220930 015422.992 INFO             PET1       MODEL: time step-loop ending,   current time:    0  1  1  0  0 30   0
20220930 015422.992 INFO             PET1       <<<MODEL: leaving Run (phase=RunPhase1) with current time:    0  1  1  0  0 30   0
20220930 015422.992 INFO             PET1     MODEL: Run extro.
20220930 015422.992 INFO             PET1     driver: RunSequence event loopLevel=   1  levelMember=   1  loopIteration=   2, current time:    0  1  1  0  0 30   0
20220930 015422.992 INFO             PET1     MODEL: Run intro.
20220930 015422.992 INFO             PET1       >>>MODEL: entered Run (phase=RunPhase1) with current time:    0  1  1  0  0 30   0
20220930 015422.992 INFO             PET1       MODEL: time step-loop starting, current time:    0  1  1  0  0 30   0
20220930 015422.993 INFO             PET1       thread_num=   0   currentSsiPe=   7   num_threads=   3   max_threads=   3   num_procs=   7
20220930 015422.993 INFO             PET1       thread_num=   1   currentSsiPe=   8   num_threads=   3   max_threads=   3   num_procs=   7
20220930 015422.994 INFO             PET1       thread_num=   2   currentSsiPe=   8   num_threads=   3   max_threads=   3   num_procs=   7
20220930 015422.994 INFO             PET1       ---->Advancing Model from:    0  1  1  0  0 30   0
20220930 015422.994 INFO             PET1       ---------------------> to:    0  1  1  0  1  0   0
20220930 015422.994 INFO             PET1       MODEL: time step-loop ending,   current time:    0  1  1  0  1  0   0
20220930 015422.994 INFO             PET1       <<<MODEL: leaving Run (phase=RunPhase1) with current time:    0  1  1  0  1  0   0
20220930 015422.994 INFO             PET1     MODEL: Run extro.
20220930 015422.995 INFO             PET1     driver: RunSequence event loopLevel=   1  levelMember=   1  loopIteration=   3, current time:    0  1  1  0  1  0   0
20220930 015422.995 INFO             PET1     MODEL: Run intro.
20220930 015422.995 INFO             PET1       >>>MODEL: entered Run (phase=RunPhase1) with current time:    0  1  1  0  1  0   0
20220930 015422.995 INFO             PET1       MODEL: time step-loop starting, current time:    0  1  1  0  1  0   0
20220930 015422.996 INFO             PET1       thread_num=   0   currentSsiPe=   7   num_threads=   3   max_threads=   3   num_procs=   7
20220930 015422.996 INFO             PET1       thread_num=   1   currentSsiPe=   8   num_threads=   3   max_threads=   3   num_procs=   7
20220930 015422.997 INFO             PET1       thread_num=   2   currentSsiPe=   8   num_threads=   3   max_threads=   3   num_procs=   7
20220930 015422.997 INFO             PET1       ---->Advancing Model from:    0  1  1  0  1  0   0
20220930 015422.997 INFO             PET1       ---------------------> to:    0  1  1  0  1 30   0
20220930 015422.997 INFO             PET1       MODEL: time step-loop ending,   current time:    0  1  1  0  1 30   0
20220930 015422.997 INFO             PET1       <<<MODEL: leaving Run (phase=RunPhase1) with current time:    0  1  1  0  1 30   0
20220930 015422.997 INFO             PET1     MODEL: Run extro.
20220930 015422.997 INFO             PET1     driver: RunSequence event loopLevel=   1  levelMember=   1  loopIteration=   4, current time:    0  1  1  0  1 30   0
20220930 015422.997 INFO             PET1     MODEL: Run intro.
20220930 015422.997 INFO             PET1       >>>MODEL: entered Run (phase=RunPhase1) with current time:    0  1  1  0  1 30   0
20220930 015422.997 INFO             PET1       MODEL: time step-loop starting, current time:    0  1  1  0  1 30   0
20220930 015422.999 INFO             PET1       thread_num=   0   currentSsiPe=   7   num_threads=   3   max_threads=   3   num_procs=   7
20220930 015422.999 INFO             PET1       thread_num=   1   currentSsiPe=   8   num_threads=   3   max_threads=   3   num_procs=   7
20220930 015423.000 INFO             PET1       thread_num=   2   currentSsiPe=   8   num_threads=   3   max_threads=   3   num_procs=   7
20220930 015423.000 INFO             PET1       ---->Advancing Model from:    0  1  1  0  1 30   0
20220930 015423.000 INFO             PET1       ---------------------> to:    0  1  1  0  2  0   0
20220930 015423.000 INFO             PET1       MODEL: time step-loop ending,   current time:    0  1  1  0  2  0   0
20220930 015423.000 INFO             PET1       <<<MODEL: leaving Run (phase=RunPhase1) with current time:    0  1  1  0  2  0   0
20220930 015423.000 INFO             PET1     MODEL: Run extro.
20220930 015423.000 INFO             PET1     driver: RunSequence event loopLevel=   1  levelMember=   1  loopIteration=   5, current time:    0  1  1  0  2  0   0
20220930 015423.000 INFO             PET1     MODEL: Run intro.
20220930 015423.000 INFO             PET1       >>>MODEL: entered Run (phase=RunPhase1) with current time:    0  1  1  0  2  0   0
20220930 015423.000 INFO             PET1       MODEL: time step-loop starting, current time:    0  1  1  0  2  0   0
20220930 015423.001 INFO             PET1       thread_num=   0   currentSsiPe=   7   num_threads=   3   max_threads=   3   num_procs=   7
20220930 015423.001 INFO             PET1       thread_num=   1   currentSsiPe=   8   num_threads=   3   max_threads=   3   num_procs=   7
20220930 015423.003 INFO             PET1       thread_num=   2   currentSsiPe=   8   num_threads=   3   max_threads=   3   num_procs=   7
20220930 015423.003 INFO             PET1       ---->Advancing Model from:    0  1  1  0  2  0   0
20220930 015423.003 INFO             PET1       ---------------------> to:    0  1  1  0  2 30   0
20220930 015423.003 INFO             PET1       MODEL: time step-loop ending,   current time:    0  1  1  0  2 30   0
20220930 015423.003 INFO             PET1       <<<MODEL: leaving Run (phase=RunPhase1) with current time:    0  1  1  0  2 30   0
20220930 015423.003 INFO             PET1     MODEL: Run extro.
20220930 015423.003 INFO             PET1   driver: end <--------- RunSequence
20220930 015423.003 INFO             PET1   <<<driver - leaving Run with current time:    0  1  1  0  2 30   0
20220930 015423.003 INFO             PET1 driver: Run extro.
20220930 015423.003 INFO             PET1 driver: Finalize intro.
20220930 015423.003 INFO             PET1   Calling Finalize phase 1 for modelComp: MODEL
20220930 015423.003 INFO             PET1   MODEL: Finalize intro.
20220930 015423.003 INFO             PET1     >>>MODEL: entered Finalize (phase=FinalizePhase1) with current time:    0  1  1  0  2 30   0
20220930 015423.003 INFO             PET1     <<<MODEL: leaving Finalize (phase=FinalizePhase1) with current time:    0  1  1  0  2 30   0
20220930 015423.003 INFO             PET1   MODEL: Finalize extro.
20220930 015423.003 INFO             PET1   Delete modelComp: MODEL
20220930 015423.003 INFO             PET1   Delete Import-/Export State for modelComp: MODEL
20220930 015423.003 INFO             PET1 driver: Finalize extro.
20220930 015423.003 INFO             PET1 mainApp FINISHED
20220930 015423.003 INFO             PET1 Finalizing ESMF
20220930 015422.955 INFO             PET2 !!!!!!!!!!!!!!!!!!!!!!!!!!!!!!!!!!!!!!!!!!!!!!!!!!!!!!
20220930 015422.955 INFO             PET2 !!! THE ESMF_LOG IS SET TO OUTPUT ALL LOG MESSAGES !!!
20220930 015422.955 INFO             PET2 !!!     THIS MAY CAUSE SLOWDOWN IN PERFORMANCE     !!!
20220930 015422.955 INFO             PET2 !!! FOR PRODUCTION RUNS, USE:                      !!!
20220930 015422.955 INFO             PET2 !!!                   ESMF_LOGKIND_Multi_On_Error  !!!
20220930 015422.955 INFO             PET2 !!!!!!!!!!!!!!!!!!!!!!!!!!!!!!!!!!!!!!!!!!!!!!!!!!!!!!
20220930 015422.955 INFO             PET2 Running with ESMF Version   : v8.4.0b15-9-g5b6dda3e82
20220930 015422.955 INFO             PET2 ESMF library build date/time: "Sep 30 2022" "01:19:37"
20220930 015422.955 INFO             PET2 ESMF library build location : /discover/nobackup/projects/sbu/mpotts/esmf-test/gfortran_10.1.0_intelmpi_g_update_pio2.5.9/esmf
20220930 015422.955 INFO             PET2 ESMF_COMM                   : intelmpi
20220930 015422.955 INFO             PET2 ESMF_MOAB                   : enabled
20220930 015422.955 INFO             PET2 ESMF_LAPACK                 : enabled
20220930 015422.955 INFO             PET2 ESMF_NETCDF                 : disabled
20220930 015422.955 INFO             PET2 ESMF_PNETCDF                : disabled
20220930 015422.955 INFO             PET2 ESMF_PIO                    : disabled
20220930 015422.955 INFO             PET2 ESMF_YAMLCPP                : enabled
20220930 015422.956 INFO             PET2 mainApp STARTING
20220930 015422.963 INFO             PET2 driver: InitializeGeneric intro.
20220930 015422.963 INFO             PET2   driver: InitializeP0 intro.
20220930 015422.963 INFO             PET2   driver: InitializeP0 extro.
20220930 015422.963 INFO             PET2   driver: InitializeIPDv02p1 intro.
20220930 015422.963 INFO             PET2     >>>driver: entered Initialize (phase=<none>) without valid internal Clock.
20220930 015422.963 INFO             PET2     driver - Creating model component MODEL without petList.
20220930 015422.967 INFO             PET2      GridCompIsPetLocal:  T
20220930 015422.967 INFO             PET2      VmIsCreated:  T
20220930 015422.967 INFO             PET2      valid MPI_COMM with size=           4
20220930 015422.967 INFO             PET2     driver - Creating state: modelComp 1 Import State
20220930 015422.967 INFO             PET2     driver - Creating state: modelComp 1 Export State
20220930 015422.968 INFO             PET2     MODEL: InitializeP0 intro.
20220930 015422.968 INFO             PET2       >>>MODEL: entered Initialize (phase=<none>) without valid internal Clock.
20220930 015422.970 INFO             PET2       <<<MODEL: leaving Initialize (phase=<none>) without valid internal Clock.
20220930 015422.970 INFO             PET2     MODEL: InitializeP0 extro.
20220930 015422.972 INFO             PET2     driver: IInitAdvertise intro.
20220930 015422.972 INFO             PET2     driver: IInitAdvertise extro.
20220930 015422.972 INFO             PET2     MODEL: InitializeIPDvXp01 intro.
20220930 015422.972 INFO             PET2       >>>MODEL: entered Initialize (phase=IPDvXp01) without valid internal Clock.
20220930 015422.975 INFO             PET2       <<<MODEL: leaving Initialize (phase=IPDvXp01) without valid internal Clock.
20220930 015422.975 INFO             PET2     MODEL: InitializeIPDvXp01 extro.
20220930 015422.976 INFO             PET2     driver: IInitAdvertiseFinish intro.
20220930 015422.976 INFO             PET2     driver: IInitAdvertiseFinish extro.
20220930 015422.976 INFO             PET2     driver: IInitModifyCplLists intro.
20220930 015422.976 INFO             PET2     driver: IInitModifyCplLists extro.
20220930 015422.977 INFO             PET2     <<<driver: leaving Initialize (phase=<none>) with current time:    0  1  1  0  0  0   0
20220930 015422.977 INFO             PET2   driver: InitializeIPDv02p1 extro.
20220930 015422.977 INFO             PET2   driver: InitializeIPDv02p3 intro.
20220930 015422.977 INFO             PET2     >>>driver: entered Initialize (phase=<none>) with current time:    0  1  1  0  0  0   0
20220930 015422.977 INFO             PET2     driver: IInitCheck intro.
20220930 015422.977 INFO             PET2     driver: IInitCheck extro.
20220930 015422.977 INFO             PET2     MODEL: InitializeIPDvXp04 intro.
20220930 015422.977 INFO             PET2       >>>MODEL: entered Initialize (phase=IPDvXp04) without valid internal Clock.
20220930 015422.981 INFO             PET2       After Realize: - MemInfo: [/proc/meminfo - SSI]	MemTotal:       131394444 kB
20220930 015422.981 INFO             PET2       After Realize: - MemInfo: [/proc/meminfo - SSI]	MemFree:        126796448 kB
20220930 015422.981 INFO             PET2       After Realize: - MemInfo: [/proc/meminfo - SSI]	MemAvailable:   126363392 kB
20220930 015422.981 INFO             PET2       After Realize: - MemInfo: [/proc/meminfo - SSI]	Committed_AS:    3499092 kB
20220930 015422.981 INFO             PET2       After Realize: - MemInfo: [/proc/meminfo - SSI]	CommittedPercent: 2.66304 %
20220930 015422.981 INFO             PET2       After Realize: - MemInfo: [/proc/self/status]	VmPeak:	 3747320 kB
20220930 015422.982 INFO             PET2       After Realize: - MemInfo: [/proc/self/status]	VmSize:	 3716400 kB
20220930 015422.982 INFO             PET2       After Realize: - MemInfo: [/proc/self/status]	VmLck:	       0 kB
20220930 015422.982 INFO             PET2       After Realize: - MemInfo: [/proc/self/status]	VmPin:	   82140 kB
20220930 015422.982 INFO             PET2       After Realize: - MemInfo: [/proc/self/status]	VmHWM:	  151444 kB
20220930 015422.982 INFO             PET2       After Realize: - MemInfo: [/proc/self/status]	VmRSS:	  151444 kB
20220930 015422.982 INFO             PET2       After Realize: - MemInfo: [/proc/self/status]	VmData:	  234124 kB
20220930 015422.982 INFO             PET2       After Realize: - MemInfo: [/proc/self/status]	VmStk:	     152 kB
20220930 015422.982 INFO             PET2       After Realize: - MemInfo: [/proc/self/status]	VmExe:	      20 kB
20220930 015422.982 INFO             PET2       After Realize: - MemInfo: [/proc/self/status]	VmLib:	   77064 kB
20220930 015422.982 INFO             PET2       After Realize: - MemInfo: [/proc/self/status]	VmPTE:	     680 kB
20220930 015422.982 INFO             PET2       After Realize: - MemInfo: [/proc/self/status]	VmPMD:	      32 kB
20220930 015422.982 INFO             PET2       After Realize: - MemInfo: [/proc/self/status]	VmSwap:	       0 kB
20220930 015422.982 INFO             PET2       After Realize: - MemInfo: [/proc/self/status]	VmRSSPercent: 0.115259 %
20220930 015422.982 INFO             PET2       After Realize: - MemInfo: [malloc] Non-mmapped space allocated:                25563136 Byte
20220930 015422.982 INFO             PET2       After Realize: - MemInfo: [malloc] Space allocated in mmapped regions:         64106496 Byte
20220930 015422.982 INFO             PET2       After Realize: - MemInfo: [malloc] Maximum total allocated space:                     0 Byte
20220930 015422.982 INFO             PET2       After Realize: - MemInfo: [malloc] Space in freed fastbin blocks:                  2176 Byte
20220930 015422.982 INFO             PET2       After Realize: - MemInfo: [malloc] Total allocated space:                      23251552 Byte
20220930 015422.982 INFO             PET2       After Realize: - MemInfo: [malloc] Total free space:                            2311584 Byte
20220930 015422.982 INFO             PET2       After Realize: - MemInfo: [malloc] Top-most, releasable space:                    79216 Byte
20220930 015422.982 INFO             PET2       After Realize: - MemInfo: [malloc] Total space in use, mmap + non-mmap:        87358048 Byte
20220930 015422.982 INFO             PET2       After Realize: - MemInfo: [malloc] Total space held (mmap + non-mmap):         89669632 Byte
20220930 015422.982 INFO             PET2       After Realize: - MemInfo: [malloc] Total space used (mmap + non-mmap):         87367232 Byte
20220930 015422.982 INFO             PET2       After Realize: - MemInfo: Wall-clock time since execution start:              0.0376554 seconds
20220930 015422.982 INFO             PET2       <<<MODEL: leaving Initialize (phase=IPDvXp04) without valid internal Clock.
20220930 015422.982 INFO             PET2     MODEL: InitializeIPDvXp04 extro.
20220930 015422.983 INFO             PET2     driver: IInitRealize intro.
20220930 015422.983 INFO             PET2     driver: IInitRealize extro.
20220930 015422.983 INFO             PET2     MODEL: InitializeIPDvXp07 intro.
20220930 015422.983 INFO             PET2       >>>MODEL: entered Initialize (phase=IPDvXp07) without valid internal Clock.
20220930 015422.983 INFO             PET2       <<<MODEL: leaving Initialize (phase=IPDvXp07) with current time:    0  1  1  0  0  0   0
20220930 015422.983 INFO             PET2     MODEL: InitializeIPDvXp07 extro.
20220930 015422.984 INFO             PET2     <<<driver: leaving Initialize (phase=<none>) with current time:    0  1  1  0  0  0   0
20220930 015422.984 INFO             PET2   driver: InitializeIPDv02p3 extro.
20220930 015422.984 INFO             PET2   driver: InitializeIPDv02p5 intro.
20220930 015422.984 INFO             PET2     >>>driver: entered Initialize (phase=<none>) with current time:    0  1  1  0  0  0   0
20220930 015422.984 INFO             PET2     driver: this is a top level driver, no 'Updated' and 'InitializeDataComplete' info on this level.
20220930 015422.985 INFO             PET2     driver: InitializeIPDv02p5Data intro.
20220930 015422.985 INFO             PET2       driver: InternalInitializeComplete intro.
20220930 015422.985 INFO             PET2         driver: InitializeDataComplete='true'
20220930 015422.985 INFO             PET2       driver: InternalInitializeComplete extro.
20220930 015422.985 INFO             PET2       MODEL: InitializeIPDvXp08 intro.
20220930 015422.985 INFO             PET2         >>>MODEL: entered Initialize (phase=IPDv05p8) with current time:    0  1  1  0  0  0   0
20220930 015422.985 INFO             PET2         MODEL: InitializeDataProgress='false', InitializeDataComplete='false'
20220930 015422.985 INFO             PET2         <<<MODEL: leaving Initialize (phase=IPDv05p8) with current time:    0  1  1  0  0  0   0
20220930 015422.985 INFO             PET2       MODEL: InitializeIPDvXp08 extro.
20220930 015422.986 INFO             PET2       driver: components present that trigger loopDataDependentInitialize().
20220930 015422.986 INFO             PET2       driver: loopDataDependentInitialize intro.
20220930 015422.986 INFO             PET2         driver: component    0=driver, dataComplete (local): true
20220930 015422.986 INFO             PET2         driver: component    0=driver, dataComplete (global): T
20220930 015422.987 INFO             PET2         driver: component    1=MODEL, dataComplete (local): false
20220930 015422.987 INFO             PET2         driver: component    1=MODEL, dataComplete (global): F
20220930 015422.987 INFO             PET2         MODEL: InitializeIPDvXp08 intro.
20220930 015422.987 INFO             PET2           >>>MODEL: entered Initialize (phase=IPDv05p8) with current time:    0  1  1  0  0  0   0
20220930 015422.987 INFO             PET2           MODEL: InitializeDataProgress='true', InitializeDataComplete='true'
20220930 015422.987 INFO             PET2           <<<MODEL: leaving Initialize (phase=IPDv05p8) with current time:    0  1  1  0  0  0   0
20220930 015422.987 INFO             PET2         MODEL: InitializeIPDvXp08 extro.
20220930 015422.988 INFO             PET2         driver: component    1=MODEL, someProgress (local): true
20220930 015422.988 INFO             PET2         driver: component    1=MODEL, someProgress (global): T
20220930 015422.988 INFO             PET2         driver: someProgress=T, allComplete=F, present(dataDepAllComplete)=T
20220930 015422.988 INFO             PET2         driver: component    0=driver, dataComplete (local): true
20220930 015422.988 INFO             PET2         driver: component    0=driver, dataComplete (global): T
20220930 015422.988 INFO             PET2         driver: component    1=MODEL, dataComplete (local): true
20220930 015422.988 INFO             PET2         driver: component    1=MODEL, dataComplete (global): T
20220930 015422.988 INFO             PET2         driver: someProgress=F, allComplete=T, present(dataDepAllComplete)=T
20220930 015422.988 INFO             PET2         driver: finished resolving initialize data dependencies on this level.
20220930 015422.988 INFO             PET2       driver: loopDataDependentInitialize extro.
20220930 015422.988 INFO             PET2       driver: loopDataDependentInitialize() returned with dataDepAllComplete: T
20220930 015422.988 INFO             PET2     driver: InitializeIPDv02p5Data extro.
20220930 015422.988 INFO             PET2     <<<driver: leaving Initialize (phase=<none>) with current time:    0  1  1  0  0  0   0
20220930 015422.988 INFO             PET2   driver: InitializeIPDv02p5 extro.
20220930 015422.988 INFO             PET2 driver: InitializeGeneric extro.
20220930 015422.988 INFO             PET2 driver: Run intro.
20220930 015422.988 INFO             PET2   >>>driver entered Run (phase=RunPhase1) with current time:    0  1  1  0  0  0   0
20220930 015422.988 INFO             PET2   driver: after lable_SetRunClock, current time:    0  1  1  0  0  0   0
20220930 015422.989 INFO             PET2   driver: begin -------> RunSequence.
20220930 015422.989 INFO             PET2     driver: RunSequence event loopLevel=   1  levelMember=   1  loopIteration=   1, current time:    0  1  1  0  0  0   0
20220930 015422.989 INFO             PET2     MODEL: Run intro.
20220930 015422.989 INFO             PET2       >>>MODEL: entered Run (phase=RunPhase1) with current time:    0  1  1  0  0  0   0
20220930 015422.989 INFO             PET2       MODEL: time step-loop starting, current time:    0  1  1  0  0  0   0
20220930 015422.990 INFO             PET2       thread_num=   0   currentSsiPe=  14   num_threads=   3   max_threads=   3   num_procs=   7
20220930 015422.990 INFO             PET2       thread_num=   1   currentSsiPe=  18   num_threads=   3   max_threads=   3   num_procs=   7
20220930 015422.992 INFO             PET2       thread_num=   2   currentSsiPe=  18   num_threads=   3   max_threads=   3   num_procs=   7
20220930 015422.992 INFO             PET2       ---->Advancing Model from:    0  1  1  0  0  0   0
20220930 015422.992 INFO             PET2       ---------------------> to:    0  1  1  0  0 30   0
20220930 015422.992 INFO             PET2       MODEL: time step-loop ending,   current time:    0  1  1  0  0 30   0
20220930 015422.992 INFO             PET2       <<<MODEL: leaving Run (phase=RunPhase1) with current time:    0  1  1  0  0 30   0
20220930 015422.992 INFO             PET2     MODEL: Run extro.
20220930 015422.992 INFO             PET2     driver: RunSequence event loopLevel=   1  levelMember=   1  loopIteration=   2, current time:    0  1  1  0  0 30   0
20220930 015422.992 INFO             PET2     MODEL: Run intro.
20220930 015422.992 INFO             PET2       >>>MODEL: entered Run (phase=RunPhase1) with current time:    0  1  1  0  0 30   0
20220930 015422.992 INFO             PET2       MODEL: time step-loop starting, current time:    0  1  1  0  0 30   0
20220930 015422.993 INFO             PET2       thread_num=   0   currentSsiPe=  14   num_threads=   3   max_threads=   3   num_procs=   7
20220930 015422.993 INFO             PET2       thread_num=   1   currentSsiPe=  18   num_threads=   3   max_threads=   3   num_procs=   7
20220930 015422.995 INFO             PET2       thread_num=   2   currentSsiPe=  18   num_threads=   3   max_threads=   3   num_procs=   7
20220930 015422.995 INFO             PET2       ---->Advancing Model from:    0  1  1  0  0 30   0
20220930 015422.995 INFO             PET2       ---------------------> to:    0  1  1  0  1  0   0
20220930 015422.995 INFO             PET2       MODEL: time step-loop ending,   current time:    0  1  1  0  1  0   0
20220930 015422.995 INFO             PET2       <<<MODEL: leaving Run (phase=RunPhase1) with current time:    0  1  1  0  1  0   0
20220930 015422.995 INFO             PET2     MODEL: Run extro.
20220930 015422.995 INFO             PET2     driver: RunSequence event loopLevel=   1  levelMember=   1  loopIteration=   3, current time:    0  1  1  0  1  0   0
20220930 015422.995 INFO             PET2     MODEL: Run intro.
20220930 015422.995 INFO             PET2       >>>MODEL: entered Run (phase=RunPhase1) with current time:    0  1  1  0  1  0   0
20220930 015422.995 INFO             PET2       MODEL: time step-loop starting, current time:    0  1  1  0  1  0   0
20220930 015422.996 INFO             PET2       thread_num=   0   currentSsiPe=  14   num_threads=   3   max_threads=   3   num_procs=   7
20220930 015422.996 INFO             PET2       thread_num=   1   currentSsiPe=  18   num_threads=   3   max_threads=   3   num_procs=   7
20220930 015422.997 INFO             PET2       thread_num=   2   currentSsiPe=  18   num_threads=   3   max_threads=   3   num_procs=   7
20220930 015422.997 INFO             PET2       ---->Advancing Model from:    0  1  1  0  1  0   0
20220930 015422.997 INFO             PET2       ---------------------> to:    0  1  1  0  1 30   0
20220930 015422.997 INFO             PET2       MODEL: time step-loop ending,   current time:    0  1  1  0  1 30   0
20220930 015422.998 INFO             PET2       <<<MODEL: leaving Run (phase=RunPhase1) with current time:    0  1  1  0  1 30   0
20220930 015422.998 INFO             PET2     MODEL: Run extro.
20220930 015422.998 INFO             PET2     driver: RunSequence event loopLevel=   1  levelMember=   1  loopIteration=   4, current time:    0  1  1  0  1 30   0
20220930 015422.998 INFO             PET2     MODEL: Run intro.
20220930 015422.998 INFO             PET2       >>>MODEL: entered Run (phase=RunPhase1) with current time:    0  1  1  0  1 30   0
20220930 015422.998 INFO             PET2       MODEL: time step-loop starting, current time:    0  1  1  0  1 30   0
20220930 015422.999 INFO             PET2       thread_num=   0   currentSsiPe=  14   num_threads=   3   max_threads=   3   num_procs=   7
20220930 015422.999 INFO             PET2       thread_num=   1   currentSsiPe=  18   num_threads=   3   max_threads=   3   num_procs=   7
20220930 015423.000 INFO             PET2       thread_num=   2   currentSsiPe=  18   num_threads=   3   max_threads=   3   num_procs=   7
20220930 015423.000 INFO             PET2       ---->Advancing Model from:    0  1  1  0  1 30   0
20220930 015423.000 INFO             PET2       ---------------------> to:    0  1  1  0  2  0   0
20220930 015423.000 INFO             PET2       MODEL: time step-loop ending,   current time:    0  1  1  0  2  0   0
20220930 015423.000 INFO             PET2       <<<MODEL: leaving Run (phase=RunPhase1) with current time:    0  1  1  0  2  0   0
20220930 015423.000 INFO             PET2     MODEL: Run extro.
20220930 015423.000 INFO             PET2     driver: RunSequence event loopLevel=   1  levelMember=   1  loopIteration=   5, current time:    0  1  1  0  2  0   0
20220930 015423.000 INFO             PET2     MODEL: Run intro.
20220930 015423.001 INFO             PET2       >>>MODEL: entered Run (phase=RunPhase1) with current time:    0  1  1  0  2  0   0
20220930 015423.001 INFO             PET2       MODEL: time step-loop starting, current time:    0  1  1  0  2  0   0
20220930 015423.002 INFO             PET2       thread_num=   0   currentSsiPe=  14   num_threads=   3   max_threads=   3   num_procs=   7
20220930 015423.002 INFO             PET2       thread_num=   1   currentSsiPe=  18   num_threads=   3   max_threads=   3   num_procs=   7
20220930 015423.003 INFO             PET2       thread_num=   2   currentSsiPe=  18   num_threads=   3   max_threads=   3   num_procs=   7
20220930 015423.003 INFO             PET2       ---->Advancing Model from:    0  1  1  0  2  0   0
20220930 015423.003 INFO             PET2       ---------------------> to:    0  1  1  0  2 30   0
20220930 015423.003 INFO             PET2       MODEL: time step-loop ending,   current time:    0  1  1  0  2 30   0
20220930 015423.003 INFO             PET2       <<<MODEL: leaving Run (phase=RunPhase1) with current time:    0  1  1  0  2 30   0
20220930 015423.003 INFO             PET2     MODEL: Run extro.
20220930 015423.003 INFO             PET2   driver: end <--------- RunSequence
20220930 015423.003 INFO             PET2   <<<driver - leaving Run with current time:    0  1  1  0  2 30   0
20220930 015423.003 INFO             PET2 driver: Run extro.
20220930 015423.003 INFO             PET2 driver: Finalize intro.
20220930 015423.003 INFO             PET2   Calling Finalize phase 1 for modelComp: MODEL
20220930 015423.003 INFO             PET2   MODEL: Finalize intro.
20220930 015423.003 INFO             PET2     >>>MODEL: entered Finalize (phase=FinalizePhase1) with current time:    0  1  1  0  2 30   0
20220930 015423.003 INFO             PET2     <<<MODEL: leaving Finalize (phase=FinalizePhase1) with current time:    0  1  1  0  2 30   0
20220930 015423.003 INFO             PET2   MODEL: Finalize extro.
20220930 015423.003 INFO             PET2   Delete modelComp: MODEL
20220930 015423.003 INFO             PET2   Delete Import-/Export State for modelComp: MODEL
20220930 015423.003 INFO             PET2 driver: Finalize extro.
20220930 015423.003 INFO             PET2 mainApp FINISHED
20220930 015423.003 INFO             PET2 Finalizing ESMF
20220930 015422.956 INFO             PET3 !!!!!!!!!!!!!!!!!!!!!!!!!!!!!!!!!!!!!!!!!!!!!!!!!!!!!!
20220930 015422.956 INFO             PET3 !!! THE ESMF_LOG IS SET TO OUTPUT ALL LOG MESSAGES !!!
20220930 015422.956 INFO             PET3 !!!     THIS MAY CAUSE SLOWDOWN IN PERFORMANCE     !!!
20220930 015422.956 INFO             PET3 !!! FOR PRODUCTION RUNS, USE:                      !!!
20220930 015422.956 INFO             PET3 !!!                   ESMF_LOGKIND_Multi_On_Error  !!!
20220930 015422.956 INFO             PET3 !!!!!!!!!!!!!!!!!!!!!!!!!!!!!!!!!!!!!!!!!!!!!!!!!!!!!!
20220930 015422.956 INFO             PET3 Running with ESMF Version   : v8.4.0b15-9-g5b6dda3e82
20220930 015422.956 INFO             PET3 ESMF library build date/time: "Sep 30 2022" "01:19:37"
20220930 015422.956 INFO             PET3 ESMF library build location : /discover/nobackup/projects/sbu/mpotts/esmf-test/gfortran_10.1.0_intelmpi_g_update_pio2.5.9/esmf
20220930 015422.956 INFO             PET3 ESMF_COMM                   : intelmpi
20220930 015422.956 INFO             PET3 ESMF_MOAB                   : enabled
20220930 015422.956 INFO             PET3 ESMF_LAPACK                 : enabled
20220930 015422.956 INFO             PET3 ESMF_NETCDF                 : disabled
20220930 015422.956 INFO             PET3 ESMF_PNETCDF                : disabled
20220930 015422.956 INFO             PET3 ESMF_PIO                    : disabled
20220930 015422.956 INFO             PET3 ESMF_YAMLCPP                : enabled
20220930 015422.956 INFO             PET3 mainApp STARTING
20220930 015422.962 INFO             PET3 driver: InitializeGeneric intro.
20220930 015422.962 INFO             PET3   driver: InitializeP0 intro.
20220930 015422.962 INFO             PET3   driver: InitializeP0 extro.
20220930 015422.962 INFO             PET3   driver: InitializeIPDv02p1 intro.
20220930 015422.962 INFO             PET3     >>>driver: entered Initialize (phase=<none>) without valid internal Clock.
20220930 015422.963 INFO             PET3     driver - Creating model component MODEL without petList.
20220930 015422.966 INFO             PET3      GridCompIsPetLocal:  T
20220930 015422.966 INFO             PET3      VmIsCreated:  T
20220930 015422.966 INFO             PET3      valid MPI_COMM with size=           4
20220930 015422.966 INFO             PET3     driver - Creating state: modelComp 1 Import State
20220930 015422.967 INFO             PET3     driver - Creating state: modelComp 1 Export State
20220930 015422.967 INFO             PET3     MODEL: InitializeP0 intro.
20220930 015422.967 INFO             PET3       >>>MODEL: entered Initialize (phase=<none>) without valid internal Clock.
20220930 015422.969 INFO             PET3       <<<MODEL: leaving Initialize (phase=<none>) without valid internal Clock.
20220930 015422.969 INFO             PET3     MODEL: InitializeP0 extro.
20220930 015422.972 INFO             PET3     driver: IInitAdvertise intro.
20220930 015422.972 INFO             PET3     driver: IInitAdvertise extro.
20220930 015422.972 INFO             PET3     MODEL: InitializeIPDvXp01 intro.
20220930 015422.972 INFO             PET3       >>>MODEL: entered Initialize (phase=IPDvXp01) without valid internal Clock.
20220930 015422.974 INFO             PET3       <<<MODEL: leaving Initialize (phase=IPDvXp01) without valid internal Clock.
20220930 015422.974 INFO             PET3     MODEL: InitializeIPDvXp01 extro.
20220930 015422.975 INFO             PET3     driver: IInitAdvertiseFinish intro.
20220930 015422.975 INFO             PET3     driver: IInitAdvertiseFinish extro.
20220930 015422.975 INFO             PET3     driver: IInitModifyCplLists intro.
20220930 015422.975 INFO             PET3     driver: IInitModifyCplLists extro.
20220930 015422.975 INFO             PET3     <<<driver: leaving Initialize (phase=<none>) with current time:    0  1  1  0  0  0   0
20220930 015422.975 INFO             PET3   driver: InitializeIPDv02p1 extro.
20220930 015422.975 INFO             PET3   driver: InitializeIPDv02p3 intro.
20220930 015422.976 INFO             PET3     >>>driver: entered Initialize (phase=<none>) with current time:    0  1  1  0  0  0   0
20220930 015422.976 INFO             PET3     driver: IInitCheck intro.
20220930 015422.976 INFO             PET3     driver: IInitCheck extro.
20220930 015422.976 INFO             PET3     MODEL: InitializeIPDvXp04 intro.
20220930 015422.976 INFO             PET3       >>>MODEL: entered Initialize (phase=IPDvXp04) without valid internal Clock.
20220930 015422.980 INFO             PET3       After Realize: - MemInfo: [/proc/meminfo - SSI]	MemTotal:       131394444 kB
20220930 015422.980 INFO             PET3       After Realize: - MemInfo: [/proc/meminfo - SSI]	MemFree:        126796448 kB
20220930 015422.980 INFO             PET3       After Realize: - MemInfo: [/proc/meminfo - SSI]	MemAvailable:   126363392 kB
20220930 015422.980 INFO             PET3       After Realize: - MemInfo: [/proc/meminfo - SSI]	Committed_AS:    3499092 kB
20220930 015422.980 INFO             PET3       After Realize: - MemInfo: [/proc/meminfo - SSI]	CommittedPercent: 2.66304 %
20220930 015422.980 INFO             PET3       After Realize: - MemInfo: [/proc/self/status]	VmPeak:	 3747584 kB
20220930 015422.980 INFO             PET3       After Realize: - MemInfo: [/proc/self/status]	VmSize:	 3716400 kB
20220930 015422.980 INFO             PET3       After Realize: - MemInfo: [/proc/self/status]	VmLck:	       0 kB
20220930 015422.980 INFO             PET3       After Realize: - MemInfo: [/proc/self/status]	VmPin:	   82140 kB
20220930 015422.980 INFO             PET3       After Realize: - MemInfo: [/proc/self/status]	VmHWM:	  150776 kB
20220930 015422.980 INFO             PET3       After Realize: - MemInfo: [/proc/self/status]	VmRSS:	  150776 kB
20220930 015422.980 INFO             PET3       After Realize: - MemInfo: [/proc/self/status]	VmData:	  234124 kB
20220930 015422.980 INFO             PET3       After Realize: - MemInfo: [/proc/self/status]	VmStk:	     152 kB
20220930 015422.980 INFO             PET3       After Realize: - MemInfo: [/proc/self/status]	VmExe:	      20 kB
20220930 015422.980 INFO             PET3       After Realize: - MemInfo: [/proc/self/status]	VmLib:	   77064 kB
20220930 015422.980 INFO             PET3       After Realize: - MemInfo: [/proc/self/status]	VmPTE:	     664 kB
20220930 015422.980 INFO             PET3       After Realize: - MemInfo: [/proc/self/status]	VmPMD:	      32 kB
20220930 015422.980 INFO             PET3       After Realize: - MemInfo: [/proc/self/status]	VmSwap:	       0 kB
20220930 015422.980 INFO             PET3       After Realize: - MemInfo: [/proc/self/status]	VmRSSPercent: 0.114751 %
20220930 015422.980 INFO             PET3       After Realize: - MemInfo: [malloc] Non-mmapped space allocated:                25563136 Byte
20220930 015422.980 INFO             PET3       After Realize: - MemInfo: [malloc] Space allocated in mmapped regions:         64106496 Byte
20220930 015422.980 INFO             PET3       After Realize: - MemInfo: [malloc] Maximum total allocated space:                     0 Byte
20220930 015422.980 INFO             PET3       After Realize: - MemInfo: [malloc] Space in freed fastbin blocks:                  2176 Byte
20220930 015422.980 INFO             PET3       After Realize: - MemInfo: [malloc] Total allocated space:                      23251424 Byte
20220930 015422.980 INFO             PET3       After Realize: - MemInfo: [malloc] Total free space:                            2311712 Byte
20220930 015422.980 INFO             PET3       After Realize: - MemInfo: [malloc] Top-most, releasable space:                    78944 Byte
20220930 015422.980 INFO             PET3       After Realize: - MemInfo: [malloc] Total space in use, mmap + non-mmap:        87357920 Byte
20220930 015422.980 INFO             PET3       After Realize: - MemInfo: [malloc] Total space held (mmap + non-mmap):         89669632 Byte
20220930 015422.980 INFO             PET3       After Realize: - MemInfo: [malloc] Total space used (mmap + non-mmap):         87367104 Byte
20220930 015422.980 INFO             PET3       After Realize: - MemInfo: Wall-clock time since execution start:              0.0361263 seconds
20220930 015422.980 INFO             PET3       <<<MODEL: leaving Initialize (phase=IPDvXp04) without valid internal Clock.
20220930 015422.980 INFO             PET3     MODEL: InitializeIPDvXp04 extro.
20220930 015422.981 INFO             PET3     driver: IInitRealize intro.
20220930 015422.981 INFO             PET3     driver: IInitRealize extro.
20220930 015422.981 INFO             PET3     MODEL: InitializeIPDvXp07 intro.
20220930 015422.981 INFO             PET3       >>>MODEL: entered Initialize (phase=IPDvXp07) without valid internal Clock.
20220930 015422.982 INFO             PET3       <<<MODEL: leaving Initialize (phase=IPDvXp07) with current time:    0  1  1  0  0  0   0
20220930 015422.982 INFO             PET3     MODEL: InitializeIPDvXp07 extro.
20220930 015422.982 INFO             PET3     <<<driver: leaving Initialize (phase=<none>) with current time:    0  1  1  0  0  0   0
20220930 015422.982 INFO             PET3   driver: InitializeIPDv02p3 extro.
20220930 015422.982 INFO             PET3   driver: InitializeIPDv02p5 intro.
20220930 015422.982 INFO             PET3     >>>driver: entered Initialize (phase=<none>) with current time:    0  1  1  0  0  0   0
20220930 015422.982 INFO             PET3     driver: this is a top level driver, no 'Updated' and 'InitializeDataComplete' info on this level.
20220930 015422.982 INFO             PET3     driver: InitializeIPDv02p5Data intro.
20220930 015422.983 INFO             PET3       driver: InternalInitializeComplete intro.
20220930 015422.983 INFO             PET3         driver: InitializeDataComplete='true'
20220930 015422.983 INFO             PET3       driver: InternalInitializeComplete extro.
20220930 015422.983 INFO             PET3       MODEL: InitializeIPDvXp08 intro.
20220930 015422.983 INFO             PET3         >>>MODEL: entered Initialize (phase=IPDv05p8) with current time:    0  1  1  0  0  0   0
20220930 015422.983 INFO             PET3         MODEL: InitializeDataProgress='false', InitializeDataComplete='false'
20220930 015422.983 INFO             PET3         <<<MODEL: leaving Initialize (phase=IPDv05p8) with current time:    0  1  1  0  0  0   0
20220930 015422.983 INFO             PET3       MODEL: InitializeIPDvXp08 extro.
20220930 015422.986 INFO             PET3       driver: components present that trigger loopDataDependentInitialize().
20220930 015422.986 INFO             PET3       driver: loopDataDependentInitialize intro.
20220930 015422.986 INFO             PET3         driver: component    0=driver, dataComplete (local): true
20220930 015422.986 INFO             PET3         driver: component    0=driver, dataComplete (global): T
20220930 015422.987 INFO             PET3         driver: component    1=MODEL, dataComplete (local): false
20220930 015422.987 INFO             PET3         driver: component    1=MODEL, dataComplete (global): F
20220930 015422.987 INFO             PET3         MODEL: InitializeIPDvXp08 intro.
20220930 015422.987 INFO             PET3           >>>MODEL: entered Initialize (phase=IPDv05p8) with current time:    0  1  1  0  0  0   0
20220930 015422.987 INFO             PET3           MODEL: InitializeDataProgress='true', InitializeDataComplete='true'
20220930 015422.987 INFO             PET3           <<<MODEL: leaving Initialize (phase=IPDv05p8) with current time:    0  1  1  0  0  0   0
20220930 015422.987 INFO             PET3         MODEL: InitializeIPDvXp08 extro.
20220930 015422.988 INFO             PET3         driver: component    1=MODEL, someProgress (local): true
20220930 015422.988 INFO             PET3         driver: component    1=MODEL, someProgress (global): T
20220930 015422.988 INFO             PET3         driver: someProgress=T, allComplete=F, present(dataDepAllComplete)=T
20220930 015422.988 INFO             PET3         driver: component    0=driver, dataComplete (local): true
20220930 015422.988 INFO             PET3         driver: component    0=driver, dataComplete (global): T
20220930 015422.988 INFO             PET3         driver: component    1=MODEL, dataComplete (local): true
20220930 015422.988 INFO             PET3         driver: component    1=MODEL, dataComplete (global): T
20220930 015422.988 INFO             PET3         driver: someProgress=F, allComplete=T, present(dataDepAllComplete)=T
20220930 015422.988 INFO             PET3         driver: finished resolving initialize data dependencies on this level.
20220930 015422.988 INFO             PET3       driver: loopDataDependentInitialize extro.
20220930 015422.988 INFO             PET3       driver: loopDataDependentInitialize() returned with dataDepAllComplete: T
20220930 015422.988 INFO             PET3     driver: InitializeIPDv02p5Data extro.
20220930 015422.988 INFO             PET3     <<<driver: leaving Initialize (phase=<none>) with current time:    0  1  1  0  0  0   0
20220930 015422.988 INFO             PET3   driver: InitializeIPDv02p5 extro.
20220930 015422.988 INFO             PET3 driver: InitializeGeneric extro.
20220930 015422.988 INFO             PET3 driver: Run intro.
20220930 015422.988 INFO             PET3   >>>driver entered Run (phase=RunPhase1) with current time:    0  1  1  0  0  0   0
20220930 015422.988 INFO             PET3   driver: after lable_SetRunClock, current time:    0  1  1  0  0  0   0
20220930 015422.989 INFO             PET3   driver: begin -------> RunSequence.
20220930 015422.989 INFO             PET3     driver: RunSequence event loopLevel=   1  levelMember=   1  loopIteration=   1, current time:    0  1  1  0  0  0   0
20220930 015422.989 INFO             PET3     MODEL: Run intro.
20220930 015422.989 INFO             PET3       >>>MODEL: entered Run (phase=RunPhase1) with current time:    0  1  1  0  0  0   0
20220930 015422.989 INFO             PET3       MODEL: time step-loop starting, current time:    0  1  1  0  0  0   0
20220930 015422.990 INFO             PET3       thread_num=   0   currentSsiPe=  27   num_threads=   3   max_threads=   3   num_procs=   7
20220930 015422.990 INFO             PET3       thread_num=   1   currentSsiPe=  21   num_threads=   3   max_threads=   3   num_procs=   7
20220930 015422.992 INFO             PET3       thread_num=   2   currentSsiPe=  21   num_threads=   3   max_threads=   3   num_procs=   7
20220930 015422.992 INFO             PET3       ---->Advancing Model from:    0  1  1  0  0  0   0
20220930 015422.992 INFO             PET3       ---------------------> to:    0  1  1  0  0 30   0
20220930 015422.992 INFO             PET3       MODEL: time step-loop ending,   current time:    0  1  1  0  0 30   0
20220930 015422.992 INFO             PET3       <<<MODEL: leaving Run (phase=RunPhase1) with current time:    0  1  1  0  0 30   0
20220930 015422.992 INFO             PET3     MODEL: Run extro.
20220930 015422.992 INFO             PET3     driver: RunSequence event loopLevel=   1  levelMember=   1  loopIteration=   2, current time:    0  1  1  0  0 30   0
20220930 015422.992 INFO             PET3     MODEL: Run intro.
20220930 015422.992 INFO             PET3       >>>MODEL: entered Run (phase=RunPhase1) with current time:    0  1  1  0  0 30   0
20220930 015422.992 INFO             PET3       MODEL: time step-loop starting, current time:    0  1  1  0  0 30   0
20220930 015422.993 INFO             PET3       thread_num=   0   currentSsiPe=  27   num_threads=   3   max_threads=   3   num_procs=   7
20220930 015422.993 INFO             PET3       thread_num=   1   currentSsiPe=  21   num_threads=   3   max_threads=   3   num_procs=   7
20220930 015422.995 INFO             PET3       thread_num=   2   currentSsiPe=  21   num_threads=   3   max_threads=   3   num_procs=   7
20220930 015422.995 INFO             PET3       ---->Advancing Model from:    0  1  1  0  0 30   0
20220930 015422.995 INFO             PET3       ---------------------> to:    0  1  1  0  1  0   0
20220930 015422.995 INFO             PET3       MODEL: time step-loop ending,   current time:    0  1  1  0  1  0   0
20220930 015422.995 INFO             PET3       <<<MODEL: leaving Run (phase=RunPhase1) with current time:    0  1  1  0  1  0   0
20220930 015422.995 INFO             PET3     MODEL: Run extro.
20220930 015422.995 INFO             PET3     driver: RunSequence event loopLevel=   1  levelMember=   1  loopIteration=   3, current time:    0  1  1  0  1  0   0
20220930 015422.995 INFO             PET3     MODEL: Run intro.
20220930 015422.995 INFO             PET3       >>>MODEL: entered Run (phase=RunPhase1) with current time:    0  1  1  0  1  0   0
20220930 015422.995 INFO             PET3       MODEL: time step-loop starting, current time:    0  1  1  0  1  0   0
20220930 015422.996 INFO             PET3       thread_num=   0   currentSsiPe=  27   num_threads=   3   max_threads=   3   num_procs=   7
20220930 015422.996 INFO             PET3       thread_num=   1   currentSsiPe=  21   num_threads=   3   max_threads=   3   num_procs=   7
20220930 015422.997 INFO             PET3       thread_num=   2   currentSsiPe=  21   num_threads=   3   max_threads=   3   num_procs=   7
20220930 015422.997 INFO             PET3       ---->Advancing Model from:    0  1  1  0  1  0   0
20220930 015422.997 INFO             PET3       ---------------------> to:    0  1  1  0  1 30   0
20220930 015422.997 INFO             PET3       MODEL: time step-loop ending,   current time:    0  1  1  0  1 30   0
20220930 015422.997 INFO             PET3       <<<MODEL: leaving Run (phase=RunPhase1) with current time:    0  1  1  0  1 30   0
20220930 015422.997 INFO             PET3     MODEL: Run extro.
20220930 015422.997 INFO             PET3     driver: RunSequence event loopLevel=   1  levelMember=   1  loopIteration=   4, current time:    0  1  1  0  1 30   0
20220930 015422.997 INFO             PET3     MODEL: Run intro.
20220930 015422.998 INFO             PET3       >>>MODEL: entered Run (phase=RunPhase1) with current time:    0  1  1  0  1 30   0
20220930 015422.998 INFO             PET3       MODEL: time step-loop starting, current time:    0  1  1  0  1 30   0
20220930 015422.999 INFO             PET3       thread_num=   0   currentSsiPe=  27   num_threads=   3   max_threads=   3   num_procs=   7
20220930 015422.999 INFO             PET3       thread_num=   1   currentSsiPe=  21   num_threads=   3   max_threads=   3   num_procs=   7
20220930 015423.000 INFO             PET3       thread_num=   2   currentSsiPe=  21   num_threads=   3   max_threads=   3   num_procs=   7
20220930 015423.000 INFO             PET3       ---->Advancing Model from:    0  1  1  0  1 30   0
20220930 015423.000 INFO             PET3       ---------------------> to:    0  1  1  0  2  0   0
20220930 015423.000 INFO             PET3       MODEL: time step-loop ending,   current time:    0  1  1  0  2  0   0
20220930 015423.000 INFO             PET3       <<<MODEL: leaving Run (phase=RunPhase1) with current time:    0  1  1  0  2  0   0
20220930 015423.000 INFO             PET3     MODEL: Run extro.
20220930 015423.000 INFO             PET3     driver: RunSequence event loopLevel=   1  levelMember=   1  loopIteration=   5, current time:    0  1  1  0  2  0   0
20220930 015423.000 INFO             PET3     MODEL: Run intro.
20220930 015423.000 INFO             PET3       >>>MODEL: entered Run (phase=RunPhase1) with current time:    0  1  1  0  2  0   0
20220930 015423.000 INFO             PET3       MODEL: time step-loop starting, current time:    0  1  1  0  2  0   0
20220930 015423.001 INFO             PET3       thread_num=   0   currentSsiPe=  27   num_threads=   3   max_threads=   3   num_procs=   7
20220930 015423.001 INFO             PET3       thread_num=   1   currentSsiPe=  21   num_threads=   3   max_threads=   3   num_procs=   7
20220930 015423.003 INFO             PET3       thread_num=   2   currentSsiPe=  21   num_threads=   3   max_threads=   3   num_procs=   7
20220930 015423.003 INFO             PET3       ---->Advancing Model from:    0  1  1  0  2  0   0
20220930 015423.003 INFO             PET3       ---------------------> to:    0  1  1  0  2 30   0
20220930 015423.003 INFO             PET3       MODEL: time step-loop ending,   current time:    0  1  1  0  2 30   0
20220930 015423.003 INFO             PET3       <<<MODEL: leaving Run (phase=RunPhase1) with current time:    0  1  1  0  2 30   0
20220930 015423.003 INFO             PET3     MODEL: Run extro.
20220930 015423.003 INFO             PET3   driver: end <--------- RunSequence
20220930 015423.003 INFO             PET3   <<<driver - leaving Run with current time:    0  1  1  0  2 30   0
20220930 015423.003 INFO             PET3 driver: Run extro.
20220930 015423.003 INFO             PET3 driver: Finalize intro.
20220930 015423.003 INFO             PET3   Calling Finalize phase 1 for modelComp: MODEL
20220930 015423.003 INFO             PET3   MODEL: Finalize intro.
20220930 015423.003 INFO             PET3     >>>MODEL: entered Finalize (phase=FinalizePhase1) with current time:    0  1  1  0  2 30   0
20220930 015423.003 INFO             PET3     <<<MODEL: leaving Finalize (phase=FinalizePhase1) with current time:    0  1  1  0  2 30   0
20220930 015423.003 INFO             PET3   MODEL: Finalize extro.
20220930 015423.003 INFO             PET3   Delete modelComp: MODEL
20220930 015423.003 INFO             PET3   Delete Import-/Export State for modelComp: MODEL
20220930 015423.003 INFO             PET3 driver: Finalize extro.
20220930 015423.003 INFO             PET3 mainApp FINISHED
20220930 015423.003 INFO             PET3 Finalizing ESMF
