Processing /glade/scratch/theurich/ESMF-Nightly-Testing/gfortran_10.1.0_mpt_O_release_8.4.0/esmf/src/addon/esmpy
  Installing build dependencies: started
  Installing build dependencies: finished with status 'done'
  Getting requirements to build wheel: started
  Getting requirements to build wheel: finished with status 'done'
    Preparing wheel metadata: started
    Preparing wheel metadata: finished with status 'done'
Collecting importlib-metadata; python_version < "3.8"
  Using cached importlib_metadata-5.0.0-py3-none-any.whl (21 kB)
Collecting pytest-json-report
  Using cached pytest_json_report-1.5.0-py3-none-any.whl (13 kB)
Collecting numpy
  Using cached numpy-1.21.6-cp37-cp37m-manylinux_2_12_x86_64.manylinux2010_x86_64.whl (15.7 MB)
Collecting zipp>=0.5
  Using cached zipp-3.9.0-py3-none-any.whl (5.8 kB)
Collecting typing-extensions>=3.6.4; python_version < "3.8"
  Using cached typing_extensions-4.4.0-py3-none-any.whl (26 kB)
Collecting pytest-metadata
  Using cached pytest_metadata-2.0.2-py3-none-any.whl (9.9 kB)
Collecting pytest>=3.8.0
  Using cached pytest-7.1.3-py3-none-any.whl (298 kB)
Collecting tomli>=1.0.0
  Using cached tomli-2.0.1-py3-none-any.whl (12 kB)
Collecting packaging
  Using cached packaging-21.3-py3-none-any.whl (40 kB)
Collecting iniconfig
  Using cached iniconfig-1.1.1-py2.py3-none-any.whl (5.0 kB)
Collecting py>=1.8.2
  Using cached py-1.11.0-py2.py3-none-any.whl (98 kB)
Collecting attrs>=19.2.0
  Using cached attrs-22.1.0-py2.py3-none-any.whl (58 kB)
Collecting pluggy<2.0,>=0.12
  Using cached pluggy-1.0.0-py2.py3-none-any.whl (13 kB)
Collecting pyparsing!=3.0.5,>=2.0.2
  Using cached pyparsing-3.0.9-py3-none-any.whl (98 kB)
Building wheels for collected packages: esmpy
  Building wheel for esmpy (PEP 517): started
  Building wheel for esmpy (PEP 517): finished with status 'done'
  Created wheel for esmpy: filename=esmpy-8.4.0-py3-none-any.whl size=120399 sha256=c3811ed72b3e1ee13da62e5b53dd80dbb15f473277580acae8f26c440a47f5b9
  Stored in directory: /glade/scratch/theurich/pip-ephem-wheel-cache-m5czsi2l/wheels/f8/79/d8/00cbbf639d1ac8b0b72c3af13cbc552db28dfb6ca966b2367d
Successfully built esmpy
Installing collected packages: zipp, typing-extensions, importlib-metadata, tomli, pyparsing, packaging, iniconfig, py, attrs, pluggy, pytest, pytest-metadata, pytest-json-report, numpy, esmpy
Successfully installed attrs-22.1.0 esmpy-8.4.0 importlib-metadata-5.0.0 iniconfig-1.1.1 numpy-1.21.6 packaging-21.3 pluggy-1.0.0 py-1.11.0 pyparsing-3.0.9 pytest-7.1.3 pytest-json-report-1.5.0 pytest-metadata-2.0.2 tomli-2.0.1 typing-extensions-4.4.0 zipp-3.9.0
WARNING: You are using pip version 20.1.1; however, version 22.3 is available.
You should consider upgrading via the '/glade/scratch/theurich/ESMF-Nightly-Testing/gfortran_10.1.0_mpt_O_release_8.4.0/esmpy_venv/bin/python3 -m pip install --upgrade pip' command.
