2022-10-20 06:35:20
20221020 065717.100 INFO             PET0 !!!!!!!!!!!!!!!!!!!!!!!!!!!!!!!!!!!!!!!!!!!!!!!!!!!!!!
20221020 065717.100 INFO             PET0 !!! THE ESMF_LOG IS SET TO OUTPUT ALL LOG MESSAGES !!!
20221020 065717.100 INFO             PET0 !!!     THIS MAY CAUSE SLOWDOWN IN PERFORMANCE     !!!
20221020 065717.100 INFO             PET0 !!! FOR PRODUCTION RUNS, USE:                      !!!
20221020 065717.100 INFO             PET0 !!!                   ESMF_LOGKIND_Multi_On_Error  !!!
20221020 065717.100 INFO             PET0 !!!!!!!!!!!!!!!!!!!!!!!!!!!!!!!!!!!!!!!!!!!!!!!!!!!!!!
20221020 065717.100 INFO             PET0 Running with ESMF Version   : v8.5.0b01-1-g0d4b70eafd
20221020 065717.100 INFO             PET0 ESMF library build date/time: "Oct 20 2022" "06:34:14"
20221020 065717.100 INFO             PET0 ESMF library build location : /scratch2/NCEPDEV/stmp1/Gerhard.Theurich/ESMF-Nightly-Testing/gfortran_9.2.0a_mpiuni_g_develop/esmf
20221020 065717.100 INFO             PET0 ESMF_COMM                   : mpiuni
20221020 065717.101 INFO             PET0 ESMF_MOAB                   : enabled
20221020 065717.101 INFO             PET0 ESMF_LAPACK                 : enabled
20221020 065717.101 INFO             PET0 ESMF_NETCDF                 : enabled
20221020 065717.101 INFO             PET0 ESMF_PNETCDF                : disabled
20221020 065717.101 INFO             PET0 ESMF_PIO                    : disabled
20221020 065717.101 INFO             PET0 ESMF_YAMLCPP                : enabled
20221020 065717.107 INFO             PET0 ESMF_FieldRedistStoreNF(): Just entered routine.
20221020 065717.627 INFO             PET0 ESMF_FieldRedistStoreNF(): Leaving routine.
20221020 065717.641 INFO             PET0  NUMBER_OF_PROCESSORS           1
20221020 065717.641 INFO             PET0  PASS  Example ESMF_RHandleFromFileEx, ESMF_RHandleFromFileEx.F90, line 192
20221020 065717.641 INFO             PET0 Finalizing ESMF
