2022-10-18 06:34:25
20221018 065015.347 INFO             PET0 !!!!!!!!!!!!!!!!!!!!!!!!!!!!!!!!!!!!!!!!!!!!!!!!!!!!!!
20221018 065015.347 INFO             PET0 !!! THE ESMF_LOG IS SET TO OUTPUT ALL LOG MESSAGES !!!
20221018 065015.347 INFO             PET0 !!!     THIS MAY CAUSE SLOWDOWN IN PERFORMANCE     !!!
20221018 065015.347 INFO             PET0 !!! FOR PRODUCTION RUNS, USE:                      !!!
20221018 065015.347 INFO             PET0 !!!                   ESMF_LOGKIND_Multi_On_Error  !!!
20221018 065015.347 INFO             PET0 !!!!!!!!!!!!!!!!!!!!!!!!!!!!!!!!!!!!!!!!!!!!!!!!!!!!!!
20221018 065015.347 INFO             PET0 Running with ESMF Version   : v8.4.0b20
20221018 065015.347 INFO             PET0 ESMF library build date/time: "Oct 18 2022" "06:33:34"
20221018 065015.347 INFO             PET0 ESMF library build location : /scratch2/NCEPDEV/stmp1/Gerhard.Theurich/ESMF-Nightly-Testing/gfortran_9.2.0a_mpiuni_O_release_8.4.0/esmf
20221018 065015.347 INFO             PET0 ESMF_COMM                   : mpiuni
20221018 065015.348 INFO             PET0 ESMF_MOAB                   : enabled
20221018 065015.348 INFO             PET0 ESMF_LAPACK                 : enabled
20221018 065015.348 INFO             PET0 ESMF_NETCDF                 : enabled
20221018 065015.348 INFO             PET0 ESMF_PNETCDF                : disabled
20221018 065015.348 INFO             PET0 ESMF_PIO                    : disabled
20221018 065015.348 INFO             PET0 ESMF_YAMLCPP                : enabled
20221018 065015.350 INFO             PET0 ESMF_FieldRedistStoreNF(): Just entered routine.
20221018 065015.450 INFO             PET0 ESMF_FieldRedistStoreNF(): Leaving routine.
20221018 065015.464 INFO             PET0  NUMBER_OF_PROCESSORS           1
20221018 065015.464 INFO             PET0  PASS  Example ESMF_RHandleFromFileEx, ESMF_RHandleFromFileEx.F90, line 192
20221018 065015.464 INFO             PET0 Finalizing ESMF
