2022-10-27 02:53:10
[1666859622.510826] [Orion-09-47:5595 :0]       ib_verbs.h:84   UCX  ERROR ibv_exp_query_device(mlx5_0) returned 38: No space left on device
[1666859622.510879] [Orion-09-47:5593 :0]       ib_verbs.h:84   UCX  ERROR ibv_exp_query_device(mlx5_0) returned 38: No space left on device
[1666859622.515120] [Orion-09-47:5596 :0]       ib_verbs.h:84   UCX  ERROR ibv_exp_query_device(mlx5_0) returned 38: No space left on device
[1666859622.515154] [Orion-09-47:5594 :0]       ib_verbs.h:84   UCX  ERROR ibv_exp_query_device(mlx5_0) returned 38: No space left on device
 data array1:
           0  array1:            1
           0  array1:            2
 data array1:
           1  array1:          101
           1  array1:          102
 data array1:
           2  array1:          201
           2  array1:          202
 data array1:
           3  array1:          301
           3  array1:          302
 Global sum:
           0  result:         1212
 Global sum:
           1  result:         1212
 Global sum:
           2  result:         1212
 Global sum:
           3  result:         1212
  PASS  Example ESMF_VMAllFullReduceEx, ESMF_VMAllFullReduceEx.F90, line 113
  PASS  Example ESMF_VMAllFullReduceEx, ESMF_VMAllFullReduceEx.F90, line 113
  PASS  Example ESMF_VMAllFullReduceEx, ESMF_VMAllFullReduceEx.F90, line 113
  PASS  Example ESMF_VMAllFullReduceEx, ESMF_VMAllFullReduceEx.F90, line 113
 PASS: ESMF_VMAllFullReduceEx.F90
 PASS: ESMF_VMAllFullReduceEx.F90
 PASS: ESMF_VMAllFullReduceEx.F90
 PASS: ESMF_VMAllFullReduceEx.F90
