2022-10-20 02:38:47
20221020 025646.529 INFO             PET0 !!!!!!!!!!!!!!!!!!!!!!!!!!!!!!!!!!!!!!!!!!!!!!!!!!!!!!
20221020 025646.529 INFO             PET0 !!! THE ESMF_LOG IS SET TO OUTPUT ALL LOG MESSAGES !!!
20221020 025646.529 INFO             PET0 !!!     THIS MAY CAUSE SLOWDOWN IN PERFORMANCE     !!!
20221020 025646.529 INFO             PET0 !!! FOR PRODUCTION RUNS, USE:                      !!!
20221020 025646.529 INFO             PET0 !!!                   ESMF_LOGKIND_Multi_On_Error  !!!
20221020 025646.529 INFO             PET0 !!!!!!!!!!!!!!!!!!!!!!!!!!!!!!!!!!!!!!!!!!!!!!!!!!!!!!
20221020 025646.529 INFO             PET0 Running with ESMF Version   : v8.5.0b01-1-g0d4b70eafd
20221020 025646.530 INFO             PET0 ESMF library build date/time: "Oct 20 2022" "02:37:37"
20221020 025646.530 INFO             PET0 ESMF library build location : /home/mpotts/esmf-tests/intel_2021.2_intelmpi_g_develop/esmf
20221020 025646.530 INFO             PET0 ESMF_COMM                   : intelmpi
20221020 025646.530 INFO             PET0 ESMF_MOAB                   : enabled
20221020 025646.530 INFO             PET0 ESMF_LAPACK                 : enabled
20221020 025646.530 INFO             PET0 ESMF_NETCDF                 : enabled
20221020 025646.530 INFO             PET0 ESMF_PNETCDF                : disabled
20221020 025646.530 INFO             PET0 ESMF_PIO                    : enabled
20221020 025646.530 INFO             PET0 ESMF_YAMLCPP                : enabled
20221020 025646.533 INFO             PET0  NUMBER_OF_PROCESSORS           1
20221020 025646.533 INFO             PET0  PASS  Example ESMF_AlarmEx, ESMF_AlarmEx.F90, line 244
20221020 025646.533 INFO             PET0 Finalizing ESMF
