2022-10-09 02:07:23
20221009 022513.090 INFO             PET0 !!!!!!!!!!!!!!!!!!!!!!!!!!!!!!!!!!!!!!!!!!!!!!!!!!!!!!
20221009 022513.090 INFO             PET0 !!! THE ESMF_LOG IS SET TO OUTPUT ALL LOG MESSAGES !!!
20221009 022513.090 INFO             PET0 !!!     THIS MAY CAUSE SLOWDOWN IN PERFORMANCE     !!!
20221009 022513.090 INFO             PET0 !!! FOR PRODUCTION RUNS, USE:                      !!!
20221009 022513.090 INFO             PET0 !!!                   ESMF_LOGKIND_Multi_On_Error  !!!
20221009 022513.090 INFO             PET0 !!!!!!!!!!!!!!!!!!!!!!!!!!!!!!!!!!!!!!!!!!!!!!!!!!!!!!
20221009 022513.090 INFO             PET0 Running with ESMF Version   : v8.4.0b18-4-g95e3a6c69e
20221009 022513.090 INFO             PET0 ESMF library build date/time: "Oct  9 2022" "02:06:13"
20221009 022513.090 INFO             PET0 ESMF library build location : /home/mpotts/esmf-tests/intel_2021.2_intelmpi_g_develop/esmf
20221009 022513.090 INFO             PET0 ESMF_COMM                   : intelmpi
20221009 022513.091 INFO             PET0 ESMF_MOAB                   : enabled
20221009 022513.091 INFO             PET0 ESMF_LAPACK                 : enabled
20221009 022513.091 INFO             PET0 ESMF_NETCDF                 : enabled
20221009 022513.091 INFO             PET0 ESMF_PNETCDF                : disabled
20221009 022513.091 INFO             PET0 ESMF_PIO                    : enabled
20221009 022513.091 INFO             PET0 ESMF_YAMLCPP                : enabled
20221009 022513.091 INFO             PET0  NUMBER_OF_PROCESSORS           1
20221009 022513.091 INFO             PET0  PASS  Example ESMF_TimeIntervalEx, ESMF_TimeIntervalEx.F90, line 176
20221009 022513.091 INFO             PET0 Finalizing ESMF
