2022-09-30 07:44:08
20220930 085633.518 INFO             PET0 !!!!!!!!!!!!!!!!!!!!!!!!!!!!!!!!!!!!!!!!!!!!!!!!!!!!!!
20220930 085633.518 INFO             PET0 !!! THE ESMF_LOG IS SET TO OUTPUT ALL LOG MESSAGES !!!
20220930 085633.518 INFO             PET0 !!!     THIS MAY CAUSE SLOWDOWN IN PERFORMANCE     !!!
20220930 085633.518 INFO             PET0 !!! FOR PRODUCTION RUNS, USE:                      !!!
20220930 085633.518 INFO             PET0 !!!                   ESMF_LOGKIND_Multi_On_Error  !!!
20220930 085633.518 INFO             PET0 !!!!!!!!!!!!!!!!!!!!!!!!!!!!!!!!!!!!!!!!!!!!!!!!!!!!!!
20220930 085633.518 INFO             PET0 Running with ESMF Version   : v8.4.0b15-7-gae8efd6d7f
20220930 085633.518 INFO             PET0 ESMF library build date/time: "Sep 30 2022" "07:40:54"
20220930 085633.518 INFO             PET0 ESMF library build location : /glade/scratch/dunlap/esmf-testing/nvhpc_21.11_openmpi_g_develop/esmf
20220930 085633.518 INFO             PET0 ESMF_COMM                   : openmpi
20220930 085633.518 INFO             PET0 ESMF_MOAB                   : enabled
20220930 085633.518 INFO             PET0 ESMF_LAPACK                 : enabled
20220930 085633.518 INFO             PET0 ESMF_NETCDF                 : enabled
20220930 085633.518 INFO             PET0 ESMF_PNETCDF                : disabled
20220930 085633.518 INFO             PET0 ESMF_PIO                    : enabled
20220930 085633.518 INFO             PET0 ESMF_YAMLCPP                : enabled
20220930 085633.518 INFO             PET0 esmApp STARTING
20220930 085633.525 INFO             PET0 esm: InitializeGeneric intro.
20220930 085633.525 INFO             PET0   esm: InitializeP0 intro.
20220930 085633.525 INFO             PET0   esm: InitializeP0 extro.
20220930 085633.525 INFO             PET0   esm: InitializeIPDv02p1 intro.
20220930 085633.525 INFO             PET0     >>>esm: entered Initialize (phase=<none>) without valid internal Clock.
20220930 085633.527 INFO             PET0     esm - Creating model component ATM without petList.
20220930 085633.532 INFO             PET0     esm - Creating model component OCN without petList.
20220930 085633.536 INFO             PET0     esm - Creating connector component ATM-TO-OCN without petList.
20220930 085633.545 INFO             PET0     esm - Creating connector component OCN-TO-ATM without petList.
20220930 085633.555 INFO             PET0     esm - Creating state: modelComp 1 Import State
20220930 085633.555 INFO             PET0     esm - Creating state: modelComp 1 Export State
20220930 085633.555 INFO             PET0     esm - Creating state: modelComp 2 Import State
20220930 085633.555 INFO             PET0     esm - Creating state: modelComp 2 Export State
20220930 085633.557 INFO             PET0     ATM: InitializeP0 intro.
20220930 085633.558 INFO             PET0     ATM: InitializeP0 extro.
20220930 085633.560 INFO             PET0     OCN: InitializeP0 intro.
20220930 085633.562 INFO             PET0     OCN: InitializeP0 extro.
20220930 085633.563 INFO             PET0     ATM-TO-OCN: InitializeP0 intro.
20220930 085633.563 INFO             PET0     ATM-TO-OCN: InitializeP0 extro.
20220930 085633.564 INFO             PET0     OCN-TO-ATM: InitializeP0 intro.
20220930 085633.565 INFO             PET0     OCN-TO-ATM: InitializeP0 extro.
20220930 085633.567 INFO             PET0     esm: IInitAdvertise intro.
20220930 085633.567 INFO             PET0     esm: IInitAdvertise extro.
20220930 085633.567 INFO             PET0     ATM: InitializeIPDvXp01 intro.
20220930 085633.571 INFO             PET0     ATM: InitializeIPDvXp01 extro.
20220930 085633.572 INFO             PET0     OCN: InitializeIPDvXp01 intro.
20220930 085633.576 INFO             PET0     OCN: InitializeIPDvXp01 extro.
20220930 085633.577 INFO             PET0     ATM-TO-OCN: InitializeIPDv05p1 intro.
20220930 085633.591 INFO             PET0     ATM-TO-OCN: InitializeIPDv05p1 extro.
20220930 085633.591 INFO             PET0     OCN-TO-ATM: InitializeIPDv05p1 intro.
20220930 085633.595 INFO             PET0     OCN-TO-ATM: InitializeIPDv05p1 extro.
20220930 085633.596 INFO             PET0     esm: IInitAdvertiseFinish intro.
20220930 085633.596 INFO             PET0     esm: IInitAdvertiseFinish extro.
20220930 085633.596 INFO             PET0     ATM-TO-OCN: InitializeIPDv05p2a intro.
20220930 085633.601 INFO             PET0     ATM-TO-OCN: InitializeIPDv05p2a extro.
20220930 085633.601 INFO             PET0     OCN-TO-ATM: InitializeIPDv05p2a intro.
20220930 085633.605 INFO             PET0     OCN-TO-ATM: InitializeIPDv05p2a extro.
20220930 085633.606 INFO             PET0     ATM-TO-OCN: InitializeIPDv05p2b intro.
20220930 085633.611 INFO             PET0     ATM-TO-OCN: InitializeIPDv05p2b extro.
20220930 085633.614 INFO             PET0     OCN-TO-ATM: InitializeIPDv05p2b intro.
20220930 085633.618 INFO             PET0     OCN-TO-ATM: InitializeIPDv05p2b extro.
20220930 085633.619 INFO             PET0     esm: IInitModifyCplLists intro.
20220930 085633.619 INFO             PET0     esm: IInitModifyCplLists extro.
20220930 085633.619 INFO             PET0     ATM-TO-OCN: InitializeIPDv05p3 intro.
20220930 085633.625 INFO             PET0     ATM-TO-OCN: InitializeIPDv05p3 extro.
20220930 085633.625 INFO             PET0     OCN-TO-ATM: InitializeIPDv05p3 intro.
20220930 085633.630 INFO             PET0     OCN-TO-ATM: InitializeIPDv05p3 extro.
20220930 085633.630 INFO             PET0     <<<esm: leaving Initialize (phase=<none>) with current time: 2010  6  1  0  0  0   0
20220930 085633.630 INFO             PET0   esm: InitializeIPDv02p1 extro.
20220930 085633.630 INFO             PET0   esm: InitializeIPDv02p3 intro.
20220930 085633.630 INFO             PET0     >>>esm: entered Initialize (phase=<none>) with current time: 2010  6  1  0  0  0   0
20220930 085633.630 INFO             PET0     esm: IInitCheck intro.
20220930 085633.630 INFO             PET0     esm: IInitCheck extro.
20220930 085633.631 INFO             PET0     atmA: InitializeIPDvXp04 intro.
20220930 085633.637 INFO             PET0     atmA: InitializeIPDvXp04 extro.
20220930 085633.638 INFO             PET0     ocnA: InitializeIPDvXp04 intro.
20220930 085633.644 INFO             PET0     ocnA: InitializeIPDvXp04 extro.
20220930 085633.645 INFO             PET0     ATM-TO-OCN: InitializeIPDv05p4 intro.
20220930 085633.657 INFO             PET0     ATM-TO-OCN: InitializeIPDv05p4 extro.
20220930 085633.657 INFO             PET0     OCN-TO-ATM: InitializeIPDv05p4 intro.
20220930 085633.663 INFO             PET0     OCN-TO-ATM: InitializeIPDv05p4 extro.
20220930 085633.663 INFO             PET0     ATM-TO-OCN: InitializeIPDv05p5 intro.
20220930 085633.671 INFO             PET0     ATM-TO-OCN: InitializeIPDv05p5 extro.
20220930 085633.672 INFO             PET0     OCN-TO-ATM: InitializeIPDv05p5 intro.
20220930 085633.677 INFO             PET0     OCN-TO-ATM: InitializeIPDv05p5 extro.
20220930 085633.678 INFO             PET0     esm: IInitRealize intro.
20220930 085633.678 INFO             PET0     esm: IInitRealize extro.
20220930 085633.678 INFO             PET0     ATM-TO-OCN: InitializeIPDv05p6a intro.
20220930 085633.686 INFO             PET0     ATM-TO-OCN: InitializeIPDv05p6a extro.
20220930 085712.780 INFO             PET0 !!!!!!!!!!!!!!!!!!!!!!!!!!!!!!!!!!!!!!!!!!!!!!!!!!!!!!
20220930 085712.781 INFO             PET0 !!! THE ESMF_LOG IS SET TO OUTPUT ALL LOG MESSAGES !!!
20220930 085712.781 INFO             PET0 !!!     THIS MAY CAUSE SLOWDOWN IN PERFORMANCE     !!!
20220930 085712.781 INFO             PET0 !!! FOR PRODUCTION RUNS, USE:                      !!!
20220930 085712.781 INFO             PET0 !!!                   ESMF_LOGKIND_Multi_On_Error  !!!
20220930 085712.781 INFO             PET0 !!!!!!!!!!!!!!!!!!!!!!!!!!!!!!!!!!!!!!!!!!!!!!!!!!!!!!
20220930 085712.781 INFO             PET0 Running with ESMF Version   : v8.4.0b15-7-gae8efd6d7f
20220930 085712.781 INFO             PET0 ESMF library build date/time: "Sep 30 2022" "07:40:54"
20220930 085712.781 INFO             PET0 ESMF library build location : /glade/scratch/dunlap/esmf-testing/nvhpc_21.11_openmpi_g_develop/esmf
20220930 085712.781 INFO             PET0 ESMF_COMM                   : openmpi
20220930 085712.781 INFO             PET0 ESMF_MOAB                   : enabled
20220930 085712.781 INFO             PET0 ESMF_LAPACK                 : enabled
20220930 085712.781 INFO             PET0 ESMF_NETCDF                 : enabled
20220930 085712.781 INFO             PET0 ESMF_PNETCDF                : disabled
20220930 085712.781 INFO             PET0 ESMF_PIO                    : enabled
20220930 085712.781 INFO             PET0 ESMF_YAMLCPP                : enabled
20220930 085712.781 INFO             PET0 esmApp STARTING
20220930 085712.787 INFO             PET0 esm: InitializeGeneric intro.
20220930 085712.788 INFO             PET0   esm: InitializeP0 intro.
20220930 085712.788 INFO             PET0   esm: InitializeP0 extro.
20220930 085712.788 INFO             PET0   esm: InitializeIPDv02p1 intro.
20220930 085712.788 INFO             PET0     >>>esm: entered Initialize (phase=<none>) without valid internal Clock.
20220930 085712.790 INFO             PET0     esm - Creating model component ATM without petList.
20220930 085712.795 INFO             PET0     esm - Creating model component OCN without petList.
20220930 085712.799 INFO             PET0     esm - Creating connector component ATM-TO-OCN without petList.
20220930 085712.807 INFO             PET0     esm - Creating connector component OCN-TO-ATM without petList.
20220930 085712.817 INFO             PET0     esm - Creating state: modelComp 1 Import State
20220930 085712.817 INFO             PET0     esm - Creating state: modelComp 1 Export State
20220930 085712.818 INFO             PET0     esm - Creating state: modelComp 2 Import State
20220930 085712.818 INFO             PET0     esm - Creating state: modelComp 2 Export State
20220930 085712.819 INFO             PET0     ATM: InitializeP0 intro.
20220930 085712.821 INFO             PET0     ATM: InitializeP0 extro.
20220930 085712.822 INFO             PET0     OCN: InitializeP0 intro.
20220930 085712.824 INFO             PET0     OCN: InitializeP0 extro.
20220930 085712.825 INFO             PET0     ATM-TO-OCN: InitializeP0 intro.
20220930 085712.826 INFO             PET0     ATM-TO-OCN: InitializeP0 extro.
20220930 085712.827 INFO             PET0     OCN-TO-ATM: InitializeP0 intro.
20220930 085712.827 INFO             PET0     OCN-TO-ATM: InitializeP0 extro.
20220930 085712.829 INFO             PET0     esm: IInitAdvertise intro.
20220930 085712.829 INFO             PET0     esm: IInitAdvertise extro.
20220930 085712.829 INFO             PET0     ATM: InitializeIPDvXp01 intro.
20220930 085712.833 INFO             PET0     ATM: InitializeIPDvXp01 extro.
20220930 085712.835 INFO             PET0     OCN: InitializeIPDvXp01 intro.
20220930 085712.838 INFO             PET0     OCN: InitializeIPDvXp01 extro.
20220930 085712.839 INFO             PET0     ATM-TO-OCN: InitializeIPDv05p1 intro.
20220930 085712.854 INFO             PET0     ATM-TO-OCN: InitializeIPDv05p1 extro.
20220930 085712.854 INFO             PET0     OCN-TO-ATM: InitializeIPDv05p1 intro.
20220930 085712.858 INFO             PET0     OCN-TO-ATM: InitializeIPDv05p1 extro.
20220930 085712.858 INFO             PET0     esm: IInitAdvertiseFinish intro.
20220930 085712.858 INFO             PET0     esm: IInitAdvertiseFinish extro.
20220930 085712.859 INFO             PET0     ATM-TO-OCN: InitializeIPDv05p2a intro.
20220930 085712.864 INFO             PET0     ATM-TO-OCN: InitializeIPDv05p2a extro.
20220930 085712.864 INFO             PET0     OCN-TO-ATM: InitializeIPDv05p2a intro.
20220930 085712.868 INFO             PET0     OCN-TO-ATM: InitializeIPDv05p2a extro.
20220930 085712.868 INFO             PET0     ATM-TO-OCN: InitializeIPDv05p2b intro.
20220930 085712.874 INFO             PET0     ATM-TO-OCN: InitializeIPDv05p2b extro.
20220930 085712.874 INFO             PET0     OCN-TO-ATM: InitializeIPDv05p2b intro.
20220930 085712.878 INFO             PET0     OCN-TO-ATM: InitializeIPDv05p2b extro.
20220930 085712.879 INFO             PET0     esm: IInitModifyCplLists intro.
20220930 085712.879 INFO             PET0     esm: IInitModifyCplLists extro.
20220930 085712.879 INFO             PET0     ATM-TO-OCN: InitializeIPDv05p3 intro.
20220930 085712.885 INFO             PET0     ATM-TO-OCN: InitializeIPDv05p3 extro.
20220930 085712.885 INFO             PET0     OCN-TO-ATM: InitializeIPDv05p3 intro.
20220930 085712.890 INFO             PET0     OCN-TO-ATM: InitializeIPDv05p3 extro.
20220930 085712.890 INFO             PET0     <<<esm: leaving Initialize (phase=<none>) with current time: 2010  6  1  0  0  0   0
20220930 085712.890 INFO             PET0   esm: InitializeIPDv02p1 extro.
20220930 085712.890 INFO             PET0   esm: InitializeIPDv02p3 intro.
20220930 085712.890 INFO             PET0     >>>esm: entered Initialize (phase=<none>) with current time: 2010  6  1  0  0  0   0
20220930 085712.890 INFO             PET0     esm: IInitCheck intro.
20220930 085712.890 INFO             PET0     esm: IInitCheck extro.
20220930 085712.891 INFO             PET0     atmB: InitializeIPDvXp04 intro.
20220930 085712.897 INFO             PET0     atmB: InitializeIPDvXp04 extro.
20220930 085712.898 INFO             PET0     ocnA: InitializeIPDvXp04 intro.
20220930 085712.904 INFO             PET0     ocnA: InitializeIPDvXp04 extro.
20220930 085712.905 INFO             PET0     ATM-TO-OCN: InitializeIPDv05p4 intro.
20220930 085712.917 INFO             PET0     ATM-TO-OCN: InitializeIPDv05p4 extro.
20220930 085712.917 INFO             PET0     OCN-TO-ATM: InitializeIPDv05p4 intro.
20220930 085712.923 INFO             PET0     OCN-TO-ATM: InitializeIPDv05p4 extro.
20220930 085712.924 INFO             PET0     ATM-TO-OCN: InitializeIPDv05p5 intro.
20220930 085712.932 INFO             PET0     ATM-TO-OCN: InitializeIPDv05p5 extro.
20220930 085712.932 INFO             PET0     OCN-TO-ATM: InitializeIPDv05p5 intro.
20220930 085712.938 INFO             PET0     OCN-TO-ATM: InitializeIPDv05p5 extro.
20220930 085712.938 INFO             PET0     esm: IInitRealize intro.
20220930 085712.938 INFO             PET0     esm: IInitRealize extro.
20220930 085712.938 INFO             PET0     ATM-TO-OCN: InitializeIPDv05p6a intro.
20220930 085712.946 INFO             PET0     ATM-TO-OCN: InitializeIPDv05p6a extro.
20220930 085633.516 INFO             PET1 !!!!!!!!!!!!!!!!!!!!!!!!!!!!!!!!!!!!!!!!!!!!!!!!!!!!!!
20220930 085633.517 INFO             PET1 !!! THE ESMF_LOG IS SET TO OUTPUT ALL LOG MESSAGES !!!
20220930 085633.517 INFO             PET1 !!!     THIS MAY CAUSE SLOWDOWN IN PERFORMANCE     !!!
20220930 085633.517 INFO             PET1 !!! FOR PRODUCTION RUNS, USE:                      !!!
20220930 085633.517 INFO             PET1 !!!                   ESMF_LOGKIND_Multi_On_Error  !!!
20220930 085633.517 INFO             PET1 !!!!!!!!!!!!!!!!!!!!!!!!!!!!!!!!!!!!!!!!!!!!!!!!!!!!!!
20220930 085633.517 INFO             PET1 Running with ESMF Version   : v8.4.0b15-7-gae8efd6d7f
20220930 085633.517 INFO             PET1 ESMF library build date/time: "Sep 30 2022" "07:40:54"
20220930 085633.517 INFO             PET1 ESMF library build location : /glade/scratch/dunlap/esmf-testing/nvhpc_21.11_openmpi_g_develop/esmf
20220930 085633.517 INFO             PET1 ESMF_COMM                   : openmpi
20220930 085633.517 INFO             PET1 ESMF_MOAB                   : enabled
20220930 085633.517 INFO             PET1 ESMF_LAPACK                 : enabled
20220930 085633.517 INFO             PET1 ESMF_NETCDF                 : enabled
20220930 085633.517 INFO             PET1 ESMF_PNETCDF                : disabled
20220930 085633.517 INFO             PET1 ESMF_PIO                    : enabled
20220930 085633.517 INFO             PET1 ESMF_YAMLCPP                : enabled
20220930 085633.518 INFO             PET1 esmApp STARTING
20220930 085633.525 INFO             PET1 esm: InitializeGeneric intro.
20220930 085633.525 INFO             PET1   esm: InitializeP0 intro.
20220930 085633.525 INFO             PET1   esm: InitializeP0 extro.
20220930 085633.525 INFO             PET1   esm: InitializeIPDv02p1 intro.
20220930 085633.525 INFO             PET1     >>>esm: entered Initialize (phase=<none>) without valid internal Clock.
20220930 085633.527 INFO             PET1     esm - Creating model component ATM without petList.
20220930 085633.532 INFO             PET1     esm - Creating model component OCN without petList.
20220930 085633.536 INFO             PET1     esm - Creating connector component ATM-TO-OCN without petList.
20220930 085633.545 INFO             PET1     esm - Creating connector component OCN-TO-ATM without petList.
20220930 085633.555 INFO             PET1     esm - Creating state: modelComp 1 Import State
20220930 085633.555 INFO             PET1     esm - Creating state: modelComp 1 Export State
20220930 085633.555 INFO             PET1     esm - Creating state: modelComp 2 Import State
20220930 085633.555 INFO             PET1     esm - Creating state: modelComp 2 Export State
20220930 085633.556 INFO             PET1     ATM: InitializeP0 intro.
20220930 085633.558 INFO             PET1     ATM: InitializeP0 extro.
20220930 085633.560 INFO             PET1     OCN: InitializeP0 intro.
20220930 085633.562 INFO             PET1     OCN: InitializeP0 extro.
20220930 085633.563 INFO             PET1     ATM-TO-OCN: InitializeP0 intro.
20220930 085633.563 INFO             PET1     ATM-TO-OCN: InitializeP0 extro.
20220930 085633.564 INFO             PET1     OCN-TO-ATM: InitializeP0 intro.
20220930 085633.565 INFO             PET1     OCN-TO-ATM: InitializeP0 extro.
20220930 085633.567 INFO             PET1     esm: IInitAdvertise intro.
20220930 085633.567 INFO             PET1     esm: IInitAdvertise extro.
20220930 085633.567 INFO             PET1     ATM: InitializeIPDvXp01 intro.
20220930 085633.571 INFO             PET1     ATM: InitializeIPDvXp01 extro.
20220930 085633.572 INFO             PET1     OCN: InitializeIPDvXp01 intro.
20220930 085633.576 INFO             PET1     OCN: InitializeIPDvXp01 extro.
20220930 085633.577 INFO             PET1     ATM-TO-OCN: InitializeIPDv05p1 intro.
20220930 085633.591 INFO             PET1     ATM-TO-OCN: InitializeIPDv05p1 extro.
20220930 085633.591 INFO             PET1     OCN-TO-ATM: InitializeIPDv05p1 intro.
20220930 085633.595 INFO             PET1     OCN-TO-ATM: InitializeIPDv05p1 extro.
20220930 085633.595 INFO             PET1     esm: IInitAdvertiseFinish intro.
20220930 085633.596 INFO             PET1     esm: IInitAdvertiseFinish extro.
20220930 085633.596 INFO             PET1     ATM-TO-OCN: InitializeIPDv05p2a intro.
20220930 085633.601 INFO             PET1     ATM-TO-OCN: InitializeIPDv05p2a extro.
20220930 085633.601 INFO             PET1     OCN-TO-ATM: InitializeIPDv05p2a intro.
20220930 085633.605 INFO             PET1     OCN-TO-ATM: InitializeIPDv05p2a extro.
20220930 085633.606 INFO             PET1     ATM-TO-OCN: InitializeIPDv05p2b intro.
20220930 085633.611 INFO             PET1     ATM-TO-OCN: InitializeIPDv05p2b extro.
20220930 085633.613 INFO             PET1     OCN-TO-ATM: InitializeIPDv05p2b intro.
20220930 085633.618 INFO             PET1     OCN-TO-ATM: InitializeIPDv05p2b extro.
20220930 085633.619 INFO             PET1     esm: IInitModifyCplLists intro.
20220930 085633.619 INFO             PET1     esm: IInitModifyCplLists extro.
20220930 085633.619 INFO             PET1     ATM-TO-OCN: InitializeIPDv05p3 intro.
20220930 085633.625 INFO             PET1     ATM-TO-OCN: InitializeIPDv05p3 extro.
20220930 085633.625 INFO             PET1     OCN-TO-ATM: InitializeIPDv05p3 intro.
20220930 085633.630 INFO             PET1     OCN-TO-ATM: InitializeIPDv05p3 extro.
20220930 085633.630 INFO             PET1     <<<esm: leaving Initialize (phase=<none>) with current time: 2010  6  1  0  0  0   0
20220930 085633.630 INFO             PET1   esm: InitializeIPDv02p1 extro.
20220930 085633.630 INFO             PET1   esm: InitializeIPDv02p3 intro.
20220930 085633.630 INFO             PET1     >>>esm: entered Initialize (phase=<none>) with current time: 2010  6  1  0  0  0   0
20220930 085633.630 INFO             PET1     esm: IInitCheck intro.
20220930 085633.630 INFO             PET1     esm: IInitCheck extro.
20220930 085633.630 INFO             PET1     atmA: InitializeIPDvXp04 intro.
20220930 085633.637 INFO             PET1     atmA: InitializeIPDvXp04 extro.
20220930 085633.638 INFO             PET1     ocnA: InitializeIPDvXp04 intro.
20220930 085633.644 INFO             PET1     ocnA: InitializeIPDvXp04 extro.
20220930 085633.645 INFO             PET1     ATM-TO-OCN: InitializeIPDv05p4 intro.
20220930 085633.657 INFO             PET1     ATM-TO-OCN: InitializeIPDv05p4 extro.
20220930 085633.657 INFO             PET1     OCN-TO-ATM: InitializeIPDv05p4 intro.
20220930 085633.663 INFO             PET1     OCN-TO-ATM: InitializeIPDv05p4 extro.
20220930 085633.663 INFO             PET1     ATM-TO-OCN: InitializeIPDv05p5 intro.
20220930 085633.671 INFO             PET1     ATM-TO-OCN: InitializeIPDv05p5 extro.
20220930 085633.672 INFO             PET1     OCN-TO-ATM: InitializeIPDv05p5 intro.
20220930 085633.677 INFO             PET1     OCN-TO-ATM: InitializeIPDv05p5 extro.
20220930 085633.678 INFO             PET1     esm: IInitRealize intro.
20220930 085633.678 INFO             PET1     esm: IInitRealize extro.
20220930 085633.678 INFO             PET1     ATM-TO-OCN: InitializeIPDv05p6a intro.
20220930 085633.686 INFO             PET1     ATM-TO-OCN: InitializeIPDv05p6a extro.
20220930 085712.780 INFO             PET1 !!!!!!!!!!!!!!!!!!!!!!!!!!!!!!!!!!!!!!!!!!!!!!!!!!!!!!
20220930 085712.781 INFO             PET1 !!! THE ESMF_LOG IS SET TO OUTPUT ALL LOG MESSAGES !!!
20220930 085712.781 INFO             PET1 !!!     THIS MAY CAUSE SLOWDOWN IN PERFORMANCE     !!!
20220930 085712.781 INFO             PET1 !!! FOR PRODUCTION RUNS, USE:                      !!!
20220930 085712.781 INFO             PET1 !!!                   ESMF_LOGKIND_Multi_On_Error  !!!
20220930 085712.781 INFO             PET1 !!!!!!!!!!!!!!!!!!!!!!!!!!!!!!!!!!!!!!!!!!!!!!!!!!!!!!
20220930 085712.781 INFO             PET1 Running with ESMF Version   : v8.4.0b15-7-gae8efd6d7f
20220930 085712.781 INFO             PET1 ESMF library build date/time: "Sep 30 2022" "07:40:54"
20220930 085712.781 INFO             PET1 ESMF library build location : /glade/scratch/dunlap/esmf-testing/nvhpc_21.11_openmpi_g_develop/esmf
20220930 085712.781 INFO             PET1 ESMF_COMM                   : openmpi
20220930 085712.781 INFO             PET1 ESMF_MOAB                   : enabled
20220930 085712.781 INFO             PET1 ESMF_LAPACK                 : enabled
20220930 085712.781 INFO             PET1 ESMF_NETCDF                 : enabled
20220930 085712.781 INFO             PET1 ESMF_PNETCDF                : disabled
20220930 085712.781 INFO             PET1 ESMF_PIO                    : enabled
20220930 085712.781 INFO             PET1 ESMF_YAMLCPP                : enabled
20220930 085712.781 INFO             PET1 esmApp STARTING
20220930 085712.789 INFO             PET1 esm: InitializeGeneric intro.
20220930 085712.789 INFO             PET1   esm: InitializeP0 intro.
20220930 085712.789 INFO             PET1   esm: InitializeP0 extro.
20220930 085712.789 INFO             PET1   esm: InitializeIPDv02p1 intro.
20220930 085712.789 INFO             PET1     >>>esm: entered Initialize (phase=<none>) without valid internal Clock.
20220930 085712.790 INFO             PET1     esm - Creating model component ATM without petList.
20220930 085712.795 INFO             PET1     esm - Creating model component OCN without petList.
20220930 085712.800 INFO             PET1     esm - Creating connector component ATM-TO-OCN without petList.
20220930 085712.810 INFO             PET1     esm - Creating connector component OCN-TO-ATM without petList.
20220930 085712.820 INFO             PET1     esm - Creating state: modelComp 1 Import State
20220930 085712.820 INFO             PET1     esm - Creating state: modelComp 1 Export State
20220930 085712.820 INFO             PET1     esm - Creating state: modelComp 2 Import State
20220930 085712.820 INFO             PET1     esm - Creating state: modelComp 2 Export State
20220930 085712.822 INFO             PET1     ATM: InitializeP0 intro.
20220930 085712.824 INFO             PET1     ATM: InitializeP0 extro.
20220930 085712.826 INFO             PET1     OCN: InitializeP0 intro.
20220930 085712.828 INFO             PET1     OCN: InitializeP0 extro.
20220930 085712.829 INFO             PET1     ATM-TO-OCN: InitializeP0 intro.
20220930 085712.830 INFO             PET1     ATM-TO-OCN: InitializeP0 extro.
20220930 085712.832 INFO             PET1     OCN-TO-ATM: InitializeP0 intro.
20220930 085712.833 INFO             PET1     OCN-TO-ATM: InitializeP0 extro.
20220930 085712.835 INFO             PET1     esm: IInitAdvertise intro.
20220930 085712.835 INFO             PET1     esm: IInitAdvertise extro.
20220930 085712.836 INFO             PET1     ATM: InitializeIPDvXp01 intro.
20220930 085712.841 INFO             PET1     ATM: InitializeIPDvXp01 extro.
20220930 085712.842 INFO             PET1     OCN: InitializeIPDvXp01 intro.
20220930 085712.847 INFO             PET1     OCN: InitializeIPDvXp01 extro.
20220930 085712.848 INFO             PET1     ATM-TO-OCN: InitializeIPDv05p1 intro.
20220930 085712.854 INFO             PET1     ATM-TO-OCN: InitializeIPDv05p1 extro.
20220930 085712.854 INFO             PET1     OCN-TO-ATM: InitializeIPDv05p1 intro.
20220930 085712.858 INFO             PET1     OCN-TO-ATM: InitializeIPDv05p1 extro.
20220930 085712.858 INFO             PET1     esm: IInitAdvertiseFinish intro.
20220930 085712.859 INFO             PET1     esm: IInitAdvertiseFinish extro.
20220930 085712.859 INFO             PET1     ATM-TO-OCN: InitializeIPDv05p2a intro.
20220930 085712.864 INFO             PET1     ATM-TO-OCN: InitializeIPDv05p2a extro.
20220930 085712.864 INFO             PET1     OCN-TO-ATM: InitializeIPDv05p2a intro.
20220930 085712.868 INFO             PET1     OCN-TO-ATM: InitializeIPDv05p2a extro.
20220930 085712.869 INFO             PET1     ATM-TO-OCN: InitializeIPDv05p2b intro.
20220930 085712.874 INFO             PET1     ATM-TO-OCN: InitializeIPDv05p2b extro.
20220930 085712.874 INFO             PET1     OCN-TO-ATM: InitializeIPDv05p2b intro.
20220930 085712.879 INFO             PET1     OCN-TO-ATM: InitializeIPDv05p2b extro.
20220930 085712.879 INFO             PET1     esm: IInitModifyCplLists intro.
20220930 085712.879 INFO             PET1     esm: IInitModifyCplLists extro.
20220930 085712.879 INFO             PET1     ATM-TO-OCN: InitializeIPDv05p3 intro.
20220930 085712.885 INFO             PET1     ATM-TO-OCN: InitializeIPDv05p3 extro.
20220930 085712.885 INFO             PET1     OCN-TO-ATM: InitializeIPDv05p3 intro.
20220930 085712.890 INFO             PET1     OCN-TO-ATM: InitializeIPDv05p3 extro.
20220930 085712.890 INFO             PET1     <<<esm: leaving Initialize (phase=<none>) with current time: 2010  6  1  0  0  0   0
20220930 085712.890 INFO             PET1   esm: InitializeIPDv02p1 extro.
20220930 085712.890 INFO             PET1   esm: InitializeIPDv02p3 intro.
20220930 085712.891 INFO             PET1     >>>esm: entered Initialize (phase=<none>) with current time: 2010  6  1  0  0  0   0
20220930 085712.891 INFO             PET1     esm: IInitCheck intro.
20220930 085712.891 INFO             PET1     esm: IInitCheck extro.
20220930 085712.891 INFO             PET1     atmB: InitializeIPDvXp04 intro.
20220930 085712.899 INFO             PET1     atmB: InitializeIPDvXp04 extro.
20220930 085712.900 INFO             PET1     ocnA: InitializeIPDvXp04 intro.
20220930 085712.908 INFO             PET1     ocnA: InitializeIPDvXp04 extro.
20220930 085712.909 INFO             PET1     ATM-TO-OCN: InitializeIPDv05p4 intro.
20220930 085712.918 INFO             PET1     ATM-TO-OCN: InitializeIPDv05p4 extro.
20220930 085712.918 INFO             PET1     OCN-TO-ATM: InitializeIPDv05p4 intro.
20220930 085712.924 INFO             PET1     OCN-TO-ATM: InitializeIPDv05p4 extro.
20220930 085712.924 INFO             PET1     ATM-TO-OCN: InitializeIPDv05p5 intro.
20220930 085712.932 INFO             PET1     ATM-TO-OCN: InitializeIPDv05p5 extro.
20220930 085712.932 INFO             PET1     OCN-TO-ATM: InitializeIPDv05p5 intro.
20220930 085712.938 INFO             PET1     OCN-TO-ATM: InitializeIPDv05p5 extro.
20220930 085712.938 INFO             PET1     esm: IInitRealize intro.
20220930 085712.938 INFO             PET1     esm: IInitRealize extro.
20220930 085712.939 INFO             PET1     ATM-TO-OCN: InitializeIPDv05p6a intro.
20220930 085712.946 INFO             PET1     ATM-TO-OCN: InitializeIPDv05p6a extro.
20220930 085633.515 INFO             PET2 !!!!!!!!!!!!!!!!!!!!!!!!!!!!!!!!!!!!!!!!!!!!!!!!!!!!!!
20220930 085633.516 INFO             PET2 !!! THE ESMF_LOG IS SET TO OUTPUT ALL LOG MESSAGES !!!
20220930 085633.516 INFO             PET2 !!!     THIS MAY CAUSE SLOWDOWN IN PERFORMANCE     !!!
20220930 085633.516 INFO             PET2 !!! FOR PRODUCTION RUNS, USE:                      !!!
20220930 085633.516 INFO             PET2 !!!                   ESMF_LOGKIND_Multi_On_Error  !!!
20220930 085633.516 INFO             PET2 !!!!!!!!!!!!!!!!!!!!!!!!!!!!!!!!!!!!!!!!!!!!!!!!!!!!!!
20220930 085633.516 INFO             PET2 Running with ESMF Version   : v8.4.0b15-7-gae8efd6d7f
20220930 085633.516 INFO             PET2 ESMF library build date/time: "Sep 30 2022" "07:40:54"
20220930 085633.516 INFO             PET2 ESMF library build location : /glade/scratch/dunlap/esmf-testing/nvhpc_21.11_openmpi_g_develop/esmf
20220930 085633.516 INFO             PET2 ESMF_COMM                   : openmpi
20220930 085633.516 INFO             PET2 ESMF_MOAB                   : enabled
20220930 085633.516 INFO             PET2 ESMF_LAPACK                 : enabled
20220930 085633.516 INFO             PET2 ESMF_NETCDF                 : enabled
20220930 085633.516 INFO             PET2 ESMF_PNETCDF                : disabled
20220930 085633.516 INFO             PET2 ESMF_PIO                    : enabled
20220930 085633.516 INFO             PET2 ESMF_YAMLCPP                : enabled
20220930 085633.518 INFO             PET2 esmApp STARTING
20220930 085633.525 INFO             PET2 esm: InitializeGeneric intro.
20220930 085633.525 INFO             PET2   esm: InitializeP0 intro.
20220930 085633.525 INFO             PET2   esm: InitializeP0 extro.
20220930 085633.525 INFO             PET2   esm: InitializeIPDv02p1 intro.
20220930 085633.525 INFO             PET2     >>>esm: entered Initialize (phase=<none>) without valid internal Clock.
20220930 085633.527 INFO             PET2     esm - Creating model component ATM without petList.
20220930 085633.532 INFO             PET2     esm - Creating model component OCN without petList.
20220930 085633.536 INFO             PET2     esm - Creating connector component ATM-TO-OCN without petList.
20220930 085633.545 INFO             PET2     esm - Creating connector component OCN-TO-ATM without petList.
20220930 085633.555 INFO             PET2     esm - Creating state: modelComp 1 Import State
20220930 085633.555 INFO             PET2     esm - Creating state: modelComp 1 Export State
20220930 085633.555 INFO             PET2     esm - Creating state: modelComp 2 Import State
20220930 085633.555 INFO             PET2     esm - Creating state: modelComp 2 Export State
20220930 085633.557 INFO             PET2     ATM: InitializeP0 intro.
20220930 085633.558 INFO             PET2     ATM: InitializeP0 extro.
20220930 085633.560 INFO             PET2     OCN: InitializeP0 intro.
20220930 085633.562 INFO             PET2     OCN: InitializeP0 extro.
20220930 085633.563 INFO             PET2     ATM-TO-OCN: InitializeP0 intro.
20220930 085633.563 INFO             PET2     ATM-TO-OCN: InitializeP0 extro.
20220930 085633.564 INFO             PET2     OCN-TO-ATM: InitializeP0 intro.
20220930 085633.565 INFO             PET2     OCN-TO-ATM: InitializeP0 extro.
20220930 085633.567 INFO             PET2     esm: IInitAdvertise intro.
20220930 085633.567 INFO             PET2     esm: IInitAdvertise extro.
20220930 085633.567 INFO             PET2     ATM: InitializeIPDvXp01 intro.
20220930 085633.571 INFO             PET2     ATM: InitializeIPDvXp01 extro.
20220930 085633.572 INFO             PET2     OCN: InitializeIPDvXp01 intro.
20220930 085633.576 INFO             PET2     OCN: InitializeIPDvXp01 extro.
20220930 085633.577 INFO             PET2     ATM-TO-OCN: InitializeIPDv05p1 intro.
20220930 085633.591 INFO             PET2     ATM-TO-OCN: InitializeIPDv05p1 extro.
20220930 085633.591 INFO             PET2     OCN-TO-ATM: InitializeIPDv05p1 intro.
20220930 085633.595 INFO             PET2     OCN-TO-ATM: InitializeIPDv05p1 extro.
20220930 085633.596 INFO             PET2     esm: IInitAdvertiseFinish intro.
20220930 085633.596 INFO             PET2     esm: IInitAdvertiseFinish extro.
20220930 085633.596 INFO             PET2     ATM-TO-OCN: InitializeIPDv05p2a intro.
20220930 085633.601 INFO             PET2     ATM-TO-OCN: InitializeIPDv05p2a extro.
20220930 085633.601 INFO             PET2     OCN-TO-ATM: InitializeIPDv05p2a intro.
20220930 085633.605 INFO             PET2     OCN-TO-ATM: InitializeIPDv05p2a extro.
20220930 085633.606 INFO             PET2     ATM-TO-OCN: InitializeIPDv05p2b intro.
20220930 085633.611 INFO             PET2     ATM-TO-OCN: InitializeIPDv05p2b extro.
20220930 085633.613 INFO             PET2     OCN-TO-ATM: InitializeIPDv05p2b intro.
20220930 085633.618 INFO             PET2     OCN-TO-ATM: InitializeIPDv05p2b extro.
20220930 085633.619 INFO             PET2     esm: IInitModifyCplLists intro.
20220930 085633.619 INFO             PET2     esm: IInitModifyCplLists extro.
20220930 085633.619 INFO             PET2     ATM-TO-OCN: InitializeIPDv05p3 intro.
20220930 085633.625 INFO             PET2     ATM-TO-OCN: InitializeIPDv05p3 extro.
20220930 085633.625 INFO             PET2     OCN-TO-ATM: InitializeIPDv05p3 intro.
20220930 085633.630 INFO             PET2     OCN-TO-ATM: InitializeIPDv05p3 extro.
20220930 085633.630 INFO             PET2     <<<esm: leaving Initialize (phase=<none>) with current time: 2010  6  1  0  0  0   0
20220930 085633.630 INFO             PET2   esm: InitializeIPDv02p1 extro.
20220930 085633.630 INFO             PET2   esm: InitializeIPDv02p3 intro.
20220930 085633.630 INFO             PET2     >>>esm: entered Initialize (phase=<none>) with current time: 2010  6  1  0  0  0   0
20220930 085633.630 INFO             PET2     esm: IInitCheck intro.
20220930 085633.630 INFO             PET2     esm: IInitCheck extro.
20220930 085633.631 INFO             PET2     atmA: InitializeIPDvXp04 intro.
20220930 085633.637 INFO             PET2     atmA: InitializeIPDvXp04 extro.
20220930 085633.638 INFO             PET2     ocnA: InitializeIPDvXp04 intro.
20220930 085633.644 INFO             PET2     ocnA: InitializeIPDvXp04 extro.
20220930 085633.645 INFO             PET2     ATM-TO-OCN: InitializeIPDv05p4 intro.
20220930 085633.657 INFO             PET2     ATM-TO-OCN: InitializeIPDv05p4 extro.
20220930 085633.657 INFO             PET2     OCN-TO-ATM: InitializeIPDv05p4 intro.
20220930 085633.663 INFO             PET2     OCN-TO-ATM: InitializeIPDv05p4 extro.
20220930 085633.663 INFO             PET2     ATM-TO-OCN: InitializeIPDv05p5 intro.
20220930 085633.671 INFO             PET2     ATM-TO-OCN: InitializeIPDv05p5 extro.
20220930 085633.672 INFO             PET2     OCN-TO-ATM: InitializeIPDv05p5 intro.
20220930 085633.677 INFO             PET2     OCN-TO-ATM: InitializeIPDv05p5 extro.
20220930 085633.678 INFO             PET2     esm: IInitRealize intro.
20220930 085633.678 INFO             PET2     esm: IInitRealize extro.
20220930 085633.678 INFO             PET2     ATM-TO-OCN: InitializeIPDv05p6a intro.
20220930 085633.686 INFO             PET2     ATM-TO-OCN: InitializeIPDv05p6a extro.
20220930 085712.780 INFO             PET2 !!!!!!!!!!!!!!!!!!!!!!!!!!!!!!!!!!!!!!!!!!!!!!!!!!!!!!
20220930 085712.781 INFO             PET2 !!! THE ESMF_LOG IS SET TO OUTPUT ALL LOG MESSAGES !!!
20220930 085712.781 INFO             PET2 !!!     THIS MAY CAUSE SLOWDOWN IN PERFORMANCE     !!!
20220930 085712.781 INFO             PET2 !!! FOR PRODUCTION RUNS, USE:                      !!!
20220930 085712.781 INFO             PET2 !!!                   ESMF_LOGKIND_Multi_On_Error  !!!
20220930 085712.781 INFO             PET2 !!!!!!!!!!!!!!!!!!!!!!!!!!!!!!!!!!!!!!!!!!!!!!!!!!!!!!
20220930 085712.781 INFO             PET2 Running with ESMF Version   : v8.4.0b15-7-gae8efd6d7f
20220930 085712.781 INFO             PET2 ESMF library build date/time: "Sep 30 2022" "07:40:54"
20220930 085712.781 INFO             PET2 ESMF library build location : /glade/scratch/dunlap/esmf-testing/nvhpc_21.11_openmpi_g_develop/esmf
20220930 085712.781 INFO             PET2 ESMF_COMM                   : openmpi
20220930 085712.781 INFO             PET2 ESMF_MOAB                   : enabled
20220930 085712.781 INFO             PET2 ESMF_LAPACK                 : enabled
20220930 085712.781 INFO             PET2 ESMF_NETCDF                 : enabled
20220930 085712.781 INFO             PET2 ESMF_PNETCDF                : disabled
20220930 085712.781 INFO             PET2 ESMF_PIO                    : enabled
20220930 085712.781 INFO             PET2 ESMF_YAMLCPP                : enabled
20220930 085712.781 INFO             PET2 esmApp STARTING
20220930 085712.787 INFO             PET2 esm: InitializeGeneric intro.
20220930 085712.788 INFO             PET2   esm: InitializeP0 intro.
20220930 085712.788 INFO             PET2   esm: InitializeP0 extro.
20220930 085712.788 INFO             PET2   esm: InitializeIPDv02p1 intro.
20220930 085712.788 INFO             PET2     >>>esm: entered Initialize (phase=<none>) without valid internal Clock.
20220930 085712.790 INFO             PET2     esm - Creating model component ATM without petList.
20220930 085712.795 INFO             PET2     esm - Creating model component OCN without petList.
20220930 085712.799 INFO             PET2     esm - Creating connector component ATM-TO-OCN without petList.
20220930 085712.807 INFO             PET2     esm - Creating connector component OCN-TO-ATM without petList.
20220930 085712.817 INFO             PET2     esm - Creating state: modelComp 1 Import State
20220930 085712.817 INFO             PET2     esm - Creating state: modelComp 1 Export State
20220930 085712.818 INFO             PET2     esm - Creating state: modelComp 2 Import State
20220930 085712.818 INFO             PET2     esm - Creating state: modelComp 2 Export State
20220930 085712.819 INFO             PET2     ATM: InitializeP0 intro.
20220930 085712.821 INFO             PET2     ATM: InitializeP0 extro.
20220930 085712.823 INFO             PET2     OCN: InitializeP0 intro.
20220930 085712.824 INFO             PET2     OCN: InitializeP0 extro.
20220930 085712.825 INFO             PET2     ATM-TO-OCN: InitializeP0 intro.
20220930 085712.826 INFO             PET2     ATM-TO-OCN: InitializeP0 extro.
20220930 085712.827 INFO             PET2     OCN-TO-ATM: InitializeP0 intro.
20220930 085712.828 INFO             PET2     OCN-TO-ATM: InitializeP0 extro.
20220930 085712.830 INFO             PET2     esm: IInitAdvertise intro.
20220930 085712.830 INFO             PET2     esm: IInitAdvertise extro.
20220930 085712.830 INFO             PET2     ATM: InitializeIPDvXp01 intro.
20220930 085712.834 INFO             PET2     ATM: InitializeIPDvXp01 extro.
20220930 085712.835 INFO             PET2     OCN: InitializeIPDvXp01 intro.
20220930 085712.839 INFO             PET2     OCN: InitializeIPDvXp01 extro.
20220930 085712.840 INFO             PET2     ATM-TO-OCN: InitializeIPDv05p1 intro.
20220930 085712.854 INFO             PET2     ATM-TO-OCN: InitializeIPDv05p1 extro.
20220930 085712.854 INFO             PET2     OCN-TO-ATM: InitializeIPDv05p1 intro.
20220930 085712.858 INFO             PET2     OCN-TO-ATM: InitializeIPDv05p1 extro.
20220930 085712.858 INFO             PET2     esm: IInitAdvertiseFinish intro.
20220930 085712.858 INFO             PET2     esm: IInitAdvertiseFinish extro.
20220930 085712.859 INFO             PET2     ATM-TO-OCN: InitializeIPDv05p2a intro.
20220930 085712.864 INFO             PET2     ATM-TO-OCN: InitializeIPDv05p2a extro.
20220930 085712.864 INFO             PET2     OCN-TO-ATM: InitializeIPDv05p2a intro.
20220930 085712.868 INFO             PET2     OCN-TO-ATM: InitializeIPDv05p2a extro.
20220930 085712.868 INFO             PET2     ATM-TO-OCN: InitializeIPDv05p2b intro.
20220930 085712.874 INFO             PET2     ATM-TO-OCN: InitializeIPDv05p2b extro.
20220930 085712.874 INFO             PET2     OCN-TO-ATM: InitializeIPDv05p2b intro.
20220930 085712.878 INFO             PET2     OCN-TO-ATM: InitializeIPDv05p2b extro.
20220930 085712.879 INFO             PET2     esm: IInitModifyCplLists intro.
20220930 085712.879 INFO             PET2     esm: IInitModifyCplLists extro.
20220930 085712.879 INFO             PET2     ATM-TO-OCN: InitializeIPDv05p3 intro.
20220930 085712.885 INFO             PET2     ATM-TO-OCN: InitializeIPDv05p3 extro.
20220930 085712.885 INFO             PET2     OCN-TO-ATM: InitializeIPDv05p3 intro.
20220930 085712.890 INFO             PET2     OCN-TO-ATM: InitializeIPDv05p3 extro.
20220930 085712.890 INFO             PET2     <<<esm: leaving Initialize (phase=<none>) with current time: 2010  6  1  0  0  0   0
20220930 085712.890 INFO             PET2   esm: InitializeIPDv02p1 extro.
20220930 085712.890 INFO             PET2   esm: InitializeIPDv02p3 intro.
20220930 085712.890 INFO             PET2     >>>esm: entered Initialize (phase=<none>) with current time: 2010  6  1  0  0  0   0
20220930 085712.890 INFO             PET2     esm: IInitCheck intro.
20220930 085712.890 INFO             PET2     esm: IInitCheck extro.
20220930 085712.891 INFO             PET2     atmB: InitializeIPDvXp04 intro.
20220930 085712.897 INFO             PET2     atmB: InitializeIPDvXp04 extro.
20220930 085712.898 INFO             PET2     ocnA: InitializeIPDvXp04 intro.
20220930 085712.904 INFO             PET2     ocnA: InitializeIPDvXp04 extro.
20220930 085712.905 INFO             PET2     ATM-TO-OCN: InitializeIPDv05p4 intro.
20220930 085712.917 INFO             PET2     ATM-TO-OCN: InitializeIPDv05p4 extro.
20220930 085712.917 INFO             PET2     OCN-TO-ATM: InitializeIPDv05p4 intro.
20220930 085712.923 INFO             PET2     OCN-TO-ATM: InitializeIPDv05p4 extro.
20220930 085712.924 INFO             PET2     ATM-TO-OCN: InitializeIPDv05p5 intro.
20220930 085712.932 INFO             PET2     ATM-TO-OCN: InitializeIPDv05p5 extro.
20220930 085712.932 INFO             PET2     OCN-TO-ATM: InitializeIPDv05p5 intro.
20220930 085712.938 INFO             PET2     OCN-TO-ATM: InitializeIPDv05p5 extro.
20220930 085712.938 INFO             PET2     esm: IInitRealize intro.
20220930 085712.938 INFO             PET2     esm: IInitRealize extro.
20220930 085712.938 INFO             PET2     ATM-TO-OCN: InitializeIPDv05p6a intro.
20220930 085712.946 INFO             PET2     ATM-TO-OCN: InitializeIPDv05p6a extro.
20220930 085633.517 INFO             PET3 !!!!!!!!!!!!!!!!!!!!!!!!!!!!!!!!!!!!!!!!!!!!!!!!!!!!!!
20220930 085633.517 INFO             PET3 !!! THE ESMF_LOG IS SET TO OUTPUT ALL LOG MESSAGES !!!
20220930 085633.517 INFO             PET3 !!!     THIS MAY CAUSE SLOWDOWN IN PERFORMANCE     !!!
20220930 085633.517 INFO             PET3 !!! FOR PRODUCTION RUNS, USE:                      !!!
20220930 085633.517 INFO             PET3 !!!                   ESMF_LOGKIND_Multi_On_Error  !!!
20220930 085633.517 INFO             PET3 !!!!!!!!!!!!!!!!!!!!!!!!!!!!!!!!!!!!!!!!!!!!!!!!!!!!!!
20220930 085633.517 INFO             PET3 Running with ESMF Version   : v8.4.0b15-7-gae8efd6d7f
20220930 085633.517 INFO             PET3 ESMF library build date/time: "Sep 30 2022" "07:40:54"
20220930 085633.517 INFO             PET3 ESMF library build location : /glade/scratch/dunlap/esmf-testing/nvhpc_21.11_openmpi_g_develop/esmf
20220930 085633.517 INFO             PET3 ESMF_COMM                   : openmpi
20220930 085633.517 INFO             PET3 ESMF_MOAB                   : enabled
20220930 085633.517 INFO             PET3 ESMF_LAPACK                 : enabled
20220930 085633.517 INFO             PET3 ESMF_NETCDF                 : enabled
20220930 085633.517 INFO             PET3 ESMF_PNETCDF                : disabled
20220930 085633.517 INFO             PET3 ESMF_PIO                    : enabled
20220930 085633.517 INFO             PET3 ESMF_YAMLCPP                : enabled
20220930 085633.518 INFO             PET3 esmApp STARTING
20220930 085633.526 INFO             PET3 esm: InitializeGeneric intro.
20220930 085633.526 INFO             PET3   esm: InitializeP0 intro.
20220930 085633.526 INFO             PET3   esm: InitializeP0 extro.
20220930 085633.526 INFO             PET3   esm: InitializeIPDv02p1 intro.
20220930 085633.526 INFO             PET3     >>>esm: entered Initialize (phase=<none>) without valid internal Clock.
20220930 085633.527 INFO             PET3     esm - Creating model component ATM without petList.
20220930 085633.532 INFO             PET3     esm - Creating model component OCN without petList.
20220930 085633.537 INFO             PET3     esm - Creating connector component ATM-TO-OCN without petList.
20220930 085633.547 INFO             PET3     esm - Creating connector component OCN-TO-ATM without petList.
20220930 085633.557 INFO             PET3     esm - Creating state: modelComp 1 Import State
20220930 085633.557 INFO             PET3     esm - Creating state: modelComp 1 Export State
20220930 085633.558 INFO             PET3     esm - Creating state: modelComp 2 Import State
20220930 085633.558 INFO             PET3     esm - Creating state: modelComp 2 Export State
20220930 085633.560 INFO             PET3     ATM: InitializeP0 intro.
20220930 085633.562 INFO             PET3     ATM: InitializeP0 extro.
20220930 085633.563 INFO             PET3     OCN: InitializeP0 intro.
20220930 085633.566 INFO             PET3     OCN: InitializeP0 extro.
20220930 085633.567 INFO             PET3     ATM-TO-OCN: InitializeP0 intro.
20220930 085633.568 INFO             PET3     ATM-TO-OCN: InitializeP0 extro.
20220930 085633.569 INFO             PET3     OCN-TO-ATM: InitializeP0 intro.
20220930 085633.570 INFO             PET3     OCN-TO-ATM: InitializeP0 extro.
20220930 085633.572 INFO             PET3     esm: IInitAdvertise intro.
20220930 085633.572 INFO             PET3     esm: IInitAdvertise extro.
20220930 085633.573 INFO             PET3     ATM: InitializeIPDvXp01 intro.
20220930 085633.578 INFO             PET3     ATM: InitializeIPDvXp01 extro.
20220930 085633.579 INFO             PET3     OCN: InitializeIPDvXp01 intro.
20220930 085633.584 INFO             PET3     OCN: InitializeIPDvXp01 extro.
20220930 085633.585 INFO             PET3     ATM-TO-OCN: InitializeIPDv05p1 intro.
20220930 085633.591 INFO             PET3     ATM-TO-OCN: InitializeIPDv05p1 extro.
20220930 085633.591 INFO             PET3     OCN-TO-ATM: InitializeIPDv05p1 intro.
20220930 085633.595 INFO             PET3     OCN-TO-ATM: InitializeIPDv05p1 extro.
20220930 085633.596 INFO             PET3     esm: IInitAdvertiseFinish intro.
20220930 085633.596 INFO             PET3     esm: IInitAdvertiseFinish extro.
20220930 085633.596 INFO             PET3     ATM-TO-OCN: InitializeIPDv05p2a intro.
20220930 085633.601 INFO             PET3     ATM-TO-OCN: InitializeIPDv05p2a extro.
20220930 085633.601 INFO             PET3     OCN-TO-ATM: InitializeIPDv05p2a intro.
20220930 085633.606 INFO             PET3     OCN-TO-ATM: InitializeIPDv05p2a extro.
20220930 085633.606 INFO             PET3     ATM-TO-OCN: InitializeIPDv05p2b intro.
20220930 085633.611 INFO             PET3     ATM-TO-OCN: InitializeIPDv05p2b extro.
20220930 085633.614 INFO             PET3     OCN-TO-ATM: InitializeIPDv05p2b intro.
20220930 085633.619 INFO             PET3     OCN-TO-ATM: InitializeIPDv05p2b extro.
20220930 085633.619 INFO             PET3     esm: IInitModifyCplLists intro.
20220930 085633.619 INFO             PET3     esm: IInitModifyCplLists extro.
20220930 085633.619 INFO             PET3     ATM-TO-OCN: InitializeIPDv05p3 intro.
20220930 085633.625 INFO             PET3     ATM-TO-OCN: InitializeIPDv05p3 extro.
20220930 085633.625 INFO             PET3     OCN-TO-ATM: InitializeIPDv05p3 intro.
20220930 085633.630 INFO             PET3     OCN-TO-ATM: InitializeIPDv05p3 extro.
20220930 085633.630 INFO             PET3     <<<esm: leaving Initialize (phase=<none>) with current time: 2010  6  1  0  0  0   0
20220930 085633.630 INFO             PET3   esm: InitializeIPDv02p1 extro.
20220930 085633.630 INFO             PET3   esm: InitializeIPDv02p3 intro.
20220930 085633.630 INFO             PET3     >>>esm: entered Initialize (phase=<none>) with current time: 2010  6  1  0  0  0   0
20220930 085633.631 INFO             PET3     esm: IInitCheck intro.
20220930 085633.631 INFO             PET3     esm: IInitCheck extro.
20220930 085633.631 INFO             PET3     atmA: InitializeIPDvXp04 intro.
20220930 085633.639 INFO             PET3     atmA: InitializeIPDvXp04 extro.
20220930 085633.640 INFO             PET3     ocnA: InitializeIPDvXp04 intro.
20220930 085633.648 INFO             PET3     ocnA: InitializeIPDvXp04 extro.
20220930 085633.649 INFO             PET3     ATM-TO-OCN: InitializeIPDv05p4 intro.
20220930 085633.657 INFO             PET3     ATM-TO-OCN: InitializeIPDv05p4 extro.
20220930 085633.658 INFO             PET3     OCN-TO-ATM: InitializeIPDv05p4 intro.
20220930 085633.663 INFO             PET3     OCN-TO-ATM: InitializeIPDv05p4 extro.
20220930 085633.664 INFO             PET3     ATM-TO-OCN: InitializeIPDv05p5 intro.
20220930 085633.672 INFO             PET3     ATM-TO-OCN: InitializeIPDv05p5 extro.
20220930 085633.672 INFO             PET3     OCN-TO-ATM: InitializeIPDv05p5 intro.
20220930 085633.678 INFO             PET3     OCN-TO-ATM: InitializeIPDv05p5 extro.
20220930 085633.678 INFO             PET3     esm: IInitRealize intro.
20220930 085633.678 INFO             PET3     esm: IInitRealize extro.
20220930 085633.678 INFO             PET3     ATM-TO-OCN: InitializeIPDv05p6a intro.
20220930 085633.686 INFO             PET3     ATM-TO-OCN: InitializeIPDv05p6a extro.
20220930 085712.780 INFO             PET3 !!!!!!!!!!!!!!!!!!!!!!!!!!!!!!!!!!!!!!!!!!!!!!!!!!!!!!
20220930 085712.781 INFO             PET3 !!! THE ESMF_LOG IS SET TO OUTPUT ALL LOG MESSAGES !!!
20220930 085712.781 INFO             PET3 !!!     THIS MAY CAUSE SLOWDOWN IN PERFORMANCE     !!!
20220930 085712.781 INFO             PET3 !!! FOR PRODUCTION RUNS, USE:                      !!!
20220930 085712.781 INFO             PET3 !!!                   ESMF_LOGKIND_Multi_On_Error  !!!
20220930 085712.781 INFO             PET3 !!!!!!!!!!!!!!!!!!!!!!!!!!!!!!!!!!!!!!!!!!!!!!!!!!!!!!
20220930 085712.781 INFO             PET3 Running with ESMF Version   : v8.4.0b15-7-gae8efd6d7f
20220930 085712.781 INFO             PET3 ESMF library build date/time: "Sep 30 2022" "07:40:54"
20220930 085712.781 INFO             PET3 ESMF library build location : /glade/scratch/dunlap/esmf-testing/nvhpc_21.11_openmpi_g_develop/esmf
20220930 085712.781 INFO             PET3 ESMF_COMM                   : openmpi
20220930 085712.781 INFO             PET3 ESMF_MOAB                   : enabled
20220930 085712.781 INFO             PET3 ESMF_LAPACK                 : enabled
20220930 085712.781 INFO             PET3 ESMF_NETCDF                 : enabled
20220930 085712.781 INFO             PET3 ESMF_PNETCDF                : disabled
20220930 085712.781 INFO             PET3 ESMF_PIO                    : enabled
20220930 085712.781 INFO             PET3 ESMF_YAMLCPP                : enabled
20220930 085712.781 INFO             PET3 esmApp STARTING
20220930 085712.787 INFO             PET3 esm: InitializeGeneric intro.
20220930 085712.787 INFO             PET3   esm: InitializeP0 intro.
20220930 085712.787 INFO             PET3   esm: InitializeP0 extro.
20220930 085712.788 INFO             PET3   esm: InitializeIPDv02p1 intro.
20220930 085712.788 INFO             PET3     >>>esm: entered Initialize (phase=<none>) without valid internal Clock.
20220930 085712.790 INFO             PET3     esm - Creating model component ATM without petList.
20220930 085712.795 INFO             PET3     esm - Creating model component OCN without petList.
20220930 085712.799 INFO             PET3     esm - Creating connector component ATM-TO-OCN without petList.
20220930 085712.807 INFO             PET3     esm - Creating connector component OCN-TO-ATM without petList.
20220930 085712.817 INFO             PET3     esm - Creating state: modelComp 1 Import State
20220930 085712.817 INFO             PET3     esm - Creating state: modelComp 1 Export State
20220930 085712.818 INFO             PET3     esm - Creating state: modelComp 2 Import State
20220930 085712.818 INFO             PET3     esm - Creating state: modelComp 2 Export State
20220930 085712.819 INFO             PET3     ATM: InitializeP0 intro.
20220930 085712.821 INFO             PET3     ATM: InitializeP0 extro.
20220930 085712.826 INFO             PET3     OCN: InitializeP0 intro.
20220930 085712.828 INFO             PET3     OCN: InitializeP0 extro.
20220930 085712.829 INFO             PET3     ATM-TO-OCN: InitializeP0 intro.
20220930 085712.830 INFO             PET3     ATM-TO-OCN: InitializeP0 extro.
20220930 085712.831 INFO             PET3     OCN-TO-ATM: InitializeP0 intro.
20220930 085712.832 INFO             PET3     OCN-TO-ATM: InitializeP0 extro.
20220930 085712.835 INFO             PET3     esm: IInitAdvertise intro.
20220930 085712.835 INFO             PET3     esm: IInitAdvertise extro.
20220930 085712.835 INFO             PET3     ATM: InitializeIPDvXp01 intro.
20220930 085712.839 INFO             PET3     ATM: InitializeIPDvXp01 extro.
20220930 085712.842 INFO             PET3     OCN: InitializeIPDvXp01 intro.
20220930 085712.845 INFO             PET3     OCN: InitializeIPDvXp01 extro.
20220930 085712.848 INFO             PET3     ATM-TO-OCN: InitializeIPDv05p1 intro.
20220930 085712.854 INFO             PET3     ATM-TO-OCN: InitializeIPDv05p1 extro.
20220930 085712.854 INFO             PET3     OCN-TO-ATM: InitializeIPDv05p1 intro.
20220930 085712.858 INFO             PET3     OCN-TO-ATM: InitializeIPDv05p1 extro.
20220930 085712.858 INFO             PET3     esm: IInitAdvertiseFinish intro.
20220930 085712.858 INFO             PET3     esm: IInitAdvertiseFinish extro.
20220930 085712.859 INFO             PET3     ATM-TO-OCN: InitializeIPDv05p2a intro.
20220930 085712.864 INFO             PET3     ATM-TO-OCN: InitializeIPDv05p2a extro.
20220930 085712.864 INFO             PET3     OCN-TO-ATM: InitializeIPDv05p2a intro.
20220930 085712.868 INFO             PET3     OCN-TO-ATM: InitializeIPDv05p2a extro.
20220930 085712.868 INFO             PET3     ATM-TO-OCN: InitializeIPDv05p2b intro.
20220930 085712.874 INFO             PET3     ATM-TO-OCN: InitializeIPDv05p2b extro.
20220930 085712.874 INFO             PET3     OCN-TO-ATM: InitializeIPDv05p2b intro.
20220930 085712.878 INFO             PET3     OCN-TO-ATM: InitializeIPDv05p2b extro.
20220930 085712.879 INFO             PET3     esm: IInitModifyCplLists intro.
20220930 085712.879 INFO             PET3     esm: IInitModifyCplLists extro.
20220930 085712.879 INFO             PET3     ATM-TO-OCN: InitializeIPDv05p3 intro.
20220930 085712.885 INFO             PET3     ATM-TO-OCN: InitializeIPDv05p3 extro.
20220930 085712.885 INFO             PET3     OCN-TO-ATM: InitializeIPDv05p3 intro.
20220930 085712.890 INFO             PET3     OCN-TO-ATM: InitializeIPDv05p3 extro.
20220930 085712.890 INFO             PET3     <<<esm: leaving Initialize (phase=<none>) with current time: 2010  6  1  0  0  0   0
20220930 085712.890 INFO             PET3   esm: InitializeIPDv02p1 extro.
20220930 085712.890 INFO             PET3   esm: InitializeIPDv02p3 intro.
20220930 085712.890 INFO             PET3     >>>esm: entered Initialize (phase=<none>) with current time: 2010  6  1  0  0  0   0
20220930 085712.890 INFO             PET3     esm: IInitCheck intro.
20220930 085712.890 INFO             PET3     esm: IInitCheck extro.
20220930 085712.891 INFO             PET3     atmB: InitializeIPDvXp04 intro.
20220930 085712.897 INFO             PET3     atmB: InitializeIPDvXp04 extro.
20220930 085712.900 INFO             PET3     ocnA: InitializeIPDvXp04 intro.
20220930 085712.906 INFO             PET3     ocnA: InitializeIPDvXp04 extro.
20220930 085712.909 INFO             PET3     ATM-TO-OCN: InitializeIPDv05p4 intro.
20220930 085712.917 INFO             PET3     ATM-TO-OCN: InitializeIPDv05p4 extro.
20220930 085712.917 INFO             PET3     OCN-TO-ATM: InitializeIPDv05p4 intro.
20220930 085712.923 INFO             PET3     OCN-TO-ATM: InitializeIPDv05p4 extro.
20220930 085712.924 INFO             PET3     ATM-TO-OCN: InitializeIPDv05p5 intro.
20220930 085712.932 INFO             PET3     ATM-TO-OCN: InitializeIPDv05p5 extro.
20220930 085712.932 INFO             PET3     OCN-TO-ATM: InitializeIPDv05p5 intro.
20220930 085712.938 INFO             PET3     OCN-TO-ATM: InitializeIPDv05p5 extro.
20220930 085712.938 INFO             PET3     esm: IInitRealize intro.
20220930 085712.938 INFO             PET3     esm: IInitRealize extro.
20220930 085712.938 INFO             PET3     ATM-TO-OCN: InitializeIPDv05p6a intro.
20220930 085712.946 INFO             PET3     ATM-TO-OCN: InitializeIPDv05p6a extro.
