2022-09-29 10:17:08
20220929 112724.228 INFO             PET0 !!!!!!!!!!!!!!!!!!!!!!!!!!!!!!!!!!!!!!!!!!!!!!!!!!!!!!
20220929 112724.228 INFO             PET0 !!! THE ESMF_LOG IS SET TO OUTPUT ALL LOG MESSAGES !!!
20220929 112724.228 INFO             PET0 !!!     THIS MAY CAUSE SLOWDOWN IN PERFORMANCE     !!!
20220929 112724.228 INFO             PET0 !!! FOR PRODUCTION RUNS, USE:                      !!!
20220929 112724.228 INFO             PET0 !!!                   ESMF_LOGKIND_Multi_On_Error  !!!
20220929 112724.228 INFO             PET0 !!!!!!!!!!!!!!!!!!!!!!!!!!!!!!!!!!!!!!!!!!!!!!!!!!!!!!
20220929 112724.228 INFO             PET0 Running with ESMF Version   : v8.4.0b15-3-g3dcba377fa
20220929 112724.229 INFO             PET0 ESMF library build date/time: "Sep 29 2022" "10:13:56"
20220929 112724.229 INFO             PET0 ESMF library build location : /glade/scratch/dunlap/esmf-testing/nvhpc_21.11_openmpi_g_develop/esmf
20220929 112724.229 INFO             PET0 ESMF_COMM                   : openmpi
20220929 112724.229 INFO             PET0 ESMF_MOAB                   : enabled
20220929 112724.229 INFO             PET0 ESMF_LAPACK                 : enabled
20220929 112724.229 INFO             PET0 ESMF_NETCDF                 : enabled
20220929 112724.229 INFO             PET0 ESMF_PNETCDF                : disabled
20220929 112724.229 INFO             PET0 ESMF_PIO                    : enabled
20220929 112724.229 INFO             PET0 ESMF_YAMLCPP                : enabled
20220929 112724.229 INFO             PET0 esmApp STARTING
20220929 112724.236 INFO             PET0 esm: InitializeGeneric intro.
20220929 112724.236 INFO             PET0   esm: InitializeP0 intro.
20220929 112724.236 INFO             PET0   esm: InitializeP0 extro.
20220929 112724.236 INFO             PET0   esm: InitializeIPDv02p1 intro.
20220929 112724.236 INFO             PET0     >>>esm: entered Initialize (phase=<none>) without valid internal Clock.
20220929 112724.237 INFO             PET0     esm - Creating model component ATM with petList of size 2 :
20220929 112724.237 INFO             PET0           0      1
20220929 112724.240 INFO             PET0     esm - Creating model component OCN with petList of size 1 :
20220929 112724.241 INFO             PET0           2
20220929 112724.244 INFO             PET0     esm - Creating model component RTM with petList of size 1 :
20220929 112724.244 INFO             PET0           3
20220929 112724.245 INFO             PET0     esm - Creating state: modelComp 1 Import State
20220929 112724.245 INFO             PET0     esm - Creating state: modelComp 1 Export State
20220929 112724.245 INFO             PET0     esm - Creating state: modelComp 2 Import State
20220929 112724.245 INFO             PET0     esm - Creating state: modelComp 2 Export State
20220929 112724.246 INFO             PET0     esm - Creating state: modelComp 3 Import State
20220929 112724.246 INFO             PET0     esm - Creating state: modelComp 3 Export State
20220929 112724.248 INFO             PET0     ATM: InitializeP0 intro.
20220929 112724.249 INFO             PET0     ATM: InitializeP0 extro.
20220929 112724.258 INFO             PET0     esm - Creating connector component ATM-TO-RTM with petList of size 3 :
20220929 112724.258 INFO             PET0           0      1      3
20220929 112724.267 INFO             PET0     esm - Setting Verbosity on created component to: high
20220929 112724.267 INFO             PET0     esm - Setting Profiling on created component to:          0
20220929 112724.267 INFO             PET0     esm - Creating connector component RTM-TO-OCN with petList of size 2 :
20220929 112724.267 INFO             PET0           3      2
20220929 112724.276 INFO             PET0     esm - Setting Verbosity on created component to: high
20220929 112724.276 INFO             PET0     esm - Setting Profiling on created component to:          0
20220929 112724.276 INFO             PET0     esm - Creating connector component ATM-TO-OCN with petList of size 3 :
20220929 112724.276 INFO             PET0           0      1      2
20220929 112724.291 INFO             PET0     esm - Setting Verbosity on created component to: high
20220929 112724.291 INFO             PET0     esm - Setting Profiling on created component to:          0
20220929 112724.291 INFO             PET0     esm - Creating connector component OCN-TO-ATM with petList of size 3 :
20220929 112724.291 INFO             PET0           2      0      1
20220929 112724.300 INFO             PET0     esm - Setting Verbosity on created component to: high
20220929 112724.300 INFO             PET0     esm - Setting Profiling on created component to:          0
20220929 112724.305 INFO             PET0     esm: IInitAdvertise intro.
20220929 112724.305 INFO             PET0     esm: IInitAdvertise extro.
20220929 112724.305 INFO             PET0     ATM: InitializeIPDvXp01 intro.
20220929 112724.310 INFO             PET0     ATM: InitializeIPDvXp01 extro.
20220929 112724.322 INFO             PET0     ATM-TO-OCN: InitializeIPDv05p1 intro.
20220929 112724.332 INFO             PET0       ATM-TO-OCN: importState FieldTransferPolicy = transferNone
20220929 112724.332 INFO             PET0       ATM-TO-OCN: exportState FieldTransferPolicy = transferNone
20220929 112724.332 INFO             PET0     ATM-TO-OCN: InitializeIPDv05p1 extro.
20220929 112724.332 INFO             PET0     ATM-TO-RTM: InitializeIPDv05p1 intro.
20220929 112724.340 INFO             PET0       ATM-TO-RTM: importState FieldTransferPolicy = transferNone
20220929 112724.340 INFO             PET0       ATM-TO-RTM: exportState FieldTransferPolicy = transferNone
20220929 112724.340 INFO             PET0     ATM-TO-RTM: InitializeIPDv05p1 extro.
20220929 112724.340 INFO             PET0     OCN-TO-ATM: InitializeIPDv05p1 intro.
20220929 112724.345 INFO             PET0       OCN-TO-ATM: importState FieldTransferPolicy = transferNone
20220929 112724.345 INFO             PET0       OCN-TO-ATM: exportState FieldTransferPolicy = transferNone
20220929 112724.345 INFO             PET0     OCN-TO-ATM: InitializeIPDv05p1 extro.
20220929 112724.345 INFO             PET0     esm: IInitAdvertiseFinish intro.
20220929 112724.345 INFO             PET0     esm: IInitAdvertiseFinish extro.
20220929 112724.345 INFO             PET0     ATM-TO-OCN: InitializeIPDv05p2a intro.
20220929 112724.361 INFO             PET0       ATM-TO-OCN:      importStandardNameList(i=  2): air_pressure_at_sea_level
20220929 112724.361 INFO             PET0       ATM-TO-OCN:         importNamespaceList(i=  2): ATM
20220929 112724.361 INFO             PET0       ATM-TO-OCN:            importCplSetList(i=  2): __UNSPECIFIED__
20220929 112724.361 INFO             PET0       ATM-TO-OCN:      exportStandardNameList(j=  2): air_pressure_at_sea_level
20220929 112724.361 INFO             PET0       ATM-TO-OCN:         exportNamespaceList(j=  2): OCN
20220929 112724.361 INFO             PET0       ATM-TO-OCN:            exportCplSetList(j=  2): __UNSPECIFIED__
20220929 112724.361 INFO             PET0       ATM-TO-OCN: bondLevel= 1
20220929 112724.361 INFO             PET0       ATM-TO-OCN: ProducerConnection (bondLevelMax):         1
20220929 112724.361 INFO             PET0       ATM-TO-OCN:      importStandardNameList(i=  3): surface_net_downward_shortwave_flux
20220929 112724.361 INFO             PET0       ATM-TO-OCN:         importNamespaceList(i=  3): ATM
20220929 112724.361 INFO             PET0       ATM-TO-OCN:            importCplSetList(i=  3): __UNSPECIFIED__
20220929 112724.361 INFO             PET0       ATM-TO-OCN:      exportStandardNameList(j=  3): surface_net_downward_shortwave_flux
20220929 112724.361 INFO             PET0       ATM-TO-OCN:         exportNamespaceList(j=  3): OCN
20220929 112724.361 INFO             PET0       ATM-TO-OCN:            exportCplSetList(j=  3): __UNSPECIFIED__
20220929 112724.361 INFO             PET0       ATM-TO-OCN: bondLevel= 1
20220929 112724.361 INFO             PET0       ATM-TO-OCN: ProducerConnection (bondLevelMax):         1
20220929 112724.361 INFO             PET0     ATM-TO-OCN: InitializeIPDv05p2a extro.
20220929 112724.362 INFO             PET0     ATM-TO-RTM: InitializeIPDv05p2a intro.
20220929 112724.369 INFO             PET0       ATM-TO-RTM:      importStandardNameList(i=  1): field_to_rtm
20220929 112724.369 INFO             PET0       ATM-TO-RTM:         importNamespaceList(i=  1): ATM
20220929 112724.369 INFO             PET0       ATM-TO-RTM:            importCplSetList(i=  1): __UNSPECIFIED__
20220929 112724.369 INFO             PET0       ATM-TO-RTM:      exportStandardNameList(j=  1): field_to_rtm
20220929 112724.369 INFO             PET0       ATM-TO-RTM:         exportNamespaceList(j=  1): RTM
20220929 112724.369 INFO             PET0       ATM-TO-RTM:            exportCplSetList(j=  1): __UNSPECIFIED__
20220929 112724.369 INFO             PET0       ATM-TO-RTM: bondLevel= 1
20220929 112724.369 INFO             PET0       ATM-TO-RTM: ProducerConnection (bondLevelMax):         1
20220929 112724.369 INFO             PET0     ATM-TO-RTM: InitializeIPDv05p2a extro.
20220929 112724.369 INFO             PET0     OCN-TO-ATM: InitializeIPDv05p2a intro.
20220929 112724.374 INFO             PET0       OCN-TO-ATM:      importStandardNameList(i=  1): sea_surface_temperature
20220929 112724.374 INFO             PET0       OCN-TO-ATM:         importNamespaceList(i=  1): OCN
20220929 112724.374 INFO             PET0       OCN-TO-ATM:            importCplSetList(i=  1): __UNSPECIFIED__
20220929 112724.374 INFO             PET0       OCN-TO-ATM:      exportStandardNameList(j=  1): sea_surface_temperature
20220929 112724.374 INFO             PET0       OCN-TO-ATM:         exportNamespaceList(j=  1): ATM
20220929 112724.374 INFO             PET0       OCN-TO-ATM:            exportCplSetList(j=  1): __UNSPECIFIED__
20220929 112724.374 INFO             PET0       OCN-TO-ATM: bondLevel= 1
20220929 112724.374 INFO             PET0       OCN-TO-ATM: ProducerConnection (bondLevelMax):         1
20220929 112724.374 INFO             PET0     OCN-TO-ATM: InitializeIPDv05p2a extro.
20220929 112724.374 INFO             PET0     ATM-TO-OCN: InitializeIPDv05p2b intro.
20220929 112724.390 INFO             PET0       ATM-TO-OCN:      importStandardNameList(i=  2): air_pressure_at_sea_level
20220929 112724.390 INFO             PET0       ATM-TO-OCN:         importNamespaceList(i=  2): ATM
20220929 112724.390 INFO             PET0       ATM-TO-OCN:            importCplSetList(i=  2): __UNSPECIFIED__
20220929 112724.390 INFO             PET0       ATM-TO-OCN:      exportStandardNameList(j=  2): air_pressure_at_sea_level
20220929 112724.390 INFO             PET0       ATM-TO-OCN:         exportNamespaceList(j=  2): OCN
20220929 112724.390 INFO             PET0       ATM-TO-OCN:            exportCplSetList(j=  2): __UNSPECIFIED__
20220929 112724.390 INFO             PET0       ATM-TO-OCN: bondLevel= 1
20220929 112724.390 INFO             PET0       ATM-TO-OCN: => added cplList(  1)=air_pressure_at_sea_level, cplSetList(  1)=__UNSPECIFIED__
20220929 112724.390 INFO             PET0       ATM-TO-OCN:      importStandardNameList(i=  3): surface_net_downward_shortwave_flux
20220929 112724.390 INFO             PET0       ATM-TO-OCN:         importNamespaceList(i=  3): ATM
20220929 112724.390 INFO             PET0       ATM-TO-OCN:            importCplSetList(i=  3): __UNSPECIFIED__
20220929 112724.390 INFO             PET0       ATM-TO-OCN:      exportStandardNameList(j=  3): surface_net_downward_shortwave_flux
20220929 112724.390 INFO             PET0       ATM-TO-OCN:         exportNamespaceList(j=  3): OCN
20220929 112724.390 INFO             PET0       ATM-TO-OCN:            exportCplSetList(j=  3): __UNSPECIFIED__
20220929 112724.390 INFO             PET0       ATM-TO-OCN: bondLevel= 1
20220929 112724.390 INFO             PET0       ATM-TO-OCN: => added cplList(  2)=surface_net_downward_shortwave_flux, cplSetList(  2)=__UNSPECIFIED__
20220929 112724.391 INFO             PET0     ATM-TO-OCN: InitializeIPDv05p2b extro.
20220929 112724.391 INFO             PET0     ATM-TO-RTM: InitializeIPDv05p2b intro.
20220929 112724.398 INFO             PET0       ATM-TO-RTM:      importStandardNameList(i=  1): field_to_rtm
20220929 112724.398 INFO             PET0       ATM-TO-RTM:         importNamespaceList(i=  1): ATM
20220929 112724.398 INFO             PET0       ATM-TO-RTM:            importCplSetList(i=  1): __UNSPECIFIED__
20220929 112724.398 INFO             PET0       ATM-TO-RTM:      exportStandardNameList(j=  1): field_to_rtm
20220929 112724.398 INFO             PET0       ATM-TO-RTM:         exportNamespaceList(j=  1): RTM
20220929 112724.398 INFO             PET0       ATM-TO-RTM:            exportCplSetList(j=  1): __UNSPECIFIED__
20220929 112724.398 INFO             PET0       ATM-TO-RTM: bondLevel= 1
20220929 112724.398 INFO             PET0       ATM-TO-RTM: => added cplList(  1)=field_to_rtm, cplSetList(  1)=__UNSPECIFIED__
20220929 112724.398 INFO             PET0     ATM-TO-RTM: InitializeIPDv05p2b extro.
20220929 112724.398 INFO             PET0     OCN-TO-ATM: InitializeIPDv05p2b intro.
20220929 112724.403 INFO             PET0       OCN-TO-ATM:      importStandardNameList(i=  1): sea_surface_temperature
20220929 112724.403 INFO             PET0       OCN-TO-ATM:         importNamespaceList(i=  1): OCN
20220929 112724.403 INFO             PET0       OCN-TO-ATM:            importCplSetList(i=  1): __UNSPECIFIED__
20220929 112724.403 INFO             PET0       OCN-TO-ATM:      exportStandardNameList(j=  1): sea_surface_temperature
20220929 112724.403 INFO             PET0       OCN-TO-ATM:         exportNamespaceList(j=  1): ATM
20220929 112724.403 INFO             PET0       OCN-TO-ATM:            exportCplSetList(j=  1): __UNSPECIFIED__
20220929 112724.403 INFO             PET0       OCN-TO-ATM: bondLevel= 1
20220929 112724.403 INFO             PET0       OCN-TO-ATM: => added cplList(  1)=sea_surface_temperature, cplSetList(  1)=__UNSPECIFIED__
20220929 112724.403 INFO             PET0     OCN-TO-ATM: InitializeIPDv05p2b extro.
20220929 112724.404 INFO             PET0     esm: IInitModifyCplLists intro.
20220929 112724.404 INFO             PET0     esm: IInitModifyCplLists extro.
20220929 112724.404 INFO             PET0     ATM-TO-OCN: InitializeIPDv05p3 intro.
20220929 112724.420 INFO             PET0       ATM-TO-OCN: handle cplList(1): air_pressure_at_sea_level, cplSetList(1): __UNSPECIFIED__
20220929 112724.421 INFO             PET0       ATM-TO-OCN: - connected.
20220929 112724.421 INFO             PET0       ATM-TO-OCN: - both sides must provide the Field/GeomObject.
20220929 112724.421 INFO             PET0       ATM-TO-OCN: handle cplList(2): surface_net_downward_shortwave_flux, cplSetList(2): __UNSPECIFIED__
20220929 112724.421 INFO             PET0       ATM-TO-OCN: - connected.
20220929 112724.421 INFO             PET0       ATM-TO-OCN: - both sides must provide the Field/GeomObject.
20220929 112724.421 INFO             PET0     ATM-TO-OCN: InitializeIPDv05p3 extro.
20220929 112724.421 INFO             PET0     ATM-TO-RTM: InitializeIPDv05p3 intro.
20220929 112724.428 INFO             PET0       ATM-TO-RTM: handle cplList(1): field_to_rtm, cplSetList(1): __UNSPECIFIED__
20220929 112724.428 INFO             PET0       ATM-TO-RTM: - connected.
20220929 112724.428 INFO             PET0       ATM-TO-RTM: - both sides must provide the Field/GeomObject.
20220929 112724.428 INFO             PET0     ATM-TO-RTM: InitializeIPDv05p3 extro.
20220929 112724.429 INFO             PET0     OCN-TO-ATM: InitializeIPDv05p3 intro.
20220929 112724.434 INFO             PET0       OCN-TO-ATM: handle cplList(1): sea_surface_temperature, cplSetList(1): __UNSPECIFIED__
20220929 112724.434 INFO             PET0       OCN-TO-ATM: - connected.
20220929 112724.434 INFO             PET0       OCN-TO-ATM: - both sides must provide the Field/GeomObject.
20220929 112724.434 INFO             PET0     OCN-TO-ATM: InitializeIPDv05p3 extro.
20220929 112724.434 INFO             PET0     <<<esm: leaving Initialize (phase=<none>) with current time: 2010  6  1  0  0  0   0
20220929 112724.434 INFO             PET0   esm: InitializeIPDv02p1 extro.
20220929 112724.434 INFO             PET0   esm: InitializeIPDv02p3 intro.
20220929 112724.434 INFO             PET0     >>>esm: entered Initialize (phase=<none>) with current time: 2010  6  1  0  0  0   0
20220929 112724.435 INFO             PET0     esm: IInitCheck intro.
20220929 112724.435 INFO             PET0     esm: IInitCheck extro.
20220929 112724.435 INFO             PET0     ATM: InitializeIPDvXp04 intro.
20220929 112724.443 INFO             PET0     ATM: InitializeIPDvXp04 extro.
20220929 112724.461 INFO             PET0     ATM-TO-OCN: InitializeIPDv05p4 intro.
20220929 112724.476 INFO             PET0       ATM-TO-OCN: handle cplList(1): air_pressure_at_sea_level, cplSetList(1): __UNSPECIFIED__
20220929 112724.477 INFO             PET0       ATM-TO-OCN: - nothing shared or transferred
20220929 112724.477 INFO             PET0       ATM-TO-OCN: handle cplList(2): surface_net_downward_shortwave_flux, cplSetList(2): __UNSPECIFIED__
20220929 112724.477 INFO             PET0       ATM-TO-OCN: - nothing shared or transferred
20220929 112724.477 INFO             PET0     ATM-TO-OCN: InitializeIPDv05p4 extro.
20220929 112724.477 INFO             PET0     ATM-TO-RTM: InitializeIPDv05p4 intro.
20220929 112724.488 INFO             PET0       ATM-TO-RTM: handle cplList(1): field_to_rtm, cplSetList(1): __UNSPECIFIED__
20220929 112724.488 INFO             PET0       ATM-TO-RTM: - nothing shared or transferred
20220929 112724.488 INFO             PET0     ATM-TO-RTM: InitializeIPDv05p4 extro.
20220929 112724.488 INFO             PET0     OCN-TO-ATM: InitializeIPDv05p4 intro.
20220929 112724.496 INFO             PET0       OCN-TO-ATM: handle cplList(1): sea_surface_temperature, cplSetList(1): __UNSPECIFIED__
20220929 112724.496 INFO             PET0       OCN-TO-ATM: - nothing shared or transferred
20220929 112724.496 INFO             PET0     OCN-TO-ATM: InitializeIPDv05p4 extro.
20220929 112724.496 INFO             PET0     ATM-TO-OCN: InitializeIPDv05p5 intro.
20220929 112724.522 INFO             PET0       ATM-TO-OCN: handle cplList(1): air_pressure_at_sea_level, cplSetList(1): __UNSPECIFIED__
20220929 112724.522 INFO             PET0       ATM-TO-OCN: - nothing shared or transferred, or may already be handled
20220929 112724.522 INFO             PET0       ATM-TO-OCN: handle cplList(2): surface_net_downward_shortwave_flux, cplSetList(2): __UNSPECIFIED__
20220929 112724.522 INFO             PET0       ATM-TO-OCN: - nothing shared or transferred, or may already be handled
20220929 112724.522 INFO             PET0     ATM-TO-OCN: InitializeIPDv05p5 extro.
20220929 112724.522 INFO             PET0     ATM-TO-RTM: InitializeIPDv05p5 intro.
20220929 112724.534 INFO             PET0       ATM-TO-RTM: handle cplList(1): field_to_rtm, cplSetList(1): __UNSPECIFIED__
20220929 112724.534 INFO             PET0       ATM-TO-RTM: - nothing shared or transferred, or may already be handled
20220929 112724.534 INFO             PET0     ATM-TO-RTM: InitializeIPDv05p5 extro.
20220929 112724.534 INFO             PET0     OCN-TO-ATM: InitializeIPDv05p5 intro.
20220929 112724.541 INFO             PET0       OCN-TO-ATM: handle cplList(1): sea_surface_temperature, cplSetList(1): __UNSPECIFIED__
20220929 112724.541 INFO             PET0       OCN-TO-ATM: - nothing shared or transferred, or may already be handled
20220929 112724.541 INFO             PET0     OCN-TO-ATM: InitializeIPDv05p5 extro.
20220929 112724.542 INFO             PET0     esm: IInitRealize intro.
20220929 112724.542 INFO             PET0     esm: IInitRealize extro.
20220929 112724.542 INFO             PET0     ATM-TO-OCN: InitializeIPDv05p6a intro.
20220929 112724.568 INFO             PET0     ATM-TO-OCN: InitializeIPDv05p6a extro.
20220929 112724.228 INFO             PET1 !!!!!!!!!!!!!!!!!!!!!!!!!!!!!!!!!!!!!!!!!!!!!!!!!!!!!!
20220929 112724.228 INFO             PET1 !!! THE ESMF_LOG IS SET TO OUTPUT ALL LOG MESSAGES !!!
20220929 112724.228 INFO             PET1 !!!     THIS MAY CAUSE SLOWDOWN IN PERFORMANCE     !!!
20220929 112724.228 INFO             PET1 !!! FOR PRODUCTION RUNS, USE:                      !!!
20220929 112724.228 INFO             PET1 !!!                   ESMF_LOGKIND_Multi_On_Error  !!!
20220929 112724.228 INFO             PET1 !!!!!!!!!!!!!!!!!!!!!!!!!!!!!!!!!!!!!!!!!!!!!!!!!!!!!!
20220929 112724.228 INFO             PET1 Running with ESMF Version   : v8.4.0b15-3-g3dcba377fa
20220929 112724.228 INFO             PET1 ESMF library build date/time: "Sep 29 2022" "10:13:56"
20220929 112724.228 INFO             PET1 ESMF library build location : /glade/scratch/dunlap/esmf-testing/nvhpc_21.11_openmpi_g_develop/esmf
20220929 112724.228 INFO             PET1 ESMF_COMM                   : openmpi
20220929 112724.228 INFO             PET1 ESMF_MOAB                   : enabled
20220929 112724.228 INFO             PET1 ESMF_LAPACK                 : enabled
20220929 112724.228 INFO             PET1 ESMF_NETCDF                 : enabled
20220929 112724.228 INFO             PET1 ESMF_PNETCDF                : disabled
20220929 112724.228 INFO             PET1 ESMF_PIO                    : enabled
20220929 112724.228 INFO             PET1 ESMF_YAMLCPP                : enabled
20220929 112724.229 INFO             PET1 esmApp STARTING
20220929 112724.236 INFO             PET1 esm: InitializeGeneric intro.
20220929 112724.236 INFO             PET1   esm: InitializeP0 intro.
20220929 112724.236 INFO             PET1   esm: InitializeP0 extro.
20220929 112724.236 INFO             PET1   esm: InitializeIPDv02p1 intro.
20220929 112724.236 INFO             PET1     >>>esm: entered Initialize (phase=<none>) without valid internal Clock.
20220929 112724.237 INFO             PET1     esm - Creating model component ATM with petList of size 2 :
20220929 112724.237 INFO             PET1           0      1
20220929 112724.240 INFO             PET1     esm - Creating model component OCN with petList of size 1 :
20220929 112724.241 INFO             PET1           2
20220929 112724.244 INFO             PET1     esm - Creating model component RTM with petList of size 1 :
20220929 112724.244 INFO             PET1           3
20220929 112724.245 INFO             PET1     esm - Creating state: modelComp 1 Import State
20220929 112724.245 INFO             PET1     esm - Creating state: modelComp 1 Export State
20220929 112724.245 INFO             PET1     esm - Creating state: modelComp 2 Import State
20220929 112724.245 INFO             PET1     esm - Creating state: modelComp 2 Export State
20220929 112724.246 INFO             PET1     esm - Creating state: modelComp 3 Import State
20220929 112724.246 INFO             PET1     esm - Creating state: modelComp 3 Export State
20220929 112724.248 INFO             PET1     ATM: InitializeP0 intro.
20220929 112724.249 INFO             PET1     ATM: InitializeP0 extro.
20220929 112724.258 INFO             PET1     esm - Creating connector component ATM-TO-RTM with petList of size 3 :
20220929 112724.258 INFO             PET1           0      1      3
20220929 112724.267 INFO             PET1     esm - Setting Verbosity on created component to: high
20220929 112724.267 INFO             PET1     esm - Setting Profiling on created component to:          0
20220929 112724.267 INFO             PET1     esm - Creating connector component RTM-TO-OCN with petList of size 2 :
20220929 112724.267 INFO             PET1           3      2
20220929 112724.276 INFO             PET1     esm - Setting Verbosity on created component to: high
20220929 112724.276 INFO             PET1     esm - Setting Profiling on created component to:          0
20220929 112724.276 INFO             PET1     esm - Creating connector component ATM-TO-OCN with petList of size 3 :
20220929 112724.276 INFO             PET1           0      1      2
20220929 112724.291 INFO             PET1     esm - Setting Verbosity on created component to: high
20220929 112724.291 INFO             PET1     esm - Setting Profiling on created component to:          0
20220929 112724.291 INFO             PET1     esm - Creating connector component OCN-TO-ATM with petList of size 3 :
20220929 112724.291 INFO             PET1           2      0      1
20220929 112724.300 INFO             PET1     esm - Setting Verbosity on created component to: high
20220929 112724.300 INFO             PET1     esm - Setting Profiling on created component to:          0
20220929 112724.305 INFO             PET1     esm: IInitAdvertise intro.
20220929 112724.305 INFO             PET1     esm: IInitAdvertise extro.
20220929 112724.305 INFO             PET1     ATM: InitializeIPDvXp01 intro.
20220929 112724.310 INFO             PET1     ATM: InitializeIPDvXp01 extro.
20220929 112724.322 INFO             PET1     ATM-TO-OCN: InitializeIPDv05p1 intro.
20220929 112724.332 INFO             PET1       ATM-TO-OCN: importState FieldTransferPolicy = transferNone
20220929 112724.332 INFO             PET1       ATM-TO-OCN: exportState FieldTransferPolicy = transferNone
20220929 112724.332 INFO             PET1     ATM-TO-OCN: InitializeIPDv05p1 extro.
20220929 112724.332 INFO             PET1     ATM-TO-RTM: InitializeIPDv05p1 intro.
20220929 112724.340 INFO             PET1       ATM-TO-RTM: importState FieldTransferPolicy = transferNone
20220929 112724.340 INFO             PET1       ATM-TO-RTM: exportState FieldTransferPolicy = transferNone
20220929 112724.340 INFO             PET1     ATM-TO-RTM: InitializeIPDv05p1 extro.
20220929 112724.340 INFO             PET1     OCN-TO-ATM: InitializeIPDv05p1 intro.
20220929 112724.345 INFO             PET1       OCN-TO-ATM: importState FieldTransferPolicy = transferNone
20220929 112724.345 INFO             PET1       OCN-TO-ATM: exportState FieldTransferPolicy = transferNone
20220929 112724.345 INFO             PET1     OCN-TO-ATM: InitializeIPDv05p1 extro.
20220929 112724.345 INFO             PET1     esm: IInitAdvertiseFinish intro.
20220929 112724.345 INFO             PET1     esm: IInitAdvertiseFinish extro.
20220929 112724.345 INFO             PET1     ATM-TO-OCN: InitializeIPDv05p2a intro.
20220929 112724.361 INFO             PET1       ATM-TO-OCN:      importStandardNameList(i=  2): air_pressure_at_sea_level
20220929 112724.361 INFO             PET1       ATM-TO-OCN:         importNamespaceList(i=  2): ATM
20220929 112724.361 INFO             PET1       ATM-TO-OCN:            importCplSetList(i=  2): __UNSPECIFIED__
20220929 112724.361 INFO             PET1       ATM-TO-OCN:      exportStandardNameList(j=  2): air_pressure_at_sea_level
20220929 112724.361 INFO             PET1       ATM-TO-OCN:         exportNamespaceList(j=  2): OCN
20220929 112724.361 INFO             PET1       ATM-TO-OCN:            exportCplSetList(j=  2): __UNSPECIFIED__
20220929 112724.361 INFO             PET1       ATM-TO-OCN: bondLevel= 1
20220929 112724.361 INFO             PET1       ATM-TO-OCN: ProducerConnection (bondLevelMax):         1
20220929 112724.361 INFO             PET1       ATM-TO-OCN:      importStandardNameList(i=  3): surface_net_downward_shortwave_flux
20220929 112724.361 INFO             PET1       ATM-TO-OCN:         importNamespaceList(i=  3): ATM
20220929 112724.361 INFO             PET1       ATM-TO-OCN:            importCplSetList(i=  3): __UNSPECIFIED__
20220929 112724.361 INFO             PET1       ATM-TO-OCN:      exportStandardNameList(j=  3): surface_net_downward_shortwave_flux
20220929 112724.361 INFO             PET1       ATM-TO-OCN:         exportNamespaceList(j=  3): OCN
20220929 112724.361 INFO             PET1       ATM-TO-OCN:            exportCplSetList(j=  3): __UNSPECIFIED__
20220929 112724.361 INFO             PET1       ATM-TO-OCN: bondLevel= 1
20220929 112724.361 INFO             PET1       ATM-TO-OCN: ProducerConnection (bondLevelMax):         1
20220929 112724.361 INFO             PET1     ATM-TO-OCN: InitializeIPDv05p2a extro.
20220929 112724.362 INFO             PET1     ATM-TO-RTM: InitializeIPDv05p2a intro.
20220929 112724.369 INFO             PET1       ATM-TO-RTM:      importStandardNameList(i=  1): field_to_rtm
20220929 112724.369 INFO             PET1       ATM-TO-RTM:         importNamespaceList(i=  1): ATM
20220929 112724.369 INFO             PET1       ATM-TO-RTM:            importCplSetList(i=  1): __UNSPECIFIED__
20220929 112724.369 INFO             PET1       ATM-TO-RTM:      exportStandardNameList(j=  1): field_to_rtm
20220929 112724.369 INFO             PET1       ATM-TO-RTM:         exportNamespaceList(j=  1): RTM
20220929 112724.369 INFO             PET1       ATM-TO-RTM:            exportCplSetList(j=  1): __UNSPECIFIED__
20220929 112724.369 INFO             PET1       ATM-TO-RTM: bondLevel= 1
20220929 112724.369 INFO             PET1       ATM-TO-RTM: ProducerConnection (bondLevelMax):         1
20220929 112724.369 INFO             PET1     ATM-TO-RTM: InitializeIPDv05p2a extro.
20220929 112724.369 INFO             PET1     OCN-TO-ATM: InitializeIPDv05p2a intro.
20220929 112724.374 INFO             PET1       OCN-TO-ATM:      importStandardNameList(i=  1): sea_surface_temperature
20220929 112724.374 INFO             PET1       OCN-TO-ATM:         importNamespaceList(i=  1): OCN
20220929 112724.374 INFO             PET1       OCN-TO-ATM:            importCplSetList(i=  1): __UNSPECIFIED__
20220929 112724.374 INFO             PET1       OCN-TO-ATM:      exportStandardNameList(j=  1): sea_surface_temperature
20220929 112724.374 INFO             PET1       OCN-TO-ATM:         exportNamespaceList(j=  1): ATM
20220929 112724.374 INFO             PET1       OCN-TO-ATM:            exportCplSetList(j=  1): __UNSPECIFIED__
20220929 112724.374 INFO             PET1       OCN-TO-ATM: bondLevel= 1
20220929 112724.374 INFO             PET1       OCN-TO-ATM: ProducerConnection (bondLevelMax):         1
20220929 112724.374 INFO             PET1     OCN-TO-ATM: InitializeIPDv05p2a extro.
20220929 112724.374 INFO             PET1     ATM-TO-OCN: InitializeIPDv05p2b intro.
20220929 112724.390 INFO             PET1       ATM-TO-OCN:      importStandardNameList(i=  2): air_pressure_at_sea_level
20220929 112724.390 INFO             PET1       ATM-TO-OCN:         importNamespaceList(i=  2): ATM
20220929 112724.390 INFO             PET1       ATM-TO-OCN:            importCplSetList(i=  2): __UNSPECIFIED__
20220929 112724.390 INFO             PET1       ATM-TO-OCN:      exportStandardNameList(j=  2): air_pressure_at_sea_level
20220929 112724.390 INFO             PET1       ATM-TO-OCN:         exportNamespaceList(j=  2): OCN
20220929 112724.390 INFO             PET1       ATM-TO-OCN:            exportCplSetList(j=  2): __UNSPECIFIED__
20220929 112724.390 INFO             PET1       ATM-TO-OCN: bondLevel= 1
20220929 112724.390 INFO             PET1       ATM-TO-OCN: => added cplList(  1)=air_pressure_at_sea_level, cplSetList(  1)=__UNSPECIFIED__
20220929 112724.390 INFO             PET1       ATM-TO-OCN:      importStandardNameList(i=  3): surface_net_downward_shortwave_flux
20220929 112724.390 INFO             PET1       ATM-TO-OCN:         importNamespaceList(i=  3): ATM
20220929 112724.390 INFO             PET1       ATM-TO-OCN:            importCplSetList(i=  3): __UNSPECIFIED__
20220929 112724.390 INFO             PET1       ATM-TO-OCN:      exportStandardNameList(j=  3): surface_net_downward_shortwave_flux
20220929 112724.390 INFO             PET1       ATM-TO-OCN:         exportNamespaceList(j=  3): OCN
20220929 112724.390 INFO             PET1       ATM-TO-OCN:            exportCplSetList(j=  3): __UNSPECIFIED__
20220929 112724.390 INFO             PET1       ATM-TO-OCN: bondLevel= 1
20220929 112724.390 INFO             PET1       ATM-TO-OCN: => added cplList(  2)=surface_net_downward_shortwave_flux, cplSetList(  2)=__UNSPECIFIED__
20220929 112724.391 INFO             PET1     ATM-TO-OCN: InitializeIPDv05p2b extro.
20220929 112724.391 INFO             PET1     ATM-TO-RTM: InitializeIPDv05p2b intro.
20220929 112724.398 INFO             PET1       ATM-TO-RTM:      importStandardNameList(i=  1): field_to_rtm
20220929 112724.398 INFO             PET1       ATM-TO-RTM:         importNamespaceList(i=  1): ATM
20220929 112724.398 INFO             PET1       ATM-TO-RTM:            importCplSetList(i=  1): __UNSPECIFIED__
20220929 112724.398 INFO             PET1       ATM-TO-RTM:      exportStandardNameList(j=  1): field_to_rtm
20220929 112724.398 INFO             PET1       ATM-TO-RTM:         exportNamespaceList(j=  1): RTM
20220929 112724.398 INFO             PET1       ATM-TO-RTM:            exportCplSetList(j=  1): __UNSPECIFIED__
20220929 112724.398 INFO             PET1       ATM-TO-RTM: bondLevel= 1
20220929 112724.398 INFO             PET1       ATM-TO-RTM: => added cplList(  1)=field_to_rtm, cplSetList(  1)=__UNSPECIFIED__
20220929 112724.398 INFO             PET1     ATM-TO-RTM: InitializeIPDv05p2b extro.
20220929 112724.398 INFO             PET1     OCN-TO-ATM: InitializeIPDv05p2b intro.
20220929 112724.403 INFO             PET1       OCN-TO-ATM:      importStandardNameList(i=  1): sea_surface_temperature
20220929 112724.403 INFO             PET1       OCN-TO-ATM:         importNamespaceList(i=  1): OCN
20220929 112724.403 INFO             PET1       OCN-TO-ATM:            importCplSetList(i=  1): __UNSPECIFIED__
20220929 112724.403 INFO             PET1       OCN-TO-ATM:      exportStandardNameList(j=  1): sea_surface_temperature
20220929 112724.403 INFO             PET1       OCN-TO-ATM:         exportNamespaceList(j=  1): ATM
20220929 112724.403 INFO             PET1       OCN-TO-ATM:            exportCplSetList(j=  1): __UNSPECIFIED__
20220929 112724.403 INFO             PET1       OCN-TO-ATM: bondLevel= 1
20220929 112724.403 INFO             PET1       OCN-TO-ATM: => added cplList(  1)=sea_surface_temperature, cplSetList(  1)=__UNSPECIFIED__
20220929 112724.403 INFO             PET1     OCN-TO-ATM: InitializeIPDv05p2b extro.
20220929 112724.404 INFO             PET1     esm: IInitModifyCplLists intro.
20220929 112724.404 INFO             PET1     esm: IInitModifyCplLists extro.
20220929 112724.404 INFO             PET1     ATM-TO-OCN: InitializeIPDv05p3 intro.
20220929 112724.420 INFO             PET1       ATM-TO-OCN: handle cplList(1): air_pressure_at_sea_level, cplSetList(1): __UNSPECIFIED__
20220929 112724.421 INFO             PET1       ATM-TO-OCN: - connected.
20220929 112724.421 INFO             PET1       ATM-TO-OCN: - both sides must provide the Field/GeomObject.
20220929 112724.421 INFO             PET1       ATM-TO-OCN: handle cplList(2): surface_net_downward_shortwave_flux, cplSetList(2): __UNSPECIFIED__
20220929 112724.421 INFO             PET1       ATM-TO-OCN: - connected.
20220929 112724.421 INFO             PET1       ATM-TO-OCN: - both sides must provide the Field/GeomObject.
20220929 112724.421 INFO             PET1     ATM-TO-OCN: InitializeIPDv05p3 extro.
20220929 112724.421 INFO             PET1     ATM-TO-RTM: InitializeIPDv05p3 intro.
20220929 112724.428 INFO             PET1       ATM-TO-RTM: handle cplList(1): field_to_rtm, cplSetList(1): __UNSPECIFIED__
20220929 112724.428 INFO             PET1       ATM-TO-RTM: - connected.
20220929 112724.428 INFO             PET1       ATM-TO-RTM: - both sides must provide the Field/GeomObject.
20220929 112724.429 INFO             PET1     ATM-TO-RTM: InitializeIPDv05p3 extro.
20220929 112724.429 INFO             PET1     OCN-TO-ATM: InitializeIPDv05p3 intro.
20220929 112724.434 INFO             PET1       OCN-TO-ATM: handle cplList(1): sea_surface_temperature, cplSetList(1): __UNSPECIFIED__
20220929 112724.434 INFO             PET1       OCN-TO-ATM: - connected.
20220929 112724.434 INFO             PET1       OCN-TO-ATM: - both sides must provide the Field/GeomObject.
20220929 112724.434 INFO             PET1     OCN-TO-ATM: InitializeIPDv05p3 extro.
20220929 112724.434 INFO             PET1     <<<esm: leaving Initialize (phase=<none>) with current time: 2010  6  1  0  0  0   0
20220929 112724.434 INFO             PET1   esm: InitializeIPDv02p1 extro.
20220929 112724.434 INFO             PET1   esm: InitializeIPDv02p3 intro.
20220929 112724.434 INFO             PET1     >>>esm: entered Initialize (phase=<none>) with current time: 2010  6  1  0  0  0   0
20220929 112724.435 INFO             PET1     esm: IInitCheck intro.
20220929 112724.435 INFO             PET1     esm: IInitCheck extro.
20220929 112724.435 INFO             PET1     ATM: InitializeIPDvXp04 intro.
20220929 112724.443 INFO             PET1     ATM: InitializeIPDvXp04 extro.
20220929 112724.461 INFO             PET1     ATM-TO-OCN: InitializeIPDv05p4 intro.
20220929 112724.476 INFO             PET1       ATM-TO-OCN: handle cplList(1): air_pressure_at_sea_level, cplSetList(1): __UNSPECIFIED__
20220929 112724.477 INFO             PET1       ATM-TO-OCN: - nothing shared or transferred
20220929 112724.477 INFO             PET1       ATM-TO-OCN: handle cplList(2): surface_net_downward_shortwave_flux, cplSetList(2): __UNSPECIFIED__
20220929 112724.477 INFO             PET1       ATM-TO-OCN: - nothing shared or transferred
20220929 112724.477 INFO             PET1     ATM-TO-OCN: InitializeIPDv05p4 extro.
20220929 112724.477 INFO             PET1     ATM-TO-RTM: InitializeIPDv05p4 intro.
20220929 112724.488 INFO             PET1       ATM-TO-RTM: handle cplList(1): field_to_rtm, cplSetList(1): __UNSPECIFIED__
20220929 112724.488 INFO             PET1       ATM-TO-RTM: - nothing shared or transferred
20220929 112724.488 INFO             PET1     ATM-TO-RTM: InitializeIPDv05p4 extro.
20220929 112724.488 INFO             PET1     OCN-TO-ATM: InitializeIPDv05p4 intro.
20220929 112724.496 INFO             PET1       OCN-TO-ATM: handle cplList(1): sea_surface_temperature, cplSetList(1): __UNSPECIFIED__
20220929 112724.496 INFO             PET1       OCN-TO-ATM: - nothing shared or transferred
20220929 112724.496 INFO             PET1     OCN-TO-ATM: InitializeIPDv05p4 extro.
20220929 112724.496 INFO             PET1     ATM-TO-OCN: InitializeIPDv05p5 intro.
20220929 112724.522 INFO             PET1       ATM-TO-OCN: handle cplList(1): air_pressure_at_sea_level, cplSetList(1): __UNSPECIFIED__
20220929 112724.522 INFO             PET1       ATM-TO-OCN: - nothing shared or transferred, or may already be handled
20220929 112724.522 INFO             PET1       ATM-TO-OCN: handle cplList(2): surface_net_downward_shortwave_flux, cplSetList(2): __UNSPECIFIED__
20220929 112724.522 INFO             PET1       ATM-TO-OCN: - nothing shared or transferred, or may already be handled
20220929 112724.522 INFO             PET1     ATM-TO-OCN: InitializeIPDv05p5 extro.
20220929 112724.522 INFO             PET1     ATM-TO-RTM: InitializeIPDv05p5 intro.
20220929 112724.534 INFO             PET1       ATM-TO-RTM: handle cplList(1): field_to_rtm, cplSetList(1): __UNSPECIFIED__
20220929 112724.534 INFO             PET1       ATM-TO-RTM: - nothing shared or transferred, or may already be handled
20220929 112724.534 INFO             PET1     ATM-TO-RTM: InitializeIPDv05p5 extro.
20220929 112724.534 INFO             PET1     OCN-TO-ATM: InitializeIPDv05p5 intro.
20220929 112724.541 INFO             PET1       OCN-TO-ATM: handle cplList(1): sea_surface_temperature, cplSetList(1): __UNSPECIFIED__
20220929 112724.541 INFO             PET1       OCN-TO-ATM: - nothing shared or transferred, or may already be handled
20220929 112724.541 INFO             PET1     OCN-TO-ATM: InitializeIPDv05p5 extro.
20220929 112724.542 INFO             PET1     esm: IInitRealize intro.
20220929 112724.542 INFO             PET1     esm: IInitRealize extro.
20220929 112724.542 INFO             PET1     ATM-TO-OCN: InitializeIPDv05p6a intro.
20220929 112724.568 INFO             PET1     ATM-TO-OCN: InitializeIPDv05p6a extro.
20220929 112724.228 INFO             PET2 !!!!!!!!!!!!!!!!!!!!!!!!!!!!!!!!!!!!!!!!!!!!!!!!!!!!!!
20220929 112724.228 INFO             PET2 !!! THE ESMF_LOG IS SET TO OUTPUT ALL LOG MESSAGES !!!
20220929 112724.228 INFO             PET2 !!!     THIS MAY CAUSE SLOWDOWN IN PERFORMANCE     !!!
20220929 112724.228 INFO             PET2 !!! FOR PRODUCTION RUNS, USE:                      !!!
20220929 112724.228 INFO             PET2 !!!                   ESMF_LOGKIND_Multi_On_Error  !!!
20220929 112724.228 INFO             PET2 !!!!!!!!!!!!!!!!!!!!!!!!!!!!!!!!!!!!!!!!!!!!!!!!!!!!!!
20220929 112724.228 INFO             PET2 Running with ESMF Version   : v8.4.0b15-3-g3dcba377fa
20220929 112724.228 INFO             PET2 ESMF library build date/time: "Sep 29 2022" "10:13:56"
20220929 112724.228 INFO             PET2 ESMF library build location : /glade/scratch/dunlap/esmf-testing/nvhpc_21.11_openmpi_g_develop/esmf
20220929 112724.228 INFO             PET2 ESMF_COMM                   : openmpi
20220929 112724.228 INFO             PET2 ESMF_MOAB                   : enabled
20220929 112724.228 INFO             PET2 ESMF_LAPACK                 : enabled
20220929 112724.228 INFO             PET2 ESMF_NETCDF                 : enabled
20220929 112724.228 INFO             PET2 ESMF_PNETCDF                : disabled
20220929 112724.228 INFO             PET2 ESMF_PIO                    : enabled
20220929 112724.228 INFO             PET2 ESMF_YAMLCPP                : enabled
20220929 112724.229 INFO             PET2 esmApp STARTING
20220929 112724.236 INFO             PET2 esm: InitializeGeneric intro.
20220929 112724.236 INFO             PET2   esm: InitializeP0 intro.
20220929 112724.236 INFO             PET2   esm: InitializeP0 extro.
20220929 112724.236 INFO             PET2   esm: InitializeIPDv02p1 intro.
20220929 112724.236 INFO             PET2     >>>esm: entered Initialize (phase=<none>) without valid internal Clock.
20220929 112724.237 INFO             PET2     esm - Creating model component ATM with petList of size 2 :
20220929 112724.237 INFO             PET2           0      1
20220929 112724.241 INFO             PET2     esm - Creating model component OCN with petList of size 1 :
20220929 112724.241 INFO             PET2           2
20220929 112724.244 INFO             PET2     esm - Creating model component RTM with petList of size 1 :
20220929 112724.244 INFO             PET2           3
20220929 112724.245 INFO             PET2     esm - Creating state: modelComp 1 Import State
20220929 112724.245 INFO             PET2     esm - Creating state: modelComp 1 Export State
20220929 112724.245 INFO             PET2     esm - Creating state: modelComp 2 Import State
20220929 112724.245 INFO             PET2     esm - Creating state: modelComp 2 Export State
20220929 112724.246 INFO             PET2     esm - Creating state: modelComp 3 Import State
20220929 112724.246 INFO             PET2     esm - Creating state: modelComp 3 Export State
20220929 112724.251 INFO             PET2     OCN: InitializeP0 intro.
20220929 112724.253 INFO             PET2     OCN: InitializeP0 extro.
20220929 112724.258 INFO             PET2     esm - Creating connector component ATM-TO-RTM with petList of size 3 :
20220929 112724.258 INFO             PET2           0      1      3
20220929 112724.267 INFO             PET2     esm - Setting Verbosity on created component to: high
20220929 112724.267 INFO             PET2     esm - Setting Profiling on created component to:          0
20220929 112724.267 INFO             PET2     esm - Creating connector component RTM-TO-OCN with petList of size 2 :
20220929 112724.267 INFO             PET2           3      2
20220929 112724.276 INFO             PET2     esm - Setting Verbosity on created component to: high
20220929 112724.276 INFO             PET2     esm - Setting Profiling on created component to:          0
20220929 112724.276 INFO             PET2     esm - Creating connector component ATM-TO-OCN with petList of size 3 :
20220929 112724.276 INFO             PET2           0      1      2
20220929 112724.291 INFO             PET2     esm - Setting Verbosity on created component to: high
20220929 112724.291 INFO             PET2     esm - Setting Profiling on created component to:          0
20220929 112724.291 INFO             PET2     esm - Creating connector component OCN-TO-ATM with petList of size 3 :
20220929 112724.291 INFO             PET2           2      0      1
20220929 112724.300 INFO             PET2     esm - Setting Verbosity on created component to: high
20220929 112724.300 INFO             PET2     esm - Setting Profiling on created component to:          0
20220929 112724.305 INFO             PET2     esm: IInitAdvertise intro.
20220929 112724.305 INFO             PET2     esm: IInitAdvertise extro.
20220929 112724.312 INFO             PET2     OCN: InitializeIPDvXp01 intro.
20220929 112724.317 INFO             PET2     OCN: InitializeIPDvXp01 extro.
20220929 112724.322 INFO             PET2     ATM-TO-OCN: InitializeIPDv05p1 intro.
20220929 112724.332 INFO             PET2       ATM-TO-OCN: importState FieldTransferPolicy = transferNone
20220929 112724.332 INFO             PET2       ATM-TO-OCN: exportState FieldTransferPolicy = transferNone
20220929 112724.332 INFO             PET2     ATM-TO-OCN: InitializeIPDv05p1 extro.
20220929 112724.332 INFO             PET2     OCN-TO-ATM: InitializeIPDv05p1 intro.
20220929 112724.345 INFO             PET2       OCN-TO-ATM: importState FieldTransferPolicy = transferNone
20220929 112724.345 INFO             PET2       OCN-TO-ATM: exportState FieldTransferPolicy = transferNone
20220929 112724.345 INFO             PET2     OCN-TO-ATM: InitializeIPDv05p1 extro.
20220929 112724.345 INFO             PET2     RTM-TO-OCN: InitializeIPDv05p1 intro.
20220929 112724.351 INFO             PET2       RTM-TO-OCN: importState FieldTransferPolicy = transferNone
20220929 112724.351 INFO             PET2       RTM-TO-OCN: exportState FieldTransferPolicy = transferNone
20220929 112724.351 INFO             PET2     RTM-TO-OCN: InitializeIPDv05p1 extro.
20220929 112724.351 INFO             PET2     esm: IInitAdvertiseFinish intro.
20220929 112724.351 INFO             PET2     esm: IInitAdvertiseFinish extro.
20220929 112724.352 INFO             PET2     ATM-TO-OCN: InitializeIPDv05p2a intro.
20220929 112724.361 INFO             PET2       ATM-TO-OCN:      importStandardNameList(i=  2): air_pressure_at_sea_level
20220929 112724.361 INFO             PET2       ATM-TO-OCN:         importNamespaceList(i=  2): ATM
20220929 112724.361 INFO             PET2       ATM-TO-OCN:            importCplSetList(i=  2): __UNSPECIFIED__
20220929 112724.361 INFO             PET2       ATM-TO-OCN:      exportStandardNameList(j=  2): air_pressure_at_sea_level
20220929 112724.361 INFO             PET2       ATM-TO-OCN:         exportNamespaceList(j=  2): OCN
20220929 112724.361 INFO             PET2       ATM-TO-OCN:            exportCplSetList(j=  2): __UNSPECIFIED__
20220929 112724.361 INFO             PET2       ATM-TO-OCN: bondLevel= 1
20220929 112724.361 INFO             PET2       ATM-TO-OCN: ProducerConnection (bondLevelMax):         1
20220929 112724.361 INFO             PET2       ATM-TO-OCN:      importStandardNameList(i=  3): surface_net_downward_shortwave_flux
20220929 112724.361 INFO             PET2       ATM-TO-OCN:         importNamespaceList(i=  3): ATM
20220929 112724.361 INFO             PET2       ATM-TO-OCN:            importCplSetList(i=  3): __UNSPECIFIED__
20220929 112724.361 INFO             PET2       ATM-TO-OCN:      exportStandardNameList(j=  3): surface_net_downward_shortwave_flux
20220929 112724.361 INFO             PET2       ATM-TO-OCN:         exportNamespaceList(j=  3): OCN
20220929 112724.361 INFO             PET2       ATM-TO-OCN:            exportCplSetList(j=  3): __UNSPECIFIED__
20220929 112724.361 INFO             PET2       ATM-TO-OCN: bondLevel= 1
20220929 112724.361 INFO             PET2       ATM-TO-OCN: ProducerConnection (bondLevelMax):         1
20220929 112724.361 INFO             PET2     ATM-TO-OCN: InitializeIPDv05p2a extro.
20220929 112724.362 INFO             PET2     OCN-TO-ATM: InitializeIPDv05p2a intro.
20220929 112724.374 INFO             PET2       OCN-TO-ATM:      importStandardNameList(i=  1): sea_surface_temperature
20220929 112724.374 INFO             PET2       OCN-TO-ATM:         importNamespaceList(i=  1): OCN
20220929 112724.374 INFO             PET2       OCN-TO-ATM:            importCplSetList(i=  1): __UNSPECIFIED__
20220929 112724.374 INFO             PET2       OCN-TO-ATM:      exportStandardNameList(j=  1): sea_surface_temperature
20220929 112724.374 INFO             PET2       OCN-TO-ATM:         exportNamespaceList(j=  1): ATM
20220929 112724.374 INFO             PET2       OCN-TO-ATM:            exportCplSetList(j=  1): __UNSPECIFIED__
20220929 112724.374 INFO             PET2       OCN-TO-ATM: bondLevel= 1
20220929 112724.374 INFO             PET2       OCN-TO-ATM: ProducerConnection (bondLevelMax):         1
20220929 112724.374 INFO             PET2     OCN-TO-ATM: InitializeIPDv05p2a extro.
20220929 112724.374 INFO             PET2     RTM-TO-OCN: InitializeIPDv05p2a intro.
20220929 112724.381 INFO             PET2       RTM-TO-OCN:      importStandardNameList(i=  1): field_from_rtm
20220929 112724.381 INFO             PET2       RTM-TO-OCN:         importNamespaceList(i=  1): RTM
20220929 112724.381 INFO             PET2       RTM-TO-OCN:            importCplSetList(i=  1): __UNSPECIFIED__
20220929 112724.381 INFO             PET2       RTM-TO-OCN:      exportStandardNameList(j=  1): field_from_rtm
20220929 112724.381 INFO             PET2       RTM-TO-OCN:         exportNamespaceList(j=  1): OCN
20220929 112724.381 INFO             PET2       RTM-TO-OCN:            exportCplSetList(j=  1): __UNSPECIFIED__
20220929 112724.381 INFO             PET2       RTM-TO-OCN: bondLevel= 1
20220929 112724.381 INFO             PET2       RTM-TO-OCN: ProducerConnection (bondLevelMax):         1
20220929 112724.381 INFO             PET2     RTM-TO-OCN: InitializeIPDv05p2a extro.
20220929 112724.381 INFO             PET2     ATM-TO-OCN: InitializeIPDv05p2b intro.
20220929 112724.390 INFO             PET2       ATM-TO-OCN:      importStandardNameList(i=  2): air_pressure_at_sea_level
20220929 112724.390 INFO             PET2       ATM-TO-OCN:         importNamespaceList(i=  2): ATM
20220929 112724.390 INFO             PET2       ATM-TO-OCN:            importCplSetList(i=  2): __UNSPECIFIED__
20220929 112724.390 INFO             PET2       ATM-TO-OCN:      exportStandardNameList(j=  2): air_pressure_at_sea_level
20220929 112724.390 INFO             PET2       ATM-TO-OCN:         exportNamespaceList(j=  2): OCN
20220929 112724.390 INFO             PET2       ATM-TO-OCN:            exportCplSetList(j=  2): __UNSPECIFIED__
20220929 112724.390 INFO             PET2       ATM-TO-OCN: bondLevel= 1
20220929 112724.390 INFO             PET2       ATM-TO-OCN: => added cplList(  1)=air_pressure_at_sea_level, cplSetList(  1)=__UNSPECIFIED__
20220929 112724.390 INFO             PET2       ATM-TO-OCN:      importStandardNameList(i=  3): surface_net_downward_shortwave_flux
20220929 112724.390 INFO             PET2       ATM-TO-OCN:         importNamespaceList(i=  3): ATM
20220929 112724.390 INFO             PET2       ATM-TO-OCN:            importCplSetList(i=  3): __UNSPECIFIED__
20220929 112724.390 INFO             PET2       ATM-TO-OCN:      exportStandardNameList(j=  3): surface_net_downward_shortwave_flux
20220929 112724.390 INFO             PET2       ATM-TO-OCN:         exportNamespaceList(j=  3): OCN
20220929 112724.390 INFO             PET2       ATM-TO-OCN:            exportCplSetList(j=  3): __UNSPECIFIED__
20220929 112724.390 INFO             PET2       ATM-TO-OCN: bondLevel= 1
20220929 112724.390 INFO             PET2       ATM-TO-OCN: => added cplList(  2)=surface_net_downward_shortwave_flux, cplSetList(  2)=__UNSPECIFIED__
20220929 112724.391 INFO             PET2     ATM-TO-OCN: InitializeIPDv05p2b extro.
20220929 112724.391 INFO             PET2     OCN-TO-ATM: InitializeIPDv05p2b intro.
20220929 112724.403 INFO             PET2       OCN-TO-ATM:      importStandardNameList(i=  1): sea_surface_temperature
20220929 112724.403 INFO             PET2       OCN-TO-ATM:         importNamespaceList(i=  1): OCN
20220929 112724.403 INFO             PET2       OCN-TO-ATM:            importCplSetList(i=  1): __UNSPECIFIED__
20220929 112724.403 INFO             PET2       OCN-TO-ATM:      exportStandardNameList(j=  1): sea_surface_temperature
20220929 112724.403 INFO             PET2       OCN-TO-ATM:         exportNamespaceList(j=  1): ATM
20220929 112724.403 INFO             PET2       OCN-TO-ATM:            exportCplSetList(j=  1): __UNSPECIFIED__
20220929 112724.403 INFO             PET2       OCN-TO-ATM: bondLevel= 1
20220929 112724.403 INFO             PET2       OCN-TO-ATM: => added cplList(  1)=sea_surface_temperature, cplSetList(  1)=__UNSPECIFIED__
20220929 112724.403 INFO             PET2     OCN-TO-ATM: InitializeIPDv05p2b extro.
20220929 112724.403 INFO             PET2     RTM-TO-OCN: InitializeIPDv05p2b intro.
20220929 112724.410 INFO             PET2       RTM-TO-OCN:      importStandardNameList(i=  1): field_from_rtm
20220929 112724.410 INFO             PET2       RTM-TO-OCN:         importNamespaceList(i=  1): RTM
20220929 112724.410 INFO             PET2       RTM-TO-OCN:            importCplSetList(i=  1): __UNSPECIFIED__
20220929 112724.410 INFO             PET2       RTM-TO-OCN:      exportStandardNameList(j=  1): field_from_rtm
20220929 112724.410 INFO             PET2       RTM-TO-OCN:         exportNamespaceList(j=  1): OCN
20220929 112724.410 INFO             PET2       RTM-TO-OCN:            exportCplSetList(j=  1): __UNSPECIFIED__
20220929 112724.410 INFO             PET2       RTM-TO-OCN: bondLevel= 1
20220929 112724.410 INFO             PET2       RTM-TO-OCN: => added cplList(  1)=field_from_rtm, cplSetList(  1)=__UNSPECIFIED__
20220929 112724.410 INFO             PET2     RTM-TO-OCN: InitializeIPDv05p2b extro.
20220929 112724.410 INFO             PET2     esm: IInitModifyCplLists intro.
20220929 112724.411 INFO             PET2     esm: IInitModifyCplLists extro.
20220929 112724.411 INFO             PET2     ATM-TO-OCN: InitializeIPDv05p3 intro.
20220929 112724.420 INFO             PET2       ATM-TO-OCN: handle cplList(1): air_pressure_at_sea_level, cplSetList(1): __UNSPECIFIED__
20220929 112724.421 INFO             PET2       ATM-TO-OCN: - connected.
20220929 112724.421 INFO             PET2       ATM-TO-OCN: - both sides must provide the Field/GeomObject.
20220929 112724.421 INFO             PET2       ATM-TO-OCN: handle cplList(2): surface_net_downward_shortwave_flux, cplSetList(2): __UNSPECIFIED__
20220929 112724.421 INFO             PET2       ATM-TO-OCN: - connected.
20220929 112724.421 INFO             PET2       ATM-TO-OCN: - both sides must provide the Field/GeomObject.
20220929 112724.421 INFO             PET2     ATM-TO-OCN: InitializeIPDv05p3 extro.
20220929 112724.421 INFO             PET2     OCN-TO-ATM: InitializeIPDv05p3 intro.
20220929 112724.434 INFO             PET2       OCN-TO-ATM: handle cplList(1): sea_surface_temperature, cplSetList(1): __UNSPECIFIED__
20220929 112724.434 INFO             PET2       OCN-TO-ATM: - connected.
20220929 112724.434 INFO             PET2       OCN-TO-ATM: - both sides must provide the Field/GeomObject.
20220929 112724.434 INFO             PET2     OCN-TO-ATM: InitializeIPDv05p3 extro.
20220929 112724.434 INFO             PET2     RTM-TO-OCN: InitializeIPDv05p3 intro.
20220929 112724.441 INFO             PET2       RTM-TO-OCN: handle cplList(1): field_from_rtm, cplSetList(1): __UNSPECIFIED__
20220929 112724.441 INFO             PET2       RTM-TO-OCN: - connected.
20220929 112724.441 INFO             PET2       RTM-TO-OCN: - both sides must provide the Field/GeomObject.
20220929 112724.441 INFO             PET2     RTM-TO-OCN: InitializeIPDv05p3 extro.
20220929 112724.441 INFO             PET2     <<<esm: leaving Initialize (phase=<none>) with current time: 2010  6  1  0  0  0   0
20220929 112724.441 INFO             PET2   esm: InitializeIPDv02p1 extro.
20220929 112724.441 INFO             PET2   esm: InitializeIPDv02p3 intro.
20220929 112724.441 INFO             PET2     >>>esm: entered Initialize (phase=<none>) with current time: 2010  6  1  0  0  0   0
20220929 112724.442 INFO             PET2     esm: IInitCheck intro.
20220929 112724.442 INFO             PET2     esm: IInitCheck extro.
20220929 112724.445 INFO             PET2     OCN: InitializeIPDvXp04 intro.
20220929 112724.453 INFO             PET2     OCN: InitializeIPDvXp04 extro.
20220929 112724.461 INFO             PET2     ATM-TO-OCN: InitializeIPDv05p4 intro.
20220929 112724.476 INFO             PET2       ATM-TO-OCN: handle cplList(1): air_pressure_at_sea_level, cplSetList(1): __UNSPECIFIED__
20220929 112724.477 INFO             PET2       ATM-TO-OCN: - nothing shared or transferred
20220929 112724.477 INFO             PET2       ATM-TO-OCN: handle cplList(2): surface_net_downward_shortwave_flux, cplSetList(2): __UNSPECIFIED__
20220929 112724.477 INFO             PET2       ATM-TO-OCN: - nothing shared or transferred
20220929 112724.477 INFO             PET2     ATM-TO-OCN: InitializeIPDv05p4 extro.
20220929 112724.477 INFO             PET2     OCN-TO-ATM: InitializeIPDv05p4 intro.
20220929 112724.496 INFO             PET2       OCN-TO-ATM: handle cplList(1): sea_surface_temperature, cplSetList(1): __UNSPECIFIED__
20220929 112724.496 INFO             PET2       OCN-TO-ATM: - nothing shared or transferred
20220929 112724.496 INFO             PET2     OCN-TO-ATM: InitializeIPDv05p4 extro.
20220929 112724.496 INFO             PET2     RTM-TO-OCN: InitializeIPDv05p4 intro.
20220929 112724.506 INFO             PET2       RTM-TO-OCN: handle cplList(1): field_from_rtm, cplSetList(1): __UNSPECIFIED__
20220929 112724.506 INFO             PET2       RTM-TO-OCN: - nothing shared or transferred
20220929 112724.506 INFO             PET2     RTM-TO-OCN: InitializeIPDv05p4 extro.
20220929 112724.507 INFO             PET2     ATM-TO-OCN: InitializeIPDv05p5 intro.
20220929 112724.522 INFO             PET2       ATM-TO-OCN: handle cplList(1): air_pressure_at_sea_level, cplSetList(1): __UNSPECIFIED__
20220929 112724.522 INFO             PET2       ATM-TO-OCN: - nothing shared or transferred, or may already be handled
20220929 112724.522 INFO             PET2       ATM-TO-OCN: handle cplList(2): surface_net_downward_shortwave_flux, cplSetList(2): __UNSPECIFIED__
20220929 112724.522 INFO             PET2       ATM-TO-OCN: - nothing shared or transferred, or may already be handled
20220929 112724.522 INFO             PET2     ATM-TO-OCN: InitializeIPDv05p5 extro.
20220929 112724.523 INFO             PET2     OCN-TO-ATM: InitializeIPDv05p5 intro.
20220929 112724.541 INFO             PET2       OCN-TO-ATM: handle cplList(1): sea_surface_temperature, cplSetList(1): __UNSPECIFIED__
20220929 112724.541 INFO             PET2       OCN-TO-ATM: - nothing shared or transferred, or may already be handled
20220929 112724.541 INFO             PET2     OCN-TO-ATM: InitializeIPDv05p5 extro.
20220929 112724.542 INFO             PET2     RTM-TO-OCN: InitializeIPDv05p5 intro.
20220929 112724.552 INFO             PET2       RTM-TO-OCN: handle cplList(1): field_from_rtm, cplSetList(1): __UNSPECIFIED__
20220929 112724.552 INFO             PET2       RTM-TO-OCN: - nothing shared or transferred, or may already be handled
20220929 112724.552 INFO             PET2     RTM-TO-OCN: InitializeIPDv05p5 extro.
20220929 112724.552 INFO             PET2     esm: IInitRealize intro.
20220929 112724.552 INFO             PET2     esm: IInitRealize extro.
20220929 112724.553 INFO             PET2     ATM-TO-OCN: InitializeIPDv05p6a intro.
20220929 112724.568 INFO             PET2     ATM-TO-OCN: InitializeIPDv05p6a extro.
20220929 112724.227 INFO             PET3 !!!!!!!!!!!!!!!!!!!!!!!!!!!!!!!!!!!!!!!!!!!!!!!!!!!!!!
20220929 112724.227 INFO             PET3 !!! THE ESMF_LOG IS SET TO OUTPUT ALL LOG MESSAGES !!!
20220929 112724.227 INFO             PET3 !!!     THIS MAY CAUSE SLOWDOWN IN PERFORMANCE     !!!
20220929 112724.227 INFO             PET3 !!! FOR PRODUCTION RUNS, USE:                      !!!
20220929 112724.227 INFO             PET3 !!!                   ESMF_LOGKIND_Multi_On_Error  !!!
20220929 112724.227 INFO             PET3 !!!!!!!!!!!!!!!!!!!!!!!!!!!!!!!!!!!!!!!!!!!!!!!!!!!!!!
20220929 112724.227 INFO             PET3 Running with ESMF Version   : v8.4.0b15-3-g3dcba377fa
20220929 112724.227 INFO             PET3 ESMF library build date/time: "Sep 29 2022" "10:13:56"
20220929 112724.227 INFO             PET3 ESMF library build location : /glade/scratch/dunlap/esmf-testing/nvhpc_21.11_openmpi_g_develop/esmf
20220929 112724.227 INFO             PET3 ESMF_COMM                   : openmpi
20220929 112724.228 INFO             PET3 ESMF_MOAB                   : enabled
20220929 112724.228 INFO             PET3 ESMF_LAPACK                 : enabled
20220929 112724.228 INFO             PET3 ESMF_NETCDF                 : enabled
20220929 112724.228 INFO             PET3 ESMF_PNETCDF                : disabled
20220929 112724.228 INFO             PET3 ESMF_PIO                    : enabled
20220929 112724.228 INFO             PET3 ESMF_YAMLCPP                : enabled
20220929 112724.229 INFO             PET3 esmApp STARTING
20220929 112724.236 INFO             PET3 esm: InitializeGeneric intro.
20220929 112724.236 INFO             PET3   esm: InitializeP0 intro.
20220929 112724.236 INFO             PET3   esm: InitializeP0 extro.
20220929 112724.236 INFO             PET3   esm: InitializeIPDv02p1 intro.
20220929 112724.236 INFO             PET3     >>>esm: entered Initialize (phase=<none>) without valid internal Clock.
20220929 112724.237 INFO             PET3     esm - Creating model component ATM with petList of size 2 :
20220929 112724.237 INFO             PET3           0      1
20220929 112724.240 INFO             PET3     esm - Creating model component OCN with petList of size 1 :
20220929 112724.241 INFO             PET3           2
20220929 112724.244 INFO             PET3     esm - Creating model component RTM with petList of size 1 :
20220929 112724.244 INFO             PET3           3
20220929 112724.248 INFO             PET3     esm - Creating state: modelComp 1 Import State
20220929 112724.248 INFO             PET3     esm - Creating state: modelComp 1 Export State
20220929 112724.249 INFO             PET3     esm - Creating state: modelComp 2 Import State
20220929 112724.249 INFO             PET3     esm - Creating state: modelComp 2 Export State
20220929 112724.249 INFO             PET3     esm - Creating state: modelComp 3 Import State
20220929 112724.249 INFO             PET3     esm - Creating state: modelComp 3 Export State
20220929 112724.255 INFO             PET3     RTM: InitializeP0 intro.
20220929 112724.256 INFO             PET3     RTM: InitializeP0 extro.
20220929 112724.258 INFO             PET3     esm - Creating connector component ATM-TO-RTM with petList of size 3 :
20220929 112724.258 INFO             PET3           0      1      3
20220929 112724.267 INFO             PET3     esm - Setting Verbosity on created component to: high
20220929 112724.267 INFO             PET3     esm - Setting Profiling on created component to:          0
20220929 112724.267 INFO             PET3     esm - Creating connector component RTM-TO-OCN with petList of size 2 :
20220929 112724.267 INFO             PET3           3      2
20220929 112724.276 INFO             PET3     esm - Setting Verbosity on created component to: high
20220929 112724.276 INFO             PET3     esm - Setting Profiling on created component to:          0
20220929 112724.276 INFO             PET3     esm - Creating connector component ATM-TO-OCN with petList of size 3 :
20220929 112724.276 INFO             PET3           0      1      2
20220929 112724.291 INFO             PET3     esm - Setting Verbosity on created component to: high
20220929 112724.291 INFO             PET3     esm - Setting Profiling on created component to:          0
20220929 112724.291 INFO             PET3     esm - Creating connector component OCN-TO-ATM with petList of size 3 :
20220929 112724.291 INFO             PET3           2      0      1
20220929 112724.300 INFO             PET3     esm - Setting Verbosity on created component to: high
20220929 112724.300 INFO             PET3     esm - Setting Profiling on created component to:          0
20220929 112724.305 INFO             PET3     esm: IInitAdvertise intro.
20220929 112724.305 INFO             PET3     esm: IInitAdvertise extro.
20220929 112724.318 INFO             PET3     RTM: InitializeIPDvXp01 intro.
20220929 112724.321 INFO             PET3     RTM: InitializeIPDvXp01 extro.
20220929 112724.322 INFO             PET3     ATM-TO-RTM: InitializeIPDv05p1 intro.
20220929 112724.340 INFO             PET3       ATM-TO-RTM: importState FieldTransferPolicy = transferNone
20220929 112724.340 INFO             PET3       ATM-TO-RTM: exportState FieldTransferPolicy = transferNone
20220929 112724.340 INFO             PET3     ATM-TO-RTM: InitializeIPDv05p1 extro.
20220929 112724.340 INFO             PET3     RTM-TO-OCN: InitializeIPDv05p1 intro.
20220929 112724.351 INFO             PET3       RTM-TO-OCN: importState FieldTransferPolicy = transferNone
20220929 112724.351 INFO             PET3       RTM-TO-OCN: exportState FieldTransferPolicy = transferNone
20220929 112724.351 INFO             PET3     RTM-TO-OCN: InitializeIPDv05p1 extro.
20220929 112724.351 INFO             PET3     esm: IInitAdvertiseFinish intro.
20220929 112724.351 INFO             PET3     esm: IInitAdvertiseFinish extro.
20220929 112724.352 INFO             PET3     ATM-TO-RTM: InitializeIPDv05p2a intro.
20220929 112724.369 INFO             PET3       ATM-TO-RTM:      importStandardNameList(i=  1): field_to_rtm
20220929 112724.369 INFO             PET3       ATM-TO-RTM:         importNamespaceList(i=  1): ATM
20220929 112724.369 INFO             PET3       ATM-TO-RTM:            importCplSetList(i=  1): __UNSPECIFIED__
20220929 112724.369 INFO             PET3       ATM-TO-RTM:      exportStandardNameList(j=  1): field_to_rtm
20220929 112724.369 INFO             PET3       ATM-TO-RTM:         exportNamespaceList(j=  1): RTM
20220929 112724.369 INFO             PET3       ATM-TO-RTM:            exportCplSetList(j=  1): __UNSPECIFIED__
20220929 112724.369 INFO             PET3       ATM-TO-RTM: bondLevel= 1
20220929 112724.369 INFO             PET3       ATM-TO-RTM: ProducerConnection (bondLevelMax):         1
20220929 112724.369 INFO             PET3     ATM-TO-RTM: InitializeIPDv05p2a extro.
20220929 112724.369 INFO             PET3     RTM-TO-OCN: InitializeIPDv05p2a intro.
20220929 112724.381 INFO             PET3       RTM-TO-OCN:      importStandardNameList(i=  1): field_from_rtm
20220929 112724.381 INFO             PET3       RTM-TO-OCN:         importNamespaceList(i=  1): RTM
20220929 112724.381 INFO             PET3       RTM-TO-OCN:            importCplSetList(i=  1): __UNSPECIFIED__
20220929 112724.381 INFO             PET3       RTM-TO-OCN:      exportStandardNameList(j=  1): field_from_rtm
20220929 112724.381 INFO             PET3       RTM-TO-OCN:         exportNamespaceList(j=  1): OCN
20220929 112724.381 INFO             PET3       RTM-TO-OCN:            exportCplSetList(j=  1): __UNSPECIFIED__
20220929 112724.381 INFO             PET3       RTM-TO-OCN: bondLevel= 1
20220929 112724.381 INFO             PET3       RTM-TO-OCN: ProducerConnection (bondLevelMax):         1
20220929 112724.381 INFO             PET3     RTM-TO-OCN: InitializeIPDv05p2a extro.
20220929 112724.381 INFO             PET3     ATM-TO-RTM: InitializeIPDv05p2b intro.
20220929 112724.398 INFO             PET3       ATM-TO-RTM:      importStandardNameList(i=  1): field_to_rtm
20220929 112724.398 INFO             PET3       ATM-TO-RTM:         importNamespaceList(i=  1): ATM
20220929 112724.398 INFO             PET3       ATM-TO-RTM:            importCplSetList(i=  1): __UNSPECIFIED__
20220929 112724.398 INFO             PET3       ATM-TO-RTM:      exportStandardNameList(j=  1): field_to_rtm
20220929 112724.398 INFO             PET3       ATM-TO-RTM:         exportNamespaceList(j=  1): RTM
20220929 112724.398 INFO             PET3       ATM-TO-RTM:            exportCplSetList(j=  1): __UNSPECIFIED__
20220929 112724.398 INFO             PET3       ATM-TO-RTM: bondLevel= 1
20220929 112724.398 INFO             PET3       ATM-TO-RTM: => added cplList(  1)=field_to_rtm, cplSetList(  1)=__UNSPECIFIED__
20220929 112724.398 INFO             PET3     ATM-TO-RTM: InitializeIPDv05p2b extro.
20220929 112724.398 INFO             PET3     RTM-TO-OCN: InitializeIPDv05p2b intro.
20220929 112724.410 INFO             PET3       RTM-TO-OCN:      importStandardNameList(i=  1): field_from_rtm
20220929 112724.410 INFO             PET3       RTM-TO-OCN:         importNamespaceList(i=  1): RTM
20220929 112724.410 INFO             PET3       RTM-TO-OCN:            importCplSetList(i=  1): __UNSPECIFIED__
20220929 112724.410 INFO             PET3       RTM-TO-OCN:      exportStandardNameList(j=  1): field_from_rtm
20220929 112724.410 INFO             PET3       RTM-TO-OCN:         exportNamespaceList(j=  1): OCN
20220929 112724.410 INFO             PET3       RTM-TO-OCN:            exportCplSetList(j=  1): __UNSPECIFIED__
20220929 112724.410 INFO             PET3       RTM-TO-OCN: bondLevel= 1
20220929 112724.410 INFO             PET3       RTM-TO-OCN: => added cplList(  1)=field_from_rtm, cplSetList(  1)=__UNSPECIFIED__
20220929 112724.410 INFO             PET3     RTM-TO-OCN: InitializeIPDv05p2b extro.
20220929 112724.410 INFO             PET3     esm: IInitModifyCplLists intro.
20220929 112724.411 INFO             PET3     esm: IInitModifyCplLists extro.
20220929 112724.411 INFO             PET3     ATM-TO-RTM: InitializeIPDv05p3 intro.
20220929 112724.428 INFO             PET3       ATM-TO-RTM: handle cplList(1): field_to_rtm, cplSetList(1): __UNSPECIFIED__
20220929 112724.428 INFO             PET3       ATM-TO-RTM: - connected.
20220929 112724.428 INFO             PET3       ATM-TO-RTM: - both sides must provide the Field/GeomObject.
20220929 112724.429 INFO             PET3     ATM-TO-RTM: InitializeIPDv05p3 extro.
20220929 112724.429 INFO             PET3     RTM-TO-OCN: InitializeIPDv05p3 intro.
20220929 112724.441 INFO             PET3       RTM-TO-OCN: handle cplList(1): field_from_rtm, cplSetList(1): __UNSPECIFIED__
20220929 112724.441 INFO             PET3       RTM-TO-OCN: - connected.
20220929 112724.441 INFO             PET3       RTM-TO-OCN: - both sides must provide the Field/GeomObject.
20220929 112724.441 INFO             PET3     RTM-TO-OCN: InitializeIPDv05p3 extro.
20220929 112724.441 INFO             PET3     <<<esm: leaving Initialize (phase=<none>) with current time: 2010  6  1  0  0  0   0
20220929 112724.441 INFO             PET3   esm: InitializeIPDv02p1 extro.
20220929 112724.441 INFO             PET3   esm: InitializeIPDv02p3 intro.
20220929 112724.441 INFO             PET3     >>>esm: entered Initialize (phase=<none>) with current time: 2010  6  1  0  0  0   0
20220929 112724.442 INFO             PET3     esm: IInitCheck intro.
20220929 112724.442 INFO             PET3     esm: IInitCheck extro.
20220929 112724.455 INFO             PET3     RTM: InitializeIPDvXp04 intro.
20220929 112724.459 INFO             PET3     RTM: InitializeIPDvXp04 extro.
20220929 112724.461 INFO             PET3     ATM-TO-RTM: InitializeIPDv05p4 intro.
20220929 112724.488 INFO             PET3       ATM-TO-RTM: handle cplList(1): field_to_rtm, cplSetList(1): __UNSPECIFIED__
20220929 112724.488 INFO             PET3       ATM-TO-RTM: - nothing shared or transferred
20220929 112724.488 INFO             PET3     ATM-TO-RTM: InitializeIPDv05p4 extro.
20220929 112724.488 INFO             PET3     RTM-TO-OCN: InitializeIPDv05p4 intro.
20220929 112724.506 INFO             PET3       RTM-TO-OCN: handle cplList(1): field_from_rtm, cplSetList(1): __UNSPECIFIED__
20220929 112724.506 INFO             PET3       RTM-TO-OCN: - nothing shared or transferred
20220929 112724.506 INFO             PET3     RTM-TO-OCN: InitializeIPDv05p4 extro.
20220929 112724.507 INFO             PET3     ATM-TO-RTM: InitializeIPDv05p5 intro.
20220929 112724.534 INFO             PET3       ATM-TO-RTM: handle cplList(1): field_to_rtm, cplSetList(1): __UNSPECIFIED__
20220929 112724.534 INFO             PET3       ATM-TO-RTM: - nothing shared or transferred, or may already be handled
20220929 112724.534 INFO             PET3     ATM-TO-RTM: InitializeIPDv05p5 extro.
20220929 112724.534 INFO             PET3     RTM-TO-OCN: InitializeIPDv05p5 intro.
20220929 112724.552 INFO             PET3       RTM-TO-OCN: handle cplList(1): field_from_rtm, cplSetList(1): __UNSPECIFIED__
20220929 112724.552 INFO             PET3       RTM-TO-OCN: - nothing shared or transferred, or may already be handled
20220929 112724.552 INFO             PET3     RTM-TO-OCN: InitializeIPDv05p5 extro.
20220929 112724.552 INFO             PET3     esm: IInitRealize intro.
20220929 112724.552 INFO             PET3     esm: IInitRealize extro.
20220929 112724.553 INFO             PET3     ATM-TO-RTM: InitializeIPDv05p6a intro.
20220929 112724.579 INFO             PET3     ATM-TO-RTM: InitializeIPDv05p6a extro.
