2022-10-03 23:55:25
  @1800
    MED
    MED -> ATM
    MED -> OCN
    @@3600
     ATM
     OCN
     @1800
     ATM -> MED
     @
    @@
    @@3600
    OCN -> MED
    @@
    MED
  @
  @1800
    MED
    MED -> ATM
    MED -> OCN
    @@3600
     ATM
     OCN
     @1800
     ATM -> MED
     @
    @@
    @@3600
    OCN -> MED
    @@
    MED
  @
  @1800
    MED
    MED -> ATM
    MED -> OCN
    @@3600
     ATM
     OCN
  @1800
    MED
    MED -> ATM
    MED -> OCN
    @@3600
     ATM
     OCN
     @1800
     ATM -> MED
     @
    @@
     @1800
     ATM -> MED
    @@3600
    OCN -> MED
    @@
     @
    @@
    @@3600
    OCN -> MED
    @@
    MED
  @
    MED
  @
 NUOPC_DriverPrint for PET:            0
   Model, Mediator, and Driver components, in the order
   that they were added to the Driver:
            1 :  ATM
            2 :  OCN
            3 :  MED
   Connector components, in the order
   that they were added to the Driver:
            1 :  MED-TO-ATM
            2 :  MED-TO-OCN
            3 :  ATM-TO-MED
            4 :  OCN-TO-MED
NUOPC_RunSequenceArrayPrint: element     1 out of      4
runSeq::
 runElementPrint:      3    -1     1 F T
 runElementPrint:      3     1     1 F T
 runElementPrint:      3     2     1 F T
 runElementPrint:     -2     0     0 F T
 runElementPrint:     -4     0     0 F T
 runElementPrint:      3    -1     1 F T
 runElementPrint:     -1    -1     0 F F
::
NUOPC_RunSequenceArrayPrint: element     2 out of      4
runSeq::
 runElementPrint:      1    -1     1 T T
 runElementPrint:      2    -1     1 T T
 runElementPrint:     -3     0     0 T T
 runElementPrint:     -2    -1     0 T F
::
NUOPC_RunSequenceArrayPrint: element     3 out of      4
runSeq::
 runElementPrint:      1     3     1 F T
 runElementPrint:     -3    -1     0 F F
::
NUOPC_RunSequenceArrayPrint: element     4 out of      4
runSeq::
 runElementPrint:      2     3     1 T T
 runElementPrint:     -4    -1     0 T F
::
 NUOPC_DriverPrint for PET:            1
   Model, Mediator, and Driver components, in the order
   that they were added to the Driver:
            1 :  ATM
            2 :  OCN
            3 :  MED
   Connector components, in the order
   that they were added to the Driver:
            1 :  MED-TO-ATM
            2 :  MED-TO-OCN
            3 :  ATM-TO-MED
            4 :  OCN-TO-MED
NUOPC_RunSequenceArrayPrint: element     1 out of      4
runSeq::
 runElementPrint:      3    -1     1 F T
 runElementPrint:      3     1     1 F T
 runElementPrint:      3     2     1 F T
 runElementPrint:     -2     0     0 F T
 runElementPrint:     -4     0     0 F T
 runElementPrint:      3    -1     1 F T
 runElementPrint:     -1    -1     0 F F
::
NUOPC_RunSequenceArrayPrint: element     2 out of      4
runSeq::
 runElementPrint:      1    -1     1 T T
 runElementPrint:      2    -1     1 T T
 runElementPrint:     -3     0     0 T T
 runElementPrint:     -2    -1     0 T F
::
NUOPC_RunSequenceArrayPrint: element     3 out of      4
runSeq::
 runElementPrint:      1     3     1 F T
 runElementPrint:     -3    -1     0 F F
::
NUOPC_RunSequenceArrayPrint: element     4 out of      4
runSeq::
 runElementPrint:      2     3     1 T T
 runElementPrint:     -4    -1     0 T F
::
 NUOPC_DriverPrint for PET:            2
   Model, Mediator, and Driver components, in the order
   that they were added to the Driver:
            1 :  ATM
            2 :  OCN
            3 :  MED
   Connector components, in the order
   that they were added to the Driver:
            1 :  MED-TO-ATM
            2 :  MED-TO-OCN
            3 :  ATM-TO-MED
            4 :  OCN-TO-MED
NUOPC_RunSequenceArrayPrint: element     1 out of      4
runSeq::
 runElementPrint:      3    -1     1 F T
 runElementPrint:      3     1     1 F T
 runElementPrint:      3     2     1 F T
 runElementPrint:     -2     0     0 F T
 runElementPrint:     -4     0     0 F T
 runElementPrint:      3    -1     1 F T
 runElementPrint:     -1    -1     0 F F
::
NUOPC_RunSequenceArrayPrint: element     2 out of      4
 NUOPC_DriverPrint for PET:            3
   Model, Mediator, and Driver components, in the order
   that they were added to the Driver:
            1 :  ATM
            2 :  OCN
            3 :  MED
   Connector components, in the order
   that they were added to the Driver:
            1 :  MED-TO-ATM
            2 :  MED-TO-OCN
            3 :  ATM-TO-MED
            4 :  OCN-TO-MED
NUOPC_RunSequenceArrayPrint: element     1 out of      4
runSeq::
 runElementPrint:      3    -1     1 F T
 runElementPrint:      3     1     1 F T
 runElementPrint:      3     2     1 F T
 runElementPrint:     -2     0     0 F T
 runElementPrint:     -4     0     0 F T
 runElementPrint:      3    -1     1 F T
 runElementPrint:     -1    -1     0 F F
::
NUOPC_RunSequenceArrayPrint: element     2 out of      4
runSeq::
 runElementPrint:      1    -1     1 T T
 runElementPrint:      2    -1     1 T T
 runElementPrint:     -3     0     0 T T
 runElementPrint:     -2    -1     0 T F
::
NUOPC_RunSequenceArrayPrint: element     3 out of      4
runSeq::
 runElementPrint:      1     3     1 F T
 runElementPrint:     -3    -1     0 F F
::
NUOPC_RunSequenceArrayPrint: element     4 out of      4
runSeq::
 runElementPrint:      2     3     1 T T
 runElementPrint:     -4    -1     0 T F
::
runSeq::
 runElementPrint:      1    -1     1 T T
 runElementPrint:      2    -1     1 T T
 runElementPrint:     -3     0     0 T T
 runElementPrint:     -2    -1     0 T F
::
NUOPC_RunSequenceArrayPrint: element     3 out of      4
runSeq::
 runElementPrint:      1     3     1 F T
 runElementPrint:     -3    -1     0 F F
::
NUOPC_RunSequenceArrayPrint: element     4 out of      4
runSeq::
 runElementPrint:      2     3     1 T T
 runElementPrint:     -4    -1     0 T F
::
[r1i4n11:50605:0:50605] Caught signal 11 (Segmentation fault: address not mapped to object at address 0x4f1b591)
[r1i4n11:50602:0:50602] Caught signal 11 (Segmentation fault: address not mapped to object at address 0x4f1b591)
[r1i4n11:50603:0:50603] Caught signal 11 (Segmentation fault: address not mapped to object at address 0x4f1b591)
[r1i4n11:50604:0:50604] Caught signal 11 (Segmentation fault: address not mapped to object at address 0x4f1b591)
==== backtrace (tid:  50603) ====
 0  /glade/u/apps/ch/opt/ucx/1.11.0/lib/libucs.so.0(ucs_handle_error+0xe4) [0x2b85dbd6c1b4]
 1  /glade/u/apps/ch/opt/ucx/1.11.0/lib/libucs.so.0(+0x2a4dc) [0x2b85dbd6c4dc]
 2  /glade/u/apps/ch/opt/ucx/1.11.0/lib/libucs.so.0(+0x2a74b) [0x2b85dbd6c74b]
 3  /glade/scratch/theurich/ESMF-Nightly-Testing/nvhpc_21.11_openmpi_g_develop/esmf/DEFAULTINSTALLDIR/lib/libg/Linux.nvhpc.64.openmpi.default/libesmf.so(_ZN5ESMCI6LogErr13MsgFoundErrorEiPKciS2_S2_Pi+0x34) [0x2b85c5f53234]
 4  /glade/scratch/theurich/ESMF-Nightly-Testing/nvhpc_21.11_openmpi_g_develop/esmf/DEFAULTINSTALLDIR/lib/libg/Linux.nvhpc.64.openmpi.default/libesmf.so(_ZN5ESMCI7MeshCap22meshcreatenodedistgridEPi+0x7f) [0x2b85c616f8ff]
 5  /glade/scratch/theurich/ESMF-Nightly-Testing/nvhpc_21.11_openmpi_g_develop/esmf/DEFAULTINSTALLDIR/lib/libg/Linux.nvhpc.64.openmpi.default/libesmf.so(c_esmc_meshcreatenodedistgrid_+0xc1) [0x2b85c61c1cc1]
 6  /glade/scratch/theurich/ESMF-Nightly-Testing/nvhpc_21.11_openmpi_g_develop/esmf/DEFAULTINSTALLDIR/lib/libg/Linux.nvhpc.64.openmpi.default/libesmf.so(esmf_meshmod_esmf_meshcreatefrompointer_+0x6d) [0x2b85c6e907ad]
==== backtrace (tid:  50604) ====
 0  /glade/u/apps/ch/opt/ucx/1.11.0/lib/libucs.so.0(ucs_handle_error+0xe4) [0x2b1ad1f441b4]
 1  /glade/u/apps/ch/opt/ucx/1.11.0/lib/libucs.so.0(+0x2a4dc) [0x2b1ad1f444dc]
 2  /glade/u/apps/ch/opt/ucx/1.11.0/lib/libucs.so.0(+0x2a74b) [0x2b1ad1f4474b]
 3  /glade/scratch/theurich/ESMF-Nightly-Testing/nvhpc_21.11_openmpi_g_develop/esmf/DEFAULTINSTALLDIR/lib/libg/Linux.nvhpc.64.openmpi.default/libesmf.so(_ZN5ESMCI6LogErr13MsgFoundErrorEiPKciS2_S2_Pi+0x34) [0x2b1ab82d6234]
 4  /glade/scratch/theurich/ESMF-Nightly-Testing/nvhpc_21.11_openmpi_g_develop/esmf/DEFAULTINSTALLDIR/lib/libg/Linux.nvhpc.64.openmpi.default/libesmf.so(_ZN5ESMCI7MeshCap22meshcreatenodedistgridEPi+0x7f) [0x2b1ab84f28ff]
 5  /glade/scratch/theurich/ESMF-Nightly-Testing/nvhpc_21.11_openmpi_g_develop/esmf/DEFAULTINSTALLDIR/lib/libg/Linux.nvhpc.64.openmpi.default/libesmf.so(c_esmc_meshcreatenodedistgrid_+0xc1) [0x2b1ab8544cc1]
 6  /glade/scratch/theurich/ESMF-Nightly-Testing/nvhpc_21.11_openmpi_g_develop/esmf/DEFAULTINSTALLDIR/lib/libg/Linux.nvhpc.64.openmpi.default/libesmf.so(esmf_meshmod_esmf_meshcreatefrompointer_+0x6d) [0x2b1ab92137ad]
 7  /glade/scratch/theurich/ESMF-Nightly-Testing/nvhpc_21.11_openmpi_g_develop/esmf/DEFAULTINSTALLDIR/lib/libg/Linux.nvhpc.64.openmpi.default/libesmf.so(esmf_gridutilmod_esmf_gridtomesh_+0x52d) [0x2b1ab906f1ed]
 8  /glade/scratch/theurich/ESMF-Nightly-Testing/nvhpc_21.11_openmpi_g_develop/esmf/DEFAULTINSTALLDIR/lib/libg/Linux.nvhpc.64.openmpi.default/libesmf.so(esmf_fieldregridmod_b_or_p_gridtomesh_+0x5a8) [0x2b1ab8f2eaa8]
 9  /glade/scratch/theurich/ESMF-Nightly-Testing/nvhpc_21.11_openmpi_g_develop/esmf/DEFAULTINSTALLDIR/lib/libg/Linux.nvhpc.64.openmpi.default/libesmf.so(esmf_fieldregridmod_getmeshwithnodesonfieldloc_+0x55e) [0x2b1ab8f29f5e]
10  /glade/scratch/theurich/ESMF-Nightly-Testing/nvhpc_21.11_openmpi_g_develop/esmf/DEFAULTINSTALLDIR/lib/libg/Linux.nvhpc.64.openmpi.default/libesmf.so(esmf_fieldregridmod_esmf_fieldregridstorenx_+0xf81) [0x2b1ab8f27a81]
11  /glade/scratch/theurich/ESMF-Nightly-Testing/nvhpc_21.11_openmpi_g_develop/esmf/DEFAULTINSTALLDIR/lib/libg/Linux.nvhpc.64.openmpi.default/libesmf.so(nuopc_connector_fieldbundlecplstore_+0x11746) [0x2b1ab96871c6]
==== backtrace (tid:  50605) ====
 0  /glade/u/apps/ch/opt/ucx/1.11.0/lib/libucs.so.0(ucs_handle_error+0xe4) [0x2b1e967551b4]
 1  /glade/u/apps/ch/opt/ucx/1.11.0/lib/libucs.so.0(+0x2a4dc) [0x2b1e967554dc]
 2  /glade/u/apps/ch/opt/ucx/1.11.0/lib/libucs.so.0(+0x2a74b) [0x2b1e9675574b]
 3  /glade/scratch/theurich/ESMF-Nightly-Testing/nvhpc_21.11_openmpi_g_develop/esmf/DEFAULTINSTALLDIR/lib/libg/Linux.nvhpc.64.openmpi.default/libesmf.so(_ZN5ESMCI6LogErr13MsgFoundErrorEiPKciS2_S2_Pi+0x34) [0x2b1e7c7bf234]
 4  /glade/scratch/theurich/ESMF-Nightly-Testing/nvhpc_21.11_openmpi_g_develop/esmf/DEFAULTINSTALLDIR/lib/libg/Linux.nvhpc.64.openmpi.default/libesmf.so(_ZN5ESMCI7MeshCap22meshcreatenodedistgridEPi+0x7f) [0x2b1e7c9db8ff]
 5  /glade/scratch/theurich/ESMF-Nightly-Testing/nvhpc_21.11_openmpi_g_develop/esmf/DEFAULTINSTALLDIR/lib/libg/Linux.nvhpc.64.openmpi.default/libesmf.so(c_esmc_meshcreatenodedistgrid_+0xc1) [0x2b1e7ca2dcc1]
 6  /glade/scratch/theurich/ESMF-Nightly-Testing/nvhpc_21.11_openmpi_g_develop/esmf/DEFAULTINSTALLDIR/lib/libg/Linux.nvhpc.64.openmpi.default/libesmf.so(esmf_meshmod_esmf_meshcreatefrompointer_+0x6d) [0x2b1e7d6fc7ad]
 7  /glade/scratch/theurich/ESMF-Nightly-Testing/nvhpc_21.11_openmpi_g_develop/esmf/DEFAULTINSTALLDIR/lib/libg/Linux.nvhpc.64.openmpi.default/libesmf.so(esmf_gridutilmod_esmf_gridtomesh_+0x52d) [0x2b1e7d5581ed]
==== backtrace (tid:  50602) ====
 0  /glade/u/apps/ch/opt/ucx/1.11.0/lib/libucs.so.0(ucs_handle_error+0xe4) [0x2ba63df451b4]
 1  /glade/u/apps/ch/opt/ucx/1.11.0/lib/libucs.so.0(+0x2a4dc) [0x2ba63df454dc]
 2  /glade/u/apps/ch/opt/ucx/1.11.0/lib/libucs.so.0(+0x2a74b) [0x2ba63df4574b]
 3  /glade/scratch/theurich/ESMF-Nightly-Testing/nvhpc_21.11_openmpi_g_develop/esmf/DEFAULTINSTALLDIR/lib/libg/Linux.nvhpc.64.openmpi.default/libesmf.so(_ZN5ESMCI6LogErr13MsgFoundErrorEiPKciS2_S2_Pi+0x34) [0x2ba623f3b234]
 4  /glade/scratch/theurich/ESMF-Nightly-Testing/nvhpc_21.11_openmpi_g_develop/esmf/DEFAULTINSTALLDIR/lib/libg/Linux.nvhpc.64.openmpi.default/libesmf.so(_ZN5ESMCI7MeshCap22meshcreatenodedistgridEPi+0x7f) [0x2ba6241578ff]
 5  /glade/scratch/theurich/ESMF-Nightly-Testing/nvhpc_21.11_openmpi_g_develop/esmf/DEFAULTINSTALLDIR/lib/libg/Linux.nvhpc.64.openmpi.default/libesmf.so(c_esmc_meshcreatenodedistgrid_+0xc1) [0x2ba6241a9cc1]
 6  /glade/scratch/theurich/ESMF-Nightly-Testing/nvhpc_21.11_openmpi_g_develop/esmf/DEFAULTINSTALLDIR/lib/libg/Linux.nvhpc.64.openmpi.default/libesmf.so(esmf_meshmod_esmf_meshcreatefrompointer_+0x6d) [0x2ba624e787ad]
 7  /glade/scratch/theurich/ESMF-Nightly-Testing/nvhpc_21.11_openmpi_g_develop/esmf/DEFAULTINSTALLDIR/lib/libg/Linux.nvhpc.64.openmpi.default/libesmf.so(esmf_gridutilmod_esmf_gridtomesh_+0x52d) [0x2ba624cd41ed]
 7  /glade/scratch/theurich/ESMF-Nightly-Testing/nvhpc_21.11_openmpi_g_develop/esmf/DEFAULTINSTALLDIR/lib/libg/Linux.nvhpc.64.openmpi.default/libesmf.so(esmf_gridutilmod_esmf_gridtomesh_+0x52d) [0x2b85c6cec1ed]
 8  /glade/scratch/theurich/ESMF-Nightly-Testing/nvhpc_21.11_openmpi_g_develop/esmf/DEFAULTINSTALLDIR/lib/libg/Linux.nvhpc.64.openmpi.default/libesmf.so(esmf_fieldregridmod_b_or_p_gridtomesh_+0x5a8) [0x2b85c6babaa8]
 9  /glade/scratch/theurich/ESMF-Nightly-Testing/nvhpc_21.11_openmpi_g_develop/esmf/DEFAULTINSTALLDIR/lib/libg/Linux.nvhpc.64.openmpi.default/libesmf.so(esmf_fieldregridmod_getmeshwithnodesonfieldloc_+0x55e) [0x2b85c6ba6f5e]
10  /glade/scratch/theurich/ESMF-Nightly-Testing/nvhpc_21.11_openmpi_g_develop/esmf/DEFAULTINSTALLDIR/lib/libg/Linux.nvhpc.64.openmpi.default/libesmf.so(esmf_fieldregridmod_esmf_fieldregridstorenx_+0xf81) [0x2b85c6ba4a81]
11  /glade/scratch/theurich/ESMF-Nightly-Testing/nvhpc_21.11_openmpi_g_develop/esmf/DEFAULTINSTALLDIR/lib/libg/Linux.nvhpc.64.openmpi.default/libesmf.so(nuopc_connector_fieldbundlecplstore_+0x11746) [0x2b85c73041c6]
12  /glade/scratch/theurich/ESMF-Nightly-Testing/nvhpc_21.11_openmpi_g_develop/esmf/DEFAULTINSTALLDIR/lib/libg/Linux.nvhpc.64.openmpi.default/libesmf.so(nuopc_connector_initializeipdv05p6b_+0x7a35) [0x2b85c72deb75]
13  /glade/scratch/theurich/ESMF-Nightly-Testing/nvhpc_21.11_openmpi_g_develop/esmf/DEFAULTINSTALLDIR/lib/libg/Linux.nvhpc.64.openmpi.default/libesmf.so(_ZN5ESMCI6FTable12callVFuncPtrEPKcPNS_2VMEPi+0xc3c) [0x2b85c5d94b3c]
14  /glade/scratch/theurich/ESMF-Nightly-Testing/nvhpc_21.11_openmpi_g_develop/esmf/DEFAULTINSTALLDIR/lib/libg/Linux.nvhpc.64.openmpi.default/libesmf.so(ESMCI_FTableCallEntryPointVMHop+0x293) [0x2b85c5d90153]
15  /glade/scratch/theurich/ESMF-Nightly-Testing/nvhpc_21.11_openmpi_g_develop/esmf/DEFAULTINSTALLDIR/lib/libg/Linux.nvhpc.64.openmpi.default/libesmf.so(_ZN5ESMCI3VMK5enterEPNS_7VMKPlanEPvS3_+0xbb) [0x2b85c65e68fb]
16  /glade/scratch/theurich/ESMF-Nightly-Testing/nvhpc_21.11_openmpi_g_develop/esmf/DEFAULTINSTALLDIR/lib/libg/Linux.nvhpc.64.openmpi.default/libesmf.so(_ZN5ESMCI2VM5enterEPNS_6VMPlanEPvS3_+0xbe) [0x2b85c660fd7e]
17  /glade/scratch/theurich/ESMF-Nightly-Testing/nvhpc_21.11_openmpi_g_develop/esmf/DEFAULTINSTALLDIR/lib/libg/Linux.nvhpc.64.openmpi.default/libesmf.so(c_esmc_ftablecallentrypointvm_+0x393) [0x2b85c5d90613]
18  /glade/scratch/theurich/ESMF-Nightly-Testing/nvhpc_21.11_openmpi_g_develop/esmf/DEFAULTINSTALLDIR/lib/libg/Linux.nvhpc.64.openmpi.default/libesmf.so(esmf_compmod_esmf_compexecute_+0xab0) [0x2b85c69306b0]
19  /glade/scratch/theurich/ESMF-Nightly-Testing/nvhpc_21.11_openmpi_g_develop/esmf/DEFAULTINSTALLDIR/lib/libg/Linux.nvhpc.64.openmpi.default/libesmf.so(esmf_cplcompmod_esmf_cplcompinitialize_+0x1de) [0x2b85c694989e]
20  /glade/scratch/theurich/ESMF-Nightly-Testing/nvhpc_21.11_openmpi_g_develop/esmf/DEFAULTINSTALLDIR/lib/libg/Linux.nvhpc.64.openmpi.default/libesmf.so(nuopc_driver_loopconnectorcompss_+0x1663) [0x2b85c73357a3]
21  /glade/scratch/theurich/ESMF-Nightly-Testing/nvhpc_21.11_openmpi_g_develop/esmf/DEFAULTINSTALLDIR/lib/libg/Linux.nvhpc.64.openmpi.default/libesmf.so(nuopc_driver_initializeipdv02p3_+0x4542) [0x2b85c7328f82]
22  /glade/scratch/theurich/ESMF-Nightly-Testing/nvhpc_21.11_openmpi_g_develop/esmf/DEFAULTINSTALLDIR/lib/libg/Linux.nvhpc.64.openmpi.default/libesmf.so(nuopc_driver_initializegeneric_+0xd60) [0x2b85c730dc20]
23  /glade/scratch/theurich/ESMF-Nightly-Testing/nvhpc_21.11_openmpi_g_develop/esmf/DEFAULTINSTALLDIR/lib/libg/Linux.nvhpc.64.openmpi.default/libesmf.so(_ZN5ESMCI6FTable12callVFuncPtrEPKcPNS_2VMEPi+0xc3c) [0x2b85c5d94b3c]
12  /glade/scratch/theurich/ESMF-Nightly-Testing/nvhpc_21.11_openmpi_g_develop/esmf/DEFAULTINSTALLDIR/lib/libg/Linux.nvhpc.64.openmpi.default/libesmf.so(nuopc_connector_initializeipdv05p6b_+0x7a35) [0x2b1ab9661b75]
13  /glade/scratch/theurich/ESMF-Nightly-Testing/nvhpc_21.11_openmpi_g_develop/esmf/DEFAULTINSTALLDIR/lib/libg/Linux.nvhpc.64.openmpi.default/libesmf.so(_ZN5ESMCI6FTable12callVFuncPtrEPKcPNS_2VMEPi+0xc3c) [0x2b1ab8117b3c]
14  /glade/scratch/theurich/ESMF-Nightly-Testing/nvhpc_21.11_openmpi_g_develop/esmf/DEFAULTINSTALLDIR/lib/libg/Linux.nvhpc.64.openmpi.default/libesmf.so(ESMCI_FTableCallEntryPointVMHop+0x293) [0x2b1ab8113153]
15  /glade/scratch/theurich/ESMF-Nightly-Testing/nvhpc_21.11_openmpi_g_develop/esmf/DEFAULTINSTALLDIR/lib/libg/Linux.nvhpc.64.openmpi.default/libesmf.so(_ZN5ESMCI3VMK5enterEPNS_7VMKPlanEPvS3_+0xbb) [0x2b1ab89698fb]
16  /glade/scratch/theurich/ESMF-Nightly-Testing/nvhpc_21.11_openmpi_g_develop/esmf/DEFAULTINSTALLDIR/lib/libg/Linux.nvhpc.64.openmpi.default/libesmf.so(_ZN5ESMCI2VM5enterEPNS_6VMPlanEPvS3_+0xbe) [0x2b1ab8992d7e]
17  /glade/scratch/theurich/ESMF-Nightly-Testing/nvhpc_21.11_openmpi_g_develop/esmf/DEFAULTINSTALLDIR/lib/libg/Linux.nvhpc.64.openmpi.default/libesmf.so(c_esmc_ftablecallentrypointvm_+0x393) [0x2b1ab8113613]
18  /glade/scratch/theurich/ESMF-Nightly-Testing/nvhpc_21.11_openmpi_g_develop/esmf/DEFAULTINSTALLDIR/lib/libg/Linux.nvhpc.64.openmpi.default/libesmf.so(esmf_compmod_esmf_compexecute_+0xab0) [0x2b1ab8cb36b0]
19  /glade/scratch/theurich/ESMF-Nightly-Testing/nvhpc_21.11_openmpi_g_develop/esmf/DEFAULTINSTALLDIR/lib/libg/Linux.nvhpc.64.openmpi.default/libesmf.so(esmf_cplcompmod_esmf_cplcompinitialize_+0x1de) [0x2b1ab8ccc89e]
20  /glade/scratch/theurich/ESMF-Nightly-Testing/nvhpc_21.11_openmpi_g_develop/esmf/DEFAULTINSTALLDIR/lib/libg/Linux.nvhpc.64.openmpi.default/libesmf.so(nuopc_driver_loopconnectorcompss_+0x1663) [0x2b1ab96b87a3]
21  /glade/scratch/theurich/ESMF-Nightly-Testing/nvhpc_21.11_openmpi_g_develop/esmf/DEFAULTINSTALLDIR/lib/libg/Linux.nvhpc.64.openmpi.default/libesmf.so(nuopc_driver_initializeipdv02p3_+0x4542) [0x2b1ab96abf82]
22  /glade/scratch/theurich/ESMF-Nightly-Testing/nvhpc_21.11_openmpi_g_develop/esmf/DEFAULTINSTALLDIR/lib/libg/Linux.nvhpc.64.openmpi.default/libesmf.so(nuopc_driver_initializegeneric_+0xd60) [0x2b1ab9690c20]
23  /glade/scratch/theurich/ESMF-Nightly-Testing/nvhpc_21.11_openmpi_g_develop/esmf/DEFAULTINSTALLDIR/lib/libg/Linux.nvhpc.64.openmpi.default/libesmf.so(_ZN5ESMCI6FTable12callVFuncPtrEPKcPNS_2VMEPi+0xc3c) [0x2b1ab8117b3c]
24  /glade/scratch/theurich/ESMF-Nightly-Testing/nvhpc_21.11_openmpi_g_develop/esmf/DEFAULTINSTALLDIR/lib/libg/Linux.nvhpc.64.openmpi.default/libesmf.so(ESMCI_FTableCallEntryPointVMHop+0x293) [0x2b1ab8113153]
25  /glade/scratch/theurich/ESMF-Nightly-Testing/nvhpc_21.11_openmpi_g_develop/esmf/DEFAULTINSTALLDIR/lib/libg/Linux.nvhpc.64.openmpi.default/libesmf.so(_ZN5ESMCI3VMK5enterEPNS_7VMKPlanEPvS3_+0xbb) [0x2b1ab89698fb]
26  /glade/scratch/theurich/ESMF-Nightly-Testing/nvhpc_21.11_openmpi_g_develop/esmf/DEFAULTINSTALLDIR/lib/libg/Linux.nvhpc.64.openmpi.default/libesmf.so(_ZN5ESMCI2VM5enterEPNS_6VMPlanEPvS3_+0xbe) [0x2b1ab8992d7e]
27  /glade/scratch/theurich/ESMF-Nightly-Testing/nvhpc_21.11_openmpi_g_develop/esmf/DEFAULTINSTALLDIR/lib/libg/Linux.nvhpc.64.openmpi.default/libesmf.so(c_esmc_ftablecallentrypointvm_+0x393) [0x2b1ab8113613]
28  /glade/scratch/theurich/ESMF-Nightly-Testing/nvhpc_21.11_openmpi_g_develop/esmf/DEFAULTINSTALLDIR/lib/libg/Linux.nvhpc.64.openmpi.default/libesmf.so(esmf_compmod_esmf_compexecute_+0xab0) [0x2b1ab8cb36b0]
29  /glade/scratch/theurich/ESMF-Nightly-Testing/nvhpc_21.11_openmpi_g_develop/esmf/DEFAULTINSTALLDIR/lib/libg/Linux.nvhpc.64.openmpi.default/libesmf.so(esmf_gridcompmod_esmf_gridcompinitialize_+0x1de) [0x2b1ab8f8dbde]
30  ./esmApp() [0x407966]
31  ./esmApp() [0x407433]
24  /glade/scratch/theurich/ESMF-Nightly-Testing/nvhpc_21.11_openmpi_g_develop/esmf/DEFAULTINSTALLDIR/lib/libg/Linux.nvhpc.64.openmpi.default/libesmf.so(ESMCI_FTableCallEntryPointVMHop+0x293) [0x2b85c5d90153]
25  /glade/scratch/theurich/ESMF-Nightly-Testing/nvhpc_21.11_openmpi_g_develop/esmf/DEFAULTINSTALLDIR/lib/libg/Linux.nvhpc.64.openmpi.default/libesmf.so(_ZN5ESMCI3VMK5enterEPNS_7VMKPlanEPvS3_+0xbb) [0x2b85c65e68fb]
26  /glade/scratch/theurich/ESMF-Nightly-Testing/nvhpc_21.11_openmpi_g_develop/esmf/DEFAULTINSTALLDIR/lib/libg/Linux.nvhpc.64.openmpi.default/libesmf.so(_ZN5ESMCI2VM5enterEPNS_6VMPlanEPvS3_+0xbe) [0x2b85c660fd7e]
27  /glade/scratch/theurich/ESMF-Nightly-Testing/nvhpc_21.11_openmpi_g_develop/esmf/DEFAULTINSTALLDIR/lib/libg/Linux.nvhpc.64.openmpi.default/libesmf.so(c_esmc_ftablecallentrypointvm_+0x393) [0x2b85c5d90613]
28  /glade/scratch/theurich/ESMF-Nightly-Testing/nvhpc_21.11_openmpi_g_develop/esmf/DEFAULTINSTALLDIR/lib/libg/Linux.nvhpc.64.openmpi.default/libesmf.so(esmf_compmod_esmf_compexecute_+0xab0) [0x2b85c69306b0]
29  /glade/scratch/theurich/ESMF-Nightly-Testing/nvhpc_21.11_openmpi_g_develop/esmf/DEFAULTINSTALLDIR/lib/libg/Linux.nvhpc.64.openmpi.default/libesmf.so(esmf_gridcompmod_esmf_gridcompinitialize_+0x1de) [0x2b85c6c0abde]
30  ./esmApp() [0x407966]
31  ./esmApp() [0x407433]
32  /glade/u/apps/ch/os/lib64/libc.so.6(__libc_start_main+0xf5) [0x2b85ccb44a35]
33  ./esmApp() [0x407329]
=================================
 8  /glade/scratch/theurich/ESMF-Nightly-Testing/nvhpc_21.11_openmpi_g_develop/esmf/DEFAULTINSTALLDIR/lib/libg/Linux.nvhpc.64.openmpi.default/libesmf.so(esmf_fieldregridmod_b_or_p_gridtomesh_+0x5a8) [0x2b1e7d417aa8]
 9  /glade/scratch/theurich/ESMF-Nightly-Testing/nvhpc_21.11_openmpi_g_develop/esmf/DEFAULTINSTALLDIR/lib/libg/Linux.nvhpc.64.openmpi.default/libesmf.so(esmf_fieldregridmod_getmeshwithnodesonfieldloc_+0x55e) [0x2b1e7d412f5e]
10  /glade/scratch/theurich/ESMF-Nightly-Testing/nvhpc_21.11_openmpi_g_develop/esmf/DEFAULTINSTALLDIR/lib/libg/Linux.nvhpc.64.openmpi.default/libesmf.so(esmf_fieldregridmod_esmf_fieldregridstorenx_+0xf81) [0x2b1e7d410a81]
11  /glade/scratch/theurich/ESMF-Nightly-Testing/nvhpc_21.11_openmpi_g_develop/esmf/DEFAULTINSTALLDIR/lib/libg/Linux.nvhpc.64.openmpi.default/libesmf.so(nuopc_connector_fieldbundlecplstore_+0x11746) [0x2b1e7db701c6]
12  /glade/scratch/theurich/ESMF-Nightly-Testing/nvhpc_21.11_openmpi_g_develop/esmf/DEFAULTINSTALLDIR/lib/libg/Linux.nvhpc.64.openmpi.default/libesmf.so(nuopc_connector_initializeipdv05p6b_+0x7a35) [0x2b1e7db4ab75]
13  /glade/scratch/theurich/ESMF-Nightly-Testing/nvhpc_21.11_openmpi_g_develop/esmf/DEFAULTINSTALLDIR/lib/libg/Linux.nvhpc.64.openmpi.default/libesmf.so(_ZN5ESMCI6FTable12callVFuncPtrEPKcPNS_2VMEPi+0xc3c) [0x2b1e7c600b3c]
14  /glade/scratch/theurich/ESMF-Nightly-Testing/nvhpc_21.11_openmpi_g_develop/esmf/DEFAULTINSTALLDIR/lib/libg/Linux.nvhpc.64.openmpi.default/libesmf.so(ESMCI_FTableCallEntryPointVMHop+0x293) [0x2b1e7c5fc153]
15  /glade/scratch/theurich/ESMF-Nightly-Testing/nvhpc_21.11_openmpi_g_develop/esmf/DEFAULTINSTALLDIR/lib/libg/Linux.nvhpc.64.openmpi.default/libesmf.so(_ZN5ESMCI3VMK5enterEPNS_7VMKPlanEPvS3_+0xbb) [0x2b1e7ce528fb]
16  /glade/scratch/theurich/ESMF-Nightly-Testing/nvhpc_21.11_openmpi_g_develop/esmf/DEFAULTINSTALLDIR/lib/libg/Linux.nvhpc.64.openmpi.default/libesmf.so(_ZN5ESMCI2VM5enterEPNS_6VMPlanEPvS3_+0xbe) [0x2b1e7ce7bd7e]
17  /glade/scratch/theurich/ESMF-Nightly-Testing/nvhpc_21.11_openmpi_g_develop/esmf/DEFAULTINSTALLDIR/lib/libg/Linux.nvhpc.64.openmpi.default/libesmf.so(c_esmc_ftablecallentrypointvm_+0x393) [0x2b1e7c5fc613]
18  /glade/scratch/theurich/ESMF-Nightly-Testing/nvhpc_21.11_openmpi_g_develop/esmf/DEFAULTINSTALLDIR/lib/libg/Linux.nvhpc.64.openmpi.default/libesmf.so(esmf_compmod_esmf_compexecute_+0xab0) [0x2b1e7d19c6b0]
19  /glade/scratch/theurich/ESMF-Nightly-Testing/nvhpc_21.11_openmpi_g_develop/esmf/DEFAULTINSTALLDIR/lib/libg/Linux.nvhpc.64.openmpi.default/libesmf.so(esmf_cplcompmod_esmf_cplcompinitialize_+0x1de) [0x2b1e7d1b589e]
20  /glade/scratch/theurich/ESMF-Nightly-Testing/nvhpc_21.11_openmpi_g_develop/esmf/DEFAULTINSTALLDIR/lib/libg/Linux.nvhpc.64.openmpi.default/libesmf.so(nuopc_driver_loopconnectorcompss_+0x1663) [0x2b1e7dba17a3]
21  /glade/scratch/theurich/ESMF-Nightly-Testing/nvhpc_21.11_openmpi_g_develop/esmf/DEFAULTINSTALLDIR/lib/libg/Linux.nvhpc.64.openmpi.default/libesmf.so(nuopc_driver_initializeipdv02p3_+0x4542) [0x2b1e7db94f82]
22  /glade/scratch/theurich/ESMF-Nightly-Testing/nvhpc_21.11_openmpi_g_develop/esmf/DEFAULTINSTALLDIR/lib/libg/Linux.nvhpc.64.openmpi.default/libesmf.so(nuopc_driver_initializegeneric_+0xd60) [0x2b1e7db79c20]
23  /glade/scratch/theurich/ESMF-Nightly-Testing/nvhpc_21.11_openmpi_g_develop/esmf/DEFAULTINSTALLDIR/lib/libg/Linux.nvhpc.64.openmpi.default/libesmf.so(_ZN5ESMCI6FTable12callVFuncPtrEPKcPNS_2VMEPi+0xc3c) [0x2b1e7c600b3c]
24  /glade/scratch/theurich/ESMF-Nightly-Testing/nvhpc_21.11_openmpi_g_develop/esmf/DEFAULTINSTALLDIR/lib/libg/Linux.nvhpc.64.openmpi.default/libesmf.so(ESMCI_FTableCallEntryPointVMHop+0x293) [0x2b1e7c5fc153]
25  /glade/scratch/theurich/ESMF-Nightly-Testing/nvhpc_21.11_openmpi_g_develop/esmf/DEFAULTINSTALLDIR/lib/libg/Linux.nvhpc.64.openmpi.default/libesmf.so(_ZN5ESMCI3VMK5enterEPNS_7VMKPlanEPvS3_+0xbb) [0x2b1e7ce528fb]
26  /glade/scratch/theurich/ESMF-Nightly-Testing/nvhpc_21.11_openmpi_g_develop/esmf/DEFAULTINSTALLDIR/lib/libg/Linux.nvhpc.64.openmpi.default/libesmf.so(_ZN5ESMCI2VM5enterEPNS_6VMPlanEPvS3_+0xbe) [0x2b1e7ce7bd7e]
27  /glade/scratch/ 8  /glade/scratch/theurich/ESMF-Nightly-Testing/nvhpc_21.11_openmpi_g_develop/esmf/DEFAULTINSTALLDIR/lib/libg/Linux.nvhpc.64.openmpi.default/libesmf.so(esmf_fieldregridmod_b_or_p_gridtomesh_+0x5a8) [0x2ba624b93aa8]
 9  /glade/scratch/theurich/ESMF-Nightly-Testing/nvhpc_21.11_openmpi_g_develop/esmf/DEFAULTINSTALLDIR/lib/libg/Linux.nvhpc.64.openmpi.default/libesmf.so(esmf_fieldregridmod_getmeshwithnodesonfieldloc_+0x55e) [0x2ba624b8ef5e]
10  /glade/scratch/theurich/ESMF-Nightly-Testing/nvhpc_21.11_openmpi_g_develop/esmf/DEFAULTINSTALLDIR/lib/libg/Linux.nvhpc.64.openmpi.default/libesmf.so(esmf_fieldregridmod_esmf_fieldregridstorenx_+0xf81) [0x2ba624b8ca81]
11  /glade/scratch/theurich/ESMF-Nightly-Testing/nvhpc_21.11_openmpi_g_develop/esmf/DEFAULTINSTALLDIR/lib/libg/Linux.nvhpc.64.openmpi.default/libesmf.so(nuopc_connector_fieldbundlecplstore_+0x11746) [0x2ba6252ec1c6]
12  /glade/scratch/theurich/ESMF-Nightly-Testing/nvhpc_21.11_openmpi_g_develop/esmf/DEFAULTINSTALLDIR/lib/libg/Linux.nvhpc.64.openmpi.default/libesmf.so(nuopc_connector_initializeipdv05p6b_+0x7a35) [0x2ba6252c6b75]
13  /glade/scratch/theurich/ESMF-Nightly-Testing/nvhpc_21.11_openmpi_g_develop/esmf/DEFAULTINSTALLDIR/lib/libg/Linux.nvhpc.64.openmpi.default/libesmf.so(_ZN5ESMCI6FTable12callVFuncPtrEPKcPNS_2VMEPi+0xc3c) [0x2ba623d7cb3c]
14  /glade/scratch/theurich/ESMF-Nightly-Testing/nvhpc_21.11_openmpi_g_develop/esmf/DEFAULTINSTALLDIR/lib/libg/Linux.nvhpc.64.openmpi.default/libesmf.so(ESMCI_FTableCallEntryPointVMHop+0x293) [0x2ba623d78153]
15  /glade/scratch/theurich/ESMF-Nightly-Testing/nvhpc_21.11_openmpi_g_develop/esmf/DEFAULTINSTALLDIR/lib/libg/Linux.nvhpc.64.openmpi.default/libesmf.so(_ZN5ESMCI3VMK5enterEPNS_7VMKPlanEPvS3_+0xbb) [0x2ba6245ce8fb]
16  /glade/scratch/theurich/ESMF-Nightly-Testing/nvhpc_21.11_openmpi_g_develop/esmf/DEFAULTINSTALLDIR/lib/libg/Linux.nvhpc.64.openmpi.default/libesmf.so(_ZN5ESMCI2VM5enterEPNS_6VMPlanEPvS3_+0xbe) [0x2ba6245f7d7e]
17  /glade/scratch/theurich/ESMF-Nightly-Testing/nvhpc_21.11_openmpi_g_develop/esmf/DEFAULTINSTALLDIR/lib/libg/Linux.nvhpc.64.openmpi.default/libesmf.so(c_esmc_ftablecallentrypointvm_+0x393) [0x2ba623d78613]
18  /glade/scratch/theurich/ESMF-Nightly-Testing/nvhpc_21.11_openmpi_g_develop/esmf/DEFAULTINSTALLDIR/lib/libg/Linux.nvhpc.64.openmpi.default/libesmf.so(esmf_compmod_esmf_compexecute_+0xab0) [0x2ba6249186b0]
19  /glade/scratch/theurich/ESMF-Nightly-Testing/nvhpc_21.11_openmpi_g_develop/esmf/DEFAULTINSTALLDIR/lib/libg/Linux.nvhpc.64.openmpi.default/libesmf.so(esmf_cplcompmod_esmf_cplcompinitialize_+0x1de) [0x2ba62493189e]
20  /glade/scratch/theurich/ESMF-Nightly-Testing/nvhpc_21.11_openmpi_g_develop/esmf/DEFAULTINSTALLDIR/lib/libg/Linux.nvhpc.64.openmpi.default/libesmf.so(nuopc_driver_loopconnectorcompss_+0x1663) [0x2ba62531d7a3]
21  /glade/scratch/theurich/ESMF-Nightly-Testing/nvhpc_21.11_openmpi_g_develop/esmf/DEFAULTINSTALLDIR/lib/libg/Linux.nvhpc.64.openmpi.default/libesmf.so(nuopc_driver_initializeipdv02p3_+0x4542) [0x2ba625310f82]
22  /glade/scratch/theurich/ESMF-Nightly-Testing/nvhpc_21.11_openmpi_g_develop/esmf/DEFAULTINSTALLDIR/lib/libg/Linux.nvhpc.64.openmpi.default/libesmf.so(nuopc_driver_initializegeneric_+0xd60) [0x2ba6252f5c20]
23  /glade/scratch/theurich/ESMF-Nightly-Testing/nvhpc_21.11_openmpi_g_develop/esmf/DEFAULTINSTALLDIR/lib/libg/Linux.nvhpc.64.openmpi.default/libesmf.so(_ZN5ESMCI6FTable12callVFuncPtrEPKcPNS_2VMEPi+0xc3c) [0x2ba623d7cb3c]
24  /glade/scratch/theurich/ESMF-Nightly-Testing/nvhpc_21.11_openmpi_g_develop/esmf/DEFAULTINSTALLDIR/lib/libg/Linux.nvhpc.64.openmpi.default/libesmf.so(ESMCI_FTableCallEntryPointVMHop+0x293) [0x2ba623d78153]
25  /glade/scratch/theurich/ESMF-Nightly-Testing/nvhpc_21.11_openmpi_g_develop/esmf/DEFAULTINSTALLDIR/lib/libg/Linux.nvhpc.64.openmpi.default/libesmf.so(_ZN5ESMCI3VMK5enterEPNS_7VMKPlanEPvS3_+0xbb) [0x2ba6245ce8fb]
26  /glade/scratch/theurich/ESMF-Nightly-Testing/nvhpc_21.11_openmpi_g_develop/esmf/DEFAULTINSTALLDIR/lib/libg/Linux.nvhpc.64.openmpi.default/libesmf.so(_ZN5ESMCI2VM5enterEPNS_6VMPlanEPvS3_+0xbe) [0x2ba6245f7d7e]
27  /glade/scratch/32  /glade/u/apps/ch/os/lib64/libc.so.6(__libc_start_main+0xf5) [0x2b1abeec7a35]
33  ./esmApp() [0x407329]
=================================
theurich/ESMF-Nightly-Testing/nvhpc_21.11_openmpi_g_develop/esmf/DEFAULTINSTALLDIR/lib/libg/Linux.nvhpc.64.openmpi.default/libesmf.so(c_esmc_ftablecallentrypointvm_+0x393) [0x2ba623d78613]
28  /glade/scratch/theurich/ESMF-Nightly-Testing/nvhpc_21.11_openmpi_g_develop/esmf/DEFAULTINSTALLDIR/lib/libg/Linux.nvhpc.64.openmpi.default/libesmf.so(esmf_compmod_esmf_compexecute_+0xab0) [0x2ba6249186b0]
29  /glade/scratch/theurich/ESMF-Nightly-Testing/nvhpc_21.11_openmpi_g_develop/esmf/DEFAULTINSTALLDIR/lib/libg/Linux.nvhpc.64.openmpi.default/libesmf.so(esmf_gridcompmod_esmf_gridcompinitialize_+0x1de) [0x2ba624bf2bde]
30  ./esmApp() [0x407966]
31  ./esmApp() [0x407433]
32  /glade/u/apps/ch/os/lib64/libc.so.6(__libc_start_main+0xf5) [0x2ba62ab2ca35]
33  ./esmApp() [0x407329]
=================================
[r1i4n11:50603] *** Process received signal ***
[r1i4n11:50603] Signal: Segmentation fault (11)
[r1i4n11:50603] Signal code:  (-6)
[r1i4n11:50603] Failing at address: 0xb510000c5ab
theurich/ESMF-Nightly-Testing/nvhpc_21.11_openmpi_g_develop/esmf/DEFAULTINSTALLDIR/lib/libg/Linux.nvhpc.64.openmpi.default/libesmf.so(c_esmc_ftablecallentrypointvm_+0x393) [0x2b1e7c5fc613]
28  /glade/scratch/theurich/ESMF-Nightly-Testing/nvhpc_21.11_openmpi_g_develop/esmf/DEFAULTINSTALLDIR/lib/libg/Linux.nvhpc.64.openmpi.default/libesmf.so(esmf_compmod_esmf_compexecute_+0xab0) [0x2b1e7d19c6b0]
29  /glade/scratch/theurich/ESMF-Nightly-Testing/nvhpc_21.11_openmpi_g_develop/esmf/DEFAULTINSTALLDIR/lib/libg/Linux.nvhpc.64.openmpi.default/libesmf.so(esmf_gridcompmod_esmf_gridcompinitialize_+0x1de) [0x2b1e7d476bde]
30  ./esmApp() [0x407966]
31  ./esmApp() [0x407433]
32  /glade/u/apps/ch/os/lib64/libc.so.6(__libc_start_main+0xf5) [0x2b1e833b0a35]
33  ./esmApp() [0x407329]
=================================
[r1i4n11:50605] *** Process received signal ***
[r1i4n11:50604] *** Process received signal ***
[r1i4n11:50604] Signal: Segmentation fault (11)
[r1i4n11:50604] Signal code:  (-6)
[r1i4n11:50604] Failing at address: 0xb510000c5ac
[r1i4n11:50605] Signal: Segmentation fault (11)
[r1i4n11:50605] Signal code:  (-6)
[r1i4n11:50605] Failing at address: 0xb510000c5ad
[r1i4n11:50602] *** Process received signal ***
[r1i4n11:50602] Signal: Segmentation fault (11)
[r1i4n11:50602] Signal code:  (-6)
[r1i4n11:50602] Failing at address: 0xb510000c5aa
[r1i4n11:50604] [ 0] [r1i4n11:50603] [ 0] [r1i4n11:50602] [ 0] /glade/u/apps/ch/os/lib64/libpthread.so.0(+0x11c00)[0x2ba62a25bc00]
[r1i4n11:50605] [ 0] /glade/u/apps/ch/os/lib64/libpthread.so.0(+0x11c00)[0x2b1abe5f6c00]
[r1i4n11:50604] [ 1] /glade/u/apps/ch/os/lib64/libpthread.so.0(+0x11c00)[0x2b85cc273c00]
[r1i4n11:50603] [ 1] [r1i4n11:50602] [ 1] /glade/u/apps/ch/os/lib64/libpthread.so.0(+0x11c00)[0x2b1e82adfc00]
[r1i4n11:50605] [ 1] /glade/scratch/theurich/ESMF-Nightly-Testing/nvhpc_21.11_openmpi_g_develop/esmf/DEFAULTINSTALLDIR/lib/libg/Linux.nvhpc.64.openmpi.default/libesmf.so(_ZN5ESMCI6LogErr13MsgFoundErrorEiPKciS2_S2_Pi+0x34)[0x2b85c5f53234]
[r1i4n11:50603] [ 2] /glade/scratch/theurich/ESMF-Nightly-Testing/nvhpc_21.11_openmpi_g_develop/esmf/DEFAULTINSTALLDIR/lib/libg/Linux.nvhpc.64.openmpi.default/libesmf.so(_ZN5ESMCI6LogErr13MsgFoundErrorEiPKciS2_S2_Pi+0x34)[0x2ba623f3b234]
[r1i4n11:50602] [ 2] /glade/scratch/theurich/ESMF-Nightly-Testing/nvhpc_21.11_openmpi_g_develop/esmf/DEFAULTINSTALLDIR/lib/libg/Linux.nvhpc.64.openmpi.default/libesmf.so(_ZN5ESMCI6LogErr13MsgFoundErrorEiPKciS2_S2_Pi+0x34)[0x2b1ab82d6234]
[r1i4n11:50604] [ 2] /glade/scratch/theurich/ESMF-Nightly-Testing/nvhpc_21.11_openmpi_g_develop/esmf/DEFAULTINSTALLDIR/lib/libg/Linux.nvhpc.64.openmpi.default/libesmf.so(_ZN5ESMCI6LogErr13MsgFoundErrorEiPKciS2_S2_Pi+0x34)[0x2b1e7c7bf234]
[r1i4n11:50605] [ 2] /glade/scratch/theurich/ESMF-Nightly-Testing/nvhpc_21.11_openmpi_g_develop/esmf/DEFAULTINSTALLDIR/lib/libg/Linux.nvhpc.64.openmpi.default/libesmf.so(_ZN5ESMCI7MeshCap22meshcreatenodedistgridEPi+0x7f)[0x2ba6241578ff]
[r1i4n11:50602] [ 3] /glade/scratch/theurich/ESMF-Nightly-Testing/nvhpc_21.11_openmpi_g_develop/esmf/DEFAULTINSTALLDIR/lib/libg/Linux.nvhpc.64.openmpi.default/libesmf.so(_ZN5ESMCI7MeshCap22meshcreatenodedistgridEPi+0x7f)[0x2b1ab84f28ff]
[r1i4n11:50604] [ 3] /glade/scratch/theurich/ESMF-Nightly-Testing/nvhpc_21.11_openmpi_g_develop/esmf/DEFAULTINSTALLDIR/lib/libg/Linux.nvhpc.64.openmpi.default/libesmf.so(_ZN5ESMCI7MeshCap22meshcreatenodedistgridEPi+0x7f)[0x2b85c616f8ff]
[r1i4n11:50603] [ 3] /glade/scratch/theurich/ESMF-Nightly-Testing/nvhpc_21.11_openmpi_g_develop/esmf/DEFAULTINSTALLDIR/lib/libg/Linux.nvhpc.64.openmpi.default/libesmf.so(_ZN5ESMCI7MeshCap22meshcreatenodedistgridEPi+0x7f)[0x2b1e7c9db8ff]
[r1i4n11:50605] [ 3] /glade/scratch/theurich/ESMF-Nightly-Testing/nvhpc_21.11_openmpi_g_develop/esmf/DEFAULTINSTALLDIR/lib/libg/Linux.nvhpc.64.openmpi.default/libesmf.so(c_esmc_meshcreatenodedistgrid_+0xc1)[0x2ba6241a9cc1]
[r1i4n11:50602] [ 4] /glade/scratch/theurich/ESMF-Nightly-Testing/nvhpc_21.11_openmpi_g_develop/esmf/DEFAULTINSTALLDIR/lib/libg/Linux.nvhpc.64.openmpi.default/libesmf.so(c_esmc_meshcreatenodedistgrid_+0xc1)[0x2b1ab8544cc1]
[r1i4n11:50604] [ 4] /glade/scratch/theurich/ESMF-Nightly-Testing/nvhpc_21.11_openmpi_g_develop/esmf/DEFAULTINSTALLDIR/lib/libg/Linux.nvhpc.64.openmpi.default/libesmf.so(c_esmc_meshcreatenodedistgrid_+0xc1)[0x2b85c61c1cc1]
[r1i4n11:50603] [ 4] /glade/scratch/theurich/ESMF-Nightly-Testing/nvhpc_21.11_openmpi_g_develop/esmf/DEFAULTINSTALLDIR/lib/libg/Linux.nvhpc.64.openmpi.default/libesmf.so(c_esmc_meshcreatenodedistgrid_+0xc1)[0x2b1e7ca2dcc1]
[r1i4n11:50605] [ 4] /glade/scratch/theurich/ESMF-Nightly-Testing/nvhpc_21.11_openmpi_g_develop/esmf/DEFAULTINSTALLDIR/lib/libg/Linux.nvhpc.64.openmpi.default/libesmf.so(esmf_meshmod_esmf_meshcreatefrompointer_+0x6d)[0x2b1ab92137ad]
[r1i4n11:50604] [ 5] /glade/scratch/theurich/ESMF-Nightly-Testing/nvhpc_21.11_openmpi_g_develop/esmf/DEFAULTINSTALLDIR/lib/libg/Linux.nvhpc.64.openmpi.default/libesmf.so(esmf_meshmod_esmf_meshcreatefrompointer_+0x6d)[0x2b85c6e907ad]
[r1i4n11:50603] [ 5] /glade/scratch/theurich/ESMF-Nightly-Testing/nvhpc_21.11_openmpi_g_develop/esmf/DEFAULTINSTALLDIR/lib/libg/Linux.nvhpc.64.openmpi.default/libesmf.so(esmf_meshmod_esmf_meshcreatefrompointer_+0x6d)[0x2ba624e787ad]
[r1i4n11:50602] [ 5] /glade/scratch/theurich/ESMF-Nightly-Testing/nvhpc_21.11_openmpi_g_develop/esmf/DEFAULTINSTALLDIR/lib/libg/Linux.nvhpc.64.openmpi.default/libesmf.so(esmf_meshmod_esmf_meshcreatefrompointer_+0x6d)[0x2b1e7d6fc7ad]
[r1i4n11:50605] [ 5] /glade/scratch/theurich/ESMF-Nightly-Testing/nvhpc_21.11_openmpi_g_develop/esmf/DEFAULTINSTALLDIR/lib/libg/Linux.nvhpc.64.openmpi.default/libesmf.so(esmf_gridutilmod_esmf_gridtomesh_+0x52d)[0x2ba624cd41ed]
[r1i4n11:50602] [ 6] /glade/scratch/theurich/ESMF-Nightly-Testing/nvhpc_21.11_openmpi_g_develop/esmf/DEFAULTINSTALLDIR/lib/libg/Linux.nvhpc.64.openmpi.default/libesmf.so(esmf_gridutilmod_esmf_gridtomesh_+0x52d)[0x2b85c6cec1ed]
[r1i4n11:50603] [ 6] /glade/scratch/theurich/ESMF-Nightly-Testing/nvhpc_21.11_openmpi_g_develop/esmf/DEFAULTINSTALLDIR/lib/libg/Linux.nvhpc.64.openmpi.default/libesmf.so(esmf_gridutilmod_esmf_gridtomesh_+0x52d)[0x2b1e7d5581ed]
[r1i4n11:50605] [ 6] /glade/scratch/theurich/ESMF-Nightly-Testing/nvhpc_21.11_openmpi_g_develop/esmf/DEFAULTINSTALLDIR/lib/libg/Linux.nvhpc.64.openmpi.default/libesmf.so(esmf_gridutilmod_esmf_gridtomesh_+0x52d)[0x2b1ab906f1ed]
[r1i4n11:50604] [ 6] /glade/scratch/theurich/ESMF-Nightly-Testing/nvhpc_21.11_openmpi_g_develop/esmf/DEFAULTINSTALLDIR/lib/libg/Linux.nvhpc.64.openmpi.default/libesmf.so(esmf_fieldregridmod_b_or_p_gridtomesh_+0x5a8)[0x2b85c6babaa8]
[r1i4n11:50603] [ 7] /glade/scratch/theurich/ESMF-Nightly-Testing/nvhpc_21.11_openmpi_g_develop/esmf/DEFAULTINSTALLDIR/lib/libg/Linux.nvhpc.64.openmpi.default/libesmf.so(esmf_fieldregridmod_b_or_p_gridtomesh_+0x5a8)[0x2ba624b93aa8]
[r1i4n11:50602] [ 7] /glade/scratch/theurich/ESMF-Nightly-Testing/nvhpc_21.11_openmpi_g_develop/esmf/DEFAULTINSTALLDIR/lib/libg/Linux.nvhpc.64.openmpi.default/libesmf.so(esmf_fieldregridmod_b_or_p_gridtomesh_+0x5a8)[0x2b1ab8f2eaa8]
[r1i4n11:50604] [ 7] /glade/scratch/theurich/ESMF-Nightly-Testing/nvhpc_21.11_openmpi_g_develop/esmf/DEFAULTINSTALLDIR/lib/libg/Linux.nvhpc.64.openmpi.default/libesmf.so(esmf_fieldregridmod_b_or_p_gridtomesh_+0x5a8)[0x2b1e7d417aa8]
[r1i4n11:50605] [ 7] /glade/scratch/theurich/ESMF-Nightly-Testing/nvhpc_21.11_openmpi_g_develop/esmf/DEFAULTINSTALLDIR/lib/libg/Linux.nvhpc.64.openmpi.default/libesmf.so(esmf_fieldregridmod_getmeshwithnodesonfieldloc_+0x55e)[0x2ba624b8ef5e]
[r1i4n11:50602] [ 8] /glade/scratch/theurich/ESMF-Nightly-Testing/nvhpc_21.11_openmpi_g_develop/esmf/DEFAULTINSTALLDIR/lib/libg/Linux.nvhpc.64.openmpi.default/libesmf.so(esmf_fieldregridmod_getmeshwithnodesonfieldloc_+0x55e)[0x2b85c6ba6f5e]
[r1i4n11:50603] [ 8] /glade/scratch/theurich/ESMF-Nightly-Testing/nvhpc_21.11_openmpi_g_develop/esmf/DEFAULTINSTALLDIR/lib/libg/Linux.nvhpc.64.openmpi.default/libesmf.so(esmf_fieldregridmod_getmeshwithnodesonfieldloc_+0x55e)[0x2b1e7d412f5e]
[r1i4n11:50605] [ 8] /glade/scratch/theurich/ESMF-Nightly-Testing/nvhpc_21.11_openmpi_g_develop/esmf/DEFAULTINSTALLDIR/lib/libg/Linux.nvhpc.64.openmpi.default/libesmf.so(esmf_fieldregridmod_getmeshwithnodesonfieldloc_+0x55e)[0x2b1ab8f29f5e]
[r1i4n11:50604] [ 8] /glade/scratch/theurich/ESMF-Nightly-Testing/nvhpc_21.11_openmpi_g_develop/esmf/DEFAULTINSTALLDIR/lib/libg/Linux.nvhpc.64.openmpi.default/libesmf.so(esmf_fieldregridmod_esmf_fieldregridstorenx_+0xf81)[0x2b85c6ba4a81]
[r1i4n11:50603] [ 9] /glade/scratch/theurich/ESMF-Nightly-Testing/nvhpc_21.11_openmpi_g_develop/esmf/DEFAULTINSTALLDIR/lib/libg/Linux.nvhpc.64.openmpi.default/libesmf.so(esmf_fieldregridmod_esmf_fieldregridstorenx_+0xf81)[0x2ba624b8ca81]
[r1i4n11:50602] [ 9] /glade/scratch/theurich/ESMF-Nightly-Testing/nvhpc_21.11_openmpi_g_develop/esmf/DEFAULTINSTALLDIR/lib/libg/Linux.nvhpc.64.openmpi.default/libesmf.so(esmf_fieldregridmod_esmf_fieldregridstorenx_+0xf81)[0x2b1ab8f27a81]
[r1i4n11:50604] [ 9] /glade/scratch/theurich/ESMF-Nightly-Testing/nvhpc_21.11_openmpi_g_develop/esmf/DEFAULTINSTALLDIR/lib/libg/Linux.nvhpc.64.openmpi.default/libesmf.so(esmf_fieldregridmod_esmf_fieldregridstorenx_+0xf81)[0x2b1e7d410a81]
[r1i4n11:50605] [ 9] /glade/scratch/theurich/ESMF-Nightly-Testing/nvhpc_21.11_openmpi_g_develop/esmf/DEFAULTINSTALLDIR/lib/libg/Linux.nvhpc.64.openmpi.default/libesmf.so(nuopc_connector_fieldbundlecplstore_+0x11746)[0x2ba6252ec1c6]
[r1i4n11:50602] [10] /glade/scratch/theurich/ESMF-Nightly-Testing/nvhpc_21.11_openmpi_g_develop/esmf/DEFAULTINSTALLDIR/lib/libg/Linux.nvhpc.64.openmpi.default/libesmf.so(nuopc_connector_fieldbundlecplstore_+0x11746)[0x2b85c73041c6]
[r1i4n11:50603] [10] /glade/scratch/theurich/ESMF-Nightly-Testing/nvhpc_21.11_openmpi_g_develop/esmf/DEFAULTINSTALLDIR/lib/libg/Linux.nvhpc.64.openmpi.default/libesmf.so(nuopc_connector_fieldbundlecplstore_+0x11746)[0x2b1ab96871c6]
[r1i4n11:50604] [10] /glade/scratch/theurich/ESMF-Nightly-Testing/nvhpc_21.11_openmpi_g_develop/esmf/DEFAULTINSTALLDIR/lib/libg/Linux.nvhpc.64.openmpi.default/libesmf.so(nuopc_connector_fieldbundlecplstore_+0x11746)[0x2b1e7db701c6]
[r1i4n11:50605] [10] /glade/scratch/theurich/ESMF-Nightly-Testing/nvhpc_21.11_openmpi_g_develop/esmf/DEFAULTINSTALLDIR/lib/libg/Linux.nvhpc.64.openmpi.default/libesmf.so(nuopc_connector_initializeipdv05p6b_+0x7a35)[0x2b85c72deb75]
[r1i4n11:50603] [11] /glade/scratch/theurich/ESMF-Nightly-Testing/nvhpc_21.11_openmpi_g_develop/esmf/DEFAULTINSTALLDIR/lib/libg/Linux.nvhpc.64.openmpi.default/libesmf.so(nuopc_connector_initializeipdv05p6b_+0x7a35)[0x2ba6252c6b75]
[r1i4n11:50602] [11] /glade/scratch/theurich/ESMF-Nightly-Testing/nvhpc_21.11_openmpi_g_develop/esmf/DEFAULTINSTALLDIR/lib/libg/Linux.nvhpc.64.openmpi.default/libesmf.so(nuopc_connector_initializeipdv05p6b_+0x7a35)[0x2b1ab9661b75]
[r1i4n11:50604] [11] /glade/scratch/theurich/ESMF-Nightly-Testing/nvhpc_21.11_openmpi_g_develop/esmf/DEFAULTINSTALLDIR/lib/libg/Linux.nvhpc.64.openmpi.default/libesmf.so(nuopc_connector_initializeipdv05p6b_+0x7a35)[0x2b1e7db4ab75]
[r1i4n11:50605] [11] /glade/scratch/theurich/ESMF-Nightly-Testing/nvhpc_21.11_openmpi_g_develop/esmf/DEFAULTINSTALLDIR/lib/libg/Linux.nvhpc.64.openmpi.default/libesmf.so(_ZN5ESMCI6FTable12callVFuncPtrEPKcPNS_2VMEPi+0xc3c)[0x2ba623d7cb3c]
[r1i4n11:50602] [12] /glade/scratch/theurich/ESMF-Nightly-Testing/nvhpc_21.11_openmpi_g_develop/esmf/DEFAULTINSTALLDIR/lib/libg/Linux.nvhpc.64.openmpi.default/libesmf.so(_ZN5ESMCI6FTable12callVFuncPtrEPKcPNS_2VMEPi+0xc3c)[0x2b1ab8117b3c]
[r1i4n11:50604] [12] /glade/scratch/theurich/ESMF-Nightly-Testing/nvhpc_21.11_openmpi_g_develop/esmf/DEFAULTINSTALLDIR/lib/libg/Linux.nvhpc.64.openmpi.default/libesmf.so(_ZN5ESMCI6FTable12callVFuncPtrEPKcPNS_2VMEPi+0xc3c)[0x2b85c5d94b3c]
[r1i4n11:50603] [12] /glade/scratch/theurich/ESMF-Nightly-Testing/nvhpc_21.11_openmpi_g_develop/esmf/DEFAULTINSTALLDIR/lib/libg/Linux.nvhpc.64.openmpi.default/libesmf.so(_ZN5ESMCI6FTable12callVFuncPtrEPKcPNS_2VMEPi+0xc3c)[0x2b1e7c600b3c]
[r1i4n11:50605] [12] /glade/scratch/theurich/ESMF-Nightly-Testing/nvhpc_21.11_openmpi_g_develop/esmf/DEFAULTINSTALLDIR/lib/libg/Linux.nvhpc.64.openmpi.default/libesmf.so(ESMCI_FTableCallEntryPointVMHop+0x293)[0x2ba623d78153]
[r1i4n11:50602] [13] /glade/scratch/theurich/ESMF-Nightly-Testing/nvhpc_21.11_openmpi_g_develop/esmf/DEFAULTINSTALLDIR/lib/libg/Linux.nvhpc.64.openmpi.default/libesmf.so(ESMCI_FTableCallEntryPointVMHop+0x293)[0x2b1ab8113153]
[r1i4n11:50604] [13] /glade/scratch/theurich/ESMF-Nightly-Testing/nvhpc_21.11_openmpi_g_develop/esmf/DEFAULTINSTALLDIR/lib/libg/Linux.nvhpc.64.openmpi.default/libesmf.so(ESMCI_FTableCallEntryPointVMHop+0x293)[0x2b85c5d90153]
[r1i4n11:50603] [13] /glade/scratch/theurich/ESMF-Nightly-Testing/nvhpc_21.11_openmpi_g_develop/esmf/DEFAULTINSTALLDIR/lib/libg/Linux.nvhpc.64.openmpi.default/libesmf.so(ESMCI_FTableCallEntryPointVMHop+0x293)[0x2b1e7c5fc153]
[r1i4n11:50605] [13] /glade/scratch/theurich/ESMF-Nightly-Testing/nvhpc_21.11_openmpi_g_develop/esmf/DEFAULTINSTALLDIR/lib/libg/Linux.nvhpc.64.openmpi.default/libesmf.so(_ZN5ESMCI3VMK5enterEPNS_7VMKPlanEPvS3_+0xbb)[0x2b1ab89698fb]
[r1i4n11:50604] [14] /glade/scratch/theurich/ESMF-Nightly-Testing/nvhpc_21.11_openmpi_g_develop/esmf/DEFAULTINSTALLDIR/lib/libg/Linux.nvhpc.64.openmpi.default/libesmf.so(_ZN5ESMCI3VMK5enterEPNS_7VMKPlanEPvS3_+0xbb)[0x2ba6245ce8fb]
[r1i4n11:50602] [14] /glade/scratch/theurich/ESMF-Nightly-Testing/nvhpc_21.11_openmpi_g_develop/esmf/DEFAULTINSTALLDIR/lib/libg/Linux.nvhpc.64.openmpi.default/libesmf.so(_ZN5ESMCI3VMK5enterEPNS_7VMKPlanEPvS3_+0xbb)[0x2b85c65e68fb]
[r1i4n11:50603] [14] /glade/scratch/theurich/ESMF-Nightly-Testing/nvhpc_21.11_openmpi_g_develop/esmf/DEFAULTINSTALLDIR/lib/libg/Linux.nvhpc.64.openmpi.default/libesmf.so(_ZN5ESMCI3VMK5enterEPNS_7VMKPlanEPvS3_+0xbb)[0x2b1e7ce528fb]
[r1i4n11:50605] [14] /glade/scratch/theurich/ESMF-Nightly-Testing/nvhpc_21.11_openmpi_g_develop/esmf/DEFAULTINSTALLDIR/lib/libg/Linux.nvhpc.64.openmpi.default/libesmf.so(_ZN5ESMCI2VM5enterEPNS_6VMPlanEPvS3_+0xbe)[0x2ba6245f7d7e]
[r1i4n11:50602] [15] /glade/scratch/theurich/ESMF-Nightly-Testing/nvhpc_21.11_openmpi_g_develop/esmf/DEFAULTINSTALLDIR/lib/libg/Linux.nvhpc.64.openmpi.default/libesmf.so(_ZN5ESMCI2VM5enterEPNS_6VMPlanEPvS3_+0xbe)[0x2b1ab8992d7e]
[r1i4n11:50604] [15] /glade/scratch/theurich/ESMF-Nightly-Testing/nvhpc_21.11_openmpi_g_develop/esmf/DEFAULTINSTALLDIR/lib/libg/Linux.nvhpc.64.openmpi.default/libesmf.so(_ZN5ESMCI2VM5enterEPNS_6VMPlanEPvS3_+0xbe)[0x2b85c660fd7e]
[r1i4n11:50603] [15] /glade/scratch/theurich/ESMF-Nightly-Testing/nvhpc_21.11_openmpi_g_develop/esmf/DEFAULTINSTALLDIR/lib/libg/Linux.nvhpc.64.openmpi.default/libesmf.so(_ZN5ESMCI2VM5enterEPNS_6VMPlanEPvS3_+0xbe)[0x2b1e7ce7bd7e]
[r1i4n11:50605] [15] /glade/scratch/theurich/ESMF-Nightly-Testing/nvhpc_21.11_openmpi_g_develop/esmf/DEFAULTINSTALLDIR/lib/libg/Linux.nvhpc.64.openmpi.default/libesmf.so(c_esmc_ftablecallentrypointvm_+0x393)[0x2b1ab8113613]
[r1i4n11:50604] [16] /glade/scratch/theurich/ESMF-Nightly-Testing/nvhpc_21.11_openmpi_g_develop/esmf/DEFAULTINSTALLDIR/lib/libg/Linux.nvhpc.64.openmpi.default/libesmf.so(c_esmc_ftablecallentrypointvm_+0x393)[0x2b1e7c5fc613]
[r1i4n11:50605] [16] /glade/scratch/theurich/ESMF-Nightly-Testing/nvhpc_21.11_openmpi_g_develop/esmf/DEFAULTINSTALLDIR/lib/libg/Linux.nvhpc.64.openmpi.default/libesmf.so(c_esmc_ftablecallentrypointvm_+0x393)[0x2ba623d78613]
[r1i4n11:50602] [16] /glade/scratch/theurich/ESMF-Nightly-Testing/nvhpc_21.11_openmpi_g_develop/esmf/DEFAULTINSTALLDIR/lib/libg/Linux.nvhpc.64.openmpi.default/libesmf.so(c_esmc_ftablecallentrypointvm_+0x393)[0x2b85c5d90613]
[r1i4n11:50603] [16] /glade/scratch/theurich/ESMF-Nightly-Testing/nvhpc_21.11_openmpi_g_develop/esmf/DEFAULTINSTALLDIR/lib/libg/Linux.nvhpc.64.openmpi.default/libesmf.so(esmf_compmod_esmf_compexecute_+0xab0)[0x2b1ab8cb36b0]
[r1i4n11:50604] [17] /glade/scratch/theurich/ESMF-Nightly-Testing/nvhpc_21.11_openmpi_g_develop/esmf/DEFAULTINSTALLDIR/lib/libg/Linux.nvhpc.64.openmpi.default/libesmf.so(esmf_compmod_esmf_compexecute_+0xab0)[0x2ba6249186b0]
[r1i4n11:50602] [17] /glade/scratch/theurich/ESMF-Nightly-Testing/nvhpc_21.11_openmpi_g_develop/esmf/DEFAULTINSTALLDIR/lib/libg/Linux.nvhpc.64.openmpi.default/libesmf.so(esmf_compmod_esmf_compexecute_+0xab0)[0x2b85c69306b0]
[r1i4n11:50603] [17] /glade/scratch/theurich/ESMF-Nightly-Testing/nvhpc_21.11_openmpi_g_develop/esmf/DEFAULTINSTALLDIR/lib/libg/Linux.nvhpc.64.openmpi.default/libesmf.so(esmf_compmod_esmf_compexecute_+0xab0)[0x2b1e7d19c6b0]
[r1i4n11:50605] [17] /glade/scratch/theurich/ESMF-Nightly-Testing/nvhpc_21.11_openmpi_g_develop/esmf/DEFAULTINSTALLDIR/lib/libg/Linux.nvhpc.64.openmpi.default/libesmf.so(esmf_cplcompmod_esmf_cplcompinitialize_+0x1de)[0x2ba62493189e]
[r1i4n11:50602] [18] /glade/scratch/theurich/ESMF-Nightly-Testing/nvhpc_21.11_openmpi_g_develop/esmf/DEFAULTINSTALLDIR/lib/libg/Linux.nvhpc.64.openmpi.default/libesmf.so(esmf_cplcompmod_esmf_cplcompinitialize_+0x1de)[0x2b1ab8ccc89e]
[r1i4n11:50604] [18] /glade/scratch/theurich/ESMF-Nightly-Testing/nvhpc_21.11_openmpi_g_develop/esmf/DEFAULTINSTALLDIR/lib/libg/Linux.nvhpc.64.openmpi.default/libesmf.so(esmf_cplcompmod_esmf_cplcompinitialize_+0x1de)[0x2b85c694989e]
[r1i4n11:50603] [18] /glade/scratch/theurich/ESMF-Nightly-Testing/nvhpc_21.11_openmpi_g_develop/esmf/DEFAULTINSTALLDIR/lib/libg/Linux.nvhpc.64.openmpi.default/libesmf.so(esmf_cplcompmod_esmf_cplcompinitialize_+0x1de)[0x2b1e7d1b589e]
[r1i4n11:50605] [18] /glade/scratch/theurich/ESMF-Nightly-Testing/nvhpc_21.11_openmpi_g_develop/esmf/DEFAULTINSTALLDIR/lib/libg/Linux.nvhpc.64.openmpi.default/libesmf.so(nuopc_driver_loopconnectorcompss_+0x1663)[0x2b85c73357a3]
[r1i4n11:50603] [19] /glade/scratch/theurich/ESMF-Nightly-Testing/nvhpc_21.11_openmpi_g_develop/esmf/DEFAULTINSTALLDIR/lib/libg/Linux.nvhpc.64.openmpi.default/libesmf.so(nuopc_driver_loopconnectorcompss_+0x1663)[0x2ba62531d7a3]
[r1i4n11:50602] [19] /glade/scratch/theurich/ESMF-Nightly-Testing/nvhpc_21.11_openmpi_g_develop/esmf/DEFAULTINSTALLDIR/lib/libg/Linux.nvhpc.64.openmpi.default/libesmf.so(nuopc_driver_loopconnectorcompss_+0x1663)[0x2b1ab96b87a3]
[r1i4n11:50604] [19] /glade/scratch/theurich/ESMF-Nightly-Testing/nvhpc_21.11_openmpi_g_develop/esmf/DEFAULTINSTALLDIR/lib/libg/Linux.nvhpc.64.openmpi.default/libesmf.so(nuopc_driver_loopconnectorcompss_+0x1663)[0x2b1e7dba17a3]
[r1i4n11:50605] [19] /glade/scratch/theurich/ESMF-Nightly-Testing/nvhpc_21.11_openmpi_g_develop/esmf/DEFAULTINSTALLDIR/lib/libg/Linux.nvhpc.64.openmpi.default/libesmf.so(nuopc_driver_initializeipdv02p3_+0x4542)[0x2b1ab96abf82]
[r1i4n11:50604] [20] /glade/scratch/theurich/ESMF-Nightly-Testing/nvhpc_21.11_openmpi_g_develop/esmf/DEFAULTINSTALLDIR/lib/libg/Linux.nvhpc.64.openmpi.default/libesmf.so(nuopc_driver_initializeipdv02p3_+0x4542)[0x2b85c7328f82]
[r1i4n11:50603] [20] /glade/scratch/theurich/ESMF-Nightly-Testing/nvhpc_21.11_openmpi_g_develop/esmf/DEFAULTINSTALLDIR/lib/libg/Linux.nvhpc.64.openmpi.default/libesmf.so(nuopc_driver_initializeipdv02p3_+0x4542)[0x2ba625310f82]
[r1i4n11:50602] [20] /glade/scratch/theurich/ESMF-Nightly-Testing/nvhpc_21.11_openmpi_g_develop/esmf/DEFAULTINSTALLDIR/lib/libg/Linux.nvhpc.64.openmpi.default/libesmf.so(nuopc_driver_initializeipdv02p3_+0x4542)[0x2b1e7db94f82]
[r1i4n11:50605] [20] /glade/scratch/theurich/ESMF-Nightly-Testing/nvhpc_21.11_openmpi_g_develop/esmf/DEFAULTINSTALLDIR/lib/libg/Linux.nvhpc.64.openmpi.default/libesmf.so(nuopc_driver_initializegeneric_+0xd60)[0x2ba6252f5c20]
[r1i4n11:50602] [21] /glade/scratch/theurich/ESMF-Nightly-Testing/nvhpc_21.11_openmpi_g_develop/esmf/DEFAULTINSTALLDIR/lib/libg/Linux.nvhpc.64.openmpi.default/libesmf.so(nuopc_driver_initializegeneric_+0xd60)[0x2b1ab9690c20]
[r1i4n11:50604] [21] /glade/scratch/theurich/ESMF-Nightly-Testing/nvhpc_21.11_openmpi_g_develop/esmf/DEFAULTINSTALLDIR/lib/libg/Linux.nvhpc.64.openmpi.default/libesmf.so(nuopc_driver_initializegeneric_+0xd60)[0x2b85c730dc20]
[r1i4n11:50603] [21] /glade/scratch/theurich/ESMF-Nightly-Testing/nvhpc_21.11_openmpi_g_develop/esmf/DEFAULTINSTALLDIR/lib/libg/Linux.nvhpc.64.openmpi.default/libesmf.so(nuopc_driver_initializegeneric_+0xd60)[0x2b1e7db79c20]
[r1i4n11:50605] [21] /glade/scratch/theurich/ESMF-Nightly-Testing/nvhpc_21.11_openmpi_g_develop/esmf/DEFAULTINSTALLDIR/lib/libg/Linux.nvhpc.64.openmpi.default/libesmf.so(_ZN5ESMCI6FTable12callVFuncPtrEPKcPNS_2VMEPi+0xc3c)[0x2b85c5d94b3c]
[r1i4n11:50603] [22] /glade/scratch/theurich/ESMF-Nightly-Testing/nvhpc_21.11_openmpi_g_develop/esmf/DEFAULTINSTALLDIR/lib/libg/Linux.nvhpc.64.openmpi.default/libesmf.so(_ZN5ESMCI6FTable12callVFuncPtrEPKcPNS_2VMEPi+0xc3c)[0x2ba623d7cb3c]
[r1i4n11:50602] [22] /glade/scratch/theurich/ESMF-Nightly-Testing/nvhpc_21.11_openmpi_g_develop/esmf/DEFAULTINSTALLDIR/lib/libg/Linux.nvhpc.64.openmpi.default/libesmf.so(_ZN5ESMCI6FTable12callVFuncPtrEPKcPNS_2VMEPi+0xc3c)[0x2b1ab8117b3c]
[r1i4n11:50604] [22] /glade/scratch/theurich/ESMF-Nightly-Testing/nvhpc_21.11_openmpi_g_develop/esmf/DEFAULTINSTALLDIR/lib/libg/Linux.nvhpc.64.openmpi.default/libesmf.so(_ZN5ESMCI6FTable12callVFuncPtrEPKcPNS_2VMEPi+0xc3c)[0x2b1e7c600b3c]
[r1i4n11:50605] [22] /glade/scratch/theurich/ESMF-Nightly-Testing/nvhpc_21.11_openmpi_g_develop/esmf/DEFAULTINSTALLDIR/lib/libg/Linux.nvhpc.64.openmpi.default/libesmf.so(ESMCI_FTableCallEntryPointVMHop+0x293)[0x2b85c5d90153]
[r1i4n11:50603] [23] /glade/scratch/theurich/ESMF-Nightly-Testing/nvhpc_21.11_openmpi_g_develop/esmf/DEFAULTINSTALLDIR/lib/libg/Linux.nvhpc.64.openmpi.default/libesmf.so(ESMCI_FTableCallEntryPointVMHop+0x293)[0x2ba623d78153]
[r1i4n11:50602] [23] /glade/scratch/theurich/ESMF-Nightly-Testing/nvhpc_21.11_openmpi_g_develop/esmf/DEFAULTINSTALLDIR/lib/libg/Linux.nvhpc.64.openmpi.default/libesmf.so(ESMCI_FTableCallEntryPointVMHop+0x293)[0x2b1ab8113153]
[r1i4n11:50604] [23] /glade/scratch/theurich/ESMF-Nightly-Testing/nvhpc_21.11_openmpi_g_develop/esmf/DEFAULTINSTALLDIR/lib/libg/Linux.nvhpc.64.openmpi.default/libesmf.so(ESMCI_FTableCallEntryPointVMHop+0x293)[0x2b1e7c5fc153]
[r1i4n11:50605] [23] /glade/scratch/theurich/ESMF-Nightly-Testing/nvhpc_21.11_openmpi_g_develop/esmf/DEFAULTINSTALLDIR/lib/libg/Linux.nvhpc.64.openmpi.default/libesmf.so(_ZN5ESMCI3VMK5enterEPNS_7VMKPlanEPvS3_+0xbb)[0x2ba6245ce8fb]
[r1i4n11:50602] [24] /glade/scratch/theurich/ESMF-Nightly-Testing/nvhpc_21.11_openmpi_g_develop/esmf/DEFAULTINSTALLDIR/lib/libg/Linux.nvhpc.64.openmpi.default/libesmf.so(_ZN5ESMCI3VMK5enterEPNS_7VMKPlanEPvS3_+0xbb)[0x2b1ab89698fb]
[r1i4n11:50604] [24] /glade/scratch/theurich/ESMF-Nightly-Testing/nvhpc_21.11_openmpi_g_develop/esmf/DEFAULTINSTALLDIR/lib/libg/Linux.nvhpc.64.openmpi.default/libesmf.so(_ZN5ESMCI3VMK5enterEPNS_7VMKPlanEPvS3_+0xbb)[0x2b85c65e68fb]
[r1i4n11:50603] [24] /glade/scratch/theurich/ESMF-Nightly-Testing/nvhpc_21.11_openmpi_g_develop/esmf/DEFAULTINSTALLDIR/lib/libg/Linux.nvhpc.64.openmpi.default/libesmf.so(_ZN5ESMCI3VMK5enterEPNS_7VMKPlanEPvS3_+0xbb)[0x2b1e7ce528fb]
[r1i4n11:50605] [24] /glade/scratch/theurich/ESMF-Nightly-Testing/nvhpc_21.11_openmpi_g_develop/esmf/DEFAULTINSTALLDIR/lib/libg/Linux.nvhpc.64.openmpi.default/libesmf.so(_ZN5ESMCI2VM5enterEPNS_6VMPlanEPvS3_+0xbe)[0x2b85c660fd7e]
[r1i4n11:50603] [25] /glade/scratch/theurich/ESMF-Nightly-Testing/nvhpc_21.11_openmpi_g_develop/esmf/DEFAULTINSTALLDIR/lib/libg/Linux.nvhpc.64.openmpi.default/libesmf.so(_ZN5ESMCI2VM5enterEPNS_6VMPlanEPvS3_+0xbe)[0x2b1ab8992d7e]
[r1i4n11:50604] [25] /glade/scratch/theurich/ESMF-Nightly-Testing/nvhpc_21.11_openmpi_g_develop/esmf/DEFAULTINSTALLDIR/lib/libg/Linux.nvhpc.64.openmpi.default/libesmf.so(_ZN5ESMCI2VM5enterEPNS_6VMPlanEPvS3_+0xbe)[0x2b1e7ce7bd7e]
[r1i4n11:50605] [25] /glade/scratch/theurich/ESMF-Nightly-Testing/nvhpc_21.11_openmpi_g_develop/esmf/DEFAULTINSTALLDIR/lib/libg/Linux.nvhpc.64.openmpi.default/libesmf.so(_ZN5ESMCI2VM5enterEPNS_6VMPlanEPvS3_+0xbe)[0x2ba6245f7d7e]
[r1i4n11:50602] [25] /glade/scratch/theurich/ESMF-Nightly-Testing/nvhpc_21.11_openmpi_g_develop/esmf/DEFAULTINSTALLDIR/lib/libg/Linux.nvhpc.64.openmpi.default/libesmf.so(c_esmc_ftablecallentrypointvm_+0x393)[0x2b1ab8113613]
[r1i4n11:50604] [26] /glade/scratch/theurich/ESMF-Nightly-Testing/nvhpc_21.11_openmpi_g_develop/esmf/DEFAULTINSTALLDIR/lib/libg/Linux.nvhpc.64.openmpi.default/libesmf.so(c_esmc_ftablecallentrypointvm_+0x393)[0x2b1e7c5fc613]
[r1i4n11:50605] [26] /glade/scratch/theurich/ESMF-Nightly-Testing/nvhpc_21.11_openmpi_g_develop/esmf/DEFAULTINSTALLDIR/lib/libg/Linux.nvhpc.64.openmpi.default/libesmf.so(c_esmc_ftablecallentrypointvm_+0x393)[0x2b85c5d90613]
[r1i4n11:50603] [26] /glade/scratch/theurich/ESMF-Nightly-Testing/nvhpc_21.11_openmpi_g_develop/esmf/DEFAULTINSTALLDIR/lib/libg/Linux.nvhpc.64.openmpi.default/libesmf.so(c_esmc_ftablecallentrypointvm_+0x393)[0x2ba623d78613]
[r1i4n11:50602] [26] /glade/scratch/theurich/ESMF-Nightly-Testing/nvhpc_21.11_openmpi_g_develop/esmf/DEFAULTINSTALLDIR/lib/libg/Linux.nvhpc.64.openmpi.default/libesmf.so(esmf_compmod_esmf_compexecute_+0xab0)[0x2b85c69306b0]
[r1i4n11:50603] [27] /glade/scratch/theurich/ESMF-Nightly-Testing/nvhpc_21.11_openmpi_g_develop/esmf/DEFAULTINSTALLDIR/lib/libg/Linux.nvhpc.64.openmpi.default/libesmf.so(esmf_compmod_esmf_compexecute_+0xab0)[0x2b1ab8cb36b0]
[r1i4n11:50604] [27] /glade/scratch/theurich/ESMF-Nightly-Testing/nvhpc_21.11_openmpi_g_develop/esmf/DEFAULTINSTALLDIR/lib/libg/Linux.nvhpc.64.openmpi.default/libesmf.so(esmf_compmod_esmf_compexecute_+0xab0)[0x2b1e7d19c6b0]
[r1i4n11:50605] [27] /glade/scratch/theurich/ESMF-Nightly-Testing/nvhpc_21.11_openmpi_g_develop/esmf/DEFAULTINSTALLDIR/lib/libg/Linux.nvhpc.64.openmpi.default/libesmf.so(esmf_compmod_esmf_compexecute_+0xab0)[0x2ba6249186b0]
[r1i4n11:50602] [27] /glade/scratch/theurich/ESMF-Nightly-Testing/nvhpc_21.11_openmpi_g_develop/esmf/DEFAULTINSTALLDIR/lib/libg/Linux.nvhpc.64.openmpi.default/libesmf.so(esmf_gridcompmod_esmf_gridcompinitialize_+0x1de)[0x2b85c6c0abde]
[r1i4n11:50603] [28] ./esmApp[0x407966]
[r1i4n11:50603] [29] /glade/scratch/theurich/ESMF-Nightly-Testing/nvhpc_21.11_openmpi_g_develop/esmf/DEFAULTINSTALLDIR/lib/libg/Linux.nvhpc.64.openmpi.default/libesmf.so(esmf_gridcompmod_esmf_gridcompinitialize_+0x1de)[0x2ba624bf2bde]
[r1i4n11:50602] [28] /glade/scratch/theurich/ESMF-Nightly-Testing/nvhpc_21.11_openmpi_g_develop/esmf/DEFAULTINSTALLDIR/lib/libg/Linux.nvhpc.64.openmpi.default/libesmf.so(esmf_gridcompmod_esmf_gridcompinitialize_+0x1de)[0x2b1ab8f8dbde]
[r1i4n11:50604] [28] ./esmApp[0x407966]
[r1i4n11:50604] [29] ./esmApp[0x407433]
[r1i4n11:50604] *** End of error message ***
./esmApp[0x407433]
[r1i4n11:50603] *** End of error message ***
/glade/scratch/theurich/ESMF-Nightly-Testing/nvhpc_21.11_openmpi_g_develop/esmf/DEFAULTINSTALLDIR/lib/libg/Linux.nvhpc.64.openmpi.default/libesmf.so(esmf_gridcompmod_esmf_gridcompinitialize_+0x1de)[0x2b1e7d476bde]
[r1i4n11:50605] [28] ./esmApp[0x407966]
[r1i4n11:50605] [29] ./esmApp[0x407433]
[r1i4n11:50605] *** End of error message ***
./esmApp[0x407966]
[r1i4n11:50602] [29] ./esmApp[0x407433]
[r1i4n11:50602] *** End of error message ***
--------------------------------------------------------------------------
Primary job  terminated normally, but 1 process returned
a non-zero exit code. Per user-direction, the job has been aborted.
--------------------------------------------------------------------------
--------------------------------------------------------------------------
mpirun noticed that process rank 3 with PID 0 on node r1i4n11 exited on signal 11 (Segmentation fault).
--------------------------------------------------------------------------
