2022-09-27 06:36:09
20220927 074518.714 INFO             PET0 !!!!!!!!!!!!!!!!!!!!!!!!!!!!!!!!!!!!!!!!!!!!!!!!!!!!!!
20220927 074518.714 INFO             PET0 !!! THE ESMF_LOG IS SET TO OUTPUT ALL LOG MESSAGES !!!
20220927 074518.714 INFO             PET0 !!!     THIS MAY CAUSE SLOWDOWN IN PERFORMANCE     !!!
20220927 074518.714 INFO             PET0 !!! FOR PRODUCTION RUNS, USE:                      !!!
20220927 074518.714 INFO             PET0 !!!                   ESMF_LOGKIND_Multi_On_Error  !!!
20220927 074518.714 INFO             PET0 !!!!!!!!!!!!!!!!!!!!!!!!!!!!!!!!!!!!!!!!!!!!!!!!!!!!!!
20220927 074518.714 INFO             PET0 Running with ESMF Version   : v8.4.0b15
20220927 074518.714 INFO             PET0 ESMF library build date/time: "Sep 27 2022" "06:32:54"
20220927 074518.714 INFO             PET0 ESMF library build location : /glade/scratch/dunlap/esmf-testing/nvhpc_21.11_openmpi_g_develop/esmf
20220927 074518.714 INFO             PET0 ESMF_COMM                   : openmpi
20220927 074518.714 INFO             PET0 ESMF_MOAB                   : enabled
20220927 074518.714 INFO             PET0 ESMF_LAPACK                 : enabled
20220927 074518.714 INFO             PET0 ESMF_NETCDF                 : enabled
20220927 074518.714 INFO             PET0 ESMF_PNETCDF                : disabled
20220927 074518.714 INFO             PET0 ESMF_PIO                    : enabled
20220927 074518.714 INFO             PET0 ESMF_YAMLCPP                : enabled
20220927 074518.715 INFO             PET0 esmApp STARTING
20220927 074518.722 INFO             PET0 esm: InitializeGeneric intro.
20220927 074518.722 INFO             PET0   esm: InitializeP0 intro.
20220927 074518.722 INFO             PET0   esm: InitializeP0 extro.
20220927 074518.722 INFO             PET0   esm: InitializeIPDv02p1 intro.
20220927 074518.722 INFO             PET0     >>>esm: entered Initialize (phase=<none>) without valid internal Clock.
20220927 074518.724 INFO             PET0     esm - Creating model component ATM without petList.
20220927 074518.729 INFO             PET0     esm - Creating model component OCN without petList.
20220927 074518.732 INFO             PET0     esm - Creating connector component ATM-TO-OCN without petList.
20220927 074518.741 INFO             PET0     esm - Creating connector component OCN-TO-ATM without petList.
20220927 074518.751 INFO             PET0     esm - Creating state: modelComp 1 Import State
20220927 074518.751 INFO             PET0     esm - Creating state: modelComp 1 Export State
20220927 074518.751 INFO             PET0     esm - Creating state: modelComp 2 Import State
20220927 074518.751 INFO             PET0     esm - Creating state: modelComp 2 Export State
20220927 074518.753 INFO             PET0     ATM: InitializeP0 intro.
20220927 074518.753 INFO             PET0       >>>ATM: entered Initialize (phase=<none>) without valid internal Clock.
20220927 074518.755 INFO             PET0       <<<ATM: leaving Initialize (phase=<none>) without valid internal Clock.
20220927 074518.755 INFO             PET0     ATM: InitializeP0 extro.
20220927 074518.757 INFO             PET0     OCN: InitializeP0 intro.
20220927 074518.757 INFO             PET0       >>>OCN: entered Initialize (phase=<none>) without valid internal Clock.
20220927 074518.759 INFO             PET0       <<<OCN: leaving Initialize (phase=<none>) without valid internal Clock.
20220927 074518.759 INFO             PET0     OCN: InitializeP0 extro.
20220927 074518.760 INFO             PET0     ATM-TO-OCN: InitializeP0 intro.
20220927 074518.760 INFO             PET0     ATM-TO-OCN: InitializeP0 extro.
20220927 074518.761 INFO             PET0     OCN-TO-ATM: InitializeP0 intro.
20220927 074518.762 INFO             PET0     OCN-TO-ATM: InitializeP0 extro.
20220927 074518.764 INFO             PET0     esm: IInitAdvertise intro.
20220927 074518.764 INFO             PET0     esm: IInitAdvertise extro.
20220927 074518.764 INFO             PET0     ATM: InitializeIPDvXp01 intro.
20220927 074518.764 INFO             PET0       >>>ATM: entered Initialize (phase=IPDvXp01) without valid internal Clock.
20220927 074518.770 INFO             PET0       <<<ATM: leaving Initialize (phase=IPDvXp01) without valid internal Clock.
20220927 074518.770 INFO             PET0     ATM: InitializeIPDvXp01 extro.
20220927 074518.771 INFO             PET0     OCN: InitializeIPDvXp01 intro.
20220927 074518.772 INFO             PET0       >>>OCN: entered Initialize (phase=IPDvXp01) without valid internal Clock.
20220927 074518.775 INFO             PET0       <<<OCN: leaving Initialize (phase=IPDvXp01) without valid internal Clock.
20220927 074518.776 INFO             PET0     OCN: InitializeIPDvXp01 extro.
20220927 074518.777 INFO             PET0     ATM-TO-OCN: InitializeIPDv05p1 intro.
20220927 074518.792 INFO             PET0       ATM-TO-OCN: importState FieldTransferPolicy = transferNone
20220927 074518.792 INFO             PET0       ATM-TO-OCN: exportState FieldTransferPolicy = transferNone
20220927 074518.792 INFO             PET0     ATM-TO-OCN: InitializeIPDv05p1 extro.
20220927 074518.792 INFO             PET0     OCN-TO-ATM: InitializeIPDv05p1 intro.
20220927 074518.797 INFO             PET0       OCN-TO-ATM: importState FieldTransferPolicy = transferNone
20220927 074518.797 INFO             PET0       OCN-TO-ATM: exportState FieldTransferPolicy = transferNone
20220927 074518.797 INFO             PET0     OCN-TO-ATM: InitializeIPDv05p1 extro.
20220927 074518.797 INFO             PET0     esm: IInitAdvertiseFinish intro.
20220927 074518.797 INFO             PET0     esm: IInitAdvertiseFinish extro.
20220927 074518.797 INFO             PET0     ATM-TO-OCN: InitializeIPDv05p2a intro.
20220927 074518.802 INFO             PET0       ATM-TO-OCN:      importStandardNameList(i=  1): air_pressure_at_sea_level
20220927 074518.803 INFO             PET0       ATM-TO-OCN:         importNamespaceList(i=  1): ATM
20220927 074518.803 INFO             PET0       ATM-TO-OCN:            importCplSetList(i=  1): __UNSPECIFIED__
20220927 074518.803 INFO             PET0       ATM-TO-OCN:      exportStandardNameList(j=  1): air_pressure_at_sea_level
20220927 074518.803 INFO             PET0       ATM-TO-OCN:         exportNamespaceList(j=  1): OCN
20220927 074518.803 INFO             PET0       ATM-TO-OCN:            exportCplSetList(j=  1): __UNSPECIFIED__
20220927 074518.803 INFO             PET0       ATM-TO-OCN: bondLevel= 1
20220927 074518.803 INFO             PET0       ATM-TO-OCN: ProducerConnection (bondLevelMax):         1
20220927 074518.803 INFO             PET0       ATM-TO-OCN:      importStandardNameList(i=  2): surface_net_downward_shortwave_flux
20220927 074518.803 INFO             PET0       ATM-TO-OCN:         importNamespaceList(i=  2): ATM
20220927 074518.803 INFO             PET0       ATM-TO-OCN:            importCplSetList(i=  2): __UNSPECIFIED__
20220927 074518.803 INFO             PET0       ATM-TO-OCN:      exportStandardNameList(j=  2): surface_net_downward_shortwave_flux
20220927 074518.803 INFO             PET0       ATM-TO-OCN:         exportNamespaceList(j=  2): OCN
20220927 074518.803 INFO             PET0       ATM-TO-OCN:            exportCplSetList(j=  2): __UNSPECIFIED__
20220927 074518.803 INFO             PET0       ATM-TO-OCN: bondLevel= 1
20220927 074518.803 INFO             PET0       ATM-TO-OCN: ProducerConnection (bondLevelMax):         1
20220927 074518.803 INFO             PET0     ATM-TO-OCN: InitializeIPDv05p2a extro.
20220927 074518.803 INFO             PET0     OCN-TO-ATM: InitializeIPDv05p2a intro.
20220927 074518.807 INFO             PET0       OCN-TO-ATM:      importStandardNameList(i=  1): sea_surface_temperature
20220927 074518.807 INFO             PET0       OCN-TO-ATM:         importNamespaceList(i=  1): OCN
20220927 074518.807 INFO             PET0       OCN-TO-ATM:            importCplSetList(i=  1): __UNSPECIFIED__
20220927 074518.807 INFO             PET0       OCN-TO-ATM:      exportStandardNameList(j=  1): sea_surface_temperature
20220927 074518.807 INFO             PET0       OCN-TO-ATM:         exportNamespaceList(j=  1): ATM
20220927 074518.807 INFO             PET0       OCN-TO-ATM:            exportCplSetList(j=  1): __UNSPECIFIED__
20220927 074518.807 INFO             PET0       OCN-TO-ATM: bondLevel= 1
20220927 074518.807 INFO             PET0       OCN-TO-ATM: ProducerConnection (bondLevelMax):         1
20220927 074518.808 INFO             PET0     OCN-TO-ATM: InitializeIPDv05p2a extro.
20220927 074518.808 INFO             PET0     ATM-TO-OCN: InitializeIPDv05p2b intro.
20220927 074518.813 INFO             PET0       ATM-TO-OCN:      importStandardNameList(i=  1): air_pressure_at_sea_level
20220927 074518.813 INFO             PET0       ATM-TO-OCN:         importNamespaceList(i=  1): ATM
20220927 074518.813 INFO             PET0       ATM-TO-OCN:            importCplSetList(i=  1): __UNSPECIFIED__
20220927 074518.813 INFO             PET0       ATM-TO-OCN:      exportStandardNameList(j=  1): air_pressure_at_sea_level
20220927 074518.813 INFO             PET0       ATM-TO-OCN:         exportNamespaceList(j=  1): OCN
20220927 074518.813 INFO             PET0       ATM-TO-OCN:            exportCplSetList(j=  1): __UNSPECIFIED__
20220927 074518.813 INFO             PET0       ATM-TO-OCN: bondLevel= 1
20220927 074518.813 INFO             PET0       ATM-TO-OCN: => added cplList(  1)=air_pressure_at_sea_level, cplSetList(  1)=__UNSPECIFIED__
20220927 074518.813 INFO             PET0       ATM-TO-OCN:      importStandardNameList(i=  2): surface_net_downward_shortwave_flux
20220927 074518.813 INFO             PET0       ATM-TO-OCN:         importNamespaceList(i=  2): ATM
20220927 074518.813 INFO             PET0       ATM-TO-OCN:            importCplSetList(i=  2): __UNSPECIFIED__
20220927 074518.813 INFO             PET0       ATM-TO-OCN:      exportStandardNameList(j=  2): surface_net_downward_shortwave_flux
20220927 074518.813 INFO             PET0       ATM-TO-OCN:         exportNamespaceList(j=  2): OCN
20220927 074518.813 INFO             PET0       ATM-TO-OCN:            exportCplSetList(j=  2): __UNSPECIFIED__
20220927 074518.813 INFO             PET0       ATM-TO-OCN: bondLevel= 1
20220927 074518.813 INFO             PET0       ATM-TO-OCN: => added cplList(  2)=surface_net_downward_shortwave_flux, cplSetList(  2)=__UNSPECIFIED__
20220927 074518.813 INFO             PET0     ATM-TO-OCN: InitializeIPDv05p2b extro.
20220927 074518.814 INFO             PET0     OCN-TO-ATM: InitializeIPDv05p2b intro.
20220927 074518.818 INFO             PET0       OCN-TO-ATM:      importStandardNameList(i=  1): sea_surface_temperature
20220927 074518.818 INFO             PET0       OCN-TO-ATM:         importNamespaceList(i=  1): OCN
20220927 074518.818 INFO             PET0       OCN-TO-ATM:            importCplSetList(i=  1): __UNSPECIFIED__
20220927 074518.818 INFO             PET0       OCN-TO-ATM:      exportStandardNameList(j=  1): sea_surface_temperature
20220927 074518.818 INFO             PET0       OCN-TO-ATM:         exportNamespaceList(j=  1): ATM
20220927 074518.818 INFO             PET0       OCN-TO-ATM:            exportCplSetList(j=  1): __UNSPECIFIED__
20220927 074518.818 INFO             PET0       OCN-TO-ATM: bondLevel= 1
20220927 074518.818 INFO             PET0       OCN-TO-ATM: => added cplList(  1)=sea_surface_temperature, cplSetList(  1)=__UNSPECIFIED__
20220927 074518.818 INFO             PET0     OCN-TO-ATM: InitializeIPDv05p2b extro.
20220927 074518.819 INFO             PET0     esm: IInitModifyCplLists intro.
20220927 074518.819 INFO             PET0     esm: IInitModifyCplLists extro.
20220927 074518.819 INFO             PET0     ATM-TO-OCN: InitializeIPDv05p3 intro.
20220927 074518.825 INFO             PET0       ATM-TO-OCN: handle cplList(1): air_pressure_at_sea_level, cplSetList(1): __UNSPECIFIED__
20220927 074518.825 INFO             PET0       ATM-TO-OCN: - connected.
20220927 074518.825 INFO             PET0       ATM-TO-OCN: - both sides must provide the Field/GeomObject.
20220927 074518.825 INFO             PET0       ATM-TO-OCN: handle cplList(2): surface_net_downward_shortwave_flux, cplSetList(2): __UNSPECIFIED__
20220927 074518.825 INFO             PET0       ATM-TO-OCN: - connected.
20220927 074518.825 INFO             PET0       ATM-TO-OCN: - both sides must provide the Field/GeomObject.
20220927 074518.825 INFO             PET0     ATM-TO-OCN: InitializeIPDv05p3 extro.
20220927 074518.825 INFO             PET0     OCN-TO-ATM: InitializeIPDv05p3 intro.
20220927 074518.831 INFO             PET0       OCN-TO-ATM: handle cplList(1): sea_surface_temperature, cplSetList(1): __UNSPECIFIED__
20220927 074518.831 INFO             PET0       OCN-TO-ATM: - connected.
20220927 074518.831 INFO             PET0       OCN-TO-ATM: - both sides must provide the Field/GeomObject.
20220927 074518.831 INFO             PET0     OCN-TO-ATM: InitializeIPDv05p3 extro.
20220927 074518.831 INFO             PET0     <<<esm: leaving Initialize (phase=<none>) with current time: 2010  6  1  0  0  0   0
20220927 074518.831 INFO             PET0   esm: InitializeIPDv02p1 extro.
20220927 074518.831 INFO             PET0   esm: InitializeIPDv02p3 intro.
20220927 074518.831 INFO             PET0     >>>esm: entered Initialize (phase=<none>) with current time: 2010  6  1  0  0  0   0
20220927 074518.831 INFO             PET0     esm: IInitCheck intro.
20220927 074518.831 INFO             PET0     esm: IInitCheck extro.
20220927 074518.831 INFO             PET0     ATM: InitializeIPDvXp04 intro.
20220927 074518.832 INFO             PET0       >>>ATM: entered Initialize (phase=IPDvXp04) without valid internal Clock.
20220927 074518.837 INFO             PET0       <<<ATM: leaving Initialize (phase=IPDvXp04) without valid internal Clock.
20220927 074518.837 INFO             PET0     ATM: InitializeIPDvXp04 extro.
20220927 074518.838 INFO             PET0     OCN: InitializeIPDvXp04 intro.
20220927 074518.838 INFO             PET0       >>>OCN: entered Initialize (phase=IPDvXp04) without valid internal Clock.
20220927 074518.844 INFO             PET0       <<<OCN: leaving Initialize (phase=IPDvXp04) without valid internal Clock.
20220927 074518.844 INFO             PET0     OCN: InitializeIPDvXp04 extro.
20220927 074518.845 INFO             PET0     ATM-TO-OCN: InitializeIPDv05p4 intro.
20220927 074518.857 INFO             PET0       ATM-TO-OCN: handle cplList(1): air_pressure_at_sea_level, cplSetList(1): __UNSPECIFIED__
20220927 074518.857 INFO             PET0       ATM-TO-OCN: - nothing shared or transferred
20220927 074518.857 INFO             PET0       ATM-TO-OCN: handle cplList(2): surface_net_downward_shortwave_flux, cplSetList(2): __UNSPECIFIED__
20220927 074518.857 INFO             PET0       ATM-TO-OCN: - nothing shared or transferred
20220927 074518.857 INFO             PET0     ATM-TO-OCN: InitializeIPDv05p4 extro.
20220927 074518.857 INFO             PET0     OCN-TO-ATM: InitializeIPDv05p4 intro.
20220927 074518.863 INFO             PET0       OCN-TO-ATM: handle cplList(1): sea_surface_temperature, cplSetList(1): __UNSPECIFIED__
20220927 074518.863 INFO             PET0       OCN-TO-ATM: - nothing shared or transferred
20220927 074518.863 INFO             PET0     OCN-TO-ATM: InitializeIPDv05p4 extro.
20220927 074518.864 INFO             PET0     ATM-TO-OCN: InitializeIPDv05p5 intro.
20220927 074518.872 INFO             PET0       ATM-TO-OCN: handle cplList(1): air_pressure_at_sea_level, cplSetList(1): __UNSPECIFIED__
20220927 074518.872 INFO             PET0       ATM-TO-OCN: - nothing shared or transferred, or may already be handled
20220927 074518.872 INFO             PET0       ATM-TO-OCN: handle cplList(2): surface_net_downward_shortwave_flux, cplSetList(2): __UNSPECIFIED__
20220927 074518.872 INFO             PET0       ATM-TO-OCN: - nothing shared or transferred, or may already be handled
20220927 074518.872 INFO             PET0     ATM-TO-OCN: InitializeIPDv05p5 extro.
20220927 074518.872 INFO             PET0     OCN-TO-ATM: InitializeIPDv05p5 intro.
20220927 074518.878 INFO             PET0       OCN-TO-ATM: handle cplList(1): sea_surface_temperature, cplSetList(1): __UNSPECIFIED__
20220927 074518.878 INFO             PET0       OCN-TO-ATM: - nothing shared or transferred, or may already be handled
20220927 074518.878 INFO             PET0     OCN-TO-ATM: InitializeIPDv05p5 extro.
20220927 074518.879 INFO             PET0     esm: IInitRealize intro.
20220927 074518.879 INFO             PET0     esm: IInitRealize extro.
20220927 074518.879 INFO             PET0     ATM-TO-OCN: InitializeIPDv05p6a intro.
20220927 074518.887 INFO             PET0     ATM-TO-OCN: InitializeIPDv05p6a extro.
20220927 074518.887 INFO             PET0     OCN-TO-ATM: InitializeIPDv05p6a intro.
20220927 074518.892 INFO             PET0     OCN-TO-ATM: InitializeIPDv05p6a extro.
20220927 074518.893 INFO             PET0     ATM-TO-OCN: InitializeIPDv05p6b intro.
20220927 074518.893 INFO             PET0       ATM-TO-OCN: handle cplList(1): air_pressure_at_sea_level, cplSetList(1): __UNSPECIFIED__
20220927 074518.893 INFO             PET0       ATM-TO-OCN: - no Field sharing between import and export side: remap.
20220927 074518.715 INFO             PET1 !!!!!!!!!!!!!!!!!!!!!!!!!!!!!!!!!!!!!!!!!!!!!!!!!!!!!!
20220927 074518.715 INFO             PET1 !!! THE ESMF_LOG IS SET TO OUTPUT ALL LOG MESSAGES !!!
20220927 074518.715 INFO             PET1 !!!     THIS MAY CAUSE SLOWDOWN IN PERFORMANCE     !!!
20220927 074518.715 INFO             PET1 !!! FOR PRODUCTION RUNS, USE:                      !!!
20220927 074518.715 INFO             PET1 !!!                   ESMF_LOGKIND_Multi_On_Error  !!!
20220927 074518.715 INFO             PET1 !!!!!!!!!!!!!!!!!!!!!!!!!!!!!!!!!!!!!!!!!!!!!!!!!!!!!!
20220927 074518.715 INFO             PET1 Running with ESMF Version   : v8.4.0b15
20220927 074518.715 INFO             PET1 ESMF library build date/time: "Sep 27 2022" "06:32:54"
20220927 074518.715 INFO             PET1 ESMF library build location : /glade/scratch/dunlap/esmf-testing/nvhpc_21.11_openmpi_g_develop/esmf
20220927 074518.715 INFO             PET1 ESMF_COMM                   : openmpi
20220927 074518.715 INFO             PET1 ESMF_MOAB                   : enabled
20220927 074518.715 INFO             PET1 ESMF_LAPACK                 : enabled
20220927 074518.715 INFO             PET1 ESMF_NETCDF                 : enabled
20220927 074518.715 INFO             PET1 ESMF_PNETCDF                : disabled
20220927 074518.715 INFO             PET1 ESMF_PIO                    : enabled
20220927 074518.715 INFO             PET1 ESMF_YAMLCPP                : enabled
20220927 074518.715 INFO             PET1 esmApp STARTING
20220927 074518.722 INFO             PET1 esm: InitializeGeneric intro.
20220927 074518.722 INFO             PET1   esm: InitializeP0 intro.
20220927 074518.722 INFO             PET1   esm: InitializeP0 extro.
20220927 074518.722 INFO             PET1   esm: InitializeIPDv02p1 intro.
20220927 074518.722 INFO             PET1     >>>esm: entered Initialize (phase=<none>) without valid internal Clock.
20220927 074518.724 INFO             PET1     esm - Creating model component ATM without petList.
20220927 074518.729 INFO             PET1     esm - Creating model component OCN without petList.
20220927 074518.733 INFO             PET1     esm - Creating connector component ATM-TO-OCN without petList.
20220927 074518.741 INFO             PET1     esm - Creating connector component OCN-TO-ATM without petList.
20220927 074518.751 INFO             PET1     esm - Creating state: modelComp 1 Import State
20220927 074518.751 INFO             PET1     esm - Creating state: modelComp 1 Export State
20220927 074518.752 INFO             PET1     esm - Creating state: modelComp 2 Import State
20220927 074518.752 INFO             PET1     esm - Creating state: modelComp 2 Export State
20220927 074518.753 INFO             PET1     ATM: InitializeP0 intro.
20220927 074518.753 INFO             PET1       >>>ATM: entered Initialize (phase=<none>) without valid internal Clock.
20220927 074518.755 INFO             PET1       <<<ATM: leaving Initialize (phase=<none>) without valid internal Clock.
20220927 074518.755 INFO             PET1     ATM: InitializeP0 extro.
20220927 074518.757 INFO             PET1     OCN: InitializeP0 intro.
20220927 074518.757 INFO             PET1       >>>OCN: entered Initialize (phase=<none>) without valid internal Clock.
20220927 074518.759 INFO             PET1       <<<OCN: leaving Initialize (phase=<none>) without valid internal Clock.
20220927 074518.759 INFO             PET1     OCN: InitializeP0 extro.
20220927 074518.760 INFO             PET1     ATM-TO-OCN: InitializeP0 intro.
20220927 074518.761 INFO             PET1     ATM-TO-OCN: InitializeP0 extro.
20220927 074518.762 INFO             PET1     OCN-TO-ATM: InitializeP0 intro.
20220927 074518.763 INFO             PET1     OCN-TO-ATM: InitializeP0 extro.
20220927 074518.765 INFO             PET1     esm: IInitAdvertise intro.
20220927 074518.765 INFO             PET1     esm: IInitAdvertise extro.
20220927 074518.765 INFO             PET1     ATM: InitializeIPDvXp01 intro.
20220927 074518.765 INFO             PET1       >>>ATM: entered Initialize (phase=IPDvXp01) without valid internal Clock.
20220927 074518.771 INFO             PET1       <<<ATM: leaving Initialize (phase=IPDvXp01) without valid internal Clock.
20220927 074518.771 INFO             PET1     ATM: InitializeIPDvXp01 extro.
20220927 074518.772 INFO             PET1     OCN: InitializeIPDvXp01 intro.
20220927 074518.773 INFO             PET1       >>>OCN: entered Initialize (phase=IPDvXp01) without valid internal Clock.
20220927 074518.777 INFO             PET1       <<<OCN: leaving Initialize (phase=IPDvXp01) without valid internal Clock.
20220927 074518.777 INFO             PET1     OCN: InitializeIPDvXp01 extro.
20220927 074518.778 INFO             PET1     ATM-TO-OCN: InitializeIPDv05p1 intro.
20220927 074518.792 INFO             PET1       ATM-TO-OCN: importState FieldTransferPolicy = transferNone
20220927 074518.792 INFO             PET1       ATM-TO-OCN: exportState FieldTransferPolicy = transferNone
20220927 074518.792 INFO             PET1     ATM-TO-OCN: InitializeIPDv05p1 extro.
20220927 074518.792 INFO             PET1     OCN-TO-ATM: InitializeIPDv05p1 intro.
20220927 074518.797 INFO             PET1       OCN-TO-ATM: importState FieldTransferPolicy = transferNone
20220927 074518.797 INFO             PET1       OCN-TO-ATM: exportState FieldTransferPolicy = transferNone
20220927 074518.797 INFO             PET1     OCN-TO-ATM: InitializeIPDv05p1 extro.
20220927 074518.797 INFO             PET1     esm: IInitAdvertiseFinish intro.
20220927 074518.797 INFO             PET1     esm: IInitAdvertiseFinish extro.
20220927 074518.797 INFO             PET1     ATM-TO-OCN: InitializeIPDv05p2a intro.
20220927 074518.803 INFO             PET1       ATM-TO-OCN:      importStandardNameList(i=  1): air_pressure_at_sea_level
20220927 074518.803 INFO             PET1       ATM-TO-OCN:         importNamespaceList(i=  1): ATM
20220927 074518.803 INFO             PET1       ATM-TO-OCN:            importCplSetList(i=  1): __UNSPECIFIED__
20220927 074518.803 INFO             PET1       ATM-TO-OCN:      exportStandardNameList(j=  1): air_pressure_at_sea_level
20220927 074518.803 INFO             PET1       ATM-TO-OCN:         exportNamespaceList(j=  1): OCN
20220927 074518.803 INFO             PET1       ATM-TO-OCN:            exportCplSetList(j=  1): __UNSPECIFIED__
20220927 074518.803 INFO             PET1       ATM-TO-OCN: bondLevel= 1
20220927 074518.803 INFO             PET1       ATM-TO-OCN: ProducerConnection (bondLevelMax):         1
20220927 074518.803 INFO             PET1       ATM-TO-OCN:      importStandardNameList(i=  2): surface_net_downward_shortwave_flux
20220927 074518.803 INFO             PET1       ATM-TO-OCN:         importNamespaceList(i=  2): ATM
20220927 074518.803 INFO             PET1       ATM-TO-OCN:            importCplSetList(i=  2): __UNSPECIFIED__
20220927 074518.803 INFO             PET1       ATM-TO-OCN:      exportStandardNameList(j=  2): surface_net_downward_shortwave_flux
20220927 074518.803 INFO             PET1       ATM-TO-OCN:         exportNamespaceList(j=  2): OCN
20220927 074518.803 INFO             PET1       ATM-TO-OCN:            exportCplSetList(j=  2): __UNSPECIFIED__
20220927 074518.803 INFO             PET1       ATM-TO-OCN: bondLevel= 1
20220927 074518.803 INFO             PET1       ATM-TO-OCN: ProducerConnection (bondLevelMax):         1
20220927 074518.803 INFO             PET1     ATM-TO-OCN: InitializeIPDv05p2a extro.
20220927 074518.803 INFO             PET1     OCN-TO-ATM: InitializeIPDv05p2a intro.
20220927 074518.807 INFO             PET1       OCN-TO-ATM:      importStandardNameList(i=  1): sea_surface_temperature
20220927 074518.807 INFO             PET1       OCN-TO-ATM:         importNamespaceList(i=  1): OCN
20220927 074518.807 INFO             PET1       OCN-TO-ATM:            importCplSetList(i=  1): __UNSPECIFIED__
20220927 074518.807 INFO             PET1       OCN-TO-ATM:      exportStandardNameList(j=  1): sea_surface_temperature
20220927 074518.807 INFO             PET1       OCN-TO-ATM:         exportNamespaceList(j=  1): ATM
20220927 074518.807 INFO             PET1       OCN-TO-ATM:            exportCplSetList(j=  1): __UNSPECIFIED__
20220927 074518.808 INFO             PET1       OCN-TO-ATM: bondLevel= 1
20220927 074518.808 INFO             PET1       OCN-TO-ATM: ProducerConnection (bondLevelMax):         1
20220927 074518.808 INFO             PET1     OCN-TO-ATM: InitializeIPDv05p2a extro.
20220927 074518.808 INFO             PET1     ATM-TO-OCN: InitializeIPDv05p2b intro.
20220927 074518.813 INFO             PET1       ATM-TO-OCN:      importStandardNameList(i=  1): air_pressure_at_sea_level
20220927 074518.813 INFO             PET1       ATM-TO-OCN:         importNamespaceList(i=  1): ATM
20220927 074518.813 INFO             PET1       ATM-TO-OCN:            importCplSetList(i=  1): __UNSPECIFIED__
20220927 074518.813 INFO             PET1       ATM-TO-OCN:      exportStandardNameList(j=  1): air_pressure_at_sea_level
20220927 074518.813 INFO             PET1       ATM-TO-OCN:         exportNamespaceList(j=  1): OCN
20220927 074518.813 INFO             PET1       ATM-TO-OCN:            exportCplSetList(j=  1): __UNSPECIFIED__
20220927 074518.813 INFO             PET1       ATM-TO-OCN: bondLevel= 1
20220927 074518.813 INFO             PET1       ATM-TO-OCN: => added cplList(  1)=air_pressure_at_sea_level, cplSetList(  1)=__UNSPECIFIED__
20220927 074518.813 INFO             PET1       ATM-TO-OCN:      importStandardNameList(i=  2): surface_net_downward_shortwave_flux
20220927 074518.813 INFO             PET1       ATM-TO-OCN:         importNamespaceList(i=  2): ATM
20220927 074518.813 INFO             PET1       ATM-TO-OCN:            importCplSetList(i=  2): __UNSPECIFIED__
20220927 074518.813 INFO             PET1       ATM-TO-OCN:      exportStandardNameList(j=  2): surface_net_downward_shortwave_flux
20220927 074518.813 INFO             PET1       ATM-TO-OCN:         exportNamespaceList(j=  2): OCN
20220927 074518.813 INFO             PET1       ATM-TO-OCN:            exportCplSetList(j=  2): __UNSPECIFIED__
20220927 074518.813 INFO             PET1       ATM-TO-OCN: bondLevel= 1
20220927 074518.813 INFO             PET1       ATM-TO-OCN: => added cplList(  2)=surface_net_downward_shortwave_flux, cplSetList(  2)=__UNSPECIFIED__
20220927 074518.813 INFO             PET1     ATM-TO-OCN: InitializeIPDv05p2b extro.
20220927 074518.814 INFO             PET1     OCN-TO-ATM: InitializeIPDv05p2b intro.
20220927 074518.818 INFO             PET1       OCN-TO-ATM:      importStandardNameList(i=  1): sea_surface_temperature
20220927 074518.818 INFO             PET1       OCN-TO-ATM:         importNamespaceList(i=  1): OCN
20220927 074518.818 INFO             PET1       OCN-TO-ATM:            importCplSetList(i=  1): __UNSPECIFIED__
20220927 074518.818 INFO             PET1       OCN-TO-ATM:      exportStandardNameList(j=  1): sea_surface_temperature
20220927 074518.818 INFO             PET1       OCN-TO-ATM:         exportNamespaceList(j=  1): ATM
20220927 074518.818 INFO             PET1       OCN-TO-ATM:            exportCplSetList(j=  1): __UNSPECIFIED__
20220927 074518.818 INFO             PET1       OCN-TO-ATM: bondLevel= 1
20220927 074518.818 INFO             PET1       OCN-TO-ATM: => added cplList(  1)=sea_surface_temperature, cplSetList(  1)=__UNSPECIFIED__
20220927 074518.818 INFO             PET1     OCN-TO-ATM: InitializeIPDv05p2b extro.
20220927 074518.819 INFO             PET1     esm: IInitModifyCplLists intro.
20220927 074518.819 INFO             PET1     esm: IInitModifyCplLists extro.
20220927 074518.819 INFO             PET1     ATM-TO-OCN: InitializeIPDv05p3 intro.
20220927 074518.825 INFO             PET1       ATM-TO-OCN: handle cplList(1): air_pressure_at_sea_level, cplSetList(1): __UNSPECIFIED__
20220927 074518.825 INFO             PET1       ATM-TO-OCN: - connected.
20220927 074518.825 INFO             PET1       ATM-TO-OCN: - both sides must provide the Field/GeomObject.
20220927 074518.825 INFO             PET1       ATM-TO-OCN: handle cplList(2): surface_net_downward_shortwave_flux, cplSetList(2): __UNSPECIFIED__
20220927 074518.825 INFO             PET1       ATM-TO-OCN: - connected.
20220927 074518.825 INFO             PET1       ATM-TO-OCN: - both sides must provide the Field/GeomObject.
20220927 074518.825 INFO             PET1     ATM-TO-OCN: InitializeIPDv05p3 extro.
20220927 074518.825 INFO             PET1     OCN-TO-ATM: InitializeIPDv05p3 intro.
20220927 074518.831 INFO             PET1       OCN-TO-ATM: handle cplList(1): sea_surface_temperature, cplSetList(1): __UNSPECIFIED__
20220927 074518.831 INFO             PET1       OCN-TO-ATM: - connected.
20220927 074518.831 INFO             PET1       OCN-TO-ATM: - both sides must provide the Field/GeomObject.
20220927 074518.831 INFO             PET1     OCN-TO-ATM: InitializeIPDv05p3 extro.
20220927 074518.831 INFO             PET1     <<<esm: leaving Initialize (phase=<none>) with current time: 2010  6  1  0  0  0   0
20220927 074518.831 INFO             PET1   esm: InitializeIPDv02p1 extro.
20220927 074518.831 INFO             PET1   esm: InitializeIPDv02p3 intro.
20220927 074518.831 INFO             PET1     >>>esm: entered Initialize (phase=<none>) with current time: 2010  6  1  0  0  0   0
20220927 074518.831 INFO             PET1     esm: IInitCheck intro.
20220927 074518.831 INFO             PET1     esm: IInitCheck extro.
20220927 074518.831 INFO             PET1     ATM: InitializeIPDvXp04 intro.
20220927 074518.832 INFO             PET1       >>>ATM: entered Initialize (phase=IPDvXp04) without valid internal Clock.
20220927 074518.837 INFO             PET1       <<<ATM: leaving Initialize (phase=IPDvXp04) without valid internal Clock.
20220927 074518.837 INFO             PET1     ATM: InitializeIPDvXp04 extro.
20220927 074518.838 INFO             PET1     OCN: InitializeIPDvXp04 intro.
20220927 074518.838 INFO             PET1       >>>OCN: entered Initialize (phase=IPDvXp04) without valid internal Clock.
20220927 074518.844 INFO             PET1       <<<OCN: leaving Initialize (phase=IPDvXp04) without valid internal Clock.
20220927 074518.844 INFO             PET1     OCN: InitializeIPDvXp04 extro.
20220927 074518.845 INFO             PET1     ATM-TO-OCN: InitializeIPDv05p4 intro.
20220927 074518.857 INFO             PET1       ATM-TO-OCN: handle cplList(1): air_pressure_at_sea_level, cplSetList(1): __UNSPECIFIED__
20220927 074518.857 INFO             PET1       ATM-TO-OCN: - nothing shared or transferred
20220927 074518.857 INFO             PET1       ATM-TO-OCN: handle cplList(2): surface_net_downward_shortwave_flux, cplSetList(2): __UNSPECIFIED__
20220927 074518.857 INFO             PET1       ATM-TO-OCN: - nothing shared or transferred
20220927 074518.857 INFO             PET1     ATM-TO-OCN: InitializeIPDv05p4 extro.
20220927 074518.857 INFO             PET1     OCN-TO-ATM: InitializeIPDv05p4 intro.
20220927 074518.863 INFO             PET1       OCN-TO-ATM: handle cplList(1): sea_surface_temperature, cplSetList(1): __UNSPECIFIED__
20220927 074518.863 INFO             PET1       OCN-TO-ATM: - nothing shared or transferred
20220927 074518.863 INFO             PET1     OCN-TO-ATM: InitializeIPDv05p4 extro.
20220927 074518.864 INFO             PET1     ATM-TO-OCN: InitializeIPDv05p5 intro.
20220927 074518.872 INFO             PET1       ATM-TO-OCN: handle cplList(1): air_pressure_at_sea_level, cplSetList(1): __UNSPECIFIED__
20220927 074518.872 INFO             PET1       ATM-TO-OCN: - nothing shared or transferred, or may already be handled
20220927 074518.872 INFO             PET1       ATM-TO-OCN: handle cplList(2): surface_net_downward_shortwave_flux, cplSetList(2): __UNSPECIFIED__
20220927 074518.872 INFO             PET1       ATM-TO-OCN: - nothing shared or transferred, or may already be handled
20220927 074518.872 INFO             PET1     ATM-TO-OCN: InitializeIPDv05p5 extro.
20220927 074518.872 INFO             PET1     OCN-TO-ATM: InitializeIPDv05p5 intro.
20220927 074518.878 INFO             PET1       OCN-TO-ATM: handle cplList(1): sea_surface_temperature, cplSetList(1): __UNSPECIFIED__
20220927 074518.878 INFO             PET1       OCN-TO-ATM: - nothing shared or transferred, or may already be handled
20220927 074518.878 INFO             PET1     OCN-TO-ATM: InitializeIPDv05p5 extro.
20220927 074518.879 INFO             PET1     esm: IInitRealize intro.
20220927 074518.879 INFO             PET1     esm: IInitRealize extro.
20220927 074518.879 INFO             PET1     ATM-TO-OCN: InitializeIPDv05p6a intro.
20220927 074518.887 INFO             PET1     ATM-TO-OCN: InitializeIPDv05p6a extro.
20220927 074518.887 INFO             PET1     OCN-TO-ATM: InitializeIPDv05p6a intro.
20220927 074518.892 INFO             PET1     OCN-TO-ATM: InitializeIPDv05p6a extro.
20220927 074518.893 INFO             PET1     ATM-TO-OCN: InitializeIPDv05p6b intro.
20220927 074518.893 INFO             PET1       ATM-TO-OCN: handle cplList(1): air_pressure_at_sea_level, cplSetList(1): __UNSPECIFIED__
20220927 074518.893 INFO             PET1       ATM-TO-OCN: - no Field sharing between import and export side: remap.
20220927 074518.714 INFO             PET2 !!!!!!!!!!!!!!!!!!!!!!!!!!!!!!!!!!!!!!!!!!!!!!!!!!!!!!
20220927 074518.714 INFO             PET2 !!! THE ESMF_LOG IS SET TO OUTPUT ALL LOG MESSAGES !!!
20220927 074518.714 INFO             PET2 !!!     THIS MAY CAUSE SLOWDOWN IN PERFORMANCE     !!!
20220927 074518.714 INFO             PET2 !!! FOR PRODUCTION RUNS, USE:                      !!!
20220927 074518.714 INFO             PET2 !!!                   ESMF_LOGKIND_Multi_On_Error  !!!
20220927 074518.714 INFO             PET2 !!!!!!!!!!!!!!!!!!!!!!!!!!!!!!!!!!!!!!!!!!!!!!!!!!!!!!
20220927 074518.714 INFO             PET2 Running with ESMF Version   : v8.4.0b15
20220927 074518.714 INFO             PET2 ESMF library build date/time: "Sep 27 2022" "06:32:54"
20220927 074518.714 INFO             PET2 ESMF library build location : /glade/scratch/dunlap/esmf-testing/nvhpc_21.11_openmpi_g_develop/esmf
20220927 074518.714 INFO             PET2 ESMF_COMM                   : openmpi
20220927 074518.714 INFO             PET2 ESMF_MOAB                   : enabled
20220927 074518.714 INFO             PET2 ESMF_LAPACK                 : enabled
20220927 074518.714 INFO             PET2 ESMF_NETCDF                 : enabled
20220927 074518.714 INFO             PET2 ESMF_PNETCDF                : disabled
20220927 074518.714 INFO             PET2 ESMF_PIO                    : enabled
20220927 074518.714 INFO             PET2 ESMF_YAMLCPP                : enabled
20220927 074518.715 INFO             PET2 esmApp STARTING
20220927 074518.722 INFO             PET2 esm: InitializeGeneric intro.
20220927 074518.722 INFO             PET2   esm: InitializeP0 intro.
20220927 074518.722 INFO             PET2   esm: InitializeP0 extro.
20220927 074518.722 INFO             PET2   esm: InitializeIPDv02p1 intro.
20220927 074518.722 INFO             PET2     >>>esm: entered Initialize (phase=<none>) without valid internal Clock.
20220927 074518.724 INFO             PET2     esm - Creating model component ATM without petList.
20220927 074518.729 INFO             PET2     esm - Creating model component OCN without petList.
20220927 074518.733 INFO             PET2     esm - Creating connector component ATM-TO-OCN without petList.
20220927 074518.741 INFO             PET2     esm - Creating connector component OCN-TO-ATM without petList.
20220927 074518.751 INFO             PET2     esm - Creating state: modelComp 1 Import State
20220927 074518.751 INFO             PET2     esm - Creating state: modelComp 1 Export State
20220927 074518.751 INFO             PET2     esm - Creating state: modelComp 2 Import State
20220927 074518.751 INFO             PET2     esm - Creating state: modelComp 2 Export State
20220927 074518.753 INFO             PET2     ATM: InitializeP0 intro.
20220927 074518.753 INFO             PET2       >>>ATM: entered Initialize (phase=<none>) without valid internal Clock.
20220927 074518.755 INFO             PET2       <<<ATM: leaving Initialize (phase=<none>) without valid internal Clock.
20220927 074518.755 INFO             PET2     ATM: InitializeP0 extro.
20220927 074518.757 INFO             PET2     OCN: InitializeP0 intro.
20220927 074518.757 INFO             PET2       >>>OCN: entered Initialize (phase=<none>) without valid internal Clock.
20220927 074518.759 INFO             PET2       <<<OCN: leaving Initialize (phase=<none>) without valid internal Clock.
20220927 074518.759 INFO             PET2     OCN: InitializeP0 extro.
20220927 074518.760 INFO             PET2     ATM-TO-OCN: InitializeP0 intro.
20220927 074518.761 INFO             PET2     ATM-TO-OCN: InitializeP0 extro.
20220927 074518.762 INFO             PET2     OCN-TO-ATM: InitializeP0 intro.
20220927 074518.762 INFO             PET2     OCN-TO-ATM: InitializeP0 extro.
20220927 074518.765 INFO             PET2     esm: IInitAdvertise intro.
20220927 074518.765 INFO             PET2     esm: IInitAdvertise extro.
20220927 074518.765 INFO             PET2     ATM: InitializeIPDvXp01 intro.
20220927 074518.765 INFO             PET2       >>>ATM: entered Initialize (phase=IPDvXp01) without valid internal Clock.
20220927 074518.771 INFO             PET2       <<<ATM: leaving Initialize (phase=IPDvXp01) without valid internal Clock.
20220927 074518.771 INFO             PET2     ATM: InitializeIPDvXp01 extro.
20220927 074518.772 INFO             PET2     OCN: InitializeIPDvXp01 intro.
20220927 074518.772 INFO             PET2       >>>OCN: entered Initialize (phase=IPDvXp01) without valid internal Clock.
20220927 074518.776 INFO             PET2       <<<OCN: leaving Initialize (phase=IPDvXp01) without valid internal Clock.
20220927 074518.776 INFO             PET2     OCN: InitializeIPDvXp01 extro.
20220927 074518.777 INFO             PET2     ATM-TO-OCN: InitializeIPDv05p1 intro.
20220927 074518.792 INFO             PET2       ATM-TO-OCN: importState FieldTransferPolicy = transferNone
20220927 074518.792 INFO             PET2       ATM-TO-OCN: exportState FieldTransferPolicy = transferNone
20220927 074518.792 INFO             PET2     ATM-TO-OCN: InitializeIPDv05p1 extro.
20220927 074518.792 INFO             PET2     OCN-TO-ATM: InitializeIPDv05p1 intro.
20220927 074518.797 INFO             PET2       OCN-TO-ATM: importState FieldTransferPolicy = transferNone
20220927 074518.797 INFO             PET2       OCN-TO-ATM: exportState FieldTransferPolicy = transferNone
20220927 074518.797 INFO             PET2     OCN-TO-ATM: InitializeIPDv05p1 extro.
20220927 074518.797 INFO             PET2     esm: IInitAdvertiseFinish intro.
20220927 074518.797 INFO             PET2     esm: IInitAdvertiseFinish extro.
20220927 074518.797 INFO             PET2     ATM-TO-OCN: InitializeIPDv05p2a intro.
20220927 074518.803 INFO             PET2       ATM-TO-OCN:      importStandardNameList(i=  1): air_pressure_at_sea_level
20220927 074518.803 INFO             PET2       ATM-TO-OCN:         importNamespaceList(i=  1): ATM
20220927 074518.803 INFO             PET2       ATM-TO-OCN:            importCplSetList(i=  1): __UNSPECIFIED__
20220927 074518.803 INFO             PET2       ATM-TO-OCN:      exportStandardNameList(j=  1): air_pressure_at_sea_level
20220927 074518.803 INFO             PET2       ATM-TO-OCN:         exportNamespaceList(j=  1): OCN
20220927 074518.803 INFO             PET2       ATM-TO-OCN:            exportCplSetList(j=  1): __UNSPECIFIED__
20220927 074518.803 INFO             PET2       ATM-TO-OCN: bondLevel= 1
20220927 074518.803 INFO             PET2       ATM-TO-OCN: ProducerConnection (bondLevelMax):         1
20220927 074518.803 INFO             PET2       ATM-TO-OCN:      importStandardNameList(i=  2): surface_net_downward_shortwave_flux
20220927 074518.803 INFO             PET2       ATM-TO-OCN:         importNamespaceList(i=  2): ATM
20220927 074518.803 INFO             PET2       ATM-TO-OCN:            importCplSetList(i=  2): __UNSPECIFIED__
20220927 074518.803 INFO             PET2       ATM-TO-OCN:      exportStandardNameList(j=  2): surface_net_downward_shortwave_flux
20220927 074518.803 INFO             PET2       ATM-TO-OCN:         exportNamespaceList(j=  2): OCN
20220927 074518.803 INFO             PET2       ATM-TO-OCN:            exportCplSetList(j=  2): __UNSPECIFIED__
20220927 074518.803 INFO             PET2       ATM-TO-OCN: bondLevel= 1
20220927 074518.803 INFO             PET2       ATM-TO-OCN: ProducerConnection (bondLevelMax):         1
20220927 074518.803 INFO             PET2     ATM-TO-OCN: InitializeIPDv05p2a extro.
20220927 074518.803 INFO             PET2     OCN-TO-ATM: InitializeIPDv05p2a intro.
20220927 074518.807 INFO             PET2       OCN-TO-ATM:      importStandardNameList(i=  1): sea_surface_temperature
20220927 074518.807 INFO             PET2       OCN-TO-ATM:         importNamespaceList(i=  1): OCN
20220927 074518.807 INFO             PET2       OCN-TO-ATM:            importCplSetList(i=  1): __UNSPECIFIED__
20220927 074518.807 INFO             PET2       OCN-TO-ATM:      exportStandardNameList(j=  1): sea_surface_temperature
20220927 074518.807 INFO             PET2       OCN-TO-ATM:         exportNamespaceList(j=  1): ATM
20220927 074518.807 INFO             PET2       OCN-TO-ATM:            exportCplSetList(j=  1): __UNSPECIFIED__
20220927 074518.808 INFO             PET2       OCN-TO-ATM: bondLevel= 1
20220927 074518.808 INFO             PET2       OCN-TO-ATM: ProducerConnection (bondLevelMax):         1
20220927 074518.808 INFO             PET2     OCN-TO-ATM: InitializeIPDv05p2a extro.
20220927 074518.808 INFO             PET2     ATM-TO-OCN: InitializeIPDv05p2b intro.
20220927 074518.813 INFO             PET2       ATM-TO-OCN:      importStandardNameList(i=  1): air_pressure_at_sea_level
20220927 074518.813 INFO             PET2       ATM-TO-OCN:         importNamespaceList(i=  1): ATM
20220927 074518.813 INFO             PET2       ATM-TO-OCN:            importCplSetList(i=  1): __UNSPECIFIED__
20220927 074518.813 INFO             PET2       ATM-TO-OCN:      exportStandardNameList(j=  1): air_pressure_at_sea_level
20220927 074518.813 INFO             PET2       ATM-TO-OCN:         exportNamespaceList(j=  1): OCN
20220927 074518.813 INFO             PET2       ATM-TO-OCN:            exportCplSetList(j=  1): __UNSPECIFIED__
20220927 074518.813 INFO             PET2       ATM-TO-OCN: bondLevel= 1
20220927 074518.813 INFO             PET2       ATM-TO-OCN: => added cplList(  1)=air_pressure_at_sea_level, cplSetList(  1)=__UNSPECIFIED__
20220927 074518.813 INFO             PET2       ATM-TO-OCN:      importStandardNameList(i=  2): surface_net_downward_shortwave_flux
20220927 074518.813 INFO             PET2       ATM-TO-OCN:         importNamespaceList(i=  2): ATM
20220927 074518.813 INFO             PET2       ATM-TO-OCN:            importCplSetList(i=  2): __UNSPECIFIED__
20220927 074518.813 INFO             PET2       ATM-TO-OCN:      exportStandardNameList(j=  2): surface_net_downward_shortwave_flux
20220927 074518.813 INFO             PET2       ATM-TO-OCN:         exportNamespaceList(j=  2): OCN
20220927 074518.813 INFO             PET2       ATM-TO-OCN:            exportCplSetList(j=  2): __UNSPECIFIED__
20220927 074518.813 INFO             PET2       ATM-TO-OCN: bondLevel= 1
20220927 074518.813 INFO             PET2       ATM-TO-OCN: => added cplList(  2)=surface_net_downward_shortwave_flux, cplSetList(  2)=__UNSPECIFIED__
20220927 074518.813 INFO             PET2     ATM-TO-OCN: InitializeIPDv05p2b extro.
20220927 074518.814 INFO             PET2     OCN-TO-ATM: InitializeIPDv05p2b intro.
20220927 074518.818 INFO             PET2       OCN-TO-ATM:      importStandardNameList(i=  1): sea_surface_temperature
20220927 074518.818 INFO             PET2       OCN-TO-ATM:         importNamespaceList(i=  1): OCN
20220927 074518.818 INFO             PET2       OCN-TO-ATM:            importCplSetList(i=  1): __UNSPECIFIED__
20220927 074518.818 INFO             PET2       OCN-TO-ATM:      exportStandardNameList(j=  1): sea_surface_temperature
20220927 074518.818 INFO             PET2       OCN-TO-ATM:         exportNamespaceList(j=  1): ATM
20220927 074518.818 INFO             PET2       OCN-TO-ATM:            exportCplSetList(j=  1): __UNSPECIFIED__
20220927 074518.818 INFO             PET2       OCN-TO-ATM: bondLevel= 1
20220927 074518.818 INFO             PET2       OCN-TO-ATM: => added cplList(  1)=sea_surface_temperature, cplSetList(  1)=__UNSPECIFIED__
20220927 074518.818 INFO             PET2     OCN-TO-ATM: InitializeIPDv05p2b extro.
20220927 074518.819 INFO             PET2     esm: IInitModifyCplLists intro.
20220927 074518.819 INFO             PET2     esm: IInitModifyCplLists extro.
20220927 074518.819 INFO             PET2     ATM-TO-OCN: InitializeIPDv05p3 intro.
20220927 074518.825 INFO             PET2       ATM-TO-OCN: handle cplList(1): air_pressure_at_sea_level, cplSetList(1): __UNSPECIFIED__
20220927 074518.825 INFO             PET2       ATM-TO-OCN: - connected.
20220927 074518.825 INFO             PET2       ATM-TO-OCN: - both sides must provide the Field/GeomObject.
20220927 074518.825 INFO             PET2       ATM-TO-OCN: handle cplList(2): surface_net_downward_shortwave_flux, cplSetList(2): __UNSPECIFIED__
20220927 074518.825 INFO             PET2       ATM-TO-OCN: - connected.
20220927 074518.825 INFO             PET2       ATM-TO-OCN: - both sides must provide the Field/GeomObject.
20220927 074518.825 INFO             PET2     ATM-TO-OCN: InitializeIPDv05p3 extro.
20220927 074518.825 INFO             PET2     OCN-TO-ATM: InitializeIPDv05p3 intro.
20220927 074518.831 INFO             PET2       OCN-TO-ATM: handle cplList(1): sea_surface_temperature, cplSetList(1): __UNSPECIFIED__
20220927 074518.831 INFO             PET2       OCN-TO-ATM: - connected.
20220927 074518.831 INFO             PET2       OCN-TO-ATM: - both sides must provide the Field/GeomObject.
20220927 074518.831 INFO             PET2     OCN-TO-ATM: InitializeIPDv05p3 extro.
20220927 074518.831 INFO             PET2     <<<esm: leaving Initialize (phase=<none>) with current time: 2010  6  1  0  0  0   0
20220927 074518.831 INFO             PET2   esm: InitializeIPDv02p1 extro.
20220927 074518.831 INFO             PET2   esm: InitializeIPDv02p3 intro.
20220927 074518.831 INFO             PET2     >>>esm: entered Initialize (phase=<none>) with current time: 2010  6  1  0  0  0   0
20220927 074518.831 INFO             PET2     esm: IInitCheck intro.
20220927 074518.831 INFO             PET2     esm: IInitCheck extro.
20220927 074518.831 INFO             PET2     ATM: InitializeIPDvXp04 intro.
20220927 074518.832 INFO             PET2       >>>ATM: entered Initialize (phase=IPDvXp04) without valid internal Clock.
20220927 074518.837 INFO             PET2       <<<ATM: leaving Initialize (phase=IPDvXp04) without valid internal Clock.
20220927 074518.837 INFO             PET2     ATM: InitializeIPDvXp04 extro.
20220927 074518.838 INFO             PET2     OCN: InitializeIPDvXp04 intro.
20220927 074518.838 INFO             PET2       >>>OCN: entered Initialize (phase=IPDvXp04) without valid internal Clock.
20220927 074518.844 INFO             PET2       <<<OCN: leaving Initialize (phase=IPDvXp04) without valid internal Clock.
20220927 074518.844 INFO             PET2     OCN: InitializeIPDvXp04 extro.
20220927 074518.845 INFO             PET2     ATM-TO-OCN: InitializeIPDv05p4 intro.
20220927 074518.857 INFO             PET2       ATM-TO-OCN: handle cplList(1): air_pressure_at_sea_level, cplSetList(1): __UNSPECIFIED__
20220927 074518.857 INFO             PET2       ATM-TO-OCN: - nothing shared or transferred
20220927 074518.857 INFO             PET2       ATM-TO-OCN: handle cplList(2): surface_net_downward_shortwave_flux, cplSetList(2): __UNSPECIFIED__
20220927 074518.857 INFO             PET2       ATM-TO-OCN: - nothing shared or transferred
20220927 074518.857 INFO             PET2     ATM-TO-OCN: InitializeIPDv05p4 extro.
20220927 074518.857 INFO             PET2     OCN-TO-ATM: InitializeIPDv05p4 intro.
20220927 074518.863 INFO             PET2       OCN-TO-ATM: handle cplList(1): sea_surface_temperature, cplSetList(1): __UNSPECIFIED__
20220927 074518.863 INFO             PET2       OCN-TO-ATM: - nothing shared or transferred
20220927 074518.863 INFO             PET2     OCN-TO-ATM: InitializeIPDv05p4 extro.
20220927 074518.864 INFO             PET2     ATM-TO-OCN: InitializeIPDv05p5 intro.
20220927 074518.872 INFO             PET2       ATM-TO-OCN: handle cplList(1): air_pressure_at_sea_level, cplSetList(1): __UNSPECIFIED__
20220927 074518.872 INFO             PET2       ATM-TO-OCN: - nothing shared or transferred, or may already be handled
20220927 074518.872 INFO             PET2       ATM-TO-OCN: handle cplList(2): surface_net_downward_shortwave_flux, cplSetList(2): __UNSPECIFIED__
20220927 074518.872 INFO             PET2       ATM-TO-OCN: - nothing shared or transferred, or may already be handled
20220927 074518.872 INFO             PET2     ATM-TO-OCN: InitializeIPDv05p5 extro.
20220927 074518.872 INFO             PET2     OCN-TO-ATM: InitializeIPDv05p5 intro.
20220927 074518.878 INFO             PET2       OCN-TO-ATM: handle cplList(1): sea_surface_temperature, cplSetList(1): __UNSPECIFIED__
20220927 074518.878 INFO             PET2       OCN-TO-ATM: - nothing shared or transferred, or may already be handled
20220927 074518.878 INFO             PET2     OCN-TO-ATM: InitializeIPDv05p5 extro.
20220927 074518.879 INFO             PET2     esm: IInitRealize intro.
20220927 074518.879 INFO             PET2     esm: IInitRealize extro.
20220927 074518.879 INFO             PET2     ATM-TO-OCN: InitializeIPDv05p6a intro.
20220927 074518.887 INFO             PET2     ATM-TO-OCN: InitializeIPDv05p6a extro.
20220927 074518.887 INFO             PET2     OCN-TO-ATM: InitializeIPDv05p6a intro.
20220927 074518.892 INFO             PET2     OCN-TO-ATM: InitializeIPDv05p6a extro.
20220927 074518.893 INFO             PET2     ATM-TO-OCN: InitializeIPDv05p6b intro.
20220927 074518.893 INFO             PET2       ATM-TO-OCN: handle cplList(1): air_pressure_at_sea_level, cplSetList(1): __UNSPECIFIED__
20220927 074518.893 INFO             PET2       ATM-TO-OCN: - no Field sharing between import and export side: remap.
20220927 074518.715 INFO             PET3 !!!!!!!!!!!!!!!!!!!!!!!!!!!!!!!!!!!!!!!!!!!!!!!!!!!!!!
20220927 074518.715 INFO             PET3 !!! THE ESMF_LOG IS SET TO OUTPUT ALL LOG MESSAGES !!!
20220927 074518.715 INFO             PET3 !!!     THIS MAY CAUSE SLOWDOWN IN PERFORMANCE     !!!
20220927 074518.715 INFO             PET3 !!! FOR PRODUCTION RUNS, USE:                      !!!
20220927 074518.715 INFO             PET3 !!!                   ESMF_LOGKIND_Multi_On_Error  !!!
20220927 074518.715 INFO             PET3 !!!!!!!!!!!!!!!!!!!!!!!!!!!!!!!!!!!!!!!!!!!!!!!!!!!!!!
20220927 074518.715 INFO             PET3 Running with ESMF Version   : v8.4.0b15
20220927 074518.715 INFO             PET3 ESMF library build date/time: "Sep 27 2022" "06:32:54"
20220927 074518.715 INFO             PET3 ESMF library build location : /glade/scratch/dunlap/esmf-testing/nvhpc_21.11_openmpi_g_develop/esmf
20220927 074518.715 INFO             PET3 ESMF_COMM                   : openmpi
20220927 074518.715 INFO             PET3 ESMF_MOAB                   : enabled
20220927 074518.715 INFO             PET3 ESMF_LAPACK                 : enabled
20220927 074518.715 INFO             PET3 ESMF_NETCDF                 : enabled
20220927 074518.715 INFO             PET3 ESMF_PNETCDF                : disabled
20220927 074518.715 INFO             PET3 ESMF_PIO                    : enabled
20220927 074518.715 INFO             PET3 ESMF_YAMLCPP                : enabled
20220927 074518.715 INFO             PET3 esmApp STARTING
20220927 074518.723 INFO             PET3 esm: InitializeGeneric intro.
20220927 074518.723 INFO             PET3   esm: InitializeP0 intro.
20220927 074518.723 INFO             PET3   esm: InitializeP0 extro.
20220927 074518.723 INFO             PET3   esm: InitializeIPDv02p1 intro.
20220927 074518.723 INFO             PET3     >>>esm: entered Initialize (phase=<none>) without valid internal Clock.
20220927 074518.724 INFO             PET3     esm - Creating model component ATM without petList.
20220927 074518.729 INFO             PET3     esm - Creating model component OCN without petList.
20220927 074518.734 INFO             PET3     esm - Creating connector component ATM-TO-OCN without petList.
20220927 074518.743 INFO             PET3     esm - Creating connector component OCN-TO-ATM without petList.
20220927 074518.753 INFO             PET3     esm - Creating state: modelComp 1 Import State
20220927 074518.753 INFO             PET3     esm - Creating state: modelComp 1 Export State
20220927 074518.754 INFO             PET3     esm - Creating state: modelComp 2 Import State
20220927 074518.754 INFO             PET3     esm - Creating state: modelComp 2 Export State
20220927 074518.756 INFO             PET3     ATM: InitializeP0 intro.
20220927 074518.756 INFO             PET3       >>>ATM: entered Initialize (phase=<none>) without valid internal Clock.
20220927 074518.758 INFO             PET3       <<<ATM: leaving Initialize (phase=<none>) without valid internal Clock.
20220927 074518.758 INFO             PET3     ATM: InitializeP0 extro.
20220927 074518.760 INFO             PET3     OCN: InitializeP0 intro.
20220927 074518.760 INFO             PET3       >>>OCN: entered Initialize (phase=<none>) without valid internal Clock.
20220927 074518.763 INFO             PET3       <<<OCN: leaving Initialize (phase=<none>) without valid internal Clock.
20220927 074518.763 INFO             PET3     OCN: InitializeP0 extro.
20220927 074518.764 INFO             PET3     ATM-TO-OCN: InitializeP0 intro.
20220927 074518.765 INFO             PET3     ATM-TO-OCN: InitializeP0 extro.
20220927 074518.766 INFO             PET3     OCN-TO-ATM: InitializeP0 intro.
20220927 074518.767 INFO             PET3     OCN-TO-ATM: InitializeP0 extro.
20220927 074518.770 INFO             PET3     esm: IInitAdvertise intro.
20220927 074518.770 INFO             PET3     esm: IInitAdvertise extro.
20220927 074518.770 INFO             PET3     ATM: InitializeIPDvXp01 intro.
20220927 074518.771 INFO             PET3       >>>ATM: entered Initialize (phase=IPDvXp01) without valid internal Clock.
20220927 074518.778 INFO             PET3       <<<ATM: leaving Initialize (phase=IPDvXp01) without valid internal Clock.
20220927 074518.778 INFO             PET3     ATM: InitializeIPDvXp01 extro.
20220927 074518.780 INFO             PET3     OCN: InitializeIPDvXp01 intro.
20220927 074518.780 INFO             PET3       >>>OCN: entered Initialize (phase=IPDvXp01) without valid internal Clock.
20220927 074518.785 INFO             PET3       <<<OCN: leaving Initialize (phase=IPDvXp01) without valid internal Clock.
20220927 074518.785 INFO             PET3     OCN: InitializeIPDvXp01 extro.
20220927 074518.786 INFO             PET3     ATM-TO-OCN: InitializeIPDv05p1 intro.
20220927 074518.792 INFO             PET3       ATM-TO-OCN: importState FieldTransferPolicy = transferNone
20220927 074518.792 INFO             PET3       ATM-TO-OCN: exportState FieldTransferPolicy = transferNone
20220927 074518.792 INFO             PET3     ATM-TO-OCN: InitializeIPDv05p1 extro.
20220927 074518.793 INFO             PET3     OCN-TO-ATM: InitializeIPDv05p1 intro.
20220927 074518.797 INFO             PET3       OCN-TO-ATM: importState FieldTransferPolicy = transferNone
20220927 074518.797 INFO             PET3       OCN-TO-ATM: exportState FieldTransferPolicy = transferNone
20220927 074518.797 INFO             PET3     OCN-TO-ATM: InitializeIPDv05p1 extro.
20220927 074518.797 INFO             PET3     esm: IInitAdvertiseFinish intro.
20220927 074518.797 INFO             PET3     esm: IInitAdvertiseFinish extro.
20220927 074518.797 INFO             PET3     ATM-TO-OCN: InitializeIPDv05p2a intro.
20220927 074518.803 INFO             PET3       ATM-TO-OCN:      importStandardNameList(i=  1): air_pressure_at_sea_level
20220927 074518.803 INFO             PET3       ATM-TO-OCN:         importNamespaceList(i=  1): ATM
20220927 074518.803 INFO             PET3       ATM-TO-OCN:            importCplSetList(i=  1): __UNSPECIFIED__
20220927 074518.803 INFO             PET3       ATM-TO-OCN:      exportStandardNameList(j=  1): air_pressure_at_sea_level
20220927 074518.803 INFO             PET3       ATM-TO-OCN:         exportNamespaceList(j=  1): OCN
20220927 074518.803 INFO             PET3       ATM-TO-OCN:            exportCplSetList(j=  1): __UNSPECIFIED__
20220927 074518.803 INFO             PET3       ATM-TO-OCN: bondLevel= 1
20220927 074518.803 INFO             PET3       ATM-TO-OCN: ProducerConnection (bondLevelMax):         1
20220927 074518.803 INFO             PET3       ATM-TO-OCN:      importStandardNameList(i=  2): surface_net_downward_shortwave_flux
20220927 074518.803 INFO             PET3       ATM-TO-OCN:         importNamespaceList(i=  2): ATM
20220927 074518.803 INFO             PET3       ATM-TO-OCN:            importCplSetList(i=  2): __UNSPECIFIED__
20220927 074518.803 INFO             PET3       ATM-TO-OCN:      exportStandardNameList(j=  2): surface_net_downward_shortwave_flux
20220927 074518.803 INFO             PET3       ATM-TO-OCN:         exportNamespaceList(j=  2): OCN
20220927 074518.803 INFO             PET3       ATM-TO-OCN:            exportCplSetList(j=  2): __UNSPECIFIED__
20220927 074518.803 INFO             PET3       ATM-TO-OCN: bondLevel= 1
20220927 074518.803 INFO             PET3       ATM-TO-OCN: ProducerConnection (bondLevelMax):         1
20220927 074518.803 INFO             PET3     ATM-TO-OCN: InitializeIPDv05p2a extro.
20220927 074518.803 INFO             PET3     OCN-TO-ATM: InitializeIPDv05p2a intro.
20220927 074518.808 INFO             PET3       OCN-TO-ATM:      importStandardNameList(i=  1): sea_surface_temperature
20220927 074518.808 INFO             PET3       OCN-TO-ATM:         importNamespaceList(i=  1): OCN
20220927 074518.808 INFO             PET3       OCN-TO-ATM:            importCplSetList(i=  1): __UNSPECIFIED__
20220927 074518.808 INFO             PET3       OCN-TO-ATM:      exportStandardNameList(j=  1): sea_surface_temperature
20220927 074518.808 INFO             PET3       OCN-TO-ATM:         exportNamespaceList(j=  1): ATM
20220927 074518.808 INFO             PET3       OCN-TO-ATM:            exportCplSetList(j=  1): __UNSPECIFIED__
20220927 074518.808 INFO             PET3       OCN-TO-ATM: bondLevel= 1
20220927 074518.808 INFO             PET3       OCN-TO-ATM: ProducerConnection (bondLevelMax):         1
20220927 074518.808 INFO             PET3     OCN-TO-ATM: InitializeIPDv05p2a extro.
20220927 074518.808 INFO             PET3     ATM-TO-OCN: InitializeIPDv05p2b intro.
20220927 074518.813 INFO             PET3       ATM-TO-OCN:      importStandardNameList(i=  1): air_pressure_at_sea_level
20220927 074518.813 INFO             PET3       ATM-TO-OCN:         importNamespaceList(i=  1): ATM
20220927 074518.813 INFO             PET3       ATM-TO-OCN:            importCplSetList(i=  1): __UNSPECIFIED__
20220927 074518.813 INFO             PET3       ATM-TO-OCN:      exportStandardNameList(j=  1): air_pressure_at_sea_level
20220927 074518.813 INFO             PET3       ATM-TO-OCN:         exportNamespaceList(j=  1): OCN
20220927 074518.813 INFO             PET3       ATM-TO-OCN:            exportCplSetList(j=  1): __UNSPECIFIED__
20220927 074518.813 INFO             PET3       ATM-TO-OCN: bondLevel= 1
20220927 074518.813 INFO             PET3       ATM-TO-OCN: => added cplList(  1)=air_pressure_at_sea_level, cplSetList(  1)=__UNSPECIFIED__
20220927 074518.813 INFO             PET3       ATM-TO-OCN:      importStandardNameList(i=  2): surface_net_downward_shortwave_flux
20220927 074518.813 INFO             PET3       ATM-TO-OCN:         importNamespaceList(i=  2): ATM
20220927 074518.813 INFO             PET3       ATM-TO-OCN:            importCplSetList(i=  2): __UNSPECIFIED__
20220927 074518.813 INFO             PET3       ATM-TO-OCN:      exportStandardNameList(j=  2): surface_net_downward_shortwave_flux
20220927 074518.813 INFO             PET3       ATM-TO-OCN:         exportNamespaceList(j=  2): OCN
20220927 074518.814 INFO             PET3       ATM-TO-OCN:            exportCplSetList(j=  2): __UNSPECIFIED__
20220927 074518.814 INFO             PET3       ATM-TO-OCN: bondLevel= 1
20220927 074518.814 INFO             PET3       ATM-TO-OCN: => added cplList(  2)=surface_net_downward_shortwave_flux, cplSetList(  2)=__UNSPECIFIED__
20220927 074518.814 INFO             PET3     ATM-TO-OCN: InitializeIPDv05p2b extro.
20220927 074518.814 INFO             PET3     OCN-TO-ATM: InitializeIPDv05p2b intro.
20220927 074518.818 INFO             PET3       OCN-TO-ATM:      importStandardNameList(i=  1): sea_surface_temperature
20220927 074518.818 INFO             PET3       OCN-TO-ATM:         importNamespaceList(i=  1): OCN
20220927 074518.818 INFO             PET3       OCN-TO-ATM:            importCplSetList(i=  1): __UNSPECIFIED__
20220927 074518.818 INFO             PET3       OCN-TO-ATM:      exportStandardNameList(j=  1): sea_surface_temperature
20220927 074518.818 INFO             PET3       OCN-TO-ATM:         exportNamespaceList(j=  1): ATM
20220927 074518.818 INFO             PET3       OCN-TO-ATM:            exportCplSetList(j=  1): __UNSPECIFIED__
20220927 074518.818 INFO             PET3       OCN-TO-ATM: bondLevel= 1
20220927 074518.819 INFO             PET3       OCN-TO-ATM: => added cplList(  1)=sea_surface_temperature, cplSetList(  1)=__UNSPECIFIED__
20220927 074518.819 INFO             PET3     OCN-TO-ATM: InitializeIPDv05p2b extro.
20220927 074518.819 INFO             PET3     esm: IInitModifyCplLists intro.
20220927 074518.819 INFO             PET3     esm: IInitModifyCplLists extro.
20220927 074518.819 INFO             PET3     ATM-TO-OCN: InitializeIPDv05p3 intro.
20220927 074518.825 INFO             PET3       ATM-TO-OCN: handle cplList(1): air_pressure_at_sea_level, cplSetList(1): __UNSPECIFIED__
20220927 074518.825 INFO             PET3       ATM-TO-OCN: - connected.
20220927 074518.825 INFO             PET3       ATM-TO-OCN: - both sides must provide the Field/GeomObject.
20220927 074518.825 INFO             PET3       ATM-TO-OCN: handle cplList(2): surface_net_downward_shortwave_flux, cplSetList(2): __UNSPECIFIED__
20220927 074518.825 INFO             PET3       ATM-TO-OCN: - connected.
20220927 074518.826 INFO             PET3       ATM-TO-OCN: - both sides must provide the Field/GeomObject.
20220927 074518.826 INFO             PET3     ATM-TO-OCN: InitializeIPDv05p3 extro.
20220927 074518.826 INFO             PET3     OCN-TO-ATM: InitializeIPDv05p3 intro.
20220927 074518.831 INFO             PET3       OCN-TO-ATM: handle cplList(1): sea_surface_temperature, cplSetList(1): __UNSPECIFIED__
20220927 074518.831 INFO             PET3       OCN-TO-ATM: - connected.
20220927 074518.831 INFO             PET3       OCN-TO-ATM: - both sides must provide the Field/GeomObject.
20220927 074518.831 INFO             PET3     OCN-TO-ATM: InitializeIPDv05p3 extro.
20220927 074518.831 INFO             PET3     <<<esm: leaving Initialize (phase=<none>) with current time: 2010  6  1  0  0  0   0
20220927 074518.831 INFO             PET3   esm: InitializeIPDv02p1 extro.
20220927 074518.831 INFO             PET3   esm: InitializeIPDv02p3 intro.
20220927 074518.831 INFO             PET3     >>>esm: entered Initialize (phase=<none>) with current time: 2010  6  1  0  0  0   0
20220927 074518.832 INFO             PET3     esm: IInitCheck intro.
20220927 074518.832 INFO             PET3     esm: IInitCheck extro.
20220927 074518.832 INFO             PET3     ATM: InitializeIPDvXp04 intro.
20220927 074518.832 INFO             PET3       >>>ATM: entered Initialize (phase=IPDvXp04) without valid internal Clock.
20220927 074518.838 INFO             PET3       <<<ATM: leaving Initialize (phase=IPDvXp04) without valid internal Clock.
20220927 074518.838 INFO             PET3     ATM: InitializeIPDvXp04 extro.
20220927 074518.840 INFO             PET3     OCN: InitializeIPDvXp04 intro.
20220927 074518.840 INFO             PET3       >>>OCN: entered Initialize (phase=IPDvXp04) without valid internal Clock.
20220927 074518.847 INFO             PET3       <<<OCN: leaving Initialize (phase=IPDvXp04) without valid internal Clock.
20220927 074518.847 INFO             PET3     OCN: InitializeIPDvXp04 extro.
20220927 074518.849 INFO             PET3     ATM-TO-OCN: InitializeIPDv05p4 intro.
20220927 074518.857 INFO             PET3       ATM-TO-OCN: handle cplList(1): air_pressure_at_sea_level, cplSetList(1): __UNSPECIFIED__
20220927 074518.857 INFO             PET3       ATM-TO-OCN: - nothing shared or transferred
20220927 074518.857 INFO             PET3       ATM-TO-OCN: handle cplList(2): surface_net_downward_shortwave_flux, cplSetList(2): __UNSPECIFIED__
20220927 074518.857 INFO             PET3       ATM-TO-OCN: - nothing shared or transferred
20220927 074518.857 INFO             PET3     ATM-TO-OCN: InitializeIPDv05p4 extro.
20220927 074518.858 INFO             PET3     OCN-TO-ATM: InitializeIPDv05p4 intro.
20220927 074518.864 INFO             PET3       OCN-TO-ATM: handle cplList(1): sea_surface_temperature, cplSetList(1): __UNSPECIFIED__
20220927 074518.864 INFO             PET3       OCN-TO-ATM: - nothing shared or transferred
20220927 074518.864 INFO             PET3     OCN-TO-ATM: InitializeIPDv05p4 extro.
20220927 074518.864 INFO             PET3     ATM-TO-OCN: InitializeIPDv05p5 intro.
20220927 074518.872 INFO             PET3       ATM-TO-OCN: handle cplList(1): air_pressure_at_sea_level, cplSetList(1): __UNSPECIFIED__
20220927 074518.872 INFO             PET3       ATM-TO-OCN: - nothing shared or transferred, or may already be handled
20220927 074518.872 INFO             PET3       ATM-TO-OCN: handle cplList(2): surface_net_downward_shortwave_flux, cplSetList(2): __UNSPECIFIED__
20220927 074518.872 INFO             PET3       ATM-TO-OCN: - nothing shared or transferred, or may already be handled
20220927 074518.872 INFO             PET3     ATM-TO-OCN: InitializeIPDv05p5 extro.
20220927 074518.873 INFO             PET3     OCN-TO-ATM: InitializeIPDv05p5 intro.
20220927 074518.879 INFO             PET3       OCN-TO-ATM: handle cplList(1): sea_surface_temperature, cplSetList(1): __UNSPECIFIED__
20220927 074518.879 INFO             PET3       OCN-TO-ATM: - nothing shared or transferred, or may already be handled
20220927 074518.879 INFO             PET3     OCN-TO-ATM: InitializeIPDv05p5 extro.
20220927 074518.879 INFO             PET3     esm: IInitRealize intro.
20220927 074518.879 INFO             PET3     esm: IInitRealize extro.
20220927 074518.879 INFO             PET3     ATM-TO-OCN: InitializeIPDv05p6a intro.
20220927 074518.887 INFO             PET3     ATM-TO-OCN: InitializeIPDv05p6a extro.
20220927 074518.887 INFO             PET3     OCN-TO-ATM: InitializeIPDv05p6a intro.
20220927 074518.893 INFO             PET3     OCN-TO-ATM: InitializeIPDv05p6a extro.
20220927 074518.893 INFO             PET3     ATM-TO-OCN: InitializeIPDv05p6b intro.
20220927 074518.894 INFO             PET3       ATM-TO-OCN: handle cplList(1): air_pressure_at_sea_level, cplSetList(1): __UNSPECIFIED__
20220927 074518.894 INFO             PET3       ATM-TO-OCN: - no Field sharing between import and export side: remap.
