2022-10-24 11:42:32
20221024 191626.054 INFO             PET0 !!!!!!!!!!!!!!!!!!!!!!!!!!!!!!!!!!!!!!!!!!!!!!!!!!!!!!
20221024 191626.054 INFO             PET0 !!! THE ESMF_LOG IS SET TO OUTPUT ALL LOG MESSAGES !!!
20221024 191626.054 INFO             PET0 !!!     THIS MAY CAUSE SLOWDOWN IN PERFORMANCE     !!!
20221024 191626.054 INFO             PET0 !!! FOR PRODUCTION RUNS, USE:                      !!!
20221024 191626.054 INFO             PET0 !!!                   ESMF_LOGKIND_Multi_On_Error  !!!
20221024 191626.054 INFO             PET0 !!!!!!!!!!!!!!!!!!!!!!!!!!!!!!!!!!!!!!!!!!!!!!!!!!!!!!
20221024 191626.054 INFO             PET0 Running with ESMF Version   : v8.5.0b02
20221024 191626.054 INFO             PET0 ESMF library build date/time: "Oct 24 2022" "11:41:00"
20221024 191626.054 INFO             PET0 ESMF library build location : /global/cscratch1/sd/theurich/ESMF-Nightly-Testing/intel_19.1.2_mpi_g_develop/esmf
20221024 191626.054 INFO             PET0 ESMF_COMM                   : mpi
20221024 191626.056 INFO             PET0 ESMF_MOAB                   : enabled
20221024 191626.056 INFO             PET0 ESMF_LAPACK                 : enabled
20221024 191626.056 INFO             PET0 ESMF_NETCDF                 : enabled
20221024 191626.056 INFO             PET0 ESMF_PNETCDF                : disabled
20221024 191626.056 INFO             PET0 ESMF_PIO                    : enabled
20221024 191626.056 INFO             PET0 ESMF_YAMLCPP                : enabled
20221024 191626.057 INFO             PET0 esmApp STARTING
20221024 191626.061 INFO             PET0 esm: InitializeGeneric intro.
20221024 191626.061 INFO             PET0   esm: InitializeP0 intro.
20221024 191626.061 INFO             PET0   esm: InitializeP0 extro.
20221024 191626.061 INFO             PET0   esm: InitializeIPDv02p1 intro.
20221024 191626.061 INFO             PET0     >>>esm: entered Initialize (phase=<none>) without valid internal Clock.
20221024 191626.061 INFO             PET0     esm - Creating model component ATM with petList of size 2 :
20221024 191626.062 INFO             PET0           0      1
20221024 191626.063 INFO             PET0     esm - Creating model component OCN with petList of size 2 :
20221024 191626.063 INFO             PET0           2      3
20221024 191626.063 INFO             PET0     esm - Creating connector component ATM-TO-OCN with petList of size 4 :
20221024 191626.063 INFO             PET0           0      1      2      3
20221024 191626.068 INFO             PET0     esm - Creating connector component OCN-TO-ATM with petList of size 4 :
20221024 191626.068 INFO             PET0           2      3      0      1
20221024 191626.071 INFO             PET0     esm - Creating state: modelComp 1 Import State
20221024 191626.071 INFO             PET0     esm - Creating state: modelComp 1 Export State
20221024 191626.071 INFO             PET0     esm - Creating state: modelComp 2 Import State
20221024 191626.071 INFO             PET0     esm - Creating state: modelComp 2 Export State
20221024 191626.072 INFO             PET0     ATM: InitializeP0 intro.
20221024 191626.073 INFO             PET0     ATM: InitializeP0 extro.
20221024 191626.075 INFO             PET0     ATM-TO-OCN: InitializeP0 intro.
20221024 191626.075 INFO             PET0     ATM-TO-OCN: InitializeP0 extro.
20221024 191626.075 INFO             PET0     OCN-TO-ATM: InitializeP0 intro.
20221024 191626.076 INFO             PET0     OCN-TO-ATM: InitializeP0 extro.
20221024 191626.077 INFO             PET0     esm: IInitAdvertise intro.
20221024 191626.077 INFO             PET0     esm: IInitAdvertise extro.
20221024 191626.077 INFO             PET0     ATM: InitializeIPDvXp01 intro.
20221024 191626.079 INFO             PET0     ATM: InitializeIPDvXp01 extro.
20221024 191626.083 INFO             PET0     ATM-TO-OCN: InitializeIPDv05p1 intro.
20221024 191626.090 INFO             PET0     ATM-TO-OCN: InitializeIPDv05p1 extro.
20221024 191626.090 INFO             PET0     OCN-TO-ATM: InitializeIPDv05p1 intro.
20221024 191626.093 INFO             PET0     OCN-TO-ATM: InitializeIPDv05p1 extro.
20221024 191626.093 INFO             PET0     esm: IInitAdvertiseFinish intro.
20221024 191626.093 INFO             PET0     esm: IInitAdvertiseFinish extro.
20221024 191626.093 INFO             PET0     ATM-TO-OCN: InitializeIPDv05p2a intro.
20221024 191626.098 INFO             PET0     ATM-TO-OCN: InitializeIPDv05p2a extro.
20221024 191626.099 INFO             PET0     OCN-TO-ATM: InitializeIPDv05p2a intro.
20221024 191626.101 INFO             PET0     OCN-TO-ATM: InitializeIPDv05p2a extro.
20221024 191626.101 INFO             PET0     ATM-TO-OCN: InitializeIPDv05p2b intro.
20221024 191626.107 INFO             PET0     ATM-TO-OCN: InitializeIPDv05p2b extro.
20221024 191626.107 INFO             PET0     OCN-TO-ATM: InitializeIPDv05p2b intro.
20221024 191626.110 INFO             PET0     OCN-TO-ATM: InitializeIPDv05p2b extro.
20221024 191626.110 INFO             PET0     esm: IInitModifyCplLists intro.
20221024 191626.110 INFO             PET0       Driver is in ModifyCplLists()
20221024 191626.110 INFO             PET0        Found            2  Connectors. Modifying CplList Attribute....
20221024 191626.110 INFO             PET0     esm: IInitModifyCplLists extro.
20221024 191626.110 INFO             PET0     ATM-TO-OCN: InitializeIPDv05p3 intro.
20221024 191626.116 INFO             PET0     ATM-TO-OCN: InitializeIPDv05p3 extro.
20221024 191626.116 INFO             PET0     OCN-TO-ATM: InitializeIPDv05p3 intro.
20221024 191626.119 INFO             PET0     OCN-TO-ATM: InitializeIPDv05p3 extro.
20221024 191626.119 INFO             PET0     <<<esm: leaving Initialize (phase=<none>) with current time: 2010  6  1  0  0  0   0
20221024 191626.119 INFO             PET0   esm: InitializeIPDv02p1 extro.
20221024 191626.119 INFO             PET0   esm: InitializeIPDv02p3 intro.
20221024 191626.119 INFO             PET0     >>>esm: entered Initialize (phase=<none>) with current time: 2010  6  1  0  0  0   0
20221024 191626.120 INFO             PET0     esm: IInitCheck intro.
20221024 191626.120 INFO             PET0     esm: IInitCheck extro.
20221024 191626.120 INFO             PET0     ATM: InitializeIPDvXp04 intro.
20221024 191626.127 INFO             PET0     ATM: InitializeIPDvXp04 extro.
20221024 191626.136 INFO             PET0     ATM-TO-OCN: InitializeIPDv05p4 intro.
20221024 191626.151 INFO             PET0     ATM-TO-OCN: InitializeIPDv05p4 extro.
20221024 191626.151 INFO             PET0     OCN-TO-ATM: InitializeIPDv05p4 intro.
20221024 191626.160 INFO             PET0     OCN-TO-ATM: InitializeIPDv05p4 extro.
20221024 191626.160 INFO             PET0     ATM-TO-OCN: InitializeIPDv05p5 intro.
20221024 191626.175 INFO             PET0     ATM-TO-OCN: InitializeIPDv05p5 extro.
20221024 191626.175 INFO             PET0     OCN-TO-ATM: InitializeIPDv05p5 intro.
20221024 191626.183 INFO             PET0     OCN-TO-ATM: InitializeIPDv05p5 extro.
20221024 191626.183 INFO             PET0     esm: IInitRealize intro.
20221024 191626.183 INFO             PET0     esm: IInitRealize extro.
20221024 191626.184 INFO             PET0     ATM-TO-OCN: InitializeIPDv05p6a intro.
20221024 191626.193 INFO             PET0     ATM-TO-OCN: InitializeIPDv05p6a extro.
20221024 191626.194 INFO             PET0     OCN-TO-ATM: InitializeIPDv05p6a intro.
20221024 191626.198 INFO             PET0     OCN-TO-ATM: InitializeIPDv05p6a extro.
20221024 191626.198 INFO             PET0     ATM-TO-OCN: InitializeIPDv05p6b intro.
20221024 191626.216 INFO             PET0     ATM-TO-OCN: InitializeIPDv05p6b extro.
20221024 191626.216 INFO             PET0     OCN-TO-ATM: InitializeIPDv05p6b intro.
20221024 191626.230 INFO             PET0     OCN-TO-ATM: InitializeIPDv05p6b extro.
20221024 191626.230 INFO             PET0     ATM: InitializeIPDvXp07 intro.
20221024 191626.230 INFO             PET0     ATM: InitializeIPDvXp07 extro.
20221024 191626.231 INFO             PET0     <<<esm: leaving Initialize (phase=<none>) with current time: 2010  6  1  0  0  0   0
20221024 191626.231 INFO             PET0   esm: InitializeIPDv02p3 extro.
20221024 191626.231 INFO             PET0   esm: InitializeIPDv02p5 intro.
20221024 191626.231 INFO             PET0     >>>esm: entered Initialize (phase=<none>) with current time: 2010  6  1  0  0  0   0
20221024 191626.231 INFO             PET0     esm: this is a top level driver, no 'Updated' and 'InitializeDataComplete' info on this level.
20221024 191626.231 INFO             PET0     esm: InitializeIPDv02p5Data intro.
20221024 191626.231 INFO             PET0       esm: InternalInitializeComplete intro.
20221024 191626.231 INFO             PET0         esm: InitializeDataComplete='true'
20221024 191626.231 INFO             PET0       esm: InternalInitializeComplete extro.
20221024 191626.231 INFO             PET0       ATM: InitializeIPDv01p5 intro.
20221024 191626.232 INFO             PET0       ATM: InitializeIPDv01p5 extro.
20221024 191626.232 INFO             PET0       esm: components present that trigger loopDataDependentInitialize().
20221024 191626.232 INFO             PET0       esm: loopDataDependentInitialize intro.
20221024 191626.232 INFO             PET0         esm: component    0=esm, dataComplete (local): true
20221024 191626.232 INFO             PET0         esm: component    0=esm, dataComplete (global):  T
20221024 191626.232 INFO             PET0         esm: component    1=ATM, dataComplete (local): true
20221024 191626.232 INFO             PET0         esm: component    1=ATM, dataComplete (global):  T
20221024 191626.232 INFO             PET0         esm: component    2=OCN, dataComplete (local): true
20221024 191626.232 INFO             PET0         esm: component    2=OCN, dataComplete (global):  T
20221024 191626.232 INFO             PET0         esm: someProgress= F, allComplete= T, present(dataDepAllComplete)= T
20221024 191626.232 INFO             PET0         esm: finished resolving initialize data dependencies on this level.
20221024 191626.232 INFO             PET0       esm: loopDataDependentInitialize extro.
20221024 191626.232 INFO             PET0       esm: loopDataDependentInitialize() returned with dataDepAllComplete:  T
20221024 191626.232 INFO             PET0     esm: InitializeIPDv02p5Data extro.
20221024 191626.232 INFO             PET0     <<<esm: leaving Initialize (phase=<none>) with current time: 2010  6  1  0  0  0   0
20221024 191626.232 INFO             PET0   esm: InitializeIPDv02p5 extro.
20221024 191626.232 INFO             PET0 esm: InitializeGeneric extro.
20221024 191626.233 INFO             PET0 esm: Run intro.
20221024 191626.233 INFO             PET0   >>>esm entered Run (phase=RunPhase1) with current time: 2010  6  1  0  0  0   0
20221024 191626.233 INFO             PET0   esm: after lable_SetRunClock, current time: 2010  6  1  0  0  0   0
20221024 191626.233 INFO             PET0   esm: begin -------> RunSequence.
20221024 191626.233 INFO             PET0     esm: RunSequence event loopLevel=   1  levelMember=   1  loopIteration=   1, current time: 2010  6  1  0  0  0   0
20221024 191626.233 INFO             PET0     ATM-TO-OCN: Run intro.
20221024 191626.233 INFO             PET0     ATM-TO-OCN: Run extro.
20221024 191626.233 INFO             PET0     OCN-TO-ATM: Run intro.
20221024 191626.233 INFO             PET0     OCN-TO-ATM: Run extro.
20221024 191626.233 INFO             PET0     ATM: Run intro.
20221024 191626.237 INFO             PET0       ------>Advancing ATM from: 2010  6  1  0  0  0   0
20221024 191626.237 INFO             PET0       ---------------------> to: 2010  6  1  0 15  0   0
20221024 191626.237 INFO             PET0     ATM: Run extro.
20221024 191626.237 INFO             PET0     esm: RunSequence event loopLevel=   1  levelMember=   1  loopIteration=   2, current time: 2010  6  1  0 15  0   0
20221024 191626.237 INFO             PET0     ATM-TO-OCN: Run intro.
20221024 191626.237 INFO             PET0     ATM-TO-OCN: Run extro.
20221024 191626.237 INFO             PET0     OCN-TO-ATM: Run intro.
20221024 191626.271 INFO             PET0     OCN-TO-ATM: Run extro.
20221024 191626.271 INFO             PET0     ATM: Run intro.
20221024 191626.271 INFO             PET0       ------>Advancing ATM from: 2010  6  1  0 15  0   0
20221024 191626.271 INFO             PET0       ---------------------> to: 2010  6  1  0 30  0   0
20221024 191626.271 INFO             PET0     ATM: Run extro.
20221024 191626.271 INFO             PET0     esm: RunSequence event loopLevel=   1  levelMember=   1  loopIteration=   3, current time: 2010  6  1  0 30  0   0
20221024 191626.271 INFO             PET0     ATM-TO-OCN: Run intro.
20221024 191626.272 INFO             PET0     ATM-TO-OCN: Run extro.
20221024 191626.272 INFO             PET0     OCN-TO-ATM: Run intro.
20221024 191626.278 INFO             PET0     OCN-TO-ATM: Run extro.
20221024 191626.278 INFO             PET0     ATM: Run intro.
20221024 191626.279 INFO             PET0       ------>Advancing ATM from: 2010  6  1  0 30  0   0
20221024 191626.279 INFO             PET0       ---------------------> to: 2010  6  1  0 45  0   0
20221024 191626.279 INFO             PET0     ATM: Run extro.
20221024 191626.279 INFO             PET0     esm: RunSequence event loopLevel=   1  levelMember=   1  loopIteration=   4, current time: 2010  6  1  0 45  0   0
20221024 191626.279 INFO             PET0     ATM-TO-OCN: Run intro.
20221024 191626.279 INFO             PET0     ATM-TO-OCN: Run extro.
20221024 191626.279 INFO             PET0     OCN-TO-ATM: Run intro.
20221024 191626.285 INFO             PET0     OCN-TO-ATM: Run extro.
20221024 191626.285 INFO             PET0     ATM: Run intro.
20221024 191626.285 INFO             PET0       ------>Advancing ATM from: 2010  6  1  0 45  0   0
20221024 191626.285 INFO             PET0       ---------------------> to: 2010  6  1  1  0  0   0
20221024 191626.285 INFO             PET0     ATM: Run extro.
20221024 191626.285 INFO             PET0   esm: end <--------- RunSequence
20221024 191626.285 INFO             PET0   <<<esm - leaving Run with current time: 2010  6  1  1  0  0   0
20221024 191626.285 INFO             PET0 esm: Run extro.
20221024 191626.286 INFO             PET0 esm: Finalize intro.
20221024 191626.286 INFO             PET0   Calling Finalize phase 1 for connectorComp: ATM-TO-OCN
20221024 191626.286 INFO             PET0   ATM-TO-OCN: Finalize intro.
20221024 191626.286 INFO             PET0   ATM-TO-OCN: Finalize extro.
20221024 191626.286 INFO             PET0   Calling Finalize phase 1 for connectorComp: OCN-TO-ATM
20221024 191626.286 INFO             PET0   OCN-TO-ATM: Finalize intro.
20221024 191626.286 INFO             PET0   OCN-TO-ATM: Finalize extro.
20221024 191626.286 INFO             PET0   Calling Finalize phase 1 for modelComp: ATM
20221024 191626.286 INFO             PET0   ATM: Finalize intro.
20221024 191626.286 INFO             PET0   ATM: Finalize extro.
20221024 191626.286 INFO             PET0   Calling Finalize phase 1 for modelComp: OCN
20221024 191626.286 INFO             PET0   Delete modelComp: ATM
20221024 191626.286 INFO             PET0   Delete Import-/Export State for modelComp: ATM
20221024 191626.286 INFO             PET0   Delete modelComp: OCN
20221024 191626.286 INFO             PET0   Delete Import-/Export State for modelComp: OCN
20221024 191626.286 INFO             PET0   Delete connectorComp: ATM-TO-OCN
20221024 191626.286 INFO             PET0   Delete connectorComp: OCN-TO-ATM
20221024 191626.286 INFO             PET0 esm: Finalize extro.
20221024 191626.287 INFO             PET0 esmApp FINISHED
20221024 191626.287 INFO             PET0 Finalizing ESMF
20221024 191626.054 INFO             PET1 !!!!!!!!!!!!!!!!!!!!!!!!!!!!!!!!!!!!!!!!!!!!!!!!!!!!!!
20221024 191626.055 INFO             PET1 !!! THE ESMF_LOG IS SET TO OUTPUT ALL LOG MESSAGES !!!
20221024 191626.055 INFO             PET1 !!!     THIS MAY CAUSE SLOWDOWN IN PERFORMANCE     !!!
20221024 191626.055 INFO             PET1 !!! FOR PRODUCTION RUNS, USE:                      !!!
20221024 191626.055 INFO             PET1 !!!                   ESMF_LOGKIND_Multi_On_Error  !!!
20221024 191626.055 INFO             PET1 !!!!!!!!!!!!!!!!!!!!!!!!!!!!!!!!!!!!!!!!!!!!!!!!!!!!!!
20221024 191626.055 INFO             PET1 Running with ESMF Version   : v8.5.0b02
20221024 191626.055 INFO             PET1 ESMF library build date/time: "Oct 24 2022" "11:41:00"
20221024 191626.055 INFO             PET1 ESMF library build location : /global/cscratch1/sd/theurich/ESMF-Nightly-Testing/intel_19.1.2_mpi_g_develop/esmf
20221024 191626.055 INFO             PET1 ESMF_COMM                   : mpi
20221024 191626.056 INFO             PET1 ESMF_MOAB                   : enabled
20221024 191626.056 INFO             PET1 ESMF_LAPACK                 : enabled
20221024 191626.056 INFO             PET1 ESMF_NETCDF                 : enabled
20221024 191626.056 INFO             PET1 ESMF_PNETCDF                : disabled
20221024 191626.056 INFO             PET1 ESMF_PIO                    : enabled
20221024 191626.056 INFO             PET1 ESMF_YAMLCPP                : enabled
20221024 191626.057 INFO             PET1 esmApp STARTING
20221024 191626.060 INFO             PET1 esm: InitializeGeneric intro.
20221024 191626.060 INFO             PET1   esm: InitializeP0 intro.
20221024 191626.060 INFO             PET1   esm: InitializeP0 extro.
20221024 191626.060 INFO             PET1   esm: InitializeIPDv02p1 intro.
20221024 191626.060 INFO             PET1     >>>esm: entered Initialize (phase=<none>) without valid internal Clock.
20221024 191626.061 INFO             PET1     esm - Creating model component ATM with petList of size 2 :
20221024 191626.061 INFO             PET1           0      1
20221024 191626.063 INFO             PET1     esm - Creating model component OCN with petList of size 2 :
20221024 191626.063 INFO             PET1           2      3
20221024 191626.063 INFO             PET1     esm - Creating connector component ATM-TO-OCN with petList of size 4 :
20221024 191626.063 INFO             PET1           0      1      2      3
20221024 191626.067 INFO             PET1     esm - Creating connector component OCN-TO-ATM with petList of size 4 :
20221024 191626.067 INFO             PET1           2      3      0      1
20221024 191626.070 INFO             PET1     esm - Creating state: modelComp 1 Import State
20221024 191626.070 INFO             PET1     esm - Creating state: modelComp 1 Export State
20221024 191626.070 INFO             PET1     esm - Creating state: modelComp 2 Import State
20221024 191626.070 INFO             PET1     esm - Creating state: modelComp 2 Export State
20221024 191626.070 INFO             PET1     ATM: InitializeP0 intro.
20221024 191626.071 INFO             PET1     ATM: InitializeP0 extro.
20221024 191626.075 INFO             PET1     ATM-TO-OCN: InitializeP0 intro.
20221024 191626.075 INFO             PET1     ATM-TO-OCN: InitializeP0 extro.
20221024 191626.075 INFO             PET1     OCN-TO-ATM: InitializeP0 intro.
20221024 191626.076 INFO             PET1     OCN-TO-ATM: InitializeP0 extro.
20221024 191626.076 INFO             PET1     esm: IInitAdvertise intro.
20221024 191626.076 INFO             PET1     esm: IInitAdvertise extro.
20221024 191626.077 INFO             PET1     ATM: InitializeIPDvXp01 intro.
20221024 191626.078 INFO             PET1     ATM: InitializeIPDvXp01 extro.
20221024 191626.083 INFO             PET1     ATM-TO-OCN: InitializeIPDv05p1 intro.
20221024 191626.090 INFO             PET1     ATM-TO-OCN: InitializeIPDv05p1 extro.
20221024 191626.090 INFO             PET1     OCN-TO-ATM: InitializeIPDv05p1 intro.
20221024 191626.093 INFO             PET1     OCN-TO-ATM: InitializeIPDv05p1 extro.
20221024 191626.093 INFO             PET1     esm: IInitAdvertiseFinish intro.
20221024 191626.093 INFO             PET1     esm: IInitAdvertiseFinish extro.
20221024 191626.093 INFO             PET1     ATM-TO-OCN: InitializeIPDv05p2a intro.
20221024 191626.098 INFO             PET1     ATM-TO-OCN: InitializeIPDv05p2a extro.
20221024 191626.098 INFO             PET1     OCN-TO-ATM: InitializeIPDv05p2a intro.
20221024 191626.101 INFO             PET1     OCN-TO-ATM: InitializeIPDv05p2a extro.
20221024 191626.101 INFO             PET1     ATM-TO-OCN: InitializeIPDv05p2b intro.
20221024 191626.106 INFO             PET1     ATM-TO-OCN: InitializeIPDv05p2b extro.
20221024 191626.106 INFO             PET1     OCN-TO-ATM: InitializeIPDv05p2b intro.
20221024 191626.109 INFO             PET1     OCN-TO-ATM: InitializeIPDv05p2b extro.
20221024 191626.110 INFO             PET1     esm: IInitModifyCplLists intro.
20221024 191626.110 INFO             PET1       Driver is in ModifyCplLists()
20221024 191626.110 INFO             PET1        Found            2  Connectors. Modifying CplList Attribute....
20221024 191626.110 INFO             PET1     esm: IInitModifyCplLists extro.
20221024 191626.110 INFO             PET1     ATM-TO-OCN: InitializeIPDv05p3 intro.
20221024 191626.116 INFO             PET1     ATM-TO-OCN: InitializeIPDv05p3 extro.
20221024 191626.116 INFO             PET1     OCN-TO-ATM: InitializeIPDv05p3 intro.
20221024 191626.119 INFO             PET1     OCN-TO-ATM: InitializeIPDv05p3 extro.
20221024 191626.119 INFO             PET1     <<<esm: leaving Initialize (phase=<none>) with current time: 2010  6  1  0  0  0   0
20221024 191626.119 INFO             PET1   esm: InitializeIPDv02p1 extro.
20221024 191626.119 INFO             PET1   esm: InitializeIPDv02p3 intro.
20221024 191626.119 INFO             PET1     >>>esm: entered Initialize (phase=<none>) with current time: 2010  6  1  0  0  0   0
20221024 191626.119 INFO             PET1     esm: IInitCheck intro.
20221024 191626.119 INFO             PET1     esm: IInitCheck extro.
20221024 191626.119 INFO             PET1     ATM: InitializeIPDvXp04 intro.
20221024 191626.124 INFO             PET1     ATM: InitializeIPDvXp04 extro.
20221024 191626.136 INFO             PET1     ATM-TO-OCN: InitializeIPDv05p4 intro.
20221024 191626.151 INFO             PET1     ATM-TO-OCN: InitializeIPDv05p4 extro.
20221024 191626.151 INFO             PET1     OCN-TO-ATM: InitializeIPDv05p4 intro.
20221024 191626.159 INFO             PET1     OCN-TO-ATM: InitializeIPDv05p4 extro.
20221024 191626.160 INFO             PET1     ATM-TO-OCN: InitializeIPDv05p5 intro.
20221024 191626.174 INFO             PET1     ATM-TO-OCN: InitializeIPDv05p5 extro.
20221024 191626.175 INFO             PET1     OCN-TO-ATM: InitializeIPDv05p5 intro.
20221024 191626.183 INFO             PET1     OCN-TO-ATM: InitializeIPDv05p5 extro.
20221024 191626.183 INFO             PET1     esm: IInitRealize intro.
20221024 191626.183 INFO             PET1     esm: IInitRealize extro.
20221024 191626.183 INFO             PET1     ATM-TO-OCN: InitializeIPDv05p6a intro.
20221024 191626.193 INFO             PET1     ATM-TO-OCN: InitializeIPDv05p6a extro.
20221024 191626.193 INFO             PET1     OCN-TO-ATM: InitializeIPDv05p6a intro.
20221024 191626.198 INFO             PET1     OCN-TO-ATM: InitializeIPDv05p6a extro.
20221024 191626.198 INFO             PET1     ATM-TO-OCN: InitializeIPDv05p6b intro.
20221024 191626.216 INFO             PET1     ATM-TO-OCN: InitializeIPDv05p6b extro.
20221024 191626.216 INFO             PET1     OCN-TO-ATM: InitializeIPDv05p6b intro.
20221024 191626.230 INFO             PET1     OCN-TO-ATM: InitializeIPDv05p6b extro.
20221024 191626.230 INFO             PET1     ATM: InitializeIPDvXp07 intro.
20221024 191626.230 INFO             PET1     ATM: InitializeIPDvXp07 extro.
20221024 191626.231 INFO             PET1     <<<esm: leaving Initialize (phase=<none>) with current time: 2010  6  1  0  0  0   0
20221024 191626.231 INFO             PET1   esm: InitializeIPDv02p3 extro.
20221024 191626.231 INFO             PET1   esm: InitializeIPDv02p5 intro.
20221024 191626.231 INFO             PET1     >>>esm: entered Initialize (phase=<none>) with current time: 2010  6  1  0  0  0   0
20221024 191626.231 INFO             PET1     esm: this is a top level driver, no 'Updated' and 'InitializeDataComplete' info on this level.
20221024 191626.231 INFO             PET1     esm: InitializeIPDv02p5Data intro.
20221024 191626.231 INFO             PET1       esm: InternalInitializeComplete intro.
20221024 191626.231 INFO             PET1         esm: InitializeDataComplete='true'
20221024 191626.231 INFO             PET1       esm: InternalInitializeComplete extro.
20221024 191626.231 INFO             PET1       ATM: InitializeIPDv01p5 intro.
20221024 191626.232 INFO             PET1       ATM: InitializeIPDv01p5 extro.
20221024 191626.232 INFO             PET1       esm: components present that trigger loopDataDependentInitialize().
20221024 191626.232 INFO             PET1       esm: loopDataDependentInitialize intro.
20221024 191626.232 INFO             PET1         esm: component    0=esm, dataComplete (local): true
20221024 191626.232 INFO             PET1         esm: component    0=esm, dataComplete (global):  T
20221024 191626.232 INFO             PET1         esm: component    1=ATM, dataComplete (local): true
20221024 191626.232 INFO             PET1         esm: component    1=ATM, dataComplete (global):  T
20221024 191626.232 INFO             PET1         esm: component    2=OCN, dataComplete (local): true
20221024 191626.232 INFO             PET1         esm: component    2=OCN, dataComplete (global):  T
20221024 191626.232 INFO             PET1         esm: someProgress= F, allComplete= T, present(dataDepAllComplete)= T
20221024 191626.232 INFO             PET1         esm: finished resolving initialize data dependencies on this level.
20221024 191626.232 INFO             PET1       esm: loopDataDependentInitialize extro.
20221024 191626.232 INFO             PET1       esm: loopDataDependentInitialize() returned with dataDepAllComplete:  T
20221024 191626.232 INFO             PET1     esm: InitializeIPDv02p5Data extro.
20221024 191626.232 INFO             PET1     <<<esm: leaving Initialize (phase=<none>) with current time: 2010  6  1  0  0  0   0
20221024 191626.232 INFO             PET1   esm: InitializeIPDv02p5 extro.
20221024 191626.232 INFO             PET1 esm: InitializeGeneric extro.
20221024 191626.233 INFO             PET1 esm: Run intro.
20221024 191626.233 INFO             PET1   >>>esm entered Run (phase=RunPhase1) with current time: 2010  6  1  0  0  0   0
20221024 191626.233 INFO             PET1   esm: after lable_SetRunClock, current time: 2010  6  1  0  0  0   0
20221024 191626.233 INFO             PET1   esm: begin -------> RunSequence.
20221024 191626.233 INFO             PET1     esm: RunSequence event loopLevel=   1  levelMember=   1  loopIteration=   1, current time: 2010  6  1  0  0  0   0
20221024 191626.233 INFO             PET1     ATM-TO-OCN: Run intro.
20221024 191626.233 INFO             PET1     ATM-TO-OCN: Run extro.
20221024 191626.233 INFO             PET1     OCN-TO-ATM: Run intro.
20221024 191626.233 INFO             PET1     OCN-TO-ATM: Run extro.
20221024 191626.233 INFO             PET1     ATM: Run intro.
20221024 191626.237 INFO             PET1       ------>Advancing ATM from: 2010  6  1  0  0  0   0
20221024 191626.237 INFO             PET1       ---------------------> to: 2010  6  1  0 15  0   0
20221024 191626.237 INFO             PET1     ATM: Run extro.
20221024 191626.237 INFO             PET1     esm: RunSequence event loopLevel=   1  levelMember=   1  loopIteration=   2, current time: 2010  6  1  0 15  0   0
20221024 191626.237 INFO             PET1     ATM-TO-OCN: Run intro.
20221024 191626.237 INFO             PET1     ATM-TO-OCN: Run extro.
20221024 191626.237 INFO             PET1     OCN-TO-ATM: Run intro.
20221024 191626.271 INFO             PET1     OCN-TO-ATM: Run extro.
20221024 191626.271 INFO             PET1     ATM: Run intro.
20221024 191626.271 INFO             PET1       ------>Advancing ATM from: 2010  6  1  0 15  0   0
20221024 191626.271 INFO             PET1       ---------------------> to: 2010  6  1  0 30  0   0
20221024 191626.271 INFO             PET1     ATM: Run extro.
20221024 191626.271 INFO             PET1     esm: RunSequence event loopLevel=   1  levelMember=   1  loopIteration=   3, current time: 2010  6  1  0 30  0   0
20221024 191626.271 INFO             PET1     ATM-TO-OCN: Run intro.
20221024 191626.272 INFO             PET1     ATM-TO-OCN: Run extro.
20221024 191626.272 INFO             PET1     OCN-TO-ATM: Run intro.
20221024 191626.278 INFO             PET1     OCN-TO-ATM: Run extro.
20221024 191626.278 INFO             PET1     ATM: Run intro.
20221024 191626.279 INFO             PET1       ------>Advancing ATM from: 2010  6  1  0 30  0   0
20221024 191626.279 INFO             PET1       ---------------------> to: 2010  6  1  0 45  0   0
20221024 191626.279 INFO             PET1     ATM: Run extro.
20221024 191626.279 INFO             PET1     esm: RunSequence event loopLevel=   1  levelMember=   1  loopIteration=   4, current time: 2010  6  1  0 45  0   0
20221024 191626.279 INFO             PET1     ATM-TO-OCN: Run intro.
20221024 191626.279 INFO             PET1     ATM-TO-OCN: Run extro.
20221024 191626.279 INFO             PET1     OCN-TO-ATM: Run intro.
20221024 191626.285 INFO             PET1     OCN-TO-ATM: Run extro.
20221024 191626.285 INFO             PET1     ATM: Run intro.
20221024 191626.285 INFO             PET1       ------>Advancing ATM from: 2010  6  1  0 45  0   0
20221024 191626.285 INFO             PET1       ---------------------> to: 2010  6  1  1  0  0   0
20221024 191626.285 INFO             PET1     ATM: Run extro.
20221024 191626.285 INFO             PET1   esm: end <--------- RunSequence
20221024 191626.285 INFO             PET1   <<<esm - leaving Run with current time: 2010  6  1  1  0  0   0
20221024 191626.285 INFO             PET1 esm: Run extro.
20221024 191626.285 INFO             PET1 esm: Finalize intro.
20221024 191626.285 INFO             PET1   Calling Finalize phase 1 for connectorComp: ATM-TO-OCN
20221024 191626.285 INFO             PET1   ATM-TO-OCN: Finalize intro.
20221024 191626.286 INFO             PET1   ATM-TO-OCN: Finalize extro.
20221024 191626.286 INFO             PET1   Calling Finalize phase 1 for connectorComp: OCN-TO-ATM
20221024 191626.286 INFO             PET1   OCN-TO-ATM: Finalize intro.
20221024 191626.286 INFO             PET1   OCN-TO-ATM: Finalize extro.
20221024 191626.286 INFO             PET1   Calling Finalize phase 1 for modelComp: ATM
20221024 191626.286 INFO             PET1   ATM: Finalize intro.
20221024 191626.286 INFO             PET1   ATM: Finalize extro.
20221024 191626.286 INFO             PET1   Calling Finalize phase 1 for modelComp: OCN
20221024 191626.286 INFO             PET1   Delete modelComp: ATM
20221024 191626.286 INFO             PET1   Delete Import-/Export State for modelComp: ATM
20221024 191626.286 INFO             PET1   Delete modelComp: OCN
20221024 191626.286 INFO             PET1   Delete Import-/Export State for modelComp: OCN
20221024 191626.286 INFO             PET1   Delete connectorComp: ATM-TO-OCN
20221024 191626.286 INFO             PET1   Delete connectorComp: OCN-TO-ATM
20221024 191626.286 INFO             PET1 esm: Finalize extro.
20221024 191626.286 INFO             PET1 esmApp FINISHED
20221024 191626.286 INFO             PET1 Finalizing ESMF
20221024 191626.054 INFO             PET2 !!!!!!!!!!!!!!!!!!!!!!!!!!!!!!!!!!!!!!!!!!!!!!!!!!!!!!
20221024 191626.054 INFO             PET2 !!! THE ESMF_LOG IS SET TO OUTPUT ALL LOG MESSAGES !!!
20221024 191626.054 INFO             PET2 !!!     THIS MAY CAUSE SLOWDOWN IN PERFORMANCE     !!!
20221024 191626.054 INFO             PET2 !!! FOR PRODUCTION RUNS, USE:                      !!!
20221024 191626.054 INFO             PET2 !!!                   ESMF_LOGKIND_Multi_On_Error  !!!
20221024 191626.054 INFO             PET2 !!!!!!!!!!!!!!!!!!!!!!!!!!!!!!!!!!!!!!!!!!!!!!!!!!!!!!
20221024 191626.054 INFO             PET2 Running with ESMF Version   : v8.5.0b02
20221024 191626.054 INFO             PET2 ESMF library build date/time: "Oct 24 2022" "11:41:00"
20221024 191626.054 INFO             PET2 ESMF library build location : /global/cscratch1/sd/theurich/ESMF-Nightly-Testing/intel_19.1.2_mpi_g_develop/esmf
20221024 191626.054 INFO             PET2 ESMF_COMM                   : mpi
20221024 191626.056 INFO             PET2 ESMF_MOAB                   : enabled
20221024 191626.056 INFO             PET2 ESMF_LAPACK                 : enabled
20221024 191626.056 INFO             PET2 ESMF_NETCDF                 : enabled
20221024 191626.056 INFO             PET2 ESMF_PNETCDF                : disabled
20221024 191626.056 INFO             PET2 ESMF_PIO                    : enabled
20221024 191626.056 INFO             PET2 ESMF_YAMLCPP                : enabled
20221024 191626.057 INFO             PET2 esmApp STARTING
20221024 191626.061 INFO             PET2 esm: InitializeGeneric intro.
20221024 191626.061 INFO             PET2   esm: InitializeP0 intro.
20221024 191626.061 INFO             PET2   esm: InitializeP0 extro.
20221024 191626.061 INFO             PET2   esm: InitializeIPDv02p1 intro.
20221024 191626.061 INFO             PET2     >>>esm: entered Initialize (phase=<none>) without valid internal Clock.
20221024 191626.061 INFO             PET2     esm - Creating model component ATM with petList of size 2 :
20221024 191626.062 INFO             PET2           0      1
20221024 191626.063 INFO             PET2     esm - Creating model component OCN with petList of size 2 :
20221024 191626.063 INFO             PET2           2      3
20221024 191626.065 INFO             PET2     esm - Creating connector component ATM-TO-OCN with petList of size 4 :
20221024 191626.065 INFO             PET2           0      1      2      3
20221024 191626.068 INFO             PET2     esm - Creating connector component OCN-TO-ATM with petList of size 4 :
20221024 191626.068 INFO             PET2           2      3      0      1
20221024 191626.071 INFO             PET2     esm - Creating state: modelComp 1 Import State
20221024 191626.071 INFO             PET2     esm - Creating state: modelComp 1 Export State
20221024 191626.071 INFO             PET2     esm - Creating state: modelComp 2 Import State
20221024 191626.071 INFO             PET2     esm - Creating state: modelComp 2 Export State
20221024 191626.074 INFO             PET2     OCN: InitializeP0 intro.
20221024 191626.074 INFO             PET2     OCN: InitializeP0 extro.
20221024 191626.075 INFO             PET2     ATM-TO-OCN: InitializeP0 intro.
20221024 191626.075 INFO             PET2     ATM-TO-OCN: InitializeP0 extro.
20221024 191626.075 INFO             PET2     OCN-TO-ATM: InitializeP0 intro.
20221024 191626.076 INFO             PET2     OCN-TO-ATM: InitializeP0 extro.
20221024 191626.077 INFO             PET2     esm: IInitAdvertise intro.
20221024 191626.077 INFO             PET2     esm: IInitAdvertise extro.
20221024 191626.080 INFO             PET2     OCN: InitializeIPDvXp01 intro.
20221024 191626.082 INFO             PET2     OCN: InitializeIPDvXp01 extro.
20221024 191626.083 INFO             PET2     ATM-TO-OCN: InitializeIPDv05p1 intro.
20221024 191626.090 INFO             PET2     ATM-TO-OCN: InitializeIPDv05p1 extro.
20221024 191626.090 INFO             PET2     OCN-TO-ATM: InitializeIPDv05p1 intro.
20221024 191626.093 INFO             PET2     OCN-TO-ATM: InitializeIPDv05p1 extro.
20221024 191626.093 INFO             PET2     esm: IInitAdvertiseFinish intro.
20221024 191626.093 INFO             PET2     esm: IInitAdvertiseFinish extro.
20221024 191626.093 INFO             PET2     ATM-TO-OCN: InitializeIPDv05p2a intro.
20221024 191626.098 INFO             PET2     ATM-TO-OCN: InitializeIPDv05p2a extro.
20221024 191626.099 INFO             PET2     OCN-TO-ATM: InitializeIPDv05p2a intro.
20221024 191626.101 INFO             PET2     OCN-TO-ATM: InitializeIPDv05p2a extro.
20221024 191626.101 INFO             PET2     ATM-TO-OCN: InitializeIPDv05p2b intro.
20221024 191626.107 INFO             PET2     ATM-TO-OCN: InitializeIPDv05p2b extro.
20221024 191626.107 INFO             PET2     OCN-TO-ATM: InitializeIPDv05p2b intro.
20221024 191626.110 INFO             PET2     OCN-TO-ATM: InitializeIPDv05p2b extro.
20221024 191626.110 INFO             PET2     esm: IInitModifyCplLists intro.
20221024 191626.110 INFO             PET2       Driver is in ModifyCplLists()
20221024 191626.110 INFO             PET2        Found            2  Connectors. Modifying CplList Attribute....
20221024 191626.110 INFO             PET2     esm: IInitModifyCplLists extro.
20221024 191626.110 INFO             PET2     ATM-TO-OCN: InitializeIPDv05p3 intro.
20221024 191626.116 INFO             PET2     ATM-TO-OCN: InitializeIPDv05p3 extro.
20221024 191626.116 INFO             PET2     OCN-TO-ATM: InitializeIPDv05p3 intro.
20221024 191626.119 INFO             PET2     OCN-TO-ATM: InitializeIPDv05p3 extro.
20221024 191626.119 INFO             PET2     <<<esm: leaving Initialize (phase=<none>) with current time: 2010  6  1  0  0  0   0
20221024 191626.119 INFO             PET2   esm: InitializeIPDv02p1 extro.
20221024 191626.119 INFO             PET2   esm: InitializeIPDv02p3 intro.
20221024 191626.119 INFO             PET2     >>>esm: entered Initialize (phase=<none>) with current time: 2010  6  1  0  0  0   0
20221024 191626.120 INFO             PET2     esm: IInitCheck intro.
20221024 191626.120 INFO             PET2     esm: IInitCheck extro.
20221024 191626.128 INFO             PET2     OCN: InitializeIPDvXp04 intro.
20221024 191626.135 INFO             PET2     OCN: InitializeIPDvXp04 extro.
20221024 191626.136 INFO             PET2     ATM-TO-OCN: InitializeIPDv05p4 intro.
20221024 191626.151 INFO             PET2     ATM-TO-OCN: InitializeIPDv05p4 extro.
20221024 191626.151 INFO             PET2     OCN-TO-ATM: InitializeIPDv05p4 intro.
20221024 191626.160 INFO             PET2     OCN-TO-ATM: InitializeIPDv05p4 extro.
20221024 191626.160 INFO             PET2     ATM-TO-OCN: InitializeIPDv05p5 intro.
20221024 191626.175 INFO             PET2     ATM-TO-OCN: InitializeIPDv05p5 extro.
20221024 191626.175 INFO             PET2     OCN-TO-ATM: InitializeIPDv05p5 intro.
20221024 191626.183 INFO             PET2     OCN-TO-ATM: InitializeIPDv05p5 extro.
20221024 191626.183 INFO             PET2     esm: IInitRealize intro.
20221024 191626.183 INFO             PET2     esm: IInitRealize extro.
20221024 191626.184 INFO             PET2     ATM-TO-OCN: InitializeIPDv05p6a intro.
20221024 191626.193 INFO             PET2     ATM-TO-OCN: InitializeIPDv05p6a extro.
20221024 191626.193 INFO             PET2     OCN-TO-ATM: InitializeIPDv05p6a intro.
20221024 191626.198 INFO             PET2     OCN-TO-ATM: InitializeIPDv05p6a extro.
20221024 191626.198 INFO             PET2     ATM-TO-OCN: InitializeIPDv05p6b intro.
20221024 191626.216 INFO             PET2     ATM-TO-OCN: InitializeIPDv05p6b extro.
20221024 191626.216 INFO             PET2     OCN-TO-ATM: InitializeIPDv05p6b intro.
20221024 191626.230 INFO             PET2     OCN-TO-ATM: InitializeIPDv05p6b extro.
20221024 191626.230 INFO             PET2     OCN: InitializeIPDvXp07 intro.
20221024 191626.231 INFO             PET2     OCN: InitializeIPDvXp07 extro.
20221024 191626.231 INFO             PET2     <<<esm: leaving Initialize (phase=<none>) with current time: 2010  6  1  0  0  0   0
20221024 191626.231 INFO             PET2   esm: InitializeIPDv02p3 extro.
20221024 191626.231 INFO             PET2   esm: InitializeIPDv02p5 intro.
20221024 191626.231 INFO             PET2     >>>esm: entered Initialize (phase=<none>) with current time: 2010  6  1  0  0  0   0
20221024 191626.231 INFO             PET2     esm: this is a top level driver, no 'Updated' and 'InitializeDataComplete' info on this level.
20221024 191626.231 INFO             PET2     esm: InitializeIPDv02p5Data intro.
20221024 191626.231 INFO             PET2       esm: InternalInitializeComplete intro.
20221024 191626.231 INFO             PET2         esm: InitializeDataComplete='true'
20221024 191626.231 INFO             PET2       esm: InternalInitializeComplete extro.
20221024 191626.232 INFO             PET2       OCN: InitializeIPDv01p5 intro.
20221024 191626.232 INFO             PET2       OCN: InitializeIPDv01p5 extro.
20221024 191626.232 INFO             PET2       esm: components present that trigger loopDataDependentInitialize().
20221024 191626.232 INFO             PET2       esm: loopDataDependentInitialize intro.
20221024 191626.232 INFO             PET2         esm: component    0=esm, dataComplete (local): true
20221024 191626.232 INFO             PET2         esm: component    0=esm, dataComplete (global):  T
20221024 191626.232 INFO             PET2         esm: component    1=ATM, dataComplete (local): true
20221024 191626.232 INFO             PET2         esm: component    1=ATM, dataComplete (global):  T
20221024 191626.232 INFO             PET2         esm: component    2=OCN, dataComplete (local): true
20221024 191626.232 INFO             PET2         esm: component    2=OCN, dataComplete (global):  T
20221024 191626.232 INFO             PET2         esm: someProgress= F, allComplete= T, present(dataDepAllComplete)= T
20221024 191626.232 INFO             PET2         esm: finished resolving initialize data dependencies on this level.
20221024 191626.232 INFO             PET2       esm: loopDataDependentInitialize extro.
20221024 191626.232 INFO             PET2       esm: loopDataDependentInitialize() returned with dataDepAllComplete:  T
20221024 191626.232 INFO             PET2     esm: InitializeIPDv02p5Data extro.
20221024 191626.232 INFO             PET2     <<<esm: leaving Initialize (phase=<none>) with current time: 2010  6  1  0  0  0   0
20221024 191626.232 INFO             PET2   esm: InitializeIPDv02p5 extro.
20221024 191626.232 INFO             PET2 esm: InitializeGeneric extro.
20221024 191626.233 INFO             PET2 esm: Run intro.
20221024 191626.233 INFO             PET2   >>>esm entered Run (phase=RunPhase1) with current time: 2010  6  1  0  0  0   0
20221024 191626.233 INFO             PET2   esm: after lable_SetRunClock, current time: 2010  6  1  0  0  0   0
20221024 191626.233 INFO             PET2   esm: begin -------> RunSequence.
20221024 191626.233 INFO             PET2     esm: RunSequence event loopLevel=   1  levelMember=   1  loopIteration=   1, current time: 2010  6  1  0  0  0   0
20221024 191626.233 INFO             PET2     ATM-TO-OCN: Run intro.
20221024 191626.233 INFO             PET2     ATM-TO-OCN: Run extro.
20221024 191626.233 INFO             PET2     OCN-TO-ATM: Run intro.
20221024 191626.233 INFO             PET2     OCN-TO-ATM: Run extro.
20221024 191626.233 INFO             PET2     OCN: Run intro.
20221024 191626.237 INFO             PET2       ------>Advancing OCN from: 2010  6  1  0  0  0   0
20221024 191626.237 INFO             PET2       ---------------------> to: 2010  6  1  0  5  0   0
20221024 191626.266 WARNING          PET2 ESMCI_PIO_Handler.C:1567 ESMCI::PIO_Handler::isOpen()       File, field_ocn_export_adv_sst.nc, closed by PIO
20221024 191626.266 INFO             PET2       ------>Advancing OCN from: 2010  6  1  0  5  0   0
20221024 191626.266 INFO             PET2       ---------------------> to: 2010  6  1  0 10  0   0
20221024 191626.269 WARNING          PET2 ESMCI_PIO_Handler.C:1567 ESMCI::PIO_Handler::isOpen()       File, field_ocn_export_adv_sst.nc, closed by PIO
20221024 191626.269 INFO             PET2       ------>Advancing OCN from: 2010  6  1  0 10  0   0
20221024 191626.269 INFO             PET2       ---------------------> to: 2010  6  1  0 15  0   0
20221024 191626.271 WARNING          PET2 ESMCI_PIO_Handler.C:1567 ESMCI::PIO_Handler::isOpen()       File, field_ocn_export_adv_sst.nc, closed by PIO
20221024 191626.271 INFO             PET2     OCN: Run extro.
20221024 191626.271 INFO             PET2     esm: RunSequence event loopLevel=   1  levelMember=   1  loopIteration=   2, current time: 2010  6  1  0 15  0   0
20221024 191626.271 INFO             PET2     ATM-TO-OCN: Run intro.
20221024 191626.271 INFO             PET2     ATM-TO-OCN: Run extro.
20221024 191626.271 INFO             PET2     OCN-TO-ATM: Run intro.
20221024 191626.271 INFO             PET2     OCN-TO-ATM: Run extro.
20221024 191626.271 INFO             PET2     OCN: Run intro.
20221024 191626.271 INFO             PET2       ------>Advancing OCN from: 2010  6  1  0 15  0   0
20221024 191626.271 INFO             PET2       ---------------------> to: 2010  6  1  0 20  0   0
20221024 191626.274 WARNING          PET2 ESMCI_PIO_Handler.C:1567 ESMCI::PIO_Handler::isOpen()       File, field_ocn_export_adv_sst.nc, closed by PIO
20221024 191626.274 INFO             PET2       ------>Advancing OCN from: 2010  6  1  0 20  0   0
20221024 191626.274 INFO             PET2       ---------------------> to: 2010  6  1  0 25  0   0
20221024 191626.276 WARNING          PET2 ESMCI_PIO_Handler.C:1567 ESMCI::PIO_Handler::isOpen()       File, field_ocn_export_adv_sst.nc, closed by PIO
20221024 191626.276 INFO             PET2       ------>Advancing OCN from: 2010  6  1  0 25  0   0
20221024 191626.276 INFO             PET2       ---------------------> to: 2010  6  1  0 30  0   0
20221024 191626.278 WARNING          PET2 ESMCI_PIO_Handler.C:1567 ESMCI::PIO_Handler::isOpen()       File, field_ocn_export_adv_sst.nc, closed by PIO
20221024 191626.278 INFO             PET2     OCN: Run extro.
20221024 191626.278 INFO             PET2     esm: RunSequence event loopLevel=   1  levelMember=   1  loopIteration=   3, current time: 2010  6  1  0 30  0   0
20221024 191626.278 INFO             PET2     ATM-TO-OCN: Run intro.
20221024 191626.278 INFO             PET2     ATM-TO-OCN: Run extro.
20221024 191626.278 INFO             PET2     OCN-TO-ATM: Run intro.
20221024 191626.278 INFO             PET2     OCN-TO-ATM: Run extro.
20221024 191626.278 INFO             PET2     OCN: Run intro.
20221024 191626.279 INFO             PET2       ------>Advancing OCN from: 2010  6  1  0 30  0   0
20221024 191626.279 INFO             PET2       ---------------------> to: 2010  6  1  0 35  0   0
20221024 191626.280 WARNING          PET2 ESMCI_PIO_Handler.C:1567 ESMCI::PIO_Handler::isOpen()       File, field_ocn_export_adv_sst.nc, closed by PIO
20221024 191626.281 INFO             PET2       ------>Advancing OCN from: 2010  6  1  0 35  0   0
20221024 191626.281 INFO             PET2       ---------------------> to: 2010  6  1  0 40  0   0
20221024 191626.282 WARNING          PET2 ESMCI_PIO_Handler.C:1567 ESMCI::PIO_Handler::isOpen()       File, field_ocn_export_adv_sst.nc, closed by PIO
20221024 191626.283 INFO             PET2       ------>Advancing OCN from: 2010  6  1  0 40  0   0
20221024 191626.283 INFO             PET2       ---------------------> to: 2010  6  1  0 45  0   0
20221024 191626.285 WARNING          PET2 ESMCI_PIO_Handler.C:1567 ESMCI::PIO_Handler::isOpen()       File, field_ocn_export_adv_sst.nc, closed by PIO
20221024 191626.285 INFO             PET2     OCN: Run extro.
20221024 191626.285 INFO             PET2     esm: RunSequence event loopLevel=   1  levelMember=   1  loopIteration=   4, current time: 2010  6  1  0 45  0   0
20221024 191626.285 INFO             PET2     ATM-TO-OCN: Run intro.
20221024 191626.285 INFO             PET2     ATM-TO-OCN: Run extro.
20221024 191626.285 INFO             PET2     OCN-TO-ATM: Run intro.
20221024 191626.285 INFO             PET2     OCN-TO-ATM: Run extro.
20221024 191626.285 INFO             PET2     OCN: Run intro.
20221024 191626.285 INFO             PET2       ------>Advancing OCN from: 2010  6  1  0 45  0   0
20221024 191626.285 INFO             PET2       ---------------------> to: 2010  6  1  0 50  0   0
20221024 191626.287 WARNING          PET2 ESMCI_PIO_Handler.C:1567 ESMCI::PIO_Handler::isOpen()       File, field_ocn_export_adv_sst.nc, closed by PIO
20221024 191626.287 INFO             PET2       ------>Advancing OCN from: 2010  6  1  0 50  0   0
20221024 191626.287 INFO             PET2       ---------------------> to: 2010  6  1  0 55  0   0
20221024 191626.290 WARNING          PET2 ESMCI_PIO_Handler.C:1567 ESMCI::PIO_Handler::isOpen()       File, field_ocn_export_adv_sst.nc, closed by PIO
20221024 191626.290 INFO             PET2       ------>Advancing OCN from: 2010  6  1  0 55  0   0
20221024 191626.290 INFO             PET2       ---------------------> to: 2010  6  1  1  0  0   0
20221024 191626.292 WARNING          PET2 ESMCI_PIO_Handler.C:1567 ESMCI::PIO_Handler::isOpen()       File, field_ocn_export_adv_sst.nc, closed by PIO
20221024 191626.292 INFO             PET2     OCN: Run extro.
20221024 191626.292 INFO             PET2   esm: end <--------- RunSequence
20221024 191626.292 INFO             PET2   <<<esm - leaving Run with current time: 2010  6  1  1  0  0   0
20221024 191626.292 INFO             PET2 esm: Run extro.
20221024 191626.292 INFO             PET2 esm: Finalize intro.
20221024 191626.292 INFO             PET2   Calling Finalize phase 1 for connectorComp: ATM-TO-OCN
20221024 191626.292 INFO             PET2   ATM-TO-OCN: Finalize intro.
20221024 191626.292 INFO             PET2   ATM-TO-OCN: Finalize extro.
20221024 191626.292 INFO             PET2   Calling Finalize phase 1 for connectorComp: OCN-TO-ATM
20221024 191626.292 INFO             PET2   OCN-TO-ATM: Finalize intro.
20221024 191626.292 INFO             PET2   OCN-TO-ATM: Finalize extro.
20221024 191626.292 INFO             PET2   Calling Finalize phase 1 for modelComp: ATM
20221024 191626.292 INFO             PET2   Calling Finalize phase 1 for modelComp: OCN
20221024 191626.292 INFO             PET2   OCN: Finalize intro.
20221024 191626.292 INFO             PET2   OCN: Finalize extro.
20221024 191626.292 INFO             PET2   Delete modelComp: ATM
20221024 191626.292 INFO             PET2   Delete Import-/Export State for modelComp: ATM
20221024 191626.292 INFO             PET2   Delete modelComp: OCN
20221024 191626.292 INFO             PET2   Delete Import-/Export State for modelComp: OCN
20221024 191626.292 INFO             PET2   Delete connectorComp: ATM-TO-OCN
20221024 191626.292 INFO             PET2   Delete connectorComp: OCN-TO-ATM
20221024 191626.293 INFO             PET2 esm: Finalize extro.
20221024 191626.293 INFO             PET2 esmApp FINISHED
20221024 191626.293 INFO             PET2 Finalizing ESMF
20221024 191626.055 INFO             PET3 !!!!!!!!!!!!!!!!!!!!!!!!!!!!!!!!!!!!!!!!!!!!!!!!!!!!!!
20221024 191626.055 INFO             PET3 !!! THE ESMF_LOG IS SET TO OUTPUT ALL LOG MESSAGES !!!
20221024 191626.055 INFO             PET3 !!!     THIS MAY CAUSE SLOWDOWN IN PERFORMANCE     !!!
20221024 191626.055 INFO             PET3 !!! FOR PRODUCTION RUNS, USE:                      !!!
20221024 191626.055 INFO             PET3 !!!                   ESMF_LOGKIND_Multi_On_Error  !!!
20221024 191626.055 INFO             PET3 !!!!!!!!!!!!!!!!!!!!!!!!!!!!!!!!!!!!!!!!!!!!!!!!!!!!!!
20221024 191626.055 INFO             PET3 Running with ESMF Version   : v8.5.0b02
20221024 191626.055 INFO             PET3 ESMF library build date/time: "Oct 24 2022" "11:41:00"
20221024 191626.055 INFO             PET3 ESMF library build location : /global/cscratch1/sd/theurich/ESMF-Nightly-Testing/intel_19.1.2_mpi_g_develop/esmf
20221024 191626.055 INFO             PET3 ESMF_COMM                   : mpi
20221024 191626.056 INFO             PET3 ESMF_MOAB                   : enabled
20221024 191626.056 INFO             PET3 ESMF_LAPACK                 : enabled
20221024 191626.056 INFO             PET3 ESMF_NETCDF                 : enabled
20221024 191626.056 INFO             PET3 ESMF_PNETCDF                : disabled
20221024 191626.056 INFO             PET3 ESMF_PIO                    : enabled
20221024 191626.056 INFO             PET3 ESMF_YAMLCPP                : enabled
20221024 191626.057 INFO             PET3 esmApp STARTING
20221024 191626.060 INFO             PET3 esm: InitializeGeneric intro.
20221024 191626.060 INFO             PET3   esm: InitializeP0 intro.
20221024 191626.060 INFO             PET3   esm: InitializeP0 extro.
20221024 191626.060 INFO             PET3   esm: InitializeIPDv02p1 intro.
20221024 191626.060 INFO             PET3     >>>esm: entered Initialize (phase=<none>) without valid internal Clock.
20221024 191626.061 INFO             PET3     esm - Creating model component ATM with petList of size 2 :
20221024 191626.061 INFO             PET3           0      1
20221024 191626.063 INFO             PET3     esm - Creating model component OCN with petList of size 2 :
20221024 191626.063 INFO             PET3           2      3
20221024 191626.064 INFO             PET3     esm - Creating connector component ATM-TO-OCN with petList of size 4 :
20221024 191626.064 INFO             PET3           0      1      2      3
20221024 191626.067 INFO             PET3     esm - Creating connector component OCN-TO-ATM with petList of size 4 :
20221024 191626.067 INFO             PET3           2      3      0      1
20221024 191626.070 INFO             PET3     esm - Creating state: modelComp 1 Import State
20221024 191626.070 INFO             PET3     esm - Creating state: modelComp 1 Export State
20221024 191626.070 INFO             PET3     esm - Creating state: modelComp 2 Import State
20221024 191626.070 INFO             PET3     esm - Creating state: modelComp 2 Export State
20221024 191626.074 INFO             PET3     OCN: InitializeP0 intro.
20221024 191626.074 INFO             PET3     OCN: InitializeP0 extro.
20221024 191626.075 INFO             PET3     ATM-TO-OCN: InitializeP0 intro.
20221024 191626.075 INFO             PET3     ATM-TO-OCN: InitializeP0 extro.
20221024 191626.075 INFO             PET3     OCN-TO-ATM: InitializeP0 intro.
20221024 191626.076 INFO             PET3     OCN-TO-ATM: InitializeP0 extro.
20221024 191626.076 INFO             PET3     esm: IInitAdvertise intro.
20221024 191626.076 INFO             PET3     esm: IInitAdvertise extro.
20221024 191626.080 INFO             PET3     OCN: InitializeIPDvXp01 intro.
20221024 191626.081 INFO             PET3     OCN: InitializeIPDvXp01 extro.
20221024 191626.083 INFO             PET3     ATM-TO-OCN: InitializeIPDv05p1 intro.
20221024 191626.090 INFO             PET3     ATM-TO-OCN: InitializeIPDv05p1 extro.
20221024 191626.090 INFO             PET3     OCN-TO-ATM: InitializeIPDv05p1 intro.
20221024 191626.093 INFO             PET3     OCN-TO-ATM: InitializeIPDv05p1 extro.
20221024 191626.093 INFO             PET3     esm: IInitAdvertiseFinish intro.
20221024 191626.093 INFO             PET3     esm: IInitAdvertiseFinish extro.
20221024 191626.093 INFO             PET3     ATM-TO-OCN: InitializeIPDv05p2a intro.
20221024 191626.098 INFO             PET3     ATM-TO-OCN: InitializeIPDv05p2a extro.
20221024 191626.098 INFO             PET3     OCN-TO-ATM: InitializeIPDv05p2a intro.
20221024 191626.101 INFO             PET3     OCN-TO-ATM: InitializeIPDv05p2a extro.
20221024 191626.101 INFO             PET3     ATM-TO-OCN: InitializeIPDv05p2b intro.
20221024 191626.106 INFO             PET3     ATM-TO-OCN: InitializeIPDv05p2b extro.
20221024 191626.106 INFO             PET3     OCN-TO-ATM: InitializeIPDv05p2b intro.
20221024 191626.109 INFO             PET3     OCN-TO-ATM: InitializeIPDv05p2b extro.
20221024 191626.110 INFO             PET3     esm: IInitModifyCplLists intro.
20221024 191626.110 INFO             PET3       Driver is in ModifyCplLists()
20221024 191626.110 INFO             PET3        Found            2  Connectors. Modifying CplList Attribute....
20221024 191626.110 INFO             PET3     esm: IInitModifyCplLists extro.
20221024 191626.110 INFO             PET3     ATM-TO-OCN: InitializeIPDv05p3 intro.
20221024 191626.116 INFO             PET3     ATM-TO-OCN: InitializeIPDv05p3 extro.
20221024 191626.116 INFO             PET3     OCN-TO-ATM: InitializeIPDv05p3 intro.
20221024 191626.119 INFO             PET3     OCN-TO-ATM: InitializeIPDv05p3 extro.
20221024 191626.119 INFO             PET3     <<<esm: leaving Initialize (phase=<none>) with current time: 2010  6  1  0  0  0   0
20221024 191626.119 INFO             PET3   esm: InitializeIPDv02p1 extro.
20221024 191626.119 INFO             PET3   esm: InitializeIPDv02p3 intro.
20221024 191626.119 INFO             PET3     >>>esm: entered Initialize (phase=<none>) with current time: 2010  6  1  0  0  0   0
20221024 191626.119 INFO             PET3     esm: IInitCheck intro.
20221024 191626.119 INFO             PET3     esm: IInitCheck extro.
20221024 191626.128 INFO             PET3     OCN: InitializeIPDvXp04 intro.
20221024 191626.132 INFO             PET3     OCN: InitializeIPDvXp04 extro.
20221024 191626.136 INFO             PET3     ATM-TO-OCN: InitializeIPDv05p4 intro.
20221024 191626.151 INFO             PET3     ATM-TO-OCN: InitializeIPDv05p4 extro.
20221024 191626.151 INFO             PET3     OCN-TO-ATM: InitializeIPDv05p4 intro.
20221024 191626.159 INFO             PET3     OCN-TO-ATM: InitializeIPDv05p4 extro.
20221024 191626.160 INFO             PET3     ATM-TO-OCN: InitializeIPDv05p5 intro.
20221024 191626.174 INFO             PET3     ATM-TO-OCN: InitializeIPDv05p5 extro.
20221024 191626.175 INFO             PET3     OCN-TO-ATM: InitializeIPDv05p5 intro.
20221024 191626.183 INFO             PET3     OCN-TO-ATM: InitializeIPDv05p5 extro.
20221024 191626.183 INFO             PET3     esm: IInitRealize intro.
20221024 191626.183 INFO             PET3     esm: IInitRealize extro.
20221024 191626.183 INFO             PET3     ATM-TO-OCN: InitializeIPDv05p6a intro.
20221024 191626.193 INFO             PET3     ATM-TO-OCN: InitializeIPDv05p6a extro.
20221024 191626.193 INFO             PET3     OCN-TO-ATM: InitializeIPDv05p6a intro.
20221024 191626.198 INFO             PET3     OCN-TO-ATM: InitializeIPDv05p6a extro.
20221024 191626.198 INFO             PET3     ATM-TO-OCN: InitializeIPDv05p6b intro.
20221024 191626.216 INFO             PET3     ATM-TO-OCN: InitializeIPDv05p6b extro.
20221024 191626.216 INFO             PET3     OCN-TO-ATM: InitializeIPDv05p6b intro.
20221024 191626.230 INFO             PET3     OCN-TO-ATM: InitializeIPDv05p6b extro.
20221024 191626.230 INFO             PET3     OCN: InitializeIPDvXp07 intro.
20221024 191626.231 INFO             PET3     OCN: InitializeIPDvXp07 extro.
20221024 191626.231 INFO             PET3     <<<esm: leaving Initialize (phase=<none>) with current time: 2010  6  1  0  0  0   0
20221024 191626.231 INFO             PET3   esm: InitializeIPDv02p3 extro.
20221024 191626.231 INFO             PET3   esm: InitializeIPDv02p5 intro.
20221024 191626.231 INFO             PET3     >>>esm: entered Initialize (phase=<none>) with current time: 2010  6  1  0  0  0   0
20221024 191626.231 INFO             PET3     esm: this is a top level driver, no 'Updated' and 'InitializeDataComplete' info on this level.
20221024 191626.231 INFO             PET3     esm: InitializeIPDv02p5Data intro.
20221024 191626.231 INFO             PET3       esm: InternalInitializeComplete intro.
20221024 191626.231 INFO             PET3         esm: InitializeDataComplete='true'
20221024 191626.231 INFO             PET3       esm: InternalInitializeComplete extro.
20221024 191626.232 INFO             PET3       OCN: InitializeIPDv01p5 intro.
20221024 191626.232 INFO             PET3       OCN: InitializeIPDv01p5 extro.
20221024 191626.232 INFO             PET3       esm: components present that trigger loopDataDependentInitialize().
20221024 191626.232 INFO             PET3       esm: loopDataDependentInitialize intro.
20221024 191626.232 INFO             PET3         esm: component    0=esm, dataComplete (local): true
20221024 191626.232 INFO             PET3         esm: component    0=esm, dataComplete (global):  T
20221024 191626.232 INFO             PET3         esm: component    1=ATM, dataComplete (local): true
20221024 191626.232 INFO             PET3         esm: component    1=ATM, dataComplete (global):  T
20221024 191626.232 INFO             PET3         esm: component    2=OCN, dataComplete (local): true
20221024 191626.232 INFO             PET3         esm: component    2=OCN, dataComplete (global):  T
20221024 191626.232 INFO             PET3         esm: someProgress= F, allComplete= T, present(dataDepAllComplete)= T
20221024 191626.232 INFO             PET3         esm: finished resolving initialize data dependencies on this level.
20221024 191626.232 INFO             PET3       esm: loopDataDependentInitialize extro.
20221024 191626.232 INFO             PET3       esm: loopDataDependentInitialize() returned with dataDepAllComplete:  T
20221024 191626.232 INFO             PET3     esm: InitializeIPDv02p5Data extro.
20221024 191626.232 INFO             PET3     <<<esm: leaving Initialize (phase=<none>) with current time: 2010  6  1  0  0  0   0
20221024 191626.232 INFO             PET3   esm: InitializeIPDv02p5 extro.
20221024 191626.232 INFO             PET3 esm: InitializeGeneric extro.
20221024 191626.233 INFO             PET3 esm: Run intro.
20221024 191626.233 INFO             PET3   >>>esm entered Run (phase=RunPhase1) with current time: 2010  6  1  0  0  0   0
20221024 191626.233 INFO             PET3   esm: after lable_SetRunClock, current time: 2010  6  1  0  0  0   0
20221024 191626.233 INFO             PET3   esm: begin -------> RunSequence.
20221024 191626.233 INFO             PET3     esm: RunSequence event loopLevel=   1  levelMember=   1  loopIteration=   1, current time: 2010  6  1  0  0  0   0
20221024 191626.233 INFO             PET3     ATM-TO-OCN: Run intro.
20221024 191626.233 INFO             PET3     ATM-TO-OCN: Run extro.
20221024 191626.233 INFO             PET3     OCN-TO-ATM: Run intro.
20221024 191626.233 INFO             PET3     OCN-TO-ATM: Run extro.
20221024 191626.233 INFO             PET3     OCN: Run intro.
20221024 191626.237 INFO             PET3       ------>Advancing OCN from: 2010  6  1  0  0  0   0
20221024 191626.237 INFO             PET3       ---------------------> to: 2010  6  1  0  5  0   0
20221024 191626.266 WARNING          PET3 ESMCI_PIO_Handler.C:1567 ESMCI::PIO_Handler::isOpen()       File, field_ocn_export_adv_sst.nc, closed by PIO
20221024 191626.266 INFO             PET3       ------>Advancing OCN from: 2010  6  1  0  5  0   0
20221024 191626.266 INFO             PET3       ---------------------> to: 2010  6  1  0 10  0   0
20221024 191626.269 WARNING          PET3 ESMCI_PIO_Handler.C:1567 ESMCI::PIO_Handler::isOpen()       File, field_ocn_export_adv_sst.nc, closed by PIO
20221024 191626.269 INFO             PET3       ------>Advancing OCN from: 2010  6  1  0 10  0   0
20221024 191626.269 INFO             PET3       ---------------------> to: 2010  6  1  0 15  0   0
20221024 191626.271 WARNING          PET3 ESMCI_PIO_Handler.C:1567 ESMCI::PIO_Handler::isOpen()       File, field_ocn_export_adv_sst.nc, closed by PIO
20221024 191626.271 INFO             PET3     OCN: Run extro.
20221024 191626.271 INFO             PET3     esm: RunSequence event loopLevel=   1  levelMember=   1  loopIteration=   2, current time: 2010  6  1  0 15  0   0
20221024 191626.271 INFO             PET3     ATM-TO-OCN: Run intro.
20221024 191626.271 INFO             PET3     ATM-TO-OCN: Run extro.
20221024 191626.271 INFO             PET3     OCN-TO-ATM: Run intro.
20221024 191626.271 INFO             PET3     OCN-TO-ATM: Run extro.
20221024 191626.271 INFO             PET3     OCN: Run intro.
20221024 191626.271 INFO             PET3       ------>Advancing OCN from: 2010  6  1  0 15  0   0
20221024 191626.271 INFO             PET3       ---------------------> to: 2010  6  1  0 20  0   0
20221024 191626.274 WARNING          PET3 ESMCI_PIO_Handler.C:1567 ESMCI::PIO_Handler::isOpen()       File, field_ocn_export_adv_sst.nc, closed by PIO
20221024 191626.274 INFO             PET3       ------>Advancing OCN from: 2010  6  1  0 20  0   0
20221024 191626.274 INFO             PET3       ---------------------> to: 2010  6  1  0 25  0   0
20221024 191626.276 WARNING          PET3 ESMCI_PIO_Handler.C:1567 ESMCI::PIO_Handler::isOpen()       File, field_ocn_export_adv_sst.nc, closed by PIO
20221024 191626.276 INFO             PET3       ------>Advancing OCN from: 2010  6  1  0 25  0   0
20221024 191626.276 INFO             PET3       ---------------------> to: 2010  6  1  0 30  0   0
20221024 191626.278 WARNING          PET3 ESMCI_PIO_Handler.C:1567 ESMCI::PIO_Handler::isOpen()       File, field_ocn_export_adv_sst.nc, closed by PIO
20221024 191626.278 INFO             PET3     OCN: Run extro.
20221024 191626.278 INFO             PET3     esm: RunSequence event loopLevel=   1  levelMember=   1  loopIteration=   3, current time: 2010  6  1  0 30  0   0
20221024 191626.278 INFO             PET3     ATM-TO-OCN: Run intro.
20221024 191626.278 INFO             PET3     ATM-TO-OCN: Run extro.
20221024 191626.278 INFO             PET3     OCN-TO-ATM: Run intro.
20221024 191626.278 INFO             PET3     OCN-TO-ATM: Run extro.
20221024 191626.278 INFO             PET3     OCN: Run intro.
20221024 191626.279 INFO             PET3       ------>Advancing OCN from: 2010  6  1  0 30  0   0
20221024 191626.279 INFO             PET3       ---------------------> to: 2010  6  1  0 35  0   0
20221024 191626.280 WARNING          PET3 ESMCI_PIO_Handler.C:1567 ESMCI::PIO_Handler::isOpen()       File, field_ocn_export_adv_sst.nc, closed by PIO
20221024 191626.281 INFO             PET3       ------>Advancing OCN from: 2010  6  1  0 35  0   0
20221024 191626.281 INFO             PET3       ---------------------> to: 2010  6  1  0 40  0   0
20221024 191626.282 WARNING          PET3 ESMCI_PIO_Handler.C:1567 ESMCI::PIO_Handler::isOpen()       File, field_ocn_export_adv_sst.nc, closed by PIO
20221024 191626.283 INFO             PET3       ------>Advancing OCN from: 2010  6  1  0 40  0   0
20221024 191626.283 INFO             PET3       ---------------------> to: 2010  6  1  0 45  0   0
20221024 191626.285 WARNING          PET3 ESMCI_PIO_Handler.C:1567 ESMCI::PIO_Handler::isOpen()       File, field_ocn_export_adv_sst.nc, closed by PIO
20221024 191626.285 INFO             PET3     OCN: Run extro.
20221024 191626.285 INFO             PET3     esm: RunSequence event loopLevel=   1  levelMember=   1  loopIteration=   4, current time: 2010  6  1  0 45  0   0
20221024 191626.285 INFO             PET3     ATM-TO-OCN: Run intro.
20221024 191626.285 INFO             PET3     ATM-TO-OCN: Run extro.
20221024 191626.285 INFO             PET3     OCN-TO-ATM: Run intro.
20221024 191626.285 INFO             PET3     OCN-TO-ATM: Run extro.
20221024 191626.285 INFO             PET3     OCN: Run intro.
20221024 191626.285 INFO             PET3       ------>Advancing OCN from: 2010  6  1  0 45  0   0
20221024 191626.285 INFO             PET3       ---------------------> to: 2010  6  1  0 50  0   0
20221024 191626.287 WARNING          PET3 ESMCI_PIO_Handler.C:1567 ESMCI::PIO_Handler::isOpen()       File, field_ocn_export_adv_sst.nc, closed by PIO
20221024 191626.287 INFO             PET3       ------>Advancing OCN from: 2010  6  1  0 50  0   0
20221024 191626.287 INFO             PET3       ---------------------> to: 2010  6  1  0 55  0   0
20221024 191626.290 WARNING          PET3 ESMCI_PIO_Handler.C:1567 ESMCI::PIO_Handler::isOpen()       File, field_ocn_export_adv_sst.nc, closed by PIO
20221024 191626.290 INFO             PET3       ------>Advancing OCN from: 2010  6  1  0 55  0   0
20221024 191626.290 INFO             PET3       ---------------------> to: 2010  6  1  1  0  0   0
20221024 191626.292 WARNING          PET3 ESMCI_PIO_Handler.C:1567 ESMCI::PIO_Handler::isOpen()       File, field_ocn_export_adv_sst.nc, closed by PIO
20221024 191626.292 INFO             PET3     OCN: Run extro.
20221024 191626.292 INFO             PET3   esm: end <--------- RunSequence
20221024 191626.292 INFO             PET3   <<<esm - leaving Run with current time: 2010  6  1  1  0  0   0
20221024 191626.292 INFO             PET3 esm: Run extro.
20221024 191626.292 INFO             PET3 esm: Finalize intro.
20221024 191626.292 INFO             PET3   Calling Finalize phase 1 for connectorComp: ATM-TO-OCN
20221024 191626.292 INFO             PET3   ATM-TO-OCN: Finalize intro.
20221024 191626.292 INFO             PET3   ATM-TO-OCN: Finalize extro.
20221024 191626.292 INFO             PET3   Calling Finalize phase 1 for connectorComp: OCN-TO-ATM
20221024 191626.292 INFO             PET3   OCN-TO-ATM: Finalize intro.
20221024 191626.292 INFO             PET3   OCN-TO-ATM: Finalize extro.
20221024 191626.292 INFO             PET3   Calling Finalize phase 1 for modelComp: ATM
20221024 191626.292 INFO             PET3   Calling Finalize phase 1 for modelComp: OCN
20221024 191626.292 INFO             PET3   OCN: Finalize intro.
20221024 191626.292 INFO             PET3   OCN: Finalize extro.
20221024 191626.292 INFO             PET3   Delete modelComp: ATM
20221024 191626.292 INFO             PET3   Delete Import-/Export State for modelComp: ATM
20221024 191626.292 INFO             PET3   Delete modelComp: OCN
20221024 191626.292 INFO             PET3   Delete Import-/Export State for modelComp: OCN
20221024 191626.292 INFO             PET3   Delete connectorComp: ATM-TO-OCN
20221024 191626.292 INFO             PET3   Delete connectorComp: OCN-TO-ATM
20221024 191626.292 INFO             PET3 esm: Finalize extro.
20221024 191626.293 INFO             PET3 esmApp FINISHED
20221024 191626.293 INFO             PET3 Finalizing ESMF
