2022-10-26 00:37:53
20221026 023135.148 INFO             PET0 !!!!!!!!!!!!!!!!!!!!!!!!!!!!!!!!!!!!!!!!!!!!!!!!!!!!!!
20221026 023135.148 INFO             PET0 !!! THE ESMF_LOG IS SET TO OUTPUT ALL LOG MESSAGES !!!
20221026 023135.148 INFO             PET0 !!!     THIS MAY CAUSE SLOWDOWN IN PERFORMANCE     !!!
20221026 023135.148 INFO             PET0 !!! FOR PRODUCTION RUNS, USE:                      !!!
20221026 023135.148 INFO             PET0 !!!                   ESMF_LOGKIND_Multi_On_Error  !!!
20221026 023135.148 INFO             PET0 !!!!!!!!!!!!!!!!!!!!!!!!!!!!!!!!!!!!!!!!!!!!!!!!!!!!!!
20221026 023135.148 INFO             PET0 Running with ESMF Version   : v8.5.0b02-1-ge46659fdec
20221026 023135.148 INFO             PET0 ESMF library build date/time: "Oct 26 2022" "00:36:36"
20221026 023135.148 INFO             PET0 ESMF library build location : /lustre/f2/dev/Mark.Potts/esmf-test/gfortran_8.3.0_mpiuni_O_develop/esmf
20221026 023135.148 INFO             PET0 ESMF_COMM                   : mpiuni
20221026 023135.148 INFO             PET0 ESMF_MOAB                   : enabled
20221026 023135.148 INFO             PET0 ESMF_LAPACK                 : enabled
20221026 023135.148 INFO             PET0 ESMF_NETCDF                 : enabled
20221026 023135.148 INFO             PET0 ESMF_PNETCDF                : disabled
20221026 023135.148 INFO             PET0 ESMF_PIO                    : disabled
20221026 023135.148 INFO             PET0 ESMF_YAMLCPP                : enabled
20221026 023135.149 INFO             PET0  NUMBER_OF_PROCESSORS           1
20221026 023135.149 INFO             PET0  PASS  Example ESMF_VMUserMpiCommMultiEx, ESMF_VMUserMpiCommMultiEx.F90, line 126
20221026 023135.149 INFO             PET0 Finalizing ESMF
