2022-10-20 01:02:47
20221020 020311.905 INFO             PET0 !!!!!!!!!!!!!!!!!!!!!!!!!!!!!!!!!!!!!!!!!!!!!!!!!!!!!!
20221020 020311.905 INFO             PET0 !!! THE ESMF_LOG IS SET TO OUTPUT ALL LOG MESSAGES !!!
20221020 020311.905 INFO             PET0 !!!     THIS MAY CAUSE SLOWDOWN IN PERFORMANCE     !!!
20221020 020311.905 INFO             PET0 !!! FOR PRODUCTION RUNS, USE:                      !!!
20221020 020311.905 INFO             PET0 !!!                   ESMF_LOGKIND_Multi_On_Error  !!!
20221020 020311.905 INFO             PET0 !!!!!!!!!!!!!!!!!!!!!!!!!!!!!!!!!!!!!!!!!!!!!!!!!!!!!!
20221020 020311.905 INFO             PET0 Running with ESMF Version   : v8.5.0b01-1-g0d4b70eafd
20221020 020311.905 INFO             PET0 ESMF library build date/time: "Oct 20 2022" "01:01:23"
20221020 020311.905 INFO             PET0 ESMF library build location : /lustre/f2/dev/Mark.Potts/esmf-test/gfortran_8.3.0_mpiuni_O_develop/esmf
20221020 020311.905 INFO             PET0 ESMF_COMM                   : mpiuni
20221020 020311.906 INFO             PET0 ESMF_MOAB                   : enabled
20221020 020311.906 INFO             PET0 ESMF_LAPACK                 : enabled
20221020 020311.906 INFO             PET0 ESMF_NETCDF                 : enabled
20221020 020311.906 INFO             PET0 ESMF_PNETCDF                : disabled
20221020 020311.906 INFO             PET0 ESMF_PIO                    : disabled
20221020 020311.906 INFO             PET0 ESMF_YAMLCPP                : enabled
20221020 020311.933 ERROR            PET0 ESMCI_Info.C:1289 Info::set(<json>) Cannot set value  - Error/Return Code 540 (ESMC_RC_CANNOT_SET) - Key '/myIntegerKey' already in map and force=false.
20221020 020311.933 ERROR            PET0 ESMCI_Info.C:1292 Info::set(<json>) Cannot set value  - Internal subroutine call returned Error
20221020 020311.933 ERROR            PET0 ESMCI_Info.C:1334 Info::set(<json>) Cannot set value  - Internal subroutine call returned Error
20221020 020311.933 ERROR            PET0 ESMCI_Info.C:1337 Info::set(<json>) Cannot set value  - Internal subroutine call returned Error
20221020 020311.933 ERROR            PET0 ESMCI_Info.C:1385 Info::set(<scalar>) Cannot set value  - Internal subroutine call returned Error
20221020 020311.933 ERROR            PET0 ESMC_InfoCDefGeneric.C:387 ESMC_InfoSetI4() Cannot set value  - Internal subroutine call returned Error
20221020 020311.933 ERROR            PET0 ESMF_Info.F90:2866 ESMF_InfoSetI4() Cannot set value  - Internal subroutine call returned Error
20221020 020311.933 INFO             PET0  NUMBER_OF_PROCESSORS           1
20221020 020311.933 INFO             PET0  PASS  Example ESMF_InfoTutorialEx, ESMF_InfoTutorialEx.F90, line 335
20221020 020311.933 INFO             PET0 Finalizing ESMF
