2022-09-23 03:57:29
20220923 075720.477 INFO             PET0 !!!!!!!!!!!!!!!!!!!!!!!!!!!!!!!!!!!!!!!!!!!!!!!!!!!!!!
20220923 075720.477 INFO             PET0 !!! THE ESMF_LOG IS SET TO OUTPUT ALL LOG MESSAGES !!!
20220923 075720.477 INFO             PET0 !!!     THIS MAY CAUSE SLOWDOWN IN PERFORMANCE     !!!
20220923 075720.477 INFO             PET0 !!! FOR PRODUCTION RUNS, USE:                      !!!
20220923 075720.477 INFO             PET0 !!!                   ESMF_LOGKIND_Multi_On_Error  !!!
20220923 075720.477 INFO             PET0 !!!!!!!!!!!!!!!!!!!!!!!!!!!!!!!!!!!!!!!!!!!!!!!!!!!!!!
20220923 075720.477 INFO             PET0 Running with ESMF Version   : v8.4.0b14-10-ga4e2ac61dd
20220923 075720.477 INFO             PET0 ESMF library build date/time: "Sep 23 2022" "03:55:50"
20220923 075720.477 INFO             PET0 ESMF library build location : /global/cscratch1/sd/rsdunlap/esmf-testing/intel_19.1.2_mpi_g_develop/esmf
20220923 075720.477 INFO             PET0 ESMF_COMM                   : mpi
20220923 075720.479 INFO             PET0 ESMF_MOAB                   : enabled
20220923 075720.479 INFO             PET0 ESMF_LAPACK                 : enabled
20220923 075720.479 INFO             PET0 ESMF_NETCDF                 : enabled
20220923 075720.479 INFO             PET0 ESMF_PNETCDF                : disabled
20220923 075720.479 INFO             PET0 ESMF_PIO                    : enabled
20220923 075720.479 INFO             PET0 ESMF_YAMLCPP                : enabled
20220923 075720.480 INFO             PET0  NUMBER_OF_PROCESSORS           1
20220923 075720.480 INFO             PET0  PASS  Example ESMF_AlarmEx, ESMF_AlarmEx.F90, line 244
20220923 075720.480 INFO             PET0 Finalizing ESMF
