2022-09-26 03:45:42
20220926 044302.776 INFO             PET0 !!!!!!!!!!!!!!!!!!!!!!!!!!!!!!!!!!!!!!!!!!!!!!!!!!!!!!
20220926 044302.776 INFO             PET0 !!! THE ESMF_LOG IS SET TO OUTPUT ALL LOG MESSAGES !!!
20220926 044302.776 INFO             PET0 !!!     THIS MAY CAUSE SLOWDOWN IN PERFORMANCE     !!!
20220926 044302.776 INFO             PET0 !!! FOR PRODUCTION RUNS, USE:                      !!!
20220926 044302.776 INFO             PET0 !!!                   ESMF_LOGKIND_Multi_On_Error  !!!
20220926 044302.776 INFO             PET0 !!!!!!!!!!!!!!!!!!!!!!!!!!!!!!!!!!!!!!!!!!!!!!!!!!!!!!
20220926 044302.776 INFO             PET0 Running with ESMF Version   : v8.4.0b14-14-g1fd7513367
20220926 044302.776 INFO             PET0 ESMF library build date/time: "Sep 26 2022" "03:41:00"
20220926 044302.776 INFO             PET0 ESMF library build location : /glade/scratch/dunlap/esmf-testing/intel_18.0.5_mpiuni_O_develop/esmf
20220926 044302.776 INFO             PET0 ESMF_COMM                   : mpiuni
20220926 044302.776 INFO             PET0 ESMF_MOAB                   : enabled
20220926 044302.776 INFO             PET0 ESMF_LAPACK                 : enabled
20220926 044302.776 INFO             PET0 ESMF_NETCDF                 : enabled
20220926 044302.776 INFO             PET0 ESMF_PNETCDF                : disabled
20220926 044302.776 INFO             PET0 ESMF_PIO                    : disabled
20220926 044302.776 INFO             PET0 ESMF_YAMLCPP                : enabled
20220926 044302.777 INFO             PET0  NUMBER_OF_PROCESSORS           1
20220926 044302.777 INFO             PET0  PASS  Example ESMF_CplEx, ESMF_CplEx.F90, line 457
20220926 044302.777 INFO             PET0 Finalizing ESMF
