2022-10-26 05:13:31
20221026 064529.800 INFO             PET0 !!!!!!!!!!!!!!!!!!!!!!!!!!!!!!!!!!!!!!!!!!!!!!!!!!!!!!
20221026 064529.800 INFO             PET0 !!! THE ESMF_LOG IS SET TO OUTPUT ALL LOG MESSAGES !!!
20221026 064529.800 INFO             PET0 !!!     THIS MAY CAUSE SLOWDOWN IN PERFORMANCE     !!!
20221026 064529.800 INFO             PET0 !!! FOR PRODUCTION RUNS, USE:                      !!!
20221026 064529.800 INFO             PET0 !!!                   ESMF_LOGKIND_Multi_On_Error  !!!
20221026 064529.800 INFO             PET0 !!!!!!!!!!!!!!!!!!!!!!!!!!!!!!!!!!!!!!!!!!!!!!!!!!!!!!
20221026 064529.800 INFO             PET0 Running with ESMF Version   : v8.5.0b02-1-ge46659fdec
20221026 064529.800 INFO             PET0 ESMF library build date/time: "Oct 26 2022" "05:05:59"
20221026 064529.800 INFO             PET0 ESMF library build location : /glade/scratch/theurich/ESMF-Nightly-Testing/intel_18.0.5_mpt_g_develop/esmf
20221026 064529.800 INFO             PET0 ESMF_COMM                   : mpt
20221026 064529.800 INFO             PET0 ESMF_MOAB                   : enabled
20221026 064529.800 INFO             PET0 ESMF_LAPACK                 : enabled
20221026 064529.800 INFO             PET0 ESMF_NETCDF                 : enabled
20221026 064529.800 INFO             PET0 ESMF_PNETCDF                : disabled
20221026 064529.800 INFO             PET0 ESMF_PIO                    : enabled
20221026 064529.800 INFO             PET0 ESMF_YAMLCPP                : enabled
20221026 064529.800 INFO             PET0 mainApp STARTING
20221026 064529.806 INFO             PET0 driver: InitializeGeneric intro.
20221026 064529.806 INFO             PET0   driver: InitializeP0 intro.
20221026 064529.806 INFO             PET0   driver: InitializeP0 extro.
20221026 064529.806 INFO             PET0   driver: InitializeIPDv02p1 intro.
20221026 064529.806 INFO             PET0     >>>driver: entered Initialize (phase=<none>) without valid internal Clock.
20221026 064529.807 INFO             PET0     driver - Creating model component MODEL without petList.
20221026 064529.810 INFO             PET0      GridCompIsPetLocal:  T
20221026 064529.810 INFO             PET0      VmIsCreated:  T
20221026 064529.810 INFO             PET0      valid MPI_COMM with size=           4
20221026 064529.810 INFO             PET0     driver - Creating state: modelComp 1 Import State
20221026 064529.810 INFO             PET0     driver - Creating state: modelComp 1 Export State
20221026 064529.811 INFO             PET0     MODEL: InitializeP0 intro.
20221026 064529.811 INFO             PET0       >>>MODEL: entered Initialize (phase=<none>) without valid internal Clock.
20221026 064529.813 INFO             PET0       <<<MODEL: leaving Initialize (phase=<none>) without valid internal Clock.
20221026 064529.813 INFO             PET0     MODEL: InitializeP0 extro.
20221026 064529.815 INFO             PET0     driver: IInitAdvertise intro.
20221026 064529.815 INFO             PET0     driver: IInitAdvertise extro.
20221026 064529.815 INFO             PET0     MODEL: InitializeIPDvXp01 intro.
20221026 064529.815 INFO             PET0       >>>MODEL: entered Initialize (phase=IPDvXp01) without valid internal Clock.
20221026 064529.818 INFO             PET0       <<<MODEL: leaving Initialize (phase=IPDvXp01) without valid internal Clock.
20221026 064529.818 INFO             PET0     MODEL: InitializeIPDvXp01 extro.
20221026 064529.819 INFO             PET0     driver: IInitAdvertiseFinish intro.
20221026 064529.819 INFO             PET0     driver: IInitAdvertiseFinish extro.
20221026 064529.820 INFO             PET0     driver: IInitModifyCplLists intro.
20221026 064529.820 INFO             PET0     driver: IInitModifyCplLists extro.
20221026 064529.820 INFO             PET0     <<<driver: leaving Initialize (phase=<none>) with current time:    0  1  1  0  0  0   0
20221026 064529.820 INFO             PET0   driver: InitializeIPDv02p1 extro.
20221026 064529.820 INFO             PET0   driver: InitializeIPDv02p3 intro.
20221026 064529.820 INFO             PET0     >>>driver: entered Initialize (phase=<none>) with current time:    0  1  1  0  0  0   0
20221026 064529.823 INFO             PET0     driver: IInitCheck intro.
20221026 064529.823 INFO             PET0     driver: IInitCheck extro.
20221026 064529.823 INFO             PET0     MODEL: InitializeIPDvXp04 intro.
20221026 064529.824 INFO             PET0       >>>MODEL: entered Initialize (phase=IPDvXp04) without valid internal Clock.
20221026 064529.829 INFO             PET0       After Realize: - MemInfo: [/proc/meminfo - SSI]	MemTotal:       65507008 kB
20221026 064529.829 INFO             PET0       After Realize: - MemInfo: [/proc/meminfo - SSI]	MemFree:        49073192 kB
20221026 064529.829 INFO             PET0       After Realize: - MemInfo: [/proc/meminfo - SSI]	MemAvailable:   49309528 kB
20221026 064529.829 INFO             PET0       After Realize: - MemInfo: [/proc/meminfo - SSI]	Committed_AS:   14499980 kB
20221026 064529.829 INFO             PET0       After Realize: - MemInfo: [/proc/meminfo - SSI]	CommittedPercent: 22.135 %
20221026 064529.829 INFO             PET0       After Realize: - MemInfo: [/proc/self/status]	VmPeak:	66001556 kB
20221026 064529.829 INFO             PET0       After Realize: - MemInfo: [/proc/self/status]	VmSize:	66001556 kB
20221026 064529.829 INFO             PET0       After Realize: - MemInfo: [/proc/self/status]	VmLck:	       0 kB
20221026 064529.829 INFO             PET0       After Realize: - MemInfo: [/proc/self/status]	VmPin:	       0 kB
20221026 064529.829 INFO             PET0       After Realize: - MemInfo: [/proc/self/status]	VmHWM:	   42888 kB
20221026 064529.830 INFO             PET0       After Realize: - MemInfo: [/proc/self/status]	VmRSS:	   42888 kB
20221026 064529.830 INFO             PET0       After Realize: - MemInfo: [/proc/self/status]	VmData:	   29604 kB
20221026 064529.830 INFO             PET0       After Realize: - MemInfo: [/proc/self/status]	VmStk:	     188 kB
20221026 064529.830 INFO             PET0       After Realize: - MemInfo: [/proc/self/status]	VmExe:	    1420 kB
20221026 064529.830 INFO             PET0       After Realize: - MemInfo: [/proc/self/status]	VmLib:	  131380 kB
20221026 064529.830 INFO             PET0       After Realize: - MemInfo: [/proc/self/status]	VmPTE:	     356 kB
20221026 064529.830 INFO             PET0       After Realize: - MemInfo: [/proc/self/status]	VmPMD:	      16 kB
20221026 064529.830 INFO             PET0       After Realize: - MemInfo: [/proc/self/status]	VmSwap:	       0 kB
20221026 064529.830 INFO             PET0       After Realize: - MemInfo: [/proc/self/status]	VmRSSPercent: 0.0654709 %
20221026 064529.830 INFO             PET0       After Realize: - MemInfo: [malloc] Non-mmapped space allocated:                19648512 Byte
20221026 064529.830 INFO             PET0       After Realize: - MemInfo: [malloc] Space allocated in mmapped regions:                0 Byte
20221026 064529.830 INFO             PET0       After Realize: - MemInfo: [malloc] Maximum total allocated space:                     0 Byte
20221026 064529.830 INFO             PET0       After Realize: - MemInfo: [malloc] Space in freed fastbin blocks:                   960 Byte
20221026 064529.830 INFO             PET0       After Realize: - MemInfo: [malloc] Total allocated space:                      19585376 Byte
20221026 064529.830 INFO             PET0       After Realize: - MemInfo: [malloc] Total free space:                              63136 Byte
20221026 064529.830 INFO             PET0       After Realize: - MemInfo: [malloc] Top-most, releasable space:                    62176 Byte
20221026 064529.830 INFO             PET0       After Realize: - MemInfo: [malloc] Total space in use, mmap + non-mmap:        19585376 Byte
20221026 064529.830 INFO             PET0       After Realize: - MemInfo: [malloc] Total space held (mmap + non-mmap):         19648512 Byte
20221026 064529.830 INFO             PET0       After Realize: - MemInfo: [malloc] Total space used (mmap + non-mmap):         19594736 Byte
20221026 064529.830 INFO             PET0       After Realize: - MemInfo: Wall-clock time since execution start:              0.0334566 seconds
20221026 064529.830 INFO             PET0       <<<MODEL: leaving Initialize (phase=IPDvXp04) without valid internal Clock.
20221026 064529.830 INFO             PET0     MODEL: InitializeIPDvXp04 extro.
20221026 064529.831 INFO             PET0     driver: IInitRealize intro.
20221026 064529.831 INFO             PET0     driver: IInitRealize extro.
20221026 064529.832 INFO             PET0     MODEL: InitializeIPDvXp07 intro.
20221026 064529.832 INFO             PET0       >>>MODEL: entered Initialize (phase=IPDvXp07) without valid internal Clock.
20221026 064529.832 INFO             PET0       <<<MODEL: leaving Initialize (phase=IPDvXp07) with current time:    0  1  1  0  0  0   0
20221026 064529.832 INFO             PET0     MODEL: InitializeIPDvXp07 extro.
20221026 064529.833 INFO             PET0     <<<driver: leaving Initialize (phase=<none>) with current time:    0  1  1  0  0  0   0
20221026 064529.833 INFO             PET0   driver: InitializeIPDv02p3 extro.
20221026 064529.833 INFO             PET0   driver: InitializeIPDv02p5 intro.
20221026 064529.833 INFO             PET0     >>>driver: entered Initialize (phase=<none>) with current time:    0  1  1  0  0  0   0
20221026 064529.833 INFO             PET0     driver: this is a top level driver, no 'Updated' and 'InitializeDataComplete' info on this level.
20221026 064529.833 INFO             PET0     driver: InitializeIPDv02p5Data intro.
20221026 064529.833 INFO             PET0       driver: InternalInitializeComplete intro.
20221026 064529.833 INFO             PET0         driver: InitializeDataComplete='true'
20221026 064529.833 INFO             PET0       driver: InternalInitializeComplete extro.
20221026 064529.834 INFO             PET0       MODEL: InitializeIPDvXp08 intro.
20221026 064529.834 INFO             PET0         >>>MODEL: entered Initialize (phase=IPDv05p8) with current time:    0  1  1  0  0  0   0
20221026 064529.834 INFO             PET0         MODEL: InitializeDataProgress='false', InitializeDataComplete='false'
20221026 064529.834 INFO             PET0         <<<MODEL: leaving Initialize (phase=IPDv05p8) with current time:    0  1  1  0  0  0   0
20221026 064529.834 INFO             PET0       MODEL: InitializeIPDvXp08 extro.
20221026 064529.835 INFO             PET0       driver: components present that trigger loopDataDependentInitialize().
20221026 064529.835 INFO             PET0       driver: loopDataDependentInitialize intro.
20221026 064529.835 INFO             PET0         driver: component    0=driver, dataComplete (local): true
20221026 064529.835 INFO             PET0         driver: component    0=driver, dataComplete (global):  T
20221026 064529.836 INFO             PET0         driver: component    1=MODEL, dataComplete (local): false
20221026 064529.836 INFO             PET0         driver: component    1=MODEL, dataComplete (global):  F
20221026 064529.836 INFO             PET0         MODEL: InitializeIPDvXp08 intro.
20221026 064529.836 INFO             PET0           >>>MODEL: entered Initialize (phase=IPDv05p8) with current time:    0  1  1  0  0  0   0
20221026 064529.836 INFO             PET0           MODEL: InitializeDataProgress='true', InitializeDataComplete='true'
20221026 064529.836 INFO             PET0           <<<MODEL: leaving Initialize (phase=IPDv05p8) with current time:    0  1  1  0  0  0   0
20221026 064529.836 INFO             PET0         MODEL: InitializeIPDvXp08 extro.
20221026 064529.837 INFO             PET0         driver: component    1=MODEL, someProgress (local): true
20221026 064529.837 INFO             PET0         driver: component    1=MODEL, someProgress (global):  T
20221026 064529.837 INFO             PET0         driver: someProgress= T, allComplete= F, present(dataDepAllComplete)= T
20221026 064529.837 INFO             PET0         driver: component    0=driver, dataComplete (local): true
20221026 064529.838 INFO             PET0         driver: component    0=driver, dataComplete (global):  T
20221026 064529.838 INFO             PET0         driver: component    1=MODEL, dataComplete (local): true
20221026 064529.838 INFO             PET0         driver: component    1=MODEL, dataComplete (global):  T
20221026 064529.838 INFO             PET0         driver: someProgress= F, allComplete= T, present(dataDepAllComplete)= T
20221026 064529.838 INFO             PET0         driver: finished resolving initialize data dependencies on this level.
20221026 064529.838 INFO             PET0       driver: loopDataDependentInitialize extro.
20221026 064529.838 INFO             PET0       driver: loopDataDependentInitialize() returned with dataDepAllComplete:  T
20221026 064529.838 INFO             PET0     driver: InitializeIPDv02p5Data extro.
20221026 064529.838 INFO             PET0     <<<driver: leaving Initialize (phase=<none>) with current time:    0  1  1  0  0  0   0
20221026 064529.838 INFO             PET0   driver: InitializeIPDv02p5 extro.
20221026 064529.838 INFO             PET0 driver: InitializeGeneric extro.
20221026 064529.838 INFO             PET0 driver: Run intro.
20221026 064529.838 INFO             PET0   >>>driver entered Run (phase=RunPhase1) with current time:    0  1  1  0  0  0   0
20221026 064529.838 INFO             PET0   driver: after lable_SetRunClock, current time:    0  1  1  0  0  0   0
20221026 064529.838 INFO             PET0   driver: begin -------> RunSequence.
20221026 064529.838 INFO             PET0     driver: RunSequence event loopLevel=   1  levelMember=   1  loopIteration=   1, current time:    0  1  1  0  0  0   0
20221026 064529.838 INFO             PET0     MODEL: Run intro.
20221026 064529.838 INFO             PET0       >>>MODEL: entered Run (phase=RunPhase1) with current time:    0  1  1  0  0  0   0
20221026 064529.838 INFO             PET0       MODEL: time step-loop starting, current time:    0  1  1  0  0  0   0
20221026 064529.839 INFO             PET0       thread_num=   0   currentSsiPe=   0   num_threads=   3   max_threads=   3   num_procs=   1
20221026 064529.839 INFO             PET0       thread_num=   2   currentSsiPe=   0   num_threads=   3   max_threads=   3   num_procs=   1
20221026 064529.847 INFO             PET0       thread_num=   1   currentSsiPe=   0   num_threads=   3   max_threads=   3   num_procs=   1
20221026 064529.847 INFO             PET0       ---->Advancing Model from:    0  1  1  0  0  0   0
20221026 064529.847 INFO             PET0       ---------------------> to:    0  1  1  0  0 30   0
20221026 064529.847 INFO             PET0       MODEL: time step-loop ending,   current time:    0  1  1  0  0 30   0
20221026 064529.847 INFO             PET0       <<<MODEL: leaving Run (phase=RunPhase1) with current time:    0  1  1  0  0 30   0
20221026 064529.847 INFO             PET0     MODEL: Run extro.
20221026 064529.847 INFO             PET0     driver: RunSequence event loopLevel=   1  levelMember=   1  loopIteration=   2, current time:    0  1  1  0  0 30   0
20221026 064529.847 INFO             PET0     MODEL: Run intro.
20221026 064529.847 INFO             PET0       >>>MODEL: entered Run (phase=RunPhase1) with current time:    0  1  1  0  0 30   0
20221026 064529.847 INFO             PET0       MODEL: time step-loop starting, current time:    0  1  1  0  0 30   0
20221026 064529.847 INFO             PET0       thread_num=   0   currentSsiPe=   0   num_threads=   3   max_threads=   3   num_procs=   1
20221026 064529.847 INFO             PET0       thread_num=   2   currentSsiPe=   0   num_threads=   3   max_threads=   3   num_procs=   1
20221026 064529.847 INFO             PET0       thread_num=   1   currentSsiPe=   0   num_threads=   3   max_threads=   3   num_procs=   1
20221026 064529.847 INFO             PET0       ---->Advancing Model from:    0  1  1  0  0 30   0
20221026 064529.847 INFO             PET0       ---------------------> to:    0  1  1  0  1  0   0
20221026 064529.847 INFO             PET0       MODEL: time step-loop ending,   current time:    0  1  1  0  1  0   0
20221026 064529.847 INFO             PET0       <<<MODEL: leaving Run (phase=RunPhase1) with current time:    0  1  1  0  1  0   0
20221026 064529.847 INFO             PET0     MODEL: Run extro.
20221026 064529.848 INFO             PET0     driver: RunSequence event loopLevel=   1  levelMember=   1  loopIteration=   3, current time:    0  1  1  0  1  0   0
20221026 064529.848 INFO             PET0     MODEL: Run intro.
20221026 064529.848 INFO             PET0       >>>MODEL: entered Run (phase=RunPhase1) with current time:    0  1  1  0  1  0   0
20221026 064529.848 INFO             PET0       MODEL: time step-loop starting, current time:    0  1  1  0  1  0   0
20221026 064529.848 INFO             PET0       thread_num=   0   currentSsiPe=   0   num_threads=   3   max_threads=   3   num_procs=   1
20221026 064529.848 INFO             PET0       thread_num=   2   currentSsiPe=   0   num_threads=   3   max_threads=   3   num_procs=   1
20221026 064529.848 INFO             PET0       thread_num=   1   currentSsiPe=   0   num_threads=   3   max_threads=   3   num_procs=   1
20221026 064529.848 INFO             PET0       ---->Advancing Model from:    0  1  1  0  1  0   0
20221026 064529.848 INFO             PET0       ---------------------> to:    0  1  1  0  1 30   0
20221026 064529.848 INFO             PET0       MODEL: time step-loop ending,   current time:    0  1  1  0  1 30   0
20221026 064529.848 INFO             PET0       <<<MODEL: leaving Run (phase=RunPhase1) with current time:    0  1  1  0  1 30   0
20221026 064529.848 INFO             PET0     MODEL: Run extro.
20221026 064529.848 INFO             PET0     driver: RunSequence event loopLevel=   1  levelMember=   1  loopIteration=   4, current time:    0  1  1  0  1 30   0
20221026 064529.848 INFO             PET0     MODEL: Run intro.
20221026 064529.848 INFO             PET0       >>>MODEL: entered Run (phase=RunPhase1) with current time:    0  1  1  0  1 30   0
20221026 064529.848 INFO             PET0       MODEL: time step-loop starting, current time:    0  1  1  0  1 30   0
20221026 064529.848 INFO             PET0       thread_num=   0   currentSsiPe=   0   num_threads=   3   max_threads=   3   num_procs=   1
20221026 064529.848 INFO             PET0       thread_num=   2   currentSsiPe=   0   num_threads=   3   max_threads=   3   num_procs=   1
20221026 064529.848 INFO             PET0       thread_num=   1   currentSsiPe=   0   num_threads=   3   max_threads=   3   num_procs=   1
20221026 064529.848 INFO             PET0       ---->Advancing Model from:    0  1  1  0  1 30   0
20221026 064529.849 INFO             PET0       ---------------------> to:    0  1  1  0  2  0   0
20221026 064529.849 INFO             PET0       MODEL: time step-loop ending,   current time:    0  1  1  0  2  0   0
20221026 064529.849 INFO             PET0       <<<MODEL: leaving Run (phase=RunPhase1) with current time:    0  1  1  0  2  0   0
20221026 064529.849 INFO             PET0     MODEL: Run extro.
20221026 064529.849 INFO             PET0     driver: RunSequence event loopLevel=   1  levelMember=   1  loopIteration=   5, current time:    0  1  1  0  2  0   0
20221026 064529.849 INFO             PET0     MODEL: Run intro.
20221026 064529.849 INFO             PET0       >>>MODEL: entered Run (phase=RunPhase1) with current time:    0  1  1  0  2  0   0
20221026 064529.849 INFO             PET0       MODEL: time step-loop starting, current time:    0  1  1  0  2  0   0
20221026 064529.849 INFO             PET0       thread_num=   0   currentSsiPe=   0   num_threads=   3   max_threads=   3   num_procs=   1
20221026 064529.849 INFO             PET0       thread_num=   2   currentSsiPe=   0   num_threads=   3   max_threads=   3   num_procs=   1
20221026 064529.849 INFO             PET0       thread_num=   1   currentSsiPe=   0   num_threads=   3   max_threads=   3   num_procs=   1
20221026 064529.849 INFO             PET0       ---->Advancing Model from:    0  1  1  0  2  0   0
20221026 064529.849 INFO             PET0       ---------------------> to:    0  1  1  0  2 30   0
20221026 064529.849 INFO             PET0       MODEL: time step-loop ending,   current time:    0  1  1  0  2 30   0
20221026 064529.849 INFO             PET0       <<<MODEL: leaving Run (phase=RunPhase1) with current time:    0  1  1  0  2 30   0
20221026 064529.849 INFO             PET0     MODEL: Run extro.
20221026 064529.849 INFO             PET0   driver: end <--------- RunSequence
20221026 064529.849 INFO             PET0   <<<driver - leaving Run with current time:    0  1  1  0  2 30   0
20221026 064529.849 INFO             PET0 driver: Run extro.
20221026 064529.849 INFO             PET0 driver: Finalize intro.
20221026 064529.849 INFO             PET0   Calling Finalize phase 1 for modelComp: MODEL
20221026 064529.849 INFO             PET0   MODEL: Finalize intro.
20221026 064529.850 INFO             PET0     >>>MODEL: entered Finalize (phase=FinalizePhase1) with current time:    0  1  1  0  2 30   0
20221026 064529.850 INFO             PET0     <<<MODEL: leaving Finalize (phase=FinalizePhase1) with current time:    0  1  1  0  2 30   0
20221026 064529.850 INFO             PET0   MODEL: Finalize extro.
20221026 064529.850 INFO             PET0   Delete modelComp: MODEL
20221026 064529.850 INFO             PET0   Delete Import-/Export State for modelComp: MODEL
20221026 064529.850 INFO             PET0 driver: Finalize extro.
20221026 064529.850 INFO             PET0 mainApp FINISHED
20221026 064529.850 INFO             PET0 Finalizing ESMF
20221026 064529.799 INFO             PET1 !!!!!!!!!!!!!!!!!!!!!!!!!!!!!!!!!!!!!!!!!!!!!!!!!!!!!!
20221026 064529.799 INFO             PET1 !!! THE ESMF_LOG IS SET TO OUTPUT ALL LOG MESSAGES !!!
20221026 064529.799 INFO             PET1 !!!     THIS MAY CAUSE SLOWDOWN IN PERFORMANCE     !!!
20221026 064529.799 INFO             PET1 !!! FOR PRODUCTION RUNS, USE:                      !!!
20221026 064529.799 INFO             PET1 !!!                   ESMF_LOGKIND_Multi_On_Error  !!!
20221026 064529.799 INFO             PET1 !!!!!!!!!!!!!!!!!!!!!!!!!!!!!!!!!!!!!!!!!!!!!!!!!!!!!!
20221026 064529.799 INFO             PET1 Running with ESMF Version   : v8.5.0b02-1-ge46659fdec
20221026 064529.799 INFO             PET1 ESMF library build date/time: "Oct 26 2022" "05:05:59"
20221026 064529.799 INFO             PET1 ESMF library build location : /glade/scratch/theurich/ESMF-Nightly-Testing/intel_18.0.5_mpt_g_develop/esmf
20221026 064529.799 INFO             PET1 ESMF_COMM                   : mpt
20221026 064529.800 INFO             PET1 ESMF_MOAB                   : enabled
20221026 064529.800 INFO             PET1 ESMF_LAPACK                 : enabled
20221026 064529.800 INFO             PET1 ESMF_NETCDF                 : enabled
20221026 064529.800 INFO             PET1 ESMF_PNETCDF                : disabled
20221026 064529.800 INFO             PET1 ESMF_PIO                    : enabled
20221026 064529.800 INFO             PET1 ESMF_YAMLCPP                : enabled
20221026 064529.800 INFO             PET1 mainApp STARTING
20221026 064529.806 INFO             PET1 driver: InitializeGeneric intro.
20221026 064529.806 INFO             PET1   driver: InitializeP0 intro.
20221026 064529.806 INFO             PET1   driver: InitializeP0 extro.
20221026 064529.806 INFO             PET1   driver: InitializeIPDv02p1 intro.
20221026 064529.806 INFO             PET1     >>>driver: entered Initialize (phase=<none>) without valid internal Clock.
20221026 064529.807 INFO             PET1     driver - Creating model component MODEL without petList.
20221026 064529.810 INFO             PET1      GridCompIsPetLocal:  T
20221026 064529.810 INFO             PET1      VmIsCreated:  T
20221026 064529.810 INFO             PET1      valid MPI_COMM with size=           4
20221026 064529.810 INFO             PET1     driver - Creating state: modelComp 1 Import State
20221026 064529.810 INFO             PET1     driver - Creating state: modelComp 1 Export State
20221026 064529.811 INFO             PET1     MODEL: InitializeP0 intro.
20221026 064529.811 INFO             PET1       >>>MODEL: entered Initialize (phase=<none>) without valid internal Clock.
20221026 064529.813 INFO             PET1       <<<MODEL: leaving Initialize (phase=<none>) without valid internal Clock.
20221026 064529.813 INFO             PET1     MODEL: InitializeP0 extro.
20221026 064529.815 INFO             PET1     driver: IInitAdvertise intro.
20221026 064529.815 INFO             PET1     driver: IInitAdvertise extro.
20221026 064529.816 INFO             PET1     MODEL: InitializeIPDvXp01 intro.
20221026 064529.816 INFO             PET1       >>>MODEL: entered Initialize (phase=IPDvXp01) without valid internal Clock.
20221026 064529.818 INFO             PET1       <<<MODEL: leaving Initialize (phase=IPDvXp01) without valid internal Clock.
20221026 064529.818 INFO             PET1     MODEL: InitializeIPDvXp01 extro.
20221026 064529.819 INFO             PET1     driver: IInitAdvertiseFinish intro.
20221026 064529.820 INFO             PET1     driver: IInitAdvertiseFinish extro.
20221026 064529.820 INFO             PET1     driver: IInitModifyCplLists intro.
20221026 064529.820 INFO             PET1     driver: IInitModifyCplLists extro.
20221026 064529.820 INFO             PET1     <<<driver: leaving Initialize (phase=<none>) with current time:    0  1  1  0  0  0   0
20221026 064529.820 INFO             PET1   driver: InitializeIPDv02p1 extro.
20221026 064529.820 INFO             PET1   driver: InitializeIPDv02p3 intro.
20221026 064529.820 INFO             PET1     >>>driver: entered Initialize (phase=<none>) with current time:    0  1  1  0  0  0   0
20221026 064529.823 INFO             PET1     driver: IInitCheck intro.
20221026 064529.823 INFO             PET1     driver: IInitCheck extro.
20221026 064529.824 INFO             PET1     MODEL: InitializeIPDvXp04 intro.
20221026 064529.824 INFO             PET1       >>>MODEL: entered Initialize (phase=IPDvXp04) without valid internal Clock.
20221026 064529.829 INFO             PET1       After Realize: - MemInfo: [/proc/meminfo - SSI]	MemTotal:       65507008 kB
20221026 064529.829 INFO             PET1       After Realize: - MemInfo: [/proc/meminfo - SSI]	MemFree:        49073192 kB
20221026 064529.829 INFO             PET1       After Realize: - MemInfo: [/proc/meminfo - SSI]	MemAvailable:   49309528 kB
20221026 064529.829 INFO             PET1       After Realize: - MemInfo: [/proc/meminfo - SSI]	Committed_AS:   14499980 kB
20221026 064529.829 INFO             PET1       After Realize: - MemInfo: [/proc/meminfo - SSI]	CommittedPercent: 22.135 %
20221026 064529.829 INFO             PET1       After Realize: - MemInfo: [/proc/self/status]	VmPeak:	66001548 kB
20221026 064529.829 INFO             PET1       After Realize: - MemInfo: [/proc/self/status]	VmSize:	66001548 kB
20221026 064529.829 INFO             PET1       After Realize: - MemInfo: [/proc/self/status]	VmLck:	       0 kB
20221026 064529.829 INFO             PET1       After Realize: - MemInfo: [/proc/self/status]	VmPin:	       0 kB
20221026 064529.830 INFO             PET1       After Realize: - MemInfo: [/proc/self/status]	VmHWM:	   42868 kB
20221026 064529.830 INFO             PET1       After Realize: - MemInfo: [/proc/self/status]	VmRSS:	   42868 kB
20221026 064529.830 INFO             PET1       After Realize: - MemInfo: [/proc/self/status]	VmData:	   29596 kB
20221026 064529.830 INFO             PET1       After Realize: - MemInfo: [/proc/self/status]	VmStk:	     188 kB
20221026 064529.830 INFO             PET1       After Realize: - MemInfo: [/proc/self/status]	VmExe:	    1420 kB
20221026 064529.830 INFO             PET1       After Realize: - MemInfo: [/proc/self/status]	VmLib:	  131380 kB
20221026 064529.830 INFO             PET1       After Realize: - MemInfo: [/proc/self/status]	VmPTE:	     364 kB
20221026 064529.830 INFO             PET1       After Realize: - MemInfo: [/proc/self/status]	VmPMD:	      20 kB
20221026 064529.830 INFO             PET1       After Realize: - MemInfo: [/proc/self/status]	VmSwap:	       0 kB
20221026 064529.830 INFO             PET1       After Realize: - MemInfo: [/proc/self/status]	VmRSSPercent: 0.0654403 %
20221026 064529.830 INFO             PET1       After Realize: - MemInfo: [malloc] Non-mmapped space allocated:                19640320 Byte
20221026 064529.830 INFO             PET1       After Realize: - MemInfo: [malloc] Space allocated in mmapped regions:                0 Byte
20221026 064529.830 INFO             PET1       After Realize: - MemInfo: [malloc] Maximum total allocated space:                     0 Byte
20221026 064529.830 INFO             PET1       After Realize: - MemInfo: [malloc] Space in freed fastbin blocks:                  1024 Byte
20221026 064529.830 INFO             PET1       After Realize: - MemInfo: [malloc] Total allocated space:                      19586112 Byte
20221026 064529.830 INFO             PET1       After Realize: - MemInfo: [malloc] Total free space:                              54208 Byte
20221026 064529.830 INFO             PET1       After Realize: - MemInfo: [malloc] Top-most, releasable space:                    53184 Byte
20221026 064529.830 INFO             PET1       After Realize: - MemInfo: [malloc] Total space in use, mmap + non-mmap:        19586112 Byte
20221026 064529.830 INFO             PET1       After Realize: - MemInfo: [malloc] Total space held (mmap + non-mmap):         19640320 Byte
20221026 064529.830 INFO             PET1       After Realize: - MemInfo: [malloc] Total space used (mmap + non-mmap):         19595472 Byte
20221026 064529.830 INFO             PET1       After Realize: - MemInfo: Wall-clock time since execution start:              0.0334582 seconds
20221026 064529.830 INFO             PET1       <<<MODEL: leaving Initialize (phase=IPDvXp04) without valid internal Clock.
20221026 064529.830 INFO             PET1     MODEL: InitializeIPDvXp04 extro.
20221026 064529.831 INFO             PET1     driver: IInitRealize intro.
20221026 064529.831 INFO             PET1     driver: IInitRealize extro.
20221026 064529.832 INFO             PET1     MODEL: InitializeIPDvXp07 intro.
20221026 064529.832 INFO             PET1       >>>MODEL: entered Initialize (phase=IPDvXp07) without valid internal Clock.
20221026 064529.832 INFO             PET1       <<<MODEL: leaving Initialize (phase=IPDvXp07) with current time:    0  1  1  0  0  0   0
20221026 064529.832 INFO             PET1     MODEL: InitializeIPDvXp07 extro.
20221026 064529.833 INFO             PET1     <<<driver: leaving Initialize (phase=<none>) with current time:    0  1  1  0  0  0   0
20221026 064529.833 INFO             PET1   driver: InitializeIPDv02p3 extro.
20221026 064529.833 INFO             PET1   driver: InitializeIPDv02p5 intro.
20221026 064529.833 INFO             PET1     >>>driver: entered Initialize (phase=<none>) with current time:    0  1  1  0  0  0   0
20221026 064529.833 INFO             PET1     driver: this is a top level driver, no 'Updated' and 'InitializeDataComplete' info on this level.
20221026 064529.833 INFO             PET1     driver: InitializeIPDv02p5Data intro.
20221026 064529.833 INFO             PET1       driver: InternalInitializeComplete intro.
20221026 064529.834 INFO             PET1         driver: InitializeDataComplete='true'
20221026 064529.834 INFO             PET1       driver: InternalInitializeComplete extro.
20221026 064529.834 INFO             PET1       MODEL: InitializeIPDvXp08 intro.
20221026 064529.834 INFO             PET1         >>>MODEL: entered Initialize (phase=IPDv05p8) with current time:    0  1  1  0  0  0   0
20221026 064529.834 INFO             PET1         MODEL: InitializeDataProgress='false', InitializeDataComplete='false'
20221026 064529.834 INFO             PET1         <<<MODEL: leaving Initialize (phase=IPDv05p8) with current time:    0  1  1  0  0  0   0
20221026 064529.834 INFO             PET1       MODEL: InitializeIPDvXp08 extro.
20221026 064529.835 INFO             PET1       driver: components present that trigger loopDataDependentInitialize().
20221026 064529.835 INFO             PET1       driver: loopDataDependentInitialize intro.
20221026 064529.835 INFO             PET1         driver: component    0=driver, dataComplete (local): true
20221026 064529.835 INFO             PET1         driver: component    0=driver, dataComplete (global):  T
20221026 064529.836 INFO             PET1         driver: component    1=MODEL, dataComplete (local): false
20221026 064529.836 INFO             PET1         driver: component    1=MODEL, dataComplete (global):  F
20221026 064529.836 INFO             PET1         MODEL: InitializeIPDvXp08 intro.
20221026 064529.836 INFO             PET1           >>>MODEL: entered Initialize (phase=IPDv05p8) with current time:    0  1  1  0  0  0   0
20221026 064529.836 INFO             PET1           MODEL: InitializeDataProgress='true', InitializeDataComplete='true'
20221026 064529.836 INFO             PET1           <<<MODEL: leaving Initialize (phase=IPDv05p8) with current time:    0  1  1  0  0  0   0
20221026 064529.836 INFO             PET1         MODEL: InitializeIPDvXp08 extro.
20221026 064529.837 INFO             PET1         driver: component    1=MODEL, someProgress (local): true
20221026 064529.837 INFO             PET1         driver: component    1=MODEL, someProgress (global):  T
20221026 064529.837 INFO             PET1         driver: someProgress= T, allComplete= F, present(dataDepAllComplete)= T
20221026 064529.837 INFO             PET1         driver: component    0=driver, dataComplete (local): true
20221026 064529.838 INFO             PET1         driver: component    0=driver, dataComplete (global):  T
20221026 064529.838 INFO             PET1         driver: component    1=MODEL, dataComplete (local): true
20221026 064529.838 INFO             PET1         driver: component    1=MODEL, dataComplete (global):  T
20221026 064529.838 INFO             PET1         driver: someProgress= F, allComplete= T, present(dataDepAllComplete)= T
20221026 064529.838 INFO             PET1         driver: finished resolving initialize data dependencies on this level.
20221026 064529.838 INFO             PET1       driver: loopDataDependentInitialize extro.
20221026 064529.838 INFO             PET1       driver: loopDataDependentInitialize() returned with dataDepAllComplete:  T
20221026 064529.838 INFO             PET1     driver: InitializeIPDv02p5Data extro.
20221026 064529.838 INFO             PET1     <<<driver: leaving Initialize (phase=<none>) with current time:    0  1  1  0  0  0   0
20221026 064529.838 INFO             PET1   driver: InitializeIPDv02p5 extro.
20221026 064529.838 INFO             PET1 driver: InitializeGeneric extro.
20221026 064529.838 INFO             PET1 driver: Run intro.
20221026 064529.838 INFO             PET1   >>>driver entered Run (phase=RunPhase1) with current time:    0  1  1  0  0  0   0
20221026 064529.838 INFO             PET1   driver: after lable_SetRunClock, current time:    0  1  1  0  0  0   0
20221026 064529.838 INFO             PET1   driver: begin -------> RunSequence.
20221026 064529.838 INFO             PET1     driver: RunSequence event loopLevel=   1  levelMember=   1  loopIteration=   1, current time:    0  1  1  0  0  0   0
20221026 064529.838 INFO             PET1     MODEL: Run intro.
20221026 064529.838 INFO             PET1       >>>MODEL: entered Run (phase=RunPhase1) with current time:    0  1  1  0  0  0   0
20221026 064529.838 INFO             PET1       MODEL: time step-loop starting, current time:    0  1  1  0  0  0   0
20221026 064529.839 INFO             PET1       thread_num=   0   currentSsiPe=   1   num_threads=   3   max_threads=   3   num_procs=   1
20221026 064529.839 INFO             PET1       thread_num=   2   currentSsiPe=   1   num_threads=   3   max_threads=   3   num_procs=   1
20221026 064529.847 INFO             PET1       thread_num=   1   currentSsiPe=   1   num_threads=   3   max_threads=   3   num_procs=   1
20221026 064529.847 INFO             PET1       ---->Advancing Model from:    0  1  1  0  0  0   0
20221026 064529.847 INFO             PET1       ---------------------> to:    0  1  1  0  0 30   0
20221026 064529.847 INFO             PET1       MODEL: time step-loop ending,   current time:    0  1  1  0  0 30   0
20221026 064529.847 INFO             PET1       <<<MODEL: leaving Run (phase=RunPhase1) with current time:    0  1  1  0  0 30   0
20221026 064529.847 INFO             PET1     MODEL: Run extro.
20221026 064529.847 INFO             PET1     driver: RunSequence event loopLevel=   1  levelMember=   1  loopIteration=   2, current time:    0  1  1  0  0 30   0
20221026 064529.847 INFO             PET1     MODEL: Run intro.
20221026 064529.847 INFO             PET1       >>>MODEL: entered Run (phase=RunPhase1) with current time:    0  1  1  0  0 30   0
20221026 064529.847 INFO             PET1       MODEL: time step-loop starting, current time:    0  1  1  0  0 30   0
20221026 064529.847 INFO             PET1       thread_num=   0   currentSsiPe=   1   num_threads=   3   max_threads=   3   num_procs=   1
20221026 064529.858 INFO             PET1       thread_num=   2   currentSsiPe=   1   num_threads=   3   max_threads=   3   num_procs=   1
20221026 064529.882 INFO             PET1       thread_num=   1   currentSsiPe=   1   num_threads=   3   max_threads=   3   num_procs=   1
20221026 064529.918 INFO             PET1       ---->Advancing Model from:    0  1  1  0  0 30   0
20221026 064529.918 INFO             PET1       ---------------------> to:    0  1  1  0  1  0   0
20221026 064529.918 INFO             PET1       MODEL: time step-loop ending,   current time:    0  1  1  0  1  0   0
20221026 064529.918 INFO             PET1       <<<MODEL: leaving Run (phase=RunPhase1) with current time:    0  1  1  0  1  0   0
20221026 064529.918 INFO             PET1     MODEL: Run extro.
20221026 064529.918 INFO             PET1     driver: RunSequence event loopLevel=   1  levelMember=   1  loopIteration=   3, current time:    0  1  1  0  1  0   0
20221026 064529.918 INFO             PET1     MODEL: Run intro.
20221026 064529.919 INFO             PET1       >>>MODEL: entered Run (phase=RunPhase1) with current time:    0  1  1  0  1  0   0
20221026 064529.919 INFO             PET1       MODEL: time step-loop starting, current time:    0  1  1  0  1  0   0
20221026 064529.919 INFO             PET1       thread_num=   0   currentSsiPe=   1   num_threads=   3   max_threads=   3   num_procs=   1
20221026 064529.930 INFO             PET1       thread_num=   2   currentSsiPe=   1   num_threads=   3   max_threads=   3   num_procs=   1
20221026 064529.942 INFO             PET1       thread_num=   1   currentSsiPe=   1   num_threads=   3   max_threads=   3   num_procs=   1
20221026 064529.954 INFO             PET1       ---->Advancing Model from:    0  1  1  0  1  0   0
20221026 064529.954 INFO             PET1       ---------------------> to:    0  1  1  0  1 30   0
20221026 064529.954 INFO             PET1       MODEL: time step-loop ending,   current time:    0  1  1  0  1 30   0
20221026 064529.954 INFO             PET1       <<<MODEL: leaving Run (phase=RunPhase1) with current time:    0  1  1  0  1 30   0
20221026 064529.954 INFO             PET1     MODEL: Run extro.
20221026 064529.954 INFO             PET1     driver: RunSequence event loopLevel=   1  levelMember=   1  loopIteration=   4, current time:    0  1  1  0  1 30   0
20221026 064529.954 INFO             PET1     MODEL: Run intro.
20221026 064529.955 INFO             PET1       >>>MODEL: entered Run (phase=RunPhase1) with current time:    0  1  1  0  1 30   0
20221026 064529.955 INFO             PET1       MODEL: time step-loop starting, current time:    0  1  1  0  1 30   0
20221026 064529.955 INFO             PET1       thread_num=   0   currentSsiPe=   1   num_threads=   3   max_threads=   3   num_procs=   1
20221026 064529.966 INFO             PET1       thread_num=   2   currentSsiPe=   1   num_threads=   3   max_threads=   3   num_procs=   1
20221026 064529.978 INFO             PET1       thread_num=   1   currentSsiPe=   1   num_threads=   3   max_threads=   3   num_procs=   1
20221026 064529.990 INFO             PET1       ---->Advancing Model from:    0  1  1  0  1 30   0
20221026 064529.990 INFO             PET1       ---------------------> to:    0  1  1  0  2  0   0
20221026 064529.990 INFO             PET1       MODEL: time step-loop ending,   current time:    0  1  1  0  2  0   0
20221026 064529.990 INFO             PET1       <<<MODEL: leaving Run (phase=RunPhase1) with current time:    0  1  1  0  2  0   0
20221026 064529.990 INFO             PET1     MODEL: Run extro.
20221026 064529.990 INFO             PET1     driver: RunSequence event loopLevel=   1  levelMember=   1  loopIteration=   5, current time:    0  1  1  0  2  0   0
20221026 064529.990 INFO             PET1     MODEL: Run intro.
20221026 064529.991 INFO             PET1       >>>MODEL: entered Run (phase=RunPhase1) with current time:    0  1  1  0  2  0   0
20221026 064529.991 INFO             PET1       MODEL: time step-loop starting, current time:    0  1  1  0  2  0   0
20221026 064529.991 INFO             PET1       thread_num=   0   currentSsiPe=   1   num_threads=   3   max_threads=   3   num_procs=   1
20221026 064530.002 INFO             PET1       thread_num=   2   currentSsiPe=   1   num_threads=   3   max_threads=   3   num_procs=   1
20221026 064530.014 INFO             PET1       thread_num=   1   currentSsiPe=   1   num_threads=   3   max_threads=   3   num_procs=   1
20221026 064530.026 INFO             PET1       ---->Advancing Model from:    0  1  1  0  2  0   0
20221026 064530.026 INFO             PET1       ---------------------> to:    0  1  1  0  2 30   0
20221026 064530.026 INFO             PET1       MODEL: time step-loop ending,   current time:    0  1  1  0  2 30   0
20221026 064530.026 INFO             PET1       <<<MODEL: leaving Run (phase=RunPhase1) with current time:    0  1  1  0  2 30   0
20221026 064530.026 INFO             PET1     MODEL: Run extro.
20221026 064530.026 INFO             PET1   driver: end <--------- RunSequence
20221026 064530.026 INFO             PET1   <<<driver - leaving Run with current time:    0  1  1  0  2 30   0
20221026 064530.026 INFO             PET1 driver: Run extro.
20221026 064530.026 INFO             PET1 driver: Finalize intro.
20221026 064530.026 INFO             PET1   Calling Finalize phase 1 for modelComp: MODEL
20221026 064530.027 INFO             PET1   MODEL: Finalize intro.
20221026 064530.027 INFO             PET1     >>>MODEL: entered Finalize (phase=FinalizePhase1) with current time:    0  1  1  0  2 30   0
20221026 064530.027 INFO             PET1     <<<MODEL: leaving Finalize (phase=FinalizePhase1) with current time:    0  1  1  0  2 30   0
20221026 064530.027 INFO             PET1   MODEL: Finalize extro.
20221026 064530.027 INFO             PET1   Delete modelComp: MODEL
20221026 064530.027 INFO             PET1   Delete Import-/Export State for modelComp: MODEL
20221026 064530.027 INFO             PET1 driver: Finalize extro.
20221026 064530.027 INFO             PET1 mainApp FINISHED
20221026 064530.027 INFO             PET1 Finalizing ESMF
20221026 064529.799 INFO             PET2 !!!!!!!!!!!!!!!!!!!!!!!!!!!!!!!!!!!!!!!!!!!!!!!!!!!!!!
20221026 064529.799 INFO             PET2 !!! THE ESMF_LOG IS SET TO OUTPUT ALL LOG MESSAGES !!!
20221026 064529.799 INFO             PET2 !!!     THIS MAY CAUSE SLOWDOWN IN PERFORMANCE     !!!
20221026 064529.799 INFO             PET2 !!! FOR PRODUCTION RUNS, USE:                      !!!
20221026 064529.799 INFO             PET2 !!!                   ESMF_LOGKIND_Multi_On_Error  !!!
20221026 064529.799 INFO             PET2 !!!!!!!!!!!!!!!!!!!!!!!!!!!!!!!!!!!!!!!!!!!!!!!!!!!!!!
20221026 064529.799 INFO             PET2 Running with ESMF Version   : v8.5.0b02-1-ge46659fdec
20221026 064529.799 INFO             PET2 ESMF library build date/time: "Oct 26 2022" "05:05:59"
20221026 064529.799 INFO             PET2 ESMF library build location : /glade/scratch/theurich/ESMF-Nightly-Testing/intel_18.0.5_mpt_g_develop/esmf
20221026 064529.799 INFO             PET2 ESMF_COMM                   : mpt
20221026 064529.800 INFO             PET2 ESMF_MOAB                   : enabled
20221026 064529.800 INFO             PET2 ESMF_LAPACK                 : enabled
20221026 064529.800 INFO             PET2 ESMF_NETCDF                 : enabled
20221026 064529.800 INFO             PET2 ESMF_PNETCDF                : disabled
20221026 064529.800 INFO             PET2 ESMF_PIO                    : enabled
20221026 064529.800 INFO             PET2 ESMF_YAMLCPP                : enabled
20221026 064529.800 INFO             PET2 mainApp STARTING
20221026 064529.806 INFO             PET2 driver: InitializeGeneric intro.
20221026 064529.806 INFO             PET2   driver: InitializeP0 intro.
20221026 064529.806 INFO             PET2   driver: InitializeP0 extro.
20221026 064529.806 INFO             PET2   driver: InitializeIPDv02p1 intro.
20221026 064529.806 INFO             PET2     >>>driver: entered Initialize (phase=<none>) without valid internal Clock.
20221026 064529.807 INFO             PET2     driver - Creating model component MODEL without petList.
20221026 064529.810 INFO             PET2      GridCompIsPetLocal:  T
20221026 064529.810 INFO             PET2      VmIsCreated:  T
20221026 064529.810 INFO             PET2      valid MPI_COMM with size=           4
20221026 064529.810 INFO             PET2     driver - Creating state: modelComp 1 Import State
20221026 064529.810 INFO             PET2     driver - Creating state: modelComp 1 Export State
20221026 064529.811 INFO             PET2     MODEL: InitializeP0 intro.
20221026 064529.811 INFO             PET2       >>>MODEL: entered Initialize (phase=<none>) without valid internal Clock.
20221026 064529.813 INFO             PET2       <<<MODEL: leaving Initialize (phase=<none>) without valid internal Clock.
20221026 064529.813 INFO             PET2     MODEL: InitializeP0 extro.
20221026 064529.815 INFO             PET2     driver: IInitAdvertise intro.
20221026 064529.815 INFO             PET2     driver: IInitAdvertise extro.
20221026 064529.816 INFO             PET2     MODEL: InitializeIPDvXp01 intro.
20221026 064529.816 INFO             PET2       >>>MODEL: entered Initialize (phase=IPDvXp01) without valid internal Clock.
20221026 064529.818 INFO             PET2       <<<MODEL: leaving Initialize (phase=IPDvXp01) without valid internal Clock.
20221026 064529.818 INFO             PET2     MODEL: InitializeIPDvXp01 extro.
20221026 064529.819 INFO             PET2     driver: IInitAdvertiseFinish intro.
20221026 064529.819 INFO             PET2     driver: IInitAdvertiseFinish extro.
20221026 064529.820 INFO             PET2     driver: IInitModifyCplLists intro.
20221026 064529.820 INFO             PET2     driver: IInitModifyCplLists extro.
20221026 064529.820 INFO             PET2     <<<driver: leaving Initialize (phase=<none>) with current time:    0  1  1  0  0  0   0
20221026 064529.820 INFO             PET2   driver: InitializeIPDv02p1 extro.
20221026 064529.820 INFO             PET2   driver: InitializeIPDv02p3 intro.
20221026 064529.820 INFO             PET2     >>>driver: entered Initialize (phase=<none>) with current time:    0  1  1  0  0  0   0
20221026 064529.823 INFO             PET2     driver: IInitCheck intro.
20221026 064529.823 INFO             PET2     driver: IInitCheck extro.
20221026 064529.824 INFO             PET2     MODEL: InitializeIPDvXp04 intro.
20221026 064529.824 INFO             PET2       >>>MODEL: entered Initialize (phase=IPDvXp04) without valid internal Clock.
20221026 064529.829 INFO             PET2       After Realize: - MemInfo: [/proc/meminfo - SSI]	MemTotal:       65507008 kB
20221026 064529.829 INFO             PET2       After Realize: - MemInfo: [/proc/meminfo - SSI]	MemFree:        49073192 kB
20221026 064529.829 INFO             PET2       After Realize: - MemInfo: [/proc/meminfo - SSI]	MemAvailable:   49309528 kB
20221026 064529.829 INFO             PET2       After Realize: - MemInfo: [/proc/meminfo - SSI]	Committed_AS:   14499980 kB
20221026 064529.829 INFO             PET2       After Realize: - MemInfo: [/proc/meminfo - SSI]	CommittedPercent: 22.135 %
20221026 064529.829 INFO             PET2       After Realize: - MemInfo: [/proc/self/status]	VmPeak:	66001556 kB
20221026 064529.829 INFO             PET2       After Realize: - MemInfo: [/proc/self/status]	VmSize:	66001556 kB
20221026 064529.829 INFO             PET2       After Realize: - MemInfo: [/proc/self/status]	VmLck:	       0 kB
20221026 064529.829 INFO             PET2       After Realize: - MemInfo: [/proc/self/status]	VmPin:	       0 kB
20221026 064529.829 INFO             PET2       After Realize: - MemInfo: [/proc/self/status]	VmHWM:	   42884 kB
20221026 064529.829 INFO             PET2       After Realize: - MemInfo: [/proc/self/status]	VmRSS:	   42884 kB
20221026 064529.829 INFO             PET2       After Realize: - MemInfo: [/proc/self/status]	VmData:	   29604 kB
20221026 064529.829 INFO             PET2       After Realize: - MemInfo: [/proc/self/status]	VmStk:	     188 kB
20221026 064529.829 INFO             PET2       After Realize: - MemInfo: [/proc/self/status]	VmExe:	    1420 kB
20221026 064529.829 INFO             PET2       After Realize: - MemInfo: [/proc/self/status]	VmLib:	  131380 kB
20221026 064529.829 INFO             PET2       After Realize: - MemInfo: [/proc/self/status]	VmPTE:	     368 kB
20221026 064529.830 INFO             PET2       After Realize: - MemInfo: [/proc/self/status]	VmPMD:	      20 kB
20221026 064529.830 INFO             PET2       After Realize: - MemInfo: [/proc/self/status]	VmSwap:	       0 kB
20221026 064529.830 INFO             PET2       After Realize: - MemInfo: [/proc/self/status]	VmRSSPercent: 0.0654648 %
20221026 064529.830 INFO             PET2       After Realize: - MemInfo: [malloc] Non-mmapped space allocated:                19648512 Byte
20221026 064529.830 INFO             PET2       After Realize: - MemInfo: [malloc] Space allocated in mmapped regions:                0 Byte
20221026 064529.830 INFO             PET2       After Realize: - MemInfo: [malloc] Maximum total allocated space:                     0 Byte
20221026 064529.830 INFO             PET2       After Realize: - MemInfo: [malloc] Space in freed fastbin blocks:                   960 Byte
20221026 064529.830 INFO             PET2       After Realize: - MemInfo: [malloc] Total allocated space:                      19586160 Byte
20221026 064529.830 INFO             PET2       After Realize: - MemInfo: [malloc] Total free space:                              62352 Byte
20221026 064529.830 INFO             PET2       After Realize: - MemInfo: [malloc] Top-most, releasable space:                    61392 Byte
20221026 064529.830 INFO             PET2       After Realize: - MemInfo: [malloc] Total space in use, mmap + non-mmap:        19586160 Byte
20221026 064529.830 INFO             PET2       After Realize: - MemInfo: [malloc] Total space held (mmap + non-mmap):         19648512 Byte
20221026 064529.830 INFO             PET2       After Realize: - MemInfo: [malloc] Total space used (mmap + non-mmap):         19595520 Byte
20221026 064529.830 INFO             PET2       After Realize: - MemInfo: Wall-clock time since execution start:              0.0333793 seconds
20221026 064529.830 INFO             PET2       <<<MODEL: leaving Initialize (phase=IPDvXp04) without valid internal Clock.
20221026 064529.830 INFO             PET2     MODEL: InitializeIPDvXp04 extro.
20221026 064529.831 INFO             PET2     driver: IInitRealize intro.
20221026 064529.831 INFO             PET2     driver: IInitRealize extro.
20221026 064529.832 INFO             PET2     MODEL: InitializeIPDvXp07 intro.
20221026 064529.832 INFO             PET2       >>>MODEL: entered Initialize (phase=IPDvXp07) without valid internal Clock.
20221026 064529.832 INFO             PET2       <<<MODEL: leaving Initialize (phase=IPDvXp07) with current time:    0  1  1  0  0  0   0
20221026 064529.832 INFO             PET2     MODEL: InitializeIPDvXp07 extro.
20221026 064529.833 INFO             PET2     <<<driver: leaving Initialize (phase=<none>) with current time:    0  1  1  0  0  0   0
20221026 064529.833 INFO             PET2   driver: InitializeIPDv02p3 extro.
20221026 064529.833 INFO             PET2   driver: InitializeIPDv02p5 intro.
20221026 064529.833 INFO             PET2     >>>driver: entered Initialize (phase=<none>) with current time:    0  1  1  0  0  0   0
20221026 064529.833 INFO             PET2     driver: this is a top level driver, no 'Updated' and 'InitializeDataComplete' info on this level.
20221026 064529.833 INFO             PET2     driver: InitializeIPDv02p5Data intro.
20221026 064529.833 INFO             PET2       driver: InternalInitializeComplete intro.
20221026 064529.834 INFO             PET2         driver: InitializeDataComplete='true'
20221026 064529.834 INFO             PET2       driver: InternalInitializeComplete extro.
20221026 064529.834 INFO             PET2       MODEL: InitializeIPDvXp08 intro.
20221026 064529.834 INFO             PET2         >>>MODEL: entered Initialize (phase=IPDv05p8) with current time:    0  1  1  0  0  0   0
20221026 064529.834 INFO             PET2         MODEL: InitializeDataProgress='false', InitializeDataComplete='false'
20221026 064529.834 INFO             PET2         <<<MODEL: leaving Initialize (phase=IPDv05p8) with current time:    0  1  1  0  0  0   0
20221026 064529.834 INFO             PET2       MODEL: InitializeIPDvXp08 extro.
20221026 064529.835 INFO             PET2       driver: components present that trigger loopDataDependentInitialize().
20221026 064529.835 INFO             PET2       driver: loopDataDependentInitialize intro.
20221026 064529.835 INFO             PET2         driver: component    0=driver, dataComplete (local): true
20221026 064529.835 INFO             PET2         driver: component    0=driver, dataComplete (global):  T
20221026 064529.836 INFO             PET2         driver: component    1=MODEL, dataComplete (local): false
20221026 064529.836 INFO             PET2         driver: component    1=MODEL, dataComplete (global):  F
20221026 064529.836 INFO             PET2         MODEL: InitializeIPDvXp08 intro.
20221026 064529.836 INFO             PET2           >>>MODEL: entered Initialize (phase=IPDv05p8) with current time:    0  1  1  0  0  0   0
20221026 064529.836 INFO             PET2           MODEL: InitializeDataProgress='true', InitializeDataComplete='true'
20221026 064529.836 INFO             PET2           <<<MODEL: leaving Initialize (phase=IPDv05p8) with current time:    0  1  1  0  0  0   0
20221026 064529.836 INFO             PET2         MODEL: InitializeIPDvXp08 extro.
20221026 064529.837 INFO             PET2         driver: component    1=MODEL, someProgress (local): true
20221026 064529.837 INFO             PET2         driver: component    1=MODEL, someProgress (global):  T
20221026 064529.837 INFO             PET2         driver: someProgress= T, allComplete= F, present(dataDepAllComplete)= T
20221026 064529.837 INFO             PET2         driver: component    0=driver, dataComplete (local): true
20221026 064529.838 INFO             PET2         driver: component    0=driver, dataComplete (global):  T
20221026 064529.838 INFO             PET2         driver: component    1=MODEL, dataComplete (local): true
20221026 064529.838 INFO             PET2         driver: component    1=MODEL, dataComplete (global):  T
20221026 064529.838 INFO             PET2         driver: someProgress= F, allComplete= T, present(dataDepAllComplete)= T
20221026 064529.838 INFO             PET2         driver: finished resolving initialize data dependencies on this level.
20221026 064529.838 INFO             PET2       driver: loopDataDependentInitialize extro.
20221026 064529.838 INFO             PET2       driver: loopDataDependentInitialize() returned with dataDepAllComplete:  T
20221026 064529.838 INFO             PET2     driver: InitializeIPDv02p5Data extro.
20221026 064529.838 INFO             PET2     <<<driver: leaving Initialize (phase=<none>) with current time:    0  1  1  0  0  0   0
20221026 064529.838 INFO             PET2   driver: InitializeIPDv02p5 extro.
20221026 064529.838 INFO             PET2 driver: InitializeGeneric extro.
20221026 064529.838 INFO             PET2 driver: Run intro.
20221026 064529.838 INFO             PET2   >>>driver entered Run (phase=RunPhase1) with current time:    0  1  1  0  0  0   0
20221026 064529.838 INFO             PET2   driver: after lable_SetRunClock, current time:    0  1  1  0  0  0   0
20221026 064529.838 INFO             PET2   driver: begin -------> RunSequence.
20221026 064529.838 INFO             PET2     driver: RunSequence event loopLevel=   1  levelMember=   1  loopIteration=   1, current time:    0  1  1  0  0  0   0
20221026 064529.838 INFO             PET2     MODEL: Run intro.
20221026 064529.838 INFO             PET2       >>>MODEL: entered Run (phase=RunPhase1) with current time:    0  1  1  0  0  0   0
20221026 064529.838 INFO             PET2       MODEL: time step-loop starting, current time:    0  1  1  0  0  0   0
20221026 064529.839 INFO             PET2       thread_num=   0   currentSsiPe=   2   num_threads=   3   max_threads=   3   num_procs=   1
20221026 064529.839 INFO             PET2       thread_num=   2   currentSsiPe=   2   num_threads=   3   max_threads=   3   num_procs=   1
20221026 064529.847 INFO             PET2       thread_num=   1   currentSsiPe=   2   num_threads=   3   max_threads=   3   num_procs=   1
20221026 064529.847 INFO             PET2       ---->Advancing Model from:    0  1  1  0  0  0   0
20221026 064529.847 INFO             PET2       ---------------------> to:    0  1  1  0  0 30   0
20221026 064529.847 INFO             PET2       MODEL: time step-loop ending,   current time:    0  1  1  0  0 30   0
20221026 064529.847 INFO             PET2       <<<MODEL: leaving Run (phase=RunPhase1) with current time:    0  1  1  0  0 30   0
20221026 064529.847 INFO             PET2     MODEL: Run extro.
20221026 064529.847 INFO             PET2     driver: RunSequence event loopLevel=   1  levelMember=   1  loopIteration=   2, current time:    0  1  1  0  0 30   0
20221026 064529.847 INFO             PET2     MODEL: Run intro.
20221026 064529.847 INFO             PET2       >>>MODEL: entered Run (phase=RunPhase1) with current time:    0  1  1  0  0 30   0
20221026 064529.847 INFO             PET2       MODEL: time step-loop starting, current time:    0  1  1  0  0 30   0
20221026 064529.847 INFO             PET2       thread_num=   0   currentSsiPe=   2   num_threads=   3   max_threads=   3   num_procs=   1
20221026 064529.847 INFO             PET2       thread_num=   2   currentSsiPe=   2   num_threads=   3   max_threads=   3   num_procs=   1
20221026 064529.847 INFO             PET2       thread_num=   1   currentSsiPe=   2   num_threads=   3   max_threads=   3   num_procs=   1
20221026 064529.847 INFO             PET2       ---->Advancing Model from:    0  1  1  0  0 30   0
20221026 064529.847 INFO             PET2       ---------------------> to:    0  1  1  0  1  0   0
20221026 064529.847 INFO             PET2       MODEL: time step-loop ending,   current time:    0  1  1  0  1  0   0
20221026 064529.847 INFO             PET2       <<<MODEL: leaving Run (phase=RunPhase1) with current time:    0  1  1  0  1  0   0
20221026 064529.847 INFO             PET2     MODEL: Run extro.
20221026 064529.848 INFO             PET2     driver: RunSequence event loopLevel=   1  levelMember=   1  loopIteration=   3, current time:    0  1  1  0  1  0   0
20221026 064529.848 INFO             PET2     MODEL: Run intro.
20221026 064529.848 INFO             PET2       >>>MODEL: entered Run (phase=RunPhase1) with current time:    0  1  1  0  1  0   0
20221026 064529.848 INFO             PET2       MODEL: time step-loop starting, current time:    0  1  1  0  1  0   0
20221026 064529.848 INFO             PET2       thread_num=   0   currentSsiPe=   2   num_threads=   3   max_threads=   3   num_procs=   1
20221026 064529.848 INFO             PET2       thread_num=   2   currentSsiPe=   2   num_threads=   3   max_threads=   3   num_procs=   1
20221026 064529.848 INFO             PET2       thread_num=   1   currentSsiPe=   2   num_threads=   3   max_threads=   3   num_procs=   1
20221026 064529.848 INFO             PET2       ---->Advancing Model from:    0  1  1  0  1  0   0
20221026 064529.848 INFO             PET2       ---------------------> to:    0  1  1  0  1 30   0
20221026 064529.848 INFO             PET2       MODEL: time step-loop ending,   current time:    0  1  1  0  1 30   0
20221026 064529.848 INFO             PET2       <<<MODEL: leaving Run (phase=RunPhase1) with current time:    0  1  1  0  1 30   0
20221026 064529.848 INFO             PET2     MODEL: Run extro.
20221026 064529.848 INFO             PET2     driver: RunSequence event loopLevel=   1  levelMember=   1  loopIteration=   4, current time:    0  1  1  0  1 30   0
20221026 064529.848 INFO             PET2     MODEL: Run intro.
20221026 064529.848 INFO             PET2       >>>MODEL: entered Run (phase=RunPhase1) with current time:    0  1  1  0  1 30   0
20221026 064529.848 INFO             PET2       MODEL: time step-loop starting, current time:    0  1  1  0  1 30   0
20221026 064529.848 INFO             PET2       thread_num=   0   currentSsiPe=   2   num_threads=   3   max_threads=   3   num_procs=   1
20221026 064529.848 INFO             PET2       thread_num=   2   currentSsiPe=   2   num_threads=   3   max_threads=   3   num_procs=   1
20221026 064529.848 INFO             PET2       thread_num=   1   currentSsiPe=   2   num_threads=   3   max_threads=   3   num_procs=   1
20221026 064529.848 INFO             PET2       ---->Advancing Model from:    0  1  1  0  1 30   0
20221026 064529.848 INFO             PET2       ---------------------> to:    0  1  1  0  2  0   0
20221026 064529.849 INFO             PET2       MODEL: time step-loop ending,   current time:    0  1  1  0  2  0   0
20221026 064529.849 INFO             PET2       <<<MODEL: leaving Run (phase=RunPhase1) with current time:    0  1  1  0  2  0   0
20221026 064529.849 INFO             PET2     MODEL: Run extro.
20221026 064529.849 INFO             PET2     driver: RunSequence event loopLevel=   1  levelMember=   1  loopIteration=   5, current time:    0  1  1  0  2  0   0
20221026 064529.849 INFO             PET2     MODEL: Run intro.
20221026 064529.849 INFO             PET2       >>>MODEL: entered Run (phase=RunPhase1) with current time:    0  1  1  0  2  0   0
20221026 064529.849 INFO             PET2       MODEL: time step-loop starting, current time:    0  1  1  0  2  0   0
20221026 064529.849 INFO             PET2       thread_num=   0   currentSsiPe=   2   num_threads=   3   max_threads=   3   num_procs=   1
20221026 064529.849 INFO             PET2       thread_num=   2   currentSsiPe=   2   num_threads=   3   max_threads=   3   num_procs=   1
20221026 064529.849 INFO             PET2       thread_num=   1   currentSsiPe=   2   num_threads=   3   max_threads=   3   num_procs=   1
20221026 064529.849 INFO             PET2       ---->Advancing Model from:    0  1  1  0  2  0   0
20221026 064529.849 INFO             PET2       ---------------------> to:    0  1  1  0  2 30   0
20221026 064529.849 INFO             PET2       MODEL: time step-loop ending,   current time:    0  1  1  0  2 30   0
20221026 064529.849 INFO             PET2       <<<MODEL: leaving Run (phase=RunPhase1) with current time:    0  1  1  0  2 30   0
20221026 064529.849 INFO             PET2     MODEL: Run extro.
20221026 064529.849 INFO             PET2   driver: end <--------- RunSequence
20221026 064529.849 INFO             PET2   <<<driver - leaving Run with current time:    0  1  1  0  2 30   0
20221026 064529.849 INFO             PET2 driver: Run extro.
20221026 064529.849 INFO             PET2 driver: Finalize intro.
20221026 064529.849 INFO             PET2   Calling Finalize phase 1 for modelComp: MODEL
20221026 064529.849 INFO             PET2   MODEL: Finalize intro.
20221026 064529.849 INFO             PET2     >>>MODEL: entered Finalize (phase=FinalizePhase1) with current time:    0  1  1  0  2 30   0
20221026 064529.850 INFO             PET2     <<<MODEL: leaving Finalize (phase=FinalizePhase1) with current time:    0  1  1  0  2 30   0
20221026 064529.850 INFO             PET2   MODEL: Finalize extro.
20221026 064529.850 INFO             PET2   Delete modelComp: MODEL
20221026 064529.850 INFO             PET2   Delete Import-/Export State for modelComp: MODEL
20221026 064529.850 INFO             PET2 driver: Finalize extro.
20221026 064529.850 INFO             PET2 mainApp FINISHED
20221026 064529.850 INFO             PET2 Finalizing ESMF
20221026 064529.800 INFO             PET3 !!!!!!!!!!!!!!!!!!!!!!!!!!!!!!!!!!!!!!!!!!!!!!!!!!!!!!
20221026 064529.800 INFO             PET3 !!! THE ESMF_LOG IS SET TO OUTPUT ALL LOG MESSAGES !!!
20221026 064529.800 INFO             PET3 !!!     THIS MAY CAUSE SLOWDOWN IN PERFORMANCE     !!!
20221026 064529.800 INFO             PET3 !!! FOR PRODUCTION RUNS, USE:                      !!!
20221026 064529.800 INFO             PET3 !!!                   ESMF_LOGKIND_Multi_On_Error  !!!
20221026 064529.800 INFO             PET3 !!!!!!!!!!!!!!!!!!!!!!!!!!!!!!!!!!!!!!!!!!!!!!!!!!!!!!
20221026 064529.800 INFO             PET3 Running with ESMF Version   : v8.5.0b02-1-ge46659fdec
20221026 064529.800 INFO             PET3 ESMF library build date/time: "Oct 26 2022" "05:05:59"
20221026 064529.800 INFO             PET3 ESMF library build location : /glade/scratch/theurich/ESMF-Nightly-Testing/intel_18.0.5_mpt_g_develop/esmf
20221026 064529.800 INFO             PET3 ESMF_COMM                   : mpt
20221026 064529.800 INFO             PET3 ESMF_MOAB                   : enabled
20221026 064529.800 INFO             PET3 ESMF_LAPACK                 : enabled
20221026 064529.800 INFO             PET3 ESMF_NETCDF                 : enabled
20221026 064529.800 INFO             PET3 ESMF_PNETCDF                : disabled
20221026 064529.800 INFO             PET3 ESMF_PIO                    : enabled
20221026 064529.800 INFO             PET3 ESMF_YAMLCPP                : enabled
20221026 064529.800 INFO             PET3 mainApp STARTING
20221026 064529.806 INFO             PET3 driver: InitializeGeneric intro.
20221026 064529.806 INFO             PET3   driver: InitializeP0 intro.
20221026 064529.806 INFO             PET3   driver: InitializeP0 extro.
20221026 064529.806 INFO             PET3   driver: InitializeIPDv02p1 intro.
20221026 064529.806 INFO             PET3     >>>driver: entered Initialize (phase=<none>) without valid internal Clock.
20221026 064529.807 INFO             PET3     driver - Creating model component MODEL without petList.
20221026 064529.810 INFO             PET3      GridCompIsPetLocal:  T
20221026 064529.810 INFO             PET3      VmIsCreated:  T
20221026 064529.810 INFO             PET3      valid MPI_COMM with size=           4
20221026 064529.810 INFO             PET3     driver - Creating state: modelComp 1 Import State
20221026 064529.810 INFO             PET3     driver - Creating state: modelComp 1 Export State
20221026 064529.811 INFO             PET3     MODEL: InitializeP0 intro.
20221026 064529.811 INFO             PET3       >>>MODEL: entered Initialize (phase=<none>) without valid internal Clock.
20221026 064529.813 INFO             PET3       <<<MODEL: leaving Initialize (phase=<none>) without valid internal Clock.
20221026 064529.813 INFO             PET3     MODEL: InitializeP0 extro.
20221026 064529.815 INFO             PET3     driver: IInitAdvertise intro.
20221026 064529.815 INFO             PET3     driver: IInitAdvertise extro.
20221026 064529.816 INFO             PET3     MODEL: InitializeIPDvXp01 intro.
20221026 064529.816 INFO             PET3       >>>MODEL: entered Initialize (phase=IPDvXp01) without valid internal Clock.
20221026 064529.818 INFO             PET3       <<<MODEL: leaving Initialize (phase=IPDvXp01) without valid internal Clock.
20221026 064529.818 INFO             PET3     MODEL: InitializeIPDvXp01 extro.
20221026 064529.819 INFO             PET3     driver: IInitAdvertiseFinish intro.
20221026 064529.819 INFO             PET3     driver: IInitAdvertiseFinish extro.
20221026 064529.820 INFO             PET3     driver: IInitModifyCplLists intro.
20221026 064529.820 INFO             PET3     driver: IInitModifyCplLists extro.
20221026 064529.820 INFO             PET3     <<<driver: leaving Initialize (phase=<none>) with current time:    0  1  1  0  0  0   0
20221026 064529.820 INFO             PET3   driver: InitializeIPDv02p1 extro.
20221026 064529.820 INFO             PET3   driver: InitializeIPDv02p3 intro.
20221026 064529.820 INFO             PET3     >>>driver: entered Initialize (phase=<none>) with current time:    0  1  1  0  0  0   0
20221026 064529.823 INFO             PET3     driver: IInitCheck intro.
20221026 064529.823 INFO             PET3     driver: IInitCheck extro.
20221026 064529.823 INFO             PET3     MODEL: InitializeIPDvXp04 intro.
20221026 064529.823 INFO             PET3       >>>MODEL: entered Initialize (phase=IPDvXp04) without valid internal Clock.
20221026 064529.829 INFO             PET3       After Realize: - MemInfo: [/proc/meminfo - SSI]	MemTotal:       65507008 kB
20221026 064529.829 INFO             PET3       After Realize: - MemInfo: [/proc/meminfo - SSI]	MemFree:        49073192 kB
20221026 064529.829 INFO             PET3       After Realize: - MemInfo: [/proc/meminfo - SSI]	MemAvailable:   49309528 kB
20221026 064529.829 INFO             PET3       After Realize: - MemInfo: [/proc/meminfo - SSI]	Committed_AS:   14499980 kB
20221026 064529.829 INFO             PET3       After Realize: - MemInfo: [/proc/meminfo - SSI]	CommittedPercent: 22.135 %
20221026 064529.829 INFO             PET3       After Realize: - MemInfo: [/proc/self/status]	VmPeak:	66001548 kB
20221026 064529.829 INFO             PET3       After Realize: - MemInfo: [/proc/self/status]	VmSize:	66001548 kB
20221026 064529.829 INFO             PET3       After Realize: - MemInfo: [/proc/self/status]	VmLck:	       0 kB
20221026 064529.829 INFO             PET3       After Realize: - MemInfo: [/proc/self/status]	VmPin:	       0 kB
20221026 064529.829 INFO             PET3       After Realize: - MemInfo: [/proc/self/status]	VmHWM:	   42872 kB
20221026 064529.829 INFO             PET3       After Realize: - MemInfo: [/proc/self/status]	VmRSS:	   42872 kB
20221026 064529.829 INFO             PET3       After Realize: - MemInfo: [/proc/self/status]	VmData:	   29596 kB
20221026 064529.829 INFO             PET3       After Realize: - MemInfo: [/proc/self/status]	VmStk:	     188 kB
20221026 064529.829 INFO             PET3       After Realize: - MemInfo: [/proc/self/status]	VmExe:	    1420 kB
20221026 064529.829 INFO             PET3       After Realize: - MemInfo: [/proc/self/status]	VmLib:	  131380 kB
20221026 064529.829 INFO             PET3       After Realize: - MemInfo: [/proc/self/status]	VmPTE:	     360 kB
20221026 064529.829 INFO             PET3       After Realize: - MemInfo: [/proc/self/status]	VmPMD:	      16 kB
20221026 064529.829 INFO             PET3       After Realize: - MemInfo: [/proc/self/status]	VmSwap:	       0 kB
20221026 064529.829 INFO             PET3       After Realize: - MemInfo: [/proc/self/status]	VmRSSPercent: 0.0654464 %
20221026 064529.829 INFO             PET3       After Realize: - MemInfo: [malloc] Non-mmapped space allocated:                19640320 Byte
20221026 064529.829 INFO             PET3       After Realize: - MemInfo: [malloc] Space allocated in mmapped regions:                0 Byte
20221026 064529.829 INFO             PET3       After Realize: - MemInfo: [malloc] Maximum total allocated space:                     0 Byte
20221026 064529.829 INFO             PET3       After Realize: - MemInfo: [malloc] Space in freed fastbin blocks:                  1024 Byte
20221026 064529.829 INFO             PET3       After Realize: - MemInfo: [malloc] Total allocated space:                      19586432 Byte
20221026 064529.829 INFO             PET3       After Realize: - MemInfo: [malloc] Total free space:                              53888 Byte
20221026 064529.829 INFO             PET3       After Realize: - MemInfo: [malloc] Top-most, releasable space:                    52864 Byte
20221026 064529.829 INFO             PET3       After Realize: - MemInfo: [malloc] Total space in use, mmap + non-mmap:        19586432 Byte
20221026 064529.829 INFO             PET3       After Realize: - MemInfo: [malloc] Total space held (mmap + non-mmap):         19640320 Byte
20221026 064529.829 INFO             PET3       After Realize: - MemInfo: [malloc] Total space used (mmap + non-mmap):         19595792 Byte
20221026 064529.829 INFO             PET3       After Realize: - MemInfo: Wall-clock time since execution start:              0.0330188 seconds
20221026 064529.829 INFO             PET3       <<<MODEL: leaving Initialize (phase=IPDvXp04) without valid internal Clock.
20221026 064529.829 INFO             PET3     MODEL: InitializeIPDvXp04 extro.
20221026 064529.831 INFO             PET3     driver: IInitRealize intro.
20221026 064529.831 INFO             PET3     driver: IInitRealize extro.
20221026 064529.832 INFO             PET3     MODEL: InitializeIPDvXp07 intro.
20221026 064529.832 INFO             PET3       >>>MODEL: entered Initialize (phase=IPDvXp07) without valid internal Clock.
20221026 064529.832 INFO             PET3       <<<MODEL: leaving Initialize (phase=IPDvXp07) with current time:    0  1  1  0  0  0   0
20221026 064529.832 INFO             PET3     MODEL: InitializeIPDvXp07 extro.
20221026 064529.833 INFO             PET3     <<<driver: leaving Initialize (phase=<none>) with current time:    0  1  1  0  0  0   0
20221026 064529.833 INFO             PET3   driver: InitializeIPDv02p3 extro.
20221026 064529.833 INFO             PET3   driver: InitializeIPDv02p5 intro.
20221026 064529.833 INFO             PET3     >>>driver: entered Initialize (phase=<none>) with current time:    0  1  1  0  0  0   0
20221026 064529.833 INFO             PET3     driver: this is a top level driver, no 'Updated' and 'InitializeDataComplete' info on this level.
20221026 064529.833 INFO             PET3     driver: InitializeIPDv02p5Data intro.
20221026 064529.833 INFO             PET3       driver: InternalInitializeComplete intro.
20221026 064529.834 INFO             PET3         driver: InitializeDataComplete='true'
20221026 064529.834 INFO             PET3       driver: InternalInitializeComplete extro.
20221026 064529.834 INFO             PET3       MODEL: InitializeIPDvXp08 intro.
20221026 064529.834 INFO             PET3         >>>MODEL: entered Initialize (phase=IPDv05p8) with current time:    0  1  1  0  0  0   0
20221026 064529.834 INFO             PET3         MODEL: InitializeDataProgress='false', InitializeDataComplete='false'
20221026 064529.834 INFO             PET3         <<<MODEL: leaving Initialize (phase=IPDv05p8) with current time:    0  1  1  0  0  0   0
20221026 064529.834 INFO             PET3       MODEL: InitializeIPDvXp08 extro.
20221026 064529.835 INFO             PET3       driver: components present that trigger loopDataDependentInitialize().
20221026 064529.835 INFO             PET3       driver: loopDataDependentInitialize intro.
20221026 064529.835 INFO             PET3         driver: component    0=driver, dataComplete (local): true
20221026 064529.835 INFO             PET3         driver: component    0=driver, dataComplete (global):  T
20221026 064529.836 INFO             PET3         driver: component    1=MODEL, dataComplete (local): false
20221026 064529.836 INFO             PET3         driver: component    1=MODEL, dataComplete (global):  F
20221026 064529.836 INFO             PET3         MODEL: InitializeIPDvXp08 intro.
20221026 064529.836 INFO             PET3           >>>MODEL: entered Initialize (phase=IPDv05p8) with current time:    0  1  1  0  0  0   0
20221026 064529.836 INFO             PET3           MODEL: InitializeDataProgress='true', InitializeDataComplete='true'
20221026 064529.836 INFO             PET3           <<<MODEL: leaving Initialize (phase=IPDv05p8) with current time:    0  1  1  0  0  0   0
20221026 064529.836 INFO             PET3         MODEL: InitializeIPDvXp08 extro.
20221026 064529.837 INFO             PET3         driver: component    1=MODEL, someProgress (local): true
20221026 064529.837 INFO             PET3         driver: component    1=MODEL, someProgress (global):  T
20221026 064529.837 INFO             PET3         driver: someProgress= T, allComplete= F, present(dataDepAllComplete)= T
20221026 064529.837 INFO             PET3         driver: component    0=driver, dataComplete (local): true
20221026 064529.838 INFO             PET3         driver: component    0=driver, dataComplete (global):  T
20221026 064529.838 INFO             PET3         driver: component    1=MODEL, dataComplete (local): true
20221026 064529.838 INFO             PET3         driver: component    1=MODEL, dataComplete (global):  T
20221026 064529.838 INFO             PET3         driver: someProgress= F, allComplete= T, present(dataDepAllComplete)= T
20221026 064529.838 INFO             PET3         driver: finished resolving initialize data dependencies on this level.
20221026 064529.838 INFO             PET3       driver: loopDataDependentInitialize extro.
20221026 064529.838 INFO             PET3       driver: loopDataDependentInitialize() returned with dataDepAllComplete:  T
20221026 064529.838 INFO             PET3     driver: InitializeIPDv02p5Data extro.
20221026 064529.838 INFO             PET3     <<<driver: leaving Initialize (phase=<none>) with current time:    0  1  1  0  0  0   0
20221026 064529.838 INFO             PET3   driver: InitializeIPDv02p5 extro.
20221026 064529.838 INFO             PET3 driver: InitializeGeneric extro.
20221026 064529.838 INFO             PET3 driver: Run intro.
20221026 064529.838 INFO             PET3   >>>driver entered Run (phase=RunPhase1) with current time:    0  1  1  0  0  0   0
20221026 064529.838 INFO             PET3   driver: after lable_SetRunClock, current time:    0  1  1  0  0  0   0
20221026 064529.838 INFO             PET3   driver: begin -------> RunSequence.
20221026 064529.838 INFO             PET3     driver: RunSequence event loopLevel=   1  levelMember=   1  loopIteration=   1, current time:    0  1  1  0  0  0   0
20221026 064529.838 INFO             PET3     MODEL: Run intro.
20221026 064529.838 INFO             PET3       >>>MODEL: entered Run (phase=RunPhase1) with current time:    0  1  1  0  0  0   0
20221026 064529.838 INFO             PET3       MODEL: time step-loop starting, current time:    0  1  1  0  0  0   0
20221026 064529.839 INFO             PET3       thread_num=   0   currentSsiPe=   3   num_threads=   3   max_threads=   3   num_procs=   1
20221026 064529.839 INFO             PET3       thread_num=   2   currentSsiPe=   3   num_threads=   3   max_threads=   3   num_procs=   1
20221026 064529.847 INFO             PET3       thread_num=   1   currentSsiPe=   3   num_threads=   3   max_threads=   3   num_procs=   1
20221026 064529.847 INFO             PET3       ---->Advancing Model from:    0  1  1  0  0  0   0
20221026 064529.847 INFO             PET3       ---------------------> to:    0  1  1  0  0 30   0
20221026 064529.847 INFO             PET3       MODEL: time step-loop ending,   current time:    0  1  1  0  0 30   0
20221026 064529.847 INFO             PET3       <<<MODEL: leaving Run (phase=RunPhase1) with current time:    0  1  1  0  0 30   0
20221026 064529.847 INFO             PET3     MODEL: Run extro.
20221026 064529.847 INFO             PET3     driver: RunSequence event loopLevel=   1  levelMember=   1  loopIteration=   2, current time:    0  1  1  0  0 30   0
20221026 064529.847 INFO             PET3     MODEL: Run intro.
20221026 064529.847 INFO             PET3       >>>MODEL: entered Run (phase=RunPhase1) with current time:    0  1  1  0  0 30   0
20221026 064529.847 INFO             PET3       MODEL: time step-loop starting, current time:    0  1  1  0  0 30   0
20221026 064529.847 INFO             PET3       thread_num=   0   currentSsiPe=   3   num_threads=   3   max_threads=   3   num_procs=   1
20221026 064529.847 INFO             PET3       thread_num=   2   currentSsiPe=   3   num_threads=   3   max_threads=   3   num_procs=   1
20221026 064529.847 INFO             PET3       thread_num=   1   currentSsiPe=   3   num_threads=   3   max_threads=   3   num_procs=   1
20221026 064529.847 INFO             PET3       ---->Advancing Model from:    0  1  1  0  0 30   0
20221026 064529.847 INFO             PET3       ---------------------> to:    0  1  1  0  1  0   0
20221026 064529.847 INFO             PET3       MODEL: time step-loop ending,   current time:    0  1  1  0  1  0   0
20221026 064529.847 INFO             PET3       <<<MODEL: leaving Run (phase=RunPhase1) with current time:    0  1  1  0  1  0   0
20221026 064529.847 INFO             PET3     MODEL: Run extro.
20221026 064529.848 INFO             PET3     driver: RunSequence event loopLevel=   1  levelMember=   1  loopIteration=   3, current time:    0  1  1  0  1  0   0
20221026 064529.848 INFO             PET3     MODEL: Run intro.
20221026 064529.848 INFO             PET3       >>>MODEL: entered Run (phase=RunPhase1) with current time:    0  1  1  0  1  0   0
20221026 064529.848 INFO             PET3       MODEL: time step-loop starting, current time:    0  1  1  0  1  0   0
20221026 064529.848 INFO             PET3       thread_num=   0   currentSsiPe=   3   num_threads=   3   max_threads=   3   num_procs=   1
20221026 064529.848 INFO             PET3       thread_num=   2   currentSsiPe=   3   num_threads=   3   max_threads=   3   num_procs=   1
20221026 064529.848 INFO             PET3       thread_num=   1   currentSsiPe=   3   num_threads=   3   max_threads=   3   num_procs=   1
20221026 064529.848 INFO             PET3       ---->Advancing Model from:    0  1  1  0  1  0   0
20221026 064529.848 INFO             PET3       ---------------------> to:    0  1  1  0  1 30   0
20221026 064529.848 INFO             PET3       MODEL: time step-loop ending,   current time:    0  1  1  0  1 30   0
20221026 064529.848 INFO             PET3       <<<MODEL: leaving Run (phase=RunPhase1) with current time:    0  1  1  0  1 30   0
20221026 064529.848 INFO             PET3     MODEL: Run extro.
20221026 064529.848 INFO             PET3     driver: RunSequence event loopLevel=   1  levelMember=   1  loopIteration=   4, current time:    0  1  1  0  1 30   0
20221026 064529.848 INFO             PET3     MODEL: Run intro.
20221026 064529.848 INFO             PET3       >>>MODEL: entered Run (phase=RunPhase1) with current time:    0  1  1  0  1 30   0
20221026 064529.848 INFO             PET3       MODEL: time step-loop starting, current time:    0  1  1  0  1 30   0
20221026 064529.848 INFO             PET3       thread_num=   0   currentSsiPe=   3   num_threads=   3   max_threads=   3   num_procs=   1
20221026 064529.848 INFO             PET3       thread_num=   2   currentSsiPe=   3   num_threads=   3   max_threads=   3   num_procs=   1
20221026 064529.848 INFO             PET3       thread_num=   1   currentSsiPe=   3   num_threads=   3   max_threads=   3   num_procs=   1
20221026 064529.848 INFO             PET3       ---->Advancing Model from:    0  1  1  0  1 30   0
20221026 064529.848 INFO             PET3       ---------------------> to:    0  1  1  0  2  0   0
20221026 064529.849 INFO             PET3       MODEL: time step-loop ending,   current time:    0  1  1  0  2  0   0
20221026 064529.849 INFO             PET3       <<<MODEL: leaving Run (phase=RunPhase1) with current time:    0  1  1  0  2  0   0
20221026 064529.849 INFO             PET3     MODEL: Run extro.
20221026 064529.849 INFO             PET3     driver: RunSequence event loopLevel=   1  levelMember=   1  loopIteration=   5, current time:    0  1  1  0  2  0   0
20221026 064529.849 INFO             PET3     MODEL: Run intro.
20221026 064529.849 INFO             PET3       >>>MODEL: entered Run (phase=RunPhase1) with current time:    0  1  1  0  2  0   0
20221026 064529.849 INFO             PET3       MODEL: time step-loop starting, current time:    0  1  1  0  2  0   0
20221026 064529.849 INFO             PET3       thread_num=   0   currentSsiPe=   3   num_threads=   3   max_threads=   3   num_procs=   1
20221026 064529.849 INFO             PET3       thread_num=   2   currentSsiPe=   3   num_threads=   3   max_threads=   3   num_procs=   1
20221026 064529.849 INFO             PET3       thread_num=   1   currentSsiPe=   3   num_threads=   3   max_threads=   3   num_procs=   1
20221026 064529.849 INFO             PET3       ---->Advancing Model from:    0  1  1  0  2  0   0
20221026 064529.849 INFO             PET3       ---------------------> to:    0  1  1  0  2 30   0
20221026 064529.849 INFO             PET3       MODEL: time step-loop ending,   current time:    0  1  1  0  2 30   0
20221026 064529.849 INFO             PET3       <<<MODEL: leaving Run (phase=RunPhase1) with current time:    0  1  1  0  2 30   0
20221026 064529.849 INFO             PET3     MODEL: Run extro.
20221026 064529.849 INFO             PET3   driver: end <--------- RunSequence
20221026 064529.849 INFO             PET3   <<<driver - leaving Run with current time:    0  1  1  0  2 30   0
20221026 064529.849 INFO             PET3 driver: Run extro.
20221026 064529.849 INFO             PET3 driver: Finalize intro.
20221026 064529.849 INFO             PET3   Calling Finalize phase 1 for modelComp: MODEL
20221026 064529.849 INFO             PET3   MODEL: Finalize intro.
20221026 064529.849 INFO             PET3     >>>MODEL: entered Finalize (phase=FinalizePhase1) with current time:    0  1  1  0  2 30   0
20221026 064529.850 INFO             PET3     <<<MODEL: leaving Finalize (phase=FinalizePhase1) with current time:    0  1  1  0  2 30   0
20221026 064529.850 INFO             PET3   MODEL: Finalize extro.
20221026 064529.850 INFO             PET3   Delete modelComp: MODEL
20221026 064529.850 INFO             PET3   Delete Import-/Export State for modelComp: MODEL
20221026 064529.850 INFO             PET3 driver: Finalize extro.
20221026 064529.850 INFO             PET3 mainApp FINISHED
20221026 064529.850 INFO             PET3 Finalizing ESMF
