2022-10-26 02:42:47
[1666773202.189603] [Orion-13-12:131294:0]       ib_verbs.h:84   UCX  ERROR ibv_exp_query_device(mlx5_0) returned 38: No space left on device
[1666773202.189676] [Orion-13-12:131292:0]       ib_verbs.h:84   UCX  ERROR ibv_exp_query_device(mlx5_0) returned 38: No space left on device
[1666773202.192730] [Orion-13-12:131291:0]       ib_verbs.h:84   UCX  ERROR ibv_exp_query_device(mlx5_0) returned 38: No space left on device
[1666773202.192777] [Orion-13-12:131293:0]       ib_verbs.h:84   UCX  ERROR ibv_exp_query_device(mlx5_0) returned 38: No space left on device
 NUOPC_DriverPrint for PET:           0
   Model, Mediator, and Driver components, in the order
   that they were added to the Driver:
           1 :  advectDiff_Parent
           2 :  advectDiff_Gen1Nestling0
           3 :  advectDiff_Gen1Nestling1
           4 :  advectDiff_Gen2Nestling0
   Connector components, in the order
   that they were added to the Driver:
           1 :  advectDiff_Parent-TO-advectDiff_Gen1Nestling0
           2 :  advectDiff_Parent-TO-advectDiff_Gen1Nestling1
           3 :  advectDiff_Gen1Nestling0-TO-advectDiff_Gen2Nestling0
NUOPC_RunSequenceArrayPrint: element     1 out of      2
runSeq::
 runElementPrint:      1     2     1 F T
 runElementPrint:      1     3     1 F T
 runElementPrint:      1    -1     1 F T
 runElementPrint:     -2     0     0 F T
 runElementPrint:      3    -1     1 F T
 runElementPrint:     -1    -1     0 F F
::
NUOPC_RunSequenceArrayPrint: element     2 out of      2
runSeq::
 runElementPrint:      2     4     1 F T
 runElementPrint:      2    -1     1 F T
 runElementPrint:      4    -1     1 F T
 runElementPrint:     -2    -1     0 F F
::
 NUOPC_DriverPrint for PET:           1
   Model, Mediator, and Driver components, in the order
   that they were added to the Driver:
           1 :  advectDiff_Parent
           2 :  advectDiff_Gen1Nestling0
           3 :  advectDiff_Gen1Nestling1
           4 :  advectDiff_Gen2Nestling0
   Connector components, in the order
   that they were added to the Driver:
           1 :  advectDiff_Parent-TO-advectDiff_Gen1Nestling0
           2 :  advectDiff_Parent-TO-advectDiff_Gen1Nestling1
           3 :  advectDiff_Gen1Nestling0-TO-advectDiff_Gen2Nestling0
NUOPC_RunSequenceArrayPrint: element     1 out of      2
runSeq::
 runElementPrint:      1     2     1 F T
 runElementPrint:      1     3     1 F T
 runElementPrint:      1    -1     1 F T
 runElementPrint:     -2     0     0 F T
 runElementPrint:      3    -1     1 F T
 runElementPrint:     -1    -1     0 F F
::
NUOPC_RunSequenceArrayPrint: element     2 out of      2
runSeq::
 runElementPrint:      2     4     1 F T
 runElementPrint:      2    -1     1 F T
 runElementPrint:      4    -1     1 F T
 runElementPrint:     -2    -1     0 F F
::
 NUOPC_DriverPrint for PET:           2
   Model, Mediator, and Driver components, in the order
   that they were added to the Driver:
           1 :  advectDiff_Parent
           2 :  advectDiff_Gen1Nestling0
           3 :  advectDiff_Gen1Nestling1
           4 :  advectDiff_Gen2Nestling0
   Connector components, in the order
   that they were added to the Driver:
           1 :  advectDiff_Parent-TO-advectDiff_Gen1Nestling0
           2 :  advectDiff_Parent-TO-advectDiff_Gen1Nestling1
           3 :  advectDiff_Gen1Nestling0-TO-advectDiff_Gen2Nestling0
NUOPC_RunSequenceArrayPrint: element     1 out of      2
runSeq::
 runElementPrint:      1     2     1 F T
 runElementPrint:      1     3     1 F T
 runElementPrint:      1    -1     1 F T
 runElementPrint:     -2     0     0 F T
 runElementPrint:      3    -1     1 F T
 runElementPrint:     -1    -1     0 F F
::
NUOPC_RunSequenceArrayPrint: element     2 out of      2
runSeq::
 runElementPrint:      2     4     1 F T
 runElementPrint:      2    -1     1 F T
 runElementPrint:      4    -1     1 F T
 runElementPrint:     -2    -1     0 F F
::
 NUOPC_DriverPrint for PET:           3
   Model, Mediator, and Driver components, in the order
   that they were added to the Driver:
           1 :  advectDiff_Parent
           2 :  advectDiff_Gen1Nestling0
           3 :  advectDiff_Gen1Nestling1
           4 :  advectDiff_Gen2Nestling0
   Connector components, in the order
   that they were added to the Driver:
           1 :  advectDiff_Parent-TO-advectDiff_Gen1Nestling0
           2 :  advectDiff_Parent-TO-advectDiff_Gen1Nestling1
           3 :  advectDiff_Gen1Nestling0-TO-advectDiff_Gen2Nestling0
NUOPC_RunSequenceArrayPrint: element     1 out of      2
runSeq::
 runElementPrint:      1     2     1 F T
 runElementPrint:      1     3     1 F T
 runElementPrint:      1    -1     1 F T
 runElementPrint:     -2     0     0 F T
 runElementPrint:      3    -1     1 F T
 runElementPrint:     -1    -1     0 F F
::
NUOPC_RunSequenceArrayPrint: element     2 out of      2
runSeq::
 runElementPrint:      2     4     1 F T
 runElementPrint:      2    -1     1 F T
 runElementPrint:      4    -1     1 F T
 runElementPrint:     -2    -1     0 F F
::
