2022-10-17 06:38:22
20221017 065849.394 INFO             PET0 !!!!!!!!!!!!!!!!!!!!!!!!!!!!!!!!!!!!!!!!!!!!!!!!!!!!!!
20221017 065849.394 INFO             PET0 !!! THE ESMF_LOG IS SET TO OUTPUT ALL LOG MESSAGES !!!
20221017 065849.394 INFO             PET0 !!!     THIS MAY CAUSE SLOWDOWN IN PERFORMANCE     !!!
20221017 065849.394 INFO             PET0 !!! FOR PRODUCTION RUNS, USE:                      !!!
20221017 065849.394 INFO             PET0 !!!                   ESMF_LOGKIND_Multi_On_Error  !!!
20221017 065849.394 INFO             PET0 !!!!!!!!!!!!!!!!!!!!!!!!!!!!!!!!!!!!!!!!!!!!!!!!!!!!!!
20221017 065849.394 INFO             PET0 Running with ESMF Version   : v8.4.0b20
20221017 065849.394 INFO             PET0 ESMF library build date/time: "Oct 17 2022" "06:36:47"
20221017 065849.394 INFO             PET0 ESMF library build location : /scratch2/NCEPDEV/stmp1/Gerhard.Theurich/ESMF-Nightly-Testing/intel_18.0.5a_mpiuni_O_release_8.4.0/esmf
20221017 065849.394 INFO             PET0 ESMF_COMM                   : mpiuni
20221017 065849.395 INFO             PET0 ESMF_MOAB                   : enabled
20221017 065849.395 INFO             PET0 ESMF_LAPACK                 : enabled
20221017 065849.395 INFO             PET0 ESMF_NETCDF                 : enabled
20221017 065849.395 INFO             PET0 ESMF_PNETCDF                : disabled
20221017 065849.395 INFO             PET0 ESMF_PIO                    : disabled
20221017 065849.395 INFO             PET0 ESMF_YAMLCPP                : enabled
20221017 065849.395 INFO             PET0  NUMBER_OF_PROCESSORS           1
20221017 065849.396 INFO             PET0  PASS  Example ESMF_VMUserMpiEx, ESMF_VMUserMpiEx.F90, line 96
20221017 065849.396 INFO             PET0 Finalizing ESMF
