2022-10-11 02:29:39
20221011 025751.078 INFO             PET0 !!!!!!!!!!!!!!!!!!!!!!!!!!!!!!!!!!!!!!!!!!!!!!!!!!!!!!
20221011 025751.078 INFO             PET0 !!! THE ESMF_LOG IS SET TO OUTPUT ALL LOG MESSAGES !!!
20221011 025751.078 INFO             PET0 !!!     THIS MAY CAUSE SLOWDOWN IN PERFORMANCE     !!!
20221011 025751.078 INFO             PET0 !!! FOR PRODUCTION RUNS, USE:                      !!!
20221011 025751.078 INFO             PET0 !!!                   ESMF_LOGKIND_Multi_On_Error  !!!
20221011 025751.078 INFO             PET0 !!!!!!!!!!!!!!!!!!!!!!!!!!!!!!!!!!!!!!!!!!!!!!!!!!!!!!
20221011 025751.078 INFO             PET0 Running with ESMF Version   : v8.4.0b18-4-g95e3a6c69e
20221011 025751.078 INFO             PET0 ESMF library build date/time: "Oct 11 2022" "02:27:38"
20221011 025751.078 INFO             PET0 ESMF library build location : /glade/scratch/theurich/ESMF-Nightly-Testing/gfortran_10.1.0_mpt_O_develop/esmf
20221011 025751.078 INFO             PET0 ESMF_COMM                   : mpt
20221011 025751.078 INFO             PET0 ESMF_MOAB                   : enabled
20221011 025751.078 INFO             PET0 ESMF_LAPACK                 : enabled
20221011 025751.078 INFO             PET0 ESMF_NETCDF                 : enabled
20221011 025751.078 INFO             PET0 ESMF_PNETCDF                : disabled
20221011 025751.078 INFO             PET0 ESMF_PIO                    : enabled
20221011 025751.078 INFO             PET0 ESMF_YAMLCPP                : enabled
20221011 025751.078 INFO             PET0 esmApp STARTING
20221011 025751.080 INFO             PET0 esm: InitializeGeneric intro.
20221011 025751.080 INFO             PET0   esm: InitializeP0 intro.
20221011 025751.080 INFO             PET0   esm: InitializeP0 extro.
20221011 025751.080 INFO             PET0   esm: InitializeIPDv02p1 intro.
20221011 025751.080 INFO             PET0     >>>esm: entered Initialize (phase=<none>) without valid internal Clock.
20221011 025751.080 INFO             PET0     esm - Creating model component ATM with petList of size 2 :
20221011 025751.080 INFO             PET0           0      1
20221011 025751.081 INFO             PET0     esm - Creating model component OCN with petList of size 2 :
20221011 025751.081 INFO             PET0           2      3
20221011 025751.081 INFO             PET0     esm - Creating connector component ATM-TO-OCN with petList of size 4 :
20221011 025751.081 INFO             PET0           0      1      2      3
20221011 025751.083 INFO             PET0     esm - Creating connector component OCN-TO-ATM with petList of size 4 :
20221011 025751.083 INFO             PET0           2      3      0      1
20221011 025751.084 INFO             PET0     esm - Creating state: modelComp 1 Import State
20221011 025751.084 INFO             PET0     esm - Creating state: modelComp 1 Export State
20221011 025751.085 INFO             PET0     esm - Creating state: modelComp 2 Import State
20221011 025751.085 INFO             PET0     esm - Creating state: modelComp 2 Export State
20221011 025751.085 INFO             PET0     ATM: InitializeP0 intro.
20221011 025751.085 INFO             PET0     ATM: InitializeP0 extro.
20221011 025751.086 INFO             PET0     ATM-TO-OCN: InitializeP0 intro.
20221011 025751.086 INFO             PET0     ATM-TO-OCN: InitializeP0 extro.
20221011 025751.087 INFO             PET0     OCN-TO-ATM: InitializeP0 intro.
20221011 025751.087 INFO             PET0     OCN-TO-ATM: InitializeP0 extro.
20221011 025751.087 INFO             PET0     esm: IInitAdvertise intro.
20221011 025751.087 INFO             PET0     esm: IInitAdvertise extro.
20221011 025751.087 INFO             PET0     ATM: InitializeIPDvXp01 intro.
20221011 025751.089 INFO             PET0     ATM: InitializeIPDvXp01 extro.
20221011 025751.092 INFO             PET0     ATM-TO-OCN: InitializeIPDv05p1 intro.
20221011 025751.094 INFO             PET0     ATM-TO-OCN: InitializeIPDv05p1 extro.
20221011 025751.094 INFO             PET0     OCN-TO-ATM: InitializeIPDv05p1 intro.
20221011 025751.095 INFO             PET0     OCN-TO-ATM: InitializeIPDv05p1 extro.
20221011 025751.095 INFO             PET0     esm: IInitAdvertiseFinish intro.
20221011 025751.095 INFO             PET0     esm: IInitAdvertiseFinish extro.
20221011 025751.096 INFO             PET0     ATM-TO-OCN: InitializeIPDv05p2a intro.
20221011 025751.098 INFO             PET0     ATM-TO-OCN: InitializeIPDv05p2a extro.
20221011 025751.098 INFO             PET0     OCN-TO-ATM: InitializeIPDv05p2a intro.
20221011 025751.099 INFO             PET0     OCN-TO-ATM: InitializeIPDv05p2a extro.
20221011 025751.099 INFO             PET0     ATM-TO-OCN: InitializeIPDv05p2b intro.
20221011 025751.101 INFO             PET0     ATM-TO-OCN: InitializeIPDv05p2b extro.
20221011 025751.104 INFO             PET0     OCN-TO-ATM: InitializeIPDv05p2b intro.
20221011 025751.105 INFO             PET0     OCN-TO-ATM: InitializeIPDv05p2b extro.
20221011 025751.105 INFO             PET0     esm: IInitModifyCplLists intro.
20221011 025751.105 INFO             PET0       Driver is in ModifyCplLists()
20221011 025751.105 INFO             PET0        Found            2  Connectors. Modifying CplList Attribute....
20221011 025751.105 INFO             PET0        Modifying cplList Attribute on ATM-TO-OCN: air_pressure_at_sea_level
20221011 025751.105 INFO             PET0        Modified: air_pressure_at_sea_level:REMAPMETHOD=redist
20221011 025751.105 INFO             PET0        Modifying cplList Attribute on ATM-TO-OCN: surface_net_downward_longwave_flux
20221011 025751.105 INFO             PET0        Modified: surface_net_downward_longwave_flux:REMAPMETHOD=bilinear:SrcTermProcessing=1:DUMPWEIGHTS=true:TermOrder=SrcSeq
20221011 025751.105 INFO             PET0        Modifying cplList Attribute on ATM-TO-OCN: surface_net_downward_shortwave_flux
20221011 025751.105 INFO             PET0        Modified: surface_net_downward_shortwave_flux:REMAPMETHOD=redist
20221011 025751.105 INFO             PET0        Modifying cplList Attribute on ATM-TO-OCN: surface_downward_heat_flux_in_air
20221011 025751.105 INFO             PET0        Modified: surface_downward_heat_flux_in_air:REMAPMETHOD=bilinear:SrcTermProcessing=1:DUMPWEIGHTS=true:TermOrder=SrcSeq
20221011 025751.105 INFO             PET0        Modifying cplList Attribute on OCN-TO-ATM: sea_surface_temperature
20221011 025751.105 INFO             PET0        Modified: sea_surface_temperature:REMAPMETHOD=bilinear:SrcTermProcessing=1:DUMPWEIGHTS=true:TermOrder=SrcSeq
20221011 025751.105 INFO             PET0     esm: IInitModifyCplLists extro.
20221011 025751.105 INFO             PET0     ATM-TO-OCN: InitializeIPDv05p3 intro.
20221011 025751.108 INFO             PET0     ATM-TO-OCN: InitializeIPDv05p3 extro.
20221011 025751.108 INFO             PET0     OCN-TO-ATM: InitializeIPDv05p3 intro.
20221011 025751.109 INFO             PET0     OCN-TO-ATM: InitializeIPDv05p3 extro.
20221011 025751.109 INFO             PET0     <<<esm: leaving Initialize (phase=<none>) with current time: 2010  6  1  0  0  0   0
20221011 025751.109 INFO             PET0   esm: InitializeIPDv02p1 extro.
20221011 025751.109 INFO             PET0   esm: InitializeIPDv02p3 intro.
20221011 025751.109 INFO             PET0     >>>esm: entered Initialize (phase=<none>) with current time: 2010  6  1  0  0  0   0
20221011 025751.109 INFO             PET0     esm: IInitCheck intro.
20221011 025751.109 INFO             PET0     esm: IInitCheck extro.
20221011 025751.109 INFO             PET0     ATM: InitializeIPDvXp04 intro.
20221011 025751.113 INFO             PET0     ATM: InitializeIPDvXp04 extro.
20221011 025751.117 INFO             PET0     ATM-TO-OCN: InitializeIPDv05p4 intro.
20221011 025751.122 INFO             PET0     ATM-TO-OCN: InitializeIPDv05p4 extro.
20221011 025751.122 INFO             PET0     OCN-TO-ATM: InitializeIPDv05p4 intro.
20221011 025751.123 INFO             PET0     OCN-TO-ATM: InitializeIPDv05p4 extro.
20221011 025751.123 INFO             PET0     ATM-TO-OCN: InitializeIPDv05p5 intro.
20221011 025751.128 INFO             PET0     ATM-TO-OCN: InitializeIPDv05p5 extro.
20221011 025751.128 INFO             PET0     OCN-TO-ATM: InitializeIPDv05p5 intro.
20221011 025751.129 INFO             PET0     OCN-TO-ATM: InitializeIPDv05p5 extro.
20221011 025751.129 INFO             PET0     esm: IInitRealize intro.
20221011 025751.129 INFO             PET0     esm: IInitRealize extro.
20221011 025751.129 INFO             PET0     ATM-TO-OCN: InitializeIPDv05p6a intro.
20221011 025751.133 INFO             PET0     ATM-TO-OCN: InitializeIPDv05p6a extro.
20221011 025751.133 INFO             PET0     OCN-TO-ATM: InitializeIPDv05p6a intro.
20221011 025751.135 INFO             PET0     OCN-TO-ATM: InitializeIPDv05p6a extro.
20221011 025751.135 INFO             PET0     ATM-TO-OCN: InitializeIPDv05p6b intro.
20221011 025751.211 INFO             PET0     ATM-TO-OCN: InitializeIPDv05p6b extro.
20221011 025751.211 INFO             PET0     OCN-TO-ATM: InitializeIPDv05p6b intro.
20221011 025751.274 INFO             PET0     OCN-TO-ATM: InitializeIPDv05p6b extro.
20221011 025751.275 INFO             PET0     ATM: InitializeIPDvXp07 intro.
20221011 025751.275 INFO             PET0     ATM: InitializeIPDvXp07 extro.
20221011 025751.275 INFO             PET0     <<<esm: leaving Initialize (phase=<none>) with current time: 2010  6  1  0  0  0   0
20221011 025751.275 INFO             PET0   esm: InitializeIPDv02p3 extro.
20221011 025751.275 INFO             PET0   esm: InitializeIPDv02p5 intro.
20221011 025751.275 INFO             PET0     >>>esm: entered Initialize (phase=<none>) with current time: 2010  6  1  0  0  0   0
20221011 025751.275 INFO             PET0     esm: this is a top level driver, no 'Updated' and 'InitializeDataComplete' info on this level.
20221011 025751.275 INFO             PET0     esm: InitializeIPDv02p5Data intro.
20221011 025751.275 INFO             PET0       esm: InternalInitializeComplete intro.
20221011 025751.275 INFO             PET0         esm: InitializeDataComplete='true'
20221011 025751.275 INFO             PET0       esm: InternalInitializeComplete extro.
20221011 025751.275 INFO             PET0       ATM: InitializeIPDv01p5 intro.
20221011 025751.276 INFO             PET0       ATM: InitializeIPDv01p5 extro.
20221011 025751.276 INFO             PET0       esm: components present that trigger loopDataDependentInitialize().
20221011 025751.276 INFO             PET0       esm: loopDataDependentInitialize intro.
20221011 025751.276 INFO             PET0         esm: component    0=esm, dataComplete (local): true
20221011 025751.276 INFO             PET0         esm: component    0=esm, dataComplete (global): T
20221011 025751.276 INFO             PET0         esm: component    1=ATM, dataComplete (local): true
20221011 025751.276 INFO             PET0         esm: component    1=ATM, dataComplete (global): T
20221011 025751.276 INFO             PET0         esm: component    2=OCN, dataComplete (local): true
20221011 025751.276 INFO             PET0         esm: component    2=OCN, dataComplete (global): T
20221011 025751.276 INFO             PET0         esm: someProgress=F, allComplete=T, present(dataDepAllComplete)=T
20221011 025751.276 INFO             PET0         esm: finished resolving initialize data dependencies on this level.
20221011 025751.276 INFO             PET0       esm: loopDataDependentInitialize extro.
20221011 025751.276 INFO             PET0       esm: loopDataDependentInitialize() returned with dataDepAllComplete: T
20221011 025751.276 INFO             PET0     esm: InitializeIPDv02p5Data extro.
20221011 025751.276 INFO             PET0     <<<esm: leaving Initialize (phase=<none>) with current time: 2010  6  1  0  0  0   0
20221011 025751.276 INFO             PET0   esm: InitializeIPDv02p5 extro.
20221011 025751.276 INFO             PET0 esm: InitializeGeneric extro.
20221011 025751.276 INFO             PET0 esm: Run intro.
20221011 025751.276 INFO             PET0   >>>esm entered Run (phase=RunPhase1) with current time: 2010  6  1  0  0  0   0
20221011 025751.276 INFO             PET0   esm: after lable_SetRunClock, current time: 2010  6  1  0  0  0   0
20221011 025751.276 INFO             PET0   esm: begin -------> RunSequence.
20221011 025751.276 INFO             PET0     esm: RunSequence event loopLevel=   1  levelMember=   1  loopIteration=   1, current time: 2010  6  1  0  0  0   0
20221011 025751.276 INFO             PET0     ATM-TO-OCN: Run intro.
20221011 025751.277 INFO             PET0     ATM-TO-OCN: Run extro.
20221011 025751.277 INFO             PET0     OCN-TO-ATM: Run intro.
20221011 025751.277 INFO             PET0     OCN-TO-ATM: Run extro.
20221011 025751.277 INFO             PET0     ATM: Run intro.
20221011 025751.277 INFO             PET0       ------>Advancing ATM from: 2010  6  1  0  0  0   0
20221011 025751.277 INFO             PET0       ---------------------> to: 2010  6  1  0 15  0   0
20221011 025751.283 WARNING          PET0 ESMCI_PIO_Handler.C:1567 ESMCI::PIO_Handler::isOpen()       File, field_atm_import_sst.nc, closed by PIO
20221011 025751.288 WARNING          PET0 ESMCI_PIO_Handler.C:1567 ESMCI::PIO_Handler::isOpen()       File, field_atm_export_pmsl.nc, closed by PIO
20221011 025751.292 WARNING          PET0 ESMCI_PIO_Handler.C:1567 ESMCI::PIO_Handler::isOpen()       File, field_atm_export_rsnl.nc, closed by PIO
20221011 025751.296 WARNING          PET0 ESMCI_PIO_Handler.C:1567 ESMCI::PIO_Handler::isOpen()       File, field_atm_export_rsns.nc, closed by PIO
20221011 025751.301 WARNING          PET0 ESMCI_PIO_Handler.C:1567 ESMCI::PIO_Handler::isOpen()       File, field_atm_export_sdhf.nc, closed by PIO
20221011 025751.301 INFO             PET0     ATM: Run extro.
20221011 025751.301 INFO             PET0     esm: RunSequence event loopLevel=   1  levelMember=   1  loopIteration=   2, current time: 2010  6  1  0 15  0   0
20221011 025751.301 INFO             PET0     ATM-TO-OCN: Run intro.
20221011 025751.301 INFO             PET0     ATM-TO-OCN: Run extro.
20221011 025751.302 INFO             PET0     OCN-TO-ATM: Run intro.
20221011 025751.335 INFO             PET0     OCN-TO-ATM: Run extro.
20221011 025751.335 INFO             PET0     ATM: Run intro.
20221011 025751.335 INFO             PET0       ------>Advancing ATM from: 2010  6  1  0 15  0   0
20221011 025751.335 INFO             PET0       ---------------------> to: 2010  6  1  0 30  0   0
20221011 025751.339 WARNING          PET0 ESMCI_PIO_Handler.C:1567 ESMCI::PIO_Handler::isOpen()       File, field_atm_import_sst.nc, closed by PIO
20221011 025751.341 WARNING          PET0 ESMCI_PIO_Handler.C:1567 ESMCI::PIO_Handler::isOpen()       File, field_atm_export_pmsl.nc, closed by PIO
20221011 025751.344 WARNING          PET0 ESMCI_PIO_Handler.C:1567 ESMCI::PIO_Handler::isOpen()       File, field_atm_export_rsnl.nc, closed by PIO
20221011 025751.346 WARNING          PET0 ESMCI_PIO_Handler.C:1567 ESMCI::PIO_Handler::isOpen()       File, field_atm_export_rsns.nc, closed by PIO
20221011 025751.349 WARNING          PET0 ESMCI_PIO_Handler.C:1567 ESMCI::PIO_Handler::isOpen()       File, field_atm_export_sdhf.nc, closed by PIO
20221011 025751.349 INFO             PET0     ATM: Run extro.
20221011 025751.349 INFO             PET0     esm: RunSequence event loopLevel=   1  levelMember=   1  loopIteration=   3, current time: 2010  6  1  0 30  0   0
20221011 025751.349 INFO             PET0     ATM-TO-OCN: Run intro.
20221011 025751.349 INFO             PET0     ATM-TO-OCN: Run extro.
20221011 025751.349 INFO             PET0     OCN-TO-ATM: Run intro.
20221011 025751.376 INFO             PET0     OCN-TO-ATM: Run extro.
20221011 025751.376 INFO             PET0     ATM: Run intro.
20221011 025751.376 INFO             PET0       ------>Advancing ATM from: 2010  6  1  0 30  0   0
20221011 025751.376 INFO             PET0       ---------------------> to: 2010  6  1  0 45  0   0
20221011 025751.379 WARNING          PET0 ESMCI_PIO_Handler.C:1567 ESMCI::PIO_Handler::isOpen()       File, field_atm_import_sst.nc, closed by PIO
20221011 025751.382 WARNING          PET0 ESMCI_PIO_Handler.C:1567 ESMCI::PIO_Handler::isOpen()       File, field_atm_export_pmsl.nc, closed by PIO
20221011 025751.385 WARNING          PET0 ESMCI_PIO_Handler.C:1567 ESMCI::PIO_Handler::isOpen()       File, field_atm_export_rsnl.nc, closed by PIO
20221011 025751.387 WARNING          PET0 ESMCI_PIO_Handler.C:1567 ESMCI::PIO_Handler::isOpen()       File, field_atm_export_rsns.nc, closed by PIO
20221011 025751.390 WARNING          PET0 ESMCI_PIO_Handler.C:1567 ESMCI::PIO_Handler::isOpen()       File, field_atm_export_sdhf.nc, closed by PIO
20221011 025751.390 INFO             PET0     ATM: Run extro.
20221011 025751.390 INFO             PET0     esm: RunSequence event loopLevel=   1  levelMember=   1  loopIteration=   4, current time: 2010  6  1  0 45  0   0
20221011 025751.390 INFO             PET0     ATM-TO-OCN: Run intro.
20221011 025751.390 INFO             PET0     ATM-TO-OCN: Run extro.
20221011 025751.390 INFO             PET0     OCN-TO-ATM: Run intro.
20221011 025751.422 INFO             PET0     OCN-TO-ATM: Run extro.
20221011 025751.422 INFO             PET0     ATM: Run intro.
20221011 025751.422 INFO             PET0       ------>Advancing ATM from: 2010  6  1  0 45  0   0
20221011 025751.422 INFO             PET0       ---------------------> to: 2010  6  1  1  0  0   0
20221011 025751.426 WARNING          PET0 ESMCI_PIO_Handler.C:1567 ESMCI::PIO_Handler::isOpen()       File, field_atm_import_sst.nc, closed by PIO
20221011 025751.429 WARNING          PET0 ESMCI_PIO_Handler.C:1567 ESMCI::PIO_Handler::isOpen()       File, field_atm_export_pmsl.nc, closed by PIO
20221011 025751.431 WARNING          PET0 ESMCI_PIO_Handler.C:1567 ESMCI::PIO_Handler::isOpen()       File, field_atm_export_rsnl.nc, closed by PIO
20221011 025751.434 WARNING          PET0 ESMCI_PIO_Handler.C:1567 ESMCI::PIO_Handler::isOpen()       File, field_atm_export_rsns.nc, closed by PIO
20221011 025751.437 WARNING          PET0 ESMCI_PIO_Handler.C:1567 ESMCI::PIO_Handler::isOpen()       File, field_atm_export_sdhf.nc, closed by PIO
20221011 025751.437 INFO             PET0     ATM: Run extro.
20221011 025751.437 INFO             PET0   esm: end <--------- RunSequence
20221011 025751.437 INFO             PET0   <<<esm - leaving Run with current time: 2010  6  1  1  0  0   0
20221011 025751.437 INFO             PET0 esm: Run extro.
20221011 025751.437 INFO             PET0 esm: Finalize intro.
20221011 025751.437 INFO             PET0   Calling Finalize phase 1 for connectorComp: ATM-TO-OCN
20221011 025751.437 INFO             PET0   ATM-TO-OCN: Finalize intro.
20221011 025751.437 INFO             PET0   ATM-TO-OCN: Finalize extro.
20221011 025751.437 INFO             PET0   Calling Finalize phase 1 for connectorComp: OCN-TO-ATM
20221011 025751.437 INFO             PET0   OCN-TO-ATM: Finalize intro.
20221011 025751.437 INFO             PET0   OCN-TO-ATM: Finalize extro.
20221011 025751.438 INFO             PET0   Calling Finalize phase 1 for modelComp: ATM
20221011 025751.438 INFO             PET0   ATM: Finalize intro.
20221011 025751.438 INFO             PET0   ATM: Finalize extro.
20221011 025751.438 INFO             PET0   Calling Finalize phase 1 for modelComp: OCN
20221011 025751.438 INFO             PET0   Delete modelComp: ATM
20221011 025751.438 INFO             PET0   Delete Import-/Export State for modelComp: ATM
20221011 025751.438 INFO             PET0   Delete modelComp: OCN
20221011 025751.438 INFO             PET0   Delete Import-/Export State for modelComp: OCN
20221011 025751.438 INFO             PET0   Delete connectorComp: ATM-TO-OCN
20221011 025751.470 INFO             PET0   Delete connectorComp: OCN-TO-ATM
20221011 025751.470 INFO             PET0 esm: Finalize extro.
20221011 025751.470 INFO             PET0 esmApp FINISHED
20221011 025751.470 INFO             PET0 Finalizing ESMF
20221011 025751.076 INFO             PET1 !!!!!!!!!!!!!!!!!!!!!!!!!!!!!!!!!!!!!!!!!!!!!!!!!!!!!!
20221011 025751.076 INFO             PET1 !!! THE ESMF_LOG IS SET TO OUTPUT ALL LOG MESSAGES !!!
20221011 025751.076 INFO             PET1 !!!     THIS MAY CAUSE SLOWDOWN IN PERFORMANCE     !!!
20221011 025751.076 INFO             PET1 !!! FOR PRODUCTION RUNS, USE:                      !!!
20221011 025751.076 INFO             PET1 !!!                   ESMF_LOGKIND_Multi_On_Error  !!!
20221011 025751.076 INFO             PET1 !!!!!!!!!!!!!!!!!!!!!!!!!!!!!!!!!!!!!!!!!!!!!!!!!!!!!!
20221011 025751.076 INFO             PET1 Running with ESMF Version   : v8.4.0b18-4-g95e3a6c69e
20221011 025751.076 INFO             PET1 ESMF library build date/time: "Oct 11 2022" "02:27:38"
20221011 025751.076 INFO             PET1 ESMF library build location : /glade/scratch/theurich/ESMF-Nightly-Testing/gfortran_10.1.0_mpt_O_develop/esmf
20221011 025751.076 INFO             PET1 ESMF_COMM                   : mpt
20221011 025751.076 INFO             PET1 ESMF_MOAB                   : enabled
20221011 025751.076 INFO             PET1 ESMF_LAPACK                 : enabled
20221011 025751.076 INFO             PET1 ESMF_NETCDF                 : enabled
20221011 025751.076 INFO             PET1 ESMF_PNETCDF                : disabled
20221011 025751.076 INFO             PET1 ESMF_PIO                    : enabled
20221011 025751.076 INFO             PET1 ESMF_YAMLCPP                : enabled
20221011 025751.078 INFO             PET1 esmApp STARTING
20221011 025751.080 INFO             PET1 esm: InitializeGeneric intro.
20221011 025751.080 INFO             PET1   esm: InitializeP0 intro.
20221011 025751.080 INFO             PET1   esm: InitializeP0 extro.
20221011 025751.080 INFO             PET1   esm: InitializeIPDv02p1 intro.
20221011 025751.080 INFO             PET1     >>>esm: entered Initialize (phase=<none>) without valid internal Clock.
20221011 025751.080 INFO             PET1     esm - Creating model component ATM with petList of size 2 :
20221011 025751.080 INFO             PET1           0      1
20221011 025751.081 INFO             PET1     esm - Creating model component OCN with petList of size 2 :
20221011 025751.081 INFO             PET1           2      3
20221011 025751.081 INFO             PET1     esm - Creating connector component ATM-TO-OCN with petList of size 4 :
20221011 025751.081 INFO             PET1           0      1      2      3
20221011 025751.083 INFO             PET1     esm - Creating connector component OCN-TO-ATM with petList of size 4 :
20221011 025751.083 INFO             PET1           2      3      0      1
20221011 025751.084 INFO             PET1     esm - Creating state: modelComp 1 Import State
20221011 025751.084 INFO             PET1     esm - Creating state: modelComp 1 Export State
20221011 025751.085 INFO             PET1     esm - Creating state: modelComp 2 Import State
20221011 025751.085 INFO             PET1     esm - Creating state: modelComp 2 Export State
20221011 025751.085 INFO             PET1     ATM: InitializeP0 intro.
20221011 025751.085 INFO             PET1     ATM: InitializeP0 extro.
20221011 025751.086 INFO             PET1     ATM-TO-OCN: InitializeP0 intro.
20221011 025751.086 INFO             PET1     ATM-TO-OCN: InitializeP0 extro.
20221011 025751.087 INFO             PET1     OCN-TO-ATM: InitializeP0 intro.
20221011 025751.087 INFO             PET1     OCN-TO-ATM: InitializeP0 extro.
20221011 025751.087 INFO             PET1     esm: IInitAdvertise intro.
20221011 025751.087 INFO             PET1     esm: IInitAdvertise extro.
20221011 025751.087 INFO             PET1     ATM: InitializeIPDvXp01 intro.
20221011 025751.089 INFO             PET1     ATM: InitializeIPDvXp01 extro.
20221011 025751.092 INFO             PET1     ATM-TO-OCN: InitializeIPDv05p1 intro.
20221011 025751.094 INFO             PET1     ATM-TO-OCN: InitializeIPDv05p1 extro.
20221011 025751.094 INFO             PET1     OCN-TO-ATM: InitializeIPDv05p1 intro.
20221011 025751.095 INFO             PET1     OCN-TO-ATM: InitializeIPDv05p1 extro.
20221011 025751.095 INFO             PET1     esm: IInitAdvertiseFinish intro.
20221011 025751.095 INFO             PET1     esm: IInitAdvertiseFinish extro.
20221011 025751.096 INFO             PET1     ATM-TO-OCN: InitializeIPDv05p2a intro.
20221011 025751.098 INFO             PET1     ATM-TO-OCN: InitializeIPDv05p2a extro.
20221011 025751.098 INFO             PET1     OCN-TO-ATM: InitializeIPDv05p2a intro.
20221011 025751.099 INFO             PET1     OCN-TO-ATM: InitializeIPDv05p2a extro.
20221011 025751.099 INFO             PET1     ATM-TO-OCN: InitializeIPDv05p2b intro.
20221011 025751.101 INFO             PET1     ATM-TO-OCN: InitializeIPDv05p2b extro.
20221011 025751.103 INFO             PET1     OCN-TO-ATM: InitializeIPDv05p2b intro.
20221011 025751.105 INFO             PET1     OCN-TO-ATM: InitializeIPDv05p2b extro.
20221011 025751.105 INFO             PET1     esm: IInitModifyCplLists intro.
20221011 025751.105 INFO             PET1       Driver is in ModifyCplLists()
20221011 025751.105 INFO             PET1        Found            2  Connectors. Modifying CplList Attribute....
20221011 025751.105 INFO             PET1        Modifying cplList Attribute on ATM-TO-OCN: air_pressure_at_sea_level
20221011 025751.105 INFO             PET1        Modified: air_pressure_at_sea_level:REMAPMETHOD=redist
20221011 025751.105 INFO             PET1        Modifying cplList Attribute on ATM-TO-OCN: surface_net_downward_longwave_flux
20221011 025751.105 INFO             PET1        Modified: surface_net_downward_longwave_flux:REMAPMETHOD=bilinear:SrcTermProcessing=1:DUMPWEIGHTS=true:TermOrder=SrcSeq
20221011 025751.105 INFO             PET1        Modifying cplList Attribute on ATM-TO-OCN: surface_net_downward_shortwave_flux
20221011 025751.105 INFO             PET1        Modified: surface_net_downward_shortwave_flux:REMAPMETHOD=redist
20221011 025751.105 INFO             PET1        Modifying cplList Attribute on ATM-TO-OCN: surface_downward_heat_flux_in_air
20221011 025751.105 INFO             PET1        Modified: surface_downward_heat_flux_in_air:REMAPMETHOD=bilinear:SrcTermProcessing=1:DUMPWEIGHTS=true:TermOrder=SrcSeq
20221011 025751.105 INFO             PET1        Modifying cplList Attribute on OCN-TO-ATM: sea_surface_temperature
20221011 025751.105 INFO             PET1        Modified: sea_surface_temperature:REMAPMETHOD=bilinear:SrcTermProcessing=1:DUMPWEIGHTS=true:TermOrder=SrcSeq
20221011 025751.105 INFO             PET1     esm: IInitModifyCplLists extro.
20221011 025751.105 INFO             PET1     ATM-TO-OCN: InitializeIPDv05p3 intro.
20221011 025751.108 INFO             PET1     ATM-TO-OCN: InitializeIPDv05p3 extro.
20221011 025751.108 INFO             PET1     OCN-TO-ATM: InitializeIPDv05p3 intro.
20221011 025751.109 INFO             PET1     OCN-TO-ATM: InitializeIPDv05p3 extro.
20221011 025751.109 INFO             PET1     <<<esm: leaving Initialize (phase=<none>) with current time: 2010  6  1  0  0  0   0
20221011 025751.109 INFO             PET1   esm: InitializeIPDv02p1 extro.
20221011 025751.109 INFO             PET1   esm: InitializeIPDv02p3 intro.
20221011 025751.109 INFO             PET1     >>>esm: entered Initialize (phase=<none>) with current time: 2010  6  1  0  0  0   0
20221011 025751.109 INFO             PET1     esm: IInitCheck intro.
20221011 025751.109 INFO             PET1     esm: IInitCheck extro.
20221011 025751.109 INFO             PET1     ATM: InitializeIPDvXp04 intro.
20221011 025751.113 INFO             PET1     ATM: InitializeIPDvXp04 extro.
20221011 025751.117 INFO             PET1     ATM-TO-OCN: InitializeIPDv05p4 intro.
20221011 025751.122 INFO             PET1     ATM-TO-OCN: InitializeIPDv05p4 extro.
20221011 025751.122 INFO             PET1     OCN-TO-ATM: InitializeIPDv05p4 intro.
20221011 025751.123 INFO             PET1     OCN-TO-ATM: InitializeIPDv05p4 extro.
20221011 025751.123 INFO             PET1     ATM-TO-OCN: InitializeIPDv05p5 intro.
20221011 025751.128 INFO             PET1     ATM-TO-OCN: InitializeIPDv05p5 extro.
20221011 025751.128 INFO             PET1     OCN-TO-ATM: InitializeIPDv05p5 intro.
20221011 025751.129 INFO             PET1     OCN-TO-ATM: InitializeIPDv05p5 extro.
20221011 025751.129 INFO             PET1     esm: IInitRealize intro.
20221011 025751.129 INFO             PET1     esm: IInitRealize extro.
20221011 025751.129 INFO             PET1     ATM-TO-OCN: InitializeIPDv05p6a intro.
20221011 025751.133 INFO             PET1     ATM-TO-OCN: InitializeIPDv05p6a extro.
20221011 025751.133 INFO             PET1     OCN-TO-ATM: InitializeIPDv05p6a intro.
20221011 025751.135 INFO             PET1     OCN-TO-ATM: InitializeIPDv05p6a extro.
20221011 025751.135 INFO             PET1     ATM-TO-OCN: InitializeIPDv05p6b intro.
20221011 025751.211 INFO             PET1     ATM-TO-OCN: InitializeIPDv05p6b extro.
20221011 025751.211 INFO             PET1     OCN-TO-ATM: InitializeIPDv05p6b intro.
20221011 025751.274 INFO             PET1     OCN-TO-ATM: InitializeIPDv05p6b extro.
20221011 025751.275 INFO             PET1     ATM: InitializeIPDvXp07 intro.
20221011 025751.275 INFO             PET1     ATM: InitializeIPDvXp07 extro.
20221011 025751.275 INFO             PET1     <<<esm: leaving Initialize (phase=<none>) with current time: 2010  6  1  0  0  0   0
20221011 025751.275 INFO             PET1   esm: InitializeIPDv02p3 extro.
20221011 025751.275 INFO             PET1   esm: InitializeIPDv02p5 intro.
20221011 025751.275 INFO             PET1     >>>esm: entered Initialize (phase=<none>) with current time: 2010  6  1  0  0  0   0
20221011 025751.275 INFO             PET1     esm: this is a top level driver, no 'Updated' and 'InitializeDataComplete' info on this level.
20221011 025751.275 INFO             PET1     esm: InitializeIPDv02p5Data intro.
20221011 025751.275 INFO             PET1       esm: InternalInitializeComplete intro.
20221011 025751.275 INFO             PET1         esm: InitializeDataComplete='true'
20221011 025751.275 INFO             PET1       esm: InternalInitializeComplete extro.
20221011 025751.275 INFO             PET1       ATM: InitializeIPDv01p5 intro.
20221011 025751.276 INFO             PET1       ATM: InitializeIPDv01p5 extro.
20221011 025751.276 INFO             PET1       esm: components present that trigger loopDataDependentInitialize().
20221011 025751.276 INFO             PET1       esm: loopDataDependentInitialize intro.
20221011 025751.276 INFO             PET1         esm: component    0=esm, dataComplete (local): true
20221011 025751.276 INFO             PET1         esm: component    0=esm, dataComplete (global): T
20221011 025751.276 INFO             PET1         esm: component    1=ATM, dataComplete (local): true
20221011 025751.276 INFO             PET1         esm: component    1=ATM, dataComplete (global): T
20221011 025751.276 INFO             PET1         esm: component    2=OCN, dataComplete (local): true
20221011 025751.276 INFO             PET1         esm: component    2=OCN, dataComplete (global): T
20221011 025751.276 INFO             PET1         esm: someProgress=F, allComplete=T, present(dataDepAllComplete)=T
20221011 025751.276 INFO             PET1         esm: finished resolving initialize data dependencies on this level.
20221011 025751.276 INFO             PET1       esm: loopDataDependentInitialize extro.
20221011 025751.276 INFO             PET1       esm: loopDataDependentInitialize() returned with dataDepAllComplete: T
20221011 025751.276 INFO             PET1     esm: InitializeIPDv02p5Data extro.
20221011 025751.276 INFO             PET1     <<<esm: leaving Initialize (phase=<none>) with current time: 2010  6  1  0  0  0   0
20221011 025751.276 INFO             PET1   esm: InitializeIPDv02p5 extro.
20221011 025751.276 INFO             PET1 esm: InitializeGeneric extro.
20221011 025751.276 INFO             PET1 esm: Run intro.
20221011 025751.276 INFO             PET1   >>>esm entered Run (phase=RunPhase1) with current time: 2010  6  1  0  0  0   0
20221011 025751.276 INFO             PET1   esm: after lable_SetRunClock, current time: 2010  6  1  0  0  0   0
20221011 025751.276 INFO             PET1   esm: begin -------> RunSequence.
20221011 025751.276 INFO             PET1     esm: RunSequence event loopLevel=   1  levelMember=   1  loopIteration=   1, current time: 2010  6  1  0  0  0   0
20221011 025751.276 INFO             PET1     ATM-TO-OCN: Run intro.
20221011 025751.277 INFO             PET1     ATM-TO-OCN: Run extro.
20221011 025751.277 INFO             PET1     OCN-TO-ATM: Run intro.
20221011 025751.277 INFO             PET1     OCN-TO-ATM: Run extro.
20221011 025751.277 INFO             PET1     ATM: Run intro.
20221011 025751.277 INFO             PET1       ------>Advancing ATM from: 2010  6  1  0  0  0   0
20221011 025751.277 INFO             PET1       ---------------------> to: 2010  6  1  0 15  0   0
20221011 025751.283 WARNING          PET1 ESMCI_PIO_Handler.C:1567 ESMCI::PIO_Handler::isOpen()       File, field_atm_import_sst.nc, closed by PIO
20221011 025751.288 WARNING          PET1 ESMCI_PIO_Handler.C:1567 ESMCI::PIO_Handler::isOpen()       File, field_atm_export_pmsl.nc, closed by PIO
20221011 025751.292 WARNING          PET1 ESMCI_PIO_Handler.C:1567 ESMCI::PIO_Handler::isOpen()       File, field_atm_export_rsnl.nc, closed by PIO
20221011 025751.296 WARNING          PET1 ESMCI_PIO_Handler.C:1567 ESMCI::PIO_Handler::isOpen()       File, field_atm_export_rsns.nc, closed by PIO
20221011 025751.301 WARNING          PET1 ESMCI_PIO_Handler.C:1567 ESMCI::PIO_Handler::isOpen()       File, field_atm_export_sdhf.nc, closed by PIO
20221011 025751.301 INFO             PET1     ATM: Run extro.
20221011 025751.301 INFO             PET1     esm: RunSequence event loopLevel=   1  levelMember=   1  loopIteration=   2, current time: 2010  6  1  0 15  0   0
20221011 025751.301 INFO             PET1     ATM-TO-OCN: Run intro.
20221011 025751.301 INFO             PET1     ATM-TO-OCN: Run extro.
20221011 025751.302 INFO             PET1     OCN-TO-ATM: Run intro.
20221011 025751.335 INFO             PET1     OCN-TO-ATM: Run extro.
20221011 025751.335 INFO             PET1     ATM: Run intro.
20221011 025751.335 INFO             PET1       ------>Advancing ATM from: 2010  6  1  0 15  0   0
20221011 025751.335 INFO             PET1       ---------------------> to: 2010  6  1  0 30  0   0
20221011 025751.339 WARNING          PET1 ESMCI_PIO_Handler.C:1567 ESMCI::PIO_Handler::isOpen()       File, field_atm_import_sst.nc, closed by PIO
20221011 025751.341 WARNING          PET1 ESMCI_PIO_Handler.C:1567 ESMCI::PIO_Handler::isOpen()       File, field_atm_export_pmsl.nc, closed by PIO
20221011 025751.344 WARNING          PET1 ESMCI_PIO_Handler.C:1567 ESMCI::PIO_Handler::isOpen()       File, field_atm_export_rsnl.nc, closed by PIO
20221011 025751.346 WARNING          PET1 ESMCI_PIO_Handler.C:1567 ESMCI::PIO_Handler::isOpen()       File, field_atm_export_rsns.nc, closed by PIO
20221011 025751.349 WARNING          PET1 ESMCI_PIO_Handler.C:1567 ESMCI::PIO_Handler::isOpen()       File, field_atm_export_sdhf.nc, closed by PIO
20221011 025751.349 INFO             PET1     ATM: Run extro.
20221011 025751.349 INFO             PET1     esm: RunSequence event loopLevel=   1  levelMember=   1  loopIteration=   3, current time: 2010  6  1  0 30  0   0
20221011 025751.349 INFO             PET1     ATM-TO-OCN: Run intro.
20221011 025751.349 INFO             PET1     ATM-TO-OCN: Run extro.
20221011 025751.349 INFO             PET1     OCN-TO-ATM: Run intro.
20221011 025751.376 INFO             PET1     OCN-TO-ATM: Run extro.
20221011 025751.376 INFO             PET1     ATM: Run intro.
20221011 025751.376 INFO             PET1       ------>Advancing ATM from: 2010  6  1  0 30  0   0
20221011 025751.376 INFO             PET1       ---------------------> to: 2010  6  1  0 45  0   0
20221011 025751.379 WARNING          PET1 ESMCI_PIO_Handler.C:1567 ESMCI::PIO_Handler::isOpen()       File, field_atm_import_sst.nc, closed by PIO
20221011 025751.382 WARNING          PET1 ESMCI_PIO_Handler.C:1567 ESMCI::PIO_Handler::isOpen()       File, field_atm_export_pmsl.nc, closed by PIO
20221011 025751.385 WARNING          PET1 ESMCI_PIO_Handler.C:1567 ESMCI::PIO_Handler::isOpen()       File, field_atm_export_rsnl.nc, closed by PIO
20221011 025751.387 WARNING          PET1 ESMCI_PIO_Handler.C:1567 ESMCI::PIO_Handler::isOpen()       File, field_atm_export_rsns.nc, closed by PIO
20221011 025751.390 WARNING          PET1 ESMCI_PIO_Handler.C:1567 ESMCI::PIO_Handler::isOpen()       File, field_atm_export_sdhf.nc, closed by PIO
20221011 025751.390 INFO             PET1     ATM: Run extro.
20221011 025751.390 INFO             PET1     esm: RunSequence event loopLevel=   1  levelMember=   1  loopIteration=   4, current time: 2010  6  1  0 45  0   0
20221011 025751.390 INFO             PET1     ATM-TO-OCN: Run intro.
20221011 025751.390 INFO             PET1     ATM-TO-OCN: Run extro.
20221011 025751.390 INFO             PET1     OCN-TO-ATM: Run intro.
20221011 025751.422 INFO             PET1     OCN-TO-ATM: Run extro.
20221011 025751.422 INFO             PET1     ATM: Run intro.
20221011 025751.422 INFO             PET1       ------>Advancing ATM from: 2010  6  1  0 45  0   0
20221011 025751.422 INFO             PET1       ---------------------> to: 2010  6  1  1  0  0   0
20221011 025751.426 WARNING          PET1 ESMCI_PIO_Handler.C:1567 ESMCI::PIO_Handler::isOpen()       File, field_atm_import_sst.nc, closed by PIO
20221011 025751.429 WARNING          PET1 ESMCI_PIO_Handler.C:1567 ESMCI::PIO_Handler::isOpen()       File, field_atm_export_pmsl.nc, closed by PIO
20221011 025751.431 WARNING          PET1 ESMCI_PIO_Handler.C:1567 ESMCI::PIO_Handler::isOpen()       File, field_atm_export_rsnl.nc, closed by PIO
20221011 025751.434 WARNING          PET1 ESMCI_PIO_Handler.C:1567 ESMCI::PIO_Handler::isOpen()       File, field_atm_export_rsns.nc, closed by PIO
20221011 025751.437 WARNING          PET1 ESMCI_PIO_Handler.C:1567 ESMCI::PIO_Handler::isOpen()       File, field_atm_export_sdhf.nc, closed by PIO
20221011 025751.437 INFO             PET1     ATM: Run extro.
20221011 025751.437 INFO             PET1   esm: end <--------- RunSequence
20221011 025751.437 INFO             PET1   <<<esm - leaving Run with current time: 2010  6  1  1  0  0   0
20221011 025751.437 INFO             PET1 esm: Run extro.
20221011 025751.437 INFO             PET1 esm: Finalize intro.
20221011 025751.437 INFO             PET1   Calling Finalize phase 1 for connectorComp: ATM-TO-OCN
20221011 025751.437 INFO             PET1   ATM-TO-OCN: Finalize intro.
20221011 025751.437 INFO             PET1   ATM-TO-OCN: Finalize extro.
20221011 025751.437 INFO             PET1   Calling Finalize phase 1 for connectorComp: OCN-TO-ATM
20221011 025751.437 INFO             PET1   OCN-TO-ATM: Finalize intro.
20221011 025751.437 INFO             PET1   OCN-TO-ATM: Finalize extro.
20221011 025751.438 INFO             PET1   Calling Finalize phase 1 for modelComp: ATM
20221011 025751.438 INFO             PET1   ATM: Finalize intro.
20221011 025751.438 INFO             PET1   ATM: Finalize extro.
20221011 025751.438 INFO             PET1   Calling Finalize phase 1 for modelComp: OCN
20221011 025751.438 INFO             PET1   Delete modelComp: ATM
20221011 025751.438 INFO             PET1   Delete Import-/Export State for modelComp: ATM
20221011 025751.438 INFO             PET1   Delete modelComp: OCN
20221011 025751.438 INFO             PET1   Delete Import-/Export State for modelComp: OCN
20221011 025751.438 INFO             PET1   Delete connectorComp: ATM-TO-OCN
20221011 025751.470 INFO             PET1   Delete connectorComp: OCN-TO-ATM
20221011 025751.470 INFO             PET1 esm: Finalize extro.
20221011 025751.470 INFO             PET1 esmApp FINISHED
20221011 025751.470 INFO             PET1 Finalizing ESMF
20221011 025751.077 INFO             PET2 !!!!!!!!!!!!!!!!!!!!!!!!!!!!!!!!!!!!!!!!!!!!!!!!!!!!!!
20221011 025751.077 INFO             PET2 !!! THE ESMF_LOG IS SET TO OUTPUT ALL LOG MESSAGES !!!
20221011 025751.077 INFO             PET2 !!!     THIS MAY CAUSE SLOWDOWN IN PERFORMANCE     !!!
20221011 025751.077 INFO             PET2 !!! FOR PRODUCTION RUNS, USE:                      !!!
20221011 025751.077 INFO             PET2 !!!                   ESMF_LOGKIND_Multi_On_Error  !!!
20221011 025751.077 INFO             PET2 !!!!!!!!!!!!!!!!!!!!!!!!!!!!!!!!!!!!!!!!!!!!!!!!!!!!!!
20221011 025751.077 INFO             PET2 Running with ESMF Version   : v8.4.0b18-4-g95e3a6c69e
20221011 025751.077 INFO             PET2 ESMF library build date/time: "Oct 11 2022" "02:27:38"
20221011 025751.077 INFO             PET2 ESMF library build location : /glade/scratch/theurich/ESMF-Nightly-Testing/gfortran_10.1.0_mpt_O_develop/esmf
20221011 025751.077 INFO             PET2 ESMF_COMM                   : mpt
20221011 025751.077 INFO             PET2 ESMF_MOAB                   : enabled
20221011 025751.077 INFO             PET2 ESMF_LAPACK                 : enabled
20221011 025751.077 INFO             PET2 ESMF_NETCDF                 : enabled
20221011 025751.077 INFO             PET2 ESMF_PNETCDF                : disabled
20221011 025751.077 INFO             PET2 ESMF_PIO                    : enabled
20221011 025751.077 INFO             PET2 ESMF_YAMLCPP                : enabled
20221011 025751.078 INFO             PET2 esmApp STARTING
20221011 025751.080 INFO             PET2 esm: InitializeGeneric intro.
20221011 025751.080 INFO             PET2   esm: InitializeP0 intro.
20221011 025751.080 INFO             PET2   esm: InitializeP0 extro.
20221011 025751.080 INFO             PET2   esm: InitializeIPDv02p1 intro.
20221011 025751.080 INFO             PET2     >>>esm: entered Initialize (phase=<none>) without valid internal Clock.
20221011 025751.080 INFO             PET2     esm - Creating model component ATM with petList of size 2 :
20221011 025751.080 INFO             PET2           0      1
20221011 025751.080 INFO             PET2     esm - Creating model component OCN with petList of size 2 :
20221011 025751.080 INFO             PET2           2      3
20221011 025751.081 INFO             PET2     esm - Creating connector component ATM-TO-OCN with petList of size 4 :
20221011 025751.081 INFO             PET2           0      1      2      3
20221011 025751.083 INFO             PET2     esm - Creating connector component OCN-TO-ATM with petList of size 4 :
20221011 025751.083 INFO             PET2           2      3      0      1
20221011 025751.084 INFO             PET2     esm - Creating state: modelComp 1 Import State
20221011 025751.084 INFO             PET2     esm - Creating state: modelComp 1 Export State
20221011 025751.085 INFO             PET2     esm - Creating state: modelComp 2 Import State
20221011 025751.085 INFO             PET2     esm - Creating state: modelComp 2 Export State
20221011 025751.086 INFO             PET2     OCN: InitializeP0 intro.
20221011 025751.086 INFO             PET2     OCN: InitializeP0 extro.
20221011 025751.086 INFO             PET2     ATM-TO-OCN: InitializeP0 intro.
20221011 025751.086 INFO             PET2     ATM-TO-OCN: InitializeP0 extro.
20221011 025751.087 INFO             PET2     OCN-TO-ATM: InitializeP0 intro.
20221011 025751.087 INFO             PET2     OCN-TO-ATM: InitializeP0 extro.
20221011 025751.087 INFO             PET2     esm: IInitAdvertise intro.
20221011 025751.087 INFO             PET2     esm: IInitAdvertise extro.
20221011 025751.090 INFO             PET2     OCN: InitializeIPDvXp01 intro.
20221011 025751.091 INFO             PET2     OCN: InitializeIPDvXp01 extro.
20221011 025751.092 INFO             PET2     ATM-TO-OCN: InitializeIPDv05p1 intro.
20221011 025751.094 INFO             PET2     ATM-TO-OCN: InitializeIPDv05p1 extro.
20221011 025751.094 INFO             PET2     OCN-TO-ATM: InitializeIPDv05p1 intro.
20221011 025751.095 INFO             PET2     OCN-TO-ATM: InitializeIPDv05p1 extro.
20221011 025751.095 INFO             PET2     esm: IInitAdvertiseFinish intro.
20221011 025751.095 INFO             PET2     esm: IInitAdvertiseFinish extro.
20221011 025751.096 INFO             PET2     ATM-TO-OCN: InitializeIPDv05p2a intro.
20221011 025751.098 INFO             PET2     ATM-TO-OCN: InitializeIPDv05p2a extro.
20221011 025751.098 INFO             PET2     OCN-TO-ATM: InitializeIPDv05p2a intro.
20221011 025751.099 INFO             PET2     OCN-TO-ATM: InitializeIPDv05p2a extro.
20221011 025751.099 INFO             PET2     ATM-TO-OCN: InitializeIPDv05p2b intro.
20221011 025751.101 INFO             PET2     ATM-TO-OCN: InitializeIPDv05p2b extro.
20221011 025751.104 INFO             PET2     OCN-TO-ATM: InitializeIPDv05p2b intro.
20221011 025751.105 INFO             PET2     OCN-TO-ATM: InitializeIPDv05p2b extro.
20221011 025751.105 INFO             PET2     esm: IInitModifyCplLists intro.
20221011 025751.105 INFO             PET2       Driver is in ModifyCplLists()
20221011 025751.105 INFO             PET2        Found            2  Connectors. Modifying CplList Attribute....
20221011 025751.105 INFO             PET2        Modifying cplList Attribute on ATM-TO-OCN: air_pressure_at_sea_level
20221011 025751.105 INFO             PET2        Modified: air_pressure_at_sea_level:REMAPMETHOD=redist
20221011 025751.105 INFO             PET2        Modifying cplList Attribute on ATM-TO-OCN: surface_net_downward_longwave_flux
20221011 025751.105 INFO             PET2        Modified: surface_net_downward_longwave_flux:REMAPMETHOD=bilinear:SrcTermProcessing=1:DUMPWEIGHTS=true:TermOrder=SrcSeq
20221011 025751.105 INFO             PET2        Modifying cplList Attribute on ATM-TO-OCN: surface_net_downward_shortwave_flux
20221011 025751.105 INFO             PET2        Modified: surface_net_downward_shortwave_flux:REMAPMETHOD=redist
20221011 025751.105 INFO             PET2        Modifying cplList Attribute on ATM-TO-OCN: surface_downward_heat_flux_in_air
20221011 025751.105 INFO             PET2        Modified: surface_downward_heat_flux_in_air:REMAPMETHOD=bilinear:SrcTermProcessing=1:DUMPWEIGHTS=true:TermOrder=SrcSeq
20221011 025751.105 INFO             PET2        Modifying cplList Attribute on OCN-TO-ATM: sea_surface_temperature
20221011 025751.105 INFO             PET2        Modified: sea_surface_temperature:REMAPMETHOD=bilinear:SrcTermProcessing=1:DUMPWEIGHTS=true:TermOrder=SrcSeq
20221011 025751.105 INFO             PET2     esm: IInitModifyCplLists extro.
20221011 025751.105 INFO             PET2     ATM-TO-OCN: InitializeIPDv05p3 intro.
20221011 025751.108 INFO             PET2     ATM-TO-OCN: InitializeIPDv05p3 extro.
20221011 025751.108 INFO             PET2     OCN-TO-ATM: InitializeIPDv05p3 intro.
20221011 025751.109 INFO             PET2     OCN-TO-ATM: InitializeIPDv05p3 extro.
20221011 025751.109 INFO             PET2     <<<esm: leaving Initialize (phase=<none>) with current time: 2010  6  1  0  0  0   0
20221011 025751.109 INFO             PET2   esm: InitializeIPDv02p1 extro.
20221011 025751.109 INFO             PET2   esm: InitializeIPDv02p3 intro.
20221011 025751.109 INFO             PET2     >>>esm: entered Initialize (phase=<none>) with current time: 2010  6  1  0  0  0   0
20221011 025751.109 INFO             PET2     esm: IInitCheck intro.
20221011 025751.109 INFO             PET2     esm: IInitCheck extro.
20221011 025751.114 INFO             PET2     OCN: InitializeIPDvXp04 intro.
20221011 025751.117 INFO             PET2     OCN: InitializeIPDvXp04 extro.
20221011 025751.117 INFO             PET2     ATM-TO-OCN: InitializeIPDv05p4 intro.
20221011 025751.122 INFO             PET2     ATM-TO-OCN: InitializeIPDv05p4 extro.
20221011 025751.122 INFO             PET2     OCN-TO-ATM: InitializeIPDv05p4 intro.
20221011 025751.123 INFO             PET2     OCN-TO-ATM: InitializeIPDv05p4 extro.
20221011 025751.123 INFO             PET2     ATM-TO-OCN: InitializeIPDv05p5 intro.
20221011 025751.128 INFO             PET2     ATM-TO-OCN: InitializeIPDv05p5 extro.
20221011 025751.128 INFO             PET2     OCN-TO-ATM: InitializeIPDv05p5 intro.
20221011 025751.129 INFO             PET2     OCN-TO-ATM: InitializeIPDv05p5 extro.
20221011 025751.129 INFO             PET2     esm: IInitRealize intro.
20221011 025751.129 INFO             PET2     esm: IInitRealize extro.
20221011 025751.129 INFO             PET2     ATM-TO-OCN: InitializeIPDv05p6a intro.
20221011 025751.133 INFO             PET2     ATM-TO-OCN: InitializeIPDv05p6a extro.
20221011 025751.133 INFO             PET2     OCN-TO-ATM: InitializeIPDv05p6a intro.
20221011 025751.135 INFO             PET2     OCN-TO-ATM: InitializeIPDv05p6a extro.
20221011 025751.135 INFO             PET2     ATM-TO-OCN: InitializeIPDv05p6b intro.
20221011 025751.211 INFO             PET2     ATM-TO-OCN: InitializeIPDv05p6b extro.
20221011 025751.211 INFO             PET2     OCN-TO-ATM: InitializeIPDv05p6b intro.
20221011 025751.274 INFO             PET2     OCN-TO-ATM: InitializeIPDv05p6b extro.
20221011 025751.275 INFO             PET2     OCN: InitializeIPDvXp07 intro.
20221011 025751.275 INFO             PET2     OCN: InitializeIPDvXp07 extro.
20221011 025751.275 INFO             PET2     <<<esm: leaving Initialize (phase=<none>) with current time: 2010  6  1  0  0  0   0
20221011 025751.275 INFO             PET2   esm: InitializeIPDv02p3 extro.
20221011 025751.275 INFO             PET2   esm: InitializeIPDv02p5 intro.
20221011 025751.275 INFO             PET2     >>>esm: entered Initialize (phase=<none>) with current time: 2010  6  1  0  0  0   0
20221011 025751.275 INFO             PET2     esm: this is a top level driver, no 'Updated' and 'InitializeDataComplete' info on this level.
20221011 025751.275 INFO             PET2     esm: InitializeIPDv02p5Data intro.
20221011 025751.275 INFO             PET2       esm: InternalInitializeComplete intro.
20221011 025751.275 INFO             PET2         esm: InitializeDataComplete='true'
20221011 025751.275 INFO             PET2       esm: InternalInitializeComplete extro.
20221011 025751.276 INFO             PET2       OCN: InitializeIPDv01p5 intro.
20221011 025751.276 INFO             PET2       OCN: InitializeIPDv01p5 extro.
20221011 025751.276 INFO             PET2       esm: components present that trigger loopDataDependentInitialize().
20221011 025751.276 INFO             PET2       esm: loopDataDependentInitialize intro.
20221011 025751.276 INFO             PET2         esm: component    0=esm, dataComplete (local): true
20221011 025751.276 INFO             PET2         esm: component    0=esm, dataComplete (global): T
20221011 025751.276 INFO             PET2         esm: component    1=ATM, dataComplete (local): true
20221011 025751.276 INFO             PET2         esm: component    1=ATM, dataComplete (global): T
20221011 025751.276 INFO             PET2         esm: component    2=OCN, dataComplete (local): true
20221011 025751.276 INFO             PET2         esm: component    2=OCN, dataComplete (global): T
20221011 025751.276 INFO             PET2         esm: someProgress=F, allComplete=T, present(dataDepAllComplete)=T
20221011 025751.276 INFO             PET2         esm: finished resolving initialize data dependencies on this level.
20221011 025751.276 INFO             PET2       esm: loopDataDependentInitialize extro.
20221011 025751.276 INFO             PET2       esm: loopDataDependentInitialize() returned with dataDepAllComplete: T
20221011 025751.276 INFO             PET2     esm: InitializeIPDv02p5Data extro.
20221011 025751.276 INFO             PET2     <<<esm: leaving Initialize (phase=<none>) with current time: 2010  6  1  0  0  0   0
20221011 025751.276 INFO             PET2   esm: InitializeIPDv02p5 extro.
20221011 025751.276 INFO             PET2 esm: InitializeGeneric extro.
20221011 025751.276 INFO             PET2 esm: Run intro.
20221011 025751.276 INFO             PET2   >>>esm entered Run (phase=RunPhase1) with current time: 2010  6  1  0  0  0   0
20221011 025751.276 INFO             PET2   esm: after lable_SetRunClock, current time: 2010  6  1  0  0  0   0
20221011 025751.276 INFO             PET2   esm: begin -------> RunSequence.
20221011 025751.276 INFO             PET2     esm: RunSequence event loopLevel=   1  levelMember=   1  loopIteration=   1, current time: 2010  6  1  0  0  0   0
20221011 025751.276 INFO             PET2     ATM-TO-OCN: Run intro.
20221011 025751.277 INFO             PET2     ATM-TO-OCN: Run extro.
20221011 025751.277 INFO             PET2     OCN-TO-ATM: Run intro.
20221011 025751.277 INFO             PET2     OCN-TO-ATM: Run extro.
20221011 025751.277 INFO             PET2     OCN: Run intro.
20221011 025751.277 INFO             PET2       ------>Advancing OCN from: 2010  6  1  0  0  0   0
20221011 025751.277 INFO             PET2       ---------------------> to: 2010  6  1  0  5  0   0
20221011 025751.283 WARNING          PET2 ESMCI_PIO_Handler.C:1567 ESMCI::PIO_Handler::isOpen()       File, field_ocn_import_pmsl.nc, closed by PIO
20221011 025751.289 WARNING          PET2 ESMCI_PIO_Handler.C:1567 ESMCI::PIO_Handler::isOpen()       File, field_ocn_import_rsnl.nc, closed by PIO
20221011 025751.294 WARNING          PET2 ESMCI_PIO_Handler.C:1567 ESMCI::PIO_Handler::isOpen()       File, field_ocn_import_rsns.nc, closed by PIO
20221011 025751.299 WARNING          PET2 ESMCI_PIO_Handler.C:1567 ESMCI::PIO_Handler::isOpen()       File, field_ocn_import_sdhf.nc, closed by PIO
20221011 025751.304 WARNING          PET2 ESMCI_PIO_Handler.C:1567 ESMCI::PIO_Handler::isOpen()       File, field_ocn_export_sst.nc, closed by PIO
20221011 025751.304 INFO             PET2       ------>Advancing OCN from: 2010  6  1  0  5  0   0
20221011 025751.304 INFO             PET2       ---------------------> to: 2010  6  1  0 10  0   0
20221011 025751.307 WARNING          PET2 ESMCI_PIO_Handler.C:1567 ESMCI::PIO_Handler::isOpen()       File, field_ocn_import_pmsl.nc, closed by PIO
20221011 025751.310 WARNING          PET2 ESMCI_PIO_Handler.C:1567 ESMCI::PIO_Handler::isOpen()       File, field_ocn_import_rsnl.nc, closed by PIO
20221011 025751.314 WARNING          PET2 ESMCI_PIO_Handler.C:1567 ESMCI::PIO_Handler::isOpen()       File, field_ocn_import_rsns.nc, closed by PIO
20221011 025751.317 WARNING          PET2 ESMCI_PIO_Handler.C:1567 ESMCI::PIO_Handler::isOpen()       File, field_ocn_import_sdhf.nc, closed by PIO
20221011 025751.320 WARNING          PET2 ESMCI_PIO_Handler.C:1567 ESMCI::PIO_Handler::isOpen()       File, field_ocn_export_sst.nc, closed by PIO
20221011 025751.320 INFO             PET2       ------>Advancing OCN from: 2010  6  1  0 10  0   0
20221011 025751.320 INFO             PET2       ---------------------> to: 2010  6  1  0 15  0   0
20221011 025751.323 WARNING          PET2 ESMCI_PIO_Handler.C:1567 ESMCI::PIO_Handler::isOpen()       File, field_ocn_import_pmsl.nc, closed by PIO
20221011 025751.326 WARNING          PET2 ESMCI_PIO_Handler.C:1567 ESMCI::PIO_Handler::isOpen()       File, field_ocn_import_rsnl.nc, closed by PIO
20221011 025751.329 WARNING          PET2 ESMCI_PIO_Handler.C:1567 ESMCI::PIO_Handler::isOpen()       File, field_ocn_import_rsns.nc, closed by PIO
20221011 025751.332 WARNING          PET2 ESMCI_PIO_Handler.C:1567 ESMCI::PIO_Handler::isOpen()       File, field_ocn_import_sdhf.nc, closed by PIO
20221011 025751.335 WARNING          PET2 ESMCI_PIO_Handler.C:1567 ESMCI::PIO_Handler::isOpen()       File, field_ocn_export_sst.nc, closed by PIO
20221011 025751.335 INFO             PET2     OCN: Run extro.
20221011 025751.335 INFO             PET2     esm: RunSequence event loopLevel=   1  levelMember=   1  loopIteration=   2, current time: 2010  6  1  0 15  0   0
20221011 025751.335 INFO             PET2     ATM-TO-OCN: Run intro.
20221011 025751.335 INFO             PET2     ATM-TO-OCN: Run extro.
20221011 025751.335 INFO             PET2     OCN-TO-ATM: Run intro.
20221011 025751.335 INFO             PET2     OCN-TO-ATM: Run extro.
20221011 025751.335 INFO             PET2     OCN: Run intro.
20221011 025751.335 INFO             PET2       ------>Advancing OCN from: 2010  6  1  0 15  0   0
20221011 025751.335 INFO             PET2       ---------------------> to: 2010  6  1  0 20  0   0
20221011 025751.338 WARNING          PET2 ESMCI_PIO_Handler.C:1567 ESMCI::PIO_Handler::isOpen()       File, field_ocn_import_pmsl.nc, closed by PIO
20221011 025751.341 WARNING          PET2 ESMCI_PIO_Handler.C:1567 ESMCI::PIO_Handler::isOpen()       File, field_ocn_import_rsnl.nc, closed by PIO
20221011 025751.344 WARNING          PET2 ESMCI_PIO_Handler.C:1567 ESMCI::PIO_Handler::isOpen()       File, field_ocn_import_rsns.nc, closed by PIO
20221011 025751.346 WARNING          PET2 ESMCI_PIO_Handler.C:1567 ESMCI::PIO_Handler::isOpen()       File, field_ocn_import_sdhf.nc, closed by PIO
20221011 025751.348 WARNING          PET2 ESMCI_PIO_Handler.C:1567 ESMCI::PIO_Handler::isOpen()       File, field_ocn_export_sst.nc, closed by PIO
20221011 025751.348 INFO             PET2       ------>Advancing OCN from: 2010  6  1  0 20  0   0
20221011 025751.348 INFO             PET2       ---------------------> to: 2010  6  1  0 25  0   0
20221011 025751.350 WARNING          PET2 ESMCI_PIO_Handler.C:1567 ESMCI::PIO_Handler::isOpen()       File, field_ocn_import_pmsl.nc, closed by PIO
20221011 025751.353 WARNING          PET2 ESMCI_PIO_Handler.C:1567 ESMCI::PIO_Handler::isOpen()       File, field_ocn_import_rsnl.nc, closed by PIO
20221011 025751.356 WARNING          PET2 ESMCI_PIO_Handler.C:1567 ESMCI::PIO_Handler::isOpen()       File, field_ocn_import_rsns.nc, closed by PIO
20221011 025751.359 WARNING          PET2 ESMCI_PIO_Handler.C:1567 ESMCI::PIO_Handler::isOpen()       File, field_ocn_import_sdhf.nc, closed by PIO
20221011 025751.362 WARNING          PET2 ESMCI_PIO_Handler.C:1567 ESMCI::PIO_Handler::isOpen()       File, field_ocn_export_sst.nc, closed by PIO
20221011 025751.362 INFO             PET2       ------>Advancing OCN from: 2010  6  1  0 25  0   0
20221011 025751.362 INFO             PET2       ---------------------> to: 2010  6  1  0 30  0   0
20221011 025751.365 WARNING          PET2 ESMCI_PIO_Handler.C:1567 ESMCI::PIO_Handler::isOpen()       File, field_ocn_import_pmsl.nc, closed by PIO
20221011 025751.367 WARNING          PET2 ESMCI_PIO_Handler.C:1567 ESMCI::PIO_Handler::isOpen()       File, field_ocn_import_rsnl.nc, closed by PIO
20221011 025751.370 WARNING          PET2 ESMCI_PIO_Handler.C:1567 ESMCI::PIO_Handler::isOpen()       File, field_ocn_import_rsns.nc, closed by PIO
20221011 025751.372 WARNING          PET2 ESMCI_PIO_Handler.C:1567 ESMCI::PIO_Handler::isOpen()       File, field_ocn_import_sdhf.nc, closed by PIO
20221011 025751.375 WARNING          PET2 ESMCI_PIO_Handler.C:1567 ESMCI::PIO_Handler::isOpen()       File, field_ocn_export_sst.nc, closed by PIO
20221011 025751.375 INFO             PET2     OCN: Run extro.
20221011 025751.375 INFO             PET2     esm: RunSequence event loopLevel=   1  levelMember=   1  loopIteration=   3, current time: 2010  6  1  0 30  0   0
20221011 025751.375 INFO             PET2     ATM-TO-OCN: Run intro.
20221011 025751.375 INFO             PET2     ATM-TO-OCN: Run extro.
20221011 025751.375 INFO             PET2     OCN-TO-ATM: Run intro.
20221011 025751.376 INFO             PET2     OCN-TO-ATM: Run extro.
20221011 025751.376 INFO             PET2     OCN: Run intro.
20221011 025751.376 INFO             PET2       ------>Advancing OCN from: 2010  6  1  0 30  0   0
20221011 025751.376 INFO             PET2       ---------------------> to: 2010  6  1  0 35  0   0
20221011 025751.379 WARNING          PET2 ESMCI_PIO_Handler.C:1567 ESMCI::PIO_Handler::isOpen()       File, field_ocn_import_pmsl.nc, closed by PIO
20221011 025751.382 WARNING          PET2 ESMCI_PIO_Handler.C:1567 ESMCI::PIO_Handler::isOpen()       File, field_ocn_import_rsnl.nc, closed by PIO
20221011 025751.386 WARNING          PET2 ESMCI_PIO_Handler.C:1567 ESMCI::PIO_Handler::isOpen()       File, field_ocn_import_rsns.nc, closed by PIO
20221011 025751.389 WARNING          PET2 ESMCI_PIO_Handler.C:1567 ESMCI::PIO_Handler::isOpen()       File, field_ocn_import_sdhf.nc, closed by PIO
20221011 025751.392 WARNING          PET2 ESMCI_PIO_Handler.C:1567 ESMCI::PIO_Handler::isOpen()       File, field_ocn_export_sst.nc, closed by PIO
20221011 025751.392 INFO             PET2       ------>Advancing OCN from: 2010  6  1  0 35  0   0
20221011 025751.392 INFO             PET2       ---------------------> to: 2010  6  1  0 40  0   0
20221011 025751.396 WARNING          PET2 ESMCI_PIO_Handler.C:1567 ESMCI::PIO_Handler::isOpen()       File, field_ocn_import_pmsl.nc, closed by PIO
20221011 025751.398 WARNING          PET2 ESMCI_PIO_Handler.C:1567 ESMCI::PIO_Handler::isOpen()       File, field_ocn_import_rsnl.nc, closed by PIO
20221011 025751.402 WARNING          PET2 ESMCI_PIO_Handler.C:1567 ESMCI::PIO_Handler::isOpen()       File, field_ocn_import_rsns.nc, closed by PIO
20221011 025751.405 WARNING          PET2 ESMCI_PIO_Handler.C:1567 ESMCI::PIO_Handler::isOpen()       File, field_ocn_import_sdhf.nc, closed by PIO
20221011 025751.408 WARNING          PET2 ESMCI_PIO_Handler.C:1567 ESMCI::PIO_Handler::isOpen()       File, field_ocn_export_sst.nc, closed by PIO
20221011 025751.408 INFO             PET2       ------>Advancing OCN from: 2010  6  1  0 40  0   0
20221011 025751.408 INFO             PET2       ---------------------> to: 2010  6  1  0 45  0   0
20221011 025751.410 WARNING          PET2 ESMCI_PIO_Handler.C:1567 ESMCI::PIO_Handler::isOpen()       File, field_ocn_import_pmsl.nc, closed by PIO
20221011 025751.413 WARNING          PET2 ESMCI_PIO_Handler.C:1567 ESMCI::PIO_Handler::isOpen()       File, field_ocn_import_rsnl.nc, closed by PIO
20221011 025751.416 WARNING          PET2 ESMCI_PIO_Handler.C:1567 ESMCI::PIO_Handler::isOpen()       File, field_ocn_import_rsns.nc, closed by PIO
20221011 025751.419 WARNING          PET2 ESMCI_PIO_Handler.C:1567 ESMCI::PIO_Handler::isOpen()       File, field_ocn_import_sdhf.nc, closed by PIO
20221011 025751.421 WARNING          PET2 ESMCI_PIO_Handler.C:1567 ESMCI::PIO_Handler::isOpen()       File, field_ocn_export_sst.nc, closed by PIO
20221011 025751.421 INFO             PET2     OCN: Run extro.
20221011 025751.421 INFO             PET2     esm: RunSequence event loopLevel=   1  levelMember=   1  loopIteration=   4, current time: 2010  6  1  0 45  0   0
20221011 025751.421 INFO             PET2     ATM-TO-OCN: Run intro.
20221011 025751.422 INFO             PET2     ATM-TO-OCN: Run extro.
20221011 025751.422 INFO             PET2     OCN-TO-ATM: Run intro.
20221011 025751.422 INFO             PET2     OCN-TO-ATM: Run extro.
20221011 025751.422 INFO             PET2     OCN: Run intro.
20221011 025751.422 INFO             PET2       ------>Advancing OCN from: 2010  6  1  0 45  0   0
20221011 025751.422 INFO             PET2       ---------------------> to: 2010  6  1  0 50  0   0
20221011 025751.425 WARNING          PET2 ESMCI_PIO_Handler.C:1567 ESMCI::PIO_Handler::isOpen()       File, field_ocn_import_pmsl.nc, closed by PIO
20221011 025751.428 WARNING          PET2 ESMCI_PIO_Handler.C:1567 ESMCI::PIO_Handler::isOpen()       File, field_ocn_import_rsnl.nc, closed by PIO
20221011 025751.431 WARNING          PET2 ESMCI_PIO_Handler.C:1567 ESMCI::PIO_Handler::isOpen()       File, field_ocn_import_rsns.nc, closed by PIO
20221011 025751.434 WARNING          PET2 ESMCI_PIO_Handler.C:1567 ESMCI::PIO_Handler::isOpen()       File, field_ocn_import_sdhf.nc, closed by PIO
20221011 025751.438 WARNING          PET2 ESMCI_PIO_Handler.C:1567 ESMCI::PIO_Handler::isOpen()       File, field_ocn_export_sst.nc, closed by PIO
20221011 025751.438 INFO             PET2       ------>Advancing OCN from: 2010  6  1  0 50  0   0
20221011 025751.438 INFO             PET2       ---------------------> to: 2010  6  1  0 55  0   0
20221011 025751.441 WARNING          PET2 ESMCI_PIO_Handler.C:1567 ESMCI::PIO_Handler::isOpen()       File, field_ocn_import_pmsl.nc, closed by PIO
20221011 025751.445 WARNING          PET2 ESMCI_PIO_Handler.C:1567 ESMCI::PIO_Handler::isOpen()       File, field_ocn_import_rsnl.nc, closed by PIO
20221011 025751.449 WARNING          PET2 ESMCI_PIO_Handler.C:1567 ESMCI::PIO_Handler::isOpen()       File, field_ocn_import_rsns.nc, closed by PIO
20221011 025751.452 WARNING          PET2 ESMCI_PIO_Handler.C:1567 ESMCI::PIO_Handler::isOpen()       File, field_ocn_import_sdhf.nc, closed by PIO
20221011 025751.455 WARNING          PET2 ESMCI_PIO_Handler.C:1567 ESMCI::PIO_Handler::isOpen()       File, field_ocn_export_sst.nc, closed by PIO
20221011 025751.455 INFO             PET2       ------>Advancing OCN from: 2010  6  1  0 55  0   0
20221011 025751.455 INFO             PET2       ---------------------> to: 2010  6  1  1  0  0   0
20221011 025751.458 WARNING          PET2 ESMCI_PIO_Handler.C:1567 ESMCI::PIO_Handler::isOpen()       File, field_ocn_import_pmsl.nc, closed by PIO
20221011 025751.461 WARNING          PET2 ESMCI_PIO_Handler.C:1567 ESMCI::PIO_Handler::isOpen()       File, field_ocn_import_rsnl.nc, closed by PIO
20221011 025751.464 WARNING          PET2 ESMCI_PIO_Handler.C:1567 ESMCI::PIO_Handler::isOpen()       File, field_ocn_import_rsns.nc, closed by PIO
20221011 025751.467 WARNING          PET2 ESMCI_PIO_Handler.C:1567 ESMCI::PIO_Handler::isOpen()       File, field_ocn_import_sdhf.nc, closed by PIO
20221011 025751.470 WARNING          PET2 ESMCI_PIO_Handler.C:1567 ESMCI::PIO_Handler::isOpen()       File, field_ocn_export_sst.nc, closed by PIO
20221011 025751.470 INFO             PET2     OCN: Run extro.
20221011 025751.470 INFO             PET2   esm: end <--------- RunSequence
20221011 025751.470 INFO             PET2   <<<esm - leaving Run with current time: 2010  6  1  1  0  0   0
20221011 025751.470 INFO             PET2 esm: Run extro.
20221011 025751.470 INFO             PET2 esm: Finalize intro.
20221011 025751.470 INFO             PET2   Calling Finalize phase 1 for connectorComp: ATM-TO-OCN
20221011 025751.470 INFO             PET2   ATM-TO-OCN: Finalize intro.
20221011 025751.470 INFO             PET2   ATM-TO-OCN: Finalize extro.
20221011 025751.470 INFO             PET2   Calling Finalize phase 1 for connectorComp: OCN-TO-ATM
20221011 025751.470 INFO             PET2   OCN-TO-ATM: Finalize intro.
20221011 025751.470 INFO             PET2   OCN-TO-ATM: Finalize extro.
20221011 025751.470 INFO             PET2   Calling Finalize phase 1 for modelComp: ATM
20221011 025751.470 INFO             PET2   Calling Finalize phase 1 for modelComp: OCN
20221011 025751.470 INFO             PET2   OCN: Finalize intro.
20221011 025751.470 INFO             PET2   OCN: Finalize extro.
20221011 025751.470 INFO             PET2   Delete modelComp: ATM
20221011 025751.470 INFO             PET2   Delete Import-/Export State for modelComp: ATM
20221011 025751.470 INFO             PET2   Delete modelComp: OCN
20221011 025751.470 INFO             PET2   Delete Import-/Export State for modelComp: OCN
20221011 025751.470 INFO             PET2   Delete connectorComp: ATM-TO-OCN
20221011 025751.470 INFO             PET2   Delete connectorComp: OCN-TO-ATM
20221011 025751.470 INFO             PET2 esm: Finalize extro.
20221011 025751.470 INFO             PET2 esmApp FINISHED
20221011 025751.470 INFO             PET2 Finalizing ESMF
20221011 025751.077 INFO             PET3 !!!!!!!!!!!!!!!!!!!!!!!!!!!!!!!!!!!!!!!!!!!!!!!!!!!!!!
20221011 025751.078 INFO             PET3 !!! THE ESMF_LOG IS SET TO OUTPUT ALL LOG MESSAGES !!!
20221011 025751.078 INFO             PET3 !!!     THIS MAY CAUSE SLOWDOWN IN PERFORMANCE     !!!
20221011 025751.078 INFO             PET3 !!! FOR PRODUCTION RUNS, USE:                      !!!
20221011 025751.078 INFO             PET3 !!!                   ESMF_LOGKIND_Multi_On_Error  !!!
20221011 025751.078 INFO             PET3 !!!!!!!!!!!!!!!!!!!!!!!!!!!!!!!!!!!!!!!!!!!!!!!!!!!!!!
20221011 025751.078 INFO             PET3 Running with ESMF Version   : v8.4.0b18-4-g95e3a6c69e
20221011 025751.078 INFO             PET3 ESMF library build date/time: "Oct 11 2022" "02:27:38"
20221011 025751.078 INFO             PET3 ESMF library build location : /glade/scratch/theurich/ESMF-Nightly-Testing/gfortran_10.1.0_mpt_O_develop/esmf
20221011 025751.078 INFO             PET3 ESMF_COMM                   : mpt
20221011 025751.078 INFO             PET3 ESMF_MOAB                   : enabled
20221011 025751.078 INFO             PET3 ESMF_LAPACK                 : enabled
20221011 025751.078 INFO             PET3 ESMF_NETCDF                 : enabled
20221011 025751.078 INFO             PET3 ESMF_PNETCDF                : disabled
20221011 025751.078 INFO             PET3 ESMF_PIO                    : enabled
20221011 025751.078 INFO             PET3 ESMF_YAMLCPP                : enabled
20221011 025751.078 INFO             PET3 esmApp STARTING
20221011 025751.080 INFO             PET3 esm: InitializeGeneric intro.
20221011 025751.080 INFO             PET3   esm: InitializeP0 intro.
20221011 025751.080 INFO             PET3   esm: InitializeP0 extro.
20221011 025751.080 INFO             PET3   esm: InitializeIPDv02p1 intro.
20221011 025751.080 INFO             PET3     >>>esm: entered Initialize (phase=<none>) without valid internal Clock.
20221011 025751.080 INFO             PET3     esm - Creating model component ATM with petList of size 2 :
20221011 025751.080 INFO             PET3           0      1
20221011 025751.080 INFO             PET3     esm - Creating model component OCN with petList of size 2 :
20221011 025751.080 INFO             PET3           2      3
20221011 025751.081 INFO             PET3     esm - Creating connector component ATM-TO-OCN with petList of size 4 :
20221011 025751.081 INFO             PET3           0      1      2      3
20221011 025751.083 INFO             PET3     esm - Creating connector component OCN-TO-ATM with petList of size 4 :
20221011 025751.083 INFO             PET3           2      3      0      1
20221011 025751.084 INFO             PET3     esm - Creating state: modelComp 1 Import State
20221011 025751.084 INFO             PET3     esm - Creating state: modelComp 1 Export State
20221011 025751.085 INFO             PET3     esm - Creating state: modelComp 2 Import State
20221011 025751.085 INFO             PET3     esm - Creating state: modelComp 2 Export State
20221011 025751.086 INFO             PET3     OCN: InitializeP0 intro.
20221011 025751.086 INFO             PET3     OCN: InitializeP0 extro.
20221011 025751.086 INFO             PET3     ATM-TO-OCN: InitializeP0 intro.
20221011 025751.086 INFO             PET3     ATM-TO-OCN: InitializeP0 extro.
20221011 025751.087 INFO             PET3     OCN-TO-ATM: InitializeP0 intro.
20221011 025751.087 INFO             PET3     OCN-TO-ATM: InitializeP0 extro.
20221011 025751.087 INFO             PET3     esm: IInitAdvertise intro.
20221011 025751.087 INFO             PET3     esm: IInitAdvertise extro.
20221011 025751.090 INFO             PET3     OCN: InitializeIPDvXp01 intro.
20221011 025751.091 INFO             PET3     OCN: InitializeIPDvXp01 extro.
20221011 025751.092 INFO             PET3     ATM-TO-OCN: InitializeIPDv05p1 intro.
20221011 025751.094 INFO             PET3     ATM-TO-OCN: InitializeIPDv05p1 extro.
20221011 025751.094 INFO             PET3     OCN-TO-ATM: InitializeIPDv05p1 intro.
20221011 025751.095 INFO             PET3     OCN-TO-ATM: InitializeIPDv05p1 extro.
20221011 025751.095 INFO             PET3     esm: IInitAdvertiseFinish intro.
20221011 025751.095 INFO             PET3     esm: IInitAdvertiseFinish extro.
20221011 025751.096 INFO             PET3     ATM-TO-OCN: InitializeIPDv05p2a intro.
20221011 025751.098 INFO             PET3     ATM-TO-OCN: InitializeIPDv05p2a extro.
20221011 025751.098 INFO             PET3     OCN-TO-ATM: InitializeIPDv05p2a intro.
20221011 025751.099 INFO             PET3     OCN-TO-ATM: InitializeIPDv05p2a extro.
20221011 025751.099 INFO             PET3     ATM-TO-OCN: InitializeIPDv05p2b intro.
20221011 025751.101 INFO             PET3     ATM-TO-OCN: InitializeIPDv05p2b extro.
20221011 025751.104 INFO             PET3     OCN-TO-ATM: InitializeIPDv05p2b intro.
20221011 025751.105 INFO             PET3     OCN-TO-ATM: InitializeIPDv05p2b extro.
20221011 025751.105 INFO             PET3     esm: IInitModifyCplLists intro.
20221011 025751.105 INFO             PET3       Driver is in ModifyCplLists()
20221011 025751.105 INFO             PET3        Found            2  Connectors. Modifying CplList Attribute....
20221011 025751.105 INFO             PET3        Modifying cplList Attribute on ATM-TO-OCN: air_pressure_at_sea_level
20221011 025751.105 INFO             PET3        Modified: air_pressure_at_sea_level:REMAPMETHOD=redist
20221011 025751.105 INFO             PET3        Modifying cplList Attribute on ATM-TO-OCN: surface_net_downward_longwave_flux
20221011 025751.105 INFO             PET3        Modified: surface_net_downward_longwave_flux:REMAPMETHOD=bilinear:SrcTermProcessing=1:DUMPWEIGHTS=true:TermOrder=SrcSeq
20221011 025751.105 INFO             PET3        Modifying cplList Attribute on ATM-TO-OCN: surface_net_downward_shortwave_flux
20221011 025751.105 INFO             PET3        Modified: surface_net_downward_shortwave_flux:REMAPMETHOD=redist
20221011 025751.105 INFO             PET3        Modifying cplList Attribute on ATM-TO-OCN: surface_downward_heat_flux_in_air
20221011 025751.105 INFO             PET3        Modified: surface_downward_heat_flux_in_air:REMAPMETHOD=bilinear:SrcTermProcessing=1:DUMPWEIGHTS=true:TermOrder=SrcSeq
20221011 025751.105 INFO             PET3        Modifying cplList Attribute on OCN-TO-ATM: sea_surface_temperature
20221011 025751.105 INFO             PET3        Modified: sea_surface_temperature:REMAPMETHOD=bilinear:SrcTermProcessing=1:DUMPWEIGHTS=true:TermOrder=SrcSeq
20221011 025751.105 INFO             PET3     esm: IInitModifyCplLists extro.
20221011 025751.105 INFO             PET3     ATM-TO-OCN: InitializeIPDv05p3 intro.
20221011 025751.108 INFO             PET3     ATM-TO-OCN: InitializeIPDv05p3 extro.
20221011 025751.108 INFO             PET3     OCN-TO-ATM: InitializeIPDv05p3 intro.
20221011 025751.109 INFO             PET3     OCN-TO-ATM: InitializeIPDv05p3 extro.
20221011 025751.109 INFO             PET3     <<<esm: leaving Initialize (phase=<none>) with current time: 2010  6  1  0  0  0   0
20221011 025751.109 INFO             PET3   esm: InitializeIPDv02p1 extro.
20221011 025751.109 INFO             PET3   esm: InitializeIPDv02p3 intro.
20221011 025751.109 INFO             PET3     >>>esm: entered Initialize (phase=<none>) with current time: 2010  6  1  0  0  0   0
20221011 025751.109 INFO             PET3     esm: IInitCheck intro.
20221011 025751.109 INFO             PET3     esm: IInitCheck extro.
20221011 025751.114 INFO             PET3     OCN: InitializeIPDvXp04 intro.
20221011 025751.117 INFO             PET3     OCN: InitializeIPDvXp04 extro.
20221011 025751.117 INFO             PET3     ATM-TO-OCN: InitializeIPDv05p4 intro.
20221011 025751.122 INFO             PET3     ATM-TO-OCN: InitializeIPDv05p4 extro.
20221011 025751.122 INFO             PET3     OCN-TO-ATM: InitializeIPDv05p4 intro.
20221011 025751.123 INFO             PET3     OCN-TO-ATM: InitializeIPDv05p4 extro.
20221011 025751.123 INFO             PET3     ATM-TO-OCN: InitializeIPDv05p5 intro.
20221011 025751.128 INFO             PET3     ATM-TO-OCN: InitializeIPDv05p5 extro.
20221011 025751.128 INFO             PET3     OCN-TO-ATM: InitializeIPDv05p5 intro.
20221011 025751.129 INFO             PET3     OCN-TO-ATM: InitializeIPDv05p5 extro.
20221011 025751.129 INFO             PET3     esm: IInitRealize intro.
20221011 025751.129 INFO             PET3     esm: IInitRealize extro.
20221011 025751.129 INFO             PET3     ATM-TO-OCN: InitializeIPDv05p6a intro.
20221011 025751.133 INFO             PET3     ATM-TO-OCN: InitializeIPDv05p6a extro.
20221011 025751.133 INFO             PET3     OCN-TO-ATM: InitializeIPDv05p6a intro.
20221011 025751.135 INFO             PET3     OCN-TO-ATM: InitializeIPDv05p6a extro.
20221011 025751.135 INFO             PET3     ATM-TO-OCN: InitializeIPDv05p6b intro.
20221011 025751.211 INFO             PET3     ATM-TO-OCN: InitializeIPDv05p6b extro.
20221011 025751.211 INFO             PET3     OCN-TO-ATM: InitializeIPDv05p6b intro.
20221011 025751.274 INFO             PET3     OCN-TO-ATM: InitializeIPDv05p6b extro.
20221011 025751.275 INFO             PET3     OCN: InitializeIPDvXp07 intro.
20221011 025751.275 INFO             PET3     OCN: InitializeIPDvXp07 extro.
20221011 025751.275 INFO             PET3     <<<esm: leaving Initialize (phase=<none>) with current time: 2010  6  1  0  0  0   0
20221011 025751.275 INFO             PET3   esm: InitializeIPDv02p3 extro.
20221011 025751.275 INFO             PET3   esm: InitializeIPDv02p5 intro.
20221011 025751.275 INFO             PET3     >>>esm: entered Initialize (phase=<none>) with current time: 2010  6  1  0  0  0   0
20221011 025751.275 INFO             PET3     esm: this is a top level driver, no 'Updated' and 'InitializeDataComplete' info on this level.
20221011 025751.275 INFO             PET3     esm: InitializeIPDv02p5Data intro.
20221011 025751.275 INFO             PET3       esm: InternalInitializeComplete intro.
20221011 025751.275 INFO             PET3         esm: InitializeDataComplete='true'
20221011 025751.275 INFO             PET3       esm: InternalInitializeComplete extro.
20221011 025751.276 INFO             PET3       OCN: InitializeIPDv01p5 intro.
20221011 025751.276 INFO             PET3       OCN: InitializeIPDv01p5 extro.
20221011 025751.276 INFO             PET3       esm: components present that trigger loopDataDependentInitialize().
20221011 025751.276 INFO             PET3       esm: loopDataDependentInitialize intro.
20221011 025751.276 INFO             PET3         esm: component    0=esm, dataComplete (local): true
20221011 025751.276 INFO             PET3         esm: component    0=esm, dataComplete (global): T
20221011 025751.276 INFO             PET3         esm: component    1=ATM, dataComplete (local): true
20221011 025751.276 INFO             PET3         esm: component    1=ATM, dataComplete (global): T
20221011 025751.276 INFO             PET3         esm: component    2=OCN, dataComplete (local): true
20221011 025751.276 INFO             PET3         esm: component    2=OCN, dataComplete (global): T
20221011 025751.276 INFO             PET3         esm: someProgress=F, allComplete=T, present(dataDepAllComplete)=T
20221011 025751.276 INFO             PET3         esm: finished resolving initialize data dependencies on this level.
20221011 025751.276 INFO             PET3       esm: loopDataDependentInitialize extro.
20221011 025751.276 INFO             PET3       esm: loopDataDependentInitialize() returned with dataDepAllComplete: T
20221011 025751.276 INFO             PET3     esm: InitializeIPDv02p5Data extro.
20221011 025751.276 INFO             PET3     <<<esm: leaving Initialize (phase=<none>) with current time: 2010  6  1  0  0  0   0
20221011 025751.276 INFO             PET3   esm: InitializeIPDv02p5 extro.
20221011 025751.276 INFO             PET3 esm: InitializeGeneric extro.
20221011 025751.276 INFO             PET3 esm: Run intro.
20221011 025751.276 INFO             PET3   >>>esm entered Run (phase=RunPhase1) with current time: 2010  6  1  0  0  0   0
20221011 025751.276 INFO             PET3   esm: after lable_SetRunClock, current time: 2010  6  1  0  0  0   0
20221011 025751.276 INFO             PET3   esm: begin -------> RunSequence.
20221011 025751.276 INFO             PET3     esm: RunSequence event loopLevel=   1  levelMember=   1  loopIteration=   1, current time: 2010  6  1  0  0  0   0
20221011 025751.276 INFO             PET3     ATM-TO-OCN: Run intro.
20221011 025751.277 INFO             PET3     ATM-TO-OCN: Run extro.
20221011 025751.277 INFO             PET3     OCN-TO-ATM: Run intro.
20221011 025751.277 INFO             PET3     OCN-TO-ATM: Run extro.
20221011 025751.277 INFO             PET3     OCN: Run intro.
20221011 025751.277 INFO             PET3       ------>Advancing OCN from: 2010  6  1  0  0  0   0
20221011 025751.277 INFO             PET3       ---------------------> to: 2010  6  1  0  5  0   0
20221011 025751.283 WARNING          PET3 ESMCI_PIO_Handler.C:1567 ESMCI::PIO_Handler::isOpen()       File, field_ocn_import_pmsl.nc, closed by PIO
20221011 025751.289 WARNING          PET3 ESMCI_PIO_Handler.C:1567 ESMCI::PIO_Handler::isOpen()       File, field_ocn_import_rsnl.nc, closed by PIO
20221011 025751.294 WARNING          PET3 ESMCI_PIO_Handler.C:1567 ESMCI::PIO_Handler::isOpen()       File, field_ocn_import_rsns.nc, closed by PIO
20221011 025751.299 WARNING          PET3 ESMCI_PIO_Handler.C:1567 ESMCI::PIO_Handler::isOpen()       File, field_ocn_import_sdhf.nc, closed by PIO
20221011 025751.304 WARNING          PET3 ESMCI_PIO_Handler.C:1567 ESMCI::PIO_Handler::isOpen()       File, field_ocn_export_sst.nc, closed by PIO
20221011 025751.304 INFO             PET3       ------>Advancing OCN from: 2010  6  1  0  5  0   0
20221011 025751.304 INFO             PET3       ---------------------> to: 2010  6  1  0 10  0   0
20221011 025751.307 WARNING          PET3 ESMCI_PIO_Handler.C:1567 ESMCI::PIO_Handler::isOpen()       File, field_ocn_import_pmsl.nc, closed by PIO
20221011 025751.310 WARNING          PET3 ESMCI_PIO_Handler.C:1567 ESMCI::PIO_Handler::isOpen()       File, field_ocn_import_rsnl.nc, closed by PIO
20221011 025751.314 WARNING          PET3 ESMCI_PIO_Handler.C:1567 ESMCI::PIO_Handler::isOpen()       File, field_ocn_import_rsns.nc, closed by PIO
20221011 025751.317 WARNING          PET3 ESMCI_PIO_Handler.C:1567 ESMCI::PIO_Handler::isOpen()       File, field_ocn_import_sdhf.nc, closed by PIO
20221011 025751.320 WARNING          PET3 ESMCI_PIO_Handler.C:1567 ESMCI::PIO_Handler::isOpen()       File, field_ocn_export_sst.nc, closed by PIO
20221011 025751.320 INFO             PET3       ------>Advancing OCN from: 2010  6  1  0 10  0   0
20221011 025751.320 INFO             PET3       ---------------------> to: 2010  6  1  0 15  0   0
20221011 025751.323 WARNING          PET3 ESMCI_PIO_Handler.C:1567 ESMCI::PIO_Handler::isOpen()       File, field_ocn_import_pmsl.nc, closed by PIO
20221011 025751.326 WARNING          PET3 ESMCI_PIO_Handler.C:1567 ESMCI::PIO_Handler::isOpen()       File, field_ocn_import_rsnl.nc, closed by PIO
20221011 025751.329 WARNING          PET3 ESMCI_PIO_Handler.C:1567 ESMCI::PIO_Handler::isOpen()       File, field_ocn_import_rsns.nc, closed by PIO
20221011 025751.332 WARNING          PET3 ESMCI_PIO_Handler.C:1567 ESMCI::PIO_Handler::isOpen()       File, field_ocn_import_sdhf.nc, closed by PIO
20221011 025751.335 WARNING          PET3 ESMCI_PIO_Handler.C:1567 ESMCI::PIO_Handler::isOpen()       File, field_ocn_export_sst.nc, closed by PIO
20221011 025751.335 INFO             PET3     OCN: Run extro.
20221011 025751.335 INFO             PET3     esm: RunSequence event loopLevel=   1  levelMember=   1  loopIteration=   2, current time: 2010  6  1  0 15  0   0
20221011 025751.335 INFO             PET3     ATM-TO-OCN: Run intro.
20221011 025751.335 INFO             PET3     ATM-TO-OCN: Run extro.
20221011 025751.335 INFO             PET3     OCN-TO-ATM: Run intro.
20221011 025751.335 INFO             PET3     OCN-TO-ATM: Run extro.
20221011 025751.335 INFO             PET3     OCN: Run intro.
20221011 025751.335 INFO             PET3       ------>Advancing OCN from: 2010  6  1  0 15  0   0
20221011 025751.335 INFO             PET3       ---------------------> to: 2010  6  1  0 20  0   0
20221011 025751.338 WARNING          PET3 ESMCI_PIO_Handler.C:1567 ESMCI::PIO_Handler::isOpen()       File, field_ocn_import_pmsl.nc, closed by PIO
20221011 025751.341 WARNING          PET3 ESMCI_PIO_Handler.C:1567 ESMCI::PIO_Handler::isOpen()       File, field_ocn_import_rsnl.nc, closed by PIO
20221011 025751.344 WARNING          PET3 ESMCI_PIO_Handler.C:1567 ESMCI::PIO_Handler::isOpen()       File, field_ocn_import_rsns.nc, closed by PIO
20221011 025751.346 WARNING          PET3 ESMCI_PIO_Handler.C:1567 ESMCI::PIO_Handler::isOpen()       File, field_ocn_import_sdhf.nc, closed by PIO
20221011 025751.348 WARNING          PET3 ESMCI_PIO_Handler.C:1567 ESMCI::PIO_Handler::isOpen()       File, field_ocn_export_sst.nc, closed by PIO
20221011 025751.348 INFO             PET3       ------>Advancing OCN from: 2010  6  1  0 20  0   0
20221011 025751.348 INFO             PET3       ---------------------> to: 2010  6  1  0 25  0   0
20221011 025751.350 WARNING          PET3 ESMCI_PIO_Handler.C:1567 ESMCI::PIO_Handler::isOpen()       File, field_ocn_import_pmsl.nc, closed by PIO
20221011 025751.353 WARNING          PET3 ESMCI_PIO_Handler.C:1567 ESMCI::PIO_Handler::isOpen()       File, field_ocn_import_rsnl.nc, closed by PIO
20221011 025751.356 WARNING          PET3 ESMCI_PIO_Handler.C:1567 ESMCI::PIO_Handler::isOpen()       File, field_ocn_import_rsns.nc, closed by PIO
20221011 025751.359 WARNING          PET3 ESMCI_PIO_Handler.C:1567 ESMCI::PIO_Handler::isOpen()       File, field_ocn_import_sdhf.nc, closed by PIO
20221011 025751.362 WARNING          PET3 ESMCI_PIO_Handler.C:1567 ESMCI::PIO_Handler::isOpen()       File, field_ocn_export_sst.nc, closed by PIO
20221011 025751.362 INFO             PET3       ------>Advancing OCN from: 2010  6  1  0 25  0   0
20221011 025751.362 INFO             PET3       ---------------------> to: 2010  6  1  0 30  0   0
20221011 025751.365 WARNING          PET3 ESMCI_PIO_Handler.C:1567 ESMCI::PIO_Handler::isOpen()       File, field_ocn_import_pmsl.nc, closed by PIO
20221011 025751.367 WARNING          PET3 ESMCI_PIO_Handler.C:1567 ESMCI::PIO_Handler::isOpen()       File, field_ocn_import_rsnl.nc, closed by PIO
20221011 025751.370 WARNING          PET3 ESMCI_PIO_Handler.C:1567 ESMCI::PIO_Handler::isOpen()       File, field_ocn_import_rsns.nc, closed by PIO
20221011 025751.372 WARNING          PET3 ESMCI_PIO_Handler.C:1567 ESMCI::PIO_Handler::isOpen()       File, field_ocn_import_sdhf.nc, closed by PIO
20221011 025751.375 WARNING          PET3 ESMCI_PIO_Handler.C:1567 ESMCI::PIO_Handler::isOpen()       File, field_ocn_export_sst.nc, closed by PIO
20221011 025751.375 INFO             PET3     OCN: Run extro.
20221011 025751.375 INFO             PET3     esm: RunSequence event loopLevel=   1  levelMember=   1  loopIteration=   3, current time: 2010  6  1  0 30  0   0
20221011 025751.375 INFO             PET3     ATM-TO-OCN: Run intro.
20221011 025751.375 INFO             PET3     ATM-TO-OCN: Run extro.
20221011 025751.375 INFO             PET3     OCN-TO-ATM: Run intro.
20221011 025751.376 INFO             PET3     OCN-TO-ATM: Run extro.
20221011 025751.376 INFO             PET3     OCN: Run intro.
20221011 025751.376 INFO             PET3       ------>Advancing OCN from: 2010  6  1  0 30  0   0
20221011 025751.376 INFO             PET3       ---------------------> to: 2010  6  1  0 35  0   0
20221011 025751.379 WARNING          PET3 ESMCI_PIO_Handler.C:1567 ESMCI::PIO_Handler::isOpen()       File, field_ocn_import_pmsl.nc, closed by PIO
20221011 025751.382 WARNING          PET3 ESMCI_PIO_Handler.C:1567 ESMCI::PIO_Handler::isOpen()       File, field_ocn_import_rsnl.nc, closed by PIO
20221011 025751.386 WARNING          PET3 ESMCI_PIO_Handler.C:1567 ESMCI::PIO_Handler::isOpen()       File, field_ocn_import_rsns.nc, closed by PIO
20221011 025751.389 WARNING          PET3 ESMCI_PIO_Handler.C:1567 ESMCI::PIO_Handler::isOpen()       File, field_ocn_import_sdhf.nc, closed by PIO
20221011 025751.392 WARNING          PET3 ESMCI_PIO_Handler.C:1567 ESMCI::PIO_Handler::isOpen()       File, field_ocn_export_sst.nc, closed by PIO
20221011 025751.392 INFO             PET3       ------>Advancing OCN from: 2010  6  1  0 35  0   0
20221011 025751.392 INFO             PET3       ---------------------> to: 2010  6  1  0 40  0   0
20221011 025751.396 WARNING          PET3 ESMCI_PIO_Handler.C:1567 ESMCI::PIO_Handler::isOpen()       File, field_ocn_import_pmsl.nc, closed by PIO
20221011 025751.398 WARNING          PET3 ESMCI_PIO_Handler.C:1567 ESMCI::PIO_Handler::isOpen()       File, field_ocn_import_rsnl.nc, closed by PIO
20221011 025751.402 WARNING          PET3 ESMCI_PIO_Handler.C:1567 ESMCI::PIO_Handler::isOpen()       File, field_ocn_import_rsns.nc, closed by PIO
20221011 025751.405 WARNING          PET3 ESMCI_PIO_Handler.C:1567 ESMCI::PIO_Handler::isOpen()       File, field_ocn_import_sdhf.nc, closed by PIO
20221011 025751.408 WARNING          PET3 ESMCI_PIO_Handler.C:1567 ESMCI::PIO_Handler::isOpen()       File, field_ocn_export_sst.nc, closed by PIO
20221011 025751.408 INFO             PET3       ------>Advancing OCN from: 2010  6  1  0 40  0   0
20221011 025751.408 INFO             PET3       ---------------------> to: 2010  6  1  0 45  0   0
20221011 025751.410 WARNING          PET3 ESMCI_PIO_Handler.C:1567 ESMCI::PIO_Handler::isOpen()       File, field_ocn_import_pmsl.nc, closed by PIO
20221011 025751.413 WARNING          PET3 ESMCI_PIO_Handler.C:1567 ESMCI::PIO_Handler::isOpen()       File, field_ocn_import_rsnl.nc, closed by PIO
20221011 025751.416 WARNING          PET3 ESMCI_PIO_Handler.C:1567 ESMCI::PIO_Handler::isOpen()       File, field_ocn_import_rsns.nc, closed by PIO
20221011 025751.419 WARNING          PET3 ESMCI_PIO_Handler.C:1567 ESMCI::PIO_Handler::isOpen()       File, field_ocn_import_sdhf.nc, closed by PIO
20221011 025751.421 WARNING          PET3 ESMCI_PIO_Handler.C:1567 ESMCI::PIO_Handler::isOpen()       File, field_ocn_export_sst.nc, closed by PIO
20221011 025751.421 INFO             PET3     OCN: Run extro.
20221011 025751.421 INFO             PET3     esm: RunSequence event loopLevel=   1  levelMember=   1  loopIteration=   4, current time: 2010  6  1  0 45  0   0
20221011 025751.421 INFO             PET3     ATM-TO-OCN: Run intro.
20221011 025751.422 INFO             PET3     ATM-TO-OCN: Run extro.
20221011 025751.422 INFO             PET3     OCN-TO-ATM: Run intro.
20221011 025751.422 INFO             PET3     OCN-TO-ATM: Run extro.
20221011 025751.422 INFO             PET3     OCN: Run intro.
20221011 025751.422 INFO             PET3       ------>Advancing OCN from: 2010  6  1  0 45  0   0
20221011 025751.422 INFO             PET3       ---------------------> to: 2010  6  1  0 50  0   0
20221011 025751.425 WARNING          PET3 ESMCI_PIO_Handler.C:1567 ESMCI::PIO_Handler::isOpen()       File, field_ocn_import_pmsl.nc, closed by PIO
20221011 025751.428 WARNING          PET3 ESMCI_PIO_Handler.C:1567 ESMCI::PIO_Handler::isOpen()       File, field_ocn_import_rsnl.nc, closed by PIO
20221011 025751.431 WARNING          PET3 ESMCI_PIO_Handler.C:1567 ESMCI::PIO_Handler::isOpen()       File, field_ocn_import_rsns.nc, closed by PIO
20221011 025751.434 WARNING          PET3 ESMCI_PIO_Handler.C:1567 ESMCI::PIO_Handler::isOpen()       File, field_ocn_import_sdhf.nc, closed by PIO
20221011 025751.438 WARNING          PET3 ESMCI_PIO_Handler.C:1567 ESMCI::PIO_Handler::isOpen()       File, field_ocn_export_sst.nc, closed by PIO
20221011 025751.438 INFO             PET3       ------>Advancing OCN from: 2010  6  1  0 50  0   0
20221011 025751.438 INFO             PET3       ---------------------> to: 2010  6  1  0 55  0   0
20221011 025751.441 WARNING          PET3 ESMCI_PIO_Handler.C:1567 ESMCI::PIO_Handler::isOpen()       File, field_ocn_import_pmsl.nc, closed by PIO
20221011 025751.445 WARNING          PET3 ESMCI_PIO_Handler.C:1567 ESMCI::PIO_Handler::isOpen()       File, field_ocn_import_rsnl.nc, closed by PIO
20221011 025751.449 WARNING          PET3 ESMCI_PIO_Handler.C:1567 ESMCI::PIO_Handler::isOpen()       File, field_ocn_import_rsns.nc, closed by PIO
20221011 025751.452 WARNING          PET3 ESMCI_PIO_Handler.C:1567 ESMCI::PIO_Handler::isOpen()       File, field_ocn_import_sdhf.nc, closed by PIO
20221011 025751.455 WARNING          PET3 ESMCI_PIO_Handler.C:1567 ESMCI::PIO_Handler::isOpen()       File, field_ocn_export_sst.nc, closed by PIO
20221011 025751.455 INFO             PET3       ------>Advancing OCN from: 2010  6  1  0 55  0   0
20221011 025751.455 INFO             PET3       ---------------------> to: 2010  6  1  1  0  0   0
20221011 025751.458 WARNING          PET3 ESMCI_PIO_Handler.C:1567 ESMCI::PIO_Handler::isOpen()       File, field_ocn_import_pmsl.nc, closed by PIO
20221011 025751.461 WARNING          PET3 ESMCI_PIO_Handler.C:1567 ESMCI::PIO_Handler::isOpen()       File, field_ocn_import_rsnl.nc, closed by PIO
20221011 025751.464 WARNING          PET3 ESMCI_PIO_Handler.C:1567 ESMCI::PIO_Handler::isOpen()       File, field_ocn_import_rsns.nc, closed by PIO
20221011 025751.467 WARNING          PET3 ESMCI_PIO_Handler.C:1567 ESMCI::PIO_Handler::isOpen()       File, field_ocn_import_sdhf.nc, closed by PIO
20221011 025751.470 WARNING          PET3 ESMCI_PIO_Handler.C:1567 ESMCI::PIO_Handler::isOpen()       File, field_ocn_export_sst.nc, closed by PIO
20221011 025751.470 INFO             PET3     OCN: Run extro.
20221011 025751.470 INFO             PET3   esm: end <--------- RunSequence
20221011 025751.470 INFO             PET3   <<<esm - leaving Run with current time: 2010  6  1  1  0  0   0
20221011 025751.470 INFO             PET3 esm: Run extro.
20221011 025751.470 INFO             PET3 esm: Finalize intro.
20221011 025751.470 INFO             PET3   Calling Finalize phase 1 for connectorComp: ATM-TO-OCN
20221011 025751.470 INFO             PET3   ATM-TO-OCN: Finalize intro.
20221011 025751.470 INFO             PET3   ATM-TO-OCN: Finalize extro.
20221011 025751.470 INFO             PET3   Calling Finalize phase 1 for connectorComp: OCN-TO-ATM
20221011 025751.470 INFO             PET3   OCN-TO-ATM: Finalize intro.
20221011 025751.470 INFO             PET3   OCN-TO-ATM: Finalize extro.
20221011 025751.470 INFO             PET3   Calling Finalize phase 1 for modelComp: ATM
20221011 025751.470 INFO             PET3   Calling Finalize phase 1 for modelComp: OCN
20221011 025751.470 INFO             PET3   OCN: Finalize intro.
20221011 025751.470 INFO             PET3   OCN: Finalize extro.
20221011 025751.470 INFO             PET3   Delete modelComp: ATM
20221011 025751.470 INFO             PET3   Delete Import-/Export State for modelComp: ATM
20221011 025751.470 INFO             PET3   Delete modelComp: OCN
20221011 025751.470 INFO             PET3   Delete Import-/Export State for modelComp: OCN
20221011 025751.470 INFO             PET3   Delete connectorComp: ATM-TO-OCN
20221011 025751.470 INFO             PET3   Delete connectorComp: OCN-TO-ATM
20221011 025751.470 INFO             PET3 esm: Finalize extro.
20221011 025751.470 INFO             PET3 esmApp FINISHED
20221011 025751.470 INFO             PET3 Finalizing ESMF
