2022-09-29 10:10:49
--- ESMCI::ArrayBundle::print start ---
ArrayBundle: MyArrayBundle
arrayCount = 3
--- ESMCI::ArrayBundle::print start ---
ArrayBundle: MyArrayBundle
arrayCount = 3
Container::print() multipmap:item=0 key=AonFly value=0x263b760
Container::print() multipmap:item=1 key=Array002 value=0x2637690
Container::print() multipmap:item=2 key=Array003 value=0x2638540
Container::print()      list:item=0 key=Array002 value=0x2637690
Container::print()      list:item=1 key=Array003 value=0x2638540
Container::print()      list:item=2 key=AonFly value=0x263b760
--- ESMCI::ArrayBundle::print end ---
--- ESMCI::ArrayBundle::print start ---
ArrayBundle: MyArrayBundle
arrayCount = 3
Container::print() multipmap:item=0 key=AonFly value=0x12734b0
Container::print() multipmap:item=1 key=Array002 value=0x1270250
Container::print() multipmap:item=2 key=Array003 value=0x1270d40
Container::print()      list:item=0 key=Array002 value=0x1270250
Container::print()      list:item=1 key=Array003 value=0x1270d40
Container::print()      list:item=2 key=AonFly value=0x12734b0
--- ESMCI::ArrayBundle::print end ---
--- ESMCI::ArrayBundle::print start ---
ArrayBundle: MyArrayBundle
arrayCount = 3
Container::print() multipmap:item=0 key=AonFly value=0x2761420
Container::print() multipmap:item=1 key=Array002 value=0x275e1d0
Container::print() multipmap:item=2 key=Array003 value=0x275ecb0
Container::print()      list:item=0 key=Array002 value=0x275e1d0
Container::print()      list:item=1 key=Array003 value=0x275ecb0
Container::print()      list:item=2 key=AonFly value=0x2761420
--- ESMCI::ArrayBundle::print end ---
Container::print() multipmap:item=0 key=AonFly value=0xeba800
Container::print() multipmap:item=1 key=Array002 value=0xeb66e0
Container::print() multipmap:item=2 key=Array003 value=0xeb7580
Container::print()      list:item=0 key=Array002 value=0xeb66e0
Container::print()      list:item=1 key=Array003 value=0xeb7580
Container::print()      list:item=2 key=AonFly value=0xeba800
--- ESMCI::ArrayBundle::print end ---
--- ESMCI::Array::print start ---
 Base name    = AonFly
--- ESMCI::Array::print start ---
 Base name    = AonFly
 Status: Base = Ready,  object = Ready
 Proxy        = no
 Root Info (Attributes):
 Status: Base = Ready,  object = Ready
 Proxy        = no
 Root Info (Attributes):
{}Array typekind/rank: Real*4 / 2 
~ lower class' values ~
DistGrid dimCount = 2
deCount = 6
localDeCount = 2
~ local data in LocalArray for DE 1 ~
LocalArrayPrint: Array at address 0x263b100:
            rank = 2, typekind = 5, base_addr = 0x263a150
--- ESMCI::Array::print start ---
 Base name    = AonFly
 Status: Base = Ready,  object = Ready
 Proxy        = no
 Root Info (Attributes):
{}Array typekind/rank: Real*4 / 2 
~ lower class' values ~
DistGrid dimCount = 2
--- ESMCI::Array::print start ---
 Base name    = AonFly
 Status: Base = Ready,  object = Ready
 Proxy        = no
 Root Info (Attributes):
{}Array typekind/rank: Real*4 / 2 
~ lower class' values ~
DistGrid dimCount = 2
deCount = 6
{}Array typekind/rank: Real*4 / 2 
~ lower class' values ~
DistGrid dimCount = 2
deCount = 6
localDeCount = 1
~ local data in LocalArray for DE 3 ~
LocalArrayPrint: Array at address 0x27610f0:
            rank = 2, typekind = 5, base_addr = 0x27604d0
            dim[0] = 2  dim[1] = 2  
localDeCount = 1
~ local data in LocalArray for DE 2 ~
LocalArrayPrint: Array at address 0x1273180:
            rank = 2, typekind = 5, base_addr = 0x1272560
            dim[0] = 3  dim[1] = 2  
            dim[0] = 2  dim[1] = 2  
  Real, *4, Dim 2, Data values:
( 1, 1) =  0
( 2, 1) =  0
( 1, 2) =  0
( 2, 2) =  0
dim 1: [0]: [1 [1 [1, 2] 2] 2]
dim 2: [1]: [1 [1 [1, 2] 2] 2]
~ local data in LocalArray for DE 5 ~
deCount = 6
localDeCount = 2
~ local data in LocalArray for DE 0 ~
LocalArrayPrint: Array at address 0xeba160:
            rank = 2, typekind = 5, base_addr = 0xeb9190
            dim[0] = 3  dim[1] = 2  
  Real, *4, Dim 2, Data values:
  Real, *4, Dim 2, Data values:
( 1, 1) =  0
( 2, 1) =  0
( 1, 2) =  0
( 2, 2) =  0
dim 1: [0]: [1 [1 [1, 2] 2] 2]
dim 2: [1]: [1 [1 [1, 2] 2] 2]
--- ESMCI::Array::print end ---
--- ESMCI::Array::print start ---
 Base name    = Array002
 Status: Base = Ready,  object = Ready
( 1, 1) =  0
( 2, 1) =  0
( 3, 1) =  0
( 1, 2) =  0
( 2, 2) =  2.16334e-38
( 3, 2) =  0
dim 1: [0]: [1 [1 [1, 3] 3] 3]
dim 2: [1]: [1 [1 [1, 2] 2] 2]
~ local data in LocalArray for DE 4 ~
  Real, *4, Dim 2, Data values:
( 1, 1) =  0
( 2, 1) =  0
( 3, 1) =  0
( 1, 2) =  0
( 2, 2) =  3.06996e-38
( 3, 2) =  0
dim 1: [0]: [1 [1 [1, 3] 3] 3]
LocalArrayPrint: Array at address 0x263b430:
            rank = 2, typekind = 5, base_addr = 0x263b0b0
            dim[0] = 2  dim[1] = 1  
  Real, *4, Dim 2, Data values:
( 1, 1) =  -nan
( 2, 1) =  0
dim 1: [0]: [1 [1 [1, 2] 2] 2]
dim 2: [1]: [1 [1 [1, 1] 1] 1]
--- ESMCI::Array::print end ---
 Proxy        = no
 Root Info (Attributes):
{}Array typekind/rank: Real*8 / 2 
~ lower class' values ~
DistGrid dimCount = 2
deCount = 6
localDeCount = 1
~ local data in LocalArray for DE 3 ~
--- ESMCI::Array::print start ---
 Base name    = Array002
 Status: Base = Ready,  object = Ready
 Proxy        = no
 Root Info (Attributes):
{}Array typekind/rank: Real*8 / 2 
~ lower class' values ~
DistGrid dimCount = 2
deCount = 6
localDeCount = 2
~ local data in LocalArray for DE 1 ~
LocalArrayPrint: Array at address 0x2636fe0:
            rank = 2, typekind = 6, base_addr = 0x2637320
            dim[0] = 2  dim[1] = 2  
  Real, *8, Dim 2, Data values:
( 1, 1) =  0
( 2, 1) =  0
( 1, 2) =  0
( 2, 2) =  0
dim 1: [0]: [1 [1 [1, 2] 2] 2]
dim 2: [1]: [1 [1 [1, 2] 2] 2]
~ local data in LocalArray for DE 5 ~
LocalArrayPrint: Array at address 0x2637360:
            rank = 2, typekind = 6, base_addr = 0x2636790
            dim[0] = 2  dim[1] = 1  
  Real, *8, Dim 2, Data values:
( 1, 1) =  4.24399e-314
( 2, 1) =  4.24399e-314
dim 1: [0]: [1 [1 [1, 2] 2] 2]
dim 2: [1]: [1 [1 [1, 1] 1] 1]
--- ESMCI::Array::print end ---
--- ESMCI::Array::print start ---
 Base name    = Array003
 Status: Base = Ready,  object = Ready
 Proxy        = no
 Root Info (Attributes):
{}Array typekind/rank: Real*8 / 2 
~ lower class' values ~
DistGrid dimCount = 2
deCount = 6
localDeCount = 2
~ local data in LocalArray for DE 1 ~
LocalArrayPrint: Array at address 0x2637e50:
            rank = 2, typekind = 6, base_addr = 0x2638190
            dim[0] = 2  dim[1] = 2  
  Real, *8, Dim 2, Data values:
( 1, 1) =  0
( 2, 1) =  0
( 1, 2) =  0
( 2, 2) =  0
dim 1: [0]: [1 [1 [1, 2] 2] 2]
dim 2: [1]: [1 [1 [1, 2] 2] 2]
~ local data in LocalArray for DE 5 ~
LocalArrayPrint: Array at address 0x26381d0:
            rank = 2, typekind = 6, base_addr = 0x2638510
            dim[0] = 2  dim[1] = 1  
  Real, *8, Dim 2, Data values:
( 1, 1) =  0
( 2, 1) =  0
dim 1: [0]: [1 [1 [1, 2] 2] 2]
dim 2: [1]: [1 [1 [1, 1] 1] 1]
--- ESMCI::Array::print end ---
  PASS  Example ESMF_ArrayBundleEx, ESMF_ArrayBundleEx.F90, line 267
LocalArrayPrint: Array at address 0xeba490:
            rank = 2, typekind = 5, base_addr = 0xeba7d0
            dim[0] = 3  dim[1] = 1  
  Real, *4, Dim 2, Data values:
( 1, 1) =  0
( 2, 1) =  0
( 3, 1) =  0
dim 1: [0]: [1 [1 [1, 3] 3] 3]
dim 2: [1]: [1 [1 [1, 1] 1] 1]
--- ESMCI::Array::print end ---
--- ESMCI::Array::print start ---
 Base name    = Array002
 Status: Base = Ready,  object = Ready
 Proxy        = no
 Root Info (Attributes):
{}Array typekind/rank: Real*8 / 2 
~ lower class' values ~
DistGrid dimCount = 2
deCount = 6
localDeCount = 2
~ local data in LocalArray for DE 0 ~
LocalArrayPrint: Array at address 0xeb6020:
            rank = 2, typekind = 6, base_addr = 0xeb6360
            dim[0] = 3  dim[1] = 2  
  Real, *8, Dim 2, Data values:
( 1, 1) =  0
( 2, 1) =  0
( 3, 1) =  0
( 1, 2) =  0
( 2, 2) =  0
( 3, 2) =  0
dim 1: [0]: [1 [1 [1, 3] 3] 3]
dim 2: [1]: [1 [1 [1, 2] 2] 2]
~ local data in LocalArray for DE 4 ~
LocalArrayPrint: Array at address 0xeb63b0:
            rank = 2, typekind = 6, base_addr = 0xeb57d0
            dim[0] = 3  dim[1] = 1  
  Real, *8, Dim 2, Data values:
( 1, 1) =  4.24399e-314
( 2, 1) =  4.24399e-314
( 3, 1) =  2.122e-314
dim 1: [0]: [1 [1 [1, 3] 3] 3]
dim 2: [1]: [1 [1 [1, 1] 1] 1]
--- ESMCI::Array::print end ---
--- ESMCI::Array::print start ---
 Base name    = Array003
 Status: Base = Ready,  object = Ready
 Proxy        = no
 Root Info (Attributes):
{}Array typekind/rank: Real*8 / 2 
~ lower class' values ~
DistGrid dimCount = 2
deCount = 6
localDeCount = 2
~ local data in LocalArray for DE 0 ~
LocalArrayPrint: Array at address 0xeb6e80:
            rank = 2, typekind = 6, base_addr = 0xeb71c0
            dim[0] = 3  dim[1] = 2  
  Real, *8, Dim 2, Data values:
( 1, 1) =  0
( 2, 1) =  0
( 3, 1) =  0
( 1, 2) =  0
( 2, 2) =  0
( 3, 2) =  0
dim 1: [0]: [1 [1 [1, 3] 3] 3]
dim 2: [1]: [1 [1 [1, 2] 2] 2]
~ local data in LocalArray for DE 4 ~
LocalArrayPrint: Array at address 0xeb7210:
            rank = 2, typekind = 6, base_addr = 0xeb7550
            dim[0] = 3  dim[1] = 1  
  Real, *8, Dim 2, Data values:
( 1, 1) =  0
( 2, 1) =  0
( 3, 1) =  0
dim 1: [0]: [1 [1 [1, 3] 3] 3]
dim 2: [1]: [1 [1 [1, 1] 1] 1]
--- ESMCI::Array::print end ---
  PASS  Example ESMF_ArrayBundleEx, ESMF_ArrayBundleEx.F90, line 267
dim 2: [1]: [1 [1 [1, 2] 2] 2]
--- ESMCI::Array::print end ---
--- ESMCI::Array::print start ---
 Base name    = Array002
 Status: Base = Ready,  object = Ready
 Proxy        = no
 Root Info (Attributes):
{}Array typekind/rank: Real*8 / 2 
~ lower class' values ~
DistGrid dimCount = 2
deCount = 6
localDeCount = 1
~ local data in LocalArray for DE 2 ~
LocalArrayPrint: Array at address 0x126fec0:
            rank = 2, typekind = 6, base_addr = 0x1270200
            dim[0] = 3  dim[1] = 2  
  Real, *8, Dim 2, Data values:
( 1, 1) =  0
( 2, 1) =  0
( 3, 1) =  0
( 1, 2) =  0
( 2, 2) =  0
( 3, 2) =  0
dim 1: [0]: [1 [1 [1, 3] 3] 3]
dim 2: [1]: [1 [1 [1, 2] 2] 2]
--- ESMCI::Array::print end ---
--- ESMCI::Array::print start ---
 Base name    = Array003
 Status: Base = Ready,  object = Ready
 Proxy        = no
 Root Info (Attributes):
{}Array typekind/rank: Real*8 / 2 
~ lower class' values ~
DistGrid dimCount = 2
deCount = 6
localDeCount = 1
~ local data in LocalArray for DE 2 ~
LocalArrayPrint: Array at address 0x12709b0:
            rank = 2, typekind = 6, base_addr = 0x1270cf0
            dim[0] = 3  dim[1] = 2  
  Real, *8, Dim 2, Data values:
( 1, 1) =  0
( 2, 1) =  0
( 3, 1) =  0
( 1, 2) =  0
( 2, 2) =  0
( 3, 2) =  0
dim 1: [0]: [1 [1 [1, 3] 3] 3]
dim 2: [1]: [1 [1 [1, 2] 2] 2]
--- ESMCI::Array::print end ---
  PASS  Example ESMF_ArrayBundleEx, ESMF_ArrayBundleEx.F90, line 267
LocalArrayPrint: Array at address 0x275de50:
            rank = 2, typekind = 6, base_addr = 0x275e190
            dim[0] = 2  dim[1] = 2  
  Real, *8, Dim 2, Data values:
( 1, 1) =  0
( 2, 1) =  0
( 1, 2) =  0
( 2, 2) =  0
dim 1: [0]: [1 [1 [1, 2] 2] 2]
dim 2: [1]: [1 [1 [1, 2] 2] 2]
--- ESMCI::Array::print end ---
--- ESMCI::Array::print start ---
 Base name    = Array003
 Status: Base = Ready,  object = Ready
 Proxy        = no
 Root Info (Attributes):
{}Array typekind/rank: Real*8 / 2 
~ lower class' values ~
DistGrid dimCount = 2
deCount = 6
localDeCount = 1
~ local data in LocalArray for DE 3 ~
LocalArrayPrint: Array at address 0x275e930:
            rank = 2, typekind = 6, base_addr = 0x275ec70
            dim[0] = 2  dim[1] = 2  
  Real, *8, Dim 2, Data values:
( 1, 1) =  0
( 2, 1) =  0
( 1, 2) =  0
( 2, 2) =  0
dim 1: [0]: [1 [1 [1, 2] 2] 2]
dim 2: [1]: [1 [1 [1, 2] 2] 2]
--- ESMCI::Array::print end ---
  PASS  Example ESMF_ArrayBundleEx, ESMF_ArrayBundleEx.F90, line 267
 PASS: ESMF_ArrayBundleEx.F90
 PASS: ESMF_ArrayBundleEx.F90
 PASS: ESMF_ArrayBundleEx.F90
 PASS: ESMF_ArrayBundleEx.F90
