2022-10-25 03:10:31
20221025 093533.793 INFO             PET0 !!!!!!!!!!!!!!!!!!!!!!!!!!!!!!!!!!!!!!!!!!!!!!!!!!!!!!
20221025 093533.793 INFO             PET0 !!! THE ESMF_LOG IS SET TO OUTPUT ALL LOG MESSAGES !!!
20221025 093533.793 INFO             PET0 !!!     THIS MAY CAUSE SLOWDOWN IN PERFORMANCE     !!!
20221025 093533.793 INFO             PET0 !!! FOR PRODUCTION RUNS, USE:                      !!!
20221025 093533.793 INFO             PET0 !!!                   ESMF_LOGKIND_Multi_On_Error  !!!
20221025 093533.793 INFO             PET0 !!!!!!!!!!!!!!!!!!!!!!!!!!!!!!!!!!!!!!!!!!!!!!!!!!!!!!
20221025 093533.793 INFO             PET0 Running with ESMF Version   : v8.4.0
20221025 093533.793 INFO             PET0 ESMF library build date/time: "Oct 25 2022" "03:08:39"
20221025 093533.793 INFO             PET0 ESMF library build location : /global/cscratch1/sd/theurich/ESMF-Nightly-Testing/intel_19.1.2_mpi_g_v8.4.0/esmf
20221025 093533.793 INFO             PET0 ESMF_COMM                   : mpi
20221025 093533.794 INFO             PET0 ESMF_MOAB                   : enabled
20221025 093533.794 INFO             PET0 ESMF_LAPACK                 : enabled
20221025 093533.794 INFO             PET0 ESMF_NETCDF                 : enabled
20221025 093533.794 INFO             PET0 ESMF_PNETCDF                : disabled
20221025 093533.794 INFO             PET0 ESMF_PIO                    : enabled
20221025 093533.794 INFO             PET0 ESMF_YAMLCPP                : enabled
20221025 093533.794 INFO             PET0 mainApp STARTING
20221025 093533.798 INFO             PET0 driver: InitializeGeneric intro.
20221025 093533.798 INFO             PET0   driver: InitializeP0 intro.
20221025 093533.798 INFO             PET0   driver: InitializeP0 extro.
20221025 093533.798 INFO             PET0   driver: InitializeIPDv02p1 intro.
20221025 093533.798 INFO             PET0     >>>driver: entered Initialize (phase=<none>) without valid internal Clock.
20221025 093533.798 INFO             PET0     driver - Creating model component MODEL without petList.
20221025 093533.799 INFO             PET0      GridCompIsPetLocal:  T
20221025 093533.799 INFO             PET0      VmIsCreated:  T
20221025 093533.799 INFO             PET0      valid MPI_COMM with size=           4
20221025 093533.799 INFO             PET0     driver - Creating state: modelComp 1 Import State
20221025 093533.799 INFO             PET0     driver - Creating state: modelComp 1 Export State
20221025 093533.800 INFO             PET0     MODEL: InitializeP0 intro.
20221025 093533.800 INFO             PET0       >>>MODEL: entered Initialize (phase=<none>) without valid internal Clock.
20221025 093533.800 INFO             PET0       <<<MODEL: leaving Initialize (phase=<none>) without valid internal Clock.
20221025 093533.800 INFO             PET0     MODEL: InitializeP0 extro.
20221025 093533.801 INFO             PET0     driver: IInitAdvertise intro.
20221025 093533.801 INFO             PET0     driver: IInitAdvertise extro.
20221025 093533.801 INFO             PET0     MODEL: InitializeIPDvXp01 intro.
20221025 093533.801 INFO             PET0       >>>MODEL: entered Initialize (phase=IPDvXp01) without valid internal Clock.
20221025 093533.803 INFO             PET0       <<<MODEL: leaving Initialize (phase=IPDvXp01) without valid internal Clock.
20221025 093533.803 INFO             PET0     MODEL: InitializeIPDvXp01 extro.
20221025 093533.803 INFO             PET0     driver: IInitAdvertiseFinish intro.
20221025 093533.803 INFO             PET0     driver: IInitAdvertiseFinish extro.
20221025 093533.803 INFO             PET0     driver: IInitModifyCplLists intro.
20221025 093533.803 INFO             PET0     driver: IInitModifyCplLists extro.
20221025 093533.803 INFO             PET0     <<<driver: leaving Initialize (phase=<none>) with current time:    0  1  1  0  0  0   0
20221025 093533.803 INFO             PET0   driver: InitializeIPDv02p1 extro.
20221025 093533.803 INFO             PET0   driver: InitializeIPDv02p3 intro.
20221025 093533.803 INFO             PET0     >>>driver: entered Initialize (phase=<none>) with current time:    0  1  1  0  0  0   0
20221025 093533.804 INFO             PET0     driver: IInitCheck intro.
20221025 093533.804 INFO             PET0     driver: IInitCheck extro.
20221025 093533.804 INFO             PET0     MODEL: InitializeIPDvXp04 intro.
20221025 093533.804 INFO             PET0       >>>MODEL: entered Initialize (phase=IPDvXp04) without valid internal Clock.
20221025 093533.807 INFO             PET0       After Realize: - MemInfo: [/proc/meminfo - SSI]	MemTotal:       131890088 kB
20221025 093533.807 INFO             PET0       After Realize: - MemInfo: [/proc/meminfo - SSI]	MemFree:        124107468 kB
20221025 093533.807 INFO             PET0       After Realize: - MemInfo: [/proc/meminfo - SSI]	MemAvailable:   124047488 kB
20221025 093533.807 INFO             PET0       After Realize: - MemInfo: [/proc/meminfo - SSI]	Committed_AS:    6185056 kB
20221025 093533.807 INFO             PET0       After Realize: - MemInfo: [/proc/meminfo - SSI]	CommittedPercent: 4.68955 %
20221025 093533.807 INFO             PET0       After Realize: - MemInfo: [/proc/self/status]	VmPeak:	  269384 kB
20221025 093533.807 INFO             PET0       After Realize: - MemInfo: [/proc/self/status]	VmSize:	  269384 kB
20221025 093533.807 INFO             PET0       After Realize: - MemInfo: [/proc/self/status]	VmLck:	       0 kB
20221025 093533.807 INFO             PET0       After Realize: - MemInfo: [/proc/self/status]	VmPin:	       0 kB
20221025 093533.807 INFO             PET0       After Realize: - MemInfo: [/proc/self/status]	VmHWM:	   48824 kB
20221025 093533.807 INFO             PET0       After Realize: - MemInfo: [/proc/self/status]	VmRSS:	   48824 kB
20221025 093533.807 INFO             PET0       After Realize: - MemInfo: [/proc/self/status]	VmData:	   34404 kB
20221025 093533.807 INFO             PET0       After Realize: - MemInfo: [/proc/self/status]	VmStk:	     520 kB
20221025 093533.807 INFO             PET0       After Realize: - MemInfo: [/proc/self/status]	VmExe:	    1792 kB
20221025 093533.807 INFO             PET0       After Realize: - MemInfo: [/proc/self/status]	VmLib:	  135644 kB
20221025 093533.807 INFO             PET0       After Realize: - MemInfo: [/proc/self/status]	VmPTE:	     432 kB
20221025 093533.808 INFO             PET0       After Realize: - MemInfo: [/proc/self/status]	VmSwap:	       0 kB
20221025 093533.808 INFO             PET0       After Realize: - MemInfo: [/proc/self/status]	VmRSSPercent: 0.0370187 %
20221025 093533.808 INFO             PET0       After Realize: - MemInfo: [malloc] Non-mmapped space allocated:              -537657344 Byte
20221025 093533.808 INFO             PET0       After Realize: - MemInfo: [malloc] Space allocated in mmapped regions:                0 Byte
20221025 093533.808 INFO             PET0       After Realize: - MemInfo: [malloc] Maximum total allocated space:                     0 Byte
20221025 093533.808 INFO             PET0       After Realize: - MemInfo: [malloc] Space in freed fastbin blocks:                   352 Byte
20221025 093533.808 INFO             PET0       After Realize: - MemInfo: [malloc] Total allocated space:                    -538623072 Byte
20221025 093533.808 INFO             PET0       After Realize: - MemInfo: [malloc] Total free space:                             965728 Byte
20221025 093533.808 INFO             PET0       After Realize: - MemInfo: [malloc] Top-most, releasable space:                   965376 Byte
20221025 093533.808 INFO             PET0       After Realize: - MemInfo: [malloc] Total space in use, mmap + non-mmap:               0 Byte
20221025 093533.808 INFO             PET0       After Realize: - MemInfo: [malloc] Total space held (mmap + non-mmap):       3757309952 Byte
20221025 093533.808 INFO             PET0       After Realize: - MemInfo: [malloc] Total space used (mmap + non-mmap):       3756353024 Byte
20221025 093533.808 INFO             PET0       After Realize: - MemInfo: Wall-clock time since execution start:              0.0318389 seconds
20221025 093533.808 INFO             PET0       <<<MODEL: leaving Initialize (phase=IPDvXp04) without valid internal Clock.
20221025 093533.808 INFO             PET0     MODEL: InitializeIPDvXp04 extro.
20221025 093533.808 INFO             PET0     driver: IInitRealize intro.
20221025 093533.808 INFO             PET0     driver: IInitRealize extro.
20221025 093533.808 INFO             PET0     MODEL: InitializeIPDvXp07 intro.
20221025 093533.808 INFO             PET0       >>>MODEL: entered Initialize (phase=IPDvXp07) without valid internal Clock.
20221025 093533.809 INFO             PET0       <<<MODEL: leaving Initialize (phase=IPDvXp07) with current time:    0  1  1  0  0  0   0
20221025 093533.809 INFO             PET0     MODEL: InitializeIPDvXp07 extro.
20221025 093533.809 INFO             PET0     <<<driver: leaving Initialize (phase=<none>) with current time:    0  1  1  0  0  0   0
20221025 093533.809 INFO             PET0   driver: InitializeIPDv02p3 extro.
20221025 093533.809 INFO             PET0   driver: InitializeIPDv02p5 intro.
20221025 093533.809 INFO             PET0     >>>driver: entered Initialize (phase=<none>) with current time:    0  1  1  0  0  0   0
20221025 093533.809 INFO             PET0     driver: this is a top level driver, no 'Updated' and 'InitializeDataComplete' info on this level.
20221025 093533.809 INFO             PET0     driver: InitializeIPDv02p5Data intro.
20221025 093533.809 INFO             PET0       driver: InternalInitializeComplete intro.
20221025 093533.809 INFO             PET0         driver: InitializeDataComplete='true'
20221025 093533.809 INFO             PET0       driver: InternalInitializeComplete extro.
20221025 093533.809 INFO             PET0       MODEL: InitializeIPDvXp08 intro.
20221025 093533.809 INFO             PET0         >>>MODEL: entered Initialize (phase=IPDv05p8) with current time:    0  1  1  0  0  0   0
20221025 093533.810 INFO             PET0         MODEL: InitializeDataProgress='false', InitializeDataComplete='false'
20221025 093533.810 INFO             PET0         <<<MODEL: leaving Initialize (phase=IPDv05p8) with current time:    0  1  1  0  0  0   0
20221025 093533.810 INFO             PET0       MODEL: InitializeIPDvXp08 extro.
20221025 093533.810 INFO             PET0       driver: components present that trigger loopDataDependentInitialize().
20221025 093533.810 INFO             PET0       driver: loopDataDependentInitialize intro.
20221025 093533.810 INFO             PET0         driver: component    0=driver, dataComplete (local): true
20221025 093533.810 INFO             PET0         driver: component    0=driver, dataComplete (global):  T
20221025 093533.810 INFO             PET0         driver: component    1=MODEL, dataComplete (local): false
20221025 093533.810 INFO             PET0         driver: component    1=MODEL, dataComplete (global):  F
20221025 093533.810 INFO             PET0         MODEL: InitializeIPDvXp08 intro.
20221025 093533.810 INFO             PET0           >>>MODEL: entered Initialize (phase=IPDv05p8) with current time:    0  1  1  0  0  0   0
20221025 093533.810 INFO             PET0           MODEL: InitializeDataProgress='true', InitializeDataComplete='true'
20221025 093533.810 INFO             PET0           <<<MODEL: leaving Initialize (phase=IPDv05p8) with current time:    0  1  1  0  0  0   0
20221025 093533.810 INFO             PET0         MODEL: InitializeIPDvXp08 extro.
20221025 093533.811 INFO             PET0         driver: component    1=MODEL, someProgress (local): true
20221025 093533.811 INFO             PET0         driver: component    1=MODEL, someProgress (global):  T
20221025 093533.811 INFO             PET0         driver: someProgress= T, allComplete= F, present(dataDepAllComplete)= T
20221025 093533.811 INFO             PET0         driver: component    0=driver, dataComplete (local): true
20221025 093533.811 INFO             PET0         driver: component    0=driver, dataComplete (global):  T
20221025 093533.811 INFO             PET0         driver: component    1=MODEL, dataComplete (local): true
20221025 093533.811 INFO             PET0         driver: component    1=MODEL, dataComplete (global):  T
20221025 093533.811 INFO             PET0         driver: someProgress= F, allComplete= T, present(dataDepAllComplete)= T
20221025 093533.811 INFO             PET0         driver: finished resolving initialize data dependencies on this level.
20221025 093533.811 INFO             PET0       driver: loopDataDependentInitialize extro.
20221025 093533.811 INFO             PET0       driver: loopDataDependentInitialize() returned with dataDepAllComplete:  T
20221025 093533.811 INFO             PET0     driver: InitializeIPDv02p5Data extro.
20221025 093533.811 INFO             PET0     <<<driver: leaving Initialize (phase=<none>) with current time:    0  1  1  0  0  0   0
20221025 093533.811 INFO             PET0   driver: InitializeIPDv02p5 extro.
20221025 093533.811 INFO             PET0 driver: InitializeGeneric extro.
20221025 093533.811 INFO             PET0 driver: Run intro.
20221025 093533.811 INFO             PET0   >>>driver entered Run (phase=RunPhase1) with current time:    0  1  1  0  0  0   0
20221025 093533.811 INFO             PET0   driver: after lable_SetRunClock, current time:    0  1  1  0  0  0   0
20221025 093533.811 INFO             PET0   driver: begin -------> RunSequence.
20221025 093533.811 INFO             PET0     driver: RunSequence event loopLevel=   1  levelMember=   1  loopIteration=   1, current time:    0  1  1  0  0  0   0
20221025 093533.811 INFO             PET0     MODEL: Run intro.
20221025 093533.815 INFO             PET0       >>>MODEL: entered Run (phase=RunPhase1) with current time:    0  1  1  0  0  0   0
20221025 093533.815 INFO             PET0       MODEL: time step-loop starting, current time:    0  1  1  0  0  0   0
20221025 093533.819 INFO             PET0       thread_num=   0   currentSsiPe=  16   num_threads=   3   max_threads=   3   num_procs=  64
20221025 093533.819 INFO             PET0       thread_num=   1   currentSsiPe=   0   num_threads=   3   max_threads=   3   num_procs=  64
20221025 093533.819 INFO             PET0       thread_num=   2   currentSsiPe=   2   num_threads=   3   max_threads=   3   num_procs=  64
20221025 093533.819 INFO             PET0       ---->Advancing Model from:    0  1  1  0  0  0   0
20221025 093533.819 INFO             PET0       ---------------------> to:    0  1  1  0  0 30   0
20221025 093533.819 INFO             PET0       MODEL: time step-loop ending,   current time:    0  1  1  0  0 30   0
20221025 093533.820 INFO             PET0       <<<MODEL: leaving Run (phase=RunPhase1) with current time:    0  1  1  0  0 30   0
20221025 093533.820 INFO             PET0     MODEL: Run extro.
20221025 093533.820 INFO             PET0     driver: RunSequence event loopLevel=   1  levelMember=   1  loopIteration=   2, current time:    0  1  1  0  0 30   0
20221025 093533.820 INFO             PET0     MODEL: Run intro.
20221025 093533.820 INFO             PET0       >>>MODEL: entered Run (phase=RunPhase1) with current time:    0  1  1  0  0 30   0
20221025 093533.820 INFO             PET0       MODEL: time step-loop starting, current time:    0  1  1  0  0 30   0
20221025 093533.820 INFO             PET0       thread_num=   0   currentSsiPe=  16   num_threads=   3   max_threads=   3   num_procs=  64
20221025 093533.820 INFO             PET0       thread_num=   1   currentSsiPe=   0   num_threads=   3   max_threads=   3   num_procs=  64
20221025 093533.820 INFO             PET0       thread_num=   2   currentSsiPe=   2   num_threads=   3   max_threads=   3   num_procs=  64
20221025 093533.820 INFO             PET0       ---->Advancing Model from:    0  1  1  0  0 30   0
20221025 093533.820 INFO             PET0       ---------------------> to:    0  1  1  0  1  0   0
20221025 093533.820 INFO             PET0       MODEL: time step-loop ending,   current time:    0  1  1  0  1  0   0
20221025 093533.820 INFO             PET0       <<<MODEL: leaving Run (phase=RunPhase1) with current time:    0  1  1  0  1  0   0
20221025 093533.820 INFO             PET0     MODEL: Run extro.
20221025 093533.820 INFO             PET0     driver: RunSequence event loopLevel=   1  levelMember=   1  loopIteration=   3, current time:    0  1  1  0  1  0   0
20221025 093533.820 INFO             PET0     MODEL: Run intro.
20221025 093533.820 INFO             PET0       >>>MODEL: entered Run (phase=RunPhase1) with current time:    0  1  1  0  1  0   0
20221025 093533.820 INFO             PET0       MODEL: time step-loop starting, current time:    0  1  1  0  1  0   0
20221025 093533.820 INFO             PET0       thread_num=   2   currentSsiPe=   2   num_threads=   3   max_threads=   3   num_procs=  64
20221025 093533.820 INFO             PET0       thread_num=   1   currentSsiPe=   0   num_threads=   3   max_threads=   3   num_procs=  64
20221025 093533.820 INFO             PET0       thread_num=   0   currentSsiPe=  16   num_threads=   3   max_threads=   3   num_procs=  64
20221025 093533.820 INFO             PET0       ---->Advancing Model from:    0  1  1  0  1  0   0
20221025 093533.820 INFO             PET0       ---------------------> to:    0  1  1  0  1 30   0
20221025 093533.820 INFO             PET0       MODEL: time step-loop ending,   current time:    0  1  1  0  1 30   0
20221025 093533.820 INFO             PET0       <<<MODEL: leaving Run (phase=RunPhase1) with current time:    0  1  1  0  1 30   0
20221025 093533.820 INFO             PET0     MODEL: Run extro.
20221025 093533.820 INFO             PET0     driver: RunSequence event loopLevel=   1  levelMember=   1  loopIteration=   4, current time:    0  1  1  0  1 30   0
20221025 093533.821 INFO             PET0     MODEL: Run intro.
20221025 093533.821 INFO             PET0       >>>MODEL: entered Run (phase=RunPhase1) with current time:    0  1  1  0  1 30   0
20221025 093533.821 INFO             PET0       MODEL: time step-loop starting, current time:    0  1  1  0  1 30   0
20221025 093533.821 INFO             PET0       thread_num=   2   currentSsiPe=   2   num_threads=   3   max_threads=   3   num_procs=  64
20221025 093533.821 INFO             PET0       thread_num=   1   currentSsiPe=   0   num_threads=   3   max_threads=   3   num_procs=  64
20221025 093533.821 INFO             PET0       thread_num=   0   currentSsiPe=  16   num_threads=   3   max_threads=   3   num_procs=  64
20221025 093533.821 INFO             PET0       ---->Advancing Model from:    0  1  1  0  1 30   0
20221025 093533.821 INFO             PET0       ---------------------> to:    0  1  1  0  2  0   0
20221025 093533.821 INFO             PET0       MODEL: time step-loop ending,   current time:    0  1  1  0  2  0   0
20221025 093533.821 INFO             PET0       <<<MODEL: leaving Run (phase=RunPhase1) with current time:    0  1  1  0  2  0   0
20221025 093533.821 INFO             PET0     MODEL: Run extro.
20221025 093533.821 INFO             PET0     driver: RunSequence event loopLevel=   1  levelMember=   1  loopIteration=   5, current time:    0  1  1  0  2  0   0
20221025 093533.821 INFO             PET0     MODEL: Run intro.
20221025 093533.821 INFO             PET0       >>>MODEL: entered Run (phase=RunPhase1) with current time:    0  1  1  0  2  0   0
20221025 093533.821 INFO             PET0       MODEL: time step-loop starting, current time:    0  1  1  0  2  0   0
20221025 093533.821 INFO             PET0       thread_num=   1   currentSsiPe=   0   num_threads=   3   max_threads=   3   num_procs=  64
20221025 093533.821 INFO             PET0       thread_num=   2   currentSsiPe=   2   num_threads=   3   max_threads=   3   num_procs=  64
20221025 093533.821 INFO             PET0       thread_num=   0   currentSsiPe=  16   num_threads=   3   max_threads=   3   num_procs=  64
20221025 093533.821 INFO             PET0       ---->Advancing Model from:    0  1  1  0  2  0   0
20221025 093533.821 INFO             PET0       ---------------------> to:    0  1  1  0  2 30   0
20221025 093533.821 INFO             PET0       MODEL: time step-loop ending,   current time:    0  1  1  0  2 30   0
20221025 093533.821 INFO             PET0       <<<MODEL: leaving Run (phase=RunPhase1) with current time:    0  1  1  0  2 30   0
20221025 093533.821 INFO             PET0     MODEL: Run extro.
20221025 093533.821 INFO             PET0   driver: end <--------- RunSequence
20221025 093533.821 INFO             PET0   <<<driver - leaving Run with current time:    0  1  1  0  2 30   0
20221025 093533.821 INFO             PET0 driver: Run extro.
20221025 093533.821 INFO             PET0 driver: Finalize intro.
20221025 093533.821 INFO             PET0   Calling Finalize phase 1 for modelComp: MODEL
20221025 093533.821 INFO             PET0   MODEL: Finalize intro.
20221025 093533.822 INFO             PET0     >>>MODEL: entered Finalize (phase=FinalizePhase1) with current time:    0  1  1  0  2 30   0
20221025 093533.822 INFO             PET0     <<<MODEL: leaving Finalize (phase=FinalizePhase1) with current time:    0  1  1  0  2 30   0
20221025 093533.822 INFO             PET0   MODEL: Finalize extro.
20221025 093533.822 INFO             PET0   Delete modelComp: MODEL
20221025 093533.822 INFO             PET0   Delete Import-/Export State for modelComp: MODEL
20221025 093533.822 INFO             PET0 driver: Finalize extro.
20221025 093533.822 INFO             PET0 mainApp FINISHED
20221025 093533.822 INFO             PET0 Finalizing ESMF
20221025 093533.793 INFO             PET1 !!!!!!!!!!!!!!!!!!!!!!!!!!!!!!!!!!!!!!!!!!!!!!!!!!!!!!
20221025 093533.793 INFO             PET1 !!! THE ESMF_LOG IS SET TO OUTPUT ALL LOG MESSAGES !!!
20221025 093533.793 INFO             PET1 !!!     THIS MAY CAUSE SLOWDOWN IN PERFORMANCE     !!!
20221025 093533.793 INFO             PET1 !!! FOR PRODUCTION RUNS, USE:                      !!!
20221025 093533.793 INFO             PET1 !!!                   ESMF_LOGKIND_Multi_On_Error  !!!
20221025 093533.793 INFO             PET1 !!!!!!!!!!!!!!!!!!!!!!!!!!!!!!!!!!!!!!!!!!!!!!!!!!!!!!
20221025 093533.793 INFO             PET1 Running with ESMF Version   : v8.4.0
20221025 093533.793 INFO             PET1 ESMF library build date/time: "Oct 25 2022" "03:08:39"
20221025 093533.793 INFO             PET1 ESMF library build location : /global/cscratch1/sd/theurich/ESMF-Nightly-Testing/intel_19.1.2_mpi_g_v8.4.0/esmf
20221025 093533.793 INFO             PET1 ESMF_COMM                   : mpi
20221025 093533.794 INFO             PET1 ESMF_MOAB                   : enabled
20221025 093533.794 INFO             PET1 ESMF_LAPACK                 : enabled
20221025 093533.794 INFO             PET1 ESMF_NETCDF                 : enabled
20221025 093533.794 INFO             PET1 ESMF_PNETCDF                : disabled
20221025 093533.794 INFO             PET1 ESMF_PIO                    : enabled
20221025 093533.794 INFO             PET1 ESMF_YAMLCPP                : enabled
20221025 093533.794 INFO             PET1 mainApp STARTING
20221025 093533.798 INFO             PET1 driver: InitializeGeneric intro.
20221025 093533.798 INFO             PET1   driver: InitializeP0 intro.
20221025 093533.798 INFO             PET1   driver: InitializeP0 extro.
20221025 093533.798 INFO             PET1   driver: InitializeIPDv02p1 intro.
20221025 093533.798 INFO             PET1     >>>driver: entered Initialize (phase=<none>) without valid internal Clock.
20221025 093533.798 INFO             PET1     driver - Creating model component MODEL without petList.
20221025 093533.799 INFO             PET1      GridCompIsPetLocal:  T
20221025 093533.799 INFO             PET1      VmIsCreated:  T
20221025 093533.799 INFO             PET1      valid MPI_COMM with size=           4
20221025 093533.799 INFO             PET1     driver - Creating state: modelComp 1 Import State
20221025 093533.799 INFO             PET1     driver - Creating state: modelComp 1 Export State
20221025 093533.800 INFO             PET1     MODEL: InitializeP0 intro.
20221025 093533.800 INFO             PET1       >>>MODEL: entered Initialize (phase=<none>) without valid internal Clock.
20221025 093533.800 INFO             PET1       <<<MODEL: leaving Initialize (phase=<none>) without valid internal Clock.
20221025 093533.800 INFO             PET1     MODEL: InitializeP0 extro.
20221025 093533.801 INFO             PET1     driver: IInitAdvertise intro.
20221025 093533.801 INFO             PET1     driver: IInitAdvertise extro.
20221025 093533.801 INFO             PET1     MODEL: InitializeIPDvXp01 intro.
20221025 093533.801 INFO             PET1       >>>MODEL: entered Initialize (phase=IPDvXp01) without valid internal Clock.
20221025 093533.803 INFO             PET1       <<<MODEL: leaving Initialize (phase=IPDvXp01) without valid internal Clock.
20221025 093533.803 INFO             PET1     MODEL: InitializeIPDvXp01 extro.
20221025 093533.803 INFO             PET1     driver: IInitAdvertiseFinish intro.
20221025 093533.803 INFO             PET1     driver: IInitAdvertiseFinish extro.
20221025 093533.803 INFO             PET1     driver: IInitModifyCplLists intro.
20221025 093533.803 INFO             PET1     driver: IInitModifyCplLists extro.
20221025 093533.803 INFO             PET1     <<<driver: leaving Initialize (phase=<none>) with current time:    0  1  1  0  0  0   0
20221025 093533.803 INFO             PET1   driver: InitializeIPDv02p1 extro.
20221025 093533.803 INFO             PET1   driver: InitializeIPDv02p3 intro.
20221025 093533.803 INFO             PET1     >>>driver: entered Initialize (phase=<none>) with current time:    0  1  1  0  0  0   0
20221025 093533.804 INFO             PET1     driver: IInitCheck intro.
20221025 093533.804 INFO             PET1     driver: IInitCheck extro.
20221025 093533.804 INFO             PET1     MODEL: InitializeIPDvXp04 intro.
20221025 093533.804 INFO             PET1       >>>MODEL: entered Initialize (phase=IPDvXp04) without valid internal Clock.
20221025 093533.807 INFO             PET1       After Realize: - MemInfo: [/proc/meminfo - SSI]	MemTotal:       131890088 kB
20221025 093533.807 INFO             PET1       After Realize: - MemInfo: [/proc/meminfo - SSI]	MemFree:        124107468 kB
20221025 093533.807 INFO             PET1       After Realize: - MemInfo: [/proc/meminfo - SSI]	MemAvailable:   124047488 kB
20221025 093533.807 INFO             PET1       After Realize: - MemInfo: [/proc/meminfo - SSI]	Committed_AS:    6185056 kB
20221025 093533.807 INFO             PET1       After Realize: - MemInfo: [/proc/meminfo - SSI]	CommittedPercent: 4.68955 %
20221025 093533.807 INFO             PET1       After Realize: - MemInfo: [/proc/self/status]	VmPeak:	  269384 kB
20221025 093533.807 INFO             PET1       After Realize: - MemInfo: [/proc/self/status]	VmSize:	  269384 kB
20221025 093533.807 INFO             PET1       After Realize: - MemInfo: [/proc/self/status]	VmLck:	       0 kB
20221025 093533.807 INFO             PET1       After Realize: - MemInfo: [/proc/self/status]	VmPin:	       0 kB
20221025 093533.807 INFO             PET1       After Realize: - MemInfo: [/proc/self/status]	VmHWM:	   48812 kB
20221025 093533.807 INFO             PET1       After Realize: - MemInfo: [/proc/self/status]	VmRSS:	   48812 kB
20221025 093533.807 INFO             PET1       After Realize: - MemInfo: [/proc/self/status]	VmData:	   34404 kB
20221025 093533.807 INFO             PET1       After Realize: - MemInfo: [/proc/self/status]	VmStk:	     520 kB
20221025 093533.808 INFO             PET1       After Realize: - MemInfo: [/proc/self/status]	VmExe:	    1792 kB
20221025 093533.808 INFO             PET1       After Realize: - MemInfo: [/proc/self/status]	VmLib:	  135644 kB
20221025 093533.808 INFO             PET1       After Realize: - MemInfo: [/proc/self/status]	VmPTE:	     436 kB
20221025 093533.808 INFO             PET1       After Realize: - MemInfo: [/proc/self/status]	VmSwap:	       0 kB
20221025 093533.808 INFO             PET1       After Realize: - MemInfo: [/proc/self/status]	VmRSSPercent: 0.0370096 %
20221025 093533.808 INFO             PET1       After Realize: - MemInfo: [malloc] Non-mmapped space allocated:              -537661440 Byte
20221025 093533.808 INFO             PET1       After Realize: - MemInfo: [malloc] Space allocated in mmapped regions:                0 Byte
20221025 093533.808 INFO             PET1       After Realize: - MemInfo: [malloc] Maximum total allocated space:                     0 Byte
20221025 093533.808 INFO             PET1       After Realize: - MemInfo: [malloc] Space in freed fastbin blocks:                   352 Byte
20221025 093533.808 INFO             PET1       After Realize: - MemInfo: [malloc] Total allocated space:                    -538628960 Byte
20221025 093533.808 INFO             PET1       After Realize: - MemInfo: [malloc] Total free space:                             967520 Byte
20221025 093533.808 INFO             PET1       After Realize: - MemInfo: [malloc] Top-most, releasable space:                   967168 Byte
20221025 093533.808 INFO             PET1       After Realize: - MemInfo: [malloc] Total space in use, mmap + non-mmap:               0 Byte
20221025 093533.808 INFO             PET1       After Realize: - MemInfo: [malloc] Total space held (mmap + non-mmap):       3757305856 Byte
20221025 093533.808 INFO             PET1       After Realize: - MemInfo: [malloc] Total space used (mmap + non-mmap):       3756347136 Byte
20221025 093533.808 INFO             PET1       After Realize: - MemInfo: Wall-clock time since execution start:               0.031882 seconds
20221025 093533.808 INFO             PET1       <<<MODEL: leaving Initialize (phase=IPDvXp04) without valid internal Clock.
20221025 093533.808 INFO             PET1     MODEL: InitializeIPDvXp04 extro.
20221025 093533.808 INFO             PET1     driver: IInitRealize intro.
20221025 093533.808 INFO             PET1     driver: IInitRealize extro.
20221025 093533.808 INFO             PET1     MODEL: InitializeIPDvXp07 intro.
20221025 093533.808 INFO             PET1       >>>MODEL: entered Initialize (phase=IPDvXp07) without valid internal Clock.
20221025 093533.809 INFO             PET1       <<<MODEL: leaving Initialize (phase=IPDvXp07) with current time:    0  1  1  0  0  0   0
20221025 093533.809 INFO             PET1     MODEL: InitializeIPDvXp07 extro.
20221025 093533.809 INFO             PET1     <<<driver: leaving Initialize (phase=<none>) with current time:    0  1  1  0  0  0   0
20221025 093533.809 INFO             PET1   driver: InitializeIPDv02p3 extro.
20221025 093533.809 INFO             PET1   driver: InitializeIPDv02p5 intro.
20221025 093533.809 INFO             PET1     >>>driver: entered Initialize (phase=<none>) with current time:    0  1  1  0  0  0   0
20221025 093533.809 INFO             PET1     driver: this is a top level driver, no 'Updated' and 'InitializeDataComplete' info on this level.
20221025 093533.809 INFO             PET1     driver: InitializeIPDv02p5Data intro.
20221025 093533.809 INFO             PET1       driver: InternalInitializeComplete intro.
20221025 093533.809 INFO             PET1         driver: InitializeDataComplete='true'
20221025 093533.809 INFO             PET1       driver: InternalInitializeComplete extro.
20221025 093533.809 INFO             PET1       MODEL: InitializeIPDvXp08 intro.
20221025 093533.809 INFO             PET1         >>>MODEL: entered Initialize (phase=IPDv05p8) with current time:    0  1  1  0  0  0   0
20221025 093533.810 INFO             PET1         MODEL: InitializeDataProgress='false', InitializeDataComplete='false'
20221025 093533.810 INFO             PET1         <<<MODEL: leaving Initialize (phase=IPDv05p8) with current time:    0  1  1  0  0  0   0
20221025 093533.810 INFO             PET1       MODEL: InitializeIPDvXp08 extro.
20221025 093533.810 INFO             PET1       driver: components present that trigger loopDataDependentInitialize().
20221025 093533.810 INFO             PET1       driver: loopDataDependentInitialize intro.
20221025 093533.810 INFO             PET1         driver: component    0=driver, dataComplete (local): true
20221025 093533.810 INFO             PET1         driver: component    0=driver, dataComplete (global):  T
20221025 093533.810 INFO             PET1         driver: component    1=MODEL, dataComplete (local): false
20221025 093533.810 INFO             PET1         driver: component    1=MODEL, dataComplete (global):  F
20221025 093533.810 INFO             PET1         MODEL: InitializeIPDvXp08 intro.
20221025 093533.810 INFO             PET1           >>>MODEL: entered Initialize (phase=IPDv05p8) with current time:    0  1  1  0  0  0   0
20221025 093533.810 INFO             PET1           MODEL: InitializeDataProgress='true', InitializeDataComplete='true'
20221025 093533.810 INFO             PET1           <<<MODEL: leaving Initialize (phase=IPDv05p8) with current time:    0  1  1  0  0  0   0
20221025 093533.810 INFO             PET1         MODEL: InitializeIPDvXp08 extro.
20221025 093533.811 INFO             PET1         driver: component    1=MODEL, someProgress (local): true
20221025 093533.811 INFO             PET1         driver: component    1=MODEL, someProgress (global):  T
20221025 093533.811 INFO             PET1         driver: someProgress= T, allComplete= F, present(dataDepAllComplete)= T
20221025 093533.811 INFO             PET1         driver: component    0=driver, dataComplete (local): true
20221025 093533.811 INFO             PET1         driver: component    0=driver, dataComplete (global):  T
20221025 093533.811 INFO             PET1         driver: component    1=MODEL, dataComplete (local): true
20221025 093533.811 INFO             PET1         driver: component    1=MODEL, dataComplete (global):  T
20221025 093533.811 INFO             PET1         driver: someProgress= F, allComplete= T, present(dataDepAllComplete)= T
20221025 093533.811 INFO             PET1         driver: finished resolving initialize data dependencies on this level.
20221025 093533.811 INFO             PET1       driver: loopDataDependentInitialize extro.
20221025 093533.811 INFO             PET1       driver: loopDataDependentInitialize() returned with dataDepAllComplete:  T
20221025 093533.811 INFO             PET1     driver: InitializeIPDv02p5Data extro.
20221025 093533.811 INFO             PET1     <<<driver: leaving Initialize (phase=<none>) with current time:    0  1  1  0  0  0   0
20221025 093533.811 INFO             PET1   driver: InitializeIPDv02p5 extro.
20221025 093533.811 INFO             PET1 driver: InitializeGeneric extro.
20221025 093533.811 INFO             PET1 driver: Run intro.
20221025 093533.811 INFO             PET1   >>>driver entered Run (phase=RunPhase1) with current time:    0  1  1  0  0  0   0
20221025 093533.811 INFO             PET1   driver: after lable_SetRunClock, current time:    0  1  1  0  0  0   0
20221025 093533.811 INFO             PET1   driver: begin -------> RunSequence.
20221025 093533.811 INFO             PET1     driver: RunSequence event loopLevel=   1  levelMember=   1  loopIteration=   1, current time:    0  1  1  0  0  0   0
20221025 093533.811 INFO             PET1     MODEL: Run intro.
20221025 093533.815 INFO             PET1       >>>MODEL: entered Run (phase=RunPhase1) with current time:    0  1  1  0  0  0   0
20221025 093533.815 INFO             PET1       MODEL: time step-loop starting, current time:    0  1  1  0  0  0   0
20221025 093533.819 INFO             PET1       thread_num=   0   currentSsiPe=  42   num_threads=   3   max_threads=   3   num_procs=  64
20221025 093533.819 INFO             PET1       thread_num=   1   currentSsiPe=  43   num_threads=   3   max_threads=   3   num_procs=  64
20221025 093533.819 INFO             PET1       thread_num=   2   currentSsiPe=  44   num_threads=   3   max_threads=   3   num_procs=  64
20221025 093533.819 INFO             PET1       ---->Advancing Model from:    0  1  1  0  0  0   0
20221025 093533.819 INFO             PET1       ---------------------> to:    0  1  1  0  0 30   0
20221025 093533.819 INFO             PET1       MODEL: time step-loop ending,   current time:    0  1  1  0  0 30   0
20221025 093533.819 INFO             PET1       <<<MODEL: leaving Run (phase=RunPhase1) with current time:    0  1  1  0  0 30   0
20221025 093533.819 INFO             PET1     MODEL: Run extro.
20221025 093533.820 INFO             PET1     driver: RunSequence event loopLevel=   1  levelMember=   1  loopIteration=   2, current time:    0  1  1  0  0 30   0
20221025 093533.820 INFO             PET1     MODEL: Run intro.
20221025 093533.820 INFO             PET1       >>>MODEL: entered Run (phase=RunPhase1) with current time:    0  1  1  0  0 30   0
20221025 093533.820 INFO             PET1       MODEL: time step-loop starting, current time:    0  1  1  0  0 30   0
20221025 093533.820 INFO             PET1       thread_num=   1   currentSsiPe=  43   num_threads=   3   max_threads=   3   num_procs=  64
20221025 093533.820 INFO             PET1       thread_num=   2   currentSsiPe=  44   num_threads=   3   max_threads=   3   num_procs=  64
20221025 093533.820 INFO             PET1       thread_num=   0   currentSsiPe=  42   num_threads=   3   max_threads=   3   num_procs=  64
20221025 093533.820 INFO             PET1       ---->Advancing Model from:    0  1  1  0  0 30   0
20221025 093533.820 INFO             PET1       ---------------------> to:    0  1  1  0  1  0   0
20221025 093533.820 INFO             PET1       MODEL: time step-loop ending,   current time:    0  1  1  0  1  0   0
20221025 093533.820 INFO             PET1       <<<MODEL: leaving Run (phase=RunPhase1) with current time:    0  1  1  0  1  0   0
20221025 093533.820 INFO             PET1     MODEL: Run extro.
20221025 093533.820 INFO             PET1     driver: RunSequence event loopLevel=   1  levelMember=   1  loopIteration=   3, current time:    0  1  1  0  1  0   0
20221025 093533.820 INFO             PET1     MODEL: Run intro.
20221025 093533.820 INFO             PET1       >>>MODEL: entered Run (phase=RunPhase1) with current time:    0  1  1  0  1  0   0
20221025 093533.820 INFO             PET1       MODEL: time step-loop starting, current time:    0  1  1  0  1  0   0
20221025 093533.820 INFO             PET1       thread_num=   2   currentSsiPe=  44   num_threads=   3   max_threads=   3   num_procs=  64
20221025 093533.820 INFO             PET1       thread_num=   1   currentSsiPe=  43   num_threads=   3   max_threads=   3   num_procs=  64
20221025 093533.820 INFO             PET1       thread_num=   0   currentSsiPe=  42   num_threads=   3   max_threads=   3   num_procs=  64
20221025 093533.820 INFO             PET1       ---->Advancing Model from:    0  1  1  0  1  0   0
20221025 093533.820 INFO             PET1       ---------------------> to:    0  1  1  0  1 30   0
20221025 093533.820 INFO             PET1       MODEL: time step-loop ending,   current time:    0  1  1  0  1 30   0
20221025 093533.820 INFO             PET1       <<<MODEL: leaving Run (phase=RunPhase1) with current time:    0  1  1  0  1 30   0
20221025 093533.820 INFO             PET1     MODEL: Run extro.
20221025 093533.820 INFO             PET1     driver: RunSequence event loopLevel=   1  levelMember=   1  loopIteration=   4, current time:    0  1  1  0  1 30   0
20221025 093533.821 INFO             PET1     MODEL: Run intro.
20221025 093533.821 INFO             PET1       >>>MODEL: entered Run (phase=RunPhase1) with current time:    0  1  1  0  1 30   0
20221025 093533.821 INFO             PET1       MODEL: time step-loop starting, current time:    0  1  1  0  1 30   0
20221025 093533.821 INFO             PET1       thread_num=   2   currentSsiPe=  44   num_threads=   3   max_threads=   3   num_procs=  64
20221025 093533.821 INFO             PET1       thread_num=   1   currentSsiPe=  43   num_threads=   3   max_threads=   3   num_procs=  64
20221025 093533.821 INFO             PET1       thread_num=   0   currentSsiPe=  42   num_threads=   3   max_threads=   3   num_procs=  64
20221025 093533.821 INFO             PET1       ---->Advancing Model from:    0  1  1  0  1 30   0
20221025 093533.821 INFO             PET1       ---------------------> to:    0  1  1  0  2  0   0
20221025 093533.821 INFO             PET1       MODEL: time step-loop ending,   current time:    0  1  1  0  2  0   0
20221025 093533.821 INFO             PET1       <<<MODEL: leaving Run (phase=RunPhase1) with current time:    0  1  1  0  2  0   0
20221025 093533.821 INFO             PET1     MODEL: Run extro.
20221025 093533.821 INFO             PET1     driver: RunSequence event loopLevel=   1  levelMember=   1  loopIteration=   5, current time:    0  1  1  0  2  0   0
20221025 093533.821 INFO             PET1     MODEL: Run intro.
20221025 093533.821 INFO             PET1       >>>MODEL: entered Run (phase=RunPhase1) with current time:    0  1  1  0  2  0   0
20221025 093533.821 INFO             PET1       MODEL: time step-loop starting, current time:    0  1  1  0  2  0   0
20221025 093533.821 INFO             PET1       thread_num=   2   currentSsiPe=  44   num_threads=   3   max_threads=   3   num_procs=  64
20221025 093533.821 INFO             PET1       thread_num=   1   currentSsiPe=  43   num_threads=   3   max_threads=   3   num_procs=  64
20221025 093533.821 INFO             PET1       thread_num=   0   currentSsiPe=  42   num_threads=   3   max_threads=   3   num_procs=  64
20221025 093533.821 INFO             PET1       ---->Advancing Model from:    0  1  1  0  2  0   0
20221025 093533.821 INFO             PET1       ---------------------> to:    0  1  1  0  2 30   0
20221025 093533.821 INFO             PET1       MODEL: time step-loop ending,   current time:    0  1  1  0  2 30   0
20221025 093533.821 INFO             PET1       <<<MODEL: leaving Run (phase=RunPhase1) with current time:    0  1  1  0  2 30   0
20221025 093533.821 INFO             PET1     MODEL: Run extro.
20221025 093533.821 INFO             PET1   driver: end <--------- RunSequence
20221025 093533.821 INFO             PET1   <<<driver - leaving Run with current time:    0  1  1  0  2 30   0
20221025 093533.821 INFO             PET1 driver: Run extro.
20221025 093533.821 INFO             PET1 driver: Finalize intro.
20221025 093533.821 INFO             PET1   Calling Finalize phase 1 for modelComp: MODEL
20221025 093533.821 INFO             PET1   MODEL: Finalize intro.
20221025 093533.822 INFO             PET1     >>>MODEL: entered Finalize (phase=FinalizePhase1) with current time:    0  1  1  0  2 30   0
20221025 093533.822 INFO             PET1     <<<MODEL: leaving Finalize (phase=FinalizePhase1) with current time:    0  1  1  0  2 30   0
20221025 093533.822 INFO             PET1   MODEL: Finalize extro.
20221025 093533.822 INFO             PET1   Delete modelComp: MODEL
20221025 093533.822 INFO             PET1   Delete Import-/Export State for modelComp: MODEL
20221025 093533.822 INFO             PET1 driver: Finalize extro.
20221025 093533.822 INFO             PET1 mainApp FINISHED
20221025 093533.822 INFO             PET1 Finalizing ESMF
20221025 093533.792 INFO             PET2 !!!!!!!!!!!!!!!!!!!!!!!!!!!!!!!!!!!!!!!!!!!!!!!!!!!!!!
20221025 093533.792 INFO             PET2 !!! THE ESMF_LOG IS SET TO OUTPUT ALL LOG MESSAGES !!!
20221025 093533.792 INFO             PET2 !!!     THIS MAY CAUSE SLOWDOWN IN PERFORMANCE     !!!
20221025 093533.792 INFO             PET2 !!! FOR PRODUCTION RUNS, USE:                      !!!
20221025 093533.792 INFO             PET2 !!!                   ESMF_LOGKIND_Multi_On_Error  !!!
20221025 093533.792 INFO             PET2 !!!!!!!!!!!!!!!!!!!!!!!!!!!!!!!!!!!!!!!!!!!!!!!!!!!!!!
20221025 093533.792 INFO             PET2 Running with ESMF Version   : v8.4.0
20221025 093533.792 INFO             PET2 ESMF library build date/time: "Oct 25 2022" "03:08:39"
20221025 093533.792 INFO             PET2 ESMF library build location : /global/cscratch1/sd/theurich/ESMF-Nightly-Testing/intel_19.1.2_mpi_g_v8.4.0/esmf
20221025 093533.792 INFO             PET2 ESMF_COMM                   : mpi
20221025 093533.794 INFO             PET2 ESMF_MOAB                   : enabled
20221025 093533.794 INFO             PET2 ESMF_LAPACK                 : enabled
20221025 093533.794 INFO             PET2 ESMF_NETCDF                 : enabled
20221025 093533.794 INFO             PET2 ESMF_PNETCDF                : disabled
20221025 093533.794 INFO             PET2 ESMF_PIO                    : enabled
20221025 093533.794 INFO             PET2 ESMF_YAMLCPP                : enabled
20221025 093533.794 INFO             PET2 mainApp STARTING
20221025 093533.798 INFO             PET2 driver: InitializeGeneric intro.
20221025 093533.798 INFO             PET2   driver: InitializeP0 intro.
20221025 093533.798 INFO             PET2   driver: InitializeP0 extro.
20221025 093533.798 INFO             PET2   driver: InitializeIPDv02p1 intro.
20221025 093533.798 INFO             PET2     >>>driver: entered Initialize (phase=<none>) without valid internal Clock.
20221025 093533.798 INFO             PET2     driver - Creating model component MODEL without petList.
20221025 093533.799 INFO             PET2      GridCompIsPetLocal:  T
20221025 093533.799 INFO             PET2      VmIsCreated:  T
20221025 093533.799 INFO             PET2      valid MPI_COMM with size=           4
20221025 093533.799 INFO             PET2     driver - Creating state: modelComp 1 Import State
20221025 093533.799 INFO             PET2     driver - Creating state: modelComp 1 Export State
20221025 093533.800 INFO             PET2     MODEL: InitializeP0 intro.
20221025 093533.800 INFO             PET2       >>>MODEL: entered Initialize (phase=<none>) without valid internal Clock.
20221025 093533.800 INFO             PET2       <<<MODEL: leaving Initialize (phase=<none>) without valid internal Clock.
20221025 093533.800 INFO             PET2     MODEL: InitializeP0 extro.
20221025 093533.801 INFO             PET2     driver: IInitAdvertise intro.
20221025 093533.801 INFO             PET2     driver: IInitAdvertise extro.
20221025 093533.801 INFO             PET2     MODEL: InitializeIPDvXp01 intro.
20221025 093533.801 INFO             PET2       >>>MODEL: entered Initialize (phase=IPDvXp01) without valid internal Clock.
20221025 093533.803 INFO             PET2       <<<MODEL: leaving Initialize (phase=IPDvXp01) without valid internal Clock.
20221025 093533.803 INFO             PET2     MODEL: InitializeIPDvXp01 extro.
20221025 093533.803 INFO             PET2     driver: IInitAdvertiseFinish intro.
20221025 093533.803 INFO             PET2     driver: IInitAdvertiseFinish extro.
20221025 093533.803 INFO             PET2     driver: IInitModifyCplLists intro.
20221025 093533.803 INFO             PET2     driver: IInitModifyCplLists extro.
20221025 093533.803 INFO             PET2     <<<driver: leaving Initialize (phase=<none>) with current time:    0  1  1  0  0  0   0
20221025 093533.803 INFO             PET2   driver: InitializeIPDv02p1 extro.
20221025 093533.803 INFO             PET2   driver: InitializeIPDv02p3 intro.
20221025 093533.803 INFO             PET2     >>>driver: entered Initialize (phase=<none>) with current time:    0  1  1  0  0  0   0
20221025 093533.804 INFO             PET2     driver: IInitCheck intro.
20221025 093533.804 INFO             PET2     driver: IInitCheck extro.
20221025 093533.804 INFO             PET2     MODEL: InitializeIPDvXp04 intro.
20221025 093533.804 INFO             PET2       >>>MODEL: entered Initialize (phase=IPDvXp04) without valid internal Clock.
20221025 093533.807 INFO             PET2       After Realize: - MemInfo: [/proc/meminfo - SSI]	MemTotal:       131890088 kB
20221025 093533.807 INFO             PET2       After Realize: - MemInfo: [/proc/meminfo - SSI]	MemFree:        124107468 kB
20221025 093533.807 INFO             PET2       After Realize: - MemInfo: [/proc/meminfo - SSI]	MemAvailable:   124047488 kB
20221025 093533.807 INFO             PET2       After Realize: - MemInfo: [/proc/meminfo - SSI]	Committed_AS:    6185056 kB
20221025 093533.807 INFO             PET2       After Realize: - MemInfo: [/proc/meminfo - SSI]	CommittedPercent: 4.68955 %
20221025 093533.807 INFO             PET2       After Realize: - MemInfo: [/proc/self/status]	VmPeak:	  269384 kB
20221025 093533.807 INFO             PET2       After Realize: - MemInfo: [/proc/self/status]	VmSize:	  269384 kB
20221025 093533.807 INFO             PET2       After Realize: - MemInfo: [/proc/self/status]	VmLck:	       0 kB
20221025 093533.807 INFO             PET2       After Realize: - MemInfo: [/proc/self/status]	VmPin:	       0 kB
20221025 093533.807 INFO             PET2       After Realize: - MemInfo: [/proc/self/status]	VmHWM:	   49068 kB
20221025 093533.807 INFO             PET2       After Realize: - MemInfo: [/proc/self/status]	VmRSS:	   49068 kB
20221025 093533.807 INFO             PET2       After Realize: - MemInfo: [/proc/self/status]	VmData:	   34404 kB
20221025 093533.807 INFO             PET2       After Realize: - MemInfo: [/proc/self/status]	VmStk:	     520 kB
20221025 093533.807 INFO             PET2       After Realize: - MemInfo: [/proc/self/status]	VmExe:	    1792 kB
20221025 093533.807 INFO             PET2       After Realize: - MemInfo: [/proc/self/status]	VmLib:	  135644 kB
20221025 093533.808 INFO             PET2       After Realize: - MemInfo: [/proc/self/status]	VmPTE:	     436 kB
20221025 093533.808 INFO             PET2       After Realize: - MemInfo: [/proc/self/status]	VmSwap:	       0 kB
20221025 093533.808 INFO             PET2       After Realize: - MemInfo: [/proc/self/status]	VmRSSPercent: 0.0372037 %
20221025 093533.808 INFO             PET2       After Realize: - MemInfo: [malloc] Non-mmapped space allocated:              -537661440 Byte
20221025 093533.808 INFO             PET2       After Realize: - MemInfo: [malloc] Space allocated in mmapped regions:                0 Byte
20221025 093533.808 INFO             PET2       After Realize: - MemInfo: [malloc] Maximum total allocated space:                     0 Byte
20221025 093533.808 INFO             PET2       After Realize: - MemInfo: [malloc] Space in freed fastbin blocks:                   352 Byte
20221025 093533.808 INFO             PET2       After Realize: - MemInfo: [malloc] Total allocated space:                    -538628928 Byte
20221025 093533.808 INFO             PET2       After Realize: - MemInfo: [malloc] Total free space:                             967488 Byte
20221025 093533.808 INFO             PET2       After Realize: - MemInfo: [malloc] Top-most, releasable space:                   967136 Byte
20221025 093533.808 INFO             PET2       After Realize: - MemInfo: [malloc] Total space in use, mmap + non-mmap:               0 Byte
20221025 093533.808 INFO             PET2       After Realize: - MemInfo: [malloc] Total space held (mmap + non-mmap):       3757305856 Byte
20221025 093533.808 INFO             PET2       After Realize: - MemInfo: [malloc] Total space used (mmap + non-mmap):       3756347168 Byte
20221025 093533.808 INFO             PET2       After Realize: - MemInfo: Wall-clock time since execution start:              0.0318849 seconds
20221025 093533.808 INFO             PET2       <<<MODEL: leaving Initialize (phase=IPDvXp04) without valid internal Clock.
20221025 093533.808 INFO             PET2     MODEL: InitializeIPDvXp04 extro.
20221025 093533.808 INFO             PET2     driver: IInitRealize intro.
20221025 093533.808 INFO             PET2     driver: IInitRealize extro.
20221025 093533.808 INFO             PET2     MODEL: InitializeIPDvXp07 intro.
20221025 093533.808 INFO             PET2       >>>MODEL: entered Initialize (phase=IPDvXp07) without valid internal Clock.
20221025 093533.809 INFO             PET2       <<<MODEL: leaving Initialize (phase=IPDvXp07) with current time:    0  1  1  0  0  0   0
20221025 093533.809 INFO             PET2     MODEL: InitializeIPDvXp07 extro.
20221025 093533.809 INFO             PET2     <<<driver: leaving Initialize (phase=<none>) with current time:    0  1  1  0  0  0   0
20221025 093533.809 INFO             PET2   driver: InitializeIPDv02p3 extro.
20221025 093533.809 INFO             PET2   driver: InitializeIPDv02p5 intro.
20221025 093533.809 INFO             PET2     >>>driver: entered Initialize (phase=<none>) with current time:    0  1  1  0  0  0   0
20221025 093533.809 INFO             PET2     driver: this is a top level driver, no 'Updated' and 'InitializeDataComplete' info on this level.
20221025 093533.809 INFO             PET2     driver: InitializeIPDv02p5Data intro.
20221025 093533.809 INFO             PET2       driver: InternalInitializeComplete intro.
20221025 093533.809 INFO             PET2         driver: InitializeDataComplete='true'
20221025 093533.809 INFO             PET2       driver: InternalInitializeComplete extro.
20221025 093533.809 INFO             PET2       MODEL: InitializeIPDvXp08 intro.
20221025 093533.809 INFO             PET2         >>>MODEL: entered Initialize (phase=IPDv05p8) with current time:    0  1  1  0  0  0   0
20221025 093533.810 INFO             PET2         MODEL: InitializeDataProgress='false', InitializeDataComplete='false'
20221025 093533.810 INFO             PET2         <<<MODEL: leaving Initialize (phase=IPDv05p8) with current time:    0  1  1  0  0  0   0
20221025 093533.810 INFO             PET2       MODEL: InitializeIPDvXp08 extro.
20221025 093533.810 INFO             PET2       driver: components present that trigger loopDataDependentInitialize().
20221025 093533.810 INFO             PET2       driver: loopDataDependentInitialize intro.
20221025 093533.810 INFO             PET2         driver: component    0=driver, dataComplete (local): true
20221025 093533.810 INFO             PET2         driver: component    0=driver, dataComplete (global):  T
20221025 093533.810 INFO             PET2         driver: component    1=MODEL, dataComplete (local): false
20221025 093533.810 INFO             PET2         driver: component    1=MODEL, dataComplete (global):  F
20221025 093533.810 INFO             PET2         MODEL: InitializeIPDvXp08 intro.
20221025 093533.810 INFO             PET2           >>>MODEL: entered Initialize (phase=IPDv05p8) with current time:    0  1  1  0  0  0   0
20221025 093533.810 INFO             PET2           MODEL: InitializeDataProgress='true', InitializeDataComplete='true'
20221025 093533.810 INFO             PET2           <<<MODEL: leaving Initialize (phase=IPDv05p8) with current time:    0  1  1  0  0  0   0
20221025 093533.810 INFO             PET2         MODEL: InitializeIPDvXp08 extro.
20221025 093533.811 INFO             PET2         driver: component    1=MODEL, someProgress (local): true
20221025 093533.811 INFO             PET2         driver: component    1=MODEL, someProgress (global):  T
20221025 093533.811 INFO             PET2         driver: someProgress= T, allComplete= F, present(dataDepAllComplete)= T
20221025 093533.811 INFO             PET2         driver: component    0=driver, dataComplete (local): true
20221025 093533.811 INFO             PET2         driver: component    0=driver, dataComplete (global):  T
20221025 093533.811 INFO             PET2         driver: component    1=MODEL, dataComplete (local): true
20221025 093533.811 INFO             PET2         driver: component    1=MODEL, dataComplete (global):  T
20221025 093533.811 INFO             PET2         driver: someProgress= F, allComplete= T, present(dataDepAllComplete)= T
20221025 093533.811 INFO             PET2         driver: finished resolving initialize data dependencies on this level.
20221025 093533.811 INFO             PET2       driver: loopDataDependentInitialize extro.
20221025 093533.811 INFO             PET2       driver: loopDataDependentInitialize() returned with dataDepAllComplete:  T
20221025 093533.811 INFO             PET2     driver: InitializeIPDv02p5Data extro.
20221025 093533.811 INFO             PET2     <<<driver: leaving Initialize (phase=<none>) with current time:    0  1  1  0  0  0   0
20221025 093533.811 INFO             PET2   driver: InitializeIPDv02p5 extro.
20221025 093533.811 INFO             PET2 driver: InitializeGeneric extro.
20221025 093533.811 INFO             PET2 driver: Run intro.
20221025 093533.811 INFO             PET2   >>>driver entered Run (phase=RunPhase1) with current time:    0  1  1  0  0  0   0
20221025 093533.811 INFO             PET2   driver: after lable_SetRunClock, current time:    0  1  1  0  0  0   0
20221025 093533.811 INFO             PET2   driver: begin -------> RunSequence.
20221025 093533.811 INFO             PET2     driver: RunSequence event loopLevel=   1  levelMember=   1  loopIteration=   1, current time:    0  1  1  0  0  0   0
20221025 093533.811 INFO             PET2     MODEL: Run intro.
20221025 093533.814 INFO             PET2       >>>MODEL: entered Run (phase=RunPhase1) with current time:    0  1  1  0  0  0   0
20221025 093533.815 INFO             PET2       MODEL: time step-loop starting, current time:    0  1  1  0  0  0   0
20221025 093533.819 INFO             PET2       thread_num=   0   currentSsiPe=  63   num_threads=   3   max_threads=   3   num_procs=  64
20221025 093533.819 INFO             PET2       thread_num=   2   currentSsiPe=  46   num_threads=   3   max_threads=   3   num_procs=  64
20221025 093533.819 INFO             PET2       thread_num=   1   currentSsiPe=   1   num_threads=   3   max_threads=   3   num_procs=  64
20221025 093533.820 INFO             PET2       ---->Advancing Model from:    0  1  1  0  0  0   0
20221025 093533.820 INFO             PET2       ---------------------> to:    0  1  1  0  0 30   0
20221025 093533.820 INFO             PET2       MODEL: time step-loop ending,   current time:    0  1  1  0  0 30   0
20221025 093533.820 INFO             PET2       <<<MODEL: leaving Run (phase=RunPhase1) with current time:    0  1  1  0  0 30   0
20221025 093533.820 INFO             PET2     MODEL: Run extro.
20221025 093533.820 INFO             PET2     driver: RunSequence event loopLevel=   1  levelMember=   1  loopIteration=   2, current time:    0  1  1  0  0 30   0
20221025 093533.820 INFO             PET2     MODEL: Run intro.
20221025 093533.820 INFO             PET2       >>>MODEL: entered Run (phase=RunPhase1) with current time:    0  1  1  0  0 30   0
20221025 093533.820 INFO             PET2       MODEL: time step-loop starting, current time:    0  1  1  0  0 30   0
20221025 093533.820 INFO             PET2       thread_num=   2   currentSsiPe=  46   num_threads=   3   max_threads=   3   num_procs=  64
20221025 093533.820 INFO             PET2       thread_num=   0   currentSsiPe=  63   num_threads=   3   max_threads=   3   num_procs=  64
20221025 093533.820 INFO             PET2       thread_num=   1   currentSsiPe=   1   num_threads=   3   max_threads=   3   num_procs=  64
20221025 093533.821 INFO             PET2       ---->Advancing Model from:    0  1  1  0  0 30   0
20221025 093533.821 INFO             PET2       ---------------------> to:    0  1  1  0  1  0   0
20221025 093533.821 INFO             PET2       MODEL: time step-loop ending,   current time:    0  1  1  0  1  0   0
20221025 093533.821 INFO             PET2       <<<MODEL: leaving Run (phase=RunPhase1) with current time:    0  1  1  0  1  0   0
20221025 093533.821 INFO             PET2     MODEL: Run extro.
20221025 093533.821 INFO             PET2     driver: RunSequence event loopLevel=   1  levelMember=   1  loopIteration=   3, current time:    0  1  1  0  1  0   0
20221025 093533.821 INFO             PET2     MODEL: Run intro.
20221025 093533.821 INFO             PET2       >>>MODEL: entered Run (phase=RunPhase1) with current time:    0  1  1  0  1  0   0
20221025 093533.821 INFO             PET2       MODEL: time step-loop starting, current time:    0  1  1  0  1  0   0
20221025 093533.821 INFO             PET2       thread_num=   2   currentSsiPe=  46   num_threads=   3   max_threads=   3   num_procs=  64
20221025 093533.821 INFO             PET2       thread_num=   1   currentSsiPe=   1   num_threads=   3   max_threads=   3   num_procs=  64
20221025 093533.821 INFO             PET2       thread_num=   0   currentSsiPe=  31   num_threads=   3   max_threads=   3   num_procs=  64
20221025 093533.821 INFO             PET2       ---->Advancing Model from:    0  1  1  0  1  0   0
20221025 093533.821 INFO             PET2       ---------------------> to:    0  1  1  0  1 30   0
20221025 093533.821 INFO             PET2       MODEL: time step-loop ending,   current time:    0  1  1  0  1 30   0
20221025 093533.821 INFO             PET2       <<<MODEL: leaving Run (phase=RunPhase1) with current time:    0  1  1  0  1 30   0
20221025 093533.821 INFO             PET2     MODEL: Run extro.
20221025 093533.821 INFO             PET2     driver: RunSequence event loopLevel=   1  levelMember=   1  loopIteration=   4, current time:    0  1  1  0  1 30   0
20221025 093533.822 INFO             PET2     MODEL: Run intro.
20221025 093533.822 INFO             PET2       >>>MODEL: entered Run (phase=RunPhase1) with current time:    0  1  1  0  1 30   0
20221025 093533.822 INFO             PET2       MODEL: time step-loop starting, current time:    0  1  1  0  1 30   0
20221025 093533.822 INFO             PET2       thread_num=   2   currentSsiPe=  46   num_threads=   3   max_threads=   3   num_procs=  64
20221025 093533.822 INFO             PET2       thread_num=   1   currentSsiPe=   1   num_threads=   3   max_threads=   3   num_procs=  64
20221025 093533.822 INFO             PET2       thread_num=   0   currentSsiPe=  31   num_threads=   3   max_threads=   3   num_procs=  64
20221025 093533.822 INFO             PET2       ---->Advancing Model from:    0  1  1  0  1 30   0
20221025 093533.822 INFO             PET2       ---------------------> to:    0  1  1  0  2  0   0
20221025 093533.822 INFO             PET2       MODEL: time step-loop ending,   current time:    0  1  1  0  2  0   0
20221025 093533.822 INFO             PET2       <<<MODEL: leaving Run (phase=RunPhase1) with current time:    0  1  1  0  2  0   0
20221025 093533.822 INFO             PET2     MODEL: Run extro.
20221025 093533.822 INFO             PET2     driver: RunSequence event loopLevel=   1  levelMember=   1  loopIteration=   5, current time:    0  1  1  0  2  0   0
20221025 093533.822 INFO             PET2     MODEL: Run intro.
20221025 093533.822 INFO             PET2       >>>MODEL: entered Run (phase=RunPhase1) with current time:    0  1  1  0  2  0   0
20221025 093533.822 INFO             PET2       MODEL: time step-loop starting, current time:    0  1  1  0  2  0   0
20221025 093533.822 INFO             PET2       thread_num=   2   currentSsiPe=  46   num_threads=   3   max_threads=   3   num_procs=  64
20221025 093533.822 INFO             PET2       thread_num=   1   currentSsiPe=   1   num_threads=   3   max_threads=   3   num_procs=  64
20221025 093533.822 INFO             PET2       thread_num=   0   currentSsiPe=  31   num_threads=   3   max_threads=   3   num_procs=  64
20221025 093533.822 INFO             PET2       ---->Advancing Model from:    0  1  1  0  2  0   0
20221025 093533.822 INFO             PET2       ---------------------> to:    0  1  1  0  2 30   0
20221025 093533.822 INFO             PET2       MODEL: time step-loop ending,   current time:    0  1  1  0  2 30   0
20221025 093533.823 INFO             PET2       <<<MODEL: leaving Run (phase=RunPhase1) with current time:    0  1  1  0  2 30   0
20221025 093533.823 INFO             PET2     MODEL: Run extro.
20221025 093533.823 INFO             PET2   driver: end <--------- RunSequence
20221025 093533.823 INFO             PET2   <<<driver - leaving Run with current time:    0  1  1  0  2 30   0
20221025 093533.823 INFO             PET2 driver: Run extro.
20221025 093533.823 INFO             PET2 driver: Finalize intro.
20221025 093533.823 INFO             PET2   Calling Finalize phase 1 for modelComp: MODEL
20221025 093533.823 INFO             PET2   MODEL: Finalize intro.
20221025 093533.823 INFO             PET2     >>>MODEL: entered Finalize (phase=FinalizePhase1) with current time:    0  1  1  0  2 30   0
20221025 093533.823 INFO             PET2     <<<MODEL: leaving Finalize (phase=FinalizePhase1) with current time:    0  1  1  0  2 30   0
20221025 093533.823 INFO             PET2   MODEL: Finalize extro.
20221025 093533.823 INFO             PET2   Delete modelComp: MODEL
20221025 093533.823 INFO             PET2   Delete Import-/Export State for modelComp: MODEL
20221025 093533.823 INFO             PET2 driver: Finalize extro.
20221025 093533.823 INFO             PET2 mainApp FINISHED
20221025 093533.823 INFO             PET2 Finalizing ESMF
20221025 093533.792 INFO             PET3 !!!!!!!!!!!!!!!!!!!!!!!!!!!!!!!!!!!!!!!!!!!!!!!!!!!!!!
20221025 093533.792 INFO             PET3 !!! THE ESMF_LOG IS SET TO OUTPUT ALL LOG MESSAGES !!!
20221025 093533.792 INFO             PET3 !!!     THIS MAY CAUSE SLOWDOWN IN PERFORMANCE     !!!
20221025 093533.792 INFO             PET3 !!! FOR PRODUCTION RUNS, USE:                      !!!
20221025 093533.792 INFO             PET3 !!!                   ESMF_LOGKIND_Multi_On_Error  !!!
20221025 093533.792 INFO             PET3 !!!!!!!!!!!!!!!!!!!!!!!!!!!!!!!!!!!!!!!!!!!!!!!!!!!!!!
20221025 093533.792 INFO             PET3 Running with ESMF Version   : v8.4.0
20221025 093533.792 INFO             PET3 ESMF library build date/time: "Oct 25 2022" "03:08:39"
20221025 093533.792 INFO             PET3 ESMF library build location : /global/cscratch1/sd/theurich/ESMF-Nightly-Testing/intel_19.1.2_mpi_g_v8.4.0/esmf
20221025 093533.792 INFO             PET3 ESMF_COMM                   : mpi
20221025 093533.794 INFO             PET3 ESMF_MOAB                   : enabled
20221025 093533.794 INFO             PET3 ESMF_LAPACK                 : enabled
20221025 093533.794 INFO             PET3 ESMF_NETCDF                 : enabled
20221025 093533.794 INFO             PET3 ESMF_PNETCDF                : disabled
20221025 093533.794 INFO             PET3 ESMF_PIO                    : enabled
20221025 093533.794 INFO             PET3 ESMF_YAMLCPP                : enabled
20221025 093533.794 INFO             PET3 mainApp STARTING
20221025 093533.798 INFO             PET3 driver: InitializeGeneric intro.
20221025 093533.798 INFO             PET3   driver: InitializeP0 intro.
20221025 093533.798 INFO             PET3   driver: InitializeP0 extro.
20221025 093533.798 INFO             PET3   driver: InitializeIPDv02p1 intro.
20221025 093533.798 INFO             PET3     >>>driver: entered Initialize (phase=<none>) without valid internal Clock.
20221025 093533.798 INFO             PET3     driver - Creating model component MODEL without petList.
20221025 093533.799 INFO             PET3      GridCompIsPetLocal:  T
20221025 093533.799 INFO             PET3      VmIsCreated:  T
20221025 093533.799 INFO             PET3      valid MPI_COMM with size=           4
20221025 093533.799 INFO             PET3     driver - Creating state: modelComp 1 Import State
20221025 093533.799 INFO             PET3     driver - Creating state: modelComp 1 Export State
20221025 093533.800 INFO             PET3     MODEL: InitializeP0 intro.
20221025 093533.800 INFO             PET3       >>>MODEL: entered Initialize (phase=<none>) without valid internal Clock.
20221025 093533.800 INFO             PET3       <<<MODEL: leaving Initialize (phase=<none>) without valid internal Clock.
20221025 093533.800 INFO             PET3     MODEL: InitializeP0 extro.
20221025 093533.801 INFO             PET3     driver: IInitAdvertise intro.
20221025 093533.801 INFO             PET3     driver: IInitAdvertise extro.
20221025 093533.801 INFO             PET3     MODEL: InitializeIPDvXp01 intro.
20221025 093533.801 INFO             PET3       >>>MODEL: entered Initialize (phase=IPDvXp01) without valid internal Clock.
20221025 093533.803 INFO             PET3       <<<MODEL: leaving Initialize (phase=IPDvXp01) without valid internal Clock.
20221025 093533.803 INFO             PET3     MODEL: InitializeIPDvXp01 extro.
20221025 093533.803 INFO             PET3     driver: IInitAdvertiseFinish intro.
20221025 093533.803 INFO             PET3     driver: IInitAdvertiseFinish extro.
20221025 093533.803 INFO             PET3     driver: IInitModifyCplLists intro.
20221025 093533.803 INFO             PET3     driver: IInitModifyCplLists extro.
20221025 093533.803 INFO             PET3     <<<driver: leaving Initialize (phase=<none>) with current time:    0  1  1  0  0  0   0
20221025 093533.803 INFO             PET3   driver: InitializeIPDv02p1 extro.
20221025 093533.803 INFO             PET3   driver: InitializeIPDv02p3 intro.
20221025 093533.803 INFO             PET3     >>>driver: entered Initialize (phase=<none>) with current time:    0  1  1  0  0  0   0
20221025 093533.804 INFO             PET3     driver: IInitCheck intro.
20221025 093533.804 INFO             PET3     driver: IInitCheck extro.
20221025 093533.804 INFO             PET3     MODEL: InitializeIPDvXp04 intro.
20221025 093533.804 INFO             PET3       >>>MODEL: entered Initialize (phase=IPDvXp04) without valid internal Clock.
20221025 093533.807 INFO             PET3       After Realize: - MemInfo: [/proc/meminfo - SSI]	MemTotal:       131890088 kB
20221025 093533.807 INFO             PET3       After Realize: - MemInfo: [/proc/meminfo - SSI]	MemFree:        124107468 kB
20221025 093533.807 INFO             PET3       After Realize: - MemInfo: [/proc/meminfo - SSI]	MemAvailable:   124047488 kB
20221025 093533.807 INFO             PET3       After Realize: - MemInfo: [/proc/meminfo - SSI]	Committed_AS:    6185056 kB
20221025 093533.807 INFO             PET3       After Realize: - MemInfo: [/proc/meminfo - SSI]	CommittedPercent: 4.68955 %
20221025 093533.807 INFO             PET3       After Realize: - MemInfo: [/proc/self/status]	VmPeak:	  269384 kB
20221025 093533.807 INFO             PET3       After Realize: - MemInfo: [/proc/self/status]	VmSize:	  269384 kB
20221025 093533.807 INFO             PET3       After Realize: - MemInfo: [/proc/self/status]	VmLck:	       0 kB
20221025 093533.807 INFO             PET3       After Realize: - MemInfo: [/proc/self/status]	VmPin:	       0 kB
20221025 093533.807 INFO             PET3       After Realize: - MemInfo: [/proc/self/status]	VmHWM:	   48596 kB
20221025 093533.807 INFO             PET3       After Realize: - MemInfo: [/proc/self/status]	VmRSS:	   48596 kB
20221025 093533.807 INFO             PET3       After Realize: - MemInfo: [/proc/self/status]	VmData:	   34404 kB
20221025 093533.807 INFO             PET3       After Realize: - MemInfo: [/proc/self/status]	VmStk:	     520 kB
20221025 093533.807 INFO             PET3       After Realize: - MemInfo: [/proc/self/status]	VmExe:	    1792 kB
20221025 093533.807 INFO             PET3       After Realize: - MemInfo: [/proc/self/status]	VmLib:	  135644 kB
20221025 093533.808 INFO             PET3       After Realize: - MemInfo: [/proc/self/status]	VmPTE:	     432 kB
20221025 093533.808 INFO             PET3       After Realize: - MemInfo: [/proc/self/status]	VmSwap:	       0 kB
20221025 093533.808 INFO             PET3       After Realize: - MemInfo: [/proc/self/status]	VmRSSPercent: 0.0368458 %
20221025 093533.808 INFO             PET3       After Realize: - MemInfo: [malloc] Non-mmapped space allocated:              -537661440 Byte
20221025 093533.808 INFO             PET3       After Realize: - MemInfo: [malloc] Space allocated in mmapped regions:                0 Byte
20221025 093533.808 INFO             PET3       After Realize: - MemInfo: [malloc] Maximum total allocated space:                     0 Byte
20221025 093533.808 INFO             PET3       After Realize: - MemInfo: [malloc] Space in freed fastbin blocks:                   352 Byte
20221025 093533.808 INFO             PET3       After Realize: - MemInfo: [malloc] Total allocated space:                    -538628992 Byte
20221025 093533.808 INFO             PET3       After Realize: - MemInfo: [malloc] Total free space:                             967552 Byte
20221025 093533.808 INFO             PET3       After Realize: - MemInfo: [malloc] Top-most, releasable space:                   967200 Byte
20221025 093533.808 INFO             PET3       After Realize: - MemInfo: [malloc] Total space in use, mmap + non-mmap:               0 Byte
20221025 093533.808 INFO             PET3       After Realize: - MemInfo: [malloc] Total space held (mmap + non-mmap):       3757305856 Byte
20221025 093533.808 INFO             PET3       After Realize: - MemInfo: [malloc] Total space used (mmap + non-mmap):       3756347104 Byte
20221025 093533.808 INFO             PET3       After Realize: - MemInfo: Wall-clock time since execution start:               0.031882 seconds
20221025 093533.808 INFO             PET3       <<<MODEL: leaving Initialize (phase=IPDvXp04) without valid internal Clock.
20221025 093533.808 INFO             PET3     MODEL: InitializeIPDvXp04 extro.
20221025 093533.808 INFO             PET3     driver: IInitRealize intro.
20221025 093533.808 INFO             PET3     driver: IInitRealize extro.
20221025 093533.808 INFO             PET3     MODEL: InitializeIPDvXp07 intro.
20221025 093533.808 INFO             PET3       >>>MODEL: entered Initialize (phase=IPDvXp07) without valid internal Clock.
20221025 093533.809 INFO             PET3       <<<MODEL: leaving Initialize (phase=IPDvXp07) with current time:    0  1  1  0  0  0   0
20221025 093533.809 INFO             PET3     MODEL: InitializeIPDvXp07 extro.
20221025 093533.809 INFO             PET3     <<<driver: leaving Initialize (phase=<none>) with current time:    0  1  1  0  0  0   0
20221025 093533.809 INFO             PET3   driver: InitializeIPDv02p3 extro.
20221025 093533.809 INFO             PET3   driver: InitializeIPDv02p5 intro.
20221025 093533.809 INFO             PET3     >>>driver: entered Initialize (phase=<none>) with current time:    0  1  1  0  0  0   0
20221025 093533.809 INFO             PET3     driver: this is a top level driver, no 'Updated' and 'InitializeDataComplete' info on this level.
20221025 093533.809 INFO             PET3     driver: InitializeIPDv02p5Data intro.
20221025 093533.809 INFO             PET3       driver: InternalInitializeComplete intro.
20221025 093533.809 INFO             PET3         driver: InitializeDataComplete='true'
20221025 093533.809 INFO             PET3       driver: InternalInitializeComplete extro.
20221025 093533.809 INFO             PET3       MODEL: InitializeIPDvXp08 intro.
20221025 093533.809 INFO             PET3         >>>MODEL: entered Initialize (phase=IPDv05p8) with current time:    0  1  1  0  0  0   0
20221025 093533.810 INFO             PET3         MODEL: InitializeDataProgress='false', InitializeDataComplete='false'
20221025 093533.810 INFO             PET3         <<<MODEL: leaving Initialize (phase=IPDv05p8) with current time:    0  1  1  0  0  0   0
20221025 093533.810 INFO             PET3       MODEL: InitializeIPDvXp08 extro.
20221025 093533.810 INFO             PET3       driver: components present that trigger loopDataDependentInitialize().
20221025 093533.810 INFO             PET3       driver: loopDataDependentInitialize intro.
20221025 093533.810 INFO             PET3         driver: component    0=driver, dataComplete (local): true
20221025 093533.810 INFO             PET3         driver: component    0=driver, dataComplete (global):  T
20221025 093533.810 INFO             PET3         driver: component    1=MODEL, dataComplete (local): false
20221025 093533.810 INFO             PET3         driver: component    1=MODEL, dataComplete (global):  F
20221025 093533.810 INFO             PET3         MODEL: InitializeIPDvXp08 intro.
20221025 093533.810 INFO             PET3           >>>MODEL: entered Initialize (phase=IPDv05p8) with current time:    0  1  1  0  0  0   0
20221025 093533.810 INFO             PET3           MODEL: InitializeDataProgress='true', InitializeDataComplete='true'
20221025 093533.810 INFO             PET3           <<<MODEL: leaving Initialize (phase=IPDv05p8) with current time:    0  1  1  0  0  0   0
20221025 093533.810 INFO             PET3         MODEL: InitializeIPDvXp08 extro.
20221025 093533.811 INFO             PET3         driver: component    1=MODEL, someProgress (local): true
20221025 093533.811 INFO             PET3         driver: component    1=MODEL, someProgress (global):  T
20221025 093533.811 INFO             PET3         driver: someProgress= T, allComplete= F, present(dataDepAllComplete)= T
20221025 093533.811 INFO             PET3         driver: component    0=driver, dataComplete (local): true
20221025 093533.811 INFO             PET3         driver: component    0=driver, dataComplete (global):  T
20221025 093533.811 INFO             PET3         driver: component    1=MODEL, dataComplete (local): true
20221025 093533.811 INFO             PET3         driver: component    1=MODEL, dataComplete (global):  T
20221025 093533.811 INFO             PET3         driver: someProgress= F, allComplete= T, present(dataDepAllComplete)= T
20221025 093533.811 INFO             PET3         driver: finished resolving initialize data dependencies on this level.
20221025 093533.811 INFO             PET3       driver: loopDataDependentInitialize extro.
20221025 093533.811 INFO             PET3       driver: loopDataDependentInitialize() returned with dataDepAllComplete:  T
20221025 093533.811 INFO             PET3     driver: InitializeIPDv02p5Data extro.
20221025 093533.811 INFO             PET3     <<<driver: leaving Initialize (phase=<none>) with current time:    0  1  1  0  0  0   0
20221025 093533.811 INFO             PET3   driver: InitializeIPDv02p5 extro.
20221025 093533.811 INFO             PET3 driver: InitializeGeneric extro.
20221025 093533.811 INFO             PET3 driver: Run intro.
20221025 093533.811 INFO             PET3   >>>driver entered Run (phase=RunPhase1) with current time:    0  1  1  0  0  0   0
20221025 093533.811 INFO             PET3   driver: after lable_SetRunClock, current time:    0  1  1  0  0  0   0
20221025 093533.811 INFO             PET3   driver: begin -------> RunSequence.
20221025 093533.811 INFO             PET3     driver: RunSequence event loopLevel=   1  levelMember=   1  loopIteration=   1, current time:    0  1  1  0  0  0   0
20221025 093533.811 INFO             PET3     MODEL: Run intro.
20221025 093533.814 INFO             PET3       >>>MODEL: entered Run (phase=RunPhase1) with current time:    0  1  1  0  0  0   0
20221025 093533.815 INFO             PET3       MODEL: time step-loop starting, current time:    0  1  1  0  0  0   0
20221025 093533.819 INFO             PET3       thread_num=   0   currentSsiPe=  63   num_threads=   3   max_threads=   3   num_procs=  64
20221025 093533.819 INFO             PET3       thread_num=   1   currentSsiPe=  47   num_threads=   3   max_threads=   3   num_procs=  64
20221025 093533.819 INFO             PET3       thread_num=   2   currentSsiPe=  45   num_threads=   3   max_threads=   3   num_procs=  64
20221025 093533.819 INFO             PET3       ---->Advancing Model from:    0  1  1  0  0  0   0
20221025 093533.819 INFO             PET3       ---------------------> to:    0  1  1  0  0 30   0
20221025 093533.819 INFO             PET3       MODEL: time step-loop ending,   current time:    0  1  1  0  0 30   0
20221025 093533.819 INFO             PET3       <<<MODEL: leaving Run (phase=RunPhase1) with current time:    0  1  1  0  0 30   0
20221025 093533.819 INFO             PET3     MODEL: Run extro.
20221025 093533.819 INFO             PET3     driver: RunSequence event loopLevel=   1  levelMember=   1  loopIteration=   2, current time:    0  1  1  0  0 30   0
20221025 093533.819 INFO             PET3     MODEL: Run intro.
20221025 093533.819 INFO             PET3       >>>MODEL: entered Run (phase=RunPhase1) with current time:    0  1  1  0  0 30   0
20221025 093533.820 INFO             PET3       MODEL: time step-loop starting, current time:    0  1  1  0  0 30   0
20221025 093533.820 INFO             PET3       thread_num=   2   currentSsiPe=  45   num_threads=   3   max_threads=   3   num_procs=  64
20221025 093533.820 INFO             PET3       thread_num=   1   currentSsiPe=  47   num_threads=   3   max_threads=   3   num_procs=  64
20221025 093533.820 INFO             PET3       thread_num=   0   currentSsiPe=  63   num_threads=   3   max_threads=   3   num_procs=  64
20221025 093533.820 INFO             PET3       ---->Advancing Model from:    0  1  1  0  0 30   0
20221025 093533.820 INFO             PET3       ---------------------> to:    0  1  1  0  1  0   0
20221025 093533.820 INFO             PET3       MODEL: time step-loop ending,   current time:    0  1  1  0  1  0   0
20221025 093533.820 INFO             PET3       <<<MODEL: leaving Run (phase=RunPhase1) with current time:    0  1  1  0  1  0   0
20221025 093533.820 INFO             PET3     MODEL: Run extro.
20221025 093533.820 INFO             PET3     driver: RunSequence event loopLevel=   1  levelMember=   1  loopIteration=   3, current time:    0  1  1  0  1  0   0
20221025 093533.820 INFO             PET3     MODEL: Run intro.
20221025 093533.820 INFO             PET3       >>>MODEL: entered Run (phase=RunPhase1) with current time:    0  1  1  0  1  0   0
20221025 093533.820 INFO             PET3       MODEL: time step-loop starting, current time:    0  1  1  0  1  0   0
20221025 093533.820 INFO             PET3       thread_num=   2   currentSsiPe=  45   num_threads=   3   max_threads=   3   num_procs=  64
20221025 093533.820 INFO             PET3       thread_num=   1   currentSsiPe=  47   num_threads=   3   max_threads=   3   num_procs=  64
20221025 093533.820 INFO             PET3       thread_num=   0   currentSsiPe=  63   num_threads=   3   max_threads=   3   num_procs=  64
20221025 093533.820 INFO             PET3       ---->Advancing Model from:    0  1  1  0  1  0   0
20221025 093533.820 INFO             PET3       ---------------------> to:    0  1  1  0  1 30   0
20221025 093533.820 INFO             PET3       MODEL: time step-loop ending,   current time:    0  1  1  0  1 30   0
20221025 093533.820 INFO             PET3       <<<MODEL: leaving Run (phase=RunPhase1) with current time:    0  1  1  0  1 30   0
20221025 093533.820 INFO             PET3     MODEL: Run extro.
20221025 093533.820 INFO             PET3     driver: RunSequence event loopLevel=   1  levelMember=   1  loopIteration=   4, current time:    0  1  1  0  1 30   0
20221025 093533.821 INFO             PET3     MODEL: Run intro.
20221025 093533.821 INFO             PET3       >>>MODEL: entered Run (phase=RunPhase1) with current time:    0  1  1  0  1 30   0
20221025 093533.821 INFO             PET3       MODEL: time step-loop starting, current time:    0  1  1  0  1 30   0
20221025 093533.821 INFO             PET3       thread_num=   2   currentSsiPe=  45   num_threads=   3   max_threads=   3   num_procs=  64
20221025 093533.821 INFO             PET3       thread_num=   1   currentSsiPe=  47   num_threads=   3   max_threads=   3   num_procs=  64
20221025 093533.821 INFO             PET3       thread_num=   0   currentSsiPe=  63   num_threads=   3   max_threads=   3   num_procs=  64
20221025 093533.821 INFO             PET3       ---->Advancing Model from:    0  1  1  0  1 30   0
20221025 093533.821 INFO             PET3       ---------------------> to:    0  1  1  0  2  0   0
20221025 093533.821 INFO             PET3       MODEL: time step-loop ending,   current time:    0  1  1  0  2  0   0
20221025 093533.821 INFO             PET3       <<<MODEL: leaving Run (phase=RunPhase1) with current time:    0  1  1  0  2  0   0
20221025 093533.821 INFO             PET3     MODEL: Run extro.
20221025 093533.821 INFO             PET3     driver: RunSequence event loopLevel=   1  levelMember=   1  loopIteration=   5, current time:    0  1  1  0  2  0   0
20221025 093533.821 INFO             PET3     MODEL: Run intro.
20221025 093533.821 INFO             PET3       >>>MODEL: entered Run (phase=RunPhase1) with current time:    0  1  1  0  2  0   0
20221025 093533.822 INFO             PET3       MODEL: time step-loop starting, current time:    0  1  1  0  2  0   0
20221025 093533.822 INFO             PET3       thread_num=   2   currentSsiPe=  45   num_threads=   3   max_threads=   3   num_procs=  64
20221025 093533.822 INFO             PET3       thread_num=   1   currentSsiPe=  47   num_threads=   3   max_threads=   3   num_procs=  64
20221025 093533.822 INFO             PET3       thread_num=   0   currentSsiPe=  63   num_threads=   3   max_threads=   3   num_procs=  64
20221025 093533.822 INFO             PET3       ---->Advancing Model from:    0  1  1  0  2  0   0
20221025 093533.822 INFO             PET3       ---------------------> to:    0  1  1  0  2 30   0
20221025 093533.822 INFO             PET3       MODEL: time step-loop ending,   current time:    0  1  1  0  2 30   0
20221025 093533.822 INFO             PET3       <<<MODEL: leaving Run (phase=RunPhase1) with current time:    0  1  1  0  2 30   0
20221025 093533.822 INFO             PET3     MODEL: Run extro.
20221025 093533.822 INFO             PET3   driver: end <--------- RunSequence
20221025 093533.822 INFO             PET3   <<<driver - leaving Run with current time:    0  1  1  0  2 30   0
20221025 093533.822 INFO             PET3 driver: Run extro.
20221025 093533.822 INFO             PET3 driver: Finalize intro.
20221025 093533.822 INFO             PET3   Calling Finalize phase 1 for modelComp: MODEL
20221025 093533.822 INFO             PET3   MODEL: Finalize intro.
20221025 093533.822 INFO             PET3     >>>MODEL: entered Finalize (phase=FinalizePhase1) with current time:    0  1  1  0  2 30   0
20221025 093533.822 INFO             PET3     <<<MODEL: leaving Finalize (phase=FinalizePhase1) with current time:    0  1  1  0  2 30   0
20221025 093533.822 INFO             PET3   MODEL: Finalize extro.
20221025 093533.822 INFO             PET3   Delete modelComp: MODEL
20221025 093533.822 INFO             PET3   Delete Import-/Export State for modelComp: MODEL
20221025 093533.822 INFO             PET3 driver: Finalize extro.
20221025 093533.822 INFO             PET3 mainApp FINISHED
20221025 093533.822 INFO             PET3 Finalizing ESMF
