2022-10-01 08:51:25
20221001 102444.149 INFO             PET0 !!!!!!!!!!!!!!!!!!!!!!!!!!!!!!!!!!!!!!!!!!!!!!!!!!!!!!
20221001 102444.149 INFO             PET0 !!! THE ESMF_LOG IS SET TO OUTPUT ALL LOG MESSAGES !!!
20221001 102444.149 INFO             PET0 !!!     THIS MAY CAUSE SLOWDOWN IN PERFORMANCE     !!!
20221001 102444.149 INFO             PET0 !!! FOR PRODUCTION RUNS, USE:                      !!!
20221001 102444.149 INFO             PET0 !!!                   ESMF_LOGKIND_Multi_On_Error  !!!
20221001 102444.149 INFO             PET0 !!!!!!!!!!!!!!!!!!!!!!!!!!!!!!!!!!!!!!!!!!!!!!!!!!!!!!
20221001 102444.149 INFO             PET0 Running with ESMF Version   : v8.4.0b15-7-gae8efd6d7f
20221001 102444.149 INFO             PET0 ESMF library build date/time: "Oct  1 2022" "08:48:08"
20221001 102444.149 INFO             PET0 ESMF library build location : /glade/scratch/dunlap/esmf-testing/nvhpc_22.2_mpt_g_develop/esmf
20221001 102444.149 INFO             PET0 ESMF_COMM                   : mpt
20221001 102444.149 INFO             PET0 ESMF_MOAB                   : enabled
20221001 102444.149 INFO             PET0 ESMF_LAPACK                 : enabled
20221001 102444.149 INFO             PET0 ESMF_NETCDF                 : enabled
20221001 102444.149 INFO             PET0 ESMF_PNETCDF                : disabled
20221001 102444.149 INFO             PET0 ESMF_PIO                    : enabled
20221001 102444.149 INFO             PET0 ESMF_YAMLCPP                : enabled
20221001 102444.149 INFO             PET0 mainApp STARTING
20221001 102444.156 INFO             PET0 advection diffusion driver: InitializeGeneric intro.
20221001 102444.156 INFO             PET0   advection diffusion driver: InitializeP0 intro.
20221001 102444.156 INFO             PET0   advection diffusion driver: InitializeP0 extro.
20221001 102444.156 INFO             PET0   advection diffusion driver: InitializeIPDv02p1 intro.
20221001 102444.156 INFO             PET0     >>>advection diffusion driver: entered Initialize (phase=<none>) without valid internal Clock.
20221001 102444.156 INFO             PET0     advection diffusion driver - Creating model component advectDiff_Parent without petList.
20221001 102444.160 INFO             PET0     advection diffusion driver - Creating model component advectDiff_Nestling0 with petList of size 2 :
20221001 102444.160 INFO             PET0           0      1
20221001 102444.163 INFO             PET0     advection diffusion driver - Creating connector component advectDiff_Parent-TO-advectDiff_Nestling0 without petList.
20221001 102444.171 INFO             PET0     advection diffusion driver - Creating state: modelComp 1 Import State
20221001 102444.171 INFO             PET0     advection diffusion driver - Creating state: modelComp 1 Export State
20221001 102444.171 INFO             PET0     advection diffusion driver - Creating state: modelComp 2 Import State
20221001 102444.171 INFO             PET0     advection diffusion driver - Creating state: modelComp 2 Export State
20221001 102444.172 INFO             PET0     advectDiff_Parent: InitializeP0 intro.
20221001 102444.174 INFO             PET0     advectDiff_Parent: InitializeP0 extro.
20221001 102444.175 INFO             PET0     advectDiff_Nestling0: InitializeP0 intro.
20221001 102444.177 INFO             PET0     advectDiff_Nestling0: InitializeP0 extro.
20221001 102444.178 INFO             PET0     advectDiff_Parent-TO-advectDiff_Nestling0: InitializeP0 intro.
20221001 102444.179 INFO             PET0     advectDiff_Parent-TO-advectDiff_Nestling0: InitializeP0 extro.
20221001 102444.181 INFO             PET0     advection diffusion driver: IInitAdvertise intro.
20221001 102444.181 INFO             PET0     advection diffusion driver: IInitAdvertise extro.
20221001 102444.181 INFO             PET0     advectDiff_Parent: InitializeIPDvXp01 intro.
20221001 102444.182 INFO             PET0     advectDiff_Parent: InitializeIPDvXp01 extro.
20221001 102444.183 INFO             PET0     advectDiff_Nestling0: InitializeIPDvXp01 intro.
20221001 102444.186 INFO             PET0     advectDiff_Nestling0: InitializeIPDvXp01 extro.
20221001 102444.187 INFO             PET0     advectDiff_Parent-TO-advectDiff_Nestling0: InitializeIPDv05p1 intro.
20221001 102444.191 INFO             PET0     advectDiff_Parent-TO-advectDiff_Nestling0: InitializeIPDv05p1 extro.
20221001 102444.192 INFO             PET0     advection diffusion driver: IInitAdvertiseFinish intro.
20221001 102444.192 INFO             PET0     advection diffusion driver: IInitAdvertiseFinish extro.
20221001 102444.194 INFO             PET0     advectDiff_Parent-TO-advectDiff_Nestling0: InitializeIPDv05p2a intro.
20221001 102444.198 INFO             PET0     advectDiff_Parent-TO-advectDiff_Nestling0: InitializeIPDv05p2a extro.
20221001 102444.198 INFO             PET0     advectDiff_Parent-TO-advectDiff_Nestling0: InitializeIPDv05p2b intro.
20221001 102444.203 INFO             PET0     advectDiff_Parent-TO-advectDiff_Nestling0: InitializeIPDv05p2b extro.
20221001 102444.203 INFO             PET0     advection diffusion driver: IInitModifyCplLists intro.
20221001 102444.203 INFO             PET0     advection diffusion driver: IInitModifyCplLists extro.
20221001 102444.203 INFO             PET0     advectDiff_Parent-TO-advectDiff_Nestling0: InitializeIPDv05p3 intro.
20221001 102444.509 INFO             PET0     advectDiff_Parent-TO-advectDiff_Nestling0: InitializeIPDv05p3 extro.
20221001 102444.509 INFO             PET0     <<<advection diffusion driver: leaving Initialize (phase=<none>) with current time:    0  1  1  0  0  0   0
20221001 102444.509 INFO             PET0   advection diffusion driver: InitializeIPDv02p1 extro.
20221001 102444.509 INFO             PET0   advection diffusion driver: InitializeIPDv02p3 intro.
20221001 102444.509 INFO             PET0     >>>advection diffusion driver: entered Initialize (phase=<none>) with current time:    0  1  1  0  0  0   0
20221001 102444.509 INFO             PET0     advection diffusion driver: IInitCheck intro.
20221001 102444.509 INFO             PET0     advection diffusion driver: IInitCheck extro.
20221001 102444.509 INFO             PET0     advectDiff_Parent: InitializeIPDvXp04 intro.
20221001 102444.517 INFO             PET0     advectDiff_Parent: InitializeIPDvXp04 extro.
20221001 102444.518 INFO             PET0     advectDiff_Nestling0: InitializeIPDvXp04 intro.
20221001 102444.527 INFO             PET0     advectDiff_Nestling0: InitializeIPDvXp04 extro.
20221001 102444.528 INFO             PET0     advectDiff_Parent-TO-advectDiff_Nestling0: InitializeIPDv05p4 intro.
20221001 102444.534 INFO             PET0     advectDiff_Parent-TO-advectDiff_Nestling0: InitializeIPDv05p4 extro.
20221001 102444.149 INFO             PET1 !!!!!!!!!!!!!!!!!!!!!!!!!!!!!!!!!!!!!!!!!!!!!!!!!!!!!!
20221001 102444.149 INFO             PET1 !!! THE ESMF_LOG IS SET TO OUTPUT ALL LOG MESSAGES !!!
20221001 102444.149 INFO             PET1 !!!     THIS MAY CAUSE SLOWDOWN IN PERFORMANCE     !!!
20221001 102444.149 INFO             PET1 !!! FOR PRODUCTION RUNS, USE:                      !!!
20221001 102444.149 INFO             PET1 !!!                   ESMF_LOGKIND_Multi_On_Error  !!!
20221001 102444.149 INFO             PET1 !!!!!!!!!!!!!!!!!!!!!!!!!!!!!!!!!!!!!!!!!!!!!!!!!!!!!!
20221001 102444.149 INFO             PET1 Running with ESMF Version   : v8.4.0b15-7-gae8efd6d7f
20221001 102444.149 INFO             PET1 ESMF library build date/time: "Oct  1 2022" "08:48:08"
20221001 102444.149 INFO             PET1 ESMF library build location : /glade/scratch/dunlap/esmf-testing/nvhpc_22.2_mpt_g_develop/esmf
20221001 102444.149 INFO             PET1 ESMF_COMM                   : mpt
20221001 102444.149 INFO             PET1 ESMF_MOAB                   : enabled
20221001 102444.149 INFO             PET1 ESMF_LAPACK                 : enabled
20221001 102444.149 INFO             PET1 ESMF_NETCDF                 : enabled
20221001 102444.149 INFO             PET1 ESMF_PNETCDF                : disabled
20221001 102444.149 INFO             PET1 ESMF_PIO                    : enabled
20221001 102444.149 INFO             PET1 ESMF_YAMLCPP                : enabled
20221001 102444.149 INFO             PET1 mainApp STARTING
20221001 102444.156 INFO             PET1 advection diffusion driver: InitializeGeneric intro.
20221001 102444.156 INFO             PET1   advection diffusion driver: InitializeP0 intro.
20221001 102444.156 INFO             PET1   advection diffusion driver: InitializeP0 extro.
20221001 102444.156 INFO             PET1   advection diffusion driver: InitializeIPDv02p1 intro.
20221001 102444.156 INFO             PET1     >>>advection diffusion driver: entered Initialize (phase=<none>) without valid internal Clock.
20221001 102444.156 INFO             PET1     advection diffusion driver - Creating model component advectDiff_Parent without petList.
20221001 102444.160 INFO             PET1     advection diffusion driver - Creating model component advectDiff_Nestling0 with petList of size 2 :
20221001 102444.160 INFO             PET1           0      1
20221001 102444.163 INFO             PET1     advection diffusion driver - Creating connector component advectDiff_Parent-TO-advectDiff_Nestling0 without petList.
20221001 102444.171 INFO             PET1     advection diffusion driver - Creating state: modelComp 1 Import State
20221001 102444.171 INFO             PET1     advection diffusion driver - Creating state: modelComp 1 Export State
20221001 102444.171 INFO             PET1     advection diffusion driver - Creating state: modelComp 2 Import State
20221001 102444.171 INFO             PET1     advection diffusion driver - Creating state: modelComp 2 Export State
20221001 102444.172 INFO             PET1     advectDiff_Parent: InitializeP0 intro.
20221001 102444.174 INFO             PET1     advectDiff_Parent: InitializeP0 extro.
20221001 102444.176 INFO             PET1     advectDiff_Nestling0: InitializeP0 intro.
20221001 102444.177 INFO             PET1     advectDiff_Nestling0: InitializeP0 extro.
20221001 102444.178 INFO             PET1     advectDiff_Parent-TO-advectDiff_Nestling0: InitializeP0 intro.
20221001 102444.179 INFO             PET1     advectDiff_Parent-TO-advectDiff_Nestling0: InitializeP0 extro.
20221001 102444.181 INFO             PET1     advection diffusion driver: IInitAdvertise intro.
20221001 102444.181 INFO             PET1     advection diffusion driver: IInitAdvertise extro.
20221001 102444.181 INFO             PET1     advectDiff_Parent: InitializeIPDvXp01 intro.
20221001 102444.182 INFO             PET1     advectDiff_Parent: InitializeIPDvXp01 extro.
20221001 102444.183 INFO             PET1     advectDiff_Nestling0: InitializeIPDvXp01 intro.
20221001 102444.186 INFO             PET1     advectDiff_Nestling0: InitializeIPDvXp01 extro.
20221001 102444.187 INFO             PET1     advectDiff_Parent-TO-advectDiff_Nestling0: InitializeIPDv05p1 intro.
20221001 102444.191 INFO             PET1     advectDiff_Parent-TO-advectDiff_Nestling0: InitializeIPDv05p1 extro.
20221001 102444.192 INFO             PET1     advection diffusion driver: IInitAdvertiseFinish intro.
20221001 102444.192 INFO             PET1     advection diffusion driver: IInitAdvertiseFinish extro.
20221001 102444.194 INFO             PET1     advectDiff_Parent-TO-advectDiff_Nestling0: InitializeIPDv05p2a intro.
20221001 102444.198 INFO             PET1     advectDiff_Parent-TO-advectDiff_Nestling0: InitializeIPDv05p2a extro.
20221001 102444.198 INFO             PET1     advectDiff_Parent-TO-advectDiff_Nestling0: InitializeIPDv05p2b intro.
20221001 102444.203 INFO             PET1     advectDiff_Parent-TO-advectDiff_Nestling0: InitializeIPDv05p2b extro.
20221001 102444.203 INFO             PET1     advection diffusion driver: IInitModifyCplLists intro.
20221001 102444.203 INFO             PET1     advection diffusion driver: IInitModifyCplLists extro.
20221001 102444.203 INFO             PET1     advectDiff_Parent-TO-advectDiff_Nestling0: InitializeIPDv05p3 intro.
20221001 102444.509 INFO             PET1     advectDiff_Parent-TO-advectDiff_Nestling0: InitializeIPDv05p3 extro.
20221001 102444.509 INFO             PET1     <<<advection diffusion driver: leaving Initialize (phase=<none>) with current time:    0  1  1  0  0  0   0
20221001 102444.509 INFO             PET1   advection diffusion driver: InitializeIPDv02p1 extro.
20221001 102444.509 INFO             PET1   advection diffusion driver: InitializeIPDv02p3 intro.
20221001 102444.509 INFO             PET1     >>>advection diffusion driver: entered Initialize (phase=<none>) with current time:    0  1  1  0  0  0   0
20221001 102444.509 INFO             PET1     advection diffusion driver: IInitCheck intro.
20221001 102444.509 INFO             PET1     advection diffusion driver: IInitCheck extro.
20221001 102444.509 INFO             PET1     advectDiff_Parent: InitializeIPDvXp04 intro.
20221001 102444.517 INFO             PET1     advectDiff_Parent: InitializeIPDvXp04 extro.
20221001 102444.518 INFO             PET1     advectDiff_Nestling0: InitializeIPDvXp04 intro.
20221001 102444.527 INFO             PET1     advectDiff_Nestling0: InitializeIPDvXp04 extro.
20221001 102444.528 INFO             PET1     advectDiff_Parent-TO-advectDiff_Nestling0: InitializeIPDv05p4 intro.
20221001 102444.534 INFO             PET1     advectDiff_Parent-TO-advectDiff_Nestling0: InitializeIPDv05p4 extro.
20221001 102444.149 INFO             PET2 !!!!!!!!!!!!!!!!!!!!!!!!!!!!!!!!!!!!!!!!!!!!!!!!!!!!!!
20221001 102444.149 INFO             PET2 !!! THE ESMF_LOG IS SET TO OUTPUT ALL LOG MESSAGES !!!
20221001 102444.149 INFO             PET2 !!!     THIS MAY CAUSE SLOWDOWN IN PERFORMANCE     !!!
20221001 102444.149 INFO             PET2 !!! FOR PRODUCTION RUNS, USE:                      !!!
20221001 102444.149 INFO             PET2 !!!                   ESMF_LOGKIND_Multi_On_Error  !!!
20221001 102444.149 INFO             PET2 !!!!!!!!!!!!!!!!!!!!!!!!!!!!!!!!!!!!!!!!!!!!!!!!!!!!!!
20221001 102444.149 INFO             PET2 Running with ESMF Version   : v8.4.0b15-7-gae8efd6d7f
20221001 102444.149 INFO             PET2 ESMF library build date/time: "Oct  1 2022" "08:48:08"
20221001 102444.149 INFO             PET2 ESMF library build location : /glade/scratch/dunlap/esmf-testing/nvhpc_22.2_mpt_g_develop/esmf
20221001 102444.149 INFO             PET2 ESMF_COMM                   : mpt
20221001 102444.149 INFO             PET2 ESMF_MOAB                   : enabled
20221001 102444.149 INFO             PET2 ESMF_LAPACK                 : enabled
20221001 102444.149 INFO             PET2 ESMF_NETCDF                 : enabled
20221001 102444.149 INFO             PET2 ESMF_PNETCDF                : disabled
20221001 102444.149 INFO             PET2 ESMF_PIO                    : enabled
20221001 102444.149 INFO             PET2 ESMF_YAMLCPP                : enabled
20221001 102444.149 INFO             PET2 mainApp STARTING
20221001 102444.156 INFO             PET2 advection diffusion driver: InitializeGeneric intro.
20221001 102444.156 INFO             PET2   advection diffusion driver: InitializeP0 intro.
20221001 102444.156 INFO             PET2   advection diffusion driver: InitializeP0 extro.
20221001 102444.156 INFO             PET2   advection diffusion driver: InitializeIPDv02p1 intro.
20221001 102444.156 INFO             PET2     >>>advection diffusion driver: entered Initialize (phase=<none>) without valid internal Clock.
20221001 102444.156 INFO             PET2     advection diffusion driver - Creating model component advectDiff_Parent without petList.
20221001 102444.160 INFO             PET2     advection diffusion driver - Creating model component advectDiff_Nestling0 with petList of size 2 :
20221001 102444.160 INFO             PET2           0      1
20221001 102444.160 INFO             PET2     advection diffusion driver - Creating connector component advectDiff_Parent-TO-advectDiff_Nestling0 without petList.
20221001 102444.171 INFO             PET2     advection diffusion driver - Creating state: modelComp 1 Import State
20221001 102444.171 INFO             PET2     advection diffusion driver - Creating state: modelComp 1 Export State
20221001 102444.171 INFO             PET2     advection diffusion driver - Creating state: modelComp 2 Import State
20221001 102444.171 INFO             PET2     advection diffusion driver - Creating state: modelComp 2 Export State
20221001 102444.172 INFO             PET2     advectDiff_Parent: InitializeP0 intro.
20221001 102444.174 INFO             PET2     advectDiff_Parent: InitializeP0 extro.
20221001 102444.178 INFO             PET2     advectDiff_Parent-TO-advectDiff_Nestling0: InitializeP0 intro.
20221001 102444.179 INFO             PET2     advectDiff_Parent-TO-advectDiff_Nestling0: InitializeP0 extro.
20221001 102444.181 INFO             PET2     advection diffusion driver: IInitAdvertise intro.
20221001 102444.181 INFO             PET2     advection diffusion driver: IInitAdvertise extro.
20221001 102444.181 INFO             PET2     advectDiff_Parent: InitializeIPDvXp01 intro.
20221001 102444.182 INFO             PET2     advectDiff_Parent: InitializeIPDvXp01 extro.
20221001 102444.187 INFO             PET2     advectDiff_Parent-TO-advectDiff_Nestling0: InitializeIPDv05p1 intro.
20221001 102444.191 INFO             PET2     advectDiff_Parent-TO-advectDiff_Nestling0: InitializeIPDv05p1 extro.
20221001 102444.192 INFO             PET2     advection diffusion driver: IInitAdvertiseFinish intro.
20221001 102444.192 INFO             PET2     advection diffusion driver: IInitAdvertiseFinish extro.
20221001 102444.192 INFO             PET2     advectDiff_Parent-TO-advectDiff_Nestling0: InitializeIPDv05p2a intro.
20221001 102444.198 INFO             PET2     advectDiff_Parent-TO-advectDiff_Nestling0: InitializeIPDv05p2a extro.
20221001 102444.198 INFO             PET2     advectDiff_Parent-TO-advectDiff_Nestling0: InitializeIPDv05p2b intro.
20221001 102444.202 INFO             PET2     advectDiff_Parent-TO-advectDiff_Nestling0: InitializeIPDv05p2b extro.
20221001 102444.205 INFO             PET2     advection diffusion driver: IInitModifyCplLists intro.
20221001 102444.205 INFO             PET2     advection diffusion driver: IInitModifyCplLists extro.
20221001 102444.205 INFO             PET2     advectDiff_Parent-TO-advectDiff_Nestling0: InitializeIPDv05p3 intro.
20221001 102444.509 INFO             PET2     advectDiff_Parent-TO-advectDiff_Nestling0: InitializeIPDv05p3 extro.
20221001 102444.509 INFO             PET2     <<<advection diffusion driver: leaving Initialize (phase=<none>) with current time:    0  1  1  0  0  0   0
20221001 102444.509 INFO             PET2   advection diffusion driver: InitializeIPDv02p1 extro.
20221001 102444.509 INFO             PET2   advection diffusion driver: InitializeIPDv02p3 intro.
20221001 102444.509 INFO             PET2     >>>advection diffusion driver: entered Initialize (phase=<none>) with current time:    0  1  1  0  0  0   0
20221001 102444.509 INFO             PET2     advection diffusion driver: IInitCheck intro.
20221001 102444.509 INFO             PET2     advection diffusion driver: IInitCheck extro.
20221001 102444.509 INFO             PET2     advectDiff_Parent: InitializeIPDvXp04 intro.
20221001 102444.517 INFO             PET2     advectDiff_Parent: InitializeIPDvXp04 extro.
20221001 102444.528 INFO             PET2     advectDiff_Parent-TO-advectDiff_Nestling0: InitializeIPDv05p4 intro.
20221001 102444.534 INFO             PET2     advectDiff_Parent-TO-advectDiff_Nestling0: InitializeIPDv05p4 extro.
20221001 102444.534 INFO             PET2     advectDiff_Parent-TO-advectDiff_Nestling0: InitializeIPDv05p5 intro.
20221001 102444.540 INFO             PET2     advectDiff_Parent-TO-advectDiff_Nestling0: InitializeIPDv05p5 extro.
20221001 102444.540 INFO             PET2     advection diffusion driver: IInitRealize intro.
20221001 102444.540 INFO             PET2     advection diffusion driver: IInitRealize extro.
20221001 102444.541 INFO             PET2     advectDiff_Parent-TO-advectDiff_Nestling0: InitializeIPDv05p6a intro.
20221001 102444.546 INFO             PET2     advectDiff_Parent-TO-advectDiff_Nestling0: InitializeIPDv05p6a extro.
20221001 102444.149 INFO             PET3 !!!!!!!!!!!!!!!!!!!!!!!!!!!!!!!!!!!!!!!!!!!!!!!!!!!!!!
20221001 102444.149 INFO             PET3 !!! THE ESMF_LOG IS SET TO OUTPUT ALL LOG MESSAGES !!!
20221001 102444.149 INFO             PET3 !!!     THIS MAY CAUSE SLOWDOWN IN PERFORMANCE     !!!
20221001 102444.149 INFO             PET3 !!! FOR PRODUCTION RUNS, USE:                      !!!
20221001 102444.149 INFO             PET3 !!!                   ESMF_LOGKIND_Multi_On_Error  !!!
20221001 102444.149 INFO             PET3 !!!!!!!!!!!!!!!!!!!!!!!!!!!!!!!!!!!!!!!!!!!!!!!!!!!!!!
20221001 102444.149 INFO             PET3 Running with ESMF Version   : v8.4.0b15-7-gae8efd6d7f
20221001 102444.149 INFO             PET3 ESMF library build date/time: "Oct  1 2022" "08:48:08"
20221001 102444.149 INFO             PET3 ESMF library build location : /glade/scratch/dunlap/esmf-testing/nvhpc_22.2_mpt_g_develop/esmf
20221001 102444.149 INFO             PET3 ESMF_COMM                   : mpt
20221001 102444.149 INFO             PET3 ESMF_MOAB                   : enabled
20221001 102444.149 INFO             PET3 ESMF_LAPACK                 : enabled
20221001 102444.149 INFO             PET3 ESMF_NETCDF                 : enabled
20221001 102444.149 INFO             PET3 ESMF_PNETCDF                : disabled
20221001 102444.149 INFO             PET3 ESMF_PIO                    : enabled
20221001 102444.149 INFO             PET3 ESMF_YAMLCPP                : enabled
20221001 102444.149 INFO             PET3 mainApp STARTING
20221001 102444.156 INFO             PET3 advection diffusion driver: InitializeGeneric intro.
20221001 102444.156 INFO             PET3   advection diffusion driver: InitializeP0 intro.
20221001 102444.156 INFO             PET3   advection diffusion driver: InitializeP0 extro.
20221001 102444.156 INFO             PET3   advection diffusion driver: InitializeIPDv02p1 intro.
20221001 102444.156 INFO             PET3     >>>advection diffusion driver: entered Initialize (phase=<none>) without valid internal Clock.
20221001 102444.156 INFO             PET3     advection diffusion driver - Creating model component advectDiff_Parent without petList.
20221001 102444.160 INFO             PET3     advection diffusion driver - Creating model component advectDiff_Nestling0 with petList of size 2 :
20221001 102444.160 INFO             PET3           0      1
20221001 102444.160 INFO             PET3     advection diffusion driver - Creating connector component advectDiff_Parent-TO-advectDiff_Nestling0 without petList.
20221001 102444.171 INFO             PET3     advection diffusion driver - Creating state: modelComp 1 Import State
20221001 102444.171 INFO             PET3     advection diffusion driver - Creating state: modelComp 1 Export State
20221001 102444.171 INFO             PET3     advection diffusion driver - Creating state: modelComp 2 Import State
20221001 102444.171 INFO             PET3     advection diffusion driver - Creating state: modelComp 2 Export State
20221001 102444.172 INFO             PET3     advectDiff_Parent: InitializeP0 intro.
20221001 102444.174 INFO             PET3     advectDiff_Parent: InitializeP0 extro.
20221001 102444.178 INFO             PET3     advectDiff_Parent-TO-advectDiff_Nestling0: InitializeP0 intro.
20221001 102444.179 INFO             PET3     advectDiff_Parent-TO-advectDiff_Nestling0: InitializeP0 extro.
20221001 102444.181 INFO             PET3     advection diffusion driver: IInitAdvertise intro.
20221001 102444.181 INFO             PET3     advection diffusion driver: IInitAdvertise extro.
20221001 102444.181 INFO             PET3     advectDiff_Parent: InitializeIPDvXp01 intro.
20221001 102444.182 INFO             PET3     advectDiff_Parent: InitializeIPDvXp01 extro.
20221001 102444.187 INFO             PET3     advectDiff_Parent-TO-advectDiff_Nestling0: InitializeIPDv05p1 intro.
20221001 102444.191 INFO             PET3     advectDiff_Parent-TO-advectDiff_Nestling0: InitializeIPDv05p1 extro.
20221001 102444.192 INFO             PET3     advection diffusion driver: IInitAdvertiseFinish intro.
20221001 102444.192 INFO             PET3     advection diffusion driver: IInitAdvertiseFinish extro.
20221001 102444.192 INFO             PET3     advectDiff_Parent-TO-advectDiff_Nestling0: InitializeIPDv05p2a intro.
20221001 102444.198 INFO             PET3     advectDiff_Parent-TO-advectDiff_Nestling0: InitializeIPDv05p2a extro.
20221001 102444.198 INFO             PET3     advectDiff_Parent-TO-advectDiff_Nestling0: InitializeIPDv05p2b intro.
20221001 102444.202 INFO             PET3     advectDiff_Parent-TO-advectDiff_Nestling0: InitializeIPDv05p2b extro.
20221001 102444.504 INFO             PET3     advection diffusion driver: IInitModifyCplLists intro.
20221001 102444.504 INFO             PET3     advection diffusion driver: IInitModifyCplLists extro.
20221001 102444.504 INFO             PET3     advectDiff_Parent-TO-advectDiff_Nestling0: InitializeIPDv05p3 intro.
20221001 102444.509 INFO             PET3     advectDiff_Parent-TO-advectDiff_Nestling0: InitializeIPDv05p3 extro.
20221001 102444.509 INFO             PET3     <<<advection diffusion driver: leaving Initialize (phase=<none>) with current time:    0  1  1  0  0  0   0
20221001 102444.509 INFO             PET3   advection diffusion driver: InitializeIPDv02p1 extro.
20221001 102444.509 INFO             PET3   advection diffusion driver: InitializeIPDv02p3 intro.
20221001 102444.509 INFO             PET3     >>>advection diffusion driver: entered Initialize (phase=<none>) with current time:    0  1  1  0  0  0   0
20221001 102444.509 INFO             PET3     advection diffusion driver: IInitCheck intro.
20221001 102444.509 INFO             PET3     advection diffusion driver: IInitCheck extro.
20221001 102444.509 INFO             PET3     advectDiff_Parent: InitializeIPDvXp04 intro.
20221001 102444.517 INFO             PET3     advectDiff_Parent: InitializeIPDvXp04 extro.
20221001 102444.528 INFO             PET3     advectDiff_Parent-TO-advectDiff_Nestling0: InitializeIPDv05p4 intro.
20221001 102444.534 INFO             PET3     advectDiff_Parent-TO-advectDiff_Nestling0: InitializeIPDv05p4 extro.
20221001 102444.534 INFO             PET3     advectDiff_Parent-TO-advectDiff_Nestling0: InitializeIPDv05p5 intro.
20221001 102444.540 INFO             PET3     advectDiff_Parent-TO-advectDiff_Nestling0: InitializeIPDv05p5 extro.
20221001 102444.540 INFO             PET3     advection diffusion driver: IInitRealize intro.
20221001 102444.540 INFO             PET3     advection diffusion driver: IInitRealize extro.
20221001 102444.541 INFO             PET3     advectDiff_Parent-TO-advectDiff_Nestling0: InitializeIPDv05p6a intro.
20221001 102444.546 INFO             PET3     advectDiff_Parent-TO-advectDiff_Nestling0: InitializeIPDv05p6a extro.
