2022-10-07 16:57:10
20221007 175725.187 INFO             PET0 !!!!!!!!!!!!!!!!!!!!!!!!!!!!!!!!!!!!!!!!!!!!!!!!!!!!!!
20221007 175725.188 INFO             PET0 !!! THE ESMF_LOG IS SET TO OUTPUT ALL LOG MESSAGES !!!
20221007 175725.188 INFO             PET0 !!!     THIS MAY CAUSE SLOWDOWN IN PERFORMANCE     !!!
20221007 175725.188 INFO             PET0 !!! FOR PRODUCTION RUNS, USE:                      !!!
20221007 175725.188 INFO             PET0 !!!                   ESMF_LOGKIND_Multi_On_Error  !!!
20221007 175725.188 INFO             PET0 !!!!!!!!!!!!!!!!!!!!!!!!!!!!!!!!!!!!!!!!!!!!!!!!!!!!!!
20221007 175725.188 INFO             PET0 Running with ESMF Version   : v8.4.0b18
20221007 175725.188 INFO             PET0 ESMF library build date/time: "Oct  7 2022" "16:56:25"
20221007 175725.188 INFO             PET0 ESMF library build location : /Users/sacks/projects/scratch/esmf-testing/gfortranclang_12.2.0_14.0.0_openmpi_g_develop/esmf
20221007 175725.188 INFO             PET0 ESMF_COMM                   : openmpi
20221007 175725.188 INFO             PET0 ESMF_MOAB                   : enabled
20221007 175725.188 INFO             PET0 ESMF_LAPACK                 : enabled
20221007 175725.188 INFO             PET0 ESMF_NETCDF                 : enabled
20221007 175725.188 INFO             PET0 ESMF_PNETCDF                : disabled
20221007 175725.188 INFO             PET0 ESMF_PIO                    : enabled
20221007 175725.188 INFO             PET0 ESMF_YAMLCPP                : enabled
20221007 175725.188 INFO             PET0 esmApp STARTING
20221007 175725.191 INFO             PET0 esm: InitializeGeneric intro.
20221007 175725.191 INFO             PET0   esm: InitializeP0 intro.
20221007 175725.191 INFO             PET0   esm: InitializeP0 extro.
20221007 175725.191 INFO             PET0   esm: InitializeIPDv02p1 intro.
20221007 175725.192 INFO             PET0     >>>esm: entered Initialize (phase=<none>) without valid internal Clock.
20221007 175725.192 INFO             PET0     esm - Creating model component ATM with petList of size 2 :
20221007 175725.192 INFO             PET0           0      1
20221007 175725.193 INFO             PET0     esm - Creating model component OCN with petList of size 2 :
20221007 175725.193 INFO             PET0           2      3
20221007 175725.193 DEBUG            PET0     Generic SetVM() is executing for: OCN
20221007 175725.194 ERROR            PET0 OCN:src/addon/NUOPC/src/NUOPC_Base.F90:5411     Invalid argument  - Generic SetVM() detected lacking Pthreads support for: OCN
20221007 175725.194 ERROR            PET0 esm:src/addon/NUOPC/src/NUOPC_Driver.F90:4475     Invalid argument  - Passing error in return code
20221007 175725.194 ERROR            PET0 esm.F90:146     Invalid argument  - Passing error in return code
20221007 175725.194 ERROR            PET0 esm:src/addon/NUOPC/src/NUOPC_Driver.F90:788     Invalid argument  - Passing error in return code
20221007 175725.194 ERROR            PET0 esm:src/addon/NUOPC/src/NUOPC_Driver.F90:478     Invalid argument  - Passing error in return code
20221007 175725.194 ERROR            PET0 esmApp.F90:82     Invalid argument  - Passing error in return code
20221007 175725.194 INFO             PET0     Finalizing ESMF
20221007 175725.187 INFO             PET1 !!!!!!!!!!!!!!!!!!!!!!!!!!!!!!!!!!!!!!!!!!!!!!!!!!!!!!
20221007 175725.188 INFO             PET1 !!! THE ESMF_LOG IS SET TO OUTPUT ALL LOG MESSAGES !!!
20221007 175725.188 INFO             PET1 !!!     THIS MAY CAUSE SLOWDOWN IN PERFORMANCE     !!!
20221007 175725.188 INFO             PET1 !!! FOR PRODUCTION RUNS, USE:                      !!!
20221007 175725.188 INFO             PET1 !!!                   ESMF_LOGKIND_Multi_On_Error  !!!
20221007 175725.188 INFO             PET1 !!!!!!!!!!!!!!!!!!!!!!!!!!!!!!!!!!!!!!!!!!!!!!!!!!!!!!
20221007 175725.188 INFO             PET1 Running with ESMF Version   : v8.4.0b18
20221007 175725.188 INFO             PET1 ESMF library build date/time: "Oct  7 2022" "16:56:25"
20221007 175725.188 INFO             PET1 ESMF library build location : /Users/sacks/projects/scratch/esmf-testing/gfortranclang_12.2.0_14.0.0_openmpi_g_develop/esmf
20221007 175725.188 INFO             PET1 ESMF_COMM                   : openmpi
20221007 175725.188 INFO             PET1 ESMF_MOAB                   : enabled
20221007 175725.188 INFO             PET1 ESMF_LAPACK                 : enabled
20221007 175725.188 INFO             PET1 ESMF_NETCDF                 : enabled
20221007 175725.188 INFO             PET1 ESMF_PNETCDF                : disabled
20221007 175725.188 INFO             PET1 ESMF_PIO                    : enabled
20221007 175725.188 INFO             PET1 ESMF_YAMLCPP                : enabled
20221007 175725.188 INFO             PET1 esmApp STARTING
20221007 175725.191 INFO             PET1 esm: InitializeGeneric intro.
20221007 175725.191 INFO             PET1   esm: InitializeP0 intro.
20221007 175725.191 INFO             PET1   esm: InitializeP0 extro.
20221007 175725.191 INFO             PET1   esm: InitializeIPDv02p1 intro.
20221007 175725.192 INFO             PET1     >>>esm: entered Initialize (phase=<none>) without valid internal Clock.
20221007 175725.192 INFO             PET1     esm - Creating model component ATM with petList of size 2 :
20221007 175725.192 INFO             PET1           0      1
20221007 175725.193 INFO             PET1     esm - Creating model component OCN with petList of size 2 :
20221007 175725.193 INFO             PET1           2      3
20221007 175725.193 DEBUG            PET1     Generic SetVM() is executing for: OCN
20221007 175725.194 ERROR            PET1 OCN:src/addon/NUOPC/src/NUOPC_Base.F90:5411     Invalid argument  - Generic SetVM() detected lacking Pthreads support for: OCN
20221007 175725.194 ERROR            PET1 esm:src/addon/NUOPC/src/NUOPC_Driver.F90:4475     Invalid argument  - Passing error in return code
20221007 175725.194 ERROR            PET1 esm.F90:146     Invalid argument  - Passing error in return code
20221007 175725.194 ERROR            PET1 esm:src/addon/NUOPC/src/NUOPC_Driver.F90:788     Invalid argument  - Passing error in return code
20221007 175725.194 ERROR            PET1 esm:src/addon/NUOPC/src/NUOPC_Driver.F90:478     Invalid argument  - Passing error in return code
20221007 175725.194 ERROR            PET1 esmApp.F90:82     Invalid argument  - Passing error in return code
20221007 175725.194 INFO             PET1     Finalizing ESMF
20221007 175725.187 INFO             PET2 !!!!!!!!!!!!!!!!!!!!!!!!!!!!!!!!!!!!!!!!!!!!!!!!!!!!!!
20221007 175725.188 INFO             PET2 !!! THE ESMF_LOG IS SET TO OUTPUT ALL LOG MESSAGES !!!
20221007 175725.188 INFO             PET2 !!!     THIS MAY CAUSE SLOWDOWN IN PERFORMANCE     !!!
20221007 175725.188 INFO             PET2 !!! FOR PRODUCTION RUNS, USE:                      !!!
20221007 175725.188 INFO             PET2 !!!                   ESMF_LOGKIND_Multi_On_Error  !!!
20221007 175725.188 INFO             PET2 !!!!!!!!!!!!!!!!!!!!!!!!!!!!!!!!!!!!!!!!!!!!!!!!!!!!!!
20221007 175725.188 INFO             PET2 Running with ESMF Version   : v8.4.0b18
20221007 175725.188 INFO             PET2 ESMF library build date/time: "Oct  7 2022" "16:56:25"
20221007 175725.188 INFO             PET2 ESMF library build location : /Users/sacks/projects/scratch/esmf-testing/gfortranclang_12.2.0_14.0.0_openmpi_g_develop/esmf
20221007 175725.188 INFO             PET2 ESMF_COMM                   : openmpi
20221007 175725.188 INFO             PET2 ESMF_MOAB                   : enabled
20221007 175725.188 INFO             PET2 ESMF_LAPACK                 : enabled
20221007 175725.188 INFO             PET2 ESMF_NETCDF                 : enabled
20221007 175725.188 INFO             PET2 ESMF_PNETCDF                : disabled
20221007 175725.188 INFO             PET2 ESMF_PIO                    : enabled
20221007 175725.188 INFO             PET2 ESMF_YAMLCPP                : enabled
20221007 175725.188 INFO             PET2 esmApp STARTING
20221007 175725.191 INFO             PET2 esm: InitializeGeneric intro.
20221007 175725.191 INFO             PET2   esm: InitializeP0 intro.
20221007 175725.191 INFO             PET2   esm: InitializeP0 extro.
20221007 175725.191 INFO             PET2   esm: InitializeIPDv02p1 intro.
20221007 175725.192 INFO             PET2     >>>esm: entered Initialize (phase=<none>) without valid internal Clock.
20221007 175725.192 INFO             PET2     esm - Creating model component ATM with petList of size 2 :
20221007 175725.192 INFO             PET2           0      1
20221007 175725.193 INFO             PET2     esm - Creating model component OCN with petList of size 2 :
20221007 175725.193 INFO             PET2           2      3
20221007 175725.193 DEBUG            PET2     Generic SetVM() is executing for: OCN
20221007 175725.194 ERROR            PET2 OCN:src/addon/NUOPC/src/NUOPC_Base.F90:5411     Invalid argument  - Generic SetVM() detected lacking Pthreads support for: OCN
20221007 175725.194 ERROR            PET2 esm:src/addon/NUOPC/src/NUOPC_Driver.F90:4475     Invalid argument  - Passing error in return code
20221007 175725.194 ERROR            PET2 esm.F90:146     Invalid argument  - Passing error in return code
20221007 175725.194 ERROR            PET2 esm:src/addon/NUOPC/src/NUOPC_Driver.F90:788     Invalid argument  - Passing error in return code
20221007 175725.194 ERROR            PET2 esm:src/addon/NUOPC/src/NUOPC_Driver.F90:478     Invalid argument  - Passing error in return code
20221007 175725.194 ERROR            PET2 esmApp.F90:82     Invalid argument  - Passing error in return code
20221007 175725.194 INFO             PET2     Finalizing ESMF
20221007 175725.187 INFO             PET3 !!!!!!!!!!!!!!!!!!!!!!!!!!!!!!!!!!!!!!!!!!!!!!!!!!!!!!
20221007 175725.188 INFO             PET3 !!! THE ESMF_LOG IS SET TO OUTPUT ALL LOG MESSAGES !!!
20221007 175725.188 INFO             PET3 !!!     THIS MAY CAUSE SLOWDOWN IN PERFORMANCE     !!!
20221007 175725.188 INFO             PET3 !!! FOR PRODUCTION RUNS, USE:                      !!!
20221007 175725.188 INFO             PET3 !!!                   ESMF_LOGKIND_Multi_On_Error  !!!
20221007 175725.188 INFO             PET3 !!!!!!!!!!!!!!!!!!!!!!!!!!!!!!!!!!!!!!!!!!!!!!!!!!!!!!
20221007 175725.188 INFO             PET3 Running with ESMF Version   : v8.4.0b18
20221007 175725.188 INFO             PET3 ESMF library build date/time: "Oct  7 2022" "16:56:25"
20221007 175725.188 INFO             PET3 ESMF library build location : /Users/sacks/projects/scratch/esmf-testing/gfortranclang_12.2.0_14.0.0_openmpi_g_develop/esmf
20221007 175725.188 INFO             PET3 ESMF_COMM                   : openmpi
20221007 175725.188 INFO             PET3 ESMF_MOAB                   : enabled
20221007 175725.188 INFO             PET3 ESMF_LAPACK                 : enabled
20221007 175725.188 INFO             PET3 ESMF_NETCDF                 : enabled
20221007 175725.188 INFO             PET3 ESMF_PNETCDF                : disabled
20221007 175725.188 INFO             PET3 ESMF_PIO                    : enabled
20221007 175725.188 INFO             PET3 ESMF_YAMLCPP                : enabled
20221007 175725.188 INFO             PET3 esmApp STARTING
20221007 175725.191 INFO             PET3 esm: InitializeGeneric intro.
20221007 175725.191 INFO             PET3   esm: InitializeP0 intro.
20221007 175725.191 INFO             PET3   esm: InitializeP0 extro.
20221007 175725.191 INFO             PET3   esm: InitializeIPDv02p1 intro.
20221007 175725.191 INFO             PET3     >>>esm: entered Initialize (phase=<none>) without valid internal Clock.
20221007 175725.192 INFO             PET3     esm - Creating model component ATM with petList of size 2 :
20221007 175725.192 INFO             PET3           0      1
20221007 175725.193 INFO             PET3     esm - Creating model component OCN with petList of size 2 :
20221007 175725.193 INFO             PET3           2      3
20221007 175725.193 DEBUG            PET3     Generic SetVM() is executing for: OCN
20221007 175725.194 ERROR            PET3 OCN:src/addon/NUOPC/src/NUOPC_Base.F90:5411     Invalid argument  - Generic SetVM() detected lacking Pthreads support for: OCN
20221007 175725.194 ERROR            PET3 esm:src/addon/NUOPC/src/NUOPC_Driver.F90:4475     Invalid argument  - Passing error in return code
20221007 175725.194 ERROR            PET3 esm.F90:146     Invalid argument  - Passing error in return code
20221007 175725.194 ERROR            PET3 esm:src/addon/NUOPC/src/NUOPC_Driver.F90:788     Invalid argument  - Passing error in return code
20221007 175725.194 ERROR            PET3 esm:src/addon/NUOPC/src/NUOPC_Driver.F90:478     Invalid argument  - Passing error in return code
20221007 175725.194 ERROR            PET3 esmApp.F90:82     Invalid argument  - Passing error in return code
20221007 175725.194 INFO             PET3     Finalizing ESMF
