2022-10-25 04:11:40
20221025 043633.545 INFO             PET0 !!!!!!!!!!!!!!!!!!!!!!!!!!!!!!!!!!!!!!!!!!!!!!!!!!!!!!
20221025 043633.545 INFO             PET0 !!! THE ESMF_LOG IS SET TO OUTPUT ALL LOG MESSAGES !!!
20221025 043633.545 INFO             PET0 !!!     THIS MAY CAUSE SLOWDOWN IN PERFORMANCE     !!!
20221025 043633.545 INFO             PET0 !!! FOR PRODUCTION RUNS, USE:                      !!!
20221025 043633.545 INFO             PET0 !!!                   ESMF_LOGKIND_Multi_On_Error  !!!
20221025 043633.545 INFO             PET0 !!!!!!!!!!!!!!!!!!!!!!!!!!!!!!!!!!!!!!!!!!!!!!!!!!!!!!
20221025 043633.545 INFO             PET0 Running with ESMF Version   : v8.4.0
20221025 043633.545 INFO             PET0 ESMF library build date/time: "Oct 25 2022" "04:10:09"
20221025 043633.545 INFO             PET0 ESMF library build location : /lfs4/HFIP/hfv3gfs/Mark.Potts/esmf-tests/gfortran_9.2.0_openmpi_O_v8.4.0/esmf
20221025 043633.545 INFO             PET0 ESMF_COMM                   : openmpi
20221025 043633.547 INFO             PET0 ESMF_MOAB                   : enabled
20221025 043633.547 INFO             PET0 ESMF_LAPACK                 : enabled
20221025 043633.547 INFO             PET0 ESMF_NETCDF                 : disabled
20221025 043633.547 INFO             PET0 ESMF_PNETCDF                : disabled
20221025 043633.547 INFO             PET0 ESMF_PIO                    : disabled
20221025 043633.547 INFO             PET0 ESMF_YAMLCPP                : enabled
20221025 043633.554 INFO             PET0 ESMF_FieldRedistStoreNF(): Just entered routine.
20221025 043633.630 INFO             PET0 ESMF_FieldRedistStoreNF(): Leaving routine.
20221025 043633.634 INFO             PET0  NUMBER_OF_PROCESSORS           4
20221025 043633.634 INFO             PET0  PASS  Example ESMF_RHandleFromRHandleEx, ESMF_RHandleFromRHandleEx.F90, line 660
20221025 043633.634 INFO             PET0 Finalizing ESMF
20221025 043633.545 INFO             PET1 !!!!!!!!!!!!!!!!!!!!!!!!!!!!!!!!!!!!!!!!!!!!!!!!!!!!!!
20221025 043633.545 INFO             PET1 !!! THE ESMF_LOG IS SET TO OUTPUT ALL LOG MESSAGES !!!
20221025 043633.545 INFO             PET1 !!!     THIS MAY CAUSE SLOWDOWN IN PERFORMANCE     !!!
20221025 043633.545 INFO             PET1 !!! FOR PRODUCTION RUNS, USE:                      !!!
20221025 043633.545 INFO             PET1 !!!                   ESMF_LOGKIND_Multi_On_Error  !!!
20221025 043633.545 INFO             PET1 !!!!!!!!!!!!!!!!!!!!!!!!!!!!!!!!!!!!!!!!!!!!!!!!!!!!!!
20221025 043633.545 INFO             PET1 Running with ESMF Version   : v8.4.0
20221025 043633.545 INFO             PET1 ESMF library build date/time: "Oct 25 2022" "04:10:09"
20221025 043633.545 INFO             PET1 ESMF library build location : /lfs4/HFIP/hfv3gfs/Mark.Potts/esmf-tests/gfortran_9.2.0_openmpi_O_v8.4.0/esmf
20221025 043633.545 INFO             PET1 ESMF_COMM                   : openmpi
20221025 043633.547 INFO             PET1 ESMF_MOAB                   : enabled
20221025 043633.547 INFO             PET1 ESMF_LAPACK                 : enabled
20221025 043633.547 INFO             PET1 ESMF_NETCDF                 : disabled
20221025 043633.547 INFO             PET1 ESMF_PNETCDF                : disabled
20221025 043633.547 INFO             PET1 ESMF_PIO                    : disabled
20221025 043633.547 INFO             PET1 ESMF_YAMLCPP                : enabled
20221025 043633.554 INFO             PET1 ESMF_FieldRedistStoreNF(): Just entered routine.
20221025 043633.630 INFO             PET1 ESMF_FieldRedistStoreNF(): Leaving routine.
20221025 043633.634 INFO             PET1  NUMBER_OF_PROCESSORS           4
20221025 043633.634 INFO             PET1  PASS  Example ESMF_RHandleFromRHandleEx, ESMF_RHandleFromRHandleEx.F90, line 660
20221025 043633.634 INFO             PET1 Finalizing ESMF
20221025 043633.545 INFO             PET2 !!!!!!!!!!!!!!!!!!!!!!!!!!!!!!!!!!!!!!!!!!!!!!!!!!!!!!
20221025 043633.545 INFO             PET2 !!! THE ESMF_LOG IS SET TO OUTPUT ALL LOG MESSAGES !!!
20221025 043633.545 INFO             PET2 !!!     THIS MAY CAUSE SLOWDOWN IN PERFORMANCE     !!!
20221025 043633.545 INFO             PET2 !!! FOR PRODUCTION RUNS, USE:                      !!!
20221025 043633.545 INFO             PET2 !!!                   ESMF_LOGKIND_Multi_On_Error  !!!
20221025 043633.545 INFO             PET2 !!!!!!!!!!!!!!!!!!!!!!!!!!!!!!!!!!!!!!!!!!!!!!!!!!!!!!
20221025 043633.545 INFO             PET2 Running with ESMF Version   : v8.4.0
20221025 043633.545 INFO             PET2 ESMF library build date/time: "Oct 25 2022" "04:10:09"
20221025 043633.545 INFO             PET2 ESMF library build location : /lfs4/HFIP/hfv3gfs/Mark.Potts/esmf-tests/gfortran_9.2.0_openmpi_O_v8.4.0/esmf
20221025 043633.545 INFO             PET2 ESMF_COMM                   : openmpi
20221025 043633.548 INFO             PET2 ESMF_MOAB                   : enabled
20221025 043633.548 INFO             PET2 ESMF_LAPACK                 : enabled
20221025 043633.548 INFO             PET2 ESMF_NETCDF                 : disabled
20221025 043633.548 INFO             PET2 ESMF_PNETCDF                : disabled
20221025 043633.548 INFO             PET2 ESMF_PIO                    : disabled
20221025 043633.548 INFO             PET2 ESMF_YAMLCPP                : enabled
20221025 043633.554 INFO             PET2 ESMF_FieldRedistStoreNF(): Just entered routine.
20221025 043633.630 INFO             PET2 ESMF_FieldRedistStoreNF(): Leaving routine.
20221025 043633.632 INFO             PET2  NUMBER_OF_PROCESSORS           4
20221025 043633.632 INFO             PET2  PASS  Example ESMF_RHandleFromRHandleEx, ESMF_RHandleFromRHandleEx.F90, line 660
20221025 043633.632 INFO             PET2 Finalizing ESMF
20221025 043633.545 INFO             PET3 !!!!!!!!!!!!!!!!!!!!!!!!!!!!!!!!!!!!!!!!!!!!!!!!!!!!!!
20221025 043633.545 INFO             PET3 !!! THE ESMF_LOG IS SET TO OUTPUT ALL LOG MESSAGES !!!
20221025 043633.545 INFO             PET3 !!!     THIS MAY CAUSE SLOWDOWN IN PERFORMANCE     !!!
20221025 043633.545 INFO             PET3 !!! FOR PRODUCTION RUNS, USE:                      !!!
20221025 043633.545 INFO             PET3 !!!                   ESMF_LOGKIND_Multi_On_Error  !!!
20221025 043633.545 INFO             PET3 !!!!!!!!!!!!!!!!!!!!!!!!!!!!!!!!!!!!!!!!!!!!!!!!!!!!!!
20221025 043633.545 INFO             PET3 Running with ESMF Version   : v8.4.0
20221025 043633.545 INFO             PET3 ESMF library build date/time: "Oct 25 2022" "04:10:09"
20221025 043633.545 INFO             PET3 ESMF library build location : /lfs4/HFIP/hfv3gfs/Mark.Potts/esmf-tests/gfortran_9.2.0_openmpi_O_v8.4.0/esmf
20221025 043633.545 INFO             PET3 ESMF_COMM                   : openmpi
20221025 043633.546 INFO             PET3 ESMF_MOAB                   : enabled
20221025 043633.546 INFO             PET3 ESMF_LAPACK                 : enabled
20221025 043633.546 INFO             PET3 ESMF_NETCDF                 : disabled
20221025 043633.546 INFO             PET3 ESMF_PNETCDF                : disabled
20221025 043633.546 INFO             PET3 ESMF_PIO                    : disabled
20221025 043633.546 INFO             PET3 ESMF_YAMLCPP                : enabled
20221025 043633.554 INFO             PET3 ESMF_FieldRedistStoreNF(): Just entered routine.
20221025 043633.630 INFO             PET3 ESMF_FieldRedistStoreNF(): Leaving routine.
20221025 043633.634 INFO             PET3  NUMBER_OF_PROCESSORS           4
20221025 043633.634 INFO             PET3  PASS  Example ESMF_RHandleFromRHandleEx, ESMF_RHandleFromRHandleEx.F90, line 660
20221025 043633.634 INFO             PET3 Finalizing ESMF
