2022-10-02 00:42:57
20221002 020858.229 INFO             PET0 !!!!!!!!!!!!!!!!!!!!!!!!!!!!!!!!!!!!!!!!!!!!!!!!!!!!!!
20221002 020858.229 INFO             PET0 !!! THE ESMF_LOG IS SET TO OUTPUT ALL LOG MESSAGES !!!
20221002 020858.229 INFO             PET0 !!!     THIS MAY CAUSE SLOWDOWN IN PERFORMANCE     !!!
20221002 020858.229 INFO             PET0 !!! FOR PRODUCTION RUNS, USE:                      !!!
20221002 020858.229 INFO             PET0 !!!                   ESMF_LOGKIND_Multi_On_Error  !!!
20221002 020858.229 INFO             PET0 !!!!!!!!!!!!!!!!!!!!!!!!!!!!!!!!!!!!!!!!!!!!!!!!!!!!!!
20221002 020858.229 INFO             PET0 Running with ESMF Version   : v8.4.0b15-11-gadaf469be0
20221002 020858.229 INFO             PET0 ESMF library build date/time: "Oct  2 2022" "00:41:17"
20221002 020858.229 INFO             PET0 ESMF library build location : /lustre/f2/dev/Mark.Potts/esmf-test/gfortran_8.3.0_mpiuni_g_update_pio2.5.9/esmf
20221002 020858.229 INFO             PET0 ESMF_COMM                   : mpiuni
20221002 020858.230 INFO             PET0 ESMF_MOAB                   : enabled
20221002 020858.230 INFO             PET0 ESMF_LAPACK                 : enabled
20221002 020858.230 INFO             PET0 ESMF_NETCDF                 : enabled
20221002 020858.230 INFO             PET0 ESMF_PNETCDF                : disabled
20221002 020858.230 INFO             PET0 ESMF_PIO                    : disabled
20221002 020858.230 INFO             PET0 ESMF_YAMLCPP                : enabled
20221002 020858.230 INFO             PET0 ESMF Tracing Enabled
20221002 020858.230 INFO             PET0 ESMF Profiling Enabled
20221002 020858.230 INFO             PET0 ESMF Trace/Profile clock: REALTIME
20221002 020858.232 WARNING          PET0 ESMF Tracing/Profiling could not load dynamic instrumentation functions.
20221002 020858.232 INFO             PET0  NUMBER_OF_PROCESSORS           1
20221002 020858.232 INFO             PET0  PASS  Example ESMF_TraceUserEx, ESMF_TraceUserEx.F90, line 125
20221002 020858.232 INFO             PET0 Finalizing ESMF
20221002 020858.232 INFO             PET0 **************** Region Timings *******************
20221002 020858.232 INFO             PET0 Region                Count  Total (s)   Self (s)    Mean (s)    Min (s)     Max (s)
20221002 020858.232 INFO             PET0   [ESMF]              1      0.0005      0.0001      0.0005      0.0005      0.0005
20221002 020858.232 INFO             PET0     outer_region      1      0.0004      0.0000      0.0004      0.0004      0.0004
20221002 020858.232 INFO             PET0       inner_region_1  10     0.0002      0.0002      0.0000      0.0000      0.0000
20221002 020858.232 INFO             PET0       inner_region_2  10     0.0001      0.0001      0.0000      0.0000      0.0000
