2022-10-11 01:14:42
20221011 014303.929 INFO             PET0 !!!!!!!!!!!!!!!!!!!!!!!!!!!!!!!!!!!!!!!!!!!!!!!!!!!!!!
20221011 014303.929 INFO             PET0 !!! THE ESMF_LOG IS SET TO OUTPUT ALL LOG MESSAGES !!!
20221011 014303.929 INFO             PET0 !!!     THIS MAY CAUSE SLOWDOWN IN PERFORMANCE     !!!
20221011 014303.929 INFO             PET0 !!! FOR PRODUCTION RUNS, USE:                      !!!
20221011 014303.929 INFO             PET0 !!!                   ESMF_LOGKIND_Multi_On_Error  !!!
20221011 014303.929 INFO             PET0 !!!!!!!!!!!!!!!!!!!!!!!!!!!!!!!!!!!!!!!!!!!!!!!!!!!!!!
20221011 014303.929 INFO             PET0 Running with ESMF Version   : v8.4.0b18-4-g95e3a6c69e
20221011 014303.929 INFO             PET0 ESMF library build date/time: "Oct 11 2022" "01:13:05"
20221011 014303.929 INFO             PET0 ESMF library build location : /discover/nobackup/projects/sbu/mpotts/esmf-test/gfortran_10.1.0_intelmpi_g_develop/esmf
20221011 014303.929 INFO             PET0 ESMF_COMM                   : intelmpi
20221011 014303.929 INFO             PET0 ESMF_MOAB                   : enabled
20221011 014303.929 INFO             PET0 ESMF_LAPACK                 : enabled
20221011 014303.929 INFO             PET0 ESMF_NETCDF                 : disabled
20221011 014303.929 INFO             PET0 ESMF_PNETCDF                : disabled
20221011 014303.929 INFO             PET0 ESMF_PIO                    : disabled
20221011 014303.929 INFO             PET0 ESMF_YAMLCPP                : enabled
20221011 014304.028 DEBUG            PET0 about to destroy Grid: 0x8589d0
20221011 014304.039 DEBUG            PET0 about to destroy Grid: 0x859f80
20221011 014304.075 INFO             PET0  NUMBER_OF_PROCESSORS           4
20221011 014304.075 INFO             PET0  PASS  Example ESMF_NUOPCAtmModelEx, ESMF_NUOPCAtmModelEx.F90, line 806
20221011 014304.075 INFO             PET0 Finalizing ESMF
20221011 014303.929 INFO             PET1 !!!!!!!!!!!!!!!!!!!!!!!!!!!!!!!!!!!!!!!!!!!!!!!!!!!!!!
20221011 014303.929 INFO             PET1 !!! THE ESMF_LOG IS SET TO OUTPUT ALL LOG MESSAGES !!!
20221011 014303.929 INFO             PET1 !!!     THIS MAY CAUSE SLOWDOWN IN PERFORMANCE     !!!
20221011 014303.929 INFO             PET1 !!! FOR PRODUCTION RUNS, USE:                      !!!
20221011 014303.929 INFO             PET1 !!!                   ESMF_LOGKIND_Multi_On_Error  !!!
20221011 014303.929 INFO             PET1 !!!!!!!!!!!!!!!!!!!!!!!!!!!!!!!!!!!!!!!!!!!!!!!!!!!!!!
20221011 014303.929 INFO             PET1 Running with ESMF Version   : v8.4.0b18-4-g95e3a6c69e
20221011 014303.929 INFO             PET1 ESMF library build date/time: "Oct 11 2022" "01:13:05"
20221011 014303.929 INFO             PET1 ESMF library build location : /discover/nobackup/projects/sbu/mpotts/esmf-test/gfortran_10.1.0_intelmpi_g_develop/esmf
20221011 014303.929 INFO             PET1 ESMF_COMM                   : intelmpi
20221011 014303.929 INFO             PET1 ESMF_MOAB                   : enabled
20221011 014303.929 INFO             PET1 ESMF_LAPACK                 : enabled
20221011 014303.929 INFO             PET1 ESMF_NETCDF                 : disabled
20221011 014303.929 INFO             PET1 ESMF_PNETCDF                : disabled
20221011 014303.929 INFO             PET1 ESMF_PIO                    : disabled
20221011 014303.929 INFO             PET1 ESMF_YAMLCPP                : enabled
20221011 014304.028 DEBUG            PET1 about to destroy Grid: 0x858f30
20221011 014304.039 DEBUG            PET1 about to destroy Grid: 0x859e10
20221011 014304.075 INFO             PET1  NUMBER_OF_PROCESSORS           4
20221011 014304.075 INFO             PET1  PASS  Example ESMF_NUOPCAtmModelEx, ESMF_NUOPCAtmModelEx.F90, line 806
20221011 014304.075 INFO             PET1 Finalizing ESMF
20221011 014303.929 INFO             PET2 !!!!!!!!!!!!!!!!!!!!!!!!!!!!!!!!!!!!!!!!!!!!!!!!!!!!!!
20221011 014303.929 INFO             PET2 !!! THE ESMF_LOG IS SET TO OUTPUT ALL LOG MESSAGES !!!
20221011 014303.929 INFO             PET2 !!!     THIS MAY CAUSE SLOWDOWN IN PERFORMANCE     !!!
20221011 014303.929 INFO             PET2 !!! FOR PRODUCTION RUNS, USE:                      !!!
20221011 014303.929 INFO             PET2 !!!                   ESMF_LOGKIND_Multi_On_Error  !!!
20221011 014303.929 INFO             PET2 !!!!!!!!!!!!!!!!!!!!!!!!!!!!!!!!!!!!!!!!!!!!!!!!!!!!!!
20221011 014303.929 INFO             PET2 Running with ESMF Version   : v8.4.0b18-4-g95e3a6c69e
20221011 014303.929 INFO             PET2 ESMF library build date/time: "Oct 11 2022" "01:13:05"
20221011 014303.929 INFO             PET2 ESMF library build location : /discover/nobackup/projects/sbu/mpotts/esmf-test/gfortran_10.1.0_intelmpi_g_develop/esmf
20221011 014303.929 INFO             PET2 ESMF_COMM                   : intelmpi
20221011 014303.929 INFO             PET2 ESMF_MOAB                   : enabled
20221011 014303.929 INFO             PET2 ESMF_LAPACK                 : enabled
20221011 014303.929 INFO             PET2 ESMF_NETCDF                 : disabled
20221011 014303.929 INFO             PET2 ESMF_PNETCDF                : disabled
20221011 014303.929 INFO             PET2 ESMF_PIO                    : disabled
20221011 014303.929 INFO             PET2 ESMF_YAMLCPP                : enabled
20221011 014304.028 DEBUG            PET2 about to destroy Grid: 0x8587c0
20221011 014304.039 DEBUG            PET2 about to destroy Grid: 0x8594c0
20221011 014304.077 INFO             PET2  NUMBER_OF_PROCESSORS           4
20221011 014304.077 INFO             PET2  PASS  Example ESMF_NUOPCAtmModelEx, ESMF_NUOPCAtmModelEx.F90, line 806
20221011 014304.077 INFO             PET2 Finalizing ESMF
20221011 014303.929 INFO             PET3 !!!!!!!!!!!!!!!!!!!!!!!!!!!!!!!!!!!!!!!!!!!!!!!!!!!!!!
20221011 014303.929 INFO             PET3 !!! THE ESMF_LOG IS SET TO OUTPUT ALL LOG MESSAGES !!!
20221011 014303.929 INFO             PET3 !!!     THIS MAY CAUSE SLOWDOWN IN PERFORMANCE     !!!
20221011 014303.929 INFO             PET3 !!! FOR PRODUCTION RUNS, USE:                      !!!
20221011 014303.929 INFO             PET3 !!!                   ESMF_LOGKIND_Multi_On_Error  !!!
20221011 014303.929 INFO             PET3 !!!!!!!!!!!!!!!!!!!!!!!!!!!!!!!!!!!!!!!!!!!!!!!!!!!!!!
20221011 014303.929 INFO             PET3 Running with ESMF Version   : v8.4.0b18-4-g95e3a6c69e
20221011 014303.929 INFO             PET3 ESMF library build date/time: "Oct 11 2022" "01:13:05"
20221011 014303.929 INFO             PET3 ESMF library build location : /discover/nobackup/projects/sbu/mpotts/esmf-test/gfortran_10.1.0_intelmpi_g_develop/esmf
20221011 014303.929 INFO             PET3 ESMF_COMM                   : intelmpi
20221011 014303.929 INFO             PET3 ESMF_MOAB                   : enabled
20221011 014303.929 INFO             PET3 ESMF_LAPACK                 : enabled
20221011 014303.929 INFO             PET3 ESMF_NETCDF                 : disabled
20221011 014303.929 INFO             PET3 ESMF_PNETCDF                : disabled
20221011 014303.929 INFO             PET3 ESMF_PIO                    : disabled
20221011 014303.929 INFO             PET3 ESMF_YAMLCPP                : enabled
20221011 014304.028 DEBUG            PET3 about to destroy Grid: 0x858630
20221011 014304.039 DEBUG            PET3 about to destroy Grid: 0x8595c0
20221011 014304.075 INFO             PET3  NUMBER_OF_PROCESSORS           4
20221011 014304.075 INFO             PET3  PASS  Example ESMF_NUOPCAtmModelEx, ESMF_NUOPCAtmModelEx.F90, line 806
20221011 014304.075 INFO             PET3 Finalizing ESMF
