2022-10-16 00:42:21
20221016 014926.772 INFO             PET0 !!!!!!!!!!!!!!!!!!!!!!!!!!!!!!!!!!!!!!!!!!!!!!!!!!!!!!
20221016 014926.773 INFO             PET0 !!! THE ESMF_LOG IS SET TO OUTPUT ALL LOG MESSAGES !!!
20221016 014926.773 INFO             PET0 !!!     THIS MAY CAUSE SLOWDOWN IN PERFORMANCE     !!!
20221016 014926.773 INFO             PET0 !!! FOR PRODUCTION RUNS, USE:                      !!!
20221016 014926.773 INFO             PET0 !!!                   ESMF_LOGKIND_Multi_On_Error  !!!
20221016 014926.773 INFO             PET0 !!!!!!!!!!!!!!!!!!!!!!!!!!!!!!!!!!!!!!!!!!!!!!!!!!!!!!
20221016 014926.773 INFO             PET0 Running with ESMF Version   : v8.4.0b20
20221016 014926.773 INFO             PET0 ESMF library build date/time: "Oct 16 2022" "00:40:56"
20221016 014926.773 INFO             PET0 ESMF library build location : /lustre/f2/dev/Mark.Potts/esmf-test/gfortran_8.3.0_mpi_O_release_8.4.0/esmf
20221016 014926.773 INFO             PET0 ESMF_COMM                   : mpi
20221016 014926.774 INFO             PET0 ESMF_MOAB                   : enabled
20221016 014926.774 INFO             PET0 ESMF_LAPACK                 : enabled
20221016 014926.774 INFO             PET0 ESMF_NETCDF                 : enabled
20221016 014926.774 INFO             PET0 ESMF_PNETCDF                : disabled
20221016 014926.774 INFO             PET0 ESMF_PIO                    : enabled
20221016 014926.774 INFO             PET0 ESMF_YAMLCPP                : enabled
20221016 014926.776 INFO             PET0  NUMBER_OF_PROCESSORS           1
20221016 014926.776 INFO             PET0  PASS  Example CalendarEx, ESMF_CalendarEx.F90, line 217
20221016 014926.776 INFO             PET0 Finalizing ESMF
