2022-10-19 00:38:28
20221019 014435.595 INFO             PET0 !!!!!!!!!!!!!!!!!!!!!!!!!!!!!!!!!!!!!!!!!!!!!!!!!!!!!!
20221019 014435.596 INFO             PET0 !!! THE ESMF_LOG IS SET TO OUTPUT ALL LOG MESSAGES !!!
20221019 014435.596 INFO             PET0 !!!     THIS MAY CAUSE SLOWDOWN IN PERFORMANCE     !!!
20221019 014435.596 INFO             PET0 !!! FOR PRODUCTION RUNS, USE:                      !!!
20221019 014435.596 INFO             PET0 !!!                   ESMF_LOGKIND_Multi_On_Error  !!!
20221019 014435.596 INFO             PET0 !!!!!!!!!!!!!!!!!!!!!!!!!!!!!!!!!!!!!!!!!!!!!!!!!!!!!!
20221019 014435.596 INFO             PET0 Running with ESMF Version   : v8.4.0b20
20221019 014435.596 INFO             PET0 ESMF library build date/time: "Oct 19 2022" "00:37:06"
20221019 014435.596 INFO             PET0 ESMF library build location : /lustre/f2/dev/Mark.Potts/esmf-test/gfortran_8.3.0_mpi_O_release_8.4.0/esmf
20221019 014435.596 INFO             PET0 ESMF_COMM                   : mpi
20221019 014435.597 INFO             PET0 ESMF_MOAB                   : enabled
20221019 014435.597 INFO             PET0 ESMF_LAPACK                 : enabled
20221019 014435.597 INFO             PET0 ESMF_NETCDF                 : enabled
20221019 014435.597 INFO             PET0 ESMF_PNETCDF                : disabled
20221019 014435.597 INFO             PET0 ESMF_PIO                    : enabled
20221019 014435.597 INFO             PET0 ESMF_YAMLCPP                : enabled
20221019 014435.812 DEBUG            PET0 about to destroy Grid: 0x26dc560
20221019 014435.815 DEBUG            PET0 about to destroy Grid: 0x26de4e0
20221019 014435.842 INFO             PET0  NUMBER_OF_PROCESSORS           4
20221019 014435.842 INFO             PET0  PASS  Example ESMF_NUOPCAtmModelEx, ESMF_NUOPCAtmModelEx.F90, line 806
20221019 014435.842 INFO             PET0 Finalizing ESMF
20221019 014435.595 INFO             PET1 !!!!!!!!!!!!!!!!!!!!!!!!!!!!!!!!!!!!!!!!!!!!!!!!!!!!!!
20221019 014435.596 INFO             PET1 !!! THE ESMF_LOG IS SET TO OUTPUT ALL LOG MESSAGES !!!
20221019 014435.596 INFO             PET1 !!!     THIS MAY CAUSE SLOWDOWN IN PERFORMANCE     !!!
20221019 014435.596 INFO             PET1 !!! FOR PRODUCTION RUNS, USE:                      !!!
20221019 014435.596 INFO             PET1 !!!                   ESMF_LOGKIND_Multi_On_Error  !!!
20221019 014435.596 INFO             PET1 !!!!!!!!!!!!!!!!!!!!!!!!!!!!!!!!!!!!!!!!!!!!!!!!!!!!!!
20221019 014435.596 INFO             PET1 Running with ESMF Version   : v8.4.0b20
20221019 014435.596 INFO             PET1 ESMF library build date/time: "Oct 19 2022" "00:37:06"
20221019 014435.596 INFO             PET1 ESMF library build location : /lustre/f2/dev/Mark.Potts/esmf-test/gfortran_8.3.0_mpi_O_release_8.4.0/esmf
20221019 014435.596 INFO             PET1 ESMF_COMM                   : mpi
20221019 014435.597 INFO             PET1 ESMF_MOAB                   : enabled
20221019 014435.597 INFO             PET1 ESMF_LAPACK                 : enabled
20221019 014435.597 INFO             PET1 ESMF_NETCDF                 : enabled
20221019 014435.597 INFO             PET1 ESMF_PNETCDF                : disabled
20221019 014435.597 INFO             PET1 ESMF_PIO                    : enabled
20221019 014435.597 INFO             PET1 ESMF_YAMLCPP                : enabled
20221019 014435.812 DEBUG            PET1 about to destroy Grid: 0x26da4d0
20221019 014435.815 DEBUG            PET1 about to destroy Grid: 0x26dbc90
20221019 014435.842 INFO             PET1  NUMBER_OF_PROCESSORS           4
20221019 014435.842 INFO             PET1  PASS  Example ESMF_NUOPCAtmModelEx, ESMF_NUOPCAtmModelEx.F90, line 806
20221019 014435.842 INFO             PET1 Finalizing ESMF
20221019 014435.595 INFO             PET2 !!!!!!!!!!!!!!!!!!!!!!!!!!!!!!!!!!!!!!!!!!!!!!!!!!!!!!
20221019 014435.596 INFO             PET2 !!! THE ESMF_LOG IS SET TO OUTPUT ALL LOG MESSAGES !!!
20221019 014435.596 INFO             PET2 !!!     THIS MAY CAUSE SLOWDOWN IN PERFORMANCE     !!!
20221019 014435.596 INFO             PET2 !!! FOR PRODUCTION RUNS, USE:                      !!!
20221019 014435.596 INFO             PET2 !!!                   ESMF_LOGKIND_Multi_On_Error  !!!
20221019 014435.596 INFO             PET2 !!!!!!!!!!!!!!!!!!!!!!!!!!!!!!!!!!!!!!!!!!!!!!!!!!!!!!
20221019 014435.596 INFO             PET2 Running with ESMF Version   : v8.4.0b20
20221019 014435.596 INFO             PET2 ESMF library build date/time: "Oct 19 2022" "00:37:06"
20221019 014435.596 INFO             PET2 ESMF library build location : /lustre/f2/dev/Mark.Potts/esmf-test/gfortran_8.3.0_mpi_O_release_8.4.0/esmf
20221019 014435.596 INFO             PET2 ESMF_COMM                   : mpi
20221019 014435.597 INFO             PET2 ESMF_MOAB                   : enabled
20221019 014435.597 INFO             PET2 ESMF_LAPACK                 : enabled
20221019 014435.597 INFO             PET2 ESMF_NETCDF                 : enabled
20221019 014435.597 INFO             PET2 ESMF_PNETCDF                : disabled
20221019 014435.597 INFO             PET2 ESMF_PIO                    : enabled
20221019 014435.597 INFO             PET2 ESMF_YAMLCPP                : enabled
20221019 014435.812 DEBUG            PET2 about to destroy Grid: 0x26d9910
20221019 014435.815 DEBUG            PET2 about to destroy Grid: 0x26db0f0
20221019 014435.842 INFO             PET2  NUMBER_OF_PROCESSORS           4
20221019 014435.842 INFO             PET2  PASS  Example ESMF_NUOPCAtmModelEx, ESMF_NUOPCAtmModelEx.F90, line 806
20221019 014435.842 INFO             PET2 Finalizing ESMF
20221019 014435.595 INFO             PET3 !!!!!!!!!!!!!!!!!!!!!!!!!!!!!!!!!!!!!!!!!!!!!!!!!!!!!!
20221019 014435.596 INFO             PET3 !!! THE ESMF_LOG IS SET TO OUTPUT ALL LOG MESSAGES !!!
20221019 014435.596 INFO             PET3 !!!     THIS MAY CAUSE SLOWDOWN IN PERFORMANCE     !!!
20221019 014435.596 INFO             PET3 !!! FOR PRODUCTION RUNS, USE:                      !!!
20221019 014435.596 INFO             PET3 !!!                   ESMF_LOGKIND_Multi_On_Error  !!!
20221019 014435.596 INFO             PET3 !!!!!!!!!!!!!!!!!!!!!!!!!!!!!!!!!!!!!!!!!!!!!!!!!!!!!!
20221019 014435.596 INFO             PET3 Running with ESMF Version   : v8.4.0b20
20221019 014435.596 INFO             PET3 ESMF library build date/time: "Oct 19 2022" "00:37:06"
20221019 014435.596 INFO             PET3 ESMF library build location : /lustre/f2/dev/Mark.Potts/esmf-test/gfortran_8.3.0_mpi_O_release_8.4.0/esmf
20221019 014435.596 INFO             PET3 ESMF_COMM                   : mpi
20221019 014435.597 INFO             PET3 ESMF_MOAB                   : enabled
20221019 014435.597 INFO             PET3 ESMF_LAPACK                 : enabled
20221019 014435.597 INFO             PET3 ESMF_NETCDF                 : enabled
20221019 014435.597 INFO             PET3 ESMF_PNETCDF                : disabled
20221019 014435.597 INFO             PET3 ESMF_PIO                    : enabled
20221019 014435.597 INFO             PET3 ESMF_YAMLCPP                : enabled
20221019 014435.812 DEBUG            PET3 about to destroy Grid: 0x26d9cf0
20221019 014435.815 DEBUG            PET3 about to destroy Grid: 0x26db4b0
20221019 014435.842 INFO             PET3  NUMBER_OF_PROCESSORS           4
20221019 014435.842 INFO             PET3  PASS  Example ESMF_NUOPCAtmModelEx, ESMF_NUOPCAtmModelEx.F90, line 806
20221019 014435.842 INFO             PET3 Finalizing ESMF
