2022-09-25 00:39:31
20220925 013426.243 INFO             PET0 !!!!!!!!!!!!!!!!!!!!!!!!!!!!!!!!!!!!!!!!!!!!!!!!!!!!!!
20220925 013426.243 INFO             PET0 !!! THE ESMF_LOG IS SET TO OUTPUT ALL LOG MESSAGES !!!
20220925 013426.243 INFO             PET0 !!!     THIS MAY CAUSE SLOWDOWN IN PERFORMANCE     !!!
20220925 013426.243 INFO             PET0 !!! FOR PRODUCTION RUNS, USE:                      !!!
20220925 013426.243 INFO             PET0 !!!                   ESMF_LOGKIND_Multi_On_Error  !!!
20220925 013426.243 INFO             PET0 !!!!!!!!!!!!!!!!!!!!!!!!!!!!!!!!!!!!!!!!!!!!!!!!!!!!!!
20220925 013426.243 INFO             PET0 Running with ESMF Version   : v8.4.0b14-14-g1fd7513367
20220925 013426.243 INFO             PET0 ESMF library build date/time: "Sep 25 2022" "00:37:43"
20220925 013426.243 INFO             PET0 ESMF library build location : /lustre/f2/dev/Mark.Potts/esmf-test/intel_2019.5_mpi_g_develop/esmf
20220925 013426.243 INFO             PET0 ESMF_COMM                   : mpi
20220925 013426.244 INFO             PET0 ESMF_MOAB                   : enabled
20220925 013426.244 INFO             PET0 ESMF_LAPACK                 : enabled
20220925 013426.244 INFO             PET0 ESMF_NETCDF                 : enabled
20220925 013426.244 INFO             PET0 ESMF_PNETCDF                : disabled
20220925 013426.244 INFO             PET0 ESMF_PIO                    : enabled
20220925 013426.244 INFO             PET0 ESMF_YAMLCPP                : enabled
20220925 013426.258 INFO             PET0 mainApp STARTING
20220925 013426.303 INFO             PET0 driver: InitializeGeneric intro.
20220925 013426.303 INFO             PET0   driver: InitializeP0 intro.
20220925 013426.303 INFO             PET0   driver: InitializeP0 extro.
20220925 013426.303 INFO             PET0   driver: InitializeIPDv02p1 intro.
20220925 013426.303 INFO             PET0     >>>driver: entered Initialize (phase=<none>) without valid internal Clock.
20220925 013426.303 INFO             PET0     driver - Creating model component MODEL without petList.
20220925 013426.305 INFO             PET0      GridCompIsPetLocal:  T
20220925 013426.305 INFO             PET0      VmIsCreated:  T
20220925 013426.305 INFO             PET0      valid MPI_COMM with size=           4
20220925 013426.305 INFO             PET0     driver - Creating state: modelComp 1 Import State
20220925 013426.305 INFO             PET0     driver - Creating state: modelComp 1 Export State
20220925 013426.306 INFO             PET0     MODEL: InitializeP0 intro.
20220925 013426.306 INFO             PET0       >>>MODEL: entered Initialize (phase=<none>) without valid internal Clock.
20220925 013426.306 INFO             PET0       <<<MODEL: leaving Initialize (phase=<none>) without valid internal Clock.
20220925 013426.306 INFO             PET0     MODEL: InitializeP0 extro.
20220925 013426.307 INFO             PET0     driver: IInitAdvertise intro.
20220925 013426.307 INFO             PET0     driver: IInitAdvertise extro.
20220925 013426.307 INFO             PET0     MODEL: InitializeIPDvXp01 intro.
20220925 013426.307 INFO             PET0       >>>MODEL: entered Initialize (phase=IPDvXp01) without valid internal Clock.
20220925 013426.309 INFO             PET0       <<<MODEL: leaving Initialize (phase=IPDvXp01) without valid internal Clock.
20220925 013426.309 INFO             PET0     MODEL: InitializeIPDvXp01 extro.
20220925 013426.310 INFO             PET0     driver: IInitAdvertiseFinish intro.
20220925 013426.310 INFO             PET0     driver: IInitAdvertiseFinish extro.
20220925 013426.310 INFO             PET0     driver: IInitModifyCplLists intro.
20220925 013426.310 INFO             PET0     driver: IInitModifyCplLists extro.
20220925 013426.310 INFO             PET0     <<<driver: leaving Initialize (phase=<none>) with current time:    0  1  1  0  0  0   0
20220925 013426.310 INFO             PET0   driver: InitializeIPDv02p1 extro.
20220925 013426.310 INFO             PET0   driver: InitializeIPDv02p3 intro.
20220925 013426.311 INFO             PET0     >>>driver: entered Initialize (phase=<none>) with current time:    0  1  1  0  0  0   0
20220925 013426.311 INFO             PET0     driver: IInitCheck intro.
20220925 013426.311 INFO             PET0     driver: IInitCheck extro.
20220925 013426.311 INFO             PET0     MODEL: InitializeIPDvXp04 intro.
20220925 013426.311 INFO             PET0       >>>MODEL: entered Initialize (phase=IPDvXp04) without valid internal Clock.
20220925 013426.315 INFO             PET0       After Realize: - MemInfo: [/proc/meminfo - SSI]	MemTotal:       65855856 kB
20220925 013426.315 INFO             PET0       After Realize: - MemInfo: [/proc/meminfo - SSI]	MemFree:        60013080 kB
20220925 013426.315 INFO             PET0       After Realize: - MemInfo: [/proc/meminfo - SSI]	MemAvailable:   60993160 kB
20220925 013426.315 INFO             PET0       After Realize: - MemInfo: [/proc/meminfo - SSI]	Committed_AS:    2837124 kB
20220925 013426.315 INFO             PET0       After Realize: - MemInfo: [/proc/meminfo - SSI]	CommittedPercent: 4.30808 %
20220925 013426.315 INFO             PET0       After Realize: - MemInfo: [/proc/self/status]	VmPeak:	  117896 kB
20220925 013426.315 INFO             PET0       After Realize: - MemInfo: [/proc/self/status]	VmSize:	  117896 kB
20220925 013426.315 INFO             PET0       After Realize: - MemInfo: [/proc/self/status]	VmLck:	       0 kB
20220925 013426.316 INFO             PET0       After Realize: - MemInfo: [/proc/self/status]	VmPin:	       0 kB
20220925 013426.316 INFO             PET0       After Realize: - MemInfo: [/proc/self/status]	VmHWM:	   17052 kB
20220925 013426.316 INFO             PET0       After Realize: - MemInfo: [/proc/self/status]	VmRSS:	   17052 kB
20220925 013426.316 INFO             PET0       After Realize: - MemInfo: [/proc/self/status]	VmData:	   16636 kB
20220925 013426.316 INFO             PET0       After Realize: - MemInfo: [/proc/self/status]	VmStk:	     224 kB
20220925 013426.316 INFO             PET0       After Realize: - MemInfo: [/proc/self/status]	VmExe:	   75640 kB
20220925 013426.316 INFO             PET0       After Realize: - MemInfo: [/proc/self/status]	VmLib:	    1952 kB
20220925 013426.316 INFO             PET0       After Realize: - MemInfo: [/proc/self/status]	VmPTE:	     188 kB
20220925 013426.316 INFO             PET0       After Realize: - MemInfo: [/proc/self/status]	VmPMD:	      12 kB
20220925 013426.316 INFO             PET0       After Realize: - MemInfo: [/proc/self/status]	VmSwap:	       0 kB
20220925 013426.316 INFO             PET0       After Realize: - MemInfo: [/proc/self/status]	VmRSSPercent: 0.0258929 %
20220925 013426.316 INFO             PET0       After Realize: - MemInfo: [malloc] Non-mmapped space allocated:                  825792 Byte
20220925 013426.316 INFO             PET0       After Realize: - MemInfo: [malloc] Space allocated in mmapped regions:          4538368 Byte
20220925 013426.316 INFO             PET0       After Realize: - MemInfo: [malloc] Maximum total allocated space:                     0 Byte
20220925 013426.316 INFO             PET0       After Realize: - MemInfo: [malloc] Space in freed fastbin blocks:                   352 Byte
20220925 013426.316 INFO             PET0       After Realize: - MemInfo: [malloc] Total allocated space:                        805728 Byte
20220925 013426.316 INFO             PET0       After Realize: - MemInfo: [malloc] Total free space:                              20064 Byte
20220925 013426.316 INFO             PET0       After Realize: - MemInfo: [malloc] Top-most, releasable space:                    19712 Byte
20220925 013426.316 INFO             PET0       After Realize: - MemInfo: [malloc] Total space in use, mmap + non-mmap:         5344096 Byte
20220925 013426.316 INFO             PET0       After Realize: - MemInfo: [malloc] Total space held (mmap + non-mmap):          5364160 Byte
20220925 013426.316 INFO             PET0       After Realize: - MemInfo: [malloc] Total space used (mmap + non-mmap):          5353392 Byte
20220925 013426.316 INFO             PET0       After Realize: - MemInfo: Wall-clock time since execution start:              0.0810759 seconds
20220925 013426.316 INFO             PET0       <<<MODEL: leaving Initialize (phase=IPDvXp04) without valid internal Clock.
20220925 013426.316 INFO             PET0     MODEL: InitializeIPDvXp04 extro.
20220925 013426.316 INFO             PET0     driver: IInitRealize intro.
20220925 013426.316 INFO             PET0     driver: IInitRealize extro.
20220925 013426.317 INFO             PET0     MODEL: InitializeIPDvXp07 intro.
20220925 013426.317 INFO             PET0       >>>MODEL: entered Initialize (phase=IPDvXp07) without valid internal Clock.
20220925 013426.317 INFO             PET0       <<<MODEL: leaving Initialize (phase=IPDvXp07) with current time:    0  1  1  0  0  0   0
20220925 013426.317 INFO             PET0     MODEL: InitializeIPDvXp07 extro.
20220925 013426.317 INFO             PET0     <<<driver: leaving Initialize (phase=<none>) with current time:    0  1  1  0  0  0   0
20220925 013426.317 INFO             PET0   driver: InitializeIPDv02p3 extro.
20220925 013426.317 INFO             PET0   driver: InitializeIPDv02p5 intro.
20220925 013426.318 INFO             PET0     >>>driver: entered Initialize (phase=<none>) with current time:    0  1  1  0  0  0   0
20220925 013426.318 INFO             PET0     driver: this is a top level driver, no 'Updated' and 'InitializeDataComplete' info on this level.
20220925 013426.318 INFO             PET0     driver: InitializeIPDv02p5Data intro.
20220925 013426.318 INFO             PET0       driver: InternalInitializeComplete intro.
20220925 013426.318 INFO             PET0         driver: InitializeDataComplete='true'
20220925 013426.318 INFO             PET0       driver: InternalInitializeComplete extro.
20220925 013426.318 INFO             PET0       MODEL: InitializeIPDvXp08 intro.
20220925 013426.318 INFO             PET0         >>>MODEL: entered Initialize (phase=IPDv05p8) with current time:    0  1  1  0  0  0   0
20220925 013426.318 INFO             PET0         MODEL: InitializeDataProgress='false', InitializeDataComplete='false'
20220925 013426.318 INFO             PET0         <<<MODEL: leaving Initialize (phase=IPDv05p8) with current time:    0  1  1  0  0  0   0
20220925 013426.318 INFO             PET0       MODEL: InitializeIPDvXp08 extro.
20220925 013426.319 INFO             PET0       driver: components present that trigger loopDataDependentInitialize().
20220925 013426.319 INFO             PET0       driver: loopDataDependentInitialize intro.
20220925 013426.319 INFO             PET0         driver: component    0=driver, dataComplete (local): true
20220925 013426.319 INFO             PET0         driver: component    0=driver, dataComplete (global):  T
20220925 013426.319 INFO             PET0         driver: component    1=MODEL, dataComplete (local): false
20220925 013426.319 INFO             PET0         driver: component    1=MODEL, dataComplete (global):  F
20220925 013426.319 INFO             PET0         MODEL: InitializeIPDvXp08 intro.
20220925 013426.319 INFO             PET0           >>>MODEL: entered Initialize (phase=IPDv05p8) with current time:    0  1  1  0  0  0   0
20220925 013426.319 INFO             PET0           MODEL: InitializeDataProgress='true', InitializeDataComplete='true'
20220925 013426.319 INFO             PET0           <<<MODEL: leaving Initialize (phase=IPDv05p8) with current time:    0  1  1  0  0  0   0
20220925 013426.319 INFO             PET0         MODEL: InitializeIPDvXp08 extro.
20220925 013426.320 INFO             PET0         driver: component    1=MODEL, someProgress (local): true
20220925 013426.320 INFO             PET0         driver: component    1=MODEL, someProgress (global):  T
20220925 013426.320 INFO             PET0         driver: someProgress= T, allComplete= F, present(dataDepAllComplete)= T
20220925 013426.320 INFO             PET0         driver: component    0=driver, dataComplete (local): true
20220925 013426.320 INFO             PET0         driver: component    0=driver, dataComplete (global):  T
20220925 013426.320 INFO             PET0         driver: component    1=MODEL, dataComplete (local): true
20220925 013426.320 INFO             PET0         driver: component    1=MODEL, dataComplete (global):  T
20220925 013426.320 INFO             PET0         driver: someProgress= F, allComplete= T, present(dataDepAllComplete)= T
20220925 013426.320 INFO             PET0         driver: finished resolving initialize data dependencies on this level.
20220925 013426.320 INFO             PET0       driver: loopDataDependentInitialize extro.
20220925 013426.320 INFO             PET0       driver: loopDataDependentInitialize() returned with dataDepAllComplete:  T
20220925 013426.320 INFO             PET0     driver: InitializeIPDv02p5Data extro.
20220925 013426.320 INFO             PET0     <<<driver: leaving Initialize (phase=<none>) with current time:    0  1  1  0  0  0   0
20220925 013426.320 INFO             PET0   driver: InitializeIPDv02p5 extro.
20220925 013426.320 INFO             PET0 driver: InitializeGeneric extro.
20220925 013426.320 INFO             PET0 driver: Run intro.
20220925 013426.320 INFO             PET0   >>>driver entered Run (phase=RunPhase1) with current time:    0  1  1  0  0  0   0
20220925 013426.320 INFO             PET0   driver: after lable_SetRunClock, current time:    0  1  1  0  0  0   0
20220925 013426.320 INFO             PET0   driver: begin -------> RunSequence.
20220925 013426.320 INFO             PET0     driver: RunSequence event loopLevel=   1  levelMember=   1  loopIteration=   1, current time:    0  1  1  0  0  0   0
20220925 013426.320 INFO             PET0     MODEL: Run intro.
20220925 013426.320 INFO             PET0       >>>MODEL: entered Run (phase=RunPhase1) with current time:    0  1  1  0  0  0   0
20220925 013426.320 INFO             PET0       MODEL: time step-loop starting, current time:    0  1  1  0  0  0   0
20220925 013426.321 INFO             PET0       thread_num=   0   currentSsiPe=  36   num_threads=   3   max_threads=   3   num_procs=   2
20220925 013426.321 INFO             PET0       thread_num=   1   currentSsiPe=   0   num_threads=   3   max_threads=   3   num_procs=   2
20220925 013426.323 INFO             PET0       thread_num=   2   currentSsiPe=   0   num_threads=   3   max_threads=   3   num_procs=   2
20220925 013426.323 INFO             PET0       ---->Advancing Model from:    0  1  1  0  0  0   0
20220925 013426.323 INFO             PET0       ---------------------> to:    0  1  1  0  0 30   0
20220925 013426.323 INFO             PET0       MODEL: time step-loop ending,   current time:    0  1  1  0  0 30   0
20220925 013426.323 INFO             PET0       <<<MODEL: leaving Run (phase=RunPhase1) with current time:    0  1  1  0  0 30   0
20220925 013426.323 INFO             PET0     MODEL: Run extro.
20220925 013426.323 INFO             PET0     driver: RunSequence event loopLevel=   1  levelMember=   1  loopIteration=   2, current time:    0  1  1  0  0 30   0
20220925 013426.323 INFO             PET0     MODEL: Run intro.
20220925 013426.323 INFO             PET0       >>>MODEL: entered Run (phase=RunPhase1) with current time:    0  1  1  0  0 30   0
20220925 013426.323 INFO             PET0       MODEL: time step-loop starting, current time:    0  1  1  0  0 30   0
20220925 013426.323 INFO             PET0       thread_num=   0   currentSsiPe=  36   num_threads=   3   max_threads=   3   num_procs=   2
20220925 013426.324 INFO             PET0       thread_num=   1   currentSsiPe=   0   num_threads=   3   max_threads=   3   num_procs=   2
20220925 013426.324 INFO             PET0       thread_num=   2   currentSsiPe=   0   num_threads=   3   max_threads=   3   num_procs=   2
20220925 013426.324 INFO             PET0       ---->Advancing Model from:    0  1  1  0  0 30   0
20220925 013426.324 INFO             PET0       ---------------------> to:    0  1  1  0  1  0   0
20220925 013426.324 INFO             PET0       MODEL: time step-loop ending,   current time:    0  1  1  0  1  0   0
20220925 013426.324 INFO             PET0       <<<MODEL: leaving Run (phase=RunPhase1) with current time:    0  1  1  0  1  0   0
20220925 013426.324 INFO             PET0     MODEL: Run extro.
20220925 013426.324 INFO             PET0     driver: RunSequence event loopLevel=   1  levelMember=   1  loopIteration=   3, current time:    0  1  1  0  1  0   0
20220925 013426.324 INFO             PET0     MODEL: Run intro.
20220925 013426.324 INFO             PET0       >>>MODEL: entered Run (phase=RunPhase1) with current time:    0  1  1  0  1  0   0
20220925 013426.324 INFO             PET0       MODEL: time step-loop starting, current time:    0  1  1  0  1  0   0
20220925 013426.324 INFO             PET0       thread_num=   0   currentSsiPe=  36   num_threads=   3   max_threads=   3   num_procs=   2
20220925 013426.324 INFO             PET0       thread_num=   1   currentSsiPe=   0   num_threads=   3   max_threads=   3   num_procs=   2
20220925 013426.324 INFO             PET0       thread_num=   2   currentSsiPe=   0   num_threads=   3   max_threads=   3   num_procs=   2
20220925 013426.324 INFO             PET0       ---->Advancing Model from:    0  1  1  0  1  0   0
20220925 013426.324 INFO             PET0       ---------------------> to:    0  1  1  0  1 30   0
20220925 013426.324 INFO             PET0       MODEL: time step-loop ending,   current time:    0  1  1  0  1 30   0
20220925 013426.325 INFO             PET0       <<<MODEL: leaving Run (phase=RunPhase1) with current time:    0  1  1  0  1 30   0
20220925 013426.325 INFO             PET0     MODEL: Run extro.
20220925 013426.325 INFO             PET0     driver: RunSequence event loopLevel=   1  levelMember=   1  loopIteration=   4, current time:    0  1  1  0  1 30   0
20220925 013426.325 INFO             PET0     MODEL: Run intro.
20220925 013426.325 INFO             PET0       >>>MODEL: entered Run (phase=RunPhase1) with current time:    0  1  1  0  1 30   0
20220925 013426.325 INFO             PET0       MODEL: time step-loop starting, current time:    0  1  1  0  1 30   0
20220925 013426.325 INFO             PET0       thread_num=   0   currentSsiPe=  36   num_threads=   3   max_threads=   3   num_procs=   2
20220925 013426.325 INFO             PET0       thread_num=   1   currentSsiPe=   0   num_threads=   3   max_threads=   3   num_procs=   2
20220925 013426.325 INFO             PET0       thread_num=   2   currentSsiPe=   0   num_threads=   3   max_threads=   3   num_procs=   2
20220925 013426.325 INFO             PET0       ---->Advancing Model from:    0  1  1  0  1 30   0
20220925 013426.325 INFO             PET0       ---------------------> to:    0  1  1  0  2  0   0
20220925 013426.325 INFO             PET0       MODEL: time step-loop ending,   current time:    0  1  1  0  2  0   0
20220925 013426.325 INFO             PET0       <<<MODEL: leaving Run (phase=RunPhase1) with current time:    0  1  1  0  2  0   0
20220925 013426.325 INFO             PET0     MODEL: Run extro.
20220925 013426.325 INFO             PET0     driver: RunSequence event loopLevel=   1  levelMember=   1  loopIteration=   5, current time:    0  1  1  0  2  0   0
20220925 013426.325 INFO             PET0     MODEL: Run intro.
20220925 013426.326 INFO             PET0       >>>MODEL: entered Run (phase=RunPhase1) with current time:    0  1  1  0  2  0   0
20220925 013426.326 INFO             PET0       MODEL: time step-loop starting, current time:    0  1  1  0  2  0   0
20220925 013426.326 INFO             PET0       thread_num=   0   currentSsiPe=  36   num_threads=   3   max_threads=   3   num_procs=   2
20220925 013426.326 INFO             PET0       thread_num=   2   currentSsiPe=   0   num_threads=   3   max_threads=   3   num_procs=   2
20220925 013426.326 INFO             PET0       thread_num=   1   currentSsiPe=   0   num_threads=   3   max_threads=   3   num_procs=   2
20220925 013426.326 INFO             PET0       ---->Advancing Model from:    0  1  1  0  2  0   0
20220925 013426.326 INFO             PET0       ---------------------> to:    0  1  1  0  2 30   0
20220925 013426.326 INFO             PET0       MODEL: time step-loop ending,   current time:    0  1  1  0  2 30   0
20220925 013426.326 INFO             PET0       <<<MODEL: leaving Run (phase=RunPhase1) with current time:    0  1  1  0  2 30   0
20220925 013426.326 INFO             PET0     MODEL: Run extro.
20220925 013426.326 INFO             PET0   driver: end <--------- RunSequence
20220925 013426.326 INFO             PET0   <<<driver - leaving Run with current time:    0  1  1  0  2 30   0
20220925 013426.326 INFO             PET0 driver: Run extro.
20220925 013426.326 INFO             PET0 driver: Finalize intro.
20220925 013426.326 INFO             PET0   Calling Finalize phase 1 for modelComp: MODEL
20220925 013426.326 INFO             PET0   MODEL: Finalize intro.
20220925 013426.326 INFO             PET0     >>>MODEL: entered Finalize (phase=FinalizePhase1) with current time:    0  1  1  0  2 30   0
20220925 013426.327 INFO             PET0     <<<MODEL: leaving Finalize (phase=FinalizePhase1) with current time:    0  1  1  0  2 30   0
20220925 013426.327 INFO             PET0   MODEL: Finalize extro.
20220925 013426.327 INFO             PET0   Delete modelComp: MODEL
20220925 013426.327 INFO             PET0   Delete Import-/Export State for modelComp: MODEL
20220925 013426.327 INFO             PET0 driver: Finalize extro.
20220925 013426.327 INFO             PET0 mainApp FINISHED
20220925 013426.327 INFO             PET0 Finalizing ESMF
20220925 013426.242 INFO             PET1 !!!!!!!!!!!!!!!!!!!!!!!!!!!!!!!!!!!!!!!!!!!!!!!!!!!!!!
20220925 013426.242 INFO             PET1 !!! THE ESMF_LOG IS SET TO OUTPUT ALL LOG MESSAGES !!!
20220925 013426.243 INFO             PET1 !!!     THIS MAY CAUSE SLOWDOWN IN PERFORMANCE     !!!
20220925 013426.243 INFO             PET1 !!! FOR PRODUCTION RUNS, USE:                      !!!
20220925 013426.243 INFO             PET1 !!!                   ESMF_LOGKIND_Multi_On_Error  !!!
20220925 013426.243 INFO             PET1 !!!!!!!!!!!!!!!!!!!!!!!!!!!!!!!!!!!!!!!!!!!!!!!!!!!!!!
20220925 013426.243 INFO             PET1 Running with ESMF Version   : v8.4.0b14-14-g1fd7513367
20220925 013426.243 INFO             PET1 ESMF library build date/time: "Sep 25 2022" "00:37:43"
20220925 013426.243 INFO             PET1 ESMF library build location : /lustre/f2/dev/Mark.Potts/esmf-test/intel_2019.5_mpi_g_develop/esmf
20220925 013426.243 INFO             PET1 ESMF_COMM                   : mpi
20220925 013426.243 INFO             PET1 ESMF_MOAB                   : enabled
20220925 013426.243 INFO             PET1 ESMF_LAPACK                 : enabled
20220925 013426.243 INFO             PET1 ESMF_NETCDF                 : enabled
20220925 013426.243 INFO             PET1 ESMF_PNETCDF                : disabled
20220925 013426.243 INFO             PET1 ESMF_PIO                    : enabled
20220925 013426.243 INFO             PET1 ESMF_YAMLCPP                : enabled
20220925 013426.258 INFO             PET1 mainApp STARTING
20220925 013426.301 INFO             PET1 driver: InitializeGeneric intro.
20220925 013426.301 INFO             PET1   driver: InitializeP0 intro.
20220925 013426.301 INFO             PET1   driver: InitializeP0 extro.
20220925 013426.301 INFO             PET1   driver: InitializeIPDv02p1 intro.
20220925 013426.301 INFO             PET1     >>>driver: entered Initialize (phase=<none>) without valid internal Clock.
20220925 013426.303 INFO             PET1     driver - Creating model component MODEL without petList.
20220925 013426.305 INFO             PET1      GridCompIsPetLocal:  T
20220925 013426.305 INFO             PET1      VmIsCreated:  T
20220925 013426.305 INFO             PET1      valid MPI_COMM with size=           4
20220925 013426.305 INFO             PET1     driver - Creating state: modelComp 1 Import State
20220925 013426.305 INFO             PET1     driver - Creating state: modelComp 1 Export State
20220925 013426.306 INFO             PET1     MODEL: InitializeP0 intro.
20220925 013426.306 INFO             PET1       >>>MODEL: entered Initialize (phase=<none>) without valid internal Clock.
20220925 013426.306 INFO             PET1       <<<MODEL: leaving Initialize (phase=<none>) without valid internal Clock.
20220925 013426.306 INFO             PET1     MODEL: InitializeP0 extro.
20220925 013426.307 INFO             PET1     driver: IInitAdvertise intro.
20220925 013426.307 INFO             PET1     driver: IInitAdvertise extro.
20220925 013426.307 INFO             PET1     MODEL: InitializeIPDvXp01 intro.
20220925 013426.307 INFO             PET1       >>>MODEL: entered Initialize (phase=IPDvXp01) without valid internal Clock.
20220925 013426.309 INFO             PET1       <<<MODEL: leaving Initialize (phase=IPDvXp01) without valid internal Clock.
20220925 013426.309 INFO             PET1     MODEL: InitializeIPDvXp01 extro.
20220925 013426.310 INFO             PET1     driver: IInitAdvertiseFinish intro.
20220925 013426.310 INFO             PET1     driver: IInitAdvertiseFinish extro.
20220925 013426.310 INFO             PET1     driver: IInitModifyCplLists intro.
20220925 013426.310 INFO             PET1     driver: IInitModifyCplLists extro.
20220925 013426.310 INFO             PET1     <<<driver: leaving Initialize (phase=<none>) with current time:    0  1  1  0  0  0   0
20220925 013426.310 INFO             PET1   driver: InitializeIPDv02p1 extro.
20220925 013426.310 INFO             PET1   driver: InitializeIPDv02p3 intro.
20220925 013426.311 INFO             PET1     >>>driver: entered Initialize (phase=<none>) with current time:    0  1  1  0  0  0   0
20220925 013426.311 INFO             PET1     driver: IInitCheck intro.
20220925 013426.311 INFO             PET1     driver: IInitCheck extro.
20220925 013426.311 INFO             PET1     MODEL: InitializeIPDvXp04 intro.
20220925 013426.311 INFO             PET1       >>>MODEL: entered Initialize (phase=IPDvXp04) without valid internal Clock.
20220925 013426.315 INFO             PET1       After Realize: - MemInfo: [/proc/meminfo - SSI]	MemTotal:       65855856 kB
20220925 013426.315 INFO             PET1       After Realize: - MemInfo: [/proc/meminfo - SSI]	MemFree:        60013080 kB
20220925 013426.315 INFO             PET1       After Realize: - MemInfo: [/proc/meminfo - SSI]	MemAvailable:   60993160 kB
20220925 013426.315 INFO             PET1       After Realize: - MemInfo: [/proc/meminfo - SSI]	Committed_AS:    2837124 kB
20220925 013426.315 INFO             PET1       After Realize: - MemInfo: [/proc/meminfo - SSI]	CommittedPercent: 4.30808 %
20220925 013426.315 INFO             PET1       After Realize: - MemInfo: [/proc/self/status]	VmPeak:	  117904 kB
20220925 013426.315 INFO             PET1       After Realize: - MemInfo: [/proc/self/status]	VmSize:	  117904 kB
20220925 013426.315 INFO             PET1       After Realize: - MemInfo: [/proc/self/status]	VmLck:	       0 kB
20220925 013426.315 INFO             PET1       After Realize: - MemInfo: [/proc/self/status]	VmPin:	       0 kB
20220925 013426.315 INFO             PET1       After Realize: - MemInfo: [/proc/self/status]	VmHWM:	   16972 kB
20220925 013426.315 INFO             PET1       After Realize: - MemInfo: [/proc/self/status]	VmRSS:	   16972 kB
20220925 013426.315 INFO             PET1       After Realize: - MemInfo: [/proc/self/status]	VmData:	   16644 kB
20220925 013426.315 INFO             PET1       After Realize: - MemInfo: [/proc/self/status]	VmStk:	     224 kB
20220925 013426.315 INFO             PET1       After Realize: - MemInfo: [/proc/self/status]	VmExe:	   75640 kB
20220925 013426.315 INFO             PET1       After Realize: - MemInfo: [/proc/self/status]	VmLib:	    1952 kB
20220925 013426.315 INFO             PET1       After Realize: - MemInfo: [/proc/self/status]	VmPTE:	     196 kB
20220925 013426.315 INFO             PET1       After Realize: - MemInfo: [/proc/self/status]	VmPMD:	      12 kB
20220925 013426.315 INFO             PET1       After Realize: - MemInfo: [/proc/self/status]	VmSwap:	       0 kB
20220925 013426.316 INFO             PET1       After Realize: - MemInfo: [/proc/self/status]	VmRSSPercent: 0.0257714 %
20220925 013426.316 INFO             PET1       After Realize: - MemInfo: [malloc] Non-mmapped space allocated:                  833984 Byte
20220925 013426.316 INFO             PET1       After Realize: - MemInfo: [malloc] Space allocated in mmapped regions:          4538368 Byte
20220925 013426.316 INFO             PET1       After Realize: - MemInfo: [malloc] Maximum total allocated space:                     0 Byte
20220925 013426.316 INFO             PET1       After Realize: - MemInfo: [malloc] Space in freed fastbin blocks:                   352 Byte
20220925 013426.316 INFO             PET1       After Realize: - MemInfo: [malloc] Total allocated space:                        798704 Byte
20220925 013426.316 INFO             PET1       After Realize: - MemInfo: [malloc] Total free space:                              35280 Byte
20220925 013426.316 INFO             PET1       After Realize: - MemInfo: [malloc] Top-most, releasable space:                    34928 Byte
20220925 013426.316 INFO             PET1       After Realize: - MemInfo: [malloc] Total space in use, mmap + non-mmap:         5337072 Byte
20220925 013426.316 INFO             PET1       After Realize: - MemInfo: [malloc] Total space held (mmap + non-mmap):          5372352 Byte
20220925 013426.316 INFO             PET1       After Realize: - MemInfo: [malloc] Total space used (mmap + non-mmap):          5346368 Byte
20220925 013426.316 INFO             PET1       After Realize: - MemInfo: Wall-clock time since execution start:              0.0809641 seconds
20220925 013426.316 INFO             PET1       <<<MODEL: leaving Initialize (phase=IPDvXp04) without valid internal Clock.
20220925 013426.316 INFO             PET1     MODEL: InitializeIPDvXp04 extro.
20220925 013426.317 INFO             PET1     driver: IInitRealize intro.
20220925 013426.317 INFO             PET1     driver: IInitRealize extro.
20220925 013426.317 INFO             PET1     MODEL: InitializeIPDvXp07 intro.
20220925 013426.317 INFO             PET1       >>>MODEL: entered Initialize (phase=IPDvXp07) without valid internal Clock.
20220925 013426.317 INFO             PET1       <<<MODEL: leaving Initialize (phase=IPDvXp07) with current time:    0  1  1  0  0  0   0
20220925 013426.317 INFO             PET1     MODEL: InitializeIPDvXp07 extro.
20220925 013426.317 INFO             PET1     <<<driver: leaving Initialize (phase=<none>) with current time:    0  1  1  0  0  0   0
20220925 013426.317 INFO             PET1   driver: InitializeIPDv02p3 extro.
20220925 013426.318 INFO             PET1   driver: InitializeIPDv02p5 intro.
20220925 013426.318 INFO             PET1     >>>driver: entered Initialize (phase=<none>) with current time:    0  1  1  0  0  0   0
20220925 013426.318 INFO             PET1     driver: this is a top level driver, no 'Updated' and 'InitializeDataComplete' info on this level.
20220925 013426.318 INFO             PET1     driver: InitializeIPDv02p5Data intro.
20220925 013426.318 INFO             PET1       driver: InternalInitializeComplete intro.
20220925 013426.318 INFO             PET1         driver: InitializeDataComplete='true'
20220925 013426.318 INFO             PET1       driver: InternalInitializeComplete extro.
20220925 013426.318 INFO             PET1       MODEL: InitializeIPDvXp08 intro.
20220925 013426.318 INFO             PET1         >>>MODEL: entered Initialize (phase=IPDv05p8) with current time:    0  1  1  0  0  0   0
20220925 013426.318 INFO             PET1         MODEL: InitializeDataProgress='false', InitializeDataComplete='false'
20220925 013426.318 INFO             PET1         <<<MODEL: leaving Initialize (phase=IPDv05p8) with current time:    0  1  1  0  0  0   0
20220925 013426.318 INFO             PET1       MODEL: InitializeIPDvXp08 extro.
20220925 013426.319 INFO             PET1       driver: components present that trigger loopDataDependentInitialize().
20220925 013426.319 INFO             PET1       driver: loopDataDependentInitialize intro.
20220925 013426.319 INFO             PET1         driver: component    0=driver, dataComplete (local): true
20220925 013426.319 INFO             PET1         driver: component    0=driver, dataComplete (global):  T
20220925 013426.319 INFO             PET1         driver: component    1=MODEL, dataComplete (local): false
20220925 013426.319 INFO             PET1         driver: component    1=MODEL, dataComplete (global):  F
20220925 013426.319 INFO             PET1         MODEL: InitializeIPDvXp08 intro.
20220925 013426.319 INFO             PET1           >>>MODEL: entered Initialize (phase=IPDv05p8) with current time:    0  1  1  0  0  0   0
20220925 013426.319 INFO             PET1           MODEL: InitializeDataProgress='true', InitializeDataComplete='true'
20220925 013426.319 INFO             PET1           <<<MODEL: leaving Initialize (phase=IPDv05p8) with current time:    0  1  1  0  0  0   0
20220925 013426.319 INFO             PET1         MODEL: InitializeIPDvXp08 extro.
20220925 013426.320 INFO             PET1         driver: component    1=MODEL, someProgress (local): true
20220925 013426.320 INFO             PET1         driver: component    1=MODEL, someProgress (global):  T
20220925 013426.320 INFO             PET1         driver: someProgress= T, allComplete= F, present(dataDepAllComplete)= T
20220925 013426.320 INFO             PET1         driver: component    0=driver, dataComplete (local): true
20220925 013426.320 INFO             PET1         driver: component    0=driver, dataComplete (global):  T
20220925 013426.320 INFO             PET1         driver: component    1=MODEL, dataComplete (local): true
20220925 013426.320 INFO             PET1         driver: component    1=MODEL, dataComplete (global):  T
20220925 013426.320 INFO             PET1         driver: someProgress= F, allComplete= T, present(dataDepAllComplete)= T
20220925 013426.320 INFO             PET1         driver: finished resolving initialize data dependencies on this level.
20220925 013426.320 INFO             PET1       driver: loopDataDependentInitialize extro.
20220925 013426.320 INFO             PET1       driver: loopDataDependentInitialize() returned with dataDepAllComplete:  T
20220925 013426.320 INFO             PET1     driver: InitializeIPDv02p5Data extro.
20220925 013426.320 INFO             PET1     <<<driver: leaving Initialize (phase=<none>) with current time:    0  1  1  0  0  0   0
20220925 013426.320 INFO             PET1   driver: InitializeIPDv02p5 extro.
20220925 013426.320 INFO             PET1 driver: InitializeGeneric extro.
20220925 013426.320 INFO             PET1 driver: Run intro.
20220925 013426.320 INFO             PET1   >>>driver entered Run (phase=RunPhase1) with current time:    0  1  1  0  0  0   0
20220925 013426.320 INFO             PET1   driver: after lable_SetRunClock, current time:    0  1  1  0  0  0   0
20220925 013426.320 INFO             PET1   driver: begin -------> RunSequence.
20220925 013426.320 INFO             PET1     driver: RunSequence event loopLevel=   1  levelMember=   1  loopIteration=   1, current time:    0  1  1  0  0  0   0
20220925 013426.320 INFO             PET1     MODEL: Run intro.
20220925 013426.320 INFO             PET1       >>>MODEL: entered Run (phase=RunPhase1) with current time:    0  1  1  0  0  0   0
20220925 013426.320 INFO             PET1       MODEL: time step-loop starting, current time:    0  1  1  0  0  0   0
20220925 013426.321 INFO             PET1       thread_num=   0   currentSsiPe=  18   num_threads=   3   max_threads=   3   num_procs=   2
20220925 013426.321 INFO             PET1       thread_num=   1   currentSsiPe=  54   num_threads=   3   max_threads=   3   num_procs=   2
20220925 013426.323 INFO             PET1       thread_num=   2   currentSsiPe=  54   num_threads=   3   max_threads=   3   num_procs=   2
20220925 013426.323 INFO             PET1       ---->Advancing Model from:    0  1  1  0  0  0   0
20220925 013426.323 INFO             PET1       ---------------------> to:    0  1  1  0  0 30   0
20220925 013426.323 INFO             PET1       MODEL: time step-loop ending,   current time:    0  1  1  0  0 30   0
20220925 013426.323 INFO             PET1       <<<MODEL: leaving Run (phase=RunPhase1) with current time:    0  1  1  0  0 30   0
20220925 013426.323 INFO             PET1     MODEL: Run extro.
20220925 013426.323 INFO             PET1     driver: RunSequence event loopLevel=   1  levelMember=   1  loopIteration=   2, current time:    0  1  1  0  0 30   0
20220925 013426.323 INFO             PET1     MODEL: Run intro.
20220925 013426.323 INFO             PET1       >>>MODEL: entered Run (phase=RunPhase1) with current time:    0  1  1  0  0 30   0
20220925 013426.324 INFO             PET1       MODEL: time step-loop starting, current time:    0  1  1  0  0 30   0
20220925 013426.324 INFO             PET1       thread_num=   0   currentSsiPe=  18   num_threads=   3   max_threads=   3   num_procs=   2
20220925 013426.324 INFO             PET1       thread_num=   2   currentSsiPe=  54   num_threads=   3   max_threads=   3   num_procs=   2
20220925 013426.324 INFO             PET1       thread_num=   1   currentSsiPe=  54   num_threads=   3   max_threads=   3   num_procs=   2
20220925 013426.324 INFO             PET1       ---->Advancing Model from:    0  1  1  0  0 30   0
20220925 013426.324 INFO             PET1       ---------------------> to:    0  1  1  0  1  0   0
20220925 013426.324 INFO             PET1       MODEL: time step-loop ending,   current time:    0  1  1  0  1  0   0
20220925 013426.324 INFO             PET1       <<<MODEL: leaving Run (phase=RunPhase1) with current time:    0  1  1  0  1  0   0
20220925 013426.324 INFO             PET1     MODEL: Run extro.
20220925 013426.324 INFO             PET1     driver: RunSequence event loopLevel=   1  levelMember=   1  loopIteration=   3, current time:    0  1  1  0  1  0   0
20220925 013426.324 INFO             PET1     MODEL: Run intro.
20220925 013426.324 INFO             PET1       >>>MODEL: entered Run (phase=RunPhase1) with current time:    0  1  1  0  1  0   0
20220925 013426.324 INFO             PET1       MODEL: time step-loop starting, current time:    0  1  1  0  1  0   0
20220925 013426.324 INFO             PET1       thread_num=   0   currentSsiPe=  18   num_threads=   3   max_threads=   3   num_procs=   2
20220925 013426.324 INFO             PET1       thread_num=   2   currentSsiPe=  54   num_threads=   3   max_threads=   3   num_procs=   2
20220925 013426.324 INFO             PET1       thread_num=   1   currentSsiPe=  54   num_threads=   3   max_threads=   3   num_procs=   2
20220925 013426.325 INFO             PET1       ---->Advancing Model from:    0  1  1  0  1  0   0
20220925 013426.325 INFO             PET1       ---------------------> to:    0  1  1  0  1 30   0
20220925 013426.325 INFO             PET1       MODEL: time step-loop ending,   current time:    0  1  1  0  1 30   0
20220925 013426.325 INFO             PET1       <<<MODEL: leaving Run (phase=RunPhase1) with current time:    0  1  1  0  1 30   0
20220925 013426.325 INFO             PET1     MODEL: Run extro.
20220925 013426.325 INFO             PET1     driver: RunSequence event loopLevel=   1  levelMember=   1  loopIteration=   4, current time:    0  1  1  0  1 30   0
20220925 013426.325 INFO             PET1     MODEL: Run intro.
20220925 013426.325 INFO             PET1       >>>MODEL: entered Run (phase=RunPhase1) with current time:    0  1  1  0  1 30   0
20220925 013426.325 INFO             PET1       MODEL: time step-loop starting, current time:    0  1  1  0  1 30   0
20220925 013426.325 INFO             PET1       thread_num=   0   currentSsiPe=  18   num_threads=   3   max_threads=   3   num_procs=   2
20220925 013426.325 INFO             PET1       thread_num=   2   currentSsiPe=  54   num_threads=   3   max_threads=   3   num_procs=   2
20220925 013426.325 INFO             PET1       thread_num=   1   currentSsiPe=  54   num_threads=   3   max_threads=   3   num_procs=   2
20220925 013426.325 INFO             PET1       ---->Advancing Model from:    0  1  1  0  1 30   0
20220925 013426.325 INFO             PET1       ---------------------> to:    0  1  1  0  2  0   0
20220925 013426.325 INFO             PET1       MODEL: time step-loop ending,   current time:    0  1  1  0  2  0   0
20220925 013426.325 INFO             PET1       <<<MODEL: leaving Run (phase=RunPhase1) with current time:    0  1  1  0  2  0   0
20220925 013426.325 INFO             PET1     MODEL: Run extro.
20220925 013426.326 INFO             PET1     driver: RunSequence event loopLevel=   1  levelMember=   1  loopIteration=   5, current time:    0  1  1  0  2  0   0
20220925 013426.326 INFO             PET1     MODEL: Run intro.
20220925 013426.326 INFO             PET1       >>>MODEL: entered Run (phase=RunPhase1) with current time:    0  1  1  0  2  0   0
20220925 013426.326 INFO             PET1       MODEL: time step-loop starting, current time:    0  1  1  0  2  0   0
20220925 013426.326 INFO             PET1       thread_num=   0   currentSsiPe=  18   num_threads=   3   max_threads=   3   num_procs=   2
20220925 013426.326 INFO             PET1       thread_num=   1   currentSsiPe=  54   num_threads=   3   max_threads=   3   num_procs=   2
20220925 013426.326 INFO             PET1       thread_num=   2   currentSsiPe=  54   num_threads=   3   max_threads=   3   num_procs=   2
20220925 013426.326 INFO             PET1       ---->Advancing Model from:    0  1  1  0  2  0   0
20220925 013426.326 INFO             PET1       ---------------------> to:    0  1  1  0  2 30   0
20220925 013426.326 INFO             PET1       MODEL: time step-loop ending,   current time:    0  1  1  0  2 30   0
20220925 013426.326 INFO             PET1       <<<MODEL: leaving Run (phase=RunPhase1) with current time:    0  1  1  0  2 30   0
20220925 013426.326 INFO             PET1     MODEL: Run extro.
20220925 013426.326 INFO             PET1   driver: end <--------- RunSequence
20220925 013426.326 INFO             PET1   <<<driver - leaving Run with current time:    0  1  1  0  2 30   0
20220925 013426.326 INFO             PET1 driver: Run extro.
20220925 013426.326 INFO             PET1 driver: Finalize intro.
20220925 013426.327 INFO             PET1   Calling Finalize phase 1 for modelComp: MODEL
20220925 013426.327 INFO             PET1   MODEL: Finalize intro.
20220925 013426.327 INFO             PET1     >>>MODEL: entered Finalize (phase=FinalizePhase1) with current time:    0  1  1  0  2 30   0
20220925 013426.327 INFO             PET1     <<<MODEL: leaving Finalize (phase=FinalizePhase1) with current time:    0  1  1  0  2 30   0
20220925 013426.327 INFO             PET1   MODEL: Finalize extro.
20220925 013426.327 INFO             PET1   Delete modelComp: MODEL
20220925 013426.327 INFO             PET1   Delete Import-/Export State for modelComp: MODEL
20220925 013426.327 INFO             PET1 driver: Finalize extro.
20220925 013426.327 INFO             PET1 mainApp FINISHED
20220925 013426.327 INFO             PET1 Finalizing ESMF
20220925 013426.256 INFO             PET2 !!!!!!!!!!!!!!!!!!!!!!!!!!!!!!!!!!!!!!!!!!!!!!!!!!!!!!
20220925 013426.256 INFO             PET2 !!! THE ESMF_LOG IS SET TO OUTPUT ALL LOG MESSAGES !!!
20220925 013426.256 INFO             PET2 !!!     THIS MAY CAUSE SLOWDOWN IN PERFORMANCE     !!!
20220925 013426.256 INFO             PET2 !!! FOR PRODUCTION RUNS, USE:                      !!!
20220925 013426.256 INFO             PET2 !!!                   ESMF_LOGKIND_Multi_On_Error  !!!
20220925 013426.256 INFO             PET2 !!!!!!!!!!!!!!!!!!!!!!!!!!!!!!!!!!!!!!!!!!!!!!!!!!!!!!
20220925 013426.256 INFO             PET2 Running with ESMF Version   : v8.4.0b14-14-g1fd7513367
20220925 013426.256 INFO             PET2 ESMF library build date/time: "Sep 25 2022" "00:37:43"
20220925 013426.256 INFO             PET2 ESMF library build location : /lustre/f2/dev/Mark.Potts/esmf-test/intel_2019.5_mpi_g_develop/esmf
20220925 013426.256 INFO             PET2 ESMF_COMM                   : mpi
20220925 013426.258 INFO             PET2 ESMF_MOAB                   : enabled
20220925 013426.258 INFO             PET2 ESMF_LAPACK                 : enabled
20220925 013426.258 INFO             PET2 ESMF_NETCDF                 : enabled
20220925 013426.258 INFO             PET2 ESMF_PNETCDF                : disabled
20220925 013426.258 INFO             PET2 ESMF_PIO                    : enabled
20220925 013426.258 INFO             PET2 ESMF_YAMLCPP                : enabled
20220925 013426.258 INFO             PET2 mainApp STARTING
20220925 013426.303 INFO             PET2 driver: InitializeGeneric intro.
20220925 013426.303 INFO             PET2   driver: InitializeP0 intro.
20220925 013426.303 INFO             PET2   driver: InitializeP0 extro.
20220925 013426.303 INFO             PET2   driver: InitializeIPDv02p1 intro.
20220925 013426.303 INFO             PET2     >>>driver: entered Initialize (phase=<none>) without valid internal Clock.
20220925 013426.303 INFO             PET2     driver - Creating model component MODEL without petList.
20220925 013426.305 INFO             PET2      GridCompIsPetLocal:  T
20220925 013426.305 INFO             PET2      VmIsCreated:  T
20220925 013426.305 INFO             PET2      valid MPI_COMM with size=           4
20220925 013426.305 INFO             PET2     driver - Creating state: modelComp 1 Import State
20220925 013426.305 INFO             PET2     driver - Creating state: modelComp 1 Export State
20220925 013426.306 INFO             PET2     MODEL: InitializeP0 intro.
20220925 013426.306 INFO             PET2       >>>MODEL: entered Initialize (phase=<none>) without valid internal Clock.
20220925 013426.306 INFO             PET2       <<<MODEL: leaving Initialize (phase=<none>) without valid internal Clock.
20220925 013426.306 INFO             PET2     MODEL: InitializeP0 extro.
20220925 013426.307 INFO             PET2     driver: IInitAdvertise intro.
20220925 013426.307 INFO             PET2     driver: IInitAdvertise extro.
20220925 013426.307 INFO             PET2     MODEL: InitializeIPDvXp01 intro.
20220925 013426.307 INFO             PET2       >>>MODEL: entered Initialize (phase=IPDvXp01) without valid internal Clock.
20220925 013426.309 INFO             PET2       <<<MODEL: leaving Initialize (phase=IPDvXp01) without valid internal Clock.
20220925 013426.309 INFO             PET2     MODEL: InitializeIPDvXp01 extro.
20220925 013426.310 INFO             PET2     driver: IInitAdvertiseFinish intro.
20220925 013426.310 INFO             PET2     driver: IInitAdvertiseFinish extro.
20220925 013426.310 INFO             PET2     driver: IInitModifyCplLists intro.
20220925 013426.310 INFO             PET2     driver: IInitModifyCplLists extro.
20220925 013426.310 INFO             PET2     <<<driver: leaving Initialize (phase=<none>) with current time:    0  1  1  0  0  0   0
20220925 013426.310 INFO             PET2   driver: InitializeIPDv02p1 extro.
20220925 013426.310 INFO             PET2   driver: InitializeIPDv02p3 intro.
20220925 013426.311 INFO             PET2     >>>driver: entered Initialize (phase=<none>) with current time:    0  1  1  0  0  0   0
20220925 013426.311 INFO             PET2     driver: IInitCheck intro.
20220925 013426.311 INFO             PET2     driver: IInitCheck extro.
20220925 013426.311 INFO             PET2     MODEL: InitializeIPDvXp04 intro.
20220925 013426.311 INFO             PET2       >>>MODEL: entered Initialize (phase=IPDvXp04) without valid internal Clock.
20220925 013426.315 INFO             PET2       After Realize: - MemInfo: [/proc/meminfo - SSI]	MemTotal:       65855856 kB
20220925 013426.315 INFO             PET2       After Realize: - MemInfo: [/proc/meminfo - SSI]	MemFree:        60013080 kB
20220925 013426.315 INFO             PET2       After Realize: - MemInfo: [/proc/meminfo - SSI]	MemAvailable:   60993160 kB
20220925 013426.315 INFO             PET2       After Realize: - MemInfo: [/proc/meminfo - SSI]	Committed_AS:    2837124 kB
20220925 013426.315 INFO             PET2       After Realize: - MemInfo: [/proc/meminfo - SSI]	CommittedPercent: 4.30808 %
20220925 013426.315 INFO             PET2       After Realize: - MemInfo: [/proc/self/status]	VmPeak:	  117904 kB
20220925 013426.315 INFO             PET2       After Realize: - MemInfo: [/proc/self/status]	VmSize:	  117904 kB
20220925 013426.315 INFO             PET2       After Realize: - MemInfo: [/proc/self/status]	VmLck:	       0 kB
20220925 013426.316 INFO             PET2       After Realize: - MemInfo: [/proc/self/status]	VmPin:	       0 kB
20220925 013426.316 INFO             PET2       After Realize: - MemInfo: [/proc/self/status]	VmHWM:	   16928 kB
20220925 013426.316 INFO             PET2       After Realize: - MemInfo: [/proc/self/status]	VmRSS:	   16928 kB
20220925 013426.316 INFO             PET2       After Realize: - MemInfo: [/proc/self/status]	VmData:	   16644 kB
20220925 013426.316 INFO             PET2       After Realize: - MemInfo: [/proc/self/status]	VmStk:	     224 kB
20220925 013426.316 INFO             PET2       After Realize: - MemInfo: [/proc/self/status]	VmExe:	   75640 kB
20220925 013426.316 INFO             PET2       After Realize: - MemInfo: [/proc/self/status]	VmLib:	    1952 kB
20220925 013426.316 INFO             PET2       After Realize: - MemInfo: [/proc/self/status]	VmPTE:	     196 kB
20220925 013426.316 INFO             PET2       After Realize: - MemInfo: [/proc/self/status]	VmPMD:	      12 kB
20220925 013426.316 INFO             PET2       After Realize: - MemInfo: [/proc/self/status]	VmSwap:	       0 kB
20220925 013426.316 INFO             PET2       After Realize: - MemInfo: [/proc/self/status]	VmRSSPercent: 0.0257046 %
20220925 013426.316 INFO             PET2       After Realize: - MemInfo: [malloc] Non-mmapped space allocated:                  833984 Byte
20220925 013426.316 INFO             PET2       After Realize: - MemInfo: [malloc] Space allocated in mmapped regions:          4538368 Byte
20220925 013426.316 INFO             PET2       After Realize: - MemInfo: [malloc] Maximum total allocated space:                     0 Byte
20220925 013426.316 INFO             PET2       After Realize: - MemInfo: [malloc] Space in freed fastbin blocks:                   352 Byte
20220925 013426.316 INFO             PET2       After Realize: - MemInfo: [malloc] Total allocated space:                        798736 Byte
20220925 013426.316 INFO             PET2       After Realize: - MemInfo: [malloc] Total free space:                              35248 Byte
20220925 013426.316 INFO             PET2       After Realize: - MemInfo: [malloc] Top-most, releasable space:                    34896 Byte
20220925 013426.316 INFO             PET2       After Realize: - MemInfo: [malloc] Total space in use, mmap + non-mmap:         5337104 Byte
20220925 013426.316 INFO             PET2       After Realize: - MemInfo: [malloc] Total space held (mmap + non-mmap):          5372352 Byte
20220925 013426.316 INFO             PET2       After Realize: - MemInfo: [malloc] Total space used (mmap + non-mmap):          5346400 Byte
20220925 013426.316 INFO             PET2       After Realize: - MemInfo: Wall-clock time since execution start:               0.080966 seconds
20220925 013426.316 INFO             PET2       <<<MODEL: leaving Initialize (phase=IPDvXp04) without valid internal Clock.
20220925 013426.316 INFO             PET2     MODEL: InitializeIPDvXp04 extro.
20220925 013426.317 INFO             PET2     driver: IInitRealize intro.
20220925 013426.317 INFO             PET2     driver: IInitRealize extro.
20220925 013426.317 INFO             PET2     MODEL: InitializeIPDvXp07 intro.
20220925 013426.317 INFO             PET2       >>>MODEL: entered Initialize (phase=IPDvXp07) without valid internal Clock.
20220925 013426.317 INFO             PET2       <<<MODEL: leaving Initialize (phase=IPDvXp07) with current time:    0  1  1  0  0  0   0
20220925 013426.317 INFO             PET2     MODEL: InitializeIPDvXp07 extro.
20220925 013426.317 INFO             PET2     <<<driver: leaving Initialize (phase=<none>) with current time:    0  1  1  0  0  0   0
20220925 013426.317 INFO             PET2   driver: InitializeIPDv02p3 extro.
20220925 013426.318 INFO             PET2   driver: InitializeIPDv02p5 intro.
20220925 013426.318 INFO             PET2     >>>driver: entered Initialize (phase=<none>) with current time:    0  1  1  0  0  0   0
20220925 013426.318 INFO             PET2     driver: this is a top level driver, no 'Updated' and 'InitializeDataComplete' info on this level.
20220925 013426.318 INFO             PET2     driver: InitializeIPDv02p5Data intro.
20220925 013426.318 INFO             PET2       driver: InternalInitializeComplete intro.
20220925 013426.318 INFO             PET2         driver: InitializeDataComplete='true'
20220925 013426.318 INFO             PET2       driver: InternalInitializeComplete extro.
20220925 013426.318 INFO             PET2       MODEL: InitializeIPDvXp08 intro.
20220925 013426.318 INFO             PET2         >>>MODEL: entered Initialize (phase=IPDv05p8) with current time:    0  1  1  0  0  0   0
20220925 013426.318 INFO             PET2         MODEL: InitializeDataProgress='false', InitializeDataComplete='false'
20220925 013426.318 INFO             PET2         <<<MODEL: leaving Initialize (phase=IPDv05p8) with current time:    0  1  1  0  0  0   0
20220925 013426.318 INFO             PET2       MODEL: InitializeIPDvXp08 extro.
20220925 013426.319 INFO             PET2       driver: components present that trigger loopDataDependentInitialize().
20220925 013426.319 INFO             PET2       driver: loopDataDependentInitialize intro.
20220925 013426.319 INFO             PET2         driver: component    0=driver, dataComplete (local): true
20220925 013426.319 INFO             PET2         driver: component    0=driver, dataComplete (global):  T
20220925 013426.319 INFO             PET2         driver: component    1=MODEL, dataComplete (local): false
20220925 013426.319 INFO             PET2         driver: component    1=MODEL, dataComplete (global):  F
20220925 013426.319 INFO             PET2         MODEL: InitializeIPDvXp08 intro.
20220925 013426.319 INFO             PET2           >>>MODEL: entered Initialize (phase=IPDv05p8) with current time:    0  1  1  0  0  0   0
20220925 013426.319 INFO             PET2           MODEL: InitializeDataProgress='true', InitializeDataComplete='true'
20220925 013426.319 INFO             PET2           <<<MODEL: leaving Initialize (phase=IPDv05p8) with current time:    0  1  1  0  0  0   0
20220925 013426.319 INFO             PET2         MODEL: InitializeIPDvXp08 extro.
20220925 013426.320 INFO             PET2         driver: component    1=MODEL, someProgress (local): true
20220925 013426.320 INFO             PET2         driver: component    1=MODEL, someProgress (global):  T
20220925 013426.320 INFO             PET2         driver: someProgress= T, allComplete= F, present(dataDepAllComplete)= T
20220925 013426.320 INFO             PET2         driver: component    0=driver, dataComplete (local): true
20220925 013426.320 INFO             PET2         driver: component    0=driver, dataComplete (global):  T
20220925 013426.320 INFO             PET2         driver: component    1=MODEL, dataComplete (local): true
20220925 013426.320 INFO             PET2         driver: component    1=MODEL, dataComplete (global):  T
20220925 013426.320 INFO             PET2         driver: someProgress= F, allComplete= T, present(dataDepAllComplete)= T
20220925 013426.320 INFO             PET2         driver: finished resolving initialize data dependencies on this level.
20220925 013426.320 INFO             PET2       driver: loopDataDependentInitialize extro.
20220925 013426.320 INFO             PET2       driver: loopDataDependentInitialize() returned with dataDepAllComplete:  T
20220925 013426.320 INFO             PET2     driver: InitializeIPDv02p5Data extro.
20220925 013426.320 INFO             PET2     <<<driver: leaving Initialize (phase=<none>) with current time:    0  1  1  0  0  0   0
20220925 013426.320 INFO             PET2   driver: InitializeIPDv02p5 extro.
20220925 013426.320 INFO             PET2 driver: InitializeGeneric extro.
20220925 013426.320 INFO             PET2 driver: Run intro.
20220925 013426.320 INFO             PET2   >>>driver entered Run (phase=RunPhase1) with current time:    0  1  1  0  0  0   0
20220925 013426.320 INFO             PET2   driver: after lable_SetRunClock, current time:    0  1  1  0  0  0   0
20220925 013426.320 INFO             PET2   driver: begin -------> RunSequence.
20220925 013426.320 INFO             PET2     driver: RunSequence event loopLevel=   1  levelMember=   1  loopIteration=   1, current time:    0  1  1  0  0  0   0
20220925 013426.320 INFO             PET2     MODEL: Run intro.
20220925 013426.320 INFO             PET2       >>>MODEL: entered Run (phase=RunPhase1) with current time:    0  1  1  0  0  0   0
20220925 013426.320 INFO             PET2       MODEL: time step-loop starting, current time:    0  1  1  0  0  0   0
20220925 013426.321 INFO             PET2       thread_num=   0   currentSsiPe=  37   num_threads=   3   max_threads=   3   num_procs=   2
20220925 013426.321 INFO             PET2       thread_num=   1   currentSsiPe=   1   num_threads=   3   max_threads=   3   num_procs=   2
20220925 013426.323 INFO             PET2       thread_num=   2   currentSsiPe=  37   num_threads=   3   max_threads=   3   num_procs=   2
20220925 013426.323 INFO             PET2       ---->Advancing Model from:    0  1  1  0  0  0   0
20220925 013426.323 INFO             PET2       ---------------------> to:    0  1  1  0  0 30   0
20220925 013426.323 INFO             PET2       MODEL: time step-loop ending,   current time:    0  1  1  0  0 30   0
20220925 013426.323 INFO             PET2       <<<MODEL: leaving Run (phase=RunPhase1) with current time:    0  1  1  0  0 30   0
20220925 013426.323 INFO             PET2     MODEL: Run extro.
20220925 013426.323 INFO             PET2     driver: RunSequence event loopLevel=   1  levelMember=   1  loopIteration=   2, current time:    0  1  1  0  0 30   0
20220925 013426.323 INFO             PET2     MODEL: Run intro.
20220925 013426.323 INFO             PET2       >>>MODEL: entered Run (phase=RunPhase1) with current time:    0  1  1  0  0 30   0
20220925 013426.324 INFO             PET2       MODEL: time step-loop starting, current time:    0  1  1  0  0 30   0
20220925 013426.324 INFO             PET2       thread_num=   0   currentSsiPe=  37   num_threads=   3   max_threads=   3   num_procs=   2
20220925 013426.324 INFO             PET2       thread_num=   1   currentSsiPe=   1   num_threads=   3   max_threads=   3   num_procs=   2
20220925 013426.324 INFO             PET2       thread_num=   2   currentSsiPe=  37   num_threads=   3   max_threads=   3   num_procs=   2
20220925 013426.324 INFO             PET2       ---->Advancing Model from:    0  1  1  0  0 30   0
20220925 013426.324 INFO             PET2       ---------------------> to:    0  1  1  0  1  0   0
20220925 013426.324 INFO             PET2       MODEL: time step-loop ending,   current time:    0  1  1  0  1  0   0
20220925 013426.324 INFO             PET2       <<<MODEL: leaving Run (phase=RunPhase1) with current time:    0  1  1  0  1  0   0
20220925 013426.324 INFO             PET2     MODEL: Run extro.
20220925 013426.324 INFO             PET2     driver: RunSequence event loopLevel=   1  levelMember=   1  loopIteration=   3, current time:    0  1  1  0  1  0   0
20220925 013426.324 INFO             PET2     MODEL: Run intro.
20220925 013426.324 INFO             PET2       >>>MODEL: entered Run (phase=RunPhase1) with current time:    0  1  1  0  1  0   0
20220925 013426.324 INFO             PET2       MODEL: time step-loop starting, current time:    0  1  1  0  1  0   0
20220925 013426.324 INFO             PET2       thread_num=   0   currentSsiPe=  37   num_threads=   3   max_threads=   3   num_procs=   2
20220925 013426.324 INFO             PET2       thread_num=   1   currentSsiPe=   1   num_threads=   3   max_threads=   3   num_procs=   2
20220925 013426.325 INFO             PET2       thread_num=   2   currentSsiPe=  37   num_threads=   3   max_threads=   3   num_procs=   2
20220925 013426.325 INFO             PET2       ---->Advancing Model from:    0  1  1  0  1  0   0
20220925 013426.325 INFO             PET2       ---------------------> to:    0  1  1  0  1 30   0
20220925 013426.325 INFO             PET2       MODEL: time step-loop ending,   current time:    0  1  1  0  1 30   0
20220925 013426.325 INFO             PET2       <<<MODEL: leaving Run (phase=RunPhase1) with current time:    0  1  1  0  1 30   0
20220925 013426.325 INFO             PET2     MODEL: Run extro.
20220925 013426.325 INFO             PET2     driver: RunSequence event loopLevel=   1  levelMember=   1  loopIteration=   4, current time:    0  1  1  0  1 30   0
20220925 013426.325 INFO             PET2     MODEL: Run intro.
20220925 013426.325 INFO             PET2       >>>MODEL: entered Run (phase=RunPhase1) with current time:    0  1  1  0  1 30   0
20220925 013426.325 INFO             PET2       MODEL: time step-loop starting, current time:    0  1  1  0  1 30   0
20220925 013426.325 INFO             PET2       thread_num=   0   currentSsiPe=  37   num_threads=   3   max_threads=   3   num_procs=   2
20220925 013426.325 INFO             PET2       thread_num=   1   currentSsiPe=   1   num_threads=   3   max_threads=   3   num_procs=   2
20220925 013426.325 INFO             PET2       thread_num=   2   currentSsiPe=  37   num_threads=   3   max_threads=   3   num_procs=   2
20220925 013426.325 INFO             PET2       ---->Advancing Model from:    0  1  1  0  1 30   0
20220925 013426.325 INFO             PET2       ---------------------> to:    0  1  1  0  2  0   0
20220925 013426.325 INFO             PET2       MODEL: time step-loop ending,   current time:    0  1  1  0  2  0   0
20220925 013426.326 INFO             PET2       <<<MODEL: leaving Run (phase=RunPhase1) with current time:    0  1  1  0  2  0   0
20220925 013426.326 INFO             PET2     MODEL: Run extro.
20220925 013426.326 INFO             PET2     driver: RunSequence event loopLevel=   1  levelMember=   1  loopIteration=   5, current time:    0  1  1  0  2  0   0
20220925 013426.326 INFO             PET2     MODEL: Run intro.
20220925 013426.326 INFO             PET2       >>>MODEL: entered Run (phase=RunPhase1) with current time:    0  1  1  0  2  0   0
20220925 013426.326 INFO             PET2       MODEL: time step-loop starting, current time:    0  1  1  0  2  0   0
20220925 013426.326 INFO             PET2       thread_num=   0   currentSsiPe=  37   num_threads=   3   max_threads=   3   num_procs=   2
20220925 013426.326 INFO             PET2       thread_num=   1   currentSsiPe=   1   num_threads=   3   max_threads=   3   num_procs=   2
20220925 013426.326 INFO             PET2       thread_num=   2   currentSsiPe=  37   num_threads=   3   max_threads=   3   num_procs=   2
20220925 013426.326 INFO             PET2       ---->Advancing Model from:    0  1  1  0  2  0   0
20220925 013426.326 INFO             PET2       ---------------------> to:    0  1  1  0  2 30   0
20220925 013426.326 INFO             PET2       MODEL: time step-loop ending,   current time:    0  1  1  0  2 30   0
20220925 013426.326 INFO             PET2       <<<MODEL: leaving Run (phase=RunPhase1) with current time:    0  1  1  0  2 30   0
20220925 013426.326 INFO             PET2     MODEL: Run extro.
20220925 013426.326 INFO             PET2   driver: end <--------- RunSequence
20220925 013426.326 INFO             PET2   <<<driver - leaving Run with current time:    0  1  1  0  2 30   0
20220925 013426.326 INFO             PET2 driver: Run extro.
20220925 013426.326 INFO             PET2 driver: Finalize intro.
20220925 013426.327 INFO             PET2   Calling Finalize phase 1 for modelComp: MODEL
20220925 013426.327 INFO             PET2   MODEL: Finalize intro.
20220925 013426.327 INFO             PET2     >>>MODEL: entered Finalize (phase=FinalizePhase1) with current time:    0  1  1  0  2 30   0
20220925 013426.327 INFO             PET2     <<<MODEL: leaving Finalize (phase=FinalizePhase1) with current time:    0  1  1  0  2 30   0
20220925 013426.327 INFO             PET2   MODEL: Finalize extro.
20220925 013426.327 INFO             PET2   Delete modelComp: MODEL
20220925 013426.327 INFO             PET2   Delete Import-/Export State for modelComp: MODEL
20220925 013426.327 INFO             PET2 driver: Finalize extro.
20220925 013426.327 INFO             PET2 mainApp FINISHED
20220925 013426.327 INFO             PET2 Finalizing ESMF
20220925 013426.242 INFO             PET3 !!!!!!!!!!!!!!!!!!!!!!!!!!!!!!!!!!!!!!!!!!!!!!!!!!!!!!
20220925 013426.242 INFO             PET3 !!! THE ESMF_LOG IS SET TO OUTPUT ALL LOG MESSAGES !!!
20220925 013426.242 INFO             PET3 !!!     THIS MAY CAUSE SLOWDOWN IN PERFORMANCE     !!!
20220925 013426.242 INFO             PET3 !!! FOR PRODUCTION RUNS, USE:                      !!!
20220925 013426.242 INFO             PET3 !!!                   ESMF_LOGKIND_Multi_On_Error  !!!
20220925 013426.242 INFO             PET3 !!!!!!!!!!!!!!!!!!!!!!!!!!!!!!!!!!!!!!!!!!!!!!!!!!!!!!
20220925 013426.242 INFO             PET3 Running with ESMF Version   : v8.4.0b14-14-g1fd7513367
20220925 013426.242 INFO             PET3 ESMF library build date/time: "Sep 25 2022" "00:37:43"
20220925 013426.242 INFO             PET3 ESMF library build location : /lustre/f2/dev/Mark.Potts/esmf-test/intel_2019.5_mpi_g_develop/esmf
20220925 013426.242 INFO             PET3 ESMF_COMM                   : mpi
20220925 013426.243 INFO             PET3 ESMF_MOAB                   : enabled
20220925 013426.243 INFO             PET3 ESMF_LAPACK                 : enabled
20220925 013426.243 INFO             PET3 ESMF_NETCDF                 : enabled
20220925 013426.243 INFO             PET3 ESMF_PNETCDF                : disabled
20220925 013426.243 INFO             PET3 ESMF_PIO                    : enabled
20220925 013426.243 INFO             PET3 ESMF_YAMLCPP                : enabled
20220925 013426.258 INFO             PET3 mainApp STARTING
20220925 013426.301 INFO             PET3 driver: InitializeGeneric intro.
20220925 013426.301 INFO             PET3   driver: InitializeP0 intro.
20220925 013426.301 INFO             PET3   driver: InitializeP0 extro.
20220925 013426.301 INFO             PET3   driver: InitializeIPDv02p1 intro.
20220925 013426.301 INFO             PET3     >>>driver: entered Initialize (phase=<none>) without valid internal Clock.
20220925 013426.303 INFO             PET3     driver - Creating model component MODEL without petList.
20220925 013426.305 INFO             PET3      GridCompIsPetLocal:  T
20220925 013426.305 INFO             PET3      VmIsCreated:  T
20220925 013426.305 INFO             PET3      valid MPI_COMM with size=           4
20220925 013426.305 INFO             PET3     driver - Creating state: modelComp 1 Import State
20220925 013426.305 INFO             PET3     driver - Creating state: modelComp 1 Export State
20220925 013426.306 INFO             PET3     MODEL: InitializeP0 intro.
20220925 013426.306 INFO             PET3       >>>MODEL: entered Initialize (phase=<none>) without valid internal Clock.
20220925 013426.306 INFO             PET3       <<<MODEL: leaving Initialize (phase=<none>) without valid internal Clock.
20220925 013426.306 INFO             PET3     MODEL: InitializeP0 extro.
20220925 013426.307 INFO             PET3     driver: IInitAdvertise intro.
20220925 013426.307 INFO             PET3     driver: IInitAdvertise extro.
20220925 013426.307 INFO             PET3     MODEL: InitializeIPDvXp01 intro.
20220925 013426.307 INFO             PET3       >>>MODEL: entered Initialize (phase=IPDvXp01) without valid internal Clock.
20220925 013426.309 INFO             PET3       <<<MODEL: leaving Initialize (phase=IPDvXp01) without valid internal Clock.
20220925 013426.309 INFO             PET3     MODEL: InitializeIPDvXp01 extro.
20220925 013426.310 INFO             PET3     driver: IInitAdvertiseFinish intro.
20220925 013426.310 INFO             PET3     driver: IInitAdvertiseFinish extro.
20220925 013426.310 INFO             PET3     driver: IInitModifyCplLists intro.
20220925 013426.310 INFO             PET3     driver: IInitModifyCplLists extro.
20220925 013426.310 INFO             PET3     <<<driver: leaving Initialize (phase=<none>) with current time:    0  1  1  0  0  0   0
20220925 013426.310 INFO             PET3   driver: InitializeIPDv02p1 extro.
20220925 013426.310 INFO             PET3   driver: InitializeIPDv02p3 intro.
20220925 013426.311 INFO             PET3     >>>driver: entered Initialize (phase=<none>) with current time:    0  1  1  0  0  0   0
20220925 013426.311 INFO             PET3     driver: IInitCheck intro.
20220925 013426.311 INFO             PET3     driver: IInitCheck extro.
20220925 013426.311 INFO             PET3     MODEL: InitializeIPDvXp04 intro.
20220925 013426.311 INFO             PET3       >>>MODEL: entered Initialize (phase=IPDvXp04) without valid internal Clock.
20220925 013426.315 INFO             PET3       After Realize: - MemInfo: [/proc/meminfo - SSI]	MemTotal:       65855856 kB
20220925 013426.315 INFO             PET3       After Realize: - MemInfo: [/proc/meminfo - SSI]	MemFree:        60013080 kB
20220925 013426.315 INFO             PET3       After Realize: - MemInfo: [/proc/meminfo - SSI]	MemAvailable:   60993160 kB
20220925 013426.315 INFO             PET3       After Realize: - MemInfo: [/proc/meminfo - SSI]	Committed_AS:    2837124 kB
20220925 013426.315 INFO             PET3       After Realize: - MemInfo: [/proc/meminfo - SSI]	CommittedPercent: 4.30808 %
20220925 013426.315 INFO             PET3       After Realize: - MemInfo: [/proc/self/status]	VmPeak:	  117904 kB
20220925 013426.315 INFO             PET3       After Realize: - MemInfo: [/proc/self/status]	VmSize:	  117904 kB
20220925 013426.315 INFO             PET3       After Realize: - MemInfo: [/proc/self/status]	VmLck:	       0 kB
20220925 013426.315 INFO             PET3       After Realize: - MemInfo: [/proc/self/status]	VmPin:	       0 kB
20220925 013426.315 INFO             PET3       After Realize: - MemInfo: [/proc/self/status]	VmHWM:	   16980 kB
20220925 013426.315 INFO             PET3       After Realize: - MemInfo: [/proc/self/status]	VmRSS:	   16980 kB
20220925 013426.315 INFO             PET3       After Realize: - MemInfo: [/proc/self/status]	VmData:	   16644 kB
20220925 013426.315 INFO             PET3       After Realize: - MemInfo: [/proc/self/status]	VmStk:	     224 kB
20220925 013426.315 INFO             PET3       After Realize: - MemInfo: [/proc/self/status]	VmExe:	   75640 kB
20220925 013426.315 INFO             PET3       After Realize: - MemInfo: [/proc/self/status]	VmLib:	    1952 kB
20220925 013426.315 INFO             PET3       After Realize: - MemInfo: [/proc/self/status]	VmPTE:	     192 kB
20220925 013426.315 INFO             PET3       After Realize: - MemInfo: [/proc/self/status]	VmPMD:	      12 kB
20220925 013426.315 INFO             PET3       After Realize: - MemInfo: [/proc/self/status]	VmSwap:	       0 kB
20220925 013426.315 INFO             PET3       After Realize: - MemInfo: [/proc/self/status]	VmRSSPercent: 0.0257836 %
20220925 013426.315 INFO             PET3       After Realize: - MemInfo: [malloc] Non-mmapped space allocated:                  833984 Byte
20220925 013426.315 INFO             PET3       After Realize: - MemInfo: [malloc] Space allocated in mmapped regions:          4538368 Byte
20220925 013426.315 INFO             PET3       After Realize: - MemInfo: [malloc] Maximum total allocated space:                     0 Byte
20220925 013426.315 INFO             PET3       After Realize: - MemInfo: [malloc] Space in freed fastbin blocks:                   352 Byte
20220925 013426.316 INFO             PET3       After Realize: - MemInfo: [malloc] Total allocated space:                        798704 Byte
20220925 013426.316 INFO             PET3       After Realize: - MemInfo: [malloc] Total free space:                              35280 Byte
20220925 013426.316 INFO             PET3       After Realize: - MemInfo: [malloc] Top-most, releasable space:                    34928 Byte
20220925 013426.316 INFO             PET3       After Realize: - MemInfo: [malloc] Total space in use, mmap + non-mmap:         5337072 Byte
20220925 013426.316 INFO             PET3       After Realize: - MemInfo: [malloc] Total space held (mmap + non-mmap):          5372352 Byte
20220925 013426.316 INFO             PET3       After Realize: - MemInfo: [malloc] Total space used (mmap + non-mmap):          5346368 Byte
20220925 013426.316 INFO             PET3       After Realize: - MemInfo: Wall-clock time since execution start:              0.0809939 seconds
20220925 013426.316 INFO             PET3       <<<MODEL: leaving Initialize (phase=IPDvXp04) without valid internal Clock.
20220925 013426.316 INFO             PET3     MODEL: InitializeIPDvXp04 extro.
20220925 013426.317 INFO             PET3     driver: IInitRealize intro.
20220925 013426.317 INFO             PET3     driver: IInitRealize extro.
20220925 013426.317 INFO             PET3     MODEL: InitializeIPDvXp07 intro.
20220925 013426.317 INFO             PET3       >>>MODEL: entered Initialize (phase=IPDvXp07) without valid internal Clock.
20220925 013426.317 INFO             PET3       <<<MODEL: leaving Initialize (phase=IPDvXp07) with current time:    0  1  1  0  0  0   0
20220925 013426.317 INFO             PET3     MODEL: InitializeIPDvXp07 extro.
20220925 013426.317 INFO             PET3     <<<driver: leaving Initialize (phase=<none>) with current time:    0  1  1  0  0  0   0
20220925 013426.317 INFO             PET3   driver: InitializeIPDv02p3 extro.
20220925 013426.318 INFO             PET3   driver: InitializeIPDv02p5 intro.
20220925 013426.318 INFO             PET3     >>>driver: entered Initialize (phase=<none>) with current time:    0  1  1  0  0  0   0
20220925 013426.318 INFO             PET3     driver: this is a top level driver, no 'Updated' and 'InitializeDataComplete' info on this level.
20220925 013426.318 INFO             PET3     driver: InitializeIPDv02p5Data intro.
20220925 013426.318 INFO             PET3       driver: InternalInitializeComplete intro.
20220925 013426.318 INFO             PET3         driver: InitializeDataComplete='true'
20220925 013426.318 INFO             PET3       driver: InternalInitializeComplete extro.
20220925 013426.318 INFO             PET3       MODEL: InitializeIPDvXp08 intro.
20220925 013426.318 INFO             PET3         >>>MODEL: entered Initialize (phase=IPDv05p8) with current time:    0  1  1  0  0  0   0
20220925 013426.318 INFO             PET3         MODEL: InitializeDataProgress='false', InitializeDataComplete='false'
20220925 013426.318 INFO             PET3         <<<MODEL: leaving Initialize (phase=IPDv05p8) with current time:    0  1  1  0  0  0   0
20220925 013426.318 INFO             PET3       MODEL: InitializeIPDvXp08 extro.
20220925 013426.319 INFO             PET3       driver: components present that trigger loopDataDependentInitialize().
20220925 013426.319 INFO             PET3       driver: loopDataDependentInitialize intro.
20220925 013426.319 INFO             PET3         driver: component    0=driver, dataComplete (local): true
20220925 013426.319 INFO             PET3         driver: component    0=driver, dataComplete (global):  T
20220925 013426.319 INFO             PET3         driver: component    1=MODEL, dataComplete (local): false
20220925 013426.319 INFO             PET3         driver: component    1=MODEL, dataComplete (global):  F
20220925 013426.319 INFO             PET3         MODEL: InitializeIPDvXp08 intro.
20220925 013426.319 INFO             PET3           >>>MODEL: entered Initialize (phase=IPDv05p8) with current time:    0  1  1  0  0  0   0
20220925 013426.319 INFO             PET3           MODEL: InitializeDataProgress='true', InitializeDataComplete='true'
20220925 013426.319 INFO             PET3           <<<MODEL: leaving Initialize (phase=IPDv05p8) with current time:    0  1  1  0  0  0   0
20220925 013426.319 INFO             PET3         MODEL: InitializeIPDvXp08 extro.
20220925 013426.320 INFO             PET3         driver: component    1=MODEL, someProgress (local): true
20220925 013426.320 INFO             PET3         driver: component    1=MODEL, someProgress (global):  T
20220925 013426.320 INFO             PET3         driver: someProgress= T, allComplete= F, present(dataDepAllComplete)= T
20220925 013426.320 INFO             PET3         driver: component    0=driver, dataComplete (local): true
20220925 013426.320 INFO             PET3         driver: component    0=driver, dataComplete (global):  T
20220925 013426.320 INFO             PET3         driver: component    1=MODEL, dataComplete (local): true
20220925 013426.320 INFO             PET3         driver: component    1=MODEL, dataComplete (global):  T
20220925 013426.320 INFO             PET3         driver: someProgress= F, allComplete= T, present(dataDepAllComplete)= T
20220925 013426.320 INFO             PET3         driver: finished resolving initialize data dependencies on this level.
20220925 013426.320 INFO             PET3       driver: loopDataDependentInitialize extro.
20220925 013426.320 INFO             PET3       driver: loopDataDependentInitialize() returned with dataDepAllComplete:  T
20220925 013426.320 INFO             PET3     driver: InitializeIPDv02p5Data extro.
20220925 013426.320 INFO             PET3     <<<driver: leaving Initialize (phase=<none>) with current time:    0  1  1  0  0  0   0
20220925 013426.320 INFO             PET3   driver: InitializeIPDv02p5 extro.
20220925 013426.320 INFO             PET3 driver: InitializeGeneric extro.
20220925 013426.320 INFO             PET3 driver: Run intro.
20220925 013426.320 INFO             PET3   >>>driver entered Run (phase=RunPhase1) with current time:    0  1  1  0  0  0   0
20220925 013426.320 INFO             PET3   driver: after lable_SetRunClock, current time:    0  1  1  0  0  0   0
20220925 013426.320 INFO             PET3   driver: begin -------> RunSequence.
20220925 013426.320 INFO             PET3     driver: RunSequence event loopLevel=   1  levelMember=   1  loopIteration=   1, current time:    0  1  1  0  0  0   0
20220925 013426.320 INFO             PET3     MODEL: Run intro.
20220925 013426.320 INFO             PET3       >>>MODEL: entered Run (phase=RunPhase1) with current time:    0  1  1  0  0  0   0
20220925 013426.320 INFO             PET3       MODEL: time step-loop starting, current time:    0  1  1  0  0  0   0
20220925 013426.321 INFO             PET3       thread_num=   1   currentSsiPe=  55   num_threads=   3   max_threads=   3   num_procs=   2
20220925 013426.321 INFO             PET3       thread_num=   0   currentSsiPe=  19   num_threads=   3   max_threads=   3   num_procs=   2
20220925 013426.323 INFO             PET3       thread_num=   2   currentSsiPe=  55   num_threads=   3   max_threads=   3   num_procs=   2
20220925 013426.323 INFO             PET3       ---->Advancing Model from:    0  1  1  0  0  0   0
20220925 013426.323 INFO             PET3       ---------------------> to:    0  1  1  0  0 30   0
20220925 013426.323 INFO             PET3       MODEL: time step-loop ending,   current time:    0  1  1  0  0 30   0
20220925 013426.323 INFO             PET3       <<<MODEL: leaving Run (phase=RunPhase1) with current time:    0  1  1  0  0 30   0
20220925 013426.323 INFO             PET3     MODEL: Run extro.
20220925 013426.323 INFO             PET3     driver: RunSequence event loopLevel=   1  levelMember=   1  loopIteration=   2, current time:    0  1  1  0  0 30   0
20220925 013426.323 INFO             PET3     MODEL: Run intro.
20220925 013426.323 INFO             PET3       >>>MODEL: entered Run (phase=RunPhase1) with current time:    0  1  1  0  0 30   0
20220925 013426.324 INFO             PET3       MODEL: time step-loop starting, current time:    0  1  1  0  0 30   0
20220925 013426.324 INFO             PET3       thread_num=   0   currentSsiPe=  19   num_threads=   3   max_threads=   3   num_procs=   2
20220925 013426.324 INFO             PET3       thread_num=   2   currentSsiPe=  55   num_threads=   3   max_threads=   3   num_procs=   2
20220925 013426.324 INFO             PET3       thread_num=   1   currentSsiPe=  55   num_threads=   3   max_threads=   3   num_procs=   2
20220925 013426.324 INFO             PET3       ---->Advancing Model from:    0  1  1  0  0 30   0
20220925 013426.324 INFO             PET3       ---------------------> to:    0  1  1  0  1  0   0
20220925 013426.324 INFO             PET3       MODEL: time step-loop ending,   current time:    0  1  1  0  1  0   0
20220925 013426.324 INFO             PET3       <<<MODEL: leaving Run (phase=RunPhase1) with current time:    0  1  1  0  1  0   0
20220925 013426.324 INFO             PET3     MODEL: Run extro.
20220925 013426.324 INFO             PET3     driver: RunSequence event loopLevel=   1  levelMember=   1  loopIteration=   3, current time:    0  1  1  0  1  0   0
20220925 013426.324 INFO             PET3     MODEL: Run intro.
20220925 013426.324 INFO             PET3       >>>MODEL: entered Run (phase=RunPhase1) with current time:    0  1  1  0  1  0   0
20220925 013426.324 INFO             PET3       MODEL: time step-loop starting, current time:    0  1  1  0  1  0   0
20220925 013426.324 INFO             PET3       thread_num=   0   currentSsiPe=  19   num_threads=   3   max_threads=   3   num_procs=   2
20220925 013426.324 INFO             PET3       thread_num=   2   currentSsiPe=  55   num_threads=   3   max_threads=   3   num_procs=   2
20220925 013426.324 INFO             PET3       thread_num=   1   currentSsiPe=  55   num_threads=   3   max_threads=   3   num_procs=   2
20220925 013426.324 INFO             PET3       ---->Advancing Model from:    0  1  1  0  1  0   0
20220925 013426.324 INFO             PET3       ---------------------> to:    0  1  1  0  1 30   0
20220925 013426.324 INFO             PET3       MODEL: time step-loop ending,   current time:    0  1  1  0  1 30   0
20220925 013426.325 INFO             PET3       <<<MODEL: leaving Run (phase=RunPhase1) with current time:    0  1  1  0  1 30   0
20220925 013426.325 INFO             PET3     MODEL: Run extro.
20220925 013426.325 INFO             PET3     driver: RunSequence event loopLevel=   1  levelMember=   1  loopIteration=   4, current time:    0  1  1  0  1 30   0
20220925 013426.325 INFO             PET3     MODEL: Run intro.
20220925 013426.325 INFO             PET3       >>>MODEL: entered Run (phase=RunPhase1) with current time:    0  1  1  0  1 30   0
20220925 013426.325 INFO             PET3       MODEL: time step-loop starting, current time:    0  1  1  0  1 30   0
20220925 013426.325 INFO             PET3       thread_num=   0   currentSsiPe=  19   num_threads=   3   max_threads=   3   num_procs=   2
20220925 013426.325 INFO             PET3       thread_num=   1   currentSsiPe=  55   num_threads=   3   max_threads=   3   num_procs=   2
20220925 013426.325 INFO             PET3       thread_num=   2   currentSsiPe=  55   num_threads=   3   max_threads=   3   num_procs=   2
20220925 013426.325 INFO             PET3       ---->Advancing Model from:    0  1  1  0  1 30   0
20220925 013426.325 INFO             PET3       ---------------------> to:    0  1  1  0  2  0   0
20220925 013426.325 INFO             PET3       MODEL: time step-loop ending,   current time:    0  1  1  0  2  0   0
20220925 013426.325 INFO             PET3       <<<MODEL: leaving Run (phase=RunPhase1) with current time:    0  1  1  0  2  0   0
20220925 013426.325 INFO             PET3     MODEL: Run extro.
20220925 013426.325 INFO             PET3     driver: RunSequence event loopLevel=   1  levelMember=   1  loopIteration=   5, current time:    0  1  1  0  2  0   0
20220925 013426.325 INFO             PET3     MODEL: Run intro.
20220925 013426.326 INFO             PET3       >>>MODEL: entered Run (phase=RunPhase1) with current time:    0  1  1  0  2  0   0
20220925 013426.326 INFO             PET3       MODEL: time step-loop starting, current time:    0  1  1  0  2  0   0
20220925 013426.326 INFO             PET3       thread_num=   0   currentSsiPe=  19   num_threads=   3   max_threads=   3   num_procs=   2
20220925 013426.326 INFO             PET3       thread_num=   1   currentSsiPe=  55   num_threads=   3   max_threads=   3   num_procs=   2
20220925 013426.326 INFO             PET3       thread_num=   2   currentSsiPe=  55   num_threads=   3   max_threads=   3   num_procs=   2
20220925 013426.326 INFO             PET3       ---->Advancing Model from:    0  1  1  0  2  0   0
20220925 013426.326 INFO             PET3       ---------------------> to:    0  1  1  0  2 30   0
20220925 013426.326 INFO             PET3       MODEL: time step-loop ending,   current time:    0  1  1  0  2 30   0
20220925 013426.326 INFO             PET3       <<<MODEL: leaving Run (phase=RunPhase1) with current time:    0  1  1  0  2 30   0
20220925 013426.326 INFO             PET3     MODEL: Run extro.
20220925 013426.326 INFO             PET3   driver: end <--------- RunSequence
20220925 013426.326 INFO             PET3   <<<driver - leaving Run with current time:    0  1  1  0  2 30   0
20220925 013426.326 INFO             PET3 driver: Run extro.
20220925 013426.326 INFO             PET3 driver: Finalize intro.
20220925 013426.326 INFO             PET3   Calling Finalize phase 1 for modelComp: MODEL
20220925 013426.326 INFO             PET3   MODEL: Finalize intro.
20220925 013426.326 INFO             PET3     >>>MODEL: entered Finalize (phase=FinalizePhase1) with current time:    0  1  1  0  2 30   0
20220925 013426.327 INFO             PET3     <<<MODEL: leaving Finalize (phase=FinalizePhase1) with current time:    0  1  1  0  2 30   0
20220925 013426.327 INFO             PET3   MODEL: Finalize extro.
20220925 013426.327 INFO             PET3   Delete modelComp: MODEL
20220925 013426.327 INFO             PET3   Delete Import-/Export State for modelComp: MODEL
20220925 013426.327 INFO             PET3 driver: Finalize extro.
20220925 013426.327 INFO             PET3 mainApp FINISHED
20220925 013426.327 INFO             PET3 Finalizing ESMF
