2022-10-14 01:15:13
20221014 015201.136 INFO             PET0 !!!!!!!!!!!!!!!!!!!!!!!!!!!!!!!!!!!!!!!!!!!!!!!!!!!!!!
20221014 015201.136 INFO             PET0 !!! THE ESMF_LOG IS SET TO OUTPUT ALL LOG MESSAGES !!!
20221014 015201.136 INFO             PET0 !!!     THIS MAY CAUSE SLOWDOWN IN PERFORMANCE     !!!
20221014 015201.136 INFO             PET0 !!! FOR PRODUCTION RUNS, USE:                      !!!
20221014 015201.136 INFO             PET0 !!!                   ESMF_LOGKIND_Multi_On_Error  !!!
20221014 015201.136 INFO             PET0 !!!!!!!!!!!!!!!!!!!!!!!!!!!!!!!!!!!!!!!!!!!!!!!!!!!!!!
20221014 015201.136 INFO             PET0 Running with ESMF Version   : v8.4.0b18-6-gc2de0893c1
20221014 015201.136 INFO             PET0 ESMF library build date/time: "Oct 14 2022" "01:12:27"
20221014 015201.136 INFO             PET0 ESMF library build location : /discover/nobackup/projects/sbu/mpotts/esmf-test/intel_19.1.3_intelmpi_g_develop/esmf
20221014 015201.136 INFO             PET0 ESMF_COMM                   : intelmpi
20221014 015201.137 INFO             PET0 ESMF_MOAB                   : enabled
20221014 015201.137 INFO             PET0 ESMF_LAPACK                 : enabled
20221014 015201.137 INFO             PET0 ESMF_NETCDF                 : enabled
20221014 015201.137 INFO             PET0 ESMF_PNETCDF                : disabled
20221014 015201.137 INFO             PET0 ESMF_PIO                    : enabled
20221014 015201.137 INFO             PET0 ESMF_YAMLCPP                : enabled
20221014 015201.141 INFO             PET0 ESMF_FieldRedistStoreNF(): Just entered routine.
20221014 015201.144 INFO             PET0 ESMF_FieldRedistStoreNF(): Leaving routine.
20221014 015201.150 INFO             PET0 ESMF_FieldRedistStoreNF(): Just entered routine.
20221014 015201.152 INFO             PET0 ESMF_FieldRedistStoreNF(): Leaving routine.
20221014 015201.152 INFO             PET0 ESMF_FieldRedistStoreNF(): Just entered routine.
20221014 015201.153 INFO             PET0 ESMF_FieldRedistStoreNF(): Leaving routine.
20221014 015201.154 INFO             PET0  NUMBER_OF_PROCESSORS           4
20221014 015201.154 INFO             PET0  PASS  Example ESMF_FieldRedistEx, ESMF_FieldRedistEx.F90, line 521
20221014 015201.154 INFO             PET0 Finalizing ESMF
20221014 015201.136 INFO             PET1 !!!!!!!!!!!!!!!!!!!!!!!!!!!!!!!!!!!!!!!!!!!!!!!!!!!!!!
20221014 015201.136 INFO             PET1 !!! THE ESMF_LOG IS SET TO OUTPUT ALL LOG MESSAGES !!!
20221014 015201.136 INFO             PET1 !!!     THIS MAY CAUSE SLOWDOWN IN PERFORMANCE     !!!
20221014 015201.136 INFO             PET1 !!! FOR PRODUCTION RUNS, USE:                      !!!
20221014 015201.136 INFO             PET1 !!!                   ESMF_LOGKIND_Multi_On_Error  !!!
20221014 015201.136 INFO             PET1 !!!!!!!!!!!!!!!!!!!!!!!!!!!!!!!!!!!!!!!!!!!!!!!!!!!!!!
20221014 015201.136 INFO             PET1 Running with ESMF Version   : v8.4.0b18-6-gc2de0893c1
20221014 015201.136 INFO             PET1 ESMF library build date/time: "Oct 14 2022" "01:12:27"
20221014 015201.136 INFO             PET1 ESMF library build location : /discover/nobackup/projects/sbu/mpotts/esmf-test/intel_19.1.3_intelmpi_g_develop/esmf
20221014 015201.136 INFO             PET1 ESMF_COMM                   : intelmpi
20221014 015201.137 INFO             PET1 ESMF_MOAB                   : enabled
20221014 015201.137 INFO             PET1 ESMF_LAPACK                 : enabled
20221014 015201.137 INFO             PET1 ESMF_NETCDF                 : enabled
20221014 015201.137 INFO             PET1 ESMF_PNETCDF                : disabled
20221014 015201.137 INFO             PET1 ESMF_PIO                    : enabled
20221014 015201.137 INFO             PET1 ESMF_YAMLCPP                : enabled
20221014 015201.141 INFO             PET1 ESMF_FieldRedistStoreNF(): Just entered routine.
20221014 015201.144 INFO             PET1 ESMF_FieldRedistStoreNF(): Leaving routine.
20221014 015201.150 INFO             PET1 ESMF_FieldRedistStoreNF(): Just entered routine.
20221014 015201.152 INFO             PET1 ESMF_FieldRedistStoreNF(): Leaving routine.
20221014 015201.152 INFO             PET1 ESMF_FieldRedistStoreNF(): Just entered routine.
20221014 015201.153 INFO             PET1 ESMF_FieldRedistStoreNF(): Leaving routine.
20221014 015201.154 INFO             PET1  NUMBER_OF_PROCESSORS           4
20221014 015201.154 INFO             PET1  PASS  Example ESMF_FieldRedistEx, ESMF_FieldRedistEx.F90, line 521
20221014 015201.154 INFO             PET1 Finalizing ESMF
20221014 015201.137 INFO             PET2 !!!!!!!!!!!!!!!!!!!!!!!!!!!!!!!!!!!!!!!!!!!!!!!!!!!!!!
20221014 015201.137 INFO             PET2 !!! THE ESMF_LOG IS SET TO OUTPUT ALL LOG MESSAGES !!!
20221014 015201.137 INFO             PET2 !!!     THIS MAY CAUSE SLOWDOWN IN PERFORMANCE     !!!
20221014 015201.137 INFO             PET2 !!! FOR PRODUCTION RUNS, USE:                      !!!
20221014 015201.137 INFO             PET2 !!!                   ESMF_LOGKIND_Multi_On_Error  !!!
20221014 015201.137 INFO             PET2 !!!!!!!!!!!!!!!!!!!!!!!!!!!!!!!!!!!!!!!!!!!!!!!!!!!!!!
20221014 015201.137 INFO             PET2 Running with ESMF Version   : v8.4.0b18-6-gc2de0893c1
20221014 015201.137 INFO             PET2 ESMF library build date/time: "Oct 14 2022" "01:12:27"
20221014 015201.137 INFO             PET2 ESMF library build location : /discover/nobackup/projects/sbu/mpotts/esmf-test/intel_19.1.3_intelmpi_g_develop/esmf
20221014 015201.137 INFO             PET2 ESMF_COMM                   : intelmpi
20221014 015201.138 INFO             PET2 ESMF_MOAB                   : enabled
20221014 015201.138 INFO             PET2 ESMF_LAPACK                 : enabled
20221014 015201.138 INFO             PET2 ESMF_NETCDF                 : enabled
20221014 015201.138 INFO             PET2 ESMF_PNETCDF                : disabled
20221014 015201.138 INFO             PET2 ESMF_PIO                    : enabled
20221014 015201.138 INFO             PET2 ESMF_YAMLCPP                : enabled
20221014 015201.141 INFO             PET2 ESMF_FieldRedistStoreNF(): Just entered routine.
20221014 015201.144 INFO             PET2 ESMF_FieldRedistStoreNF(): Leaving routine.
20221014 015201.150 INFO             PET2 ESMF_FieldRedistStoreNF(): Just entered routine.
20221014 015201.152 INFO             PET2 ESMF_FieldRedistStoreNF(): Leaving routine.
20221014 015201.152 INFO             PET2 ESMF_FieldRedistStoreNF(): Just entered routine.
20221014 015201.153 INFO             PET2 ESMF_FieldRedistStoreNF(): Leaving routine.
20221014 015201.154 INFO             PET2  NUMBER_OF_PROCESSORS           4
20221014 015201.154 INFO             PET2  PASS  Example ESMF_FieldRedistEx, ESMF_FieldRedistEx.F90, line 521
20221014 015201.154 INFO             PET2 Finalizing ESMF
20221014 015201.135 INFO             PET3 !!!!!!!!!!!!!!!!!!!!!!!!!!!!!!!!!!!!!!!!!!!!!!!!!!!!!!
20221014 015201.136 INFO             PET3 !!! THE ESMF_LOG IS SET TO OUTPUT ALL LOG MESSAGES !!!
20221014 015201.136 INFO             PET3 !!!     THIS MAY CAUSE SLOWDOWN IN PERFORMANCE     !!!
20221014 015201.136 INFO             PET3 !!! FOR PRODUCTION RUNS, USE:                      !!!
20221014 015201.136 INFO             PET3 !!!                   ESMF_LOGKIND_Multi_On_Error  !!!
20221014 015201.136 INFO             PET3 !!!!!!!!!!!!!!!!!!!!!!!!!!!!!!!!!!!!!!!!!!!!!!!!!!!!!!
20221014 015201.136 INFO             PET3 Running with ESMF Version   : v8.4.0b18-6-gc2de0893c1
20221014 015201.136 INFO             PET3 ESMF library build date/time: "Oct 14 2022" "01:12:27"
20221014 015201.136 INFO             PET3 ESMF library build location : /discover/nobackup/projects/sbu/mpotts/esmf-test/intel_19.1.3_intelmpi_g_develop/esmf
20221014 015201.136 INFO             PET3 ESMF_COMM                   : intelmpi
20221014 015201.136 INFO             PET3 ESMF_MOAB                   : enabled
20221014 015201.137 INFO             PET3 ESMF_LAPACK                 : enabled
20221014 015201.137 INFO             PET3 ESMF_NETCDF                 : enabled
20221014 015201.137 INFO             PET3 ESMF_PNETCDF                : disabled
20221014 015201.137 INFO             PET3 ESMF_PIO                    : enabled
20221014 015201.137 INFO             PET3 ESMF_YAMLCPP                : enabled
20221014 015201.141 INFO             PET3 ESMF_FieldRedistStoreNF(): Just entered routine.
20221014 015201.144 INFO             PET3 ESMF_FieldRedistStoreNF(): Leaving routine.
20221014 015201.150 INFO             PET3 ESMF_FieldRedistStoreNF(): Just entered routine.
20221014 015201.152 INFO             PET3 ESMF_FieldRedistStoreNF(): Leaving routine.
20221014 015201.152 INFO             PET3 ESMF_FieldRedistStoreNF(): Just entered routine.
20221014 015201.153 INFO             PET3 ESMF_FieldRedistStoreNF(): Leaving routine.
20221014 015201.154 INFO             PET3  NUMBER_OF_PROCESSORS           4
20221014 015201.154 INFO             PET3  PASS  Example ESMF_FieldRedistEx, ESMF_FieldRedistEx.F90, line 521
20221014 015201.154 INFO             PET3 Finalizing ESMF
