2022-10-27 05:59:58
20221027 072145.291 INFO             PET0 !!!!!!!!!!!!!!!!!!!!!!!!!!!!!!!!!!!!!!!!!!!!!!!!!!!!!!
20221027 072145.291 INFO             PET0 !!! THE ESMF_LOG IS SET TO OUTPUT ALL LOG MESSAGES !!!
20221027 072145.291 INFO             PET0 !!!     THIS MAY CAUSE SLOWDOWN IN PERFORMANCE     !!!
20221027 072145.291 INFO             PET0 !!! FOR PRODUCTION RUNS, USE:                      !!!
20221027 072145.291 INFO             PET0 !!!                   ESMF_LOGKIND_Multi_On_Error  !!!
20221027 072145.291 INFO             PET0 !!!!!!!!!!!!!!!!!!!!!!!!!!!!!!!!!!!!!!!!!!!!!!!!!!!!!!
20221027 072145.291 INFO             PET0 Running with ESMF Version   : v8.4.0
20221027 072145.291 INFO             PET0 ESMF library build date/time: "Oct 27 2022" "05:53:36"
20221027 072145.291 INFO             PET0 ESMF library build location : /glade/scratch/theurich/ESMF-Nightly-Testing/intel_18.0.5_openmpi_g_v8.4.0/esmf
20221027 072145.291 INFO             PET0 ESMF_COMM                   : openmpi
20221027 072145.291 INFO             PET0 ESMF_MOAB                   : enabled
20221027 072145.291 INFO             PET0 ESMF_LAPACK                 : enabled
20221027 072145.291 INFO             PET0 ESMF_NETCDF                 : enabled
20221027 072145.291 INFO             PET0 ESMF_PNETCDF                : disabled
20221027 072145.291 INFO             PET0 ESMF_PIO                    : enabled
20221027 072145.291 INFO             PET0 ESMF_YAMLCPP                : enabled
20221027 072145.293 INFO             PET0 esmApp STARTING
20221027 072145.300 INFO             PET0 esm: InitializeGeneric intro.
20221027 072145.300 INFO             PET0   esm: InitializeP0 intro.
20221027 072145.300 INFO             PET0   esm: InitializeP0 extro.
20221027 072145.300 INFO             PET0   esm: InitializeIPDv02p1 intro.
20221027 072145.300 INFO             PET0     >>>esm: entered Initialize (phase=<none>) without valid internal Clock.
20221027 072145.302 INFO             PET0     esm - Creating model component ATM with petList of size 2 :
20221027 072145.302 INFO             PET0           0      1
20221027 072145.305 INFO             PET0     esm - Creating model component OCN with petList of size 2 :
20221027 072145.305 INFO             PET0           2      3
20221027 072145.306 INFO             PET0     esm - Creating connector component ATM-TO-OCN with petList of size 4 :
20221027 072145.306 INFO             PET0           0      1      2      3
20221027 072145.316 INFO             PET0     esm - Creating connector component OCN-TO-ATM with petList of size 4 :
20221027 072145.317 INFO             PET0           2      3      0      1
20221027 072145.326 INFO             PET0     esm - Creating state: modelComp 1 Import State
20221027 072145.326 INFO             PET0     esm - Creating state: modelComp 1 Export State
20221027 072145.326 INFO             PET0     esm - Creating state: modelComp 2 Import State
20221027 072145.326 INFO             PET0     esm - Creating state: modelComp 2 Export State
20221027 072145.327 INFO             PET0     ATM: InitializeP0 intro.
20221027 072145.329 INFO             PET0     ATM: InitializeP0 extro.
20221027 072145.333 INFO             PET0     ATM-TO-OCN: InitializeP0 intro.
20221027 072145.334 INFO             PET0     ATM-TO-OCN: InitializeP0 extro.
20221027 072145.336 INFO             PET0     OCN-TO-ATM: InitializeP0 intro.
20221027 072145.337 INFO             PET0     OCN-TO-ATM: InitializeP0 extro.
20221027 072145.339 INFO             PET0     esm: IInitAdvertise intro.
20221027 072145.339 INFO             PET0     esm: IInitAdvertise extro.
20221027 072145.339 INFO             PET0     ATM: InitializeIPDvXp01 intro.
20221027 072145.344 INFO             PET0     ATM: InitializeIPDvXp01 extro.
20221027 072145.351 INFO             PET0     ATM-TO-OCN: InitializeIPDv05p1 intro.
20221027 072145.365 INFO             PET0     ATM-TO-OCN: InitializeIPDv05p1 extro.
20221027 072145.365 INFO             PET0     OCN-TO-ATM: InitializeIPDv05p1 intro.
20221027 072145.372 INFO             PET0     OCN-TO-ATM: InitializeIPDv05p1 extro.
20221027 072145.372 INFO             PET0     esm: IInitAdvertiseFinish intro.
20221027 072145.372 INFO             PET0     esm: IInitAdvertiseFinish extro.
20221027 072145.372 INFO             PET0     ATM-TO-OCN: InitializeIPDv05p2a intro.
20221027 072145.384 INFO             PET0     ATM-TO-OCN: InitializeIPDv05p2a extro.
20221027 072145.384 INFO             PET0     OCN-TO-ATM: InitializeIPDv05p2a intro.
20221027 072145.390 INFO             PET0     OCN-TO-ATM: InitializeIPDv05p2a extro.
20221027 072145.391 INFO             PET0     ATM-TO-OCN: InitializeIPDv05p2b intro.
20221027 072145.402 INFO             PET0     ATM-TO-OCN: InitializeIPDv05p2b extro.
20221027 072145.405 INFO             PET0     OCN-TO-ATM: InitializeIPDv05p2b intro.
20221027 072145.411 INFO             PET0     OCN-TO-ATM: InitializeIPDv05p2b extro.
20221027 072145.412 INFO             PET0     esm: IInitModifyCplLists intro.
20221027 072145.412 INFO             PET0       Driver is in ModifyCplLists()
20221027 072145.412 INFO             PET0        Found            2  Connectors. Modifying CplList Attribute....
20221027 072145.412 INFO             PET0     esm: IInitModifyCplLists extro.
20221027 072145.413 INFO             PET0     ATM-TO-OCN: InitializeIPDv05p3 intro.
20221027 072145.425 INFO             PET0     ATM-TO-OCN: InitializeIPDv05p3 extro.
20221027 072145.425 INFO             PET0     OCN-TO-ATM: InitializeIPDv05p3 intro.
20221027 072145.432 INFO             PET0     OCN-TO-ATM: InitializeIPDv05p3 extro.
20221027 072145.432 INFO             PET0     <<<esm: leaving Initialize (phase=<none>) with current time: 2010  6  1  0  0  0   0
20221027 072145.432 INFO             PET0   esm: InitializeIPDv02p1 extro.
20221027 072145.432 INFO             PET0   esm: InitializeIPDv02p3 intro.
20221027 072145.432 INFO             PET0     >>>esm: entered Initialize (phase=<none>) with current time: 2010  6  1  0  0  0   0
20221027 072145.433 INFO             PET0     esm: IInitCheck intro.
20221027 072145.433 INFO             PET0     esm: IInitCheck extro.
20221027 072145.433 INFO             PET0     ATM: InitializeIPDvXp04 intro.
20221027 072145.443 INFO             PET0     ATM: InitializeIPDvXp04 extro.
20221027 072145.455 INFO             PET0     ATM-TO-OCN: InitializeIPDv05p4 intro.
20221027 072145.479 INFO             PET0     ATM-TO-OCN: InitializeIPDv05p4 extro.
20221027 072145.480 INFO             PET0     OCN-TO-ATM: InitializeIPDv05p4 intro.
20221027 072145.491 INFO             PET0     OCN-TO-ATM: InitializeIPDv05p4 extro.
20221027 072145.492 INFO             PET0     ATM-TO-OCN: InitializeIPDv05p5 intro.
20221027 072145.514 INFO             PET0     ATM-TO-OCN: InitializeIPDv05p5 extro.
20221027 072145.514 INFO             PET0     OCN-TO-ATM: InitializeIPDv05p5 intro.
20221027 072145.525 INFO             PET0     OCN-TO-ATM: InitializeIPDv05p5 extro.
20221027 072145.525 INFO             PET0     esm: IInitRealize intro.
20221027 072145.525 INFO             PET0     esm: IInitRealize extro.
20221027 072145.526 INFO             PET0     ATM-TO-OCN: InitializeIPDv05p6a intro.
20221027 072145.547 INFO             PET0     ATM-TO-OCN: InitializeIPDv05p6a extro.
20221027 072145.547 INFO             PET0     OCN-TO-ATM: InitializeIPDv05p6a intro.
20221027 072145.558 INFO             PET0     OCN-TO-ATM: InitializeIPDv05p6a extro.
20221027 072145.558 INFO             PET0     ATM-TO-OCN: InitializeIPDv05p6b intro.
20221027 072145.700 INFO             PET0     ATM-TO-OCN: InitializeIPDv05p6b extro.
20221027 072145.700 INFO             PET0     OCN-TO-ATM: InitializeIPDv05p6b intro.
20221027 072145.823 INFO             PET0     OCN-TO-ATM: InitializeIPDv05p6b extro.
20221027 072145.823 INFO             PET0     ATM: InitializeIPDvXp07 intro.
20221027 072145.823 INFO             PET0     ATM: InitializeIPDvXp07 extro.
20221027 072145.826 INFO             PET0     <<<esm: leaving Initialize (phase=<none>) with current time: 2010  6  1  0  0  0   0
20221027 072145.826 INFO             PET0   esm: InitializeIPDv02p3 extro.
20221027 072145.826 INFO             PET0   esm: InitializeIPDv02p5 intro.
20221027 072145.826 INFO             PET0     >>>esm: entered Initialize (phase=<none>) with current time: 2010  6  1  0  0  0   0
20221027 072145.826 INFO             PET0     esm: this is a top level driver, no 'Updated' and 'InitializeDataComplete' info on this level.
20221027 072145.826 INFO             PET0     esm: InitializeIPDv02p5Data intro.
20221027 072145.827 INFO             PET0       esm: InternalInitializeComplete intro.
20221027 072145.827 INFO             PET0         esm: InitializeDataComplete='true'
20221027 072145.827 INFO             PET0       esm: InternalInitializeComplete extro.
20221027 072145.827 INFO             PET0       ATM: InitializeIPDv01p5 intro.
20221027 072145.827 INFO             PET0       ATM: InitializeIPDv01p5 extro.
20221027 072145.830 INFO             PET0       esm: components present that trigger loopDataDependentInitialize().
20221027 072145.830 INFO             PET0       esm: loopDataDependentInitialize intro.
20221027 072145.830 INFO             PET0         esm: component    0=esm, dataComplete (local): true
20221027 072145.830 INFO             PET0         esm: component    0=esm, dataComplete (global):  T
20221027 072145.830 INFO             PET0         esm: component    1=ATM, dataComplete (local): true
20221027 072145.830 INFO             PET0         esm: component    1=ATM, dataComplete (global):  T
20221027 072145.830 INFO             PET0         esm: component    2=OCN, dataComplete (local): true
20221027 072145.830 INFO             PET0         esm: component    2=OCN, dataComplete (global):  T
20221027 072145.830 INFO             PET0         esm: someProgress= F, allComplete= T, present(dataDepAllComplete)= T
20221027 072145.830 INFO             PET0         esm: finished resolving initialize data dependencies on this level.
20221027 072145.830 INFO             PET0       esm: loopDataDependentInitialize extro.
20221027 072145.830 INFO             PET0       esm: loopDataDependentInitialize() returned with dataDepAllComplete:  T
20221027 072145.830 INFO             PET0     esm: InitializeIPDv02p5Data extro.
20221027 072145.831 INFO             PET0     <<<esm: leaving Initialize (phase=<none>) with current time: 2010  6  1  0  0  0   0
20221027 072145.831 INFO             PET0   esm: InitializeIPDv02p5 extro.
20221027 072145.831 INFO             PET0 esm: InitializeGeneric extro.
20221027 072145.831 INFO             PET0 esm: Run intro.
20221027 072145.831 INFO             PET0   >>>esm entered Run (phase=RunPhase1) with current time: 2010  6  1  0  0  0   0
20221027 072145.831 INFO             PET0   esm: after lable_SetRunClock, current time: 2010  6  1  0  0  0   0
20221027 072145.831 INFO             PET0   esm: begin -------> RunSequence.
20221027 072145.831 INFO             PET0     esm: RunSequence event loopLevel=   1  levelMember=   1  loopIteration=   1, current time: 2010  6  1  0  0  0   0
20221027 072145.831 INFO             PET0     ATM-TO-OCN: Run intro.
20221027 072145.832 INFO             PET0     ATM-TO-OCN: Run extro.
20221027 072145.832 INFO             PET0     OCN-TO-ATM: Run intro.
20221027 072145.832 INFO             PET0     OCN-TO-ATM: Run extro.
20221027 072145.832 INFO             PET0     ATM: Run intro.
20221027 072145.833 INFO             PET0       ------>Advancing ATM from: 2010  6  1  0  0  0   0
20221027 072145.833 INFO             PET0       ---------------------> to: 2010  6  1  0 15  0   0
20221027 072145.833 INFO             PET0     ATM: Run extro.
20221027 072145.833 INFO             PET0     esm: RunSequence event loopLevel=   1  levelMember=   1  loopIteration=   2, current time: 2010  6  1  0 15  0   0
20221027 072145.833 INFO             PET0     ATM-TO-OCN: Run intro.
20221027 072145.833 INFO             PET0     ATM-TO-OCN: Run extro.
20221027 072145.834 INFO             PET0     OCN-TO-ATM: Run intro.
20221027 072145.859 INFO             PET0     OCN-TO-ATM: Run extro.
20221027 072145.859 INFO             PET0     ATM: Run intro.
20221027 072145.860 INFO             PET0       ------>Advancing ATM from: 2010  6  1  0 15  0   0
20221027 072145.860 INFO             PET0       ---------------------> to: 2010  6  1  0 30  0   0
20221027 072145.860 INFO             PET0     ATM: Run extro.
20221027 072145.860 INFO             PET0     esm: RunSequence event loopLevel=   1  levelMember=   1  loopIteration=   3, current time: 2010  6  1  0 30  0   0
20221027 072145.860 INFO             PET0     ATM-TO-OCN: Run intro.
20221027 072145.860 INFO             PET0     ATM-TO-OCN: Run extro.
20221027 072145.860 INFO             PET0     OCN-TO-ATM: Run intro.
20221027 072145.869 INFO             PET0     OCN-TO-ATM: Run extro.
20221027 072145.869 INFO             PET0     ATM: Run intro.
20221027 072145.870 INFO             PET0       ------>Advancing ATM from: 2010  6  1  0 30  0   0
20221027 072145.870 INFO             PET0       ---------------------> to: 2010  6  1  0 45  0   0
20221027 072145.870 INFO             PET0     ATM: Run extro.
20221027 072145.870 INFO             PET0     esm: RunSequence event loopLevel=   1  levelMember=   1  loopIteration=   4, current time: 2010  6  1  0 45  0   0
20221027 072145.870 INFO             PET0     ATM-TO-OCN: Run intro.
20221027 072145.870 INFO             PET0     ATM-TO-OCN: Run extro.
20221027 072145.870 INFO             PET0     OCN-TO-ATM: Run intro.
20221027 072145.880 INFO             PET0     OCN-TO-ATM: Run extro.
20221027 072145.880 INFO             PET0     ATM: Run intro.
20221027 072145.880 INFO             PET0       ------>Advancing ATM from: 2010  6  1  0 45  0   0
20221027 072145.880 INFO             PET0       ---------------------> to: 2010  6  1  1  0  0   0
20221027 072145.880 INFO             PET0     ATM: Run extro.
20221027 072145.880 INFO             PET0   esm: end <--------- RunSequence
20221027 072145.880 INFO             PET0   <<<esm - leaving Run with current time: 2010  6  1  1  0  0   0
20221027 072145.880 INFO             PET0 esm: Run extro.
20221027 072145.880 INFO             PET0 esm: Finalize intro.
20221027 072145.880 INFO             PET0   Calling Finalize phase 1 for connectorComp: ATM-TO-OCN
20221027 072145.881 INFO             PET0   ATM-TO-OCN: Finalize intro.
20221027 072145.881 INFO             PET0   ATM-TO-OCN: Finalize extro.
20221027 072145.881 INFO             PET0   Calling Finalize phase 1 for connectorComp: OCN-TO-ATM
20221027 072145.881 INFO             PET0   OCN-TO-ATM: Finalize intro.
20221027 072145.881 INFO             PET0   OCN-TO-ATM: Finalize extro.
20221027 072145.881 INFO             PET0   Calling Finalize phase 1 for modelComp: ATM
20221027 072145.881 INFO             PET0   ATM: Finalize intro.
20221027 072145.881 INFO             PET0   ATM: Finalize extro.
20221027 072145.881 INFO             PET0   Calling Finalize phase 1 for modelComp: OCN
20221027 072145.881 INFO             PET0   Delete modelComp: ATM
20221027 072145.881 INFO             PET0   Delete Import-/Export State for modelComp: ATM
20221027 072145.882 INFO             PET0   Delete modelComp: OCN
20221027 072145.882 INFO             PET0   Delete Import-/Export State for modelComp: OCN
20221027 072145.882 INFO             PET0   Delete connectorComp: ATM-TO-OCN
20221027 072145.882 INFO             PET0   Delete connectorComp: OCN-TO-ATM
20221027 072145.882 INFO             PET0 esm: Finalize extro.
20221027 072145.882 INFO             PET0 esmApp FINISHED
20221027 072145.882 INFO             PET0 Finalizing ESMF
20221027 072145.293 INFO             PET1 !!!!!!!!!!!!!!!!!!!!!!!!!!!!!!!!!!!!!!!!!!!!!!!!!!!!!!
20221027 072145.293 INFO             PET1 !!! THE ESMF_LOG IS SET TO OUTPUT ALL LOG MESSAGES !!!
20221027 072145.293 INFO             PET1 !!!     THIS MAY CAUSE SLOWDOWN IN PERFORMANCE     !!!
20221027 072145.293 INFO             PET1 !!! FOR PRODUCTION RUNS, USE:                      !!!
20221027 072145.293 INFO             PET1 !!!                   ESMF_LOGKIND_Multi_On_Error  !!!
20221027 072145.293 INFO             PET1 !!!!!!!!!!!!!!!!!!!!!!!!!!!!!!!!!!!!!!!!!!!!!!!!!!!!!!
20221027 072145.293 INFO             PET1 Running with ESMF Version   : v8.4.0
20221027 072145.293 INFO             PET1 ESMF library build date/time: "Oct 27 2022" "05:53:36"
20221027 072145.293 INFO             PET1 ESMF library build location : /glade/scratch/theurich/ESMF-Nightly-Testing/intel_18.0.5_openmpi_g_v8.4.0/esmf
20221027 072145.293 INFO             PET1 ESMF_COMM                   : openmpi
20221027 072145.293 INFO             PET1 ESMF_MOAB                   : enabled
20221027 072145.293 INFO             PET1 ESMF_LAPACK                 : enabled
20221027 072145.293 INFO             PET1 ESMF_NETCDF                 : enabled
20221027 072145.293 INFO             PET1 ESMF_PNETCDF                : disabled
20221027 072145.293 INFO             PET1 ESMF_PIO                    : enabled
20221027 072145.293 INFO             PET1 ESMF_YAMLCPP                : enabled
20221027 072145.293 INFO             PET1 esmApp STARTING
20221027 072145.300 INFO             PET1 esm: InitializeGeneric intro.
20221027 072145.300 INFO             PET1   esm: InitializeP0 intro.
20221027 072145.300 INFO             PET1   esm: InitializeP0 extro.
20221027 072145.300 INFO             PET1   esm: InitializeIPDv02p1 intro.
20221027 072145.300 INFO             PET1     >>>esm: entered Initialize (phase=<none>) without valid internal Clock.
20221027 072145.302 INFO             PET1     esm - Creating model component ATM with petList of size 2 :
20221027 072145.302 INFO             PET1           0      1
20221027 072145.305 INFO             PET1     esm - Creating model component OCN with petList of size 2 :
20221027 072145.305 INFO             PET1           2      3
20221027 072145.306 INFO             PET1     esm - Creating connector component ATM-TO-OCN with petList of size 4 :
20221027 072145.306 INFO             PET1           0      1      2      3
20221027 072145.316 INFO             PET1     esm - Creating connector component OCN-TO-ATM with petList of size 4 :
20221027 072145.316 INFO             PET1           2      3      0      1
20221027 072145.326 INFO             PET1     esm - Creating state: modelComp 1 Import State
20221027 072145.326 INFO             PET1     esm - Creating state: modelComp 1 Export State
20221027 072145.326 INFO             PET1     esm - Creating state: modelComp 2 Import State
20221027 072145.326 INFO             PET1     esm - Creating state: modelComp 2 Export State
20221027 072145.327 INFO             PET1     ATM: InitializeP0 intro.
20221027 072145.329 INFO             PET1     ATM: InitializeP0 extro.
20221027 072145.335 INFO             PET1     ATM-TO-OCN: InitializeP0 intro.
20221027 072145.335 INFO             PET1     ATM-TO-OCN: InitializeP0 extro.
20221027 072145.337 INFO             PET1     OCN-TO-ATM: InitializeP0 intro.
20221027 072145.337 INFO             PET1     OCN-TO-ATM: InitializeP0 extro.
20221027 072145.340 INFO             PET1     esm: IInitAdvertise intro.
20221027 072145.340 INFO             PET1     esm: IInitAdvertise extro.
20221027 072145.340 INFO             PET1     ATM: InitializeIPDvXp01 intro.
20221027 072145.345 INFO             PET1     ATM: InitializeIPDvXp01 extro.
20221027 072145.353 INFO             PET1     ATM-TO-OCN: InitializeIPDv05p1 intro.
20221027 072145.365 INFO             PET1     ATM-TO-OCN: InitializeIPDv05p1 extro.
20221027 072145.365 INFO             PET1     OCN-TO-ATM: InitializeIPDv05p1 intro.
20221027 072145.371 INFO             PET1     OCN-TO-ATM: InitializeIPDv05p1 extro.
20221027 072145.372 INFO             PET1     esm: IInitAdvertiseFinish intro.
20221027 072145.372 INFO             PET1     esm: IInitAdvertiseFinish extro.
20221027 072145.372 INFO             PET1     ATM-TO-OCN: InitializeIPDv05p2a intro.
20221027 072145.384 INFO             PET1     ATM-TO-OCN: InitializeIPDv05p2a extro.
20221027 072145.384 INFO             PET1     OCN-TO-ATM: InitializeIPDv05p2a intro.
20221027 072145.390 INFO             PET1     OCN-TO-ATM: InitializeIPDv05p2a extro.
20221027 072145.391 INFO             PET1     ATM-TO-OCN: InitializeIPDv05p2b intro.
20221027 072145.402 INFO             PET1     ATM-TO-OCN: InitializeIPDv05p2b extro.
20221027 072145.405 INFO             PET1     OCN-TO-ATM: InitializeIPDv05p2b intro.
20221027 072145.411 INFO             PET1     OCN-TO-ATM: InitializeIPDv05p2b extro.
20221027 072145.412 INFO             PET1     esm: IInitModifyCplLists intro.
20221027 072145.412 INFO             PET1       Driver is in ModifyCplLists()
20221027 072145.412 INFO             PET1        Found            2  Connectors. Modifying CplList Attribute....
20221027 072145.412 INFO             PET1     esm: IInitModifyCplLists extro.
20221027 072145.413 INFO             PET1     ATM-TO-OCN: InitializeIPDv05p3 intro.
20221027 072145.425 INFO             PET1     ATM-TO-OCN: InitializeIPDv05p3 extro.
20221027 072145.425 INFO             PET1     OCN-TO-ATM: InitializeIPDv05p3 intro.
20221027 072145.432 INFO             PET1     OCN-TO-ATM: InitializeIPDv05p3 extro.
20221027 072145.432 INFO             PET1     <<<esm: leaving Initialize (phase=<none>) with current time: 2010  6  1  0  0  0   0
20221027 072145.432 INFO             PET1   esm: InitializeIPDv02p1 extro.
20221027 072145.432 INFO             PET1   esm: InitializeIPDv02p3 intro.
20221027 072145.432 INFO             PET1     >>>esm: entered Initialize (phase=<none>) with current time: 2010  6  1  0  0  0   0
20221027 072145.433 INFO             PET1     esm: IInitCheck intro.
20221027 072145.433 INFO             PET1     esm: IInitCheck extro.
20221027 072145.433 INFO             PET1     ATM: InitializeIPDvXp04 intro.
20221027 072145.443 INFO             PET1     ATM: InitializeIPDvXp04 extro.
20221027 072145.457 INFO             PET1     ATM-TO-OCN: InitializeIPDv05p4 intro.
20221027 072145.479 INFO             PET1     ATM-TO-OCN: InitializeIPDv05p4 extro.
20221027 072145.480 INFO             PET1     OCN-TO-ATM: InitializeIPDv05p4 intro.
20221027 072145.491 INFO             PET1     OCN-TO-ATM: InitializeIPDv05p4 extro.
20221027 072145.492 INFO             PET1     ATM-TO-OCN: InitializeIPDv05p5 intro.
20221027 072145.514 INFO             PET1     ATM-TO-OCN: InitializeIPDv05p5 extro.
20221027 072145.514 INFO             PET1     OCN-TO-ATM: InitializeIPDv05p5 intro.
20221027 072145.525 INFO             PET1     OCN-TO-ATM: InitializeIPDv05p5 extro.
20221027 072145.525 INFO             PET1     esm: IInitRealize intro.
20221027 072145.525 INFO             PET1     esm: IInitRealize extro.
20221027 072145.526 INFO             PET1     ATM-TO-OCN: InitializeIPDv05p6a intro.
20221027 072145.547 INFO             PET1     ATM-TO-OCN: InitializeIPDv05p6a extro.
20221027 072145.547 INFO             PET1     OCN-TO-ATM: InitializeIPDv05p6a intro.
20221027 072145.558 INFO             PET1     OCN-TO-ATM: InitializeIPDv05p6a extro.
20221027 072145.558 INFO             PET1     ATM-TO-OCN: InitializeIPDv05p6b intro.
20221027 072145.700 INFO             PET1     ATM-TO-OCN: InitializeIPDv05p6b extro.
20221027 072145.700 INFO             PET1     OCN-TO-ATM: InitializeIPDv05p6b intro.
20221027 072145.823 INFO             PET1     OCN-TO-ATM: InitializeIPDv05p6b extro.
20221027 072145.823 INFO             PET1     ATM: InitializeIPDvXp07 intro.
20221027 072145.823 INFO             PET1     ATM: InitializeIPDvXp07 extro.
20221027 072145.826 INFO             PET1     <<<esm: leaving Initialize (phase=<none>) with current time: 2010  6  1  0  0  0   0
20221027 072145.826 INFO             PET1   esm: InitializeIPDv02p3 extro.
20221027 072145.826 INFO             PET1   esm: InitializeIPDv02p5 intro.
20221027 072145.826 INFO             PET1     >>>esm: entered Initialize (phase=<none>) with current time: 2010  6  1  0  0  0   0
20221027 072145.826 INFO             PET1     esm: this is a top level driver, no 'Updated' and 'InitializeDataComplete' info on this level.
20221027 072145.827 INFO             PET1     esm: InitializeIPDv02p5Data intro.
20221027 072145.827 INFO             PET1       esm: InternalInitializeComplete intro.
20221027 072145.827 INFO             PET1         esm: InitializeDataComplete='true'
20221027 072145.827 INFO             PET1       esm: InternalInitializeComplete extro.
20221027 072145.827 INFO             PET1       ATM: InitializeIPDv01p5 intro.
20221027 072145.827 INFO             PET1       ATM: InitializeIPDv01p5 extro.
20221027 072145.830 INFO             PET1       esm: components present that trigger loopDataDependentInitialize().
20221027 072145.830 INFO             PET1       esm: loopDataDependentInitialize intro.
20221027 072145.830 INFO             PET1         esm: component    0=esm, dataComplete (local): true
20221027 072145.830 INFO             PET1         esm: component    0=esm, dataComplete (global):  T
20221027 072145.830 INFO             PET1         esm: component    1=ATM, dataComplete (local): true
20221027 072145.830 INFO             PET1         esm: component    1=ATM, dataComplete (global):  T
20221027 072145.830 INFO             PET1         esm: component    2=OCN, dataComplete (local): true
20221027 072145.830 INFO             PET1         esm: component    2=OCN, dataComplete (global):  T
20221027 072145.830 INFO             PET1         esm: someProgress= F, allComplete= T, present(dataDepAllComplete)= T
20221027 072145.830 INFO             PET1         esm: finished resolving initialize data dependencies on this level.
20221027 072145.830 INFO             PET1       esm: loopDataDependentInitialize extro.
20221027 072145.830 INFO             PET1       esm: loopDataDependentInitialize() returned with dataDepAllComplete:  T
20221027 072145.830 INFO             PET1     esm: InitializeIPDv02p5Data extro.
20221027 072145.831 INFO             PET1     <<<esm: leaving Initialize (phase=<none>) with current time: 2010  6  1  0  0  0   0
20221027 072145.831 INFO             PET1   esm: InitializeIPDv02p5 extro.
20221027 072145.831 INFO             PET1 esm: InitializeGeneric extro.
20221027 072145.831 INFO             PET1 esm: Run intro.
20221027 072145.831 INFO             PET1   >>>esm entered Run (phase=RunPhase1) with current time: 2010  6  1  0  0  0   0
20221027 072145.831 INFO             PET1   esm: after lable_SetRunClock, current time: 2010  6  1  0  0  0   0
20221027 072145.831 INFO             PET1   esm: begin -------> RunSequence.
20221027 072145.831 INFO             PET1     esm: RunSequence event loopLevel=   1  levelMember=   1  loopIteration=   1, current time: 2010  6  1  0  0  0   0
20221027 072145.831 INFO             PET1     ATM-TO-OCN: Run intro.
20221027 072145.832 INFO             PET1     ATM-TO-OCN: Run extro.
20221027 072145.832 INFO             PET1     OCN-TO-ATM: Run intro.
20221027 072145.832 INFO             PET1     OCN-TO-ATM: Run extro.
20221027 072145.833 INFO             PET1     ATM: Run intro.
20221027 072145.833 INFO             PET1       ------>Advancing ATM from: 2010  6  1  0  0  0   0
20221027 072145.833 INFO             PET1       ---------------------> to: 2010  6  1  0 15  0   0
20221027 072145.833 INFO             PET1     ATM: Run extro.
20221027 072145.833 INFO             PET1     esm: RunSequence event loopLevel=   1  levelMember=   1  loopIteration=   2, current time: 2010  6  1  0 15  0   0
20221027 072145.833 INFO             PET1     ATM-TO-OCN: Run intro.
20221027 072145.834 INFO             PET1     ATM-TO-OCN: Run extro.
20221027 072145.834 INFO             PET1     OCN-TO-ATM: Run intro.
20221027 072145.859 INFO             PET1     OCN-TO-ATM: Run extro.
20221027 072145.859 INFO             PET1     ATM: Run intro.
20221027 072145.859 INFO             PET1       ------>Advancing ATM from: 2010  6  1  0 15  0   0
20221027 072145.859 INFO             PET1       ---------------------> to: 2010  6  1  0 30  0   0
20221027 072145.860 INFO             PET1     ATM: Run extro.
20221027 072145.860 INFO             PET1     esm: RunSequence event loopLevel=   1  levelMember=   1  loopIteration=   3, current time: 2010  6  1  0 30  0   0
20221027 072145.860 INFO             PET1     ATM-TO-OCN: Run intro.
20221027 072145.860 INFO             PET1     ATM-TO-OCN: Run extro.
20221027 072145.860 INFO             PET1     OCN-TO-ATM: Run intro.
20221027 072145.869 INFO             PET1     OCN-TO-ATM: Run extro.
20221027 072145.870 INFO             PET1     ATM: Run intro.
20221027 072145.870 INFO             PET1       ------>Advancing ATM from: 2010  6  1  0 30  0   0
20221027 072145.870 INFO             PET1       ---------------------> to: 2010  6  1  0 45  0   0
20221027 072145.870 INFO             PET1     ATM: Run extro.
20221027 072145.870 INFO             PET1     esm: RunSequence event loopLevel=   1  levelMember=   1  loopIteration=   4, current time: 2010  6  1  0 45  0   0
20221027 072145.870 INFO             PET1     ATM-TO-OCN: Run intro.
20221027 072145.870 INFO             PET1     ATM-TO-OCN: Run extro.
20221027 072145.870 INFO             PET1     OCN-TO-ATM: Run intro.
20221027 072145.880 INFO             PET1     OCN-TO-ATM: Run extro.
20221027 072145.880 INFO             PET1     ATM: Run intro.
20221027 072145.880 INFO             PET1       ------>Advancing ATM from: 2010  6  1  0 45  0   0
20221027 072145.880 INFO             PET1       ---------------------> to: 2010  6  1  1  0  0   0
20221027 072145.880 INFO             PET1     ATM: Run extro.
20221027 072145.880 INFO             PET1   esm: end <--------- RunSequence
20221027 072145.880 INFO             PET1   <<<esm - leaving Run with current time: 2010  6  1  1  0  0   0
20221027 072145.880 INFO             PET1 esm: Run extro.
20221027 072145.880 INFO             PET1 esm: Finalize intro.
20221027 072145.880 INFO             PET1   Calling Finalize phase 1 for connectorComp: ATM-TO-OCN
20221027 072145.881 INFO             PET1   ATM-TO-OCN: Finalize intro.
20221027 072145.881 INFO             PET1   ATM-TO-OCN: Finalize extro.
20221027 072145.881 INFO             PET1   Calling Finalize phase 1 for connectorComp: OCN-TO-ATM
20221027 072145.881 INFO             PET1   OCN-TO-ATM: Finalize intro.
20221027 072145.881 INFO             PET1   OCN-TO-ATM: Finalize extro.
20221027 072145.881 INFO             PET1   Calling Finalize phase 1 for modelComp: ATM
20221027 072145.881 INFO             PET1   ATM: Finalize intro.
20221027 072145.881 INFO             PET1   ATM: Finalize extro.
20221027 072145.881 INFO             PET1   Calling Finalize phase 1 for modelComp: OCN
20221027 072145.881 INFO             PET1   Delete modelComp: ATM
20221027 072145.881 INFO             PET1   Delete Import-/Export State for modelComp: ATM
20221027 072145.882 INFO             PET1   Delete modelComp: OCN
20221027 072145.882 INFO             PET1   Delete Import-/Export State for modelComp: OCN
20221027 072145.882 INFO             PET1   Delete connectorComp: ATM-TO-OCN
20221027 072145.882 INFO             PET1   Delete connectorComp: OCN-TO-ATM
20221027 072145.882 INFO             PET1 esm: Finalize extro.
20221027 072145.882 INFO             PET1 esmApp FINISHED
20221027 072145.882 INFO             PET1 Finalizing ESMF
20221027 072145.290 INFO             PET2 !!!!!!!!!!!!!!!!!!!!!!!!!!!!!!!!!!!!!!!!!!!!!!!!!!!!!!
20221027 072145.290 INFO             PET2 !!! THE ESMF_LOG IS SET TO OUTPUT ALL LOG MESSAGES !!!
20221027 072145.290 INFO             PET2 !!!     THIS MAY CAUSE SLOWDOWN IN PERFORMANCE     !!!
20221027 072145.290 INFO             PET2 !!! FOR PRODUCTION RUNS, USE:                      !!!
20221027 072145.290 INFO             PET2 !!!                   ESMF_LOGKIND_Multi_On_Error  !!!
20221027 072145.290 INFO             PET2 !!!!!!!!!!!!!!!!!!!!!!!!!!!!!!!!!!!!!!!!!!!!!!!!!!!!!!
20221027 072145.290 INFO             PET2 Running with ESMF Version   : v8.4.0
20221027 072145.290 INFO             PET2 ESMF library build date/time: "Oct 27 2022" "05:53:36"
20221027 072145.290 INFO             PET2 ESMF library build location : /glade/scratch/theurich/ESMF-Nightly-Testing/intel_18.0.5_openmpi_g_v8.4.0/esmf
20221027 072145.290 INFO             PET2 ESMF_COMM                   : openmpi
20221027 072145.290 INFO             PET2 ESMF_MOAB                   : enabled
20221027 072145.290 INFO             PET2 ESMF_LAPACK                 : enabled
20221027 072145.290 INFO             PET2 ESMF_NETCDF                 : enabled
20221027 072145.290 INFO             PET2 ESMF_PNETCDF                : disabled
20221027 072145.290 INFO             PET2 ESMF_PIO                    : enabled
20221027 072145.290 INFO             PET2 ESMF_YAMLCPP                : enabled
20221027 072145.293 INFO             PET2 esmApp STARTING
20221027 072145.300 INFO             PET2 esm: InitializeGeneric intro.
20221027 072145.300 INFO             PET2   esm: InitializeP0 intro.
20221027 072145.300 INFO             PET2   esm: InitializeP0 extro.
20221027 072145.300 INFO             PET2   esm: InitializeIPDv02p1 intro.
20221027 072145.300 INFO             PET2     >>>esm: entered Initialize (phase=<none>) without valid internal Clock.
20221027 072145.302 INFO             PET2     esm - Creating model component ATM with petList of size 2 :
20221027 072145.302 INFO             PET2           0      1
20221027 072145.305 INFO             PET2     esm - Creating model component OCN with petList of size 2 :
20221027 072145.305 INFO             PET2           2      3
20221027 072145.309 INFO             PET2     esm - Creating connector component ATM-TO-OCN with petList of size 4 :
20221027 072145.309 INFO             PET2           0      1      2      3
20221027 072145.316 INFO             PET2     esm - Creating connector component OCN-TO-ATM with petList of size 4 :
20221027 072145.316 INFO             PET2           2      3      0      1
20221027 072145.325 INFO             PET2     esm - Creating state: modelComp 1 Import State
20221027 072145.325 INFO             PET2     esm - Creating state: modelComp 1 Export State
20221027 072145.326 INFO             PET2     esm - Creating state: modelComp 2 Import State
20221027 072145.326 INFO             PET2     esm - Creating state: modelComp 2 Export State
20221027 072145.331 INFO             PET2     OCN: InitializeP0 intro.
20221027 072145.332 INFO             PET2     OCN: InitializeP0 extro.
20221027 072145.335 INFO             PET2     ATM-TO-OCN: InitializeP0 intro.
20221027 072145.335 INFO             PET2     ATM-TO-OCN: InitializeP0 extro.
20221027 072145.336 INFO             PET2     OCN-TO-ATM: InitializeP0 intro.
20221027 072145.337 INFO             PET2     OCN-TO-ATM: InitializeP0 extro.
20221027 072145.340 INFO             PET2     esm: IInitAdvertise intro.
20221027 072145.340 INFO             PET2     esm: IInitAdvertise extro.
20221027 072145.345 INFO             PET2     OCN: InitializeIPDvXp01 intro.
20221027 072145.349 INFO             PET2     OCN: InitializeIPDvXp01 extro.
20221027 072145.353 INFO             PET2     ATM-TO-OCN: InitializeIPDv05p1 intro.
20221027 072145.365 INFO             PET2     ATM-TO-OCN: InitializeIPDv05p1 extro.
20221027 072145.365 INFO             PET2     OCN-TO-ATM: InitializeIPDv05p1 intro.
20221027 072145.371 INFO             PET2     OCN-TO-ATM: InitializeIPDv05p1 extro.
20221027 072145.372 INFO             PET2     esm: IInitAdvertiseFinish intro.
20221027 072145.372 INFO             PET2     esm: IInitAdvertiseFinish extro.
20221027 072145.372 INFO             PET2     ATM-TO-OCN: InitializeIPDv05p2a intro.
20221027 072145.384 INFO             PET2     ATM-TO-OCN: InitializeIPDv05p2a extro.
20221027 072145.384 INFO             PET2     OCN-TO-ATM: InitializeIPDv05p2a intro.
20221027 072145.390 INFO             PET2     OCN-TO-ATM: InitializeIPDv05p2a extro.
20221027 072145.391 INFO             PET2     ATM-TO-OCN: InitializeIPDv05p2b intro.
20221027 072145.402 INFO             PET2     ATM-TO-OCN: InitializeIPDv05p2b extro.
20221027 072145.404 INFO             PET2     OCN-TO-ATM: InitializeIPDv05p2b intro.
20221027 072145.411 INFO             PET2     OCN-TO-ATM: InitializeIPDv05p2b extro.
20221027 072145.412 INFO             PET2     esm: IInitModifyCplLists intro.
20221027 072145.412 INFO             PET2       Driver is in ModifyCplLists()
20221027 072145.412 INFO             PET2        Found            2  Connectors. Modifying CplList Attribute....
20221027 072145.412 INFO             PET2     esm: IInitModifyCplLists extro.
20221027 072145.413 INFO             PET2     ATM-TO-OCN: InitializeIPDv05p3 intro.
20221027 072145.425 INFO             PET2     ATM-TO-OCN: InitializeIPDv05p3 extro.
20221027 072145.425 INFO             PET2     OCN-TO-ATM: InitializeIPDv05p3 intro.
20221027 072145.432 INFO             PET2     OCN-TO-ATM: InitializeIPDv05p3 extro.
20221027 072145.432 INFO             PET2     <<<esm: leaving Initialize (phase=<none>) with current time: 2010  6  1  0  0  0   0
20221027 072145.432 INFO             PET2   esm: InitializeIPDv02p1 extro.
20221027 072145.432 INFO             PET2   esm: InitializeIPDv02p3 intro.
20221027 072145.432 INFO             PET2     >>>esm: entered Initialize (phase=<none>) with current time: 2010  6  1  0  0  0   0
20221027 072145.433 INFO             PET2     esm: IInitCheck intro.
20221027 072145.433 INFO             PET2     esm: IInitCheck extro.
20221027 072145.444 INFO             PET2     OCN: InitializeIPDvXp04 intro.
20221027 072145.454 INFO             PET2     OCN: InitializeIPDvXp04 extro.
20221027 072145.457 INFO             PET2     ATM-TO-OCN: InitializeIPDv05p4 intro.
20221027 072145.479 INFO             PET2     ATM-TO-OCN: InitializeIPDv05p4 extro.
20221027 072145.480 INFO             PET2     OCN-TO-ATM: InitializeIPDv05p4 intro.
20221027 072145.491 INFO             PET2     OCN-TO-ATM: InitializeIPDv05p4 extro.
20221027 072145.492 INFO             PET2     ATM-TO-OCN: InitializeIPDv05p5 intro.
20221027 072145.513 INFO             PET2     ATM-TO-OCN: InitializeIPDv05p5 extro.
20221027 072145.514 INFO             PET2     OCN-TO-ATM: InitializeIPDv05p5 intro.
20221027 072145.525 INFO             PET2     OCN-TO-ATM: InitializeIPDv05p5 extro.
20221027 072145.525 INFO             PET2     esm: IInitRealize intro.
20221027 072145.525 INFO             PET2     esm: IInitRealize extro.
20221027 072145.526 INFO             PET2     ATM-TO-OCN: InitializeIPDv05p6a intro.
20221027 072145.547 INFO             PET2     ATM-TO-OCN: InitializeIPDv05p6a extro.
20221027 072145.547 INFO             PET2     OCN-TO-ATM: InitializeIPDv05p6a intro.
20221027 072145.558 INFO             PET2     OCN-TO-ATM: InitializeIPDv05p6a extro.
20221027 072145.558 INFO             PET2     ATM-TO-OCN: InitializeIPDv05p6b intro.
20221027 072145.700 INFO             PET2     ATM-TO-OCN: InitializeIPDv05p6b extro.
20221027 072145.700 INFO             PET2     OCN-TO-ATM: InitializeIPDv05p6b intro.
20221027 072145.823 INFO             PET2     OCN-TO-ATM: InitializeIPDv05p6b extro.
20221027 072145.825 INFO             PET2     OCN: InitializeIPDvXp07 intro.
20221027 072145.825 INFO             PET2     OCN: InitializeIPDvXp07 extro.
20221027 072145.826 INFO             PET2     <<<esm: leaving Initialize (phase=<none>) with current time: 2010  6  1  0  0  0   0
20221027 072145.826 INFO             PET2   esm: InitializeIPDv02p3 extro.
20221027 072145.826 INFO             PET2   esm: InitializeIPDv02p5 intro.
20221027 072145.826 INFO             PET2     >>>esm: entered Initialize (phase=<none>) with current time: 2010  6  1  0  0  0   0
20221027 072145.826 INFO             PET2     esm: this is a top level driver, no 'Updated' and 'InitializeDataComplete' info on this level.
20221027 072145.826 INFO             PET2     esm: InitializeIPDv02p5Data intro.
20221027 072145.827 INFO             PET2       esm: InternalInitializeComplete intro.
20221027 072145.827 INFO             PET2         esm: InitializeDataComplete='true'
20221027 072145.827 INFO             PET2       esm: InternalInitializeComplete extro.
20221027 072145.828 INFO             PET2       OCN: InitializeIPDv01p5 intro.
20221027 072145.828 INFO             PET2       OCN: InitializeIPDv01p5 extro.
20221027 072145.830 INFO             PET2       esm: components present that trigger loopDataDependentInitialize().
20221027 072145.830 INFO             PET2       esm: loopDataDependentInitialize intro.
20221027 072145.830 INFO             PET2         esm: component    0=esm, dataComplete (local): true
20221027 072145.830 INFO             PET2         esm: component    0=esm, dataComplete (global):  T
20221027 072145.830 INFO             PET2         esm: component    1=ATM, dataComplete (local): true
20221027 072145.830 INFO             PET2         esm: component    1=ATM, dataComplete (global):  T
20221027 072145.830 INFO             PET2         esm: component    2=OCN, dataComplete (local): true
20221027 072145.830 INFO             PET2         esm: component    2=OCN, dataComplete (global):  T
20221027 072145.830 INFO             PET2         esm: someProgress= F, allComplete= T, present(dataDepAllComplete)= T
20221027 072145.830 INFO             PET2         esm: finished resolving initialize data dependencies on this level.
20221027 072145.830 INFO             PET2       esm: loopDataDependentInitialize extro.
20221027 072145.830 INFO             PET2       esm: loopDataDependentInitialize() returned with dataDepAllComplete:  T
20221027 072145.830 INFO             PET2     esm: InitializeIPDv02p5Data extro.
20221027 072145.831 INFO             PET2     <<<esm: leaving Initialize (phase=<none>) with current time: 2010  6  1  0  0  0   0
20221027 072145.831 INFO             PET2   esm: InitializeIPDv02p5 extro.
20221027 072145.831 INFO             PET2 esm: InitializeGeneric extro.
20221027 072145.831 INFO             PET2 esm: Run intro.
20221027 072145.831 INFO             PET2   >>>esm entered Run (phase=RunPhase1) with current time: 2010  6  1  0  0  0   0
20221027 072145.831 INFO             PET2   esm: after lable_SetRunClock, current time: 2010  6  1  0  0  0   0
20221027 072145.831 INFO             PET2   esm: begin -------> RunSequence.
20221027 072145.831 INFO             PET2     esm: RunSequence event loopLevel=   1  levelMember=   1  loopIteration=   1, current time: 2010  6  1  0  0  0   0
20221027 072145.831 INFO             PET2     ATM-TO-OCN: Run intro.
20221027 072145.832 INFO             PET2     ATM-TO-OCN: Run extro.
20221027 072145.832 INFO             PET2     OCN-TO-ATM: Run intro.
20221027 072145.832 INFO             PET2     OCN-TO-ATM: Run extro.
20221027 072145.832 INFO             PET2     OCN: Run intro.
20221027 072145.833 INFO             PET2       ------>Advancing OCN from: 2010  6  1  0  0  0   0
20221027 072145.833 INFO             PET2       ---------------------> to: 2010  6  1  0  5  0   0
20221027 072145.848 WARNING          PET2 ESMCI_PIO_Handler.C:1567 ESMCI::PIO_Handler::isOpen()       File, field_ocn_export_adv_sst.nc, closed by PIO
20221027 072145.848 INFO             PET2       ------>Advancing OCN from: 2010  6  1  0  5  0   0
20221027 072145.848 INFO             PET2       ---------------------> to: 2010  6  1  0 10  0   0
20221027 072145.855 WARNING          PET2 ESMCI_PIO_Handler.C:1567 ESMCI::PIO_Handler::isOpen()       File, field_ocn_export_adv_sst.nc, closed by PIO
20221027 072145.855 INFO             PET2       ------>Advancing OCN from: 2010  6  1  0 10  0   0
20221027 072145.855 INFO             PET2       ---------------------> to: 2010  6  1  0 15  0   0
20221027 072145.858 WARNING          PET2 ESMCI_PIO_Handler.C:1567 ESMCI::PIO_Handler::isOpen()       File, field_ocn_export_adv_sst.nc, closed by PIO
20221027 072145.858 INFO             PET2     OCN: Run extro.
20221027 072145.858 INFO             PET2     esm: RunSequence event loopLevel=   1  levelMember=   1  loopIteration=   2, current time: 2010  6  1  0 15  0   0
20221027 072145.858 INFO             PET2     ATM-TO-OCN: Run intro.
20221027 072145.859 INFO             PET2     ATM-TO-OCN: Run extro.
20221027 072145.859 INFO             PET2     OCN-TO-ATM: Run intro.
20221027 072145.859 INFO             PET2     OCN-TO-ATM: Run extro.
20221027 072145.859 INFO             PET2     OCN: Run intro.
20221027 072145.860 INFO             PET2       ------>Advancing OCN from: 2010  6  1  0 15  0   0
20221027 072145.860 INFO             PET2       ---------------------> to: 2010  6  1  0 20  0   0
20221027 072145.863 WARNING          PET2 ESMCI_PIO_Handler.C:1567 ESMCI::PIO_Handler::isOpen()       File, field_ocn_export_adv_sst.nc, closed by PIO
20221027 072145.863 INFO             PET2       ------>Advancing OCN from: 2010  6  1  0 20  0   0
20221027 072145.863 INFO             PET2       ---------------------> to: 2010  6  1  0 25  0   0
20221027 072145.866 WARNING          PET2 ESMCI_PIO_Handler.C:1567 ESMCI::PIO_Handler::isOpen()       File, field_ocn_export_adv_sst.nc, closed by PIO
20221027 072145.866 INFO             PET2       ------>Advancing OCN from: 2010  6  1  0 25  0   0
20221027 072145.866 INFO             PET2       ---------------------> to: 2010  6  1  0 30  0   0
20221027 072145.868 WARNING          PET2 ESMCI_PIO_Handler.C:1567 ESMCI::PIO_Handler::isOpen()       File, field_ocn_export_adv_sst.nc, closed by PIO
20221027 072145.868 INFO             PET2     OCN: Run extro.
20221027 072145.868 INFO             PET2     esm: RunSequence event loopLevel=   1  levelMember=   1  loopIteration=   3, current time: 2010  6  1  0 30  0   0
20221027 072145.869 INFO             PET2     ATM-TO-OCN: Run intro.
20221027 072145.869 INFO             PET2     ATM-TO-OCN: Run extro.
20221027 072145.869 INFO             PET2     OCN-TO-ATM: Run intro.
20221027 072145.869 INFO             PET2     OCN-TO-ATM: Run extro.
20221027 072145.869 INFO             PET2     OCN: Run intro.
20221027 072145.870 INFO             PET2       ------>Advancing OCN from: 2010  6  1  0 30  0   0
20221027 072145.870 INFO             PET2       ---------------------> to: 2010  6  1  0 35  0   0
20221027 072145.873 WARNING          PET2 ESMCI_PIO_Handler.C:1567 ESMCI::PIO_Handler::isOpen()       File, field_ocn_export_adv_sst.nc, closed by PIO
20221027 072145.873 INFO             PET2       ------>Advancing OCN from: 2010  6  1  0 35  0   0
20221027 072145.873 INFO             PET2       ---------------------> to: 2010  6  1  0 40  0   0
20221027 072145.876 WARNING          PET2 ESMCI_PIO_Handler.C:1567 ESMCI::PIO_Handler::isOpen()       File, field_ocn_export_adv_sst.nc, closed by PIO
20221027 072145.876 INFO             PET2       ------>Advancing OCN from: 2010  6  1  0 40  0   0
20221027 072145.876 INFO             PET2       ---------------------> to: 2010  6  1  0 45  0   0
20221027 072145.879 WARNING          PET2 ESMCI_PIO_Handler.C:1567 ESMCI::PIO_Handler::isOpen()       File, field_ocn_export_adv_sst.nc, closed by PIO
20221027 072145.879 INFO             PET2     OCN: Run extro.
20221027 072145.879 INFO             PET2     esm: RunSequence event loopLevel=   1  levelMember=   1  loopIteration=   4, current time: 2010  6  1  0 45  0   0
20221027 072145.879 INFO             PET2     ATM-TO-OCN: Run intro.
20221027 072145.879 INFO             PET2     ATM-TO-OCN: Run extro.
20221027 072145.879 INFO             PET2     OCN-TO-ATM: Run intro.
20221027 072145.880 INFO             PET2     OCN-TO-ATM: Run extro.
20221027 072145.880 INFO             PET2     OCN: Run intro.
20221027 072145.880 INFO             PET2       ------>Advancing OCN from: 2010  6  1  0 45  0   0
20221027 072145.880 INFO             PET2       ---------------------> to: 2010  6  1  0 50  0   0
20221027 072145.883 WARNING          PET2 ESMCI_PIO_Handler.C:1567 ESMCI::PIO_Handler::isOpen()       File, field_ocn_export_adv_sst.nc, closed by PIO
20221027 072145.883 INFO             PET2       ------>Advancing OCN from: 2010  6  1  0 50  0   0
20221027 072145.883 INFO             PET2       ---------------------> to: 2010  6  1  0 55  0   0
20221027 072145.886 WARNING          PET2 ESMCI_PIO_Handler.C:1567 ESMCI::PIO_Handler::isOpen()       File, field_ocn_export_adv_sst.nc, closed by PIO
20221027 072145.886 INFO             PET2       ------>Advancing OCN from: 2010  6  1  0 55  0   0
20221027 072145.886 INFO             PET2       ---------------------> to: 2010  6  1  1  0  0   0
20221027 072145.890 WARNING          PET2 ESMCI_PIO_Handler.C:1567 ESMCI::PIO_Handler::isOpen()       File, field_ocn_export_adv_sst.nc, closed by PIO
20221027 072145.890 INFO             PET2     OCN: Run extro.
20221027 072145.890 INFO             PET2   esm: end <--------- RunSequence
20221027 072145.890 INFO             PET2   <<<esm - leaving Run with current time: 2010  6  1  1  0  0   0
20221027 072145.890 INFO             PET2 esm: Run extro.
20221027 072145.890 INFO             PET2 esm: Finalize intro.
20221027 072145.890 INFO             PET2   Calling Finalize phase 1 for connectorComp: ATM-TO-OCN
20221027 072145.890 INFO             PET2   ATM-TO-OCN: Finalize intro.
20221027 072145.890 INFO             PET2   ATM-TO-OCN: Finalize extro.
20221027 072145.890 INFO             PET2   Calling Finalize phase 1 for connectorComp: OCN-TO-ATM
20221027 072145.890 INFO             PET2   OCN-TO-ATM: Finalize intro.
20221027 072145.891 INFO             PET2   OCN-TO-ATM: Finalize extro.
20221027 072145.891 INFO             PET2   Calling Finalize phase 1 for modelComp: ATM
20221027 072145.891 INFO             PET2   Calling Finalize phase 1 for modelComp: OCN
20221027 072145.891 INFO             PET2   OCN: Finalize intro.
20221027 072145.891 INFO             PET2   OCN: Finalize extro.
20221027 072145.891 INFO             PET2   Delete modelComp: ATM
20221027 072145.891 INFO             PET2   Delete Import-/Export State for modelComp: ATM
20221027 072145.891 INFO             PET2   Delete modelComp: OCN
20221027 072145.891 INFO             PET2   Delete Import-/Export State for modelComp: OCN
20221027 072145.891 INFO             PET2   Delete connectorComp: ATM-TO-OCN
20221027 072145.891 INFO             PET2   Delete connectorComp: OCN-TO-ATM
20221027 072145.891 INFO             PET2 esm: Finalize extro.
20221027 072145.891 INFO             PET2 esmApp FINISHED
20221027 072145.891 INFO             PET2 Finalizing ESMF
20221027 072145.292 INFO             PET3 !!!!!!!!!!!!!!!!!!!!!!!!!!!!!!!!!!!!!!!!!!!!!!!!!!!!!!
20221027 072145.292 INFO             PET3 !!! THE ESMF_LOG IS SET TO OUTPUT ALL LOG MESSAGES !!!
20221027 072145.292 INFO             PET3 !!!     THIS MAY CAUSE SLOWDOWN IN PERFORMANCE     !!!
20221027 072145.292 INFO             PET3 !!! FOR PRODUCTION RUNS, USE:                      !!!
20221027 072145.292 INFO             PET3 !!!                   ESMF_LOGKIND_Multi_On_Error  !!!
20221027 072145.292 INFO             PET3 !!!!!!!!!!!!!!!!!!!!!!!!!!!!!!!!!!!!!!!!!!!!!!!!!!!!!!
20221027 072145.292 INFO             PET3 Running with ESMF Version   : v8.4.0
20221027 072145.292 INFO             PET3 ESMF library build date/time: "Oct 27 2022" "05:53:36"
20221027 072145.292 INFO             PET3 ESMF library build location : /glade/scratch/theurich/ESMF-Nightly-Testing/intel_18.0.5_openmpi_g_v8.4.0/esmf
20221027 072145.292 INFO             PET3 ESMF_COMM                   : openmpi
20221027 072145.292 INFO             PET3 ESMF_MOAB                   : enabled
20221027 072145.292 INFO             PET3 ESMF_LAPACK                 : enabled
20221027 072145.292 INFO             PET3 ESMF_NETCDF                 : enabled
20221027 072145.292 INFO             PET3 ESMF_PNETCDF                : disabled
20221027 072145.292 INFO             PET3 ESMF_PIO                    : enabled
20221027 072145.292 INFO             PET3 ESMF_YAMLCPP                : enabled
20221027 072145.293 INFO             PET3 esmApp STARTING
20221027 072145.301 INFO             PET3 esm: InitializeGeneric intro.
20221027 072145.301 INFO             PET3   esm: InitializeP0 intro.
20221027 072145.301 INFO             PET3   esm: InitializeP0 extro.
20221027 072145.301 INFO             PET3   esm: InitializeIPDv02p1 intro.
20221027 072145.302 INFO             PET3     >>>esm: entered Initialize (phase=<none>) without valid internal Clock.
20221027 072145.302 INFO             PET3     esm - Creating model component ATM with petList of size 2 :
20221027 072145.302 INFO             PET3           0      1
20221027 072145.305 INFO             PET3     esm - Creating model component OCN with petList of size 2 :
20221027 072145.305 INFO             PET3           2      3
20221027 072145.310 INFO             PET3     esm - Creating connector component ATM-TO-OCN with petList of size 4 :
20221027 072145.310 INFO             PET3           0      1      2      3
20221027 072145.319 INFO             PET3     esm - Creating connector component OCN-TO-ATM with petList of size 4 :
20221027 072145.319 INFO             PET3           2      3      0      1
20221027 072145.328 INFO             PET3     esm - Creating state: modelComp 1 Import State
20221027 072145.328 INFO             PET3     esm - Creating state: modelComp 1 Export State
20221027 072145.328 INFO             PET3     esm - Creating state: modelComp 2 Import State
20221027 072145.328 INFO             PET3     esm - Creating state: modelComp 2 Export State
20221027 072145.332 INFO             PET3     OCN: InitializeP0 intro.
20221027 072145.334 INFO             PET3     OCN: InitializeP0 extro.
20221027 072145.335 INFO             PET3     ATM-TO-OCN: InitializeP0 intro.
20221027 072145.336 INFO             PET3     ATM-TO-OCN: InitializeP0 extro.
20221027 072145.337 INFO             PET3     OCN-TO-ATM: InitializeP0 intro.
20221027 072145.338 INFO             PET3     OCN-TO-ATM: InitializeP0 extro.
20221027 072145.340 INFO             PET3     esm: IInitAdvertise intro.
20221027 072145.340 INFO             PET3     esm: IInitAdvertise extro.
20221027 072145.346 INFO             PET3     OCN: InitializeIPDvXp01 intro.
20221027 072145.352 INFO             PET3     OCN: InitializeIPDvXp01 extro.
20221027 072145.353 INFO             PET3     ATM-TO-OCN: InitializeIPDv05p1 intro.
20221027 072145.365 INFO             PET3     ATM-TO-OCN: InitializeIPDv05p1 extro.
20221027 072145.366 INFO             PET3     OCN-TO-ATM: InitializeIPDv05p1 intro.
20221027 072145.372 INFO             PET3     OCN-TO-ATM: InitializeIPDv05p1 extro.
20221027 072145.372 INFO             PET3     esm: IInitAdvertiseFinish intro.
20221027 072145.372 INFO             PET3     esm: IInitAdvertiseFinish extro.
20221027 072145.372 INFO             PET3     ATM-TO-OCN: InitializeIPDv05p2a intro.
20221027 072145.384 INFO             PET3     ATM-TO-OCN: InitializeIPDv05p2a extro.
20221027 072145.384 INFO             PET3     OCN-TO-ATM: InitializeIPDv05p2a intro.
20221027 072145.391 INFO             PET3     OCN-TO-ATM: InitializeIPDv05p2a extro.
20221027 072145.391 INFO             PET3     ATM-TO-OCN: InitializeIPDv05p2b intro.
20221027 072145.402 INFO             PET3     ATM-TO-OCN: InitializeIPDv05p2b extro.
20221027 072145.405 INFO             PET3     OCN-TO-ATM: InitializeIPDv05p2b intro.
20221027 072145.412 INFO             PET3     OCN-TO-ATM: InitializeIPDv05p2b extro.
20221027 072145.412 INFO             PET3     esm: IInitModifyCplLists intro.
20221027 072145.412 INFO             PET3       Driver is in ModifyCplLists()
20221027 072145.412 INFO             PET3        Found            2  Connectors. Modifying CplList Attribute....
20221027 072145.413 INFO             PET3     esm: IInitModifyCplLists extro.
20221027 072145.413 INFO             PET3     ATM-TO-OCN: InitializeIPDv05p3 intro.
20221027 072145.425 INFO             PET3     ATM-TO-OCN: InitializeIPDv05p3 extro.
20221027 072145.426 INFO             PET3     OCN-TO-ATM: InitializeIPDv05p3 intro.
20221027 072145.432 INFO             PET3     OCN-TO-ATM: InitializeIPDv05p3 extro.
20221027 072145.433 INFO             PET3     <<<esm: leaving Initialize (phase=<none>) with current time: 2010  6  1  0  0  0   0
20221027 072145.433 INFO             PET3   esm: InitializeIPDv02p1 extro.
20221027 072145.433 INFO             PET3   esm: InitializeIPDv02p3 intro.
20221027 072145.433 INFO             PET3     >>>esm: entered Initialize (phase=<none>) with current time: 2010  6  1  0  0  0   0
20221027 072145.433 INFO             PET3     esm: IInitCheck intro.
20221027 072145.433 INFO             PET3     esm: IInitCheck extro.
20221027 072145.444 INFO             PET3     OCN: InitializeIPDvXp04 intro.
20221027 072145.456 INFO             PET3     OCN: InitializeIPDvXp04 extro.
20221027 072145.458 INFO             PET3     ATM-TO-OCN: InitializeIPDv05p4 intro.
20221027 072145.480 INFO             PET3     ATM-TO-OCN: InitializeIPDv05p4 extro.
20221027 072145.480 INFO             PET3     OCN-TO-ATM: InitializeIPDv05p4 intro.
20221027 072145.492 INFO             PET3     OCN-TO-ATM: InitializeIPDv05p4 extro.
20221027 072145.492 INFO             PET3     ATM-TO-OCN: InitializeIPDv05p5 intro.
20221027 072145.514 INFO             PET3     ATM-TO-OCN: InitializeIPDv05p5 extro.
20221027 072145.514 INFO             PET3     OCN-TO-ATM: InitializeIPDv05p5 intro.
20221027 072145.526 INFO             PET3     OCN-TO-ATM: InitializeIPDv05p5 extro.
20221027 072145.526 INFO             PET3     esm: IInitRealize intro.
20221027 072145.526 INFO             PET3     esm: IInitRealize extro.
20221027 072145.526 INFO             PET3     ATM-TO-OCN: InitializeIPDv05p6a intro.
20221027 072145.547 INFO             PET3     ATM-TO-OCN: InitializeIPDv05p6a extro.
20221027 072145.548 INFO             PET3     OCN-TO-ATM: InitializeIPDv05p6a intro.
20221027 072145.558 INFO             PET3     OCN-TO-ATM: InitializeIPDv05p6a extro.
20221027 072145.559 INFO             PET3     ATM-TO-OCN: InitializeIPDv05p6b intro.
20221027 072145.700 INFO             PET3     ATM-TO-OCN: InitializeIPDv05p6b extro.
20221027 072145.700 INFO             PET3     OCN-TO-ATM: InitializeIPDv05p6b intro.
20221027 072145.823 INFO             PET3     OCN-TO-ATM: InitializeIPDv05p6b extro.
20221027 072145.825 INFO             PET3     OCN: InitializeIPDvXp07 intro.
20221027 072145.825 INFO             PET3     OCN: InitializeIPDvXp07 extro.
20221027 072145.826 INFO             PET3     <<<esm: leaving Initialize (phase=<none>) with current time: 2010  6  1  0  0  0   0
20221027 072145.826 INFO             PET3   esm: InitializeIPDv02p3 extro.
20221027 072145.827 INFO             PET3   esm: InitializeIPDv02p5 intro.
20221027 072145.827 INFO             PET3     >>>esm: entered Initialize (phase=<none>) with current time: 2010  6  1  0  0  0   0
20221027 072145.827 INFO             PET3     esm: this is a top level driver, no 'Updated' and 'InitializeDataComplete' info on this level.
20221027 072145.827 INFO             PET3     esm: InitializeIPDv02p5Data intro.
20221027 072145.827 INFO             PET3       esm: InternalInitializeComplete intro.
20221027 072145.827 INFO             PET3         esm: InitializeDataComplete='true'
20221027 072145.827 INFO             PET3       esm: InternalInitializeComplete extro.
20221027 072145.829 INFO             PET3       OCN: InitializeIPDv01p5 intro.
20221027 072145.829 INFO             PET3       OCN: InitializeIPDv01p5 extro.
20221027 072145.830 INFO             PET3       esm: components present that trigger loopDataDependentInitialize().
20221027 072145.830 INFO             PET3       esm: loopDataDependentInitialize intro.
20221027 072145.830 INFO             PET3         esm: component    0=esm, dataComplete (local): true
20221027 072145.830 INFO             PET3         esm: component    0=esm, dataComplete (global):  T
20221027 072145.830 INFO             PET3         esm: component    1=ATM, dataComplete (local): true
20221027 072145.830 INFO             PET3         esm: component    1=ATM, dataComplete (global):  T
20221027 072145.830 INFO             PET3         esm: component    2=OCN, dataComplete (local): true
20221027 072145.830 INFO             PET3         esm: component    2=OCN, dataComplete (global):  T
20221027 072145.830 INFO             PET3         esm: someProgress= F, allComplete= T, present(dataDepAllComplete)= T
20221027 072145.830 INFO             PET3         esm: finished resolving initialize data dependencies on this level.
20221027 072145.830 INFO             PET3       esm: loopDataDependentInitialize extro.
20221027 072145.830 INFO             PET3       esm: loopDataDependentInitialize() returned with dataDepAllComplete:  T
20221027 072145.830 INFO             PET3     esm: InitializeIPDv02p5Data extro.
20221027 072145.831 INFO             PET3     <<<esm: leaving Initialize (phase=<none>) with current time: 2010  6  1  0  0  0   0
20221027 072145.831 INFO             PET3   esm: InitializeIPDv02p5 extro.
20221027 072145.831 INFO             PET3 esm: InitializeGeneric extro.
20221027 072145.831 INFO             PET3 esm: Run intro.
20221027 072145.831 INFO             PET3   >>>esm entered Run (phase=RunPhase1) with current time: 2010  6  1  0  0  0   0
20221027 072145.831 INFO             PET3   esm: after lable_SetRunClock, current time: 2010  6  1  0  0  0   0
20221027 072145.831 INFO             PET3   esm: begin -------> RunSequence.
20221027 072145.831 INFO             PET3     esm: RunSequence event loopLevel=   1  levelMember=   1  loopIteration=   1, current time: 2010  6  1  0  0  0   0
20221027 072145.831 INFO             PET3     ATM-TO-OCN: Run intro.
20221027 072145.832 INFO             PET3     ATM-TO-OCN: Run extro.
20221027 072145.832 INFO             PET3     OCN-TO-ATM: Run intro.
20221027 072145.832 INFO             PET3     OCN-TO-ATM: Run extro.
20221027 072145.833 INFO             PET3     OCN: Run intro.
20221027 072145.833 INFO             PET3       ------>Advancing OCN from: 2010  6  1  0  0  0   0
20221027 072145.833 INFO             PET3       ---------------------> to: 2010  6  1  0  5  0   0
20221027 072145.848 WARNING          PET3 ESMCI_PIO_Handler.C:1567 ESMCI::PIO_Handler::isOpen()       File, field_ocn_export_adv_sst.nc, closed by PIO
20221027 072145.848 INFO             PET3       ------>Advancing OCN from: 2010  6  1  0  5  0   0
20221027 072145.848 INFO             PET3       ---------------------> to: 2010  6  1  0 10  0   0
20221027 072145.855 WARNING          PET3 ESMCI_PIO_Handler.C:1567 ESMCI::PIO_Handler::isOpen()       File, field_ocn_export_adv_sst.nc, closed by PIO
20221027 072145.855 INFO             PET3       ------>Advancing OCN from: 2010  6  1  0 10  0   0
20221027 072145.855 INFO             PET3       ---------------------> to: 2010  6  1  0 15  0   0
20221027 072145.858 WARNING          PET3 ESMCI_PIO_Handler.C:1567 ESMCI::PIO_Handler::isOpen()       File, field_ocn_export_adv_sst.nc, closed by PIO
20221027 072145.858 INFO             PET3     OCN: Run extro.
20221027 072145.858 INFO             PET3     esm: RunSequence event loopLevel=   1  levelMember=   1  loopIteration=   2, current time: 2010  6  1  0 15  0   0
20221027 072145.858 INFO             PET3     ATM-TO-OCN: Run intro.
20221027 072145.859 INFO             PET3     ATM-TO-OCN: Run extro.
20221027 072145.859 INFO             PET3     OCN-TO-ATM: Run intro.
20221027 072145.859 INFO             PET3     OCN-TO-ATM: Run extro.
20221027 072145.859 INFO             PET3     OCN: Run intro.
20221027 072145.860 INFO             PET3       ------>Advancing OCN from: 2010  6  1  0 15  0   0
20221027 072145.860 INFO             PET3       ---------------------> to: 2010  6  1  0 20  0   0
20221027 072145.863 WARNING          PET3 ESMCI_PIO_Handler.C:1567 ESMCI::PIO_Handler::isOpen()       File, field_ocn_export_adv_sst.nc, closed by PIO
20221027 072145.863 INFO             PET3       ------>Advancing OCN from: 2010  6  1  0 20  0   0
20221027 072145.863 INFO             PET3       ---------------------> to: 2010  6  1  0 25  0   0
20221027 072145.866 WARNING          PET3 ESMCI_PIO_Handler.C:1567 ESMCI::PIO_Handler::isOpen()       File, field_ocn_export_adv_sst.nc, closed by PIO
20221027 072145.866 INFO             PET3       ------>Advancing OCN from: 2010  6  1  0 25  0   0
20221027 072145.866 INFO             PET3       ---------------------> to: 2010  6  1  0 30  0   0
20221027 072145.868 WARNING          PET3 ESMCI_PIO_Handler.C:1567 ESMCI::PIO_Handler::isOpen()       File, field_ocn_export_adv_sst.nc, closed by PIO
20221027 072145.868 INFO             PET3     OCN: Run extro.
20221027 072145.868 INFO             PET3     esm: RunSequence event loopLevel=   1  levelMember=   1  loopIteration=   3, current time: 2010  6  1  0 30  0   0
20221027 072145.869 INFO             PET3     ATM-TO-OCN: Run intro.
20221027 072145.869 INFO             PET3     ATM-TO-OCN: Run extro.
20221027 072145.869 INFO             PET3     OCN-TO-ATM: Run intro.
20221027 072145.869 INFO             PET3     OCN-TO-ATM: Run extro.
20221027 072145.870 INFO             PET3     OCN: Run intro.
20221027 072145.870 INFO             PET3       ------>Advancing OCN from: 2010  6  1  0 30  0   0
20221027 072145.870 INFO             PET3       ---------------------> to: 2010  6  1  0 35  0   0
20221027 072145.873 WARNING          PET3 ESMCI_PIO_Handler.C:1567 ESMCI::PIO_Handler::isOpen()       File, field_ocn_export_adv_sst.nc, closed by PIO
20221027 072145.873 INFO             PET3       ------>Advancing OCN from: 2010  6  1  0 35  0   0
20221027 072145.873 INFO             PET3       ---------------------> to: 2010  6  1  0 40  0   0
20221027 072145.876 WARNING          PET3 ESMCI_PIO_Handler.C:1567 ESMCI::PIO_Handler::isOpen()       File, field_ocn_export_adv_sst.nc, closed by PIO
20221027 072145.876 INFO             PET3       ------>Advancing OCN from: 2010  6  1  0 40  0   0
20221027 072145.876 INFO             PET3       ---------------------> to: 2010  6  1  0 45  0   0
20221027 072145.879 WARNING          PET3 ESMCI_PIO_Handler.C:1567 ESMCI::PIO_Handler::isOpen()       File, field_ocn_export_adv_sst.nc, closed by PIO
20221027 072145.879 INFO             PET3     OCN: Run extro.
20221027 072145.879 INFO             PET3     esm: RunSequence event loopLevel=   1  levelMember=   1  loopIteration=   4, current time: 2010  6  1  0 45  0   0
20221027 072145.879 INFO             PET3     ATM-TO-OCN: Run intro.
20221027 072145.879 INFO             PET3     ATM-TO-OCN: Run extro.
20221027 072145.879 INFO             PET3     OCN-TO-ATM: Run intro.
20221027 072145.880 INFO             PET3     OCN-TO-ATM: Run extro.
20221027 072145.880 INFO             PET3     OCN: Run intro.
20221027 072145.880 INFO             PET3       ------>Advancing OCN from: 2010  6  1  0 45  0   0
20221027 072145.880 INFO             PET3       ---------------------> to: 2010  6  1  0 50  0   0
20221027 072145.883 WARNING          PET3 ESMCI_PIO_Handler.C:1567 ESMCI::PIO_Handler::isOpen()       File, field_ocn_export_adv_sst.nc, closed by PIO
20221027 072145.883 INFO             PET3       ------>Advancing OCN from: 2010  6  1  0 50  0   0
20221027 072145.883 INFO             PET3       ---------------------> to: 2010  6  1  0 55  0   0
20221027 072145.886 WARNING          PET3 ESMCI_PIO_Handler.C:1567 ESMCI::PIO_Handler::isOpen()       File, field_ocn_export_adv_sst.nc, closed by PIO
20221027 072145.886 INFO             PET3       ------>Advancing OCN from: 2010  6  1  0 55  0   0
20221027 072145.886 INFO             PET3       ---------------------> to: 2010  6  1  1  0  0   0
20221027 072145.890 WARNING          PET3 ESMCI_PIO_Handler.C:1567 ESMCI::PIO_Handler::isOpen()       File, field_ocn_export_adv_sst.nc, closed by PIO
20221027 072145.890 INFO             PET3     OCN: Run extro.
20221027 072145.890 INFO             PET3   esm: end <--------- RunSequence
20221027 072145.890 INFO             PET3   <<<esm - leaving Run with current time: 2010  6  1  1  0  0   0
20221027 072145.890 INFO             PET3 esm: Run extro.
20221027 072145.890 INFO             PET3 esm: Finalize intro.
20221027 072145.890 INFO             PET3   Calling Finalize phase 1 for connectorComp: ATM-TO-OCN
20221027 072145.890 INFO             PET3   ATM-TO-OCN: Finalize intro.
20221027 072145.890 INFO             PET3   ATM-TO-OCN: Finalize extro.
20221027 072145.890 INFO             PET3   Calling Finalize phase 1 for connectorComp: OCN-TO-ATM
20221027 072145.890 INFO             PET3   OCN-TO-ATM: Finalize intro.
20221027 072145.891 INFO             PET3   OCN-TO-ATM: Finalize extro.
20221027 072145.891 INFO             PET3   Calling Finalize phase 1 for modelComp: ATM
20221027 072145.891 INFO             PET3   Calling Finalize phase 1 for modelComp: OCN
20221027 072145.891 INFO             PET3   OCN: Finalize intro.
20221027 072145.891 INFO             PET3   OCN: Finalize extro.
20221027 072145.891 INFO             PET3   Delete modelComp: ATM
20221027 072145.891 INFO             PET3   Delete Import-/Export State for modelComp: ATM
20221027 072145.891 INFO             PET3   Delete modelComp: OCN
20221027 072145.891 INFO             PET3   Delete Import-/Export State for modelComp: OCN
20221027 072145.891 INFO             PET3   Delete connectorComp: ATM-TO-OCN
20221027 072145.891 INFO             PET3   Delete connectorComp: OCN-TO-ATM
20221027 072145.891 INFO             PET3 esm: Finalize extro.
20221027 072145.891 INFO             PET3 esmApp FINISHED
20221027 072145.891 INFO             PET3 Finalizing ESMF
