2022-10-25 08:04:38
20221025 090649.491 INFO             PET0 !!!!!!!!!!!!!!!!!!!!!!!!!!!!!!!!!!!!!!!!!!!!!!!!!!!!!!
20221025 090649.492 INFO             PET0 !!! THE ESMF_LOG IS SET TO OUTPUT ALL LOG MESSAGES !!!
20221025 090649.492 INFO             PET0 !!!     THIS MAY CAUSE SLOWDOWN IN PERFORMANCE     !!!
20221025 090649.492 INFO             PET0 !!! FOR PRODUCTION RUNS, USE:                      !!!
20221025 090649.492 INFO             PET0 !!!                   ESMF_LOGKIND_Multi_On_Error  !!!
20221025 090649.492 INFO             PET0 !!!!!!!!!!!!!!!!!!!!!!!!!!!!!!!!!!!!!!!!!!!!!!!!!!!!!!
20221025 090649.492 INFO             PET0 Running with ESMF Version   : v8.5.0b02-1-ge46659fdec
20221025 090649.492 INFO             PET0 ESMF library build date/time: "Oct 25 2022" "08:01:34"
20221025 090649.492 INFO             PET0 ESMF library build location : /glade/scratch/theurich/ESMF-Nightly-Testing/nvhpc_22.2_mpiuni_g_develop/esmf
20221025 090649.492 INFO             PET0 ESMF_COMM                   : mpiuni
20221025 090649.492 INFO             PET0 ESMF_MOAB                   : enabled
20221025 090649.492 INFO             PET0 ESMF_LAPACK                 : enabled
20221025 090649.492 INFO             PET0 ESMF_NETCDF                 : enabled
20221025 090649.492 INFO             PET0 ESMF_PNETCDF                : disabled
20221025 090649.492 INFO             PET0 ESMF_PIO                    : disabled
20221025 090649.492 INFO             PET0 ESMF_YAMLCPP                : enabled
20221025 090649.516 INFO             PET0  NUMBER_OF_PROCESSORS            1
20221025 090649.516 INFO             PET0  PASS  Example ESMF_StateReadWriteEx, ESMF_StateReadWriteEx.F90, line 185
20221025 090649.516 INFO             PET0 Finalizing ESMF
