2022-10-24 08:03:26
20221024 085035.845 INFO             PET0 !!!!!!!!!!!!!!!!!!!!!!!!!!!!!!!!!!!!!!!!!!!!!!!!!!!!!!
20221024 085035.845 INFO             PET0 !!! THE ESMF_LOG IS SET TO OUTPUT ALL LOG MESSAGES !!!
20221024 085035.845 INFO             PET0 !!!     THIS MAY CAUSE SLOWDOWN IN PERFORMANCE     !!!
20221024 085035.845 INFO             PET0 !!! FOR PRODUCTION RUNS, USE:                      !!!
20221024 085035.845 INFO             PET0 !!!                   ESMF_LOGKIND_Multi_On_Error  !!!
20221024 085035.845 INFO             PET0 !!!!!!!!!!!!!!!!!!!!!!!!!!!!!!!!!!!!!!!!!!!!!!!!!!!!!!
20221024 085035.845 INFO             PET0 Running with ESMF Version   : v8.5.0b02
20221024 085035.845 INFO             PET0 ESMF library build date/time: "Oct 24 2022" "08:00:19"
20221024 085035.845 INFO             PET0 ESMF library build location : /glade/scratch/theurich/ESMF-Nightly-Testing/nvhpc_22.2_mpiuni_g_develop/esmf
20221024 085035.845 INFO             PET0 ESMF_COMM                   : mpiuni
20221024 085035.846 INFO             PET0 ESMF_MOAB                   : enabled
20221024 085035.846 INFO             PET0 ESMF_LAPACK                 : enabled
20221024 085035.846 INFO             PET0 ESMF_NETCDF                 : enabled
20221024 085035.846 INFO             PET0 ESMF_PNETCDF                : disabled
20221024 085035.846 INFO             PET0 ESMF_PIO                    : disabled
20221024 085035.846 INFO             PET0 ESMF_YAMLCPP                : enabled
20221024 085035.846 INFO             PET0 Log Write 2
20221024 085035.846 ERROR            PET0 Invalid object  - Convergence failure
20221024 085035.846 ERROR            PET0 ESMCI_Fraction.C:1444 ESMCI::Fraction::validate() must have non-zero denominator.
20221024 085035.846 ERROR            PET0 ESMCI_Time.C:838 ESMCI::Time::syncToRealTime() Wrong argument specified  - ; calkindflag is JULIANDAY, MODJULIANDAY or NOCALENDAR.
20221024 085035.846 ERROR            PET0 ESMF_Time.F90:1485 ESMF_TimeSyncToRealTime() Wrong argument specified  - Internal subroutine call returned Error
20221024 085035.846 ERROR            PET0 Wrong argument specified  - getting wall clock time
20221024 085035.847 INFO             PET0  NUMBER_OF_PROCESSORS            1
20221024 085035.847 INFO             PET0  PASS  Example ESMF_LogErrEx, ESMF_LogErrEx.F90, line 186
20221024 085035.847 INFO             PET0 Finalizing ESMF
