2022-10-26 06:42:00
20221026 070749.463 INFO             PET0 !!!!!!!!!!!!!!!!!!!!!!!!!!!!!!!!!!!!!!!!!!!!!!!!!!!!!!
20221026 070749.463 INFO             PET0 !!! THE ESMF_LOG IS SET TO OUTPUT ALL LOG MESSAGES !!!
20221026 070749.463 INFO             PET0 !!!     THIS MAY CAUSE SLOWDOWN IN PERFORMANCE     !!!
20221026 070749.463 INFO             PET0 !!! FOR PRODUCTION RUNS, USE:                      !!!
20221026 070749.463 INFO             PET0 !!!                   ESMF_LOGKIND_Multi_On_Error  !!!
20221026 070749.463 INFO             PET0 !!!!!!!!!!!!!!!!!!!!!!!!!!!!!!!!!!!!!!!!!!!!!!!!!!!!!!
20221026 070749.463 INFO             PET0 Running with ESMF Version   : v8.4.0
20221026 070749.463 INFO             PET0 ESMF library build date/time: "Oct 26 2022" "06:40:18"
20221026 070749.463 INFO             PET0 ESMF library build location : /scratch2/NCEPDEV/stmp1/Gerhard.Theurich/ESMF-Nightly-Testing/intel_18.0.5b_intelmpi_O_v8.4.0/esmf
20221026 070749.463 INFO             PET0 ESMF_COMM                   : intelmpi
20221026 070749.464 INFO             PET0 ESMF_MOAB                   : enabled
20221026 070749.464 INFO             PET0 ESMF_LAPACK                 : enabled
20221026 070749.464 INFO             PET0 ESMF_NETCDF                 : enabled
20221026 070749.464 INFO             PET0 ESMF_PNETCDF                : disabled
20221026 070749.464 INFO             PET0 ESMF_PIO                    : enabled
20221026 070749.464 INFO             PET0 ESMF_YAMLCPP                : enabled
20221026 070749.464 INFO             PET0  NUMBER_OF_PROCESSORS           1
20221026 070749.464 INFO             PET0  PASS  Example ESMF_ClockEx, ESMF_ClockEx.F90, line 220
20221026 070749.464 INFO             PET0 Finalizing ESMF
