2022-10-26 09:02:01
20221026 105125.713 INFO             PET0 !!!!!!!!!!!!!!!!!!!!!!!!!!!!!!!!!!!!!!!!!!!!!!!!!!!!!!
20221026 105125.713 INFO             PET0 !!! THE ESMF_LOG IS SET TO OUTPUT ALL LOG MESSAGES !!!
20221026 105125.713 INFO             PET0 !!!     THIS MAY CAUSE SLOWDOWN IN PERFORMANCE     !!!
20221026 105125.713 INFO             PET0 !!! FOR PRODUCTION RUNS, USE:                      !!!
20221026 105125.713 INFO             PET0 !!!                   ESMF_LOGKIND_Multi_On_Error  !!!
20221026 105125.713 INFO             PET0 !!!!!!!!!!!!!!!!!!!!!!!!!!!!!!!!!!!!!!!!!!!!!!!!!!!!!!
20221026 105125.713 INFO             PET0 Running with ESMF Version   : v8.4.0
20221026 105125.713 INFO             PET0 ESMF library build date/time: "Oct 26 2022" "08:58:48"
20221026 105125.713 INFO             PET0 ESMF library build location : /glade/scratch/theurich/ESMF-Nightly-Testing/nvhpc_22.2_mpt_g_v8.4.0/esmf
20221026 105125.713 INFO             PET0 ESMF_COMM                   : mpt
20221026 105125.713 INFO             PET0 ESMF_MOAB                   : enabled
20221026 105125.713 INFO             PET0 ESMF_LAPACK                 : enabled
20221026 105125.713 INFO             PET0 ESMF_NETCDF                 : enabled
20221026 105125.713 INFO             PET0 ESMF_PNETCDF                : disabled
20221026 105125.713 INFO             PET0 ESMF_PIO                    : enabled
20221026 105125.713 INFO             PET0 ESMF_YAMLCPP                : enabled
20221026 105125.714 INFO             PET0 esmApp STARTING
20221026 105125.720 INFO             PET0 esm: InitializeGeneric intro.
20221026 105125.720 INFO             PET0   esm: InitializeP0 intro.
20221026 105125.720 INFO             PET0   esm: InitializeP0 extro.
20221026 105125.720 INFO             PET0   esm: InitializeIPDv02p1 intro.
20221026 105125.720 INFO             PET0     >>>esm: entered Initialize (phase=<none>) without valid internal Clock.
20221026 105125.720 INFO             PET0     esm - Creating model component ATM with petList of size 2 :
20221026 105125.720 INFO             PET0           0      1
20221026 105125.720 DEBUG            PET0     Generic SetVM() is executing for: ATM
20221026 105125.721 DEBUG            PET0     Generic SetVM() is calling ESMF_GridCompSetVMMaxPEs() for: ATM with:
20221026 105125.721 DEBUG            PET0      -             MaxCount =          2
20221026 105125.721 DEBUG            PET0      -       OpenMpHandling =
20221026 105125.721 DEBUG            PET0      -     OpenMpNumThreads =         -1
20221026 105125.721 DEBUG            PET0      -   ForceChildPthreads =          F
20221026 105125.721 DEBUG            PET0      -  PthreadMinStackSize =         -1
20221026 105125.725 INFO             PET0     esm - Creating model component OCN with petList of size 2 :
20221026 105125.725 INFO             PET0           2      3
20221026 105125.725 DEBUG            PET0     Generic SetVM() is executing for: OCN
20221026 105125.725 DEBUG            PET0     Generic SetVM() is calling ESMF_GridCompSetVMMaxPEs() for: OCN with:
20221026 105125.725 DEBUG            PET0      -             MaxCount =          2
20221026 105125.725 DEBUG            PET0      -       OpenMpHandling =
20221026 105125.725 DEBUG            PET0      -     OpenMpNumThreads =         -1
20221026 105125.725 DEBUG            PET0      -   ForceChildPthreads =          F
20221026 105125.725 DEBUG            PET0      -  PthreadMinStackSize =         -1
20221026 105125.726 INFO             PET0     esm - Creating connector component ATM-TO-OCN with petList of size 4 :
20221026 105125.726 INFO             PET0           0      1      2      3
20221026 105125.733 INFO             PET0     esm - Creating connector component OCN-TO-ATM with petList of size 4 :
20221026 105125.733 INFO             PET0           2      3      0      1
20221026 105125.745 INFO             PET0     esm - Creating state: modelComp 1 Import State
20221026 105125.745 INFO             PET0     esm - Creating state: modelComp 1 Export State
20221026 105125.747 INFO             PET0     esm - Creating state: modelComp 2 Import State
20221026 105125.747 INFO             PET0     esm - Creating state: modelComp 2 Export State
20221026 105125.749 INFO             PET0     ATM: InitializeP0 intro.
20221026 105125.749 INFO             PET0       >>>ATM: entered Initialize (phase=<none>) without valid internal Clock.
20221026 105125.751 INFO             PET0       <<<ATM: leaving Initialize (phase=<none>) without valid internal Clock.
20221026 105125.751 INFO             PET0     ATM: InitializeP0 extro.
20221026 105125.757 INFO             PET0     ATM-TO-OCN: InitializeP0 intro.
20221026 105125.757 INFO             PET0     ATM-TO-OCN: InitializeP0 extro.
20221026 105125.758 INFO             PET0     OCN-TO-ATM: InitializeP0 intro.
20221026 105125.759 INFO             PET0     OCN-TO-ATM: InitializeP0 extro.
20221026 105125.761 INFO             PET0     esm: IInitAdvertise intro.
20221026 105125.761 INFO             PET0     esm: IInitAdvertise extro.
20221026 105125.762 INFO             PET0     ATM: InitializeIPDvXp01 intro.
20221026 105125.762 INFO             PET0       >>>ATM: entered Initialize (phase=IPDvXp01) without valid internal Clock.
20221026 105125.766 INFO             PET0       Done advertising fields in ATM importState
20221026 105125.769 INFO             PET0       Done advertising fields in ATM exportState
20221026 105125.770 INFO             PET0       <<<ATM: leaving Initialize (phase=IPDvXp01) without valid internal Clock.
20221026 105125.770 INFO             PET0     ATM: InitializeIPDvXp01 extro.
20221026 105125.780 INFO             PET0     ATM-TO-OCN: InitializeIPDv05p1 intro.
20221026 105125.789 INFO             PET0       ATM-TO-OCN: importState FieldTransferPolicy = transferNone
20221026 105125.789 INFO             PET0       ATM-TO-OCN: exportState FieldTransferPolicy = transferNone
20221026 105125.789 INFO             PET0     ATM-TO-OCN: InitializeIPDv05p1 extro.
20221026 105125.789 INFO             PET0     OCN-TO-ATM: InitializeIPDv05p1 intro.
20221026 105125.798 INFO             PET0       OCN-TO-ATM: importState FieldTransferPolicy = transferNone
20221026 105125.798 INFO             PET0       OCN-TO-ATM: exportState FieldTransferPolicy = transferNone
20221026 105125.798 INFO             PET0     OCN-TO-ATM: InitializeIPDv05p1 extro.
20221026 105125.798 INFO             PET0     esm: IInitAdvertiseFinish intro.
20221026 105125.798 INFO             PET0     esm: IInitAdvertiseFinish extro.
20221026 105125.799 INFO             PET0     ATM-TO-OCN: InitializeIPDv05p2a intro.
20221026 105125.808 INFO             PET0       ATM-TO-OCN:      importStandardNameList(i=  1): air_pressure_at_sea_level
20221026 105125.808 INFO             PET0       ATM-TO-OCN:         importNamespaceList(i=  1): ATM
20221026 105125.808 INFO             PET0       ATM-TO-OCN:            importCplSetList(i=  1): __UNSPECIFIED__
20221026 105125.808 INFO             PET0       ATM-TO-OCN:      exportStandardNameList(j=  1): air_pressure_at_sea_level
20221026 105125.808 INFO             PET0       ATM-TO-OCN:         exportNamespaceList(j=  1): OCN
20221026 105125.808 INFO             PET0       ATM-TO-OCN:            exportCplSetList(j=  1): __UNSPECIFIED__
20221026 105125.808 INFO             PET0       ATM-TO-OCN: bondLevel= 1
20221026 105125.808 INFO             PET0       ATM-TO-OCN: ProducerConnection (bondLevelMax):         1
20221026 105125.808 INFO             PET0       ATM-TO-OCN:      importStandardNameList(i=  2): precipitation_flux
20221026 105125.808 INFO             PET0       ATM-TO-OCN:         importNamespaceList(i=  2): ATM
20221026 105125.808 INFO             PET0       ATM-TO-OCN:            importCplSetList(i=  2): __UNSPECIFIED__
20221026 105125.808 INFO             PET0       ATM-TO-OCN:      exportStandardNameList(j=  2): precipitation_flux
20221026 105125.808 INFO             PET0       ATM-TO-OCN:         exportNamespaceList(j=  2): OCN
20221026 105125.808 INFO             PET0       ATM-TO-OCN:            exportCplSetList(j=  2): __UNSPECIFIED__
20221026 105125.808 INFO             PET0       ATM-TO-OCN: bondLevel= 1
20221026 105125.808 INFO             PET0       ATM-TO-OCN: ProducerConnection (bondLevelMax):         1
20221026 105125.808 INFO             PET0       ATM-TO-OCN:      importStandardNameList(i=  3): surface_net_downward_shortwave_flux
20221026 105125.808 INFO             PET0       ATM-TO-OCN:         importNamespaceList(i=  3): ATM
20221026 105125.808 INFO             PET0       ATM-TO-OCN:            importCplSetList(i=  3): __UNSPECIFIED__
20221026 105125.808 INFO             PET0       ATM-TO-OCN:      exportStandardNameList(j=  3): surface_net_downward_shortwave_flux
20221026 105125.808 INFO             PET0       ATM-TO-OCN:         exportNamespaceList(j=  3): OCN
20221026 105125.808 INFO             PET0       ATM-TO-OCN:            exportCplSetList(j=  3): __UNSPECIFIED__
20221026 105125.808 INFO             PET0       ATM-TO-OCN: bondLevel= 1
20221026 105125.808 INFO             PET0       ATM-TO-OCN: ProducerConnection (bondLevelMax):         1
20221026 105125.808 INFO             PET0     ATM-TO-OCN: InitializeIPDv05p2a extro.
20221026 105125.808 INFO             PET0     OCN-TO-ATM: InitializeIPDv05p2a intro.
20221026 105125.818 INFO             PET0       OCN-TO-ATM:      importStandardNameList(i=  1): sea_surface_height_above_sea_level
20221026 105125.818 INFO             PET0       OCN-TO-ATM:         importNamespaceList(i=  1): OCN
20221026 105125.818 INFO             PET0       OCN-TO-ATM:            importCplSetList(i=  1): __UNSPECIFIED__
20221026 105125.818 INFO             PET0       OCN-TO-ATM:      exportStandardNameList(j=  1): sea_surface_height_above_sea_level
20221026 105125.818 INFO             PET0       OCN-TO-ATM:         exportNamespaceList(j=  1): ATM
20221026 105125.818 INFO             PET0       OCN-TO-ATM:            exportCplSetList(j=  1): __UNSPECIFIED__
20221026 105125.818 INFO             PET0       OCN-TO-ATM: bondLevel= 1
20221026 105125.818 INFO             PET0       OCN-TO-ATM: ProducerConnection (bondLevelMax):         1
20221026 105125.818 INFO             PET0       OCN-TO-ATM:      importStandardNameList(i=  2): sea_surface_salinity
20221026 105125.818 INFO             PET0       OCN-TO-ATM:         importNamespaceList(i=  2): OCN
20221026 105125.818 INFO             PET0       OCN-TO-ATM:            importCplSetList(i=  2): __UNSPECIFIED__
20221026 105125.818 INFO             PET0       OCN-TO-ATM:      exportStandardNameList(j=  2): sea_surface_salinity
20221026 105125.818 INFO             PET0       OCN-TO-ATM:         exportNamespaceList(j=  2): ATM
20221026 105125.818 INFO             PET0       OCN-TO-ATM:            exportCplSetList(j=  2): __UNSPECIFIED__
20221026 105125.818 INFO             PET0       OCN-TO-ATM: bondLevel= 1
20221026 105125.818 INFO             PET0       OCN-TO-ATM: ProducerConnection (bondLevelMax):         1
20221026 105125.818 INFO             PET0       OCN-TO-ATM:      importStandardNameList(i=  3): sea_surface_temperature
20221026 105125.818 INFO             PET0       OCN-TO-ATM:         importNamespaceList(i=  3): OCN
20221026 105125.818 INFO             PET0       OCN-TO-ATM:            importCplSetList(i=  3): __UNSPECIFIED__
20221026 105125.818 INFO             PET0       OCN-TO-ATM:      exportStandardNameList(j=  3): sea_surface_temperature
20221026 105125.818 INFO             PET0       OCN-TO-ATM:         exportNamespaceList(j=  3): ATM
20221026 105125.818 INFO             PET0       OCN-TO-ATM:            exportCplSetList(j=  3): __UNSPECIFIED__
20221026 105125.818 INFO             PET0       OCN-TO-ATM: bondLevel= 1
20221026 105125.818 INFO             PET0       OCN-TO-ATM: ProducerConnection (bondLevelMax):         1
20221026 105125.818 INFO             PET0     OCN-TO-ATM: InitializeIPDv05p2a extro.
20221026 105125.818 INFO             PET0     ATM-TO-OCN: InitializeIPDv05p2b intro.
20221026 105125.827 INFO             PET0       ATM-TO-OCN:      importStandardNameList(i=  1): air_pressure_at_sea_level
20221026 105125.827 INFO             PET0       ATM-TO-OCN:         importNamespaceList(i=  1): ATM
20221026 105125.827 INFO             PET0       ATM-TO-OCN:            importCplSetList(i=  1): __UNSPECIFIED__
20221026 105125.827 INFO             PET0       ATM-TO-OCN:      exportStandardNameList(j=  1): air_pressure_at_sea_level
20221026 105125.827 INFO             PET0       ATM-TO-OCN:         exportNamespaceList(j=  1): OCN
20221026 105125.827 INFO             PET0       ATM-TO-OCN:            exportCplSetList(j=  1): __UNSPECIFIED__
20221026 105125.827 INFO             PET0       ATM-TO-OCN: bondLevel= 1
20221026 105125.827 INFO             PET0       ATM-TO-OCN: => added cplList(  1)=air_pressure_at_sea_level, cplSetList(  1)=__UNSPECIFIED__
20221026 105125.827 INFO             PET0       ATM-TO-OCN:      importStandardNameList(i=  2): precipitation_flux
20221026 105125.827 INFO             PET0       ATM-TO-OCN:         importNamespaceList(i=  2): ATM
20221026 105125.827 INFO             PET0       ATM-TO-OCN:            importCplSetList(i=  2): __UNSPECIFIED__
20221026 105125.827 INFO             PET0       ATM-TO-OCN:      exportStandardNameList(j=  2): precipitation_flux
20221026 105125.827 INFO             PET0       ATM-TO-OCN:         exportNamespaceList(j=  2): OCN
20221026 105125.827 INFO             PET0       ATM-TO-OCN:            exportCplSetList(j=  2): __UNSPECIFIED__
20221026 105125.827 INFO             PET0       ATM-TO-OCN: bondLevel= 1
20221026 105125.827 INFO             PET0       ATM-TO-OCN: => added cplList(  2)=precipitation_flux, cplSetList(  2)=__UNSPECIFIED__
20221026 105125.827 INFO             PET0       ATM-TO-OCN:      importStandardNameList(i=  3): surface_net_downward_shortwave_flux
20221026 105125.827 INFO             PET0       ATM-TO-OCN:         importNamespaceList(i=  3): ATM
20221026 105125.827 INFO             PET0       ATM-TO-OCN:            importCplSetList(i=  3): __UNSPECIFIED__
20221026 105125.827 INFO             PET0       ATM-TO-OCN:      exportStandardNameList(j=  3): surface_net_downward_shortwave_flux
20221026 105125.827 INFO             PET0       ATM-TO-OCN:         exportNamespaceList(j=  3): OCN
20221026 105125.827 INFO             PET0       ATM-TO-OCN:            exportCplSetList(j=  3): __UNSPECIFIED__
20221026 105125.827 INFO             PET0       ATM-TO-OCN: bondLevel= 1
20221026 105125.827 INFO             PET0       ATM-TO-OCN: => added cplList(  3)=surface_net_downward_shortwave_flux, cplSetList(  3)=__UNSPECIFIED__
20221026 105125.828 INFO             PET0     ATM-TO-OCN: InitializeIPDv05p2b extro.
20221026 105125.828 INFO             PET0     OCN-TO-ATM: InitializeIPDv05p2b intro.
20221026 105125.837 INFO             PET0       OCN-TO-ATM:      importStandardNameList(i=  1): sea_surface_height_above_sea_level
20221026 105125.837 INFO             PET0       OCN-TO-ATM:         importNamespaceList(i=  1): OCN
20221026 105125.837 INFO             PET0       OCN-TO-ATM:            importCplSetList(i=  1): __UNSPECIFIED__
20221026 105125.837 INFO             PET0       OCN-TO-ATM:      exportStandardNameList(j=  1): sea_surface_height_above_sea_level
20221026 105125.837 INFO             PET0       OCN-TO-ATM:         exportNamespaceList(j=  1): ATM
20221026 105125.837 INFO             PET0       OCN-TO-ATM:            exportCplSetList(j=  1): __UNSPECIFIED__
20221026 105125.837 INFO             PET0       OCN-TO-ATM: bondLevel= 1
20221026 105125.837 INFO             PET0       OCN-TO-ATM: => added cplList(  1)=sea_surface_height_above_sea_level, cplSetList(  1)=__UNSPECIFIED__
20221026 105125.837 INFO             PET0       OCN-TO-ATM:      importStandardNameList(i=  2): sea_surface_salinity
20221026 105125.837 INFO             PET0       OCN-TO-ATM:         importNamespaceList(i=  2): OCN
20221026 105125.837 INFO             PET0       OCN-TO-ATM:            importCplSetList(i=  2): __UNSPECIFIED__
20221026 105125.837 INFO             PET0       OCN-TO-ATM:      exportStandardNameList(j=  2): sea_surface_salinity
20221026 105125.837 INFO             PET0       OCN-TO-ATM:         exportNamespaceList(j=  2): ATM
20221026 105125.837 INFO             PET0       OCN-TO-ATM:            exportCplSetList(j=  2): __UNSPECIFIED__
20221026 105125.837 INFO             PET0       OCN-TO-ATM: bondLevel= 1
20221026 105125.837 INFO             PET0       OCN-TO-ATM: => added cplList(  2)=sea_surface_salinity, cplSetList(  2)=__UNSPECIFIED__
20221026 105125.837 INFO             PET0       OCN-TO-ATM:      importStandardNameList(i=  3): sea_surface_temperature
20221026 105125.837 INFO             PET0       OCN-TO-ATM:         importNamespaceList(i=  3): OCN
20221026 105125.837 INFO             PET0       OCN-TO-ATM:            importCplSetList(i=  3): __UNSPECIFIED__
20221026 105125.837 INFO             PET0       OCN-TO-ATM:      exportStandardNameList(j=  3): sea_surface_temperature
20221026 105125.837 INFO             PET0       OCN-TO-ATM:         exportNamespaceList(j=  3): ATM
20221026 105125.837 INFO             PET0       OCN-TO-ATM:            exportCplSetList(j=  3): __UNSPECIFIED__
20221026 105125.837 INFO             PET0       OCN-TO-ATM: bondLevel= 1
20221026 105125.837 INFO             PET0       OCN-TO-ATM: => added cplList(  3)=sea_surface_temperature, cplSetList(  3)=__UNSPECIFIED__
20221026 105125.837 INFO             PET0     OCN-TO-ATM: InitializeIPDv05p2b extro.
20221026 105125.838 INFO             PET0     esm: IInitModifyCplLists intro.
20221026 105125.838 INFO             PET0       Driver is in ModifyCplLists()
20221026 105125.838 INFO             PET0        Found             2  Connectors. Modifying CplList Attribute....
20221026 105125.838 INFO             PET0     esm: IInitModifyCplLists extro.
20221026 105125.838 INFO             PET0     ATM-TO-OCN: InitializeIPDv05p3 intro.
20221026 105125.848 INFO             PET0       ATM-TO-OCN: handle cplList(1): air_pressure_at_sea_level, cplSetList(1): __UNSPECIFIED__
20221026 105125.848 INFO             PET0       ATM-TO-OCN: - connected.
20221026 105125.848 INFO             PET0       ATM-TO-OCN: - import side may accept, export side must provide the Field/GeomObject.
20221026 105125.848 INFO             PET0       ATM-TO-OCN: - combination of provider and acceptor VM does NOT support Field and/or GeomObject sharing between them.
20221026 105125.848 INFO             PET0       ATM-TO-OCN: handle cplList(2): precipitation_flux, cplSetList(2): __UNSPECIFIED__
20221026 105125.848 INFO             PET0       ATM-TO-OCN: - connected.
20221026 105125.848 INFO             PET0       ATM-TO-OCN: - import side may accept, export side must provide the Field/GeomObject.
20221026 105125.848 INFO             PET0       ATM-TO-OCN: - combination of provider and acceptor VM does NOT support Field and/or GeomObject sharing between them.
20221026 105125.848 INFO             PET0       ATM-TO-OCN: handle cplList(3): surface_net_downward_shortwave_flux, cplSetList(3): __UNSPECIFIED__
20221026 105125.848 INFO             PET0       ATM-TO-OCN: - connected.
20221026 105125.848 INFO             PET0       ATM-TO-OCN: - both sides must provide the Field/GeomObject.
20221026 105125.848 INFO             PET0     ATM-TO-OCN: InitializeIPDv05p3 extro.
20221026 105125.849 INFO             PET0     OCN-TO-ATM: InitializeIPDv05p3 intro.
20221026 105125.858 INFO             PET0       OCN-TO-ATM: handle cplList(1): sea_surface_height_above_sea_level, cplSetList(1): __UNSPECIFIED__
20221026 105125.858 INFO             PET0       OCN-TO-ATM: - connected.
20221026 105125.858 INFO             PET0       OCN-TO-ATM: - import side must provide, export side may accept the Field/GeomObject.
20221026 105125.858 INFO             PET0       OCN-TO-ATM: - combination of provider and acceptor VM does NOT support Field and/or GeomObject sharing between them.
20221026 105125.858 INFO             PET0       OCN-TO-ATM: handle cplList(2): sea_surface_salinity, cplSetList(2): __UNSPECIFIED__
20221026 105125.858 INFO             PET0       OCN-TO-ATM: - connected.
20221026 105125.858 INFO             PET0       OCN-TO-ATM: - import side must provide, export side may accept the Field/GeomObject.
20221026 105125.858 INFO             PET0       OCN-TO-ATM: - combination of provider and acceptor VM does NOT support Field and/or GeomObject sharing between them.
20221026 105125.858 INFO             PET0       OCN-TO-ATM: handle cplList(3): sea_surface_temperature, cplSetList(3): __UNSPECIFIED__
20221026 105125.858 INFO             PET0       OCN-TO-ATM: - connected.
20221026 105125.859 INFO             PET0       OCN-TO-ATM: - import side must provide, export side may accept the Field/GeomObject.
20221026 105125.859 INFO             PET0       OCN-TO-ATM: - combination of provider and acceptor VM does NOT support Field and/or GeomObject sharing between them.
20221026 105125.859 INFO             PET0     OCN-TO-ATM: InitializeIPDv05p3 extro.
20221026 105125.859 INFO             PET0     <<<esm: leaving Initialize (phase=<none>) with current time: 2010  6  1  0  0  0   0
20221026 105125.859 INFO             PET0   esm: InitializeIPDv02p1 extro.
20221026 105125.859 INFO             PET0   esm: InitializeIPDv02p3 intro.
20221026 105125.859 INFO             PET0     >>>esm: entered Initialize (phase=<none>) with current time: 2010  6  1  0  0  0   0
20221026 105125.859 INFO             PET0     esm: IInitCheck intro.
20221026 105125.859 INFO             PET0     esm: IInitCheck extro.
20221026 105125.860 INFO             PET0     ATM: InitializeIPDvXp04 intro.
20221026 105125.713 INFO             PET1 !!!!!!!!!!!!!!!!!!!!!!!!!!!!!!!!!!!!!!!!!!!!!!!!!!!!!!
20221026 105125.713 INFO             PET1 !!! THE ESMF_LOG IS SET TO OUTPUT ALL LOG MESSAGES !!!
20221026 105125.713 INFO             PET1 !!!     THIS MAY CAUSE SLOWDOWN IN PERFORMANCE     !!!
20221026 105125.713 INFO             PET1 !!! FOR PRODUCTION RUNS, USE:                      !!!
20221026 105125.713 INFO             PET1 !!!                   ESMF_LOGKIND_Multi_On_Error  !!!
20221026 105125.713 INFO             PET1 !!!!!!!!!!!!!!!!!!!!!!!!!!!!!!!!!!!!!!!!!!!!!!!!!!!!!!
20221026 105125.713 INFO             PET1 Running with ESMF Version   : v8.4.0
20221026 105125.713 INFO             PET1 ESMF library build date/time: "Oct 26 2022" "08:58:48"
20221026 105125.713 INFO             PET1 ESMF library build location : /glade/scratch/theurich/ESMF-Nightly-Testing/nvhpc_22.2_mpt_g_v8.4.0/esmf
20221026 105125.713 INFO             PET1 ESMF_COMM                   : mpt
20221026 105125.713 INFO             PET1 ESMF_MOAB                   : enabled
20221026 105125.713 INFO             PET1 ESMF_LAPACK                 : enabled
20221026 105125.713 INFO             PET1 ESMF_NETCDF                 : enabled
20221026 105125.713 INFO             PET1 ESMF_PNETCDF                : disabled
20221026 105125.713 INFO             PET1 ESMF_PIO                    : enabled
20221026 105125.713 INFO             PET1 ESMF_YAMLCPP                : enabled
20221026 105125.714 INFO             PET1 esmApp STARTING
20221026 105125.720 INFO             PET1 esm: InitializeGeneric intro.
20221026 105125.720 INFO             PET1   esm: InitializeP0 intro.
20221026 105125.720 INFO             PET1   esm: InitializeP0 extro.
20221026 105125.720 INFO             PET1   esm: InitializeIPDv02p1 intro.
20221026 105125.720 INFO             PET1     >>>esm: entered Initialize (phase=<none>) without valid internal Clock.
20221026 105125.720 INFO             PET1     esm - Creating model component ATM with petList of size 2 :
20221026 105125.720 INFO             PET1           0      1
20221026 105125.720 DEBUG            PET1     Generic SetVM() is executing for: ATM
20221026 105125.721 DEBUG            PET1     Generic SetVM() is calling ESMF_GridCompSetVMMaxPEs() for: ATM with:
20221026 105125.721 DEBUG            PET1      -             MaxCount =          2
20221026 105125.721 DEBUG            PET1      -       OpenMpHandling =
20221026 105125.721 DEBUG            PET1      -     OpenMpNumThreads =         -1
20221026 105125.721 DEBUG            PET1      -   ForceChildPthreads =          F
20221026 105125.721 DEBUG            PET1      -  PthreadMinStackSize =         -1
20221026 105125.721 DEBUG            PET1     vmkt_create()#201 Pthread: service=1 (0: actual PET, 1: service thread) - PTHREAD_STACK_MIN: 16384 bytes stack_size: 4194304 bytes
20221026 105125.721 DEBUG            PET1     vmkt_create()#201 Pthread: service=1 (0: actual PET, 1: service thread) - PTHREAD_STACK_MIN: 16384 bytes stack_size: 4194304 bytes
20221026 105125.725 INFO             PET1     esm - Creating model component OCN with petList of size 2 :
20221026 105125.725 INFO             PET1           2      3
20221026 105125.725 DEBUG            PET1     Generic SetVM() is executing for: OCN
20221026 105125.725 DEBUG            PET1     Generic SetVM() is calling ESMF_GridCompSetVMMaxPEs() for: OCN with:
20221026 105125.725 DEBUG            PET1      -             MaxCount =          2
20221026 105125.725 DEBUG            PET1      -       OpenMpHandling =
20221026 105125.725 DEBUG            PET1      -     OpenMpNumThreads =         -1
20221026 105125.725 DEBUG            PET1      -   ForceChildPthreads =          F
20221026 105125.725 DEBUG            PET1      -  PthreadMinStackSize =         -1
20221026 105125.726 INFO             PET1     esm - Creating connector component ATM-TO-OCN with petList of size 4 :
20221026 105125.726 INFO             PET1           0      1      2      3
20221026 105125.733 INFO             PET1     esm - Creating connector component OCN-TO-ATM with petList of size 4 :
20221026 105125.733 INFO             PET1           2      3      0      1
20221026 105125.745 INFO             PET1     esm - Creating state: modelComp 1 Import State
20221026 105125.745 INFO             PET1     esm - Creating state: modelComp 1 Export State
20221026 105125.745 INFO             PET1     esm - Creating state: modelComp 2 Import State
20221026 105125.745 INFO             PET1     esm - Creating state: modelComp 2 Export State
20221026 105125.757 INFO             PET1     ATM-TO-OCN: InitializeP0 intro.
20221026 105125.757 INFO             PET1     ATM-TO-OCN: InitializeP0 extro.
20221026 105125.758 INFO             PET1     OCN-TO-ATM: InitializeP0 intro.
20221026 105125.759 INFO             PET1     OCN-TO-ATM: InitializeP0 extro.
20221026 105125.761 INFO             PET1     esm: IInitAdvertise intro.
20221026 105125.761 INFO             PET1     esm: IInitAdvertise extro.
20221026 105125.780 INFO             PET1     ATM-TO-OCN: InitializeIPDv05p1 intro.
20221026 105125.789 INFO             PET1       ATM-TO-OCN: importState FieldTransferPolicy = transferNone
20221026 105125.789 INFO             PET1       ATM-TO-OCN: exportState FieldTransferPolicy = transferNone
20221026 105125.789 INFO             PET1     ATM-TO-OCN: InitializeIPDv05p1 extro.
20221026 105125.789 INFO             PET1     OCN-TO-ATM: InitializeIPDv05p1 intro.
20221026 105125.798 INFO             PET1       OCN-TO-ATM: importState FieldTransferPolicy = transferNone
20221026 105125.798 INFO             PET1       OCN-TO-ATM: exportState FieldTransferPolicy = transferNone
20221026 105125.798 INFO             PET1     OCN-TO-ATM: InitializeIPDv05p1 extro.
20221026 105125.798 INFO             PET1     esm: IInitAdvertiseFinish intro.
20221026 105125.798 INFO             PET1     esm: IInitAdvertiseFinish extro.
20221026 105125.799 INFO             PET1     ATM-TO-OCN: InitializeIPDv05p2a intro.
20221026 105125.808 INFO             PET1       ATM-TO-OCN:      importStandardNameList(i=  1): air_pressure_at_sea_level
20221026 105125.808 INFO             PET1       ATM-TO-OCN:         importNamespaceList(i=  1): ATM
20221026 105125.808 INFO             PET1       ATM-TO-OCN:            importCplSetList(i=  1): __UNSPECIFIED__
20221026 105125.808 INFO             PET1       ATM-TO-OCN:      exportStandardNameList(j=  1): air_pressure_at_sea_level
20221026 105125.808 INFO             PET1       ATM-TO-OCN:         exportNamespaceList(j=  1): OCN
20221026 105125.808 INFO             PET1       ATM-TO-OCN:            exportCplSetList(j=  1): __UNSPECIFIED__
20221026 105125.808 INFO             PET1       ATM-TO-OCN: bondLevel= 1
20221026 105125.808 INFO             PET1       ATM-TO-OCN: ProducerConnection (bondLevelMax):         1
20221026 105125.808 INFO             PET1       ATM-TO-OCN:      importStandardNameList(i=  2): precipitation_flux
20221026 105125.808 INFO             PET1       ATM-TO-OCN:         importNamespaceList(i=  2): ATM
20221026 105125.808 INFO             PET1       ATM-TO-OCN:            importCplSetList(i=  2): __UNSPECIFIED__
20221026 105125.808 INFO             PET1       ATM-TO-OCN:      exportStandardNameList(j=  2): precipitation_flux
20221026 105125.808 INFO             PET1       ATM-TO-OCN:         exportNamespaceList(j=  2): OCN
20221026 105125.808 INFO             PET1       ATM-TO-OCN:            exportCplSetList(j=  2): __UNSPECIFIED__
20221026 105125.808 INFO             PET1       ATM-TO-OCN: bondLevel= 1
20221026 105125.808 INFO             PET1       ATM-TO-OCN: ProducerConnection (bondLevelMax):         1
20221026 105125.808 INFO             PET1       ATM-TO-OCN:      importStandardNameList(i=  3): surface_net_downward_shortwave_flux
20221026 105125.808 INFO             PET1       ATM-TO-OCN:         importNamespaceList(i=  3): ATM
20221026 105125.808 INFO             PET1       ATM-TO-OCN:            importCplSetList(i=  3): __UNSPECIFIED__
20221026 105125.808 INFO             PET1       ATM-TO-OCN:      exportStandardNameList(j=  3): surface_net_downward_shortwave_flux
20221026 105125.808 INFO             PET1       ATM-TO-OCN:         exportNamespaceList(j=  3): OCN
20221026 105125.808 INFO             PET1       ATM-TO-OCN:            exportCplSetList(j=  3): __UNSPECIFIED__
20221026 105125.808 INFO             PET1       ATM-TO-OCN: bondLevel= 1
20221026 105125.808 INFO             PET1       ATM-TO-OCN: ProducerConnection (bondLevelMax):         1
20221026 105125.808 INFO             PET1     ATM-TO-OCN: InitializeIPDv05p2a extro.
20221026 105125.809 INFO             PET1     OCN-TO-ATM: InitializeIPDv05p2a intro.
20221026 105125.818 INFO             PET1       OCN-TO-ATM:      importStandardNameList(i=  1): sea_surface_height_above_sea_level
20221026 105125.818 INFO             PET1       OCN-TO-ATM:         importNamespaceList(i=  1): OCN
20221026 105125.818 INFO             PET1       OCN-TO-ATM:            importCplSetList(i=  1): __UNSPECIFIED__
20221026 105125.818 INFO             PET1       OCN-TO-ATM:      exportStandardNameList(j=  1): sea_surface_height_above_sea_level
20221026 105125.818 INFO             PET1       OCN-TO-ATM:         exportNamespaceList(j=  1): ATM
20221026 105125.818 INFO             PET1       OCN-TO-ATM:            exportCplSetList(j=  1): __UNSPECIFIED__
20221026 105125.818 INFO             PET1       OCN-TO-ATM: bondLevel= 1
20221026 105125.818 INFO             PET1       OCN-TO-ATM: ProducerConnection (bondLevelMax):         1
20221026 105125.818 INFO             PET1       OCN-TO-ATM:      importStandardNameList(i=  2): sea_surface_salinity
20221026 105125.818 INFO             PET1       OCN-TO-ATM:         importNamespaceList(i=  2): OCN
20221026 105125.818 INFO             PET1       OCN-TO-ATM:            importCplSetList(i=  2): __UNSPECIFIED__
20221026 105125.818 INFO             PET1       OCN-TO-ATM:      exportStandardNameList(j=  2): sea_surface_salinity
20221026 105125.818 INFO             PET1       OCN-TO-ATM:         exportNamespaceList(j=  2): ATM
20221026 105125.818 INFO             PET1       OCN-TO-ATM:            exportCplSetList(j=  2): __UNSPECIFIED__
20221026 105125.818 INFO             PET1       OCN-TO-ATM: bondLevel= 1
20221026 105125.818 INFO             PET1       OCN-TO-ATM: ProducerConnection (bondLevelMax):         1
20221026 105125.818 INFO             PET1       OCN-TO-ATM:      importStandardNameList(i=  3): sea_surface_temperature
20221026 105125.818 INFO             PET1       OCN-TO-ATM:         importNamespaceList(i=  3): OCN
20221026 105125.818 INFO             PET1       OCN-TO-ATM:            importCplSetList(i=  3): __UNSPECIFIED__
20221026 105125.818 INFO             PET1       OCN-TO-ATM:      exportStandardNameList(j=  3): sea_surface_temperature
20221026 105125.818 INFO             PET1       OCN-TO-ATM:         exportNamespaceList(j=  3): ATM
20221026 105125.818 INFO             PET1       OCN-TO-ATM:            exportCplSetList(j=  3): __UNSPECIFIED__
20221026 105125.818 INFO             PET1       OCN-TO-ATM: bondLevel= 1
20221026 105125.818 INFO             PET1       OCN-TO-ATM: ProducerConnection (bondLevelMax):         1
20221026 105125.818 INFO             PET1     OCN-TO-ATM: InitializeIPDv05p2a extro.
20221026 105125.818 INFO             PET1     ATM-TO-OCN: InitializeIPDv05p2b intro.
20221026 105125.827 INFO             PET1       ATM-TO-OCN:      importStandardNameList(i=  1): air_pressure_at_sea_level
20221026 105125.827 INFO             PET1       ATM-TO-OCN:         importNamespaceList(i=  1): ATM
20221026 105125.827 INFO             PET1       ATM-TO-OCN:            importCplSetList(i=  1): __UNSPECIFIED__
20221026 105125.827 INFO             PET1       ATM-TO-OCN:      exportStandardNameList(j=  1): air_pressure_at_sea_level
20221026 105125.827 INFO             PET1       ATM-TO-OCN:         exportNamespaceList(j=  1): OCN
20221026 105125.827 INFO             PET1       ATM-TO-OCN:            exportCplSetList(j=  1): __UNSPECIFIED__
20221026 105125.827 INFO             PET1       ATM-TO-OCN: bondLevel= 1
20221026 105125.827 INFO             PET1       ATM-TO-OCN: => added cplList(  1)=air_pressure_at_sea_level, cplSetList(  1)=__UNSPECIFIED__
20221026 105125.827 INFO             PET1       ATM-TO-OCN:      importStandardNameList(i=  2): precipitation_flux
20221026 105125.827 INFO             PET1       ATM-TO-OCN:         importNamespaceList(i=  2): ATM
20221026 105125.827 INFO             PET1       ATM-TO-OCN:            importCplSetList(i=  2): __UNSPECIFIED__
20221026 105125.827 INFO             PET1       ATM-TO-OCN:      exportStandardNameList(j=  2): precipitation_flux
20221026 105125.827 INFO             PET1       ATM-TO-OCN:         exportNamespaceList(j=  2): OCN
20221026 105125.827 INFO             PET1       ATM-TO-OCN:            exportCplSetList(j=  2): __UNSPECIFIED__
20221026 105125.827 INFO             PET1       ATM-TO-OCN: bondLevel= 1
20221026 105125.827 INFO             PET1       ATM-TO-OCN: => added cplList(  2)=precipitation_flux, cplSetList(  2)=__UNSPECIFIED__
20221026 105125.827 INFO             PET1       ATM-TO-OCN:      importStandardNameList(i=  3): surface_net_downward_shortwave_flux
20221026 105125.827 INFO             PET1       ATM-TO-OCN:         importNamespaceList(i=  3): ATM
20221026 105125.827 INFO             PET1       ATM-TO-OCN:            importCplSetList(i=  3): __UNSPECIFIED__
20221026 105125.827 INFO             PET1       ATM-TO-OCN:      exportStandardNameList(j=  3): surface_net_downward_shortwave_flux
20221026 105125.827 INFO             PET1       ATM-TO-OCN:         exportNamespaceList(j=  3): OCN
20221026 105125.827 INFO             PET1       ATM-TO-OCN:            exportCplSetList(j=  3): __UNSPECIFIED__
20221026 105125.827 INFO             PET1       ATM-TO-OCN: bondLevel= 1
20221026 105125.827 INFO             PET1       ATM-TO-OCN: => added cplList(  3)=surface_net_downward_shortwave_flux, cplSetList(  3)=__UNSPECIFIED__
20221026 105125.828 INFO             PET1     ATM-TO-OCN: InitializeIPDv05p2b extro.
20221026 105125.828 INFO             PET1     OCN-TO-ATM: InitializeIPDv05p2b intro.
20221026 105125.837 INFO             PET1       OCN-TO-ATM:      importStandardNameList(i=  1): sea_surface_height_above_sea_level
20221026 105125.837 INFO             PET1       OCN-TO-ATM:         importNamespaceList(i=  1): OCN
20221026 105125.837 INFO             PET1       OCN-TO-ATM:            importCplSetList(i=  1): __UNSPECIFIED__
20221026 105125.837 INFO             PET1       OCN-TO-ATM:      exportStandardNameList(j=  1): sea_surface_height_above_sea_level
20221026 105125.837 INFO             PET1       OCN-TO-ATM:         exportNamespaceList(j=  1): ATM
20221026 105125.837 INFO             PET1       OCN-TO-ATM:            exportCplSetList(j=  1): __UNSPECIFIED__
20221026 105125.837 INFO             PET1       OCN-TO-ATM: bondLevel= 1
20221026 105125.837 INFO             PET1       OCN-TO-ATM: => added cplList(  1)=sea_surface_height_above_sea_level, cplSetList(  1)=__UNSPECIFIED__
20221026 105125.837 INFO             PET1       OCN-TO-ATM:      importStandardNameList(i=  2): sea_surface_salinity
20221026 105125.837 INFO             PET1       OCN-TO-ATM:         importNamespaceList(i=  2): OCN
20221026 105125.837 INFO             PET1       OCN-TO-ATM:            importCplSetList(i=  2): __UNSPECIFIED__
20221026 105125.837 INFO             PET1       OCN-TO-ATM:      exportStandardNameList(j=  2): sea_surface_salinity
20221026 105125.837 INFO             PET1       OCN-TO-ATM:         exportNamespaceList(j=  2): ATM
20221026 105125.837 INFO             PET1       OCN-TO-ATM:            exportCplSetList(j=  2): __UNSPECIFIED__
20221026 105125.837 INFO             PET1       OCN-TO-ATM: bondLevel= 1
20221026 105125.837 INFO             PET1       OCN-TO-ATM: => added cplList(  2)=sea_surface_salinity, cplSetList(  2)=__UNSPECIFIED__
20221026 105125.837 INFO             PET1       OCN-TO-ATM:      importStandardNameList(i=  3): sea_surface_temperature
20221026 105125.837 INFO             PET1       OCN-TO-ATM:         importNamespaceList(i=  3): OCN
20221026 105125.837 INFO             PET1       OCN-TO-ATM:            importCplSetList(i=  3): __UNSPECIFIED__
20221026 105125.837 INFO             PET1       OCN-TO-ATM:      exportStandardNameList(j=  3): sea_surface_temperature
20221026 105125.837 INFO             PET1       OCN-TO-ATM:         exportNamespaceList(j=  3): ATM
20221026 105125.837 INFO             PET1       OCN-TO-ATM:            exportCplSetList(j=  3): __UNSPECIFIED__
20221026 105125.837 INFO             PET1       OCN-TO-ATM: bondLevel= 1
20221026 105125.837 INFO             PET1       OCN-TO-ATM: => added cplList(  3)=sea_surface_temperature, cplSetList(  3)=__UNSPECIFIED__
20221026 105125.837 INFO             PET1     OCN-TO-ATM: InitializeIPDv05p2b extro.
20221026 105125.838 INFO             PET1     esm: IInitModifyCplLists intro.
20221026 105125.838 INFO             PET1       Driver is in ModifyCplLists()
20221026 105125.838 INFO             PET1        Found             2  Connectors. Modifying CplList Attribute....
20221026 105125.838 INFO             PET1     esm: IInitModifyCplLists extro.
20221026 105125.838 INFO             PET1     ATM-TO-OCN: InitializeIPDv05p3 intro.
20221026 105125.848 INFO             PET1       ATM-TO-OCN: handle cplList(1): air_pressure_at_sea_level, cplSetList(1): __UNSPECIFIED__
20221026 105125.848 INFO             PET1       ATM-TO-OCN: - connected.
20221026 105125.848 INFO             PET1       ATM-TO-OCN: - import side may accept, export side must provide the Field/GeomObject.
20221026 105125.848 INFO             PET1       ATM-TO-OCN: - combination of provider and acceptor VM does NOT support Field and/or GeomObject sharing between them.
20221026 105125.848 INFO             PET1       ATM-TO-OCN: handle cplList(2): precipitation_flux, cplSetList(2): __UNSPECIFIED__
20221026 105125.848 INFO             PET1       ATM-TO-OCN: - connected.
20221026 105125.848 INFO             PET1       ATM-TO-OCN: - import side may accept, export side must provide the Field/GeomObject.
20221026 105125.848 INFO             PET1       ATM-TO-OCN: - combination of provider and acceptor VM does NOT support Field and/or GeomObject sharing between them.
20221026 105125.848 INFO             PET1       ATM-TO-OCN: handle cplList(3): surface_net_downward_shortwave_flux, cplSetList(3): __UNSPECIFIED__
20221026 105125.848 INFO             PET1       ATM-TO-OCN: - connected.
20221026 105125.848 INFO             PET1       ATM-TO-OCN: - both sides must provide the Field/GeomObject.
20221026 105125.849 INFO             PET1     ATM-TO-OCN: InitializeIPDv05p3 extro.
20221026 105125.849 INFO             PET1     OCN-TO-ATM: InitializeIPDv05p3 intro.
20221026 105125.858 INFO             PET1       OCN-TO-ATM: handle cplList(1): sea_surface_height_above_sea_level, cplSetList(1): __UNSPECIFIED__
20221026 105125.858 INFO             PET1       OCN-TO-ATM: - connected.
20221026 105125.858 INFO             PET1       OCN-TO-ATM: - import side must provide, export side may accept the Field/GeomObject.
20221026 105125.858 INFO             PET1       OCN-TO-ATM: - combination of provider and acceptor VM does NOT support Field and/or GeomObject sharing between them.
20221026 105125.858 INFO             PET1       OCN-TO-ATM: handle cplList(2): sea_surface_salinity, cplSetList(2): __UNSPECIFIED__
20221026 105125.858 INFO             PET1       OCN-TO-ATM: - connected.
20221026 105125.858 INFO             PET1       OCN-TO-ATM: - import side must provide, export side may accept the Field/GeomObject.
20221026 105125.858 INFO             PET1       OCN-TO-ATM: - combination of provider and acceptor VM does NOT support Field and/or GeomObject sharing between them.
20221026 105125.858 INFO             PET1       OCN-TO-ATM: handle cplList(3): sea_surface_temperature, cplSetList(3): __UNSPECIFIED__
20221026 105125.859 INFO             PET1       OCN-TO-ATM: - connected.
20221026 105125.859 INFO             PET1       OCN-TO-ATM: - import side must provide, export side may accept the Field/GeomObject.
20221026 105125.859 INFO             PET1       OCN-TO-ATM: - combination of provider and acceptor VM does NOT support Field and/or GeomObject sharing between them.
20221026 105125.859 INFO             PET1     OCN-TO-ATM: InitializeIPDv05p3 extro.
20221026 105125.859 INFO             PET1     <<<esm: leaving Initialize (phase=<none>) with current time: 2010  6  1  0  0  0   0
20221026 105125.859 INFO             PET1   esm: InitializeIPDv02p1 extro.
20221026 105125.859 INFO             PET1   esm: InitializeIPDv02p3 intro.
20221026 105125.859 INFO             PET1     >>>esm: entered Initialize (phase=<none>) with current time: 2010  6  1  0  0  0   0
20221026 105125.859 INFO             PET1     esm: IInitCheck intro.
20221026 105125.713 INFO             PET2 !!!!!!!!!!!!!!!!!!!!!!!!!!!!!!!!!!!!!!!!!!!!!!!!!!!!!!
20221026 105125.713 INFO             PET2 !!! THE ESMF_LOG IS SET TO OUTPUT ALL LOG MESSAGES !!!
20221026 105125.713 INFO             PET2 !!!     THIS MAY CAUSE SLOWDOWN IN PERFORMANCE     !!!
20221026 105125.713 INFO             PET2 !!! FOR PRODUCTION RUNS, USE:                      !!!
20221026 105125.713 INFO             PET2 !!!                   ESMF_LOGKIND_Multi_On_Error  !!!
20221026 105125.713 INFO             PET2 !!!!!!!!!!!!!!!!!!!!!!!!!!!!!!!!!!!!!!!!!!!!!!!!!!!!!!
20221026 105125.713 INFO             PET2 Running with ESMF Version   : v8.4.0
20221026 105125.713 INFO             PET2 ESMF library build date/time: "Oct 26 2022" "08:58:48"
20221026 105125.713 INFO             PET2 ESMF library build location : /glade/scratch/theurich/ESMF-Nightly-Testing/nvhpc_22.2_mpt_g_v8.4.0/esmf
20221026 105125.713 INFO             PET2 ESMF_COMM                   : mpt
20221026 105125.713 INFO             PET2 ESMF_MOAB                   : enabled
20221026 105125.713 INFO             PET2 ESMF_LAPACK                 : enabled
20221026 105125.713 INFO             PET2 ESMF_NETCDF                 : enabled
20221026 105125.713 INFO             PET2 ESMF_PNETCDF                : disabled
20221026 105125.713 INFO             PET2 ESMF_PIO                    : enabled
20221026 105125.713 INFO             PET2 ESMF_YAMLCPP                : enabled
20221026 105125.714 INFO             PET2 esmApp STARTING
20221026 105125.720 INFO             PET2 esm: InitializeGeneric intro.
20221026 105125.720 INFO             PET2   esm: InitializeP0 intro.
20221026 105125.720 INFO             PET2   esm: InitializeP0 extro.
20221026 105125.720 INFO             PET2   esm: InitializeIPDv02p1 intro.
20221026 105125.720 INFO             PET2     >>>esm: entered Initialize (phase=<none>) without valid internal Clock.
20221026 105125.720 INFO             PET2     esm - Creating model component ATM with petList of size 2 :
20221026 105125.720 INFO             PET2           0      1
20221026 105125.720 DEBUG            PET2     Generic SetVM() is executing for: ATM
20221026 105125.721 DEBUG            PET2     Generic SetVM() is calling ESMF_GridCompSetVMMaxPEs() for: ATM with:
20221026 105125.721 DEBUG            PET2      -             MaxCount =          2
20221026 105125.721 DEBUG            PET2      -       OpenMpHandling =
20221026 105125.721 DEBUG            PET2      -     OpenMpNumThreads =         -1
20221026 105125.721 DEBUG            PET2      -   ForceChildPthreads =          F
20221026 105125.721 DEBUG            PET2      -  PthreadMinStackSize =         -1
20221026 105125.721 INFO             PET2     esm - Creating model component OCN with petList of size 2 :
20221026 105125.721 INFO             PET2           2      3
20221026 105125.721 DEBUG            PET2     Generic SetVM() is executing for: OCN
20221026 105125.721 DEBUG            PET2     Generic SetVM() is calling ESMF_GridCompSetVMMaxPEs() for: OCN with:
20221026 105125.721 DEBUG            PET2      -             MaxCount =          2
20221026 105125.721 DEBUG            PET2      -       OpenMpHandling =
20221026 105125.721 DEBUG            PET2      -     OpenMpNumThreads =         -1
20221026 105125.721 DEBUG            PET2      -   ForceChildPthreads =          F
20221026 105125.721 DEBUG            PET2      -  PthreadMinStackSize =         -1
20221026 105125.725 INFO             PET2     esm - Creating connector component ATM-TO-OCN with petList of size 4 :
20221026 105125.725 INFO             PET2           0      1      2      3
20221026 105125.733 INFO             PET2     esm - Creating connector component OCN-TO-ATM with petList of size 4 :
20221026 105125.733 INFO             PET2           2      3      0      1
20221026 105125.745 INFO             PET2     esm - Creating state: modelComp 1 Import State
20221026 105125.745 INFO             PET2     esm - Creating state: modelComp 1 Export State
20221026 105125.747 INFO             PET2     esm - Creating state: modelComp 2 Import State
20221026 105125.747 INFO             PET2     esm - Creating state: modelComp 2 Export State
20221026 105125.753 INFO             PET2     OCN: InitializeP0 intro.
20221026 105125.754 INFO             PET2       >>>OCN: entered Initialize (phase=<none>) without valid internal Clock.
20221026 105125.755 INFO             PET2       <<<OCN: leaving Initialize (phase=<none>) without valid internal Clock.
20221026 105125.755 INFO             PET2     OCN: InitializeP0 extro.
20221026 105125.756 INFO             PET2     ATM-TO-OCN: InitializeP0 intro.
20221026 105125.757 INFO             PET2     ATM-TO-OCN: InitializeP0 extro.
20221026 105125.758 INFO             PET2     OCN-TO-ATM: InitializeP0 intro.
20221026 105125.759 INFO             PET2     OCN-TO-ATM: InitializeP0 extro.
20221026 105125.761 INFO             PET2     esm: IInitAdvertise intro.
20221026 105125.761 INFO             PET2     esm: IInitAdvertise extro.
20221026 105125.771 INFO             PET2     OCN: InitializeIPDvXp01 intro.
20221026 105125.771 INFO             PET2       >>>OCN: entered Initialize (phase=IPDvXp01) without valid internal Clock.
20221026 105125.775 INFO             PET2       Done advertising fields in OCN importState
20221026 105125.778 INFO             PET2       Done advertising fields in OCN exportState
20221026 105125.778 INFO             PET2       <<<OCN: leaving Initialize (phase=IPDvXp01) without valid internal Clock.
20221026 105125.778 INFO             PET2     OCN: InitializeIPDvXp01 extro.
20221026 105125.780 INFO             PET2     ATM-TO-OCN: InitializeIPDv05p1 intro.
20221026 105125.789 INFO             PET2       ATM-TO-OCN: importState FieldTransferPolicy = transferNone
20221026 105125.789 INFO             PET2       ATM-TO-OCN: exportState FieldTransferPolicy = transferNone
20221026 105125.789 INFO             PET2     ATM-TO-OCN: InitializeIPDv05p1 extro.
20221026 105125.789 INFO             PET2     OCN-TO-ATM: InitializeIPDv05p1 intro.
20221026 105125.798 INFO             PET2       OCN-TO-ATM: importState FieldTransferPolicy = transferNone
20221026 105125.798 INFO             PET2       OCN-TO-ATM: exportState FieldTransferPolicy = transferNone
20221026 105125.798 INFO             PET2     OCN-TO-ATM: InitializeIPDv05p1 extro.
20221026 105125.798 INFO             PET2     esm: IInitAdvertiseFinish intro.
20221026 105125.798 INFO             PET2     esm: IInitAdvertiseFinish extro.
20221026 105125.799 INFO             PET2     ATM-TO-OCN: InitializeIPDv05p2a intro.
20221026 105125.808 INFO             PET2       ATM-TO-OCN:      importStandardNameList(i=  1): air_pressure_at_sea_level
20221026 105125.808 INFO             PET2       ATM-TO-OCN:         importNamespaceList(i=  1): ATM
20221026 105125.808 INFO             PET2       ATM-TO-OCN:            importCplSetList(i=  1): __UNSPECIFIED__
20221026 105125.808 INFO             PET2       ATM-TO-OCN:      exportStandardNameList(j=  1): air_pressure_at_sea_level
20221026 105125.808 INFO             PET2       ATM-TO-OCN:         exportNamespaceList(j=  1): OCN
20221026 105125.808 INFO             PET2       ATM-TO-OCN:            exportCplSetList(j=  1): __UNSPECIFIED__
20221026 105125.808 INFO             PET2       ATM-TO-OCN: bondLevel= 1
20221026 105125.808 INFO             PET2       ATM-TO-OCN: ProducerConnection (bondLevelMax):         1
20221026 105125.808 INFO             PET2       ATM-TO-OCN:      importStandardNameList(i=  2): precipitation_flux
20221026 105125.808 INFO             PET2       ATM-TO-OCN:         importNamespaceList(i=  2): ATM
20221026 105125.808 INFO             PET2       ATM-TO-OCN:            importCplSetList(i=  2): __UNSPECIFIED__
20221026 105125.808 INFO             PET2       ATM-TO-OCN:      exportStandardNameList(j=  2): precipitation_flux
20221026 105125.808 INFO             PET2       ATM-TO-OCN:         exportNamespaceList(j=  2): OCN
20221026 105125.808 INFO             PET2       ATM-TO-OCN:            exportCplSetList(j=  2): __UNSPECIFIED__
20221026 105125.808 INFO             PET2       ATM-TO-OCN: bondLevel= 1
20221026 105125.808 INFO             PET2       ATM-TO-OCN: ProducerConnection (bondLevelMax):         1
20221026 105125.808 INFO             PET2       ATM-TO-OCN:      importStandardNameList(i=  3): surface_net_downward_shortwave_flux
20221026 105125.808 INFO             PET2       ATM-TO-OCN:         importNamespaceList(i=  3): ATM
20221026 105125.808 INFO             PET2       ATM-TO-OCN:            importCplSetList(i=  3): __UNSPECIFIED__
20221026 105125.808 INFO             PET2       ATM-TO-OCN:      exportStandardNameList(j=  3): surface_net_downward_shortwave_flux
20221026 105125.808 INFO             PET2       ATM-TO-OCN:         exportNamespaceList(j=  3): OCN
20221026 105125.808 INFO             PET2       ATM-TO-OCN:            exportCplSetList(j=  3): __UNSPECIFIED__
20221026 105125.808 INFO             PET2       ATM-TO-OCN: bondLevel= 1
20221026 105125.808 INFO             PET2       ATM-TO-OCN: ProducerConnection (bondLevelMax):         1
20221026 105125.808 INFO             PET2     ATM-TO-OCN: InitializeIPDv05p2a extro.
20221026 105125.808 INFO             PET2     OCN-TO-ATM: InitializeIPDv05p2a intro.
20221026 105125.818 INFO             PET2       OCN-TO-ATM:      importStandardNameList(i=  1): sea_surface_height_above_sea_level
20221026 105125.818 INFO             PET2       OCN-TO-ATM:         importNamespaceList(i=  1): OCN
20221026 105125.818 INFO             PET2       OCN-TO-ATM:            importCplSetList(i=  1): __UNSPECIFIED__
20221026 105125.818 INFO             PET2       OCN-TO-ATM:      exportStandardNameList(j=  1): sea_surface_height_above_sea_level
20221026 105125.818 INFO             PET2       OCN-TO-ATM:         exportNamespaceList(j=  1): ATM
20221026 105125.818 INFO             PET2       OCN-TO-ATM:            exportCplSetList(j=  1): __UNSPECIFIED__
20221026 105125.818 INFO             PET2       OCN-TO-ATM: bondLevel= 1
20221026 105125.818 INFO             PET2       OCN-TO-ATM: ProducerConnection (bondLevelMax):         1
20221026 105125.818 INFO             PET2       OCN-TO-ATM:      importStandardNameList(i=  2): sea_surface_salinity
20221026 105125.818 INFO             PET2       OCN-TO-ATM:         importNamespaceList(i=  2): OCN
20221026 105125.818 INFO             PET2       OCN-TO-ATM:            importCplSetList(i=  2): __UNSPECIFIED__
20221026 105125.818 INFO             PET2       OCN-TO-ATM:      exportStandardNameList(j=  2): sea_surface_salinity
20221026 105125.818 INFO             PET2       OCN-TO-ATM:         exportNamespaceList(j=  2): ATM
20221026 105125.818 INFO             PET2       OCN-TO-ATM:            exportCplSetList(j=  2): __UNSPECIFIED__
20221026 105125.818 INFO             PET2       OCN-TO-ATM: bondLevel= 1
20221026 105125.818 INFO             PET2       OCN-TO-ATM: ProducerConnection (bondLevelMax):         1
20221026 105125.818 INFO             PET2       OCN-TO-ATM:      importStandardNameList(i=  3): sea_surface_temperature
20221026 105125.818 INFO             PET2       OCN-TO-ATM:         importNamespaceList(i=  3): OCN
20221026 105125.818 INFO             PET2       OCN-TO-ATM:            importCplSetList(i=  3): __UNSPECIFIED__
20221026 105125.818 INFO             PET2       OCN-TO-ATM:      exportStandardNameList(j=  3): sea_surface_temperature
20221026 105125.818 INFO             PET2       OCN-TO-ATM:         exportNamespaceList(j=  3): ATM
20221026 105125.818 INFO             PET2       OCN-TO-ATM:            exportCplSetList(j=  3): __UNSPECIFIED__
20221026 105125.818 INFO             PET2       OCN-TO-ATM: bondLevel= 1
20221026 105125.818 INFO             PET2       OCN-TO-ATM: ProducerConnection (bondLevelMax):         1
20221026 105125.818 INFO             PET2     OCN-TO-ATM: InitializeIPDv05p2a extro.
20221026 105125.818 INFO             PET2     ATM-TO-OCN: InitializeIPDv05p2b intro.
20221026 105125.827 INFO             PET2       ATM-TO-OCN:      importStandardNameList(i=  1): air_pressure_at_sea_level
20221026 105125.827 INFO             PET2       ATM-TO-OCN:         importNamespaceList(i=  1): ATM
20221026 105125.827 INFO             PET2       ATM-TO-OCN:            importCplSetList(i=  1): __UNSPECIFIED__
20221026 105125.827 INFO             PET2       ATM-TO-OCN:      exportStandardNameList(j=  1): air_pressure_at_sea_level
20221026 105125.827 INFO             PET2       ATM-TO-OCN:         exportNamespaceList(j=  1): OCN
20221026 105125.827 INFO             PET2       ATM-TO-OCN:            exportCplSetList(j=  1): __UNSPECIFIED__
20221026 105125.827 INFO             PET2       ATM-TO-OCN: bondLevel= 1
20221026 105125.827 INFO             PET2       ATM-TO-OCN: => added cplList(  1)=air_pressure_at_sea_level, cplSetList(  1)=__UNSPECIFIED__
20221026 105125.827 INFO             PET2       ATM-TO-OCN:      importStandardNameList(i=  2): precipitation_flux
20221026 105125.827 INFO             PET2       ATM-TO-OCN:         importNamespaceList(i=  2): ATM
20221026 105125.827 INFO             PET2       ATM-TO-OCN:            importCplSetList(i=  2): __UNSPECIFIED__
20221026 105125.827 INFO             PET2       ATM-TO-OCN:      exportStandardNameList(j=  2): precipitation_flux
20221026 105125.827 INFO             PET2       ATM-TO-OCN:         exportNamespaceList(j=  2): OCN
20221026 105125.827 INFO             PET2       ATM-TO-OCN:            exportCplSetList(j=  2): __UNSPECIFIED__
20221026 105125.827 INFO             PET2       ATM-TO-OCN: bondLevel= 1
20221026 105125.827 INFO             PET2       ATM-TO-OCN: => added cplList(  2)=precipitation_flux, cplSetList(  2)=__UNSPECIFIED__
20221026 105125.827 INFO             PET2       ATM-TO-OCN:      importStandardNameList(i=  3): surface_net_downward_shortwave_flux
20221026 105125.827 INFO             PET2       ATM-TO-OCN:         importNamespaceList(i=  3): ATM
20221026 105125.827 INFO             PET2       ATM-TO-OCN:            importCplSetList(i=  3): __UNSPECIFIED__
20221026 105125.827 INFO             PET2       ATM-TO-OCN:      exportStandardNameList(j=  3): surface_net_downward_shortwave_flux
20221026 105125.827 INFO             PET2       ATM-TO-OCN:         exportNamespaceList(j=  3): OCN
20221026 105125.827 INFO             PET2       ATM-TO-OCN:            exportCplSetList(j=  3): __UNSPECIFIED__
20221026 105125.827 INFO             PET2       ATM-TO-OCN: bondLevel= 1
20221026 105125.827 INFO             PET2       ATM-TO-OCN: => added cplList(  3)=surface_net_downward_shortwave_flux, cplSetList(  3)=__UNSPECIFIED__
20221026 105125.828 INFO             PET2     ATM-TO-OCN: InitializeIPDv05p2b extro.
20221026 105125.828 INFO             PET2     OCN-TO-ATM: InitializeIPDv05p2b intro.
20221026 105125.837 INFO             PET2       OCN-TO-ATM:      importStandardNameList(i=  1): sea_surface_height_above_sea_level
20221026 105125.837 INFO             PET2       OCN-TO-ATM:         importNamespaceList(i=  1): OCN
20221026 105125.837 INFO             PET2       OCN-TO-ATM:            importCplSetList(i=  1): __UNSPECIFIED__
20221026 105125.837 INFO             PET2       OCN-TO-ATM:      exportStandardNameList(j=  1): sea_surface_height_above_sea_level
20221026 105125.837 INFO             PET2       OCN-TO-ATM:         exportNamespaceList(j=  1): ATM
20221026 105125.837 INFO             PET2       OCN-TO-ATM:            exportCplSetList(j=  1): __UNSPECIFIED__
20221026 105125.837 INFO             PET2       OCN-TO-ATM: bondLevel= 1
20221026 105125.837 INFO             PET2       OCN-TO-ATM: => added cplList(  1)=sea_surface_height_above_sea_level, cplSetList(  1)=__UNSPECIFIED__
20221026 105125.837 INFO             PET2       OCN-TO-ATM:      importStandardNameList(i=  2): sea_surface_salinity
20221026 105125.837 INFO             PET2       OCN-TO-ATM:         importNamespaceList(i=  2): OCN
20221026 105125.837 INFO             PET2       OCN-TO-ATM:            importCplSetList(i=  2): __UNSPECIFIED__
20221026 105125.837 INFO             PET2       OCN-TO-ATM:      exportStandardNameList(j=  2): sea_surface_salinity
20221026 105125.837 INFO             PET2       OCN-TO-ATM:         exportNamespaceList(j=  2): ATM
20221026 105125.837 INFO             PET2       OCN-TO-ATM:            exportCplSetList(j=  2): __UNSPECIFIED__
20221026 105125.837 INFO             PET2       OCN-TO-ATM: bondLevel= 1
20221026 105125.837 INFO             PET2       OCN-TO-ATM: => added cplList(  2)=sea_surface_salinity, cplSetList(  2)=__UNSPECIFIED__
20221026 105125.837 INFO             PET2       OCN-TO-ATM:      importStandardNameList(i=  3): sea_surface_temperature
20221026 105125.837 INFO             PET2       OCN-TO-ATM:         importNamespaceList(i=  3): OCN
20221026 105125.837 INFO             PET2       OCN-TO-ATM:            importCplSetList(i=  3): __UNSPECIFIED__
20221026 105125.837 INFO             PET2       OCN-TO-ATM:      exportStandardNameList(j=  3): sea_surface_temperature
20221026 105125.837 INFO             PET2       OCN-TO-ATM:         exportNamespaceList(j=  3): ATM
20221026 105125.837 INFO             PET2       OCN-TO-ATM:            exportCplSetList(j=  3): __UNSPECIFIED__
20221026 105125.837 INFO             PET2       OCN-TO-ATM: bondLevel= 1
20221026 105125.837 INFO             PET2       OCN-TO-ATM: => added cplList(  3)=sea_surface_temperature, cplSetList(  3)=__UNSPECIFIED__
20221026 105125.837 INFO             PET2     OCN-TO-ATM: InitializeIPDv05p2b extro.
20221026 105125.838 INFO             PET2     esm: IInitModifyCplLists intro.
20221026 105125.838 INFO             PET2       Driver is in ModifyCplLists()
20221026 105125.838 INFO             PET2        Found             2  Connectors. Modifying CplList Attribute....
20221026 105125.838 INFO             PET2     esm: IInitModifyCplLists extro.
20221026 105125.838 INFO             PET2     ATM-TO-OCN: InitializeIPDv05p3 intro.
20221026 105125.848 INFO             PET2       ATM-TO-OCN: handle cplList(1): air_pressure_at_sea_level, cplSetList(1): __UNSPECIFIED__
20221026 105125.848 INFO             PET2       ATM-TO-OCN: - connected.
20221026 105125.848 INFO             PET2       ATM-TO-OCN: - import side may accept, export side must provide the Field/GeomObject.
20221026 105125.848 INFO             PET2       ATM-TO-OCN: - combination of provider and acceptor VM does NOT support Field and/or GeomObject sharing between them.
20221026 105125.848 INFO             PET2       ATM-TO-OCN: handle cplList(2): precipitation_flux, cplSetList(2): __UNSPECIFIED__
20221026 105125.848 INFO             PET2       ATM-TO-OCN: - connected.
20221026 105125.848 INFO             PET2       ATM-TO-OCN: - import side may accept, export side must provide the Field/GeomObject.
20221026 105125.848 INFO             PET2       ATM-TO-OCN: - combination of provider and acceptor VM does NOT support Field and/or GeomObject sharing between them.
20221026 105125.848 INFO             PET2       ATM-TO-OCN: handle cplList(3): surface_net_downward_shortwave_flux, cplSetList(3): __UNSPECIFIED__
20221026 105125.848 INFO             PET2       ATM-TO-OCN: - connected.
20221026 105125.848 INFO             PET2       ATM-TO-OCN: - both sides must provide the Field/GeomObject.
20221026 105125.848 INFO             PET2     ATM-TO-OCN: InitializeIPDv05p3 extro.
20221026 105125.849 INFO             PET2     OCN-TO-ATM: InitializeIPDv05p3 intro.
20221026 105125.858 INFO             PET2       OCN-TO-ATM: handle cplList(1): sea_surface_height_above_sea_level, cplSetList(1): __UNSPECIFIED__
20221026 105125.858 INFO             PET2       OCN-TO-ATM: - connected.
20221026 105125.858 INFO             PET2       OCN-TO-ATM: - import side must provide, export side may accept the Field/GeomObject.
20221026 105125.858 INFO             PET2       OCN-TO-ATM: - combination of provider and acceptor VM does NOT support Field and/or GeomObject sharing between them.
20221026 105125.858 INFO             PET2       OCN-TO-ATM: handle cplList(2): sea_surface_salinity, cplSetList(2): __UNSPECIFIED__
20221026 105125.858 INFO             PET2       OCN-TO-ATM: - connected.
20221026 105125.858 INFO             PET2       OCN-TO-ATM: - import side must provide, export side may accept the Field/GeomObject.
20221026 105125.858 INFO             PET2       OCN-TO-ATM: - combination of provider and acceptor VM does NOT support Field and/or GeomObject sharing between them.
20221026 105125.858 INFO             PET2       OCN-TO-ATM: handle cplList(3): sea_surface_temperature, cplSetList(3): __UNSPECIFIED__
20221026 105125.858 INFO             PET2       OCN-TO-ATM: - connected.
20221026 105125.859 INFO             PET2       OCN-TO-ATM: - import side must provide, export side may accept the Field/GeomObject.
20221026 105125.859 INFO             PET2       OCN-TO-ATM: - combination of provider and acceptor VM does NOT support Field and/or GeomObject sharing between them.
20221026 105125.859 INFO             PET2     OCN-TO-ATM: InitializeIPDv05p3 extro.
20221026 105125.859 INFO             PET2     <<<esm: leaving Initialize (phase=<none>) with current time: 2010  6  1  0  0  0   0
20221026 105125.859 INFO             PET2   esm: InitializeIPDv02p1 extro.
20221026 105125.859 INFO             PET2   esm: InitializeIPDv02p3 intro.
20221026 105125.859 INFO             PET2     >>>esm: entered Initialize (phase=<none>) with current time: 2010  6  1  0  0  0   0
20221026 105125.859 INFO             PET2     esm: IInitCheck intro.
20221026 105125.859 INFO             PET2     esm: IInitCheck extro.
20221026 105125.865 INFO             PET2     OCN: InitializeIPDvXp04 intro.
20221026 105125.865 INFO             PET2       >>>OCN: entered Initialize (phase=IPDvXp04) without valid internal Clock.
20221026 105125.887 WARNING          PET2 ESMCI_PIO_Handler.C:1567 ESMCI::PIO_Handler::isOpen()       File, array_OCN-gridIn_center_coord1.nc, closed by PIO
20221026 105125.897 WARNING          PET2 ESMCI_PIO_Handler.C:1567 ESMCI::PIO_Handler::isOpen()       File, array_OCN-gridIn_center_coord2.nc, closed by PIO
20221026 105125.907 WARNING          PET2 ESMCI_PIO_Handler.C:1567 ESMCI::PIO_Handler::isOpen()       File, array_OCN-gridIn_corner_coord1.nc, closed by PIO
20221026 105125.918 WARNING          PET2 ESMCI_PIO_Handler.C:1567 ESMCI::PIO_Handler::isOpen()       File, array_OCN-gridIn_corner_coord2.nc, closed by PIO
20221026 105125.927 WARNING          PET2 ESMCI_PIO_Handler.C:1567 ESMCI::PIO_Handler::isOpen()       File, array_OCN-gridIn_edge1_coord1.nc, closed by PIO
20221026 105125.939 WARNING          PET2 ESMCI_PIO_Handler.C:1567 ESMCI::PIO_Handler::isOpen()       File, array_OCN-gridIn_edge1_coord2.nc, closed by PIO
20221026 105125.949 WARNING          PET2 ESMCI_PIO_Handler.C:1567 ESMCI::PIO_Handler::isOpen()       File, array_OCN-gridIn_edge2_coord1.nc, closed by PIO
20221026 105125.960 WARNING          PET2 ESMCI_PIO_Handler.C:1567 ESMCI::PIO_Handler::isOpen()       File, array_OCN-gridIn_edge2_coord2.nc, closed by PIO
20221026 105126.663 INFO             PET2       Done writing OCN-GridIn_centers VTK
20221026 105125.713 INFO             PET3 !!!!!!!!!!!!!!!!!!!!!!!!!!!!!!!!!!!!!!!!!!!!!!!!!!!!!!
20221026 105125.713 INFO             PET3 !!! THE ESMF_LOG IS SET TO OUTPUT ALL LOG MESSAGES !!!
20221026 105125.713 INFO             PET3 !!!     THIS MAY CAUSE SLOWDOWN IN PERFORMANCE     !!!
20221026 105125.713 INFO             PET3 !!! FOR PRODUCTION RUNS, USE:                      !!!
20221026 105125.713 INFO             PET3 !!!                   ESMF_LOGKIND_Multi_On_Error  !!!
20221026 105125.713 INFO             PET3 !!!!!!!!!!!!!!!!!!!!!!!!!!!!!!!!!!!!!!!!!!!!!!!!!!!!!!
20221026 105125.713 INFO             PET3 Running with ESMF Version   : v8.4.0
20221026 105125.713 INFO             PET3 ESMF library build date/time: "Oct 26 2022" "08:58:48"
20221026 105125.713 INFO             PET3 ESMF library build location : /glade/scratch/theurich/ESMF-Nightly-Testing/nvhpc_22.2_mpt_g_v8.4.0/esmf
20221026 105125.713 INFO             PET3 ESMF_COMM                   : mpt
20221026 105125.713 INFO             PET3 ESMF_MOAB                   : enabled
20221026 105125.713 INFO             PET3 ESMF_LAPACK                 : enabled
20221026 105125.713 INFO             PET3 ESMF_NETCDF                 : enabled
20221026 105125.714 INFO             PET3 ESMF_PNETCDF                : disabled
20221026 105125.714 INFO             PET3 ESMF_PIO                    : enabled
20221026 105125.714 INFO             PET3 ESMF_YAMLCPP                : enabled
20221026 105125.714 INFO             PET3 esmApp STARTING
20221026 105125.720 INFO             PET3 esm: InitializeGeneric intro.
20221026 105125.720 INFO             PET3   esm: InitializeP0 intro.
20221026 105125.720 INFO             PET3   esm: InitializeP0 extro.
20221026 105125.720 INFO             PET3   esm: InitializeIPDv02p1 intro.
20221026 105125.720 INFO             PET3     >>>esm: entered Initialize (phase=<none>) without valid internal Clock.
20221026 105125.720 INFO             PET3     esm - Creating model component ATM with petList of size 2 :
20221026 105125.720 INFO             PET3           0      1
20221026 105125.720 DEBUG            PET3     Generic SetVM() is executing for: ATM
20221026 105125.721 DEBUG            PET3     Generic SetVM() is calling ESMF_GridCompSetVMMaxPEs() for: ATM with:
20221026 105125.721 DEBUG            PET3      -             MaxCount =          2
20221026 105125.721 DEBUG            PET3      -       OpenMpHandling =
20221026 105125.721 DEBUG            PET3      -     OpenMpNumThreads =         -1
20221026 105125.721 DEBUG            PET3      -   ForceChildPthreads =          F
20221026 105125.721 DEBUG            PET3      -  PthreadMinStackSize =         -1
20221026 105125.721 INFO             PET3     esm - Creating model component OCN with petList of size 2 :
20221026 105125.721 INFO             PET3           2      3
20221026 105125.721 DEBUG            PET3     Generic SetVM() is executing for: OCN
20221026 105125.721 DEBUG            PET3     Generic SetVM() is calling ESMF_GridCompSetVMMaxPEs() for: OCN with:
20221026 105125.721 DEBUG            PET3      -             MaxCount =          2
20221026 105125.721 DEBUG            PET3      -       OpenMpHandling =
20221026 105125.721 DEBUG            PET3      -     OpenMpNumThreads =         -1
20221026 105125.721 DEBUG            PET3      -   ForceChildPthreads =          F
20221026 105125.721 DEBUG            PET3      -  PthreadMinStackSize =         -1
20221026 105125.721 DEBUG            PET3     vmkt_create()#201 Pthread: service=1 (0: actual PET, 1: service thread) - PTHREAD_STACK_MIN: 16384 bytes stack_size: 4194304 bytes
20221026 105125.722 DEBUG            PET3     vmkt_create()#201 Pthread: service=1 (0: actual PET, 1: service thread) - PTHREAD_STACK_MIN: 16384 bytes stack_size: 4194304 bytes
20221026 105125.726 INFO             PET3     esm - Creating connector component ATM-TO-OCN with petList of size 4 :
20221026 105125.726 INFO             PET3           0      1      2      3
20221026 105125.733 INFO             PET3     esm - Creating connector component OCN-TO-ATM with petList of size 4 :
20221026 105125.733 INFO             PET3           2      3      0      1
20221026 105125.745 INFO             PET3     esm - Creating state: modelComp 1 Import State
20221026 105125.745 INFO             PET3     esm - Creating state: modelComp 1 Export State
20221026 105125.745 INFO             PET3     esm - Creating state: modelComp 2 Import State
20221026 105125.745 INFO             PET3     esm - Creating state: modelComp 2 Export State
20221026 105125.757 INFO             PET3     ATM-TO-OCN: InitializeP0 intro.
20221026 105125.757 INFO             PET3     ATM-TO-OCN: InitializeP0 extro.
20221026 105125.758 INFO             PET3     OCN-TO-ATM: InitializeP0 intro.
20221026 105125.759 INFO             PET3     OCN-TO-ATM: InitializeP0 extro.
20221026 105125.762 INFO             PET3     esm: IInitAdvertise intro.
20221026 105125.762 INFO             PET3     esm: IInitAdvertise extro.
20221026 105125.780 INFO             PET3     ATM-TO-OCN: InitializeIPDv05p1 intro.
20221026 105125.789 INFO             PET3       ATM-TO-OCN: importState FieldTransferPolicy = transferNone
20221026 105125.789 INFO             PET3       ATM-TO-OCN: exportState FieldTransferPolicy = transferNone
20221026 105125.789 INFO             PET3     ATM-TO-OCN: InitializeIPDv05p1 extro.
20221026 105125.789 INFO             PET3     OCN-TO-ATM: InitializeIPDv05p1 intro.
20221026 105125.798 INFO             PET3       OCN-TO-ATM: importState FieldTransferPolicy = transferNone
20221026 105125.798 INFO             PET3       OCN-TO-ATM: exportState FieldTransferPolicy = transferNone
20221026 105125.798 INFO             PET3     OCN-TO-ATM: InitializeIPDv05p1 extro.
20221026 105125.798 INFO             PET3     esm: IInitAdvertiseFinish intro.
20221026 105125.798 INFO             PET3     esm: IInitAdvertiseFinish extro.
20221026 105125.799 INFO             PET3     ATM-TO-OCN: InitializeIPDv05p2a intro.
20221026 105125.808 INFO             PET3       ATM-TO-OCN:      importStandardNameList(i=  1): air_pressure_at_sea_level
20221026 105125.808 INFO             PET3       ATM-TO-OCN:         importNamespaceList(i=  1): ATM
20221026 105125.808 INFO             PET3       ATM-TO-OCN:            importCplSetList(i=  1): __UNSPECIFIED__
20221026 105125.808 INFO             PET3       ATM-TO-OCN:      exportStandardNameList(j=  1): air_pressure_at_sea_level
20221026 105125.808 INFO             PET3       ATM-TO-OCN:         exportNamespaceList(j=  1): OCN
20221026 105125.808 INFO             PET3       ATM-TO-OCN:            exportCplSetList(j=  1): __UNSPECIFIED__
20221026 105125.808 INFO             PET3       ATM-TO-OCN: bondLevel= 1
20221026 105125.808 INFO             PET3       ATM-TO-OCN: ProducerConnection (bondLevelMax):         1
20221026 105125.808 INFO             PET3       ATM-TO-OCN:      importStandardNameList(i=  2): precipitation_flux
20221026 105125.808 INFO             PET3       ATM-TO-OCN:         importNamespaceList(i=  2): ATM
20221026 105125.808 INFO             PET3       ATM-TO-OCN:            importCplSetList(i=  2): __UNSPECIFIED__
20221026 105125.808 INFO             PET3       ATM-TO-OCN:      exportStandardNameList(j=  2): precipitation_flux
20221026 105125.808 INFO             PET3       ATM-TO-OCN:         exportNamespaceList(j=  2): OCN
20221026 105125.808 INFO             PET3       ATM-TO-OCN:            exportCplSetList(j=  2): __UNSPECIFIED__
20221026 105125.808 INFO             PET3       ATM-TO-OCN: bondLevel= 1
20221026 105125.808 INFO             PET3       ATM-TO-OCN: ProducerConnection (bondLevelMax):         1
20221026 105125.808 INFO             PET3       ATM-TO-OCN:      importStandardNameList(i=  3): surface_net_downward_shortwave_flux
20221026 105125.808 INFO             PET3       ATM-TO-OCN:         importNamespaceList(i=  3): ATM
20221026 105125.808 INFO             PET3       ATM-TO-OCN:            importCplSetList(i=  3): __UNSPECIFIED__
20221026 105125.808 INFO             PET3       ATM-TO-OCN:      exportStandardNameList(j=  3): surface_net_downward_shortwave_flux
20221026 105125.808 INFO             PET3       ATM-TO-OCN:         exportNamespaceList(j=  3): OCN
20221026 105125.808 INFO             PET3       ATM-TO-OCN:            exportCplSetList(j=  3): __UNSPECIFIED__
20221026 105125.808 INFO             PET3       ATM-TO-OCN: bondLevel= 1
20221026 105125.808 INFO             PET3       ATM-TO-OCN: ProducerConnection (bondLevelMax):         1
20221026 105125.808 INFO             PET3     ATM-TO-OCN: InitializeIPDv05p2a extro.
20221026 105125.809 INFO             PET3     OCN-TO-ATM: InitializeIPDv05p2a intro.
20221026 105125.818 INFO             PET3       OCN-TO-ATM:      importStandardNameList(i=  1): sea_surface_height_above_sea_level
20221026 105125.818 INFO             PET3       OCN-TO-ATM:         importNamespaceList(i=  1): OCN
20221026 105125.818 INFO             PET3       OCN-TO-ATM:            importCplSetList(i=  1): __UNSPECIFIED__
20221026 105125.818 INFO             PET3       OCN-TO-ATM:      exportStandardNameList(j=  1): sea_surface_height_above_sea_level
20221026 105125.818 INFO             PET3       OCN-TO-ATM:         exportNamespaceList(j=  1): ATM
20221026 105125.818 INFO             PET3       OCN-TO-ATM:            exportCplSetList(j=  1): __UNSPECIFIED__
20221026 105125.818 INFO             PET3       OCN-TO-ATM: bondLevel= 1
20221026 105125.818 INFO             PET3       OCN-TO-ATM: ProducerConnection (bondLevelMax):         1
20221026 105125.818 INFO             PET3       OCN-TO-ATM:      importStandardNameList(i=  2): sea_surface_salinity
20221026 105125.818 INFO             PET3       OCN-TO-ATM:         importNamespaceList(i=  2): OCN
20221026 105125.818 INFO             PET3       OCN-TO-ATM:            importCplSetList(i=  2): __UNSPECIFIED__
20221026 105125.818 INFO             PET3       OCN-TO-ATM:      exportStandardNameList(j=  2): sea_surface_salinity
20221026 105125.818 INFO             PET3       OCN-TO-ATM:         exportNamespaceList(j=  2): ATM
20221026 105125.818 INFO             PET3       OCN-TO-ATM:            exportCplSetList(j=  2): __UNSPECIFIED__
20221026 105125.818 INFO             PET3       OCN-TO-ATM: bondLevel= 1
20221026 105125.818 INFO             PET3       OCN-TO-ATM: ProducerConnection (bondLevelMax):         1
20221026 105125.818 INFO             PET3       OCN-TO-ATM:      importStandardNameList(i=  3): sea_surface_temperature
20221026 105125.818 INFO             PET3       OCN-TO-ATM:         importNamespaceList(i=  3): OCN
20221026 105125.818 INFO             PET3       OCN-TO-ATM:            importCplSetList(i=  3): __UNSPECIFIED__
20221026 105125.818 INFO             PET3       OCN-TO-ATM:      exportStandardNameList(j=  3): sea_surface_temperature
20221026 105125.818 INFO             PET3       OCN-TO-ATM:         exportNamespaceList(j=  3): ATM
20221026 105125.818 INFO             PET3       OCN-TO-ATM:            exportCplSetList(j=  3): __UNSPECIFIED__
20221026 105125.818 INFO             PET3       OCN-TO-ATM: bondLevel= 1
20221026 105125.818 INFO             PET3       OCN-TO-ATM: ProducerConnection (bondLevelMax):         1
20221026 105125.818 INFO             PET3     OCN-TO-ATM: InitializeIPDv05p2a extro.
20221026 105125.818 INFO             PET3     ATM-TO-OCN: InitializeIPDv05p2b intro.
20221026 105125.827 INFO             PET3       ATM-TO-OCN:      importStandardNameList(i=  1): air_pressure_at_sea_level
20221026 105125.827 INFO             PET3       ATM-TO-OCN:         importNamespaceList(i=  1): ATM
20221026 105125.827 INFO             PET3       ATM-TO-OCN:            importCplSetList(i=  1): __UNSPECIFIED__
20221026 105125.827 INFO             PET3       ATM-TO-OCN:      exportStandardNameList(j=  1): air_pressure_at_sea_level
20221026 105125.827 INFO             PET3       ATM-TO-OCN:         exportNamespaceList(j=  1): OCN
20221026 105125.827 INFO             PET3       ATM-TO-OCN:            exportCplSetList(j=  1): __UNSPECIFIED__
20221026 105125.827 INFO             PET3       ATM-TO-OCN: bondLevel= 1
20221026 105125.827 INFO             PET3       ATM-TO-OCN: => added cplList(  1)=air_pressure_at_sea_level, cplSetList(  1)=__UNSPECIFIED__
20221026 105125.827 INFO             PET3       ATM-TO-OCN:      importStandardNameList(i=  2): precipitation_flux
20221026 105125.827 INFO             PET3       ATM-TO-OCN:         importNamespaceList(i=  2): ATM
20221026 105125.827 INFO             PET3       ATM-TO-OCN:            importCplSetList(i=  2): __UNSPECIFIED__
20221026 105125.827 INFO             PET3       ATM-TO-OCN:      exportStandardNameList(j=  2): precipitation_flux
20221026 105125.827 INFO             PET3       ATM-TO-OCN:         exportNamespaceList(j=  2): OCN
20221026 105125.827 INFO             PET3       ATM-TO-OCN:            exportCplSetList(j=  2): __UNSPECIFIED__
20221026 105125.827 INFO             PET3       ATM-TO-OCN: bondLevel= 1
20221026 105125.827 INFO             PET3       ATM-TO-OCN: => added cplList(  2)=precipitation_flux, cplSetList(  2)=__UNSPECIFIED__
20221026 105125.827 INFO             PET3       ATM-TO-OCN:      importStandardNameList(i=  3): surface_net_downward_shortwave_flux
20221026 105125.827 INFO             PET3       ATM-TO-OCN:         importNamespaceList(i=  3): ATM
20221026 105125.827 INFO             PET3       ATM-TO-OCN:            importCplSetList(i=  3): __UNSPECIFIED__
20221026 105125.827 INFO             PET3       ATM-TO-OCN:      exportStandardNameList(j=  3): surface_net_downward_shortwave_flux
20221026 105125.827 INFO             PET3       ATM-TO-OCN:         exportNamespaceList(j=  3): OCN
20221026 105125.827 INFO             PET3       ATM-TO-OCN:            exportCplSetList(j=  3): __UNSPECIFIED__
20221026 105125.827 INFO             PET3       ATM-TO-OCN: bondLevel= 1
20221026 105125.827 INFO             PET3       ATM-TO-OCN: => added cplList(  3)=surface_net_downward_shortwave_flux, cplSetList(  3)=__UNSPECIFIED__
20221026 105125.828 INFO             PET3     ATM-TO-OCN: InitializeIPDv05p2b extro.
20221026 105125.828 INFO             PET3     OCN-TO-ATM: InitializeIPDv05p2b intro.
20221026 105125.837 INFO             PET3       OCN-TO-ATM:      importStandardNameList(i=  1): sea_surface_height_above_sea_level
20221026 105125.837 INFO             PET3       OCN-TO-ATM:         importNamespaceList(i=  1): OCN
20221026 105125.837 INFO             PET3       OCN-TO-ATM:            importCplSetList(i=  1): __UNSPECIFIED__
20221026 105125.837 INFO             PET3       OCN-TO-ATM:      exportStandardNameList(j=  1): sea_surface_height_above_sea_level
20221026 105125.837 INFO             PET3       OCN-TO-ATM:         exportNamespaceList(j=  1): ATM
20221026 105125.837 INFO             PET3       OCN-TO-ATM:            exportCplSetList(j=  1): __UNSPECIFIED__
20221026 105125.837 INFO             PET3       OCN-TO-ATM: bondLevel= 1
20221026 105125.837 INFO             PET3       OCN-TO-ATM: => added cplList(  1)=sea_surface_height_above_sea_level, cplSetList(  1)=__UNSPECIFIED__
20221026 105125.837 INFO             PET3       OCN-TO-ATM:      importStandardNameList(i=  2): sea_surface_salinity
20221026 105125.837 INFO             PET3       OCN-TO-ATM:         importNamespaceList(i=  2): OCN
20221026 105125.837 INFO             PET3       OCN-TO-ATM:            importCplSetList(i=  2): __UNSPECIFIED__
20221026 105125.837 INFO             PET3       OCN-TO-ATM:      exportStandardNameList(j=  2): sea_surface_salinity
20221026 105125.837 INFO             PET3       OCN-TO-ATM:         exportNamespaceList(j=  2): ATM
20221026 105125.837 INFO             PET3       OCN-TO-ATM:            exportCplSetList(j=  2): __UNSPECIFIED__
20221026 105125.837 INFO             PET3       OCN-TO-ATM: bondLevel= 1
20221026 105125.837 INFO             PET3       OCN-TO-ATM: => added cplList(  2)=sea_surface_salinity, cplSetList(  2)=__UNSPECIFIED__
20221026 105125.837 INFO             PET3       OCN-TO-ATM:      importStandardNameList(i=  3): sea_surface_temperature
20221026 105125.837 INFO             PET3       OCN-TO-ATM:         importNamespaceList(i=  3): OCN
20221026 105125.837 INFO             PET3       OCN-TO-ATM:            importCplSetList(i=  3): __UNSPECIFIED__
20221026 105125.837 INFO             PET3       OCN-TO-ATM:      exportStandardNameList(j=  3): sea_surface_temperature
20221026 105125.837 INFO             PET3       OCN-TO-ATM:         exportNamespaceList(j=  3): ATM
20221026 105125.837 INFO             PET3       OCN-TO-ATM:            exportCplSetList(j=  3): __UNSPECIFIED__
20221026 105125.837 INFO             PET3       OCN-TO-ATM: bondLevel= 1
20221026 105125.837 INFO             PET3       OCN-TO-ATM: => added cplList(  3)=sea_surface_temperature, cplSetList(  3)=__UNSPECIFIED__
20221026 105125.837 INFO             PET3     OCN-TO-ATM: InitializeIPDv05p2b extro.
20221026 105125.838 INFO             PET3     esm: IInitModifyCplLists intro.
20221026 105125.838 INFO             PET3       Driver is in ModifyCplLists()
20221026 105125.838 INFO             PET3        Found             2  Connectors. Modifying CplList Attribute....
20221026 105125.838 INFO             PET3     esm: IInitModifyCplLists extro.
20221026 105125.838 INFO             PET3     ATM-TO-OCN: InitializeIPDv05p3 intro.
20221026 105125.848 INFO             PET3       ATM-TO-OCN: handle cplList(1): air_pressure_at_sea_level, cplSetList(1): __UNSPECIFIED__
20221026 105125.848 INFO             PET3       ATM-TO-OCN: - connected.
20221026 105125.848 INFO             PET3       ATM-TO-OCN: - import side may accept, export side must provide the Field/GeomObject.
20221026 105125.848 INFO             PET3       ATM-TO-OCN: - combination of provider and acceptor VM does NOT support Field and/or GeomObject sharing between them.
20221026 105125.848 INFO             PET3       ATM-TO-OCN: handle cplList(2): precipitation_flux, cplSetList(2): __UNSPECIFIED__
20221026 105125.848 INFO             PET3       ATM-TO-OCN: - connected.
20221026 105125.848 INFO             PET3       ATM-TO-OCN: - import side may accept, export side must provide the Field/GeomObject.
20221026 105125.848 INFO             PET3       ATM-TO-OCN: - combination of provider and acceptor VM does NOT support Field and/or GeomObject sharing between them.
20221026 105125.848 INFO             PET3       ATM-TO-OCN: handle cplList(3): surface_net_downward_shortwave_flux, cplSetList(3): __UNSPECIFIED__
20221026 105125.848 INFO             PET3       ATM-TO-OCN: - connected.
20221026 105125.848 INFO             PET3       ATM-TO-OCN: - both sides must provide the Field/GeomObject.
20221026 105125.849 INFO             PET3     ATM-TO-OCN: InitializeIPDv05p3 extro.
20221026 105125.849 INFO             PET3     OCN-TO-ATM: InitializeIPDv05p3 intro.
20221026 105125.858 INFO             PET3       OCN-TO-ATM: handle cplList(1): sea_surface_height_above_sea_level, cplSetList(1): __UNSPECIFIED__
20221026 105125.858 INFO             PET3       OCN-TO-ATM: - connected.
20221026 105125.858 INFO             PET3       OCN-TO-ATM: - import side must provide, export side may accept the Field/GeomObject.
20221026 105125.858 INFO             PET3       OCN-TO-ATM: - combination of provider and acceptor VM does NOT support Field and/or GeomObject sharing between them.
20221026 105125.858 INFO             PET3       OCN-TO-ATM: handle cplList(2): sea_surface_salinity, cplSetList(2): __UNSPECIFIED__
20221026 105125.858 INFO             PET3       OCN-TO-ATM: - connected.
20221026 105125.858 INFO             PET3       OCN-TO-ATM: - import side must provide, export side may accept the Field/GeomObject.
20221026 105125.858 INFO             PET3       OCN-TO-ATM: - combination of provider and acceptor VM does NOT support Field and/or GeomObject sharing between them.
20221026 105125.858 INFO             PET3       OCN-TO-ATM: handle cplList(3): sea_surface_temperature, cplSetList(3): __UNSPECIFIED__
20221026 105125.859 INFO             PET3       OCN-TO-ATM: - connected.
20221026 105125.859 INFO             PET3       OCN-TO-ATM: - import side must provide, export side may accept the Field/GeomObject.
20221026 105125.859 INFO             PET3       OCN-TO-ATM: - combination of provider and acceptor VM does NOT support Field and/or GeomObject sharing between them.
20221026 105125.859 INFO             PET3     OCN-TO-ATM: InitializeIPDv05p3 extro.
20221026 105125.859 INFO             PET3     <<<esm: leaving Initialize (phase=<none>) with current time: 2010  6  1  0  0  0   0
20221026 105125.859 INFO             PET3   esm: InitializeIPDv02p1 extro.
20221026 105125.859 INFO             PET3   esm: InitializeIPDv02p3 intro.
20221026 105125.859 INFO             PET3     >>>esm: entered Initialize (phase=<none>) with current time: 2010  6  1  0  0  0   0
20221026 105125.859 INFO             PET3     esm: IInitCheck intro.
