2022-10-25 08:48:07
20221025 102903.561 INFO             PET0 !!!!!!!!!!!!!!!!!!!!!!!!!!!!!!!!!!!!!!!!!!!!!!!!!!!!!!
20221025 102903.561 INFO             PET0 !!! THE ESMF_LOG IS SET TO OUTPUT ALL LOG MESSAGES !!!
20221025 102903.561 INFO             PET0 !!!     THIS MAY CAUSE SLOWDOWN IN PERFORMANCE     !!!
20221025 102903.561 INFO             PET0 !!! FOR PRODUCTION RUNS, USE:                      !!!
20221025 102903.561 INFO             PET0 !!!                   ESMF_LOGKIND_Multi_On_Error  !!!
20221025 102903.561 INFO             PET0 !!!!!!!!!!!!!!!!!!!!!!!!!!!!!!!!!!!!!!!!!!!!!!!!!!!!!!
20221025 102903.561 INFO             PET0 Running with ESMF Version   : v8.4.0
20221025 102903.561 INFO             PET0 ESMF library build date/time: "Oct 25 2022" "08:45:02"
20221025 102903.561 INFO             PET0 ESMF library build location : /glade/scratch/theurich/ESMF-Nightly-Testing/nvhpc_22.2_mpt_g_v8.4.0/esmf
20221025 102903.561 INFO             PET0 ESMF_COMM                   : mpt
20221025 102903.561 INFO             PET0 ESMF_MOAB                   : enabled
20221025 102903.561 INFO             PET0 ESMF_LAPACK                 : enabled
20221025 102903.561 INFO             PET0 ESMF_NETCDF                 : enabled
20221025 102903.561 INFO             PET0 ESMF_PNETCDF                : disabled
20221025 102903.561 INFO             PET0 ESMF_PIO                    : enabled
20221025 102903.561 INFO             PET0 ESMF_YAMLCPP                : enabled
20221025 102903.562 INFO             PET0 esmApp STARTING
20221025 102903.568 INFO             PET0 esm: InitializeGeneric intro.
20221025 102903.568 INFO             PET0   esm: InitializeP0 intro.
20221025 102903.568 INFO             PET0   esm: InitializeP0 extro.
20221025 102903.569 INFO             PET0   esm: InitializeIPDv02p1 intro.
20221025 102903.569 INFO             PET0     >>>esm: entered Initialize (phase=<none>) without valid internal Clock.
20221025 102903.569 INFO             PET0     esm - Creating model component ATM without petList.
20221025 102903.569 DEBUG            PET0     Generic SetVM() is executing for: ATM
20221025 102903.569 DEBUG            PET0     Generic SetVM() is calling ESMF_GridCompSetVMMaxPEs() for: ATM with:
20221025 102903.569 DEBUG            PET0      -             MaxCount =          2
20221025 102903.569 DEBUG            PET0      -       OpenMpHandling =
20221025 102903.569 DEBUG            PET0      -     OpenMpNumThreads =         -1
20221025 102903.569 DEBUG            PET0      -   ForceChildPthreads =          F
20221025 102903.569 DEBUG            PET0      -  PthreadMinStackSize =         -1
20221025 102903.574 INFO             PET0     esm - Creating model component OCN without petList.
20221025 102903.574 DEBUG            PET0     Generic SetVM() is executing for: OCN
20221025 102903.574 DEBUG            PET0     Generic SetVM() is calling ESMF_GridCompSetVMMaxPEs() for: OCN with:
20221025 102903.574 DEBUG            PET0      -             MaxCount =          4
20221025 102903.574 DEBUG            PET0      -       OpenMpHandling =
20221025 102903.574 DEBUG            PET0      -     OpenMpNumThreads =         -1
20221025 102903.574 DEBUG            PET0      -   ForceChildPthreads =          F
20221025 102903.574 DEBUG            PET0      -  PthreadMinStackSize =         -1
20221025 102903.578 INFO             PET0     esm - Creating connector component ATM-TO-OCN without petList.
20221025 102903.585 INFO             PET0     esm - Creating connector component OCN-TO-ATM without petList.
20221025 102903.592 INFO             PET0     esm - Creating state: modelComp 1 Import State
20221025 102903.593 INFO             PET0     esm - Creating state: modelComp 1 Export State
20221025 102903.593 INFO             PET0     esm - Creating state: modelComp 2 Import State
20221025 102903.593 INFO             PET0     esm - Creating state: modelComp 2 Export State
20221025 102903.619 INFO             PET0     ATM: InitializeP0 intro.
20221025 102903.619 INFO             PET0       >>>ATM: entered Initialize (phase=<none>) without valid internal Clock.
20221025 102903.624 INFO             PET0       <<<ATM: leaving Initialize (phase=<none>) without valid internal Clock.
20221025 102903.624 INFO             PET0     ATM: InitializeP0 extro.
20221025 102903.626 INFO             PET0     OCN: InitializeP0 intro.
20221025 102903.627 INFO             PET0       >>>OCN: entered Initialize (phase=<none>) without valid internal Clock.
20221025 102903.628 INFO             PET0       <<<OCN: leaving Initialize (phase=<none>) without valid internal Clock.
20221025 102903.628 INFO             PET0     OCN: InitializeP0 extro.
20221025 102903.629 INFO             PET0     ATM-TO-OCN: InitializeP0 intro.
20221025 102903.630 INFO             PET0     ATM-TO-OCN: InitializeP0 extro.
20221025 102903.631 INFO             PET0     OCN-TO-ATM: InitializeP0 intro.
20221025 102903.631 INFO             PET0     OCN-TO-ATM: InitializeP0 extro.
20221025 102903.634 INFO             PET0     esm: IInitAdvertise intro.
20221025 102903.634 INFO             PET0     esm: IInitAdvertise extro.
20221025 102903.653 INFO             PET0     ATM: InitializeIPDvXp01 intro.
20221025 102903.653 INFO             PET0       >>>ATM: entered Initialize (phase=IPDvXp01) without valid internal Clock.
20221025 102903.655 INFO             PET0       <<<ATM: leaving Initialize (phase=IPDvXp01) without valid internal Clock.
20221025 102903.655 INFO             PET0     ATM: InitializeIPDvXp01 extro.
20221025 102903.656 INFO             PET0     OCN: InitializeIPDvXp01 intro.
20221025 102903.656 INFO             PET0       >>>OCN: entered Initialize (phase=IPDvXp01) without valid internal Clock.
20221025 102903.660 INFO             PET0       <<<OCN: leaving Initialize (phase=IPDvXp01) without valid internal Clock.
20221025 102903.660 INFO             PET0     OCN: InitializeIPDvXp01 extro.
20221025 102903.661 INFO             PET0     ATM-TO-OCN: InitializeIPDv05p1 intro.
20221025 102903.666 INFO             PET0       ATM-TO-OCN: importState FieldTransferPolicy = transferAll
20221025 102903.666 INFO             PET0       ATM-TO-OCN: exportState FieldTransferPolicy = transferNone
20221025 102903.667 INFO             PET0       ATM-TO-OCN: mirroring: air_pressure_at_sea_level into acceptorState: modelComp 1 Export State
20221025 102903.668 INFO             PET0       ATM-TO-OCN: mirroring: surface_net_downward_shortwave_flux into acceptorState: modelComp 1 Export State
20221025 102903.669 INFO             PET0     ATM-TO-OCN: InitializeIPDv05p1 extro.
20221025 102903.669 INFO             PET0     OCN-TO-ATM: InitializeIPDv05p1 intro.
20221025 102903.674 INFO             PET0       OCN-TO-ATM: importState FieldTransferPolicy = transferNone
20221025 102903.674 INFO             PET0       OCN-TO-ATM: exportState FieldTransferPolicy = transferNone
20221025 102903.674 INFO             PET0     OCN-TO-ATM: InitializeIPDv05p1 extro.
20221025 102903.674 INFO             PET0     esm: IInitAdvertiseFinish intro.
20221025 102903.674 INFO             PET0     esm: IInitAdvertiseFinish extro.
20221025 102903.687 INFO             PET0     ATM: InitializeIPDvXp02 intro.
20221025 102903.687 INFO             PET0       >>>ATM: entered Initialize (phase=IPDvXp02) without valid internal Clock.
20221025 102903.687 INFO             PET0       <<<ATM: leaving Initialize (phase=IPDvXp02) without valid internal Clock.
20221025 102903.687 INFO             PET0     ATM: InitializeIPDvXp02 extro.
20221025 102903.688 INFO             PET0     ATM-TO-OCN: InitializeIPDv05p2a intro.
20221025 102903.695 INFO             PET0       ATM-TO-OCN:      importStandardNameList(i=  1): air_pressure_at_sea_level
20221025 102903.695 INFO             PET0       ATM-TO-OCN:         importNamespaceList(i=  1): ATM
20221025 102903.695 INFO             PET0       ATM-TO-OCN:            importCplSetList(i=  1): __UNSPECIFIED__
20221025 102903.695 INFO             PET0       ATM-TO-OCN:      exportStandardNameList(j=  1): air_pressure_at_sea_level
20221025 102903.695 INFO             PET0       ATM-TO-OCN:         exportNamespaceList(j=  1): OCN
20221025 102903.695 INFO             PET0       ATM-TO-OCN:            exportCplSetList(j=  1): __UNSPECIFIED__
20221025 102903.695 INFO             PET0       ATM-TO-OCN: bondLevel= 1
20221025 102903.695 INFO             PET0       ATM-TO-OCN: ProducerConnection (bondLevelMax):         1
20221025 102903.695 INFO             PET0       ATM-TO-OCN:      importStandardNameList(i=  2): surface_net_downward_shortwave_flux
20221025 102903.695 INFO             PET0       ATM-TO-OCN:         importNamespaceList(i=  2): ATM
20221025 102903.695 INFO             PET0       ATM-TO-OCN:            importCplSetList(i=  2): __UNSPECIFIED__
20221025 102903.695 INFO             PET0       ATM-TO-OCN:      exportStandardNameList(j=  2): surface_net_downward_shortwave_flux
20221025 102903.695 INFO             PET0       ATM-TO-OCN:         exportNamespaceList(j=  2): OCN
20221025 102903.696 INFO             PET0       ATM-TO-OCN:            exportCplSetList(j=  2): __UNSPECIFIED__
20221025 102903.696 INFO             PET0       ATM-TO-OCN: bondLevel= 1
20221025 102903.696 INFO             PET0       ATM-TO-OCN: ProducerConnection (bondLevelMax):         1
20221025 102903.696 INFO             PET0     ATM-TO-OCN: InitializeIPDv05p2a extro.
20221025 102903.696 INFO             PET0     OCN-TO-ATM: InitializeIPDv05p2a intro.
20221025 102903.701 INFO             PET0       OCN-TO-ATM:      importStandardNameList(i=  1): sea_surface_temperature
20221025 102903.701 INFO             PET0       OCN-TO-ATM:         importNamespaceList(i=  1): OCN
20221025 102903.701 INFO             PET0       OCN-TO-ATM:            importCplSetList(i=  1): __UNSPECIFIED__
20221025 102903.701 INFO             PET0       OCN-TO-ATM:      exportStandardNameList(j=  1): sea_surface_temperature
20221025 102903.701 INFO             PET0       OCN-TO-ATM:         exportNamespaceList(j=  1): ATM
20221025 102903.701 INFO             PET0       OCN-TO-ATM:            exportCplSetList(j=  1): __UNSPECIFIED__
20221025 102903.701 INFO             PET0       OCN-TO-ATM: bondLevel= 1
20221025 102903.701 INFO             PET0       OCN-TO-ATM: ProducerConnection (bondLevelMax):         1
20221025 102903.701 INFO             PET0     OCN-TO-ATM: InitializeIPDv05p2a extro.
20221025 102903.701 INFO             PET0     ATM-TO-OCN: InitializeIPDv05p2b intro.
20221025 102903.708 INFO             PET0       ATM-TO-OCN:      importStandardNameList(i=  1): air_pressure_at_sea_level
20221025 102903.708 INFO             PET0       ATM-TO-OCN:         importNamespaceList(i=  1): ATM
20221025 102903.708 INFO             PET0       ATM-TO-OCN:            importCplSetList(i=  1): __UNSPECIFIED__
20221025 102903.708 INFO             PET0       ATM-TO-OCN:      exportStandardNameList(j=  1): air_pressure_at_sea_level
20221025 102903.708 INFO             PET0       ATM-TO-OCN:         exportNamespaceList(j=  1): OCN
20221025 102903.708 INFO             PET0       ATM-TO-OCN:            exportCplSetList(j=  1): __UNSPECIFIED__
20221025 102903.708 INFO             PET0       ATM-TO-OCN: bondLevel= 1
20221025 102903.708 INFO             PET0       ATM-TO-OCN: => added cplList(  1)=air_pressure_at_sea_level, cplSetList(  1)=__UNSPECIFIED__
20221025 102903.708 INFO             PET0       ATM-TO-OCN:      importStandardNameList(i=  2): surface_net_downward_shortwave_flux
20221025 102903.708 INFO             PET0       ATM-TO-OCN:         importNamespaceList(i=  2): ATM
20221025 102903.708 INFO             PET0       ATM-TO-OCN:            importCplSetList(i=  2): __UNSPECIFIED__
20221025 102903.708 INFO             PET0       ATM-TO-OCN:      exportStandardNameList(j=  2): surface_net_downward_shortwave_flux
20221025 102903.708 INFO             PET0       ATM-TO-OCN:         exportNamespaceList(j=  2): OCN
20221025 102903.708 INFO             PET0       ATM-TO-OCN:            exportCplSetList(j=  2): __UNSPECIFIED__
20221025 102903.708 INFO             PET0       ATM-TO-OCN: bondLevel= 1
20221025 102903.708 INFO             PET0       ATM-TO-OCN: => added cplList(  2)=surface_net_downward_shortwave_flux, cplSetList(  2)=__UNSPECIFIED__
20221025 102903.708 INFO             PET0     ATM-TO-OCN: InitializeIPDv05p2b extro.
20221025 102903.709 INFO             PET0     OCN-TO-ATM: InitializeIPDv05p2b intro.
20221025 102903.714 INFO             PET0       OCN-TO-ATM:      importStandardNameList(i=  1): sea_surface_temperature
20221025 102903.714 INFO             PET0       OCN-TO-ATM:         importNamespaceList(i=  1): OCN
20221025 102903.714 INFO             PET0       OCN-TO-ATM:            importCplSetList(i=  1): __UNSPECIFIED__
20221025 102903.714 INFO             PET0       OCN-TO-ATM:      exportStandardNameList(j=  1): sea_surface_temperature
20221025 102903.714 INFO             PET0       OCN-TO-ATM:         exportNamespaceList(j=  1): ATM
20221025 102903.714 INFO             PET0       OCN-TO-ATM:            exportCplSetList(j=  1): __UNSPECIFIED__
20221025 102903.714 INFO             PET0       OCN-TO-ATM: bondLevel= 1
20221025 102903.714 INFO             PET0       OCN-TO-ATM: => added cplList(  1)=sea_surface_temperature, cplSetList(  1)=__UNSPECIFIED__
20221025 102903.714 INFO             PET0     OCN-TO-ATM: InitializeIPDv05p2b extro.
20221025 102903.714 INFO             PET0     esm: IInitModifyCplLists intro.
20221025 102903.714 INFO             PET0     esm: IInitModifyCplLists extro.
20221025 102903.714 INFO             PET0     ATM-TO-OCN: InitializeIPDv05p3 intro.
20221025 102903.722 INFO             PET0       ATM-TO-OCN: handle cplList(1): air_pressure_at_sea_level, cplSetList(1): __UNSPECIFIED__
20221025 102903.722 INFO             PET0       ATM-TO-OCN: - connected.
20221025 102903.722 INFO             PET0       ATM-TO-OCN: - import side may accept, export side must provide the Field/GeomObject.
20221025 102903.722 INFO             PET0       ATM-TO-OCN: - combination of provider and acceptor VM supports Field and/or GeomObject sharing between them.
20221025 102903.722 INFO             PET0       ATM-TO-OCN: - at least one side does not want to share the GeomObject -> not shared (isharePolicy=not share & esharePolicy=share)
20221025 102903.722 INFO             PET0       ATM-TO-OCN: - at least one side does not want to share the Field -> not shared (isharePolicy=not share & esharePolicy=not share)
20221025 102903.722 INFO             PET0       ATM-TO-OCN: handle cplList(2): surface_net_downward_shortwave_flux, cplSetList(2): __UNSPECIFIED__
20221025 102903.722 INFO             PET0       ATM-TO-OCN: - connected.
20221025 102903.722 INFO             PET0       ATM-TO-OCN: - import side may accept, export side must provide the Field/GeomObject.
20221025 102903.722 INFO             PET0       ATM-TO-OCN: - combination of provider and acceptor VM supports Field and/or GeomObject sharing between them.
20221025 102903.722 INFO             PET0       ATM-TO-OCN: - both sides want to share the GeomObject -> shared.
20221025 102903.722 INFO             PET0       ATM-TO-OCN: - both sides want to share the Field -> shared.
20221025 102903.722 INFO             PET0     ATM-TO-OCN: InitializeIPDv05p3 extro.
20221025 102903.723 INFO             PET0     OCN-TO-ATM: InitializeIPDv05p3 intro.
20221025 102903.728 INFO             PET0       OCN-TO-ATM: handle cplList(1): sea_surface_temperature, cplSetList(1): __UNSPECIFIED__
20221025 102903.728 INFO             PET0       OCN-TO-ATM: - connected.
20221025 102903.728 INFO             PET0       OCN-TO-ATM: - both sides must provide the Field/GeomObject.
20221025 102903.728 INFO             PET0     OCN-TO-ATM: InitializeIPDv05p3 extro.
20221025 102903.728 INFO             PET0     <<<esm: leaving Initialize (phase=<none>) with current time: 2010  6  1  0  0  0   0
20221025 102903.728 INFO             PET0   esm: InitializeIPDv02p1 extro.
20221025 102903.728 INFO             PET0   esm: InitializeIPDv02p3 intro.
20221025 102903.728 INFO             PET0     >>>esm: entered Initialize (phase=<none>) with current time: 2010  6  1  0  0  0   0
20221025 102903.728 INFO             PET0     esm: IInitCheck intro.
20221025 102903.728 INFO             PET0     esm: IInitCheck extro.
20221025 102903.729 INFO             PET0     ATM: InitializeIPDvXp04 intro.
20221025 102903.729 INFO             PET0       >>>ATM: entered Initialize (phase=IPDvXp04) without valid internal Clock.
20221025 102903.732 INFO             PET0       <<<ATM: leaving Initialize (phase=IPDvXp04) without valid internal Clock.
20221025 102903.732 INFO             PET0     ATM: InitializeIPDvXp04 extro.
20221025 102903.734 INFO             PET0     OCN: InitializeIPDvXp04 intro.
20221025 102903.734 INFO             PET0       >>>OCN: entered Initialize (phase=IPDvXp04) without valid internal Clock.
20221025 102903.740 INFO             PET0       <<<OCN: leaving Initialize (phase=IPDvXp04) without valid internal Clock.
20221025 102903.740 INFO             PET0     OCN: InitializeIPDvXp04 extro.
20221025 102903.741 INFO             PET0     ATM-TO-OCN: InitializeIPDv05p4 intro.
20221025 102903.751 INFO             PET0       ATM-TO-OCN: handle cplList(1): air_pressure_at_sea_level, cplSetList(1): __UNSPECIFIED__
20221025 102903.751 INFO             PET0       ATM-TO-OCN: - import ShareStatusGeomObject=not shared
20221025 102903.751 INFO             PET0       ATM-TO-OCN: - export ShareStatusGeomObject=not shared
20221025 102903.751 INFO             PET0       ATM-TO-OCN: -> NOT sharing GeomObject
20221025 102903.751 INFO             PET0       ATM-TO-OCN: - import ShareStatusField=not shared
20221025 102903.751 INFO             PET0       ATM-TO-OCN: - export ShareStatusField=not shared
20221025 102903.751 INFO             PET0       ATM-TO-OCN: -> NOT sharing Field.
20221025 102903.751 INFO             PET0       ATM-TO-OCN:  gridListMatch=  F for provider Grid: Grid005
20221025 102903.751 INFO             PET0       ATM-TO-OCN: - transferring underlying DistGrid (import <- export) for Grid: Grid005
20221025 102903.751 INFO             PET0       ATM-TO-OCN: - done creating acceptorDG from providerDG
20221025 102903.751 INFO             PET0       ATM-TO-OCN: - done transferring underlying DistGrid
20221025 102903.752 INFO             PET0       ATM-TO-OCN: handle cplList(2): surface_net_downward_shortwave_flux, cplSetList(2): __UNSPECIFIED__
20221025 102903.752 INFO             PET0       ATM-TO-OCN: - import ShareStatusGeomObject=shared
20221025 102903.752 INFO             PET0       ATM-TO-OCN: - export ShareStatusGeomObject=shared
20221025 102903.752 INFO             PET0       ATM-TO-OCN: -> sharing GeomObject
20221025 102903.752 INFO             PET0       ATM-TO-OCN: - import ShareStatusField=shared
20221025 102903.752 INFO             PET0       ATM-TO-OCN: - export ShareStatusField=shared
20221025 102903.752 INFO             PET0       ATM-TO-OCN: -> sharing Field.
20221025 102903.756 INFO             PET0       ATM-TO-OCN: - Grid-based acceptorField created and realized, reference sharing with providerField
20221025 102903.756 INFO             PET0     ATM-TO-OCN: InitializeIPDv05p4 extro.
20221025 102903.756 INFO             PET0     OCN-TO-ATM: InitializeIPDv05p4 intro.
20221025 102903.764 INFO             PET0       OCN-TO-ATM: handle cplList(1): sea_surface_temperature, cplSetList(1): __UNSPECIFIED__
20221025 102903.764 INFO             PET0       OCN-TO-ATM: - nothing shared or transferred
20221025 102903.764 INFO             PET0     OCN-TO-ATM: InitializeIPDv05p4 extro.
20221025 102903.764 INFO             PET0     ATM-TO-OCN: InitializeIPDv05p5 intro.
20221025 102903.775 INFO             PET0       ATM-TO-OCN: handle cplList(1): air_pressure_at_sea_level, cplSetList(1): __UNSPECIFIED__
20221025 102903.775 INFO             PET0       ATM-TO-OCN: - import ShareStatusGeomObject=not shared
20221025 102903.775 INFO             PET0       ATM-TO-OCN: - export ShareStatusGeomObject=not shared
20221025 102903.775 INFO             PET0       ATM-TO-OCN: -> NOT sharing GeomObject
20221025 102903.775 INFO             PET0       ATM-TO-OCN: - import ShareStatusField=not shared
20221025 102903.775 INFO             PET0       ATM-TO-OCN: - export ShareStatusField=not shared
20221025 102903.775 INFO             PET0       ATM-TO-OCN: -> NOT sharing Field
20221025 102903.775 INFO             PET0       ATM-TO-OCN:  gridListMatch=  F for acceptor Grid: Grid005
20221025 102903.775 INFO             PET0       ATM-TO-OCN: - transferring the full geomobject with coordinates (import <- export) for Grid: Grid005
20221025 102903.804 INFO             PET0       ATM-TO-OCN: - done transferring the full Grid with coordinates
20221025 102903.804 INFO             PET0       ATM-TO-OCN: handle cplList(2): surface_net_downward_shortwave_flux, cplSetList(2): __UNSPECIFIED__
20221025 102903.804 INFO             PET0       ATM-TO-OCN: - nothing shared or transferred, or may already be handled
20221025 102903.804 DEBUG            PET0       about to destroy Grid: 0x2aefde0
20221025 102903.804 INFO             PET0     ATM-TO-OCN: InitializeIPDv05p5 extro.
20221025 102903.804 INFO             PET0     OCN-TO-ATM: InitializeIPDv05p5 intro.
20221025 102903.811 INFO             PET0       OCN-TO-ATM: handle cplList(1): sea_surface_temperature, cplSetList(1): __UNSPECIFIED__
20221025 102903.811 INFO             PET0       OCN-TO-ATM: - nothing shared or transferred, or may already be handled
20221025 102903.811 INFO             PET0     OCN-TO-ATM: InitializeIPDv05p5 extro.
20221025 102903.812 INFO             PET0     esm: IInitRealize intro.
20221025 102903.812 INFO             PET0     esm: IInitRealize extro.
20221025 102903.824 INFO             PET0     ATM: InitializeIPDvXp06 intro.
20221025 102903.824 INFO             PET0       >>>ATM: entered Initialize (phase=IPDvXp06) without valid internal Clock.
20221025 102903.825 INFO             PET0       <<<ATM: leaving Initialize (phase=IPDvXp06) without valid internal Clock.
20221025 102903.825 INFO             PET0     ATM: InitializeIPDvXp06 extro.
20221025 102903.826 INFO             PET0     ATM-TO-OCN: InitializeIPDv05p6a intro.
20221025 102903.837 INFO             PET0     ATM-TO-OCN: InitializeIPDv05p6a extro.
20221025 102903.838 INFO             PET0     OCN-TO-ATM: InitializeIPDv05p6a intro.
20221025 102903.562 INFO             PET1 !!!!!!!!!!!!!!!!!!!!!!!!!!!!!!!!!!!!!!!!!!!!!!!!!!!!!!
20221025 102903.562 INFO             PET1 !!! THE ESMF_LOG IS SET TO OUTPUT ALL LOG MESSAGES !!!
20221025 102903.562 INFO             PET1 !!!     THIS MAY CAUSE SLOWDOWN IN PERFORMANCE     !!!
20221025 102903.562 INFO             PET1 !!! FOR PRODUCTION RUNS, USE:                      !!!
20221025 102903.562 INFO             PET1 !!!                   ESMF_LOGKIND_Multi_On_Error  !!!
20221025 102903.562 INFO             PET1 !!!!!!!!!!!!!!!!!!!!!!!!!!!!!!!!!!!!!!!!!!!!!!!!!!!!!!
20221025 102903.562 INFO             PET1 Running with ESMF Version   : v8.4.0
20221025 102903.562 INFO             PET1 ESMF library build date/time: "Oct 25 2022" "08:45:02"
20221025 102903.562 INFO             PET1 ESMF library build location : /glade/scratch/theurich/ESMF-Nightly-Testing/nvhpc_22.2_mpt_g_v8.4.0/esmf
20221025 102903.562 INFO             PET1 ESMF_COMM                   : mpt
20221025 102903.562 INFO             PET1 ESMF_MOAB                   : enabled
20221025 102903.562 INFO             PET1 ESMF_LAPACK                 : enabled
20221025 102903.562 INFO             PET1 ESMF_NETCDF                 : enabled
20221025 102903.562 INFO             PET1 ESMF_PNETCDF                : disabled
20221025 102903.562 INFO             PET1 ESMF_PIO                    : enabled
20221025 102903.562 INFO             PET1 ESMF_YAMLCPP                : enabled
20221025 102903.562 INFO             PET1 esmApp STARTING
20221025 102903.568 INFO             PET1 esm: InitializeGeneric intro.
20221025 102903.568 INFO             PET1   esm: InitializeP0 intro.
20221025 102903.568 INFO             PET1   esm: InitializeP0 extro.
20221025 102903.569 INFO             PET1   esm: InitializeIPDv02p1 intro.
20221025 102903.569 INFO             PET1     >>>esm: entered Initialize (phase=<none>) without valid internal Clock.
20221025 102903.569 INFO             PET1     esm - Creating model component ATM without petList.
20221025 102903.569 DEBUG            PET1     Generic SetVM() is executing for: ATM
20221025 102903.569 DEBUG            PET1     Generic SetVM() is calling ESMF_GridCompSetVMMaxPEs() for: ATM with:
20221025 102903.569 DEBUG            PET1      -             MaxCount =          2
20221025 102903.569 DEBUG            PET1      -       OpenMpHandling =
20221025 102903.569 DEBUG            PET1      -     OpenMpNumThreads =         -1
20221025 102903.569 DEBUG            PET1      -   ForceChildPthreads =          F
20221025 102903.569 DEBUG            PET1      -  PthreadMinStackSize =         -1
20221025 102903.570 DEBUG            PET1     vmkt_create()#201 Pthread: service=1 (0: actual PET, 1: service thread) - PTHREAD_STACK_MIN: 16384 bytes stack_size: 4194304 bytes
20221025 102903.570 DEBUG            PET1     vmkt_create()#201 Pthread: service=1 (0: actual PET, 1: service thread) - PTHREAD_STACK_MIN: 16384 bytes stack_size: 4194304 bytes
20221025 102903.574 INFO             PET1     esm - Creating model component OCN without petList.
20221025 102903.574 DEBUG            PET1     Generic SetVM() is executing for: OCN
20221025 102903.574 DEBUG            PET1     Generic SetVM() is calling ESMF_GridCompSetVMMaxPEs() for: OCN with:
20221025 102903.574 DEBUG            PET1      -             MaxCount =          4
20221025 102903.574 DEBUG            PET1      -       OpenMpHandling =
20221025 102903.574 DEBUG            PET1      -     OpenMpNumThreads =         -1
20221025 102903.574 DEBUG            PET1      -   ForceChildPthreads =          F
20221025 102903.574 DEBUG            PET1      -  PthreadMinStackSize =         -1
20221025 102903.574 DEBUG            PET1     vmkt_create()#201 Pthread: service=1 (0: actual PET, 1: service thread) - PTHREAD_STACK_MIN: 16384 bytes stack_size: 4194304 bytes
20221025 102903.574 DEBUG            PET1     vmkt_create()#201 Pthread: service=1 (0: actual PET, 1: service thread) - PTHREAD_STACK_MIN: 16384 bytes stack_size: 4194304 bytes
20221025 102903.578 INFO             PET1     esm - Creating connector component ATM-TO-OCN without petList.
20221025 102903.585 INFO             PET1     esm - Creating connector component OCN-TO-ATM without petList.
20221025 102903.592 INFO             PET1     esm - Creating state: modelComp 1 Import State
20221025 102903.593 INFO             PET1     esm - Creating state: modelComp 1 Export State
20221025 102903.595 INFO             PET1     esm - Creating state: modelComp 2 Import State
20221025 102903.595 INFO             PET1     esm - Creating state: modelComp 2 Export State
20221025 102903.630 INFO             PET1     ATM-TO-OCN: InitializeP0 intro.
20221025 102903.630 INFO             PET1     ATM-TO-OCN: InitializeP0 extro.
20221025 102903.631 INFO             PET1     OCN-TO-ATM: InitializeP0 intro.
20221025 102903.632 INFO             PET1     OCN-TO-ATM: InitializeP0 extro.
20221025 102903.634 INFO             PET1     esm: IInitAdvertise intro.
20221025 102903.634 INFO             PET1     esm: IInitAdvertise extro.
20221025 102903.661 INFO             PET1     ATM-TO-OCN: InitializeIPDv05p1 intro.
20221025 102903.666 INFO             PET1       ATM-TO-OCN: importState FieldTransferPolicy = transferNone
20221025 102903.667 INFO             PET1       ATM-TO-OCN: exportState FieldTransferPolicy = transferNone
20221025 102903.667 INFO             PET1     ATM-TO-OCN: InitializeIPDv05p1 extro.
20221025 102903.667 INFO             PET1     OCN-TO-ATM: InitializeIPDv05p1 intro.
20221025 102903.674 INFO             PET1       OCN-TO-ATM: importState FieldTransferPolicy = transferNone
20221025 102903.674 INFO             PET1       OCN-TO-ATM: exportState FieldTransferPolicy = transferNone
20221025 102903.674 INFO             PET1     OCN-TO-ATM: InitializeIPDv05p1 extro.
20221025 102903.674 INFO             PET1     esm: IInitAdvertiseFinish intro.
20221025 102903.674 INFO             PET1     esm: IInitAdvertiseFinish extro.
20221025 102903.688 INFO             PET1     ATM-TO-OCN: InitializeIPDv05p2a intro.
20221025 102903.696 INFO             PET1       ATM-TO-OCN:      importStandardNameList(i=  1): air_pressure_at_sea_level
20221025 102903.696 INFO             PET1       ATM-TO-OCN:         importNamespaceList(i=  1): ATM
20221025 102903.696 INFO             PET1       ATM-TO-OCN:            importCplSetList(i=  1): __UNSPECIFIED__
20221025 102903.696 INFO             PET1       ATM-TO-OCN:      exportStandardNameList(j=  1): air_pressure_at_sea_level
20221025 102903.696 INFO             PET1       ATM-TO-OCN:         exportNamespaceList(j=  1): OCN
20221025 102903.696 INFO             PET1       ATM-TO-OCN:            exportCplSetList(j=  1): __UNSPECIFIED__
20221025 102903.696 INFO             PET1       ATM-TO-OCN: bondLevel= 1
20221025 102903.696 INFO             PET1       ATM-TO-OCN: ProducerConnection (bondLevelMax):         1
20221025 102903.696 INFO             PET1       ATM-TO-OCN:      importStandardNameList(i=  2): surface_net_downward_shortwave_flux
20221025 102903.696 INFO             PET1       ATM-TO-OCN:         importNamespaceList(i=  2): ATM
20221025 102903.696 INFO             PET1       ATM-TO-OCN:            importCplSetList(i=  2): __UNSPECIFIED__
20221025 102903.696 INFO             PET1       ATM-TO-OCN:      exportStandardNameList(j=  2): surface_net_downward_shortwave_flux
20221025 102903.696 INFO             PET1       ATM-TO-OCN:         exportNamespaceList(j=  2): OCN
20221025 102903.696 INFO             PET1       ATM-TO-OCN:            exportCplSetList(j=  2): __UNSPECIFIED__
20221025 102903.696 INFO             PET1       ATM-TO-OCN: bondLevel= 1
20221025 102903.696 INFO             PET1       ATM-TO-OCN: ProducerConnection (bondLevelMax):         1
20221025 102903.696 INFO             PET1     ATM-TO-OCN: InitializeIPDv05p2a extro.
20221025 102903.696 INFO             PET1     OCN-TO-ATM: InitializeIPDv05p2a intro.
20221025 102903.701 INFO             PET1       OCN-TO-ATM:      importStandardNameList(i=  1): sea_surface_temperature
20221025 102903.701 INFO             PET1       OCN-TO-ATM:         importNamespaceList(i=  1): OCN
20221025 102903.701 INFO             PET1       OCN-TO-ATM:            importCplSetList(i=  1): __UNSPECIFIED__
20221025 102903.701 INFO             PET1       OCN-TO-ATM:      exportStandardNameList(j=  1): sea_surface_temperature
20221025 102903.701 INFO             PET1       OCN-TO-ATM:         exportNamespaceList(j=  1): ATM
20221025 102903.701 INFO             PET1       OCN-TO-ATM:            exportCplSetList(j=  1): __UNSPECIFIED__
20221025 102903.701 INFO             PET1       OCN-TO-ATM: bondLevel= 1
20221025 102903.701 INFO             PET1       OCN-TO-ATM: ProducerConnection (bondLevelMax):         1
20221025 102903.701 INFO             PET1     OCN-TO-ATM: InitializeIPDv05p2a extro.
20221025 102903.701 INFO             PET1     ATM-TO-OCN: InitializeIPDv05p2b intro.
20221025 102903.708 INFO             PET1       ATM-TO-OCN:      importStandardNameList(i=  1): air_pressure_at_sea_level
20221025 102903.708 INFO             PET1       ATM-TO-OCN:         importNamespaceList(i=  1): ATM
20221025 102903.708 INFO             PET1       ATM-TO-OCN:            importCplSetList(i=  1): __UNSPECIFIED__
20221025 102903.708 INFO             PET1       ATM-TO-OCN:      exportStandardNameList(j=  1): air_pressure_at_sea_level
20221025 102903.708 INFO             PET1       ATM-TO-OCN:         exportNamespaceList(j=  1): OCN
20221025 102903.708 INFO             PET1       ATM-TO-OCN:            exportCplSetList(j=  1): __UNSPECIFIED__
20221025 102903.708 INFO             PET1       ATM-TO-OCN: bondLevel= 1
20221025 102903.708 INFO             PET1       ATM-TO-OCN: => added cplList(  1)=air_pressure_at_sea_level, cplSetList(  1)=__UNSPECIFIED__
20221025 102903.708 INFO             PET1       ATM-TO-OCN:      importStandardNameList(i=  2): surface_net_downward_shortwave_flux
20221025 102903.708 INFO             PET1       ATM-TO-OCN:         importNamespaceList(i=  2): ATM
20221025 102903.708 INFO             PET1       ATM-TO-OCN:            importCplSetList(i=  2): __UNSPECIFIED__
20221025 102903.708 INFO             PET1       ATM-TO-OCN:      exportStandardNameList(j=  2): surface_net_downward_shortwave_flux
20221025 102903.708 INFO             PET1       ATM-TO-OCN:         exportNamespaceList(j=  2): OCN
20221025 102903.708 INFO             PET1       ATM-TO-OCN:            exportCplSetList(j=  2): __UNSPECIFIED__
20221025 102903.708 INFO             PET1       ATM-TO-OCN: bondLevel= 1
20221025 102903.708 INFO             PET1       ATM-TO-OCN: => added cplList(  2)=surface_net_downward_shortwave_flux, cplSetList(  2)=__UNSPECIFIED__
20221025 102903.708 INFO             PET1     ATM-TO-OCN: InitializeIPDv05p2b extro.
20221025 102903.709 INFO             PET1     OCN-TO-ATM: InitializeIPDv05p2b intro.
20221025 102903.714 INFO             PET1       OCN-TO-ATM:      importStandardNameList(i=  1): sea_surface_temperature
20221025 102903.714 INFO             PET1       OCN-TO-ATM:         importNamespaceList(i=  1): OCN
20221025 102903.714 INFO             PET1       OCN-TO-ATM:            importCplSetList(i=  1): __UNSPECIFIED__
20221025 102903.714 INFO             PET1       OCN-TO-ATM:      exportStandardNameList(j=  1): sea_surface_temperature
20221025 102903.714 INFO             PET1       OCN-TO-ATM:         exportNamespaceList(j=  1): ATM
20221025 102903.714 INFO             PET1       OCN-TO-ATM:            exportCplSetList(j=  1): __UNSPECIFIED__
20221025 102903.714 INFO             PET1       OCN-TO-ATM: bondLevel= 1
20221025 102903.714 INFO             PET1       OCN-TO-ATM: => added cplList(  1)=sea_surface_temperature, cplSetList(  1)=__UNSPECIFIED__
20221025 102903.714 INFO             PET1     OCN-TO-ATM: InitializeIPDv05p2b extro.
20221025 102903.714 INFO             PET1     esm: IInitModifyCplLists intro.
20221025 102903.714 INFO             PET1     esm: IInitModifyCplLists extro.
20221025 102903.714 INFO             PET1     ATM-TO-OCN: InitializeIPDv05p3 intro.
20221025 102903.722 INFO             PET1       ATM-TO-OCN: handle cplList(1): air_pressure_at_sea_level, cplSetList(1): __UNSPECIFIED__
20221025 102903.722 INFO             PET1       ATM-TO-OCN: - connected.
20221025 102903.722 INFO             PET1       ATM-TO-OCN: - import side may accept, export side must provide the Field/GeomObject.
20221025 102903.722 INFO             PET1       ATM-TO-OCN: - combination of provider and acceptor VM supports Field and/or GeomObject sharing between them.
20221025 102903.722 INFO             PET1       ATM-TO-OCN: - at least one side does not want to share the GeomObject -> not shared (isharePolicy=not share & esharePolicy=share)
20221025 102903.722 INFO             PET1       ATM-TO-OCN: - at least one side does not want to share the Field -> not shared (isharePolicy=not share & esharePolicy=not share)
20221025 102903.722 INFO             PET1       ATM-TO-OCN: handle cplList(2): surface_net_downward_shortwave_flux, cplSetList(2): __UNSPECIFIED__
20221025 102903.722 INFO             PET1       ATM-TO-OCN: - connected.
20221025 102903.722 INFO             PET1       ATM-TO-OCN: - import side may accept, export side must provide the Field/GeomObject.
20221025 102903.722 INFO             PET1       ATM-TO-OCN: - combination of provider and acceptor VM supports Field and/or GeomObject sharing between them.
20221025 102903.722 INFO             PET1       ATM-TO-OCN: - both sides want to share the GeomObject -> shared.
20221025 102903.722 INFO             PET1       ATM-TO-OCN: - both sides want to share the Field -> shared.
20221025 102903.722 INFO             PET1     ATM-TO-OCN: InitializeIPDv05p3 extro.
20221025 102903.723 INFO             PET1     OCN-TO-ATM: InitializeIPDv05p3 intro.
20221025 102903.728 INFO             PET1       OCN-TO-ATM: handle cplList(1): sea_surface_temperature, cplSetList(1): __UNSPECIFIED__
20221025 102903.728 INFO             PET1       OCN-TO-ATM: - connected.
20221025 102903.728 INFO             PET1       OCN-TO-ATM: - both sides must provide the Field/GeomObject.
20221025 102903.728 INFO             PET1     OCN-TO-ATM: InitializeIPDv05p3 extro.
20221025 102903.728 INFO             PET1     <<<esm: leaving Initialize (phase=<none>) with current time: 2010  6  1  0  0  0   0
20221025 102903.728 INFO             PET1   esm: InitializeIPDv02p1 extro.
20221025 102903.728 INFO             PET1   esm: InitializeIPDv02p3 intro.
20221025 102903.728 INFO             PET1     >>>esm: entered Initialize (phase=<none>) with current time: 2010  6  1  0  0  0   0
20221025 102903.728 INFO             PET1     esm: IInitCheck intro.
20221025 102903.728 INFO             PET1     esm: IInitCheck extro.
20221025 102903.742 INFO             PET1     ATM-TO-OCN: InitializeIPDv05p4 intro.
20221025 102903.751 INFO             PET1       ATM-TO-OCN: handle cplList(1): air_pressure_at_sea_level, cplSetList(1): __UNSPECIFIED__
20221025 102903.751 INFO             PET1       ATM-TO-OCN: - import ShareStatusGeomObject=not shared
20221025 102903.751 INFO             PET1       ATM-TO-OCN: - export ShareStatusGeomObject=not shared
20221025 102903.751 INFO             PET1       ATM-TO-OCN: -> NOT sharing GeomObject
20221025 102903.751 INFO             PET1       ATM-TO-OCN: - import ShareStatusField=not shared
20221025 102903.751 INFO             PET1       ATM-TO-OCN: - export ShareStatusField=not shared
20221025 102903.751 INFO             PET1       ATM-TO-OCN: -> NOT sharing Field.
20221025 102903.751 INFO             PET1       ATM-TO-OCN:  gridListMatch=  F for provider Grid: Grid005
20221025 102903.751 INFO             PET1       ATM-TO-OCN: - transferring underlying DistGrid (import <- export) for Grid: Grid005
20221025 102903.751 INFO             PET1       ATM-TO-OCN: - done creating acceptorDG from providerDG
20221025 102903.751 INFO             PET1       ATM-TO-OCN: - done transferring underlying DistGrid
20221025 102903.752 INFO             PET1       ATM-TO-OCN: handle cplList(2): surface_net_downward_shortwave_flux, cplSetList(2): __UNSPECIFIED__
20221025 102903.752 INFO             PET1       ATM-TO-OCN: - import ShareStatusGeomObject=shared
20221025 102903.752 INFO             PET1       ATM-TO-OCN: - export ShareStatusGeomObject=shared
20221025 102903.752 INFO             PET1       ATM-TO-OCN: -> sharing GeomObject
20221025 102903.752 INFO             PET1       ATM-TO-OCN: - import ShareStatusField=shared
20221025 102903.752 INFO             PET1       ATM-TO-OCN: - export ShareStatusField=shared
20221025 102903.752 INFO             PET1       ATM-TO-OCN: -> sharing Field.
20221025 102903.756 INFO             PET1       ATM-TO-OCN: - Grid-based acceptorField created and realized, reference sharing with providerField
20221025 102903.756 INFO             PET1     ATM-TO-OCN: InitializeIPDv05p4 extro.
20221025 102903.756 INFO             PET1     OCN-TO-ATM: InitializeIPDv05p4 intro.
20221025 102903.764 INFO             PET1       OCN-TO-ATM: handle cplList(1): sea_surface_temperature, cplSetList(1): __UNSPECIFIED__
20221025 102903.764 INFO             PET1       OCN-TO-ATM: - nothing shared or transferred
20221025 102903.764 INFO             PET1     OCN-TO-ATM: InitializeIPDv05p4 extro.
20221025 102903.764 INFO             PET1     ATM-TO-OCN: InitializeIPDv05p5 intro.
20221025 102903.775 INFO             PET1       ATM-TO-OCN: handle cplList(1): air_pressure_at_sea_level, cplSetList(1): __UNSPECIFIED__
20221025 102903.775 INFO             PET1       ATM-TO-OCN: - import ShareStatusGeomObject=not shared
20221025 102903.775 INFO             PET1       ATM-TO-OCN: - export ShareStatusGeomObject=not shared
20221025 102903.775 INFO             PET1       ATM-TO-OCN: -> NOT sharing GeomObject
20221025 102903.775 INFO             PET1       ATM-TO-OCN: - import ShareStatusField=not shared
20221025 102903.775 INFO             PET1       ATM-TO-OCN: - export ShareStatusField=not shared
20221025 102903.775 INFO             PET1       ATM-TO-OCN: -> NOT sharing Field
20221025 102903.775 INFO             PET1       ATM-TO-OCN:  gridListMatch=  F for acceptor Grid: Grid005
20221025 102903.775 INFO             PET1       ATM-TO-OCN: - transferring the full geomobject with coordinates (import <- export) for Grid: Grid005
20221025 102903.804 INFO             PET1       ATM-TO-OCN: - done transferring the full Grid with coordinates
20221025 102903.804 INFO             PET1       ATM-TO-OCN: handle cplList(2): surface_net_downward_shortwave_flux, cplSetList(2): __UNSPECIFIED__
20221025 102903.804 INFO             PET1       ATM-TO-OCN: - nothing shared or transferred, or may already be handled
20221025 102903.804 DEBUG            PET1       about to destroy Grid: 0x2a382c0
20221025 102903.804 INFO             PET1     ATM-TO-OCN: InitializeIPDv05p5 extro.
20221025 102903.804 INFO             PET1     OCN-TO-ATM: InitializeIPDv05p5 intro.
20221025 102903.811 INFO             PET1       OCN-TO-ATM: handle cplList(1): sea_surface_temperature, cplSetList(1): __UNSPECIFIED__
20221025 102903.811 INFO             PET1       OCN-TO-ATM: - nothing shared or transferred, or may already be handled
20221025 102903.811 INFO             PET1     OCN-TO-ATM: InitializeIPDv05p5 extro.
20221025 102903.812 INFO             PET1     esm: IInitRealize intro.
20221025 102903.812 INFO             PET1     esm: IInitRealize extro.
20221025 102903.826 INFO             PET1     ATM-TO-OCN: InitializeIPDv05p6a intro.
20221025 102903.837 INFO             PET1     ATM-TO-OCN: InitializeIPDv05p6a extro.
20221025 102903.838 INFO             PET1     OCN-TO-ATM: InitializeIPDv05p6a intro.
20221025 102903.562 INFO             PET2 !!!!!!!!!!!!!!!!!!!!!!!!!!!!!!!!!!!!!!!!!!!!!!!!!!!!!!
20221025 102903.562 INFO             PET2 !!! THE ESMF_LOG IS SET TO OUTPUT ALL LOG MESSAGES !!!
20221025 102903.562 INFO             PET2 !!!     THIS MAY CAUSE SLOWDOWN IN PERFORMANCE     !!!
20221025 102903.562 INFO             PET2 !!! FOR PRODUCTION RUNS, USE:                      !!!
20221025 102903.562 INFO             PET2 !!!                   ESMF_LOGKIND_Multi_On_Error  !!!
20221025 102903.562 INFO             PET2 !!!!!!!!!!!!!!!!!!!!!!!!!!!!!!!!!!!!!!!!!!!!!!!!!!!!!!
20221025 102903.562 INFO             PET2 Running with ESMF Version   : v8.4.0
20221025 102903.562 INFO             PET2 ESMF library build date/time: "Oct 25 2022" "08:45:02"
20221025 102903.562 INFO             PET2 ESMF library build location : /glade/scratch/theurich/ESMF-Nightly-Testing/nvhpc_22.2_mpt_g_v8.4.0/esmf
20221025 102903.562 INFO             PET2 ESMF_COMM                   : mpt
20221025 102903.562 INFO             PET2 ESMF_MOAB                   : enabled
20221025 102903.562 INFO             PET2 ESMF_LAPACK                 : enabled
20221025 102903.562 INFO             PET2 ESMF_NETCDF                 : enabled
20221025 102903.562 INFO             PET2 ESMF_PNETCDF                : disabled
20221025 102903.562 INFO             PET2 ESMF_PIO                    : enabled
20221025 102903.562 INFO             PET2 ESMF_YAMLCPP                : enabled
20221025 102903.562 INFO             PET2 esmApp STARTING
20221025 102903.568 INFO             PET2 esm: InitializeGeneric intro.
20221025 102903.568 INFO             PET2   esm: InitializeP0 intro.
20221025 102903.568 INFO             PET2   esm: InitializeP0 extro.
20221025 102903.568 INFO             PET2   esm: InitializeIPDv02p1 intro.
20221025 102903.569 INFO             PET2     >>>esm: entered Initialize (phase=<none>) without valid internal Clock.
20221025 102903.569 INFO             PET2     esm - Creating model component ATM without petList.
20221025 102903.569 DEBUG            PET2     Generic SetVM() is executing for: ATM
20221025 102903.569 DEBUG            PET2     Generic SetVM() is calling ESMF_GridCompSetVMMaxPEs() for: ATM with:
20221025 102903.569 DEBUG            PET2      -             MaxCount =          2
20221025 102903.569 DEBUG            PET2      -       OpenMpHandling =
20221025 102903.569 DEBUG            PET2      -     OpenMpNumThreads =         -1
20221025 102903.569 DEBUG            PET2      -   ForceChildPthreads =          F
20221025 102903.569 DEBUG            PET2      -  PthreadMinStackSize =         -1
20221025 102903.574 INFO             PET2     esm - Creating model component OCN without petList.
20221025 102903.574 DEBUG            PET2     Generic SetVM() is executing for: OCN
20221025 102903.574 DEBUG            PET2     Generic SetVM() is calling ESMF_GridCompSetVMMaxPEs() for: OCN with:
20221025 102903.574 DEBUG            PET2      -             MaxCount =          4
20221025 102903.574 DEBUG            PET2      -       OpenMpHandling =
20221025 102903.574 DEBUG            PET2      -     OpenMpNumThreads =         -1
20221025 102903.574 DEBUG            PET2      -   ForceChildPthreads =          F
20221025 102903.574 DEBUG            PET2      -  PthreadMinStackSize =         -1
20221025 102903.574 DEBUG            PET2     vmkt_create()#201 Pthread: service=1 (0: actual PET, 1: service thread) - PTHREAD_STACK_MIN: 16384 bytes stack_size: 4194304 bytes
20221025 102903.574 DEBUG            PET2     vmkt_create()#201 Pthread: service=1 (0: actual PET, 1: service thread) - PTHREAD_STACK_MIN: 16384 bytes stack_size: 4194304 bytes
20221025 102903.578 INFO             PET2     esm - Creating connector component ATM-TO-OCN without petList.
20221025 102903.585 INFO             PET2     esm - Creating connector component OCN-TO-ATM without petList.
20221025 102903.592 INFO             PET2     esm - Creating state: modelComp 1 Import State
20221025 102903.592 INFO             PET2     esm - Creating state: modelComp 1 Export State
20221025 102903.593 INFO             PET2     esm - Creating state: modelComp 2 Import State
20221025 102903.593 INFO             PET2     esm - Creating state: modelComp 2 Export State
20221025 102903.596 INFO             PET2     ATM: InitializeP0 intro.
20221025 102903.596 INFO             PET2       >>>ATM: entered Initialize (phase=<none>) without valid internal Clock.
20221025 102903.598 INFO             PET2       <<<ATM: leaving Initialize (phase=<none>) without valid internal Clock.
20221025 102903.598 INFO             PET2     ATM: InitializeP0 extro.
20221025 102903.629 INFO             PET2     ATM-TO-OCN: InitializeP0 intro.
20221025 102903.630 INFO             PET2     ATM-TO-OCN: InitializeP0 extro.
20221025 102903.631 INFO             PET2     OCN-TO-ATM: InitializeP0 intro.
20221025 102903.632 INFO             PET2     OCN-TO-ATM: InitializeP0 extro.
20221025 102903.634 INFO             PET2     esm: IInitAdvertise intro.
20221025 102903.634 INFO             PET2     esm: IInitAdvertise extro.
20221025 102903.634 INFO             PET2     ATM: InitializeIPDvXp01 intro.
20221025 102903.634 INFO             PET2       >>>ATM: entered Initialize (phase=IPDvXp01) without valid internal Clock.
20221025 102903.636 INFO             PET2       <<<ATM: leaving Initialize (phase=IPDvXp01) without valid internal Clock.
20221025 102903.636 INFO             PET2     ATM: InitializeIPDvXp01 extro.
20221025 102903.661 INFO             PET2     ATM-TO-OCN: InitializeIPDv05p1 intro.
20221025 102903.666 INFO             PET2       ATM-TO-OCN: importState FieldTransferPolicy = transferAll
20221025 102903.666 INFO             PET2       ATM-TO-OCN: exportState FieldTransferPolicy = transferNone
20221025 102903.667 INFO             PET2       ATM-TO-OCN: mirroring: air_pressure_at_sea_level into acceptorState: modelComp 1 Export State
20221025 102903.668 INFO             PET2       ATM-TO-OCN: mirroring: surface_net_downward_shortwave_flux into acceptorState: modelComp 1 Export State
20221025 102903.669 INFO             PET2     ATM-TO-OCN: InitializeIPDv05p1 extro.
20221025 102903.669 INFO             PET2     OCN-TO-ATM: InitializeIPDv05p1 intro.
20221025 102903.674 INFO             PET2       OCN-TO-ATM: importState FieldTransferPolicy = transferNone
20221025 102903.674 INFO             PET2       OCN-TO-ATM: exportState FieldTransferPolicy = transferNone
20221025 102903.674 INFO             PET2     OCN-TO-ATM: InitializeIPDv05p1 extro.
20221025 102903.674 INFO             PET2     esm: IInitAdvertiseFinish intro.
20221025 102903.674 INFO             PET2     esm: IInitAdvertiseFinish extro.
20221025 102903.675 INFO             PET2     ATM: InitializeIPDvXp02 intro.
20221025 102903.675 INFO             PET2       >>>ATM: entered Initialize (phase=IPDvXp02) without valid internal Clock.
20221025 102903.675 INFO             PET2       <<<ATM: leaving Initialize (phase=IPDvXp02) without valid internal Clock.
20221025 102903.675 INFO             PET2     ATM: InitializeIPDvXp02 extro.
20221025 102903.688 INFO             PET2     ATM-TO-OCN: InitializeIPDv05p2a intro.
20221025 102903.695 INFO             PET2       ATM-TO-OCN:      importStandardNameList(i=  1): air_pressure_at_sea_level
20221025 102903.695 INFO             PET2       ATM-TO-OCN:         importNamespaceList(i=  1): ATM
20221025 102903.695 INFO             PET2       ATM-TO-OCN:            importCplSetList(i=  1): __UNSPECIFIED__
20221025 102903.695 INFO             PET2       ATM-TO-OCN:      exportStandardNameList(j=  1): air_pressure_at_sea_level
20221025 102903.695 INFO             PET2       ATM-TO-OCN:         exportNamespaceList(j=  1): OCN
20221025 102903.695 INFO             PET2       ATM-TO-OCN:            exportCplSetList(j=  1): __UNSPECIFIED__
20221025 102903.695 INFO             PET2       ATM-TO-OCN: bondLevel= 1
20221025 102903.695 INFO             PET2       ATM-TO-OCN: ProducerConnection (bondLevelMax):         1
20221025 102903.695 INFO             PET2       ATM-TO-OCN:      importStandardNameList(i=  2): surface_net_downward_shortwave_flux
20221025 102903.695 INFO             PET2       ATM-TO-OCN:         importNamespaceList(i=  2): ATM
20221025 102903.695 INFO             PET2       ATM-TO-OCN:            importCplSetList(i=  2): __UNSPECIFIED__
20221025 102903.695 INFO             PET2       ATM-TO-OCN:      exportStandardNameList(j=  2): surface_net_downward_shortwave_flux
20221025 102903.695 INFO             PET2       ATM-TO-OCN:         exportNamespaceList(j=  2): OCN
20221025 102903.695 INFO             PET2       ATM-TO-OCN:            exportCplSetList(j=  2): __UNSPECIFIED__
20221025 102903.695 INFO             PET2       ATM-TO-OCN: bondLevel= 1
20221025 102903.695 INFO             PET2       ATM-TO-OCN: ProducerConnection (bondLevelMax):         1
20221025 102903.695 INFO             PET2     ATM-TO-OCN: InitializeIPDv05p2a extro.
20221025 102903.696 INFO             PET2     OCN-TO-ATM: InitializeIPDv05p2a intro.
20221025 102903.701 INFO             PET2       OCN-TO-ATM:      importStandardNameList(i=  1): sea_surface_temperature
20221025 102903.701 INFO             PET2       OCN-TO-ATM:         importNamespaceList(i=  1): OCN
20221025 102903.701 INFO             PET2       OCN-TO-ATM:            importCplSetList(i=  1): __UNSPECIFIED__
20221025 102903.701 INFO             PET2       OCN-TO-ATM:      exportStandardNameList(j=  1): sea_surface_temperature
20221025 102903.701 INFO             PET2       OCN-TO-ATM:         exportNamespaceList(j=  1): ATM
20221025 102903.701 INFO             PET2       OCN-TO-ATM:            exportCplSetList(j=  1): __UNSPECIFIED__
20221025 102903.701 INFO             PET2       OCN-TO-ATM: bondLevel= 1
20221025 102903.701 INFO             PET2       OCN-TO-ATM: ProducerConnection (bondLevelMax):         1
20221025 102903.701 INFO             PET2     OCN-TO-ATM: InitializeIPDv05p2a extro.
20221025 102903.701 INFO             PET2     ATM-TO-OCN: InitializeIPDv05p2b intro.
20221025 102903.708 INFO             PET2       ATM-TO-OCN:      importStandardNameList(i=  1): air_pressure_at_sea_level
20221025 102903.708 INFO             PET2       ATM-TO-OCN:         importNamespaceList(i=  1): ATM
20221025 102903.708 INFO             PET2       ATM-TO-OCN:            importCplSetList(i=  1): __UNSPECIFIED__
20221025 102903.708 INFO             PET2       ATM-TO-OCN:      exportStandardNameList(j=  1): air_pressure_at_sea_level
20221025 102903.708 INFO             PET2       ATM-TO-OCN:         exportNamespaceList(j=  1): OCN
20221025 102903.708 INFO             PET2       ATM-TO-OCN:            exportCplSetList(j=  1): __UNSPECIFIED__
20221025 102903.708 INFO             PET2       ATM-TO-OCN: bondLevel= 1
20221025 102903.708 INFO             PET2       ATM-TO-OCN: => added cplList(  1)=air_pressure_at_sea_level, cplSetList(  1)=__UNSPECIFIED__
20221025 102903.708 INFO             PET2       ATM-TO-OCN:      importStandardNameList(i=  2): surface_net_downward_shortwave_flux
20221025 102903.708 INFO             PET2       ATM-TO-OCN:         importNamespaceList(i=  2): ATM
20221025 102903.708 INFO             PET2       ATM-TO-OCN:            importCplSetList(i=  2): __UNSPECIFIED__
20221025 102903.708 INFO             PET2       ATM-TO-OCN:      exportStandardNameList(j=  2): surface_net_downward_shortwave_flux
20221025 102903.708 INFO             PET2       ATM-TO-OCN:         exportNamespaceList(j=  2): OCN
20221025 102903.708 INFO             PET2       ATM-TO-OCN:            exportCplSetList(j=  2): __UNSPECIFIED__
20221025 102903.708 INFO             PET2       ATM-TO-OCN: bondLevel= 1
20221025 102903.708 INFO             PET2       ATM-TO-OCN: => added cplList(  2)=surface_net_downward_shortwave_flux, cplSetList(  2)=__UNSPECIFIED__
20221025 102903.708 INFO             PET2     ATM-TO-OCN: InitializeIPDv05p2b extro.
20221025 102903.709 INFO             PET2     OCN-TO-ATM: InitializeIPDv05p2b intro.
20221025 102903.714 INFO             PET2       OCN-TO-ATM:      importStandardNameList(i=  1): sea_surface_temperature
20221025 102903.714 INFO             PET2       OCN-TO-ATM:         importNamespaceList(i=  1): OCN
20221025 102903.714 INFO             PET2       OCN-TO-ATM:            importCplSetList(i=  1): __UNSPECIFIED__
20221025 102903.714 INFO             PET2       OCN-TO-ATM:      exportStandardNameList(j=  1): sea_surface_temperature
20221025 102903.714 INFO             PET2       OCN-TO-ATM:         exportNamespaceList(j=  1): ATM
20221025 102903.714 INFO             PET2       OCN-TO-ATM:            exportCplSetList(j=  1): __UNSPECIFIED__
20221025 102903.714 INFO             PET2       OCN-TO-ATM: bondLevel= 1
20221025 102903.714 INFO             PET2       OCN-TO-ATM: => added cplList(  1)=sea_surface_temperature, cplSetList(  1)=__UNSPECIFIED__
20221025 102903.714 INFO             PET2     OCN-TO-ATM: InitializeIPDv05p2b extro.
20221025 102903.714 INFO             PET2     esm: IInitModifyCplLists intro.
20221025 102903.714 INFO             PET2     esm: IInitModifyCplLists extro.
20221025 102903.714 INFO             PET2     ATM-TO-OCN: InitializeIPDv05p3 intro.
20221025 102903.722 INFO             PET2       ATM-TO-OCN: handle cplList(1): air_pressure_at_sea_level, cplSetList(1): __UNSPECIFIED__
20221025 102903.722 INFO             PET2       ATM-TO-OCN: - connected.
20221025 102903.722 INFO             PET2       ATM-TO-OCN: - import side may accept, export side must provide the Field/GeomObject.
20221025 102903.722 INFO             PET2       ATM-TO-OCN: - combination of provider and acceptor VM supports Field and/or GeomObject sharing between them.
20221025 102903.722 INFO             PET2       ATM-TO-OCN: - at least one side does not want to share the GeomObject -> not shared (isharePolicy=not share & esharePolicy=share)
20221025 102903.722 INFO             PET2       ATM-TO-OCN: - at least one side does not want to share the Field -> not shared (isharePolicy=not share & esharePolicy=not share)
20221025 102903.722 INFO             PET2       ATM-TO-OCN: handle cplList(2): surface_net_downward_shortwave_flux, cplSetList(2): __UNSPECIFIED__
20221025 102903.722 INFO             PET2       ATM-TO-OCN: - connected.
20221025 102903.722 INFO             PET2       ATM-TO-OCN: - import side may accept, export side must provide the Field/GeomObject.
20221025 102903.722 INFO             PET2       ATM-TO-OCN: - combination of provider and acceptor VM supports Field and/or GeomObject sharing between them.
20221025 102903.722 INFO             PET2       ATM-TO-OCN: - both sides want to share the GeomObject -> shared.
20221025 102903.722 INFO             PET2       ATM-TO-OCN: - both sides want to share the Field -> shared.
20221025 102903.722 INFO             PET2     ATM-TO-OCN: InitializeIPDv05p3 extro.
20221025 102903.723 INFO             PET2     OCN-TO-ATM: InitializeIPDv05p3 intro.
20221025 102903.728 INFO             PET2       OCN-TO-ATM: handle cplList(1): sea_surface_temperature, cplSetList(1): __UNSPECIFIED__
20221025 102903.728 INFO             PET2       OCN-TO-ATM: - connected.
20221025 102903.728 INFO             PET2       OCN-TO-ATM: - both sides must provide the Field/GeomObject.
20221025 102903.728 INFO             PET2     OCN-TO-ATM: InitializeIPDv05p3 extro.
20221025 102903.728 INFO             PET2     <<<esm: leaving Initialize (phase=<none>) with current time: 2010  6  1  0  0  0   0
20221025 102903.728 INFO             PET2   esm: InitializeIPDv02p1 extro.
20221025 102903.728 INFO             PET2   esm: InitializeIPDv02p3 intro.
20221025 102903.728 INFO             PET2     >>>esm: entered Initialize (phase=<none>) with current time: 2010  6  1  0  0  0   0
20221025 102903.728 INFO             PET2     esm: IInitCheck intro.
20221025 102903.728 INFO             PET2     esm: IInitCheck extro.
20221025 102903.729 INFO             PET2     ATM: InitializeIPDvXp04 intro.
20221025 102903.729 INFO             PET2       >>>ATM: entered Initialize (phase=IPDvXp04) without valid internal Clock.
20221025 102903.732 INFO             PET2       <<<ATM: leaving Initialize (phase=IPDvXp04) without valid internal Clock.
20221025 102903.732 INFO             PET2     ATM: InitializeIPDvXp04 extro.
20221025 102903.742 INFO             PET2     ATM-TO-OCN: InitializeIPDv05p4 intro.
20221025 102903.751 INFO             PET2       ATM-TO-OCN: handle cplList(1): air_pressure_at_sea_level, cplSetList(1): __UNSPECIFIED__
20221025 102903.751 INFO             PET2       ATM-TO-OCN: - import ShareStatusGeomObject=not shared
20221025 102903.751 INFO             PET2       ATM-TO-OCN: - export ShareStatusGeomObject=not shared
20221025 102903.751 INFO             PET2       ATM-TO-OCN: -> NOT sharing GeomObject
20221025 102903.751 INFO             PET2       ATM-TO-OCN: - import ShareStatusField=not shared
20221025 102903.751 INFO             PET2       ATM-TO-OCN: - export ShareStatusField=not shared
20221025 102903.751 INFO             PET2       ATM-TO-OCN: -> NOT sharing Field.
20221025 102903.751 INFO             PET2       ATM-TO-OCN:  gridListMatch=  F for provider Grid: Grid005
20221025 102903.751 INFO             PET2       ATM-TO-OCN: - transferring underlying DistGrid (import <- export) for Grid: Grid005
20221025 102903.751 INFO             PET2       ATM-TO-OCN: - done creating acceptorDG from providerDG
20221025 102903.751 INFO             PET2       ATM-TO-OCN: - done transferring underlying DistGrid
20221025 102903.752 INFO             PET2       ATM-TO-OCN: handle cplList(2): surface_net_downward_shortwave_flux, cplSetList(2): __UNSPECIFIED__
20221025 102903.752 INFO             PET2       ATM-TO-OCN: - import ShareStatusGeomObject=shared
20221025 102903.752 INFO             PET2       ATM-TO-OCN: - export ShareStatusGeomObject=shared
20221025 102903.752 INFO             PET2       ATM-TO-OCN: -> sharing GeomObject
20221025 102903.752 INFO             PET2       ATM-TO-OCN: - import ShareStatusField=shared
20221025 102903.752 INFO             PET2       ATM-TO-OCN: - export ShareStatusField=shared
20221025 102903.752 INFO             PET2       ATM-TO-OCN: -> sharing Field.
20221025 102903.756 INFO             PET2       ATM-TO-OCN: - Grid-based acceptorField created and realized, reference sharing with providerField
20221025 102903.756 INFO             PET2     ATM-TO-OCN: InitializeIPDv05p4 extro.
20221025 102903.756 INFO             PET2     OCN-TO-ATM: InitializeIPDv05p4 intro.
20221025 102903.763 INFO             PET2       OCN-TO-ATM: handle cplList(1): sea_surface_temperature, cplSetList(1): __UNSPECIFIED__
20221025 102903.764 INFO             PET2       OCN-TO-ATM: - nothing shared or transferred
20221025 102903.764 INFO             PET2     OCN-TO-ATM: InitializeIPDv05p4 extro.
20221025 102903.764 INFO             PET2     ATM-TO-OCN: InitializeIPDv05p5 intro.
20221025 102903.775 INFO             PET2       ATM-TO-OCN: handle cplList(1): air_pressure_at_sea_level, cplSetList(1): __UNSPECIFIED__
20221025 102903.775 INFO             PET2       ATM-TO-OCN: - import ShareStatusGeomObject=not shared
20221025 102903.775 INFO             PET2       ATM-TO-OCN: - export ShareStatusGeomObject=not shared
20221025 102903.775 INFO             PET2       ATM-TO-OCN: -> NOT sharing GeomObject
20221025 102903.775 INFO             PET2       ATM-TO-OCN: - import ShareStatusField=not shared
20221025 102903.775 INFO             PET2       ATM-TO-OCN: - export ShareStatusField=not shared
20221025 102903.775 INFO             PET2       ATM-TO-OCN: -> NOT sharing Field
20221025 102903.775 INFO             PET2       ATM-TO-OCN:  gridListMatch=  F for acceptor Grid: Grid005
20221025 102903.775 INFO             PET2       ATM-TO-OCN: - transferring the full geomobject with coordinates (import <- export) for Grid: Grid005
20221025 102903.804 INFO             PET2       ATM-TO-OCN: - done transferring the full Grid with coordinates
20221025 102903.804 INFO             PET2       ATM-TO-OCN: handle cplList(2): surface_net_downward_shortwave_flux, cplSetList(2): __UNSPECIFIED__
20221025 102903.804 INFO             PET2       ATM-TO-OCN: - nothing shared or transferred, or may already be handled
20221025 102903.804 DEBUG            PET2       about to destroy Grid: 0x2a81910
20221025 102903.804 INFO             PET2     ATM-TO-OCN: InitializeIPDv05p5 extro.
20221025 102903.804 INFO             PET2     OCN-TO-ATM: InitializeIPDv05p5 intro.
20221025 102903.811 INFO             PET2       OCN-TO-ATM: handle cplList(1): sea_surface_temperature, cplSetList(1): __UNSPECIFIED__
20221025 102903.811 INFO             PET2       OCN-TO-ATM: - nothing shared or transferred, or may already be handled
20221025 102903.811 INFO             PET2     OCN-TO-ATM: InitializeIPDv05p5 extro.
20221025 102903.812 INFO             PET2     esm: IInitRealize intro.
20221025 102903.812 INFO             PET2     esm: IInitRealize extro.
20221025 102903.812 INFO             PET2     ATM: InitializeIPDvXp06 intro.
20221025 102903.812 INFO             PET2       >>>ATM: entered Initialize (phase=IPDvXp06) without valid internal Clock.
20221025 102903.813 INFO             PET2       <<<ATM: leaving Initialize (phase=IPDvXp06) without valid internal Clock.
20221025 102903.813 INFO             PET2     ATM: InitializeIPDvXp06 extro.
20221025 102903.826 INFO             PET2     ATM-TO-OCN: InitializeIPDv05p6a intro.
20221025 102903.837 INFO             PET2     ATM-TO-OCN: InitializeIPDv05p6a extro.
20221025 102903.838 INFO             PET2     OCN-TO-ATM: InitializeIPDv05p6a intro.
20221025 102903.562 INFO             PET3 !!!!!!!!!!!!!!!!!!!!!!!!!!!!!!!!!!!!!!!!!!!!!!!!!!!!!!
20221025 102903.562 INFO             PET3 !!! THE ESMF_LOG IS SET TO OUTPUT ALL LOG MESSAGES !!!
20221025 102903.562 INFO             PET3 !!!     THIS MAY CAUSE SLOWDOWN IN PERFORMANCE     !!!
20221025 102903.562 INFO             PET3 !!! FOR PRODUCTION RUNS, USE:                      !!!
20221025 102903.562 INFO             PET3 !!!                   ESMF_LOGKIND_Multi_On_Error  !!!
20221025 102903.562 INFO             PET3 !!!!!!!!!!!!!!!!!!!!!!!!!!!!!!!!!!!!!!!!!!!!!!!!!!!!!!
20221025 102903.562 INFO             PET3 Running with ESMF Version   : v8.4.0
20221025 102903.562 INFO             PET3 ESMF library build date/time: "Oct 25 2022" "08:45:02"
20221025 102903.562 INFO             PET3 ESMF library build location : /glade/scratch/theurich/ESMF-Nightly-Testing/nvhpc_22.2_mpt_g_v8.4.0/esmf
20221025 102903.562 INFO             PET3 ESMF_COMM                   : mpt
20221025 102903.562 INFO             PET3 ESMF_MOAB                   : enabled
20221025 102903.562 INFO             PET3 ESMF_LAPACK                 : enabled
20221025 102903.562 INFO             PET3 ESMF_NETCDF                 : enabled
20221025 102903.562 INFO             PET3 ESMF_PNETCDF                : disabled
20221025 102903.562 INFO             PET3 ESMF_PIO                    : enabled
20221025 102903.562 INFO             PET3 ESMF_YAMLCPP                : enabled
20221025 102903.562 INFO             PET3 esmApp STARTING
20221025 102903.568 INFO             PET3 esm: InitializeGeneric intro.
20221025 102903.568 INFO             PET3   esm: InitializeP0 intro.
20221025 102903.568 INFO             PET3   esm: InitializeP0 extro.
20221025 102903.568 INFO             PET3   esm: InitializeIPDv02p1 intro.
20221025 102903.569 INFO             PET3     >>>esm: entered Initialize (phase=<none>) without valid internal Clock.
20221025 102903.569 INFO             PET3     esm - Creating model component ATM without petList.
20221025 102903.569 DEBUG            PET3     Generic SetVM() is executing for: ATM
20221025 102903.569 DEBUG            PET3     Generic SetVM() is calling ESMF_GridCompSetVMMaxPEs() for: ATM with:
20221025 102903.569 DEBUG            PET3      -             MaxCount =          2
20221025 102903.569 DEBUG            PET3      -       OpenMpHandling =
20221025 102903.569 DEBUG            PET3      -     OpenMpNumThreads =         -1
20221025 102903.569 DEBUG            PET3      -   ForceChildPthreads =          F
20221025 102903.569 DEBUG            PET3      -  PthreadMinStackSize =         -1
20221025 102903.570 DEBUG            PET3     vmkt_create()#201 Pthread: service=1 (0: actual PET, 1: service thread) - PTHREAD_STACK_MIN: 16384 bytes stack_size: 4194304 bytes
20221025 102903.570 DEBUG            PET3     vmkt_create()#201 Pthread: service=1 (0: actual PET, 1: service thread) - PTHREAD_STACK_MIN: 16384 bytes stack_size: 4194304 bytes
20221025 102903.574 INFO             PET3     esm - Creating model component OCN without petList.
20221025 102903.574 DEBUG            PET3     Generic SetVM() is executing for: OCN
20221025 102903.574 DEBUG            PET3     Generic SetVM() is calling ESMF_GridCompSetVMMaxPEs() for: OCN with:
20221025 102903.574 DEBUG            PET3      -             MaxCount =          4
20221025 102903.574 DEBUG            PET3      -       OpenMpHandling =
20221025 102903.574 DEBUG            PET3      -     OpenMpNumThreads =         -1
20221025 102903.574 DEBUG            PET3      -   ForceChildPthreads =          F
20221025 102903.574 DEBUG            PET3      -  PthreadMinStackSize =         -1
20221025 102903.574 DEBUG            PET3     vmkt_create()#201 Pthread: service=1 (0: actual PET, 1: service thread) - PTHREAD_STACK_MIN: 16384 bytes stack_size: 4194304 bytes
20221025 102903.574 DEBUG            PET3     vmkt_create()#201 Pthread: service=1 (0: actual PET, 1: service thread) - PTHREAD_STACK_MIN: 16384 bytes stack_size: 4194304 bytes
20221025 102903.578 INFO             PET3     esm - Creating connector component ATM-TO-OCN without petList.
20221025 102903.585 INFO             PET3     esm - Creating connector component OCN-TO-ATM without petList.
20221025 102903.592 INFO             PET3     esm - Creating state: modelComp 1 Import State
20221025 102903.592 INFO             PET3     esm - Creating state: modelComp 1 Export State
20221025 102903.594 INFO             PET3     esm - Creating state: modelComp 2 Import State
20221025 102903.594 INFO             PET3     esm - Creating state: modelComp 2 Export State
20221025 102903.629 INFO             PET3     ATM-TO-OCN: InitializeP0 intro.
20221025 102903.630 INFO             PET3     ATM-TO-OCN: InitializeP0 extro.
20221025 102903.631 INFO             PET3     OCN-TO-ATM: InitializeP0 intro.
20221025 102903.632 INFO             PET3     OCN-TO-ATM: InitializeP0 extro.
20221025 102903.634 INFO             PET3     esm: IInitAdvertise intro.
20221025 102903.634 INFO             PET3     esm: IInitAdvertise extro.
20221025 102903.661 INFO             PET3     ATM-TO-OCN: InitializeIPDv05p1 intro.
20221025 102903.666 INFO             PET3       ATM-TO-OCN: importState FieldTransferPolicy = transferNone
20221025 102903.667 INFO             PET3       ATM-TO-OCN: exportState FieldTransferPolicy = transferNone
20221025 102903.667 INFO             PET3     ATM-TO-OCN: InitializeIPDv05p1 extro.
20221025 102903.667 INFO             PET3     OCN-TO-ATM: InitializeIPDv05p1 intro.
20221025 102903.674 INFO             PET3       OCN-TO-ATM: importState FieldTransferPolicy = transferNone
20221025 102903.674 INFO             PET3       OCN-TO-ATM: exportState FieldTransferPolicy = transferNone
20221025 102903.674 INFO             PET3     OCN-TO-ATM: InitializeIPDv05p1 extro.
20221025 102903.674 INFO             PET3     esm: IInitAdvertiseFinish intro.
20221025 102903.674 INFO             PET3     esm: IInitAdvertiseFinish extro.
20221025 102903.688 INFO             PET3     ATM-TO-OCN: InitializeIPDv05p2a intro.
20221025 102903.696 INFO             PET3       ATM-TO-OCN:      importStandardNameList(i=  1): air_pressure_at_sea_level
20221025 102903.696 INFO             PET3       ATM-TO-OCN:         importNamespaceList(i=  1): ATM
20221025 102903.696 INFO             PET3       ATM-TO-OCN:            importCplSetList(i=  1): __UNSPECIFIED__
20221025 102903.696 INFO             PET3       ATM-TO-OCN:      exportStandardNameList(j=  1): air_pressure_at_sea_level
20221025 102903.696 INFO             PET3       ATM-TO-OCN:         exportNamespaceList(j=  1): OCN
20221025 102903.696 INFO             PET3       ATM-TO-OCN:            exportCplSetList(j=  1): __UNSPECIFIED__
20221025 102903.696 INFO             PET3       ATM-TO-OCN: bondLevel= 1
20221025 102903.696 INFO             PET3       ATM-TO-OCN: ProducerConnection (bondLevelMax):         1
20221025 102903.696 INFO             PET3       ATM-TO-OCN:      importStandardNameList(i=  2): surface_net_downward_shortwave_flux
20221025 102903.696 INFO             PET3       ATM-TO-OCN:         importNamespaceList(i=  2): ATM
20221025 102903.696 INFO             PET3       ATM-TO-OCN:            importCplSetList(i=  2): __UNSPECIFIED__
20221025 102903.696 INFO             PET3       ATM-TO-OCN:      exportStandardNameList(j=  2): surface_net_downward_shortwave_flux
20221025 102903.696 INFO             PET3       ATM-TO-OCN:         exportNamespaceList(j=  2): OCN
20221025 102903.696 INFO             PET3       ATM-TO-OCN:            exportCplSetList(j=  2): __UNSPECIFIED__
20221025 102903.696 INFO             PET3       ATM-TO-OCN: bondLevel= 1
20221025 102903.696 INFO             PET3       ATM-TO-OCN: ProducerConnection (bondLevelMax):         1
20221025 102903.696 INFO             PET3     ATM-TO-OCN: InitializeIPDv05p2a extro.
20221025 102903.696 INFO             PET3     OCN-TO-ATM: InitializeIPDv05p2a intro.
20221025 102903.701 INFO             PET3       OCN-TO-ATM:      importStandardNameList(i=  1): sea_surface_temperature
20221025 102903.701 INFO             PET3       OCN-TO-ATM:         importNamespaceList(i=  1): OCN
20221025 102903.701 INFO             PET3       OCN-TO-ATM:            importCplSetList(i=  1): __UNSPECIFIED__
20221025 102903.701 INFO             PET3       OCN-TO-ATM:      exportStandardNameList(j=  1): sea_surface_temperature
20221025 102903.701 INFO             PET3       OCN-TO-ATM:         exportNamespaceList(j=  1): ATM
20221025 102903.701 INFO             PET3       OCN-TO-ATM:            exportCplSetList(j=  1): __UNSPECIFIED__
20221025 102903.701 INFO             PET3       OCN-TO-ATM: bondLevel= 1
20221025 102903.701 INFO             PET3       OCN-TO-ATM: ProducerConnection (bondLevelMax):         1
20221025 102903.701 INFO             PET3     OCN-TO-ATM: InitializeIPDv05p2a extro.
20221025 102903.701 INFO             PET3     ATM-TO-OCN: InitializeIPDv05p2b intro.
20221025 102903.708 INFO             PET3       ATM-TO-OCN:      importStandardNameList(i=  1): air_pressure_at_sea_level
20221025 102903.708 INFO             PET3       ATM-TO-OCN:         importNamespaceList(i=  1): ATM
20221025 102903.708 INFO             PET3       ATM-TO-OCN:            importCplSetList(i=  1): __UNSPECIFIED__
20221025 102903.708 INFO             PET3       ATM-TO-OCN:      exportStandardNameList(j=  1): air_pressure_at_sea_level
20221025 102903.708 INFO             PET3       ATM-TO-OCN:         exportNamespaceList(j=  1): OCN
20221025 102903.708 INFO             PET3       ATM-TO-OCN:            exportCplSetList(j=  1): __UNSPECIFIED__
20221025 102903.708 INFO             PET3       ATM-TO-OCN: bondLevel= 1
20221025 102903.708 INFO             PET3       ATM-TO-OCN: => added cplList(  1)=air_pressure_at_sea_level, cplSetList(  1)=__UNSPECIFIED__
20221025 102903.708 INFO             PET3       ATM-TO-OCN:      importStandardNameList(i=  2): surface_net_downward_shortwave_flux
20221025 102903.708 INFO             PET3       ATM-TO-OCN:         importNamespaceList(i=  2): ATM
20221025 102903.708 INFO             PET3       ATM-TO-OCN:            importCplSetList(i=  2): __UNSPECIFIED__
20221025 102903.708 INFO             PET3       ATM-TO-OCN:      exportStandardNameList(j=  2): surface_net_downward_shortwave_flux
20221025 102903.708 INFO             PET3       ATM-TO-OCN:         exportNamespaceList(j=  2): OCN
20221025 102903.708 INFO             PET3       ATM-TO-OCN:            exportCplSetList(j=  2): __UNSPECIFIED__
20221025 102903.708 INFO             PET3       ATM-TO-OCN: bondLevel= 1
20221025 102903.708 INFO             PET3       ATM-TO-OCN: => added cplList(  2)=surface_net_downward_shortwave_flux, cplSetList(  2)=__UNSPECIFIED__
20221025 102903.708 INFO             PET3     ATM-TO-OCN: InitializeIPDv05p2b extro.
20221025 102903.709 INFO             PET3     OCN-TO-ATM: InitializeIPDv05p2b intro.
20221025 102903.714 INFO             PET3       OCN-TO-ATM:      importStandardNameList(i=  1): sea_surface_temperature
20221025 102903.714 INFO             PET3       OCN-TO-ATM:         importNamespaceList(i=  1): OCN
20221025 102903.714 INFO             PET3       OCN-TO-ATM:            importCplSetList(i=  1): __UNSPECIFIED__
20221025 102903.714 INFO             PET3       OCN-TO-ATM:      exportStandardNameList(j=  1): sea_surface_temperature
20221025 102903.714 INFO             PET3       OCN-TO-ATM:         exportNamespaceList(j=  1): ATM
20221025 102903.714 INFO             PET3       OCN-TO-ATM:            exportCplSetList(j=  1): __UNSPECIFIED__
20221025 102903.714 INFO             PET3       OCN-TO-ATM: bondLevel= 1
20221025 102903.714 INFO             PET3       OCN-TO-ATM: => added cplList(  1)=sea_surface_temperature, cplSetList(  1)=__UNSPECIFIED__
20221025 102903.714 INFO             PET3     OCN-TO-ATM: InitializeIPDv05p2b extro.
20221025 102903.714 INFO             PET3     esm: IInitModifyCplLists intro.
20221025 102903.714 INFO             PET3     esm: IInitModifyCplLists extro.
20221025 102903.714 INFO             PET3     ATM-TO-OCN: InitializeIPDv05p3 intro.
20221025 102903.722 INFO             PET3       ATM-TO-OCN: handle cplList(1): air_pressure_at_sea_level, cplSetList(1): __UNSPECIFIED__
20221025 102903.722 INFO             PET3       ATM-TO-OCN: - connected.
20221025 102903.722 INFO             PET3       ATM-TO-OCN: - import side may accept, export side must provide the Field/GeomObject.
20221025 102903.722 INFO             PET3       ATM-TO-OCN: - combination of provider and acceptor VM supports Field and/or GeomObject sharing between them.
20221025 102903.722 INFO             PET3       ATM-TO-OCN: - at least one side does not want to share the GeomObject -> not shared (isharePolicy=not share & esharePolicy=share)
20221025 102903.722 INFO             PET3       ATM-TO-OCN: - at least one side does not want to share the Field -> not shared (isharePolicy=not share & esharePolicy=not share)
20221025 102903.722 INFO             PET3       ATM-TO-OCN: handle cplList(2): surface_net_downward_shortwave_flux, cplSetList(2): __UNSPECIFIED__
20221025 102903.722 INFO             PET3       ATM-TO-OCN: - connected.
20221025 102903.722 INFO             PET3       ATM-TO-OCN: - import side may accept, export side must provide the Field/GeomObject.
20221025 102903.722 INFO             PET3       ATM-TO-OCN: - combination of provider and acceptor VM supports Field and/or GeomObject sharing between them.
20221025 102903.722 INFO             PET3       ATM-TO-OCN: - both sides want to share the GeomObject -> shared.
20221025 102903.722 INFO             PET3       ATM-TO-OCN: - both sides want to share the Field -> shared.
20221025 102903.722 INFO             PET3     ATM-TO-OCN: InitializeIPDv05p3 extro.
20221025 102903.723 INFO             PET3     OCN-TO-ATM: InitializeIPDv05p3 intro.
20221025 102903.728 INFO             PET3       OCN-TO-ATM: handle cplList(1): sea_surface_temperature, cplSetList(1): __UNSPECIFIED__
20221025 102903.728 INFO             PET3       OCN-TO-ATM: - connected.
20221025 102903.728 INFO             PET3       OCN-TO-ATM: - both sides must provide the Field/GeomObject.
20221025 102903.728 INFO             PET3     OCN-TO-ATM: InitializeIPDv05p3 extro.
20221025 102903.728 INFO             PET3     <<<esm: leaving Initialize (phase=<none>) with current time: 2010  6  1  0  0  0   0
20221025 102903.728 INFO             PET3   esm: InitializeIPDv02p1 extro.
20221025 102903.728 INFO             PET3   esm: InitializeIPDv02p3 intro.
20221025 102903.728 INFO             PET3     >>>esm: entered Initialize (phase=<none>) with current time: 2010  6  1  0  0  0   0
20221025 102903.728 INFO             PET3     esm: IInitCheck intro.
20221025 102903.728 INFO             PET3     esm: IInitCheck extro.
20221025 102903.742 INFO             PET3     ATM-TO-OCN: InitializeIPDv05p4 intro.
20221025 102903.751 INFO             PET3       ATM-TO-OCN: handle cplList(1): air_pressure_at_sea_level, cplSetList(1): __UNSPECIFIED__
20221025 102903.751 INFO             PET3       ATM-TO-OCN: - import ShareStatusGeomObject=not shared
20221025 102903.751 INFO             PET3       ATM-TO-OCN: - export ShareStatusGeomObject=not shared
20221025 102903.751 INFO             PET3       ATM-TO-OCN: -> NOT sharing GeomObject
20221025 102903.751 INFO             PET3       ATM-TO-OCN: - import ShareStatusField=not shared
20221025 102903.751 INFO             PET3       ATM-TO-OCN: - export ShareStatusField=not shared
20221025 102903.751 INFO             PET3       ATM-TO-OCN: -> NOT sharing Field.
20221025 102903.751 INFO             PET3       ATM-TO-OCN:  gridListMatch=  F for provider Grid: Grid005
20221025 102903.751 INFO             PET3       ATM-TO-OCN: - transferring underlying DistGrid (import <- export) for Grid: Grid005
20221025 102903.751 INFO             PET3       ATM-TO-OCN: - done creating acceptorDG from providerDG
20221025 102903.751 INFO             PET3       ATM-TO-OCN: - done transferring underlying DistGrid
20221025 102903.752 INFO             PET3       ATM-TO-OCN: handle cplList(2): surface_net_downward_shortwave_flux, cplSetList(2): __UNSPECIFIED__
20221025 102903.752 INFO             PET3       ATM-TO-OCN: - import ShareStatusGeomObject=shared
20221025 102903.752 INFO             PET3       ATM-TO-OCN: - export ShareStatusGeomObject=shared
20221025 102903.752 INFO             PET3       ATM-TO-OCN: -> sharing GeomObject
20221025 102903.752 INFO             PET3       ATM-TO-OCN: - import ShareStatusField=shared
20221025 102903.752 INFO             PET3       ATM-TO-OCN: - export ShareStatusField=shared
20221025 102903.752 INFO             PET3       ATM-TO-OCN: -> sharing Field.
20221025 102903.756 INFO             PET3       ATM-TO-OCN: - Grid-based acceptorField created and realized, reference sharing with providerField
20221025 102903.756 INFO             PET3     ATM-TO-OCN: InitializeIPDv05p4 extro.
20221025 102903.756 INFO             PET3     OCN-TO-ATM: InitializeIPDv05p4 intro.
20221025 102903.763 INFO             PET3       OCN-TO-ATM: handle cplList(1): sea_surface_temperature, cplSetList(1): __UNSPECIFIED__
20221025 102903.764 INFO             PET3       OCN-TO-ATM: - nothing shared or transferred
20221025 102903.764 INFO             PET3     OCN-TO-ATM: InitializeIPDv05p4 extro.
20221025 102903.764 INFO             PET3     ATM-TO-OCN: InitializeIPDv05p5 intro.
20221025 102903.775 INFO             PET3       ATM-TO-OCN: handle cplList(1): air_pressure_at_sea_level, cplSetList(1): __UNSPECIFIED__
20221025 102903.775 INFO             PET3       ATM-TO-OCN: - import ShareStatusGeomObject=not shared
20221025 102903.775 INFO             PET3       ATM-TO-OCN: - export ShareStatusGeomObject=not shared
20221025 102903.775 INFO             PET3       ATM-TO-OCN: -> NOT sharing GeomObject
20221025 102903.775 INFO             PET3       ATM-TO-OCN: - import ShareStatusField=not shared
20221025 102903.775 INFO             PET3       ATM-TO-OCN: - export ShareStatusField=not shared
20221025 102903.775 INFO             PET3       ATM-TO-OCN: -> NOT sharing Field
20221025 102903.775 INFO             PET3       ATM-TO-OCN:  gridListMatch=  F for acceptor Grid: Grid005
20221025 102903.775 INFO             PET3       ATM-TO-OCN: - transferring the full geomobject with coordinates (import <- export) for Grid: Grid005
20221025 102903.804 INFO             PET3       ATM-TO-OCN: - done transferring the full Grid with coordinates
20221025 102903.804 INFO             PET3       ATM-TO-OCN: handle cplList(2): surface_net_downward_shortwave_flux, cplSetList(2): __UNSPECIFIED__
20221025 102903.804 INFO             PET3       ATM-TO-OCN: - nothing shared or transferred, or may already be handled
20221025 102903.804 DEBUG            PET3       about to destroy Grid: 0x2a38ca0
20221025 102903.804 INFO             PET3     ATM-TO-OCN: InitializeIPDv05p5 extro.
20221025 102903.804 INFO             PET3     OCN-TO-ATM: InitializeIPDv05p5 intro.
20221025 102903.811 INFO             PET3       OCN-TO-ATM: handle cplList(1): sea_surface_temperature, cplSetList(1): __UNSPECIFIED__
20221025 102903.811 INFO             PET3       OCN-TO-ATM: - nothing shared or transferred, or may already be handled
20221025 102903.811 INFO             PET3     OCN-TO-ATM: InitializeIPDv05p5 extro.
20221025 102903.812 INFO             PET3     esm: IInitRealize intro.
20221025 102903.812 INFO             PET3     esm: IInitRealize extro.
20221025 102903.826 INFO             PET3     ATM-TO-OCN: InitializeIPDv05p6a intro.
20221025 102903.837 INFO             PET3     ATM-TO-OCN: InitializeIPDv05p6a extro.
20221025 102903.838 INFO             PET3     OCN-TO-ATM: InitializeIPDv05p6a intro.
