2022-10-16 03:24:05
[Orion-02-62:333940:0:333940] Caught signal 11 (Segmentation fault: address not mapped to object at address 0x4f1b591)
[Orion-02-62:333941:0:333941] Caught signal 11 (Segmentation fault: address not mapped to object at address 0x4f1b591)
[Orion-02-62:333942:0:333942] Caught signal 11 (Segmentation fault: address not mapped to object at address 0x4f1b591)
[Orion-02-62:333943:0:333943] Caught signal 11 (Segmentation fault: address not mapped to object at address 0x4f1b591)

/work/noaa/da/mpotts/sandbox/pgi_2019_openmpi_g_release_8.4.0/esmf/src/Infrastructure/LogErr/src/ESMCI_LogErr.C: [ ESMCI::LogErr::MsgFoundError() ]
      ...
      583 {
      584     bool result=false;
      585 #ifdef ESMC_SUCCESSDEFAULT_ON
==>   586     if (rcToReturn != ESMC_NULL_POINTER) *rcToReturn=ESMF_SUCCESS;
      587 #endif
      588     if (trace) {
      589         Write(ESMC_METHOD,ESMC_LOGMSG_TRACE,


/work/noaa/da/mpotts/sandbox/pgi_2019_openmpi_g_release_8.4.0/esmf/src/Infrastructure/LogErr/src/ESMCI_LogErr.C: [ ESMCI::LogErr::MsgFoundError() ]
      ...
      583 {
      584     bool result=false;
      585 #ifdef ESMC_SUCCESSDEFAULT_ON
==>   586     if (rcToReturn != ESMC_NULL_POINTER) *rcToReturn=ESMF_SUCCESS;
      587 #endif
      588     if (trace) {
      589         Write(ESMC_METHOD,ESMC_LOGMSG_TRACE,


/work/noaa/da/mpotts/sandbox/pgi_2019_openmpi_g_release_8.4.0/esmf/src/Infrastructure/LogErr/src/ESMCI_LogErr.C: [ ESMCI::LogErr::MsgFoundError() ]
      ...

/work/noaa/da/mpotts/sandbox/pgi_2019_openmpi_g_release_8.4.0/esmf/src/Infrastructure/LogErr/src/ESMCI_LogErr.C: [ ESMCI::LogErr::MsgFoundError() ]
      ...
      583 {
      584     bool result=false;
      585 #ifdef ESMC_SUCCESSDEFAULT_ON
==>   586     if (rcToReturn != ESMC_NULL_POINTER) *rcToReturn=ESMF_SUCCESS;
      587 #endif
      588     if (trace) {
      589         Write(ESMC_METHOD,ESMC_LOGMSG_TRACE,
      583 {
      584     bool result=false;
      585 #ifdef ESMC_SUCCESSDEFAULT_ON
==>   586     if (rcToReturn != ESMC_NULL_POINTER) *rcToReturn=ESMF_SUCCESS;
      587 #endif
      588     if (trace) {
      589         Write(ESMC_METHOD,ESMC_LOGMSG_TRACE,


==== backtrace (tid: 333943) ====
 0 0x0000000001202694 ESMCI::LogErr::MsgFoundError()  /work/noaa/da/mpotts/sandbox/pgi_2019_openmpi_g_release_8.4.0/esmf/src/Infrastructure/LogErr/src/ESMCI_LogErr.C:586
 1 0x00000000013e6c01 ESMCI::MeshCap::meshcreatenodedistgrid()  /work/noaa/da/mpotts/sandbox/pgi_2019_openmpi_g_release_8.4.0/esmf/src/Infrastructure/Mesh/src/ESMCI_MeshCap.C:1754
 2 0x000000000142c767 c_esmc_meshcreatenodedistgrid_()  /work/noaa/da/mpotts/sandbox/pgi_2019_openmpi_g_release_8.4.0/esmf/src/Infrastructure/Mesh/interface/ESMCI_Mesh_F.C:247
 3 0x00000000020fb3c8 esmf_meshmod_esmf_meshcreatefrompointer_()  /work/noaa/da/mpotts/sandbox/pgi_2019_openmpi_g_release_8.4.0/esmf/src/Infrastructure/Mesh/interface/ESMF_Mesh.F90:3091
 4 0x0000000001f29c60 esmf_gridutilmod_esmf_gridtomesh_()  /work/noaa/da/mpotts/sandbox/pgi_2019_openmpi_g_release_8.4.0/esmf/src/Infrastructure/GridUtil/interface/ESMF_GridUtil.F90:453
 5 0x0000000001dcf68b esmf_fieldregridmod_b_or_p_gridtomesh_()  /work/noaa/da/mpotts/sandbox/pgi_2019_openmpi_g_release_8.4.0/esmf/src/Infrastructure/Field/src/ESMF_FieldRegrid.F90:3228
 6 0x0000000001dcaa6b esmf_fieldregridmod_getmeshwithnodesonfieldloc_()  /work/noaa/da/mpotts/sandbox/pgi_2019_openmpi_g_release_8.4.0/esmf/src/Infrastructure/Field/src/ESMF_FieldRegrid.F90:1346
 7 0x0000000001dc83b9 esmf_fieldregridmod_esmf_fieldregridstorenx_()  /work/noaa/da/mpotts/sandbox/pgi_2019_openmpi_g_release_8.4.0/esmf/src/Infrastructure/Field/src/ESMF_FieldRegrid.F90:971
 8 0x00000000004085b0 MAIN_()  /work/noaa/da/mpotts/sandbox/pgi_2019_openmpi_g_release_8.4.0/esmf/src/Infrastructure/Route/examples/ESMF_RHandleDynamicMaskingEx.F90:350
 9 0x0000000000406473 main()  ???:0
10 0x0000000000022495 __libc_start_main()  ???:0
11 0x0000000000406379 _start()  ???:0
=================================
==== backtrace (tid: 333941) ====
 0 0x0000000001202694 ESMCI::LogErr::MsgFoundError()  /work/noaa/da/mpotts/sandbox/pgi_2019_openmpi_g_release_8.4.0/esmf/src/Infrastructure/LogErr/src/ESMCI_LogErr.C:586
 1 0x00000000013e6c01 ESMCI::MeshCap::meshcreatenodedistgrid()  /work/noaa/da/mpotts/sandbox/pgi_2019_openmpi_g_release_8.4.0/esmf/src/Infrastructure/Mesh/src/ESMCI_MeshCap.C:1754
 2 0x000000000142c767 c_esmc_meshcreatenodedistgrid_()  /work/noaa/da/mpotts/sandbox/pgi_2019_openmpi_g_release_8.4.0/esmf/src/Infrastructure/Mesh/interface/ESMCI_Mesh_F.C:247
 3 0x00000000020fb3c8 esmf_meshmod_esmf_meshcreatefrompointer_()  /work/noaa/da/mpotts/sandbox/pgi_2019_openmpi_g_release_8.4.0/esmf/src/Infrastructure/Mesh/interface/ESMF_Mesh.F90:3091
 4 0x0000000001f29c60 esmf_gridutilmod_esmf_gridtomesh_()  /work/noaa/da/mpotts/sandbox/pgi_2019_openmpi_g_release_8.4.0/esmf/src/Infrastructure/GridUtil/interface/ESMF_GridUtil.F90:453
 5 0x0000000001dcf68b esmf_fieldregridmod_b_or_p_gridtomesh_()  /work/noaa/da/mpotts/sandbox/pgi_2019_openmpi_g_release_8.4.0/esmf/src/Infrastructure/Field/src/ESMF_FieldRegrid.F90:3228
 6 0x0000000001dcaa6b esmf_fieldregridmod_getmeshwithnodesonfieldloc_()  /work/noaa/da/mpotts/sandbox/pgi_2019_openmpi_g_release_8.4.0/esmf/src/Infrastructure/Field/src/ESMF_FieldRegrid.F90:1346
 7 0x0000000001dc83b9 esmf_fieldregridmod_esmf_fieldregridstorenx_()  /work/noaa/da/mpotts/sandbox/pgi_2019_openmpi_g_release_8.4.0/esmf/src/Infrastructure/Field/src/ESMF_FieldRegrid.F90:971
 8 0x00000000004085b0 MAIN_()  /work/noaa/da/mpotts/sandbox/pgi_2019_openmpi_g_release_8.4.0/esmf/src/Infrastructure/Route/examples/ESMF_RHandleDynamicMaskingEx.F90:350
 9 0x0000000000406473 main()  ???:0
10 0x0000000000022495 __libc_start_main()  ???:0
11 0x0000000000406379 _start()  ???:0
=================================
[Orion-02-62:333941] *** Process received signal ***
[Orion-02-62:333941] Signal: Segmentation fault (11)
[Orion-02-62:333941] Signal code:  (-6)
[Orion-02-62:333941] Failing at address: 0x20e500051875
[Orion-02-62:333941] [ 0] /lib64/libpthread.so.0(+0xf5d0)[0x7f1f118955d0]
[Orion-02-62:333941] [ 1] /work/noaa/da/mpotts/sandbox/pgi_2019_openmpi_g_release_8.4.0/esmf/lib/libg/Linux.pgi.64.openmpi.default/libesmf.so(_ZN5ESMCI6LogErr13MsgFoundErrorEiPKciS2_S2_Pi+0x34)[0x7f1f0ec24694]
[Orion-02-62:333943] *** Process received signal ***
[Orion-02-62:333943] Signal: Segmentation fault (11)
[Orion-02-62:333943] Signal code:  (-6)
[Orion-02-62:333943] Failing at address: 0x20e500051877
[Orion-02-62:333943] [ 0] /lib64/libpthread.so.0(+0xf5d0)[0x7fc221d2b5d0]
[Orion-02-62:333941] [ 2] /work/noaa/da/mpotts/sandbox/pgi_2019_openmpi_g_release_8.4.0/esmf/lib/libg/Linux.pgi.64.openmpi.default/libesmf.so(_ZN5ESMCI7MeshCap22meshcreatenodedistgridEPi+0x81)[0x7f1f0ee08c01]
[Orion-02-62:333943] [ 1] /work/noaa/da/mpotts/sandbox/pgi_2019_openmpi_g_release_8.4.0/esmf/lib/libg/Linux.pgi.64.openmpi.default/libesmf.so(_ZN5ESMCI6LogErr13MsgFoundErrorEiPKciS2_S2_Pi+0x34)[0x7fc21f0ba694]
[Orion-02-62:333941] [ 3] /work/noaa/da/mpotts/sandbox/pgi_2019_openmpi_g_release_8.4.0/esmf/lib/libg/Linux.pgi.64.openmpi.default/libesmf.so(c_esmc_meshcreatenodedistgrid_+0x177)[0x7f1f0ee4e767]
[Orion-02-62:333943] [ 2] /work/noaa/da/mpotts/sandbox/pgi_2019_openmpi_g_release_8.4.0/esmf/lib/libg/Linux.pgi.64.openmpi.default/libesmf.so(_ZN5ESMCI7MeshCap22meshcreatenodedistgridEPi+0x81)[0x7fc21f29ec01]
[Orion-02-62:333941] [ 4] /work/noaa/da/mpotts/sandbox/pgi_2019_openmpi_g_release_8.4.0/esmf/lib/libg/Linux.pgi.64.openmpi.default/libesmf.so(esmf_meshmod_esmf_meshcreatefrompointer_+0x78)[0x7f1f0fb1d3c8]
[Orion-02-62:333943] [ 3] /work/noaa/da/mpotts/sandbox/pgi_2019_openmpi_g_release_8.4.0/esmf/lib/libg/Linux.pgi.64.openmpi.default/libesmf.so(c_esmc_meshcreatenodedistgrid_+0x177)[0x7fc21f2e4767]
[Orion-02-62:333941] [ 5] /work/noaa/da/mpotts/sandbox/pgi_2019_openmpi_g_release_8.4.0/esmf/lib/libg/Linux.pgi.64.openmpi.default/libesmf.so(esmf_gridutilmod_esmf_gridtomesh_+0x550)[0x7f1f0f94bc60]
[Orion-02-62:333943] [ 4] /work/noaa/da/mpotts/sandbox/pgi_2019_openmpi_g_release_8.4.0/esmf/lib/libg/Linux.pgi.64.openmpi.default/libesmf.so(esmf_meshmod_esmf_meshcreatefrompointer_+0x78)[0x7fc21ffb33c8]
[Orion-02-62:333941] [ 6] /work/noaa/da/mpotts/sandbox/pgi_2019_openmpi_g_release_8.4.0/esmf/lib/libg/Linux.pgi.64.openmpi.default/libesmf.so(esmf_fieldregridmod_b_or_p_gridtomesh_+0x60b)[0x7f1f0f7f168b]
[Orion-02-62:333943] [ 5] /work/noaa/da/mpotts/sandbox/pgi_2019_openmpi_g_release_8.4.0/esmf/lib/libg/Linux.pgi.64.openmpi.default/libesmf.so(esmf_gridutilmod_esmf_gridtomesh_+0x550)[0x7fc21fde1c60]
[Orion-02-62:333941] [ 7] /work/noaa/da/mpotts/sandbox/pgi_2019_openmpi_g_release_8.4.0/esmf/lib/libg/Linux.pgi.64.openmpi.default/libesmf.so(esmf_fieldregridmod_getmeshwithnodesonfieldloc_+0x54b)[0x7f1f0f7eca6b]
[Orion-02-62:333943] [ 6] /work/noaa/da/mpotts/sandbox/pgi_2019_openmpi_g_release_8.4.0/esmf/lib/libg/Linux.pgi.64.openmpi.default/libesmf.so(esmf_fieldregridmod_b_or_p_gridtomesh_+0x60b)[0x7fc21fc8768b]
[Orion-02-62:333941] [ 8] /work/noaa/da/mpotts/sandbox/pgi_2019_openmpi_g_release_8.4.0/esmf/lib/libg/Linux.pgi.64.openmpi.default/libesmf.so(esmf_fieldregridmod_esmf_fieldregridstorenx_+0x1029)[0x7f1f0f7ea3b9]
[Orion-02-62:333941] [ 9] /work/noaa/da/mpotts/sandbox/pgi_2019_openmpi_g_release_8.4.0/esmf/examples/examplesg/Linux.pgi.64.openmpi.default/./ESMF_RHandleDynamicMaskingEx[0x4085b0]
[Orion-02-62:333941] [10] /work/noaa/da/mpotts/sandbox/pgi_2019_openmpi_g_release_8.4.0/esmf/examples/examplesg/Linux.pgi.64.openmpi.default/./ESMF_RHandleDynamicMaskingEx[0x406473]
[Orion-02-62:333941] [11] /lib64/libc.so.6(__libc_start_main+0xf5)[0x7f1f09e6f495]
[Orion-02-62:333941] [12] /work/noaa/da/mpotts/sandbox/pgi_2019_openmpi_g_release_8.4.0/esmf/examples/examplesg/Linux.pgi.64.openmpi.default/./ESMF_RHandleDynamicMaskingEx[0x406379]
[Orion-02-62:333941] *** End of error message ***
[Orion-02-62:333943] [ 7] /work/noaa/da/mpotts/sandbox/pgi_2019_openmpi_g_release_8.4.0/esmf/lib/libg/Linux.pgi.64.openmpi.default/libesmf.so(esmf_fieldregridmod_getmeshwithnodesonfieldloc_+0x54b)[0x7fc21fc82a6b]
[Orion-02-62:333943] [ 8] /work/noaa/da/mpotts/sandbox/pgi_2019_openmpi_g_release_8.4.0/esmf/lib/libg/Linux.pgi.64.openmpi.default/libesmf.so(esmf_fieldregridmod_esmf_fieldregridstorenx_+0x1029)[0x7fc21fc803b9]
[Orion-02-62:333943] [ 9] /work/noaa/da/mpotts/sandbox/pgi_2019_openmpi_g_release_8.4.0/esmf/examples/examplesg/Linux.pgi.64.openmpi.default/./ESMF_RHandleDynamicMaskingEx[0x4085b0]
[Orion-02-62:333943] [10] /work/noaa/da/mpotts/sandbox/pgi_2019_openmpi_g_release_8.4.0/esmf/examples/examplesg/Linux.pgi.64.openmpi.default/./ESMF_RHandleDynamicMaskingEx[0x406473]
[Orion-02-62:333943] [11] /lib64/libc.so.6(__libc_start_main+0xf5)[0x7fc21a305495]
[Orion-02-62:333943] [12] /work/noaa/da/mpotts/sandbox/pgi_2019_openmpi_g_release_8.4.0/esmf/examples/examplesg/Linux.pgi.64.openmpi.default/./ESMF_RHandleDynamicMaskingEx[0x406379]
[Orion-02-62:333943] *** End of error message ***
==== backtrace (tid: 333940) ====
 0 0x0000000001202694 ESMCI::LogErr::MsgFoundError()  /work/noaa/da/mpotts/sandbox/pgi_2019_openmpi_g_release_8.4.0/esmf/src/Infrastructure/LogErr/src/ESMCI_LogErr.C:586
 1 0x00000000013e6c01 ESMCI::MeshCap::meshcreatenodedistgrid()  /work/noaa/da/mpotts/sandbox/pgi_2019_openmpi_g_release_8.4.0/esmf/src/Infrastructure/Mesh/src/ESMCI_MeshCap.C:1754
 2 0x000000000142c767 c_esmc_meshcreatenodedistgrid_()  /work/noaa/da/mpotts/sandbox/pgi_2019_openmpi_g_release_8.4.0/esmf/src/Infrastructure/Mesh/interface/ESMCI_Mesh_F.C:247
 3 0x00000000020fb3c8 esmf_meshmod_esmf_meshcreatefrompointer_()  /work/noaa/da/mpotts/sandbox/pgi_2019_openmpi_g_release_8.4.0/esmf/src/Infrastructure/Mesh/interface/ESMF_Mesh.F90:3091
 4 0x0000000001f29c60 esmf_gridutilmod_esmf_gridtomesh_()  /work/noaa/da/mpotts/sandbox/pgi_2019_openmpi_g_release_8.4.0/esmf/src/Infrastructure/GridUtil/interface/ESMF_GridUtil.F90:453
 5 0x0000000001dcf68b esmf_fieldregridmod_b_or_p_gridtomesh_()  /work/noaa/da/mpotts/sandbox/pgi_2019_openmpi_g_release_8.4.0/esmf/src/Infrastructure/Field/src/ESMF_FieldRegrid.F90:3228
 6 0x0000000001dcaa6b esmf_fieldregridmod_getmeshwithnodesonfieldloc_()  /work/noaa/da/mpotts/sandbox/pgi_2019_openmpi_g_release_8.4.0/esmf/src/Infrastructure/Field/src/ESMF_FieldRegrid.F90:1346
 7 0x0000000001dc83b9 esmf_fieldregridmod_esmf_fieldregridstorenx_()  /work/noaa/da/mpotts/sandbox/pgi_2019_openmpi_g_release_8.4.0/esmf/src/Infrastructure/Field/src/ESMF_FieldRegrid.F90:971
 8 0x00000000004085b0 MAIN_()  /work/noaa/da/mpotts/sandbox/pgi_2019_openmpi_g_release_8.4.0/esmf/src/Infrastructure/Route/examples/ESMF_RHandleDynamicMaskingEx.F90:350
 9 0x0000000000406473 main()  ???:0
10 0x0000000000022495 __libc_start_main()  ???:0
11 0x0000000000406379 _start()  ???:0
=================================
[Orion-02-62:333940] *** Process received signal ***
[Orion-02-62:333940] Signal: Segmentation fault (11)
[Orion-02-62:333940] Signal code:  (-6)
[Orion-02-62:333940] Failing at address: 0x20e500051874
[Orion-02-62:333940] [ 0] /lib64/libpthread.so.0(+0xf5d0)[0x7faeb190a5d0]
==== backtrace (tid: 333942) ====
 0 0x0000000001202694 ESMCI::LogErr::MsgFoundError()  /work/noaa/da/mpotts/sandbox/pgi_2019_openmpi_g_release_8.4.0/esmf/src/Infrastructure/LogErr/src/ESMCI_LogErr.C:586
 1 0x00000000013e6c01 ESMCI::MeshCap::meshcreatenodedistgrid()  /work/noaa/da/mpotts/sandbox/pgi_2019_openmpi_g_release_8.4.0/esmf/src/Infrastructure/Mesh/src/ESMCI_MeshCap.C:1754
 2 0x000000000142c767 c_esmc_meshcreatenodedistgrid_()  /work/noaa/da/mpotts/sandbox/pgi_2019_openmpi_g_release_8.4.0/esmf/src/Infrastructure/Mesh/interface/ESMCI_Mesh_F.C:247
 3 0x00000000020fb3c8 esmf_meshmod_esmf_meshcreatefrompointer_()  /work/noaa/da/mpotts/sandbox/pgi_2019_openmpi_g_release_8.4.0/esmf/src/Infrastructure/Mesh/interface/ESMF_Mesh.F90:3091
 4 0x0000000001f29c60 esmf_gridutilmod_esmf_gridtomesh_()  /work/noaa/da/mpotts/sandbox/pgi_2019_openmpi_g_release_8.4.0/esmf/src/Infrastructure/GridUtil/interface/ESMF_GridUtil.F90:453
 5 0x0000000001dcf68b esmf_fieldregridmod_b_or_p_gridtomesh_()  /work/noaa/da/mpotts/sandbox/pgi_2019_openmpi_g_release_8.4.0/esmf/src/Infrastructure/Field/src/ESMF_FieldRegrid.F90:3228
 6 0x0000000001dcaa6b esmf_fieldregridmod_getmeshwithnodesonfieldloc_()  /work/noaa/da/mpotts/sandbox/pgi_2019_openmpi_g_release_8.4.0/esmf/src/Infrastructure/Field/src/ESMF_FieldRegrid.F90:1346
 7 0x0000000001dc83b9 esmf_fieldregridmod_esmf_fieldregridstorenx_()  /work/noaa/da/mpotts/sandbox/pgi_2019_openmpi_g_release_8.4.0/esmf/src/Infrastructure/Field/src/ESMF_FieldRegrid.F90:971
 8 0x00000000004085b0 MAIN_()  /work/noaa/da/mpotts/sandbox/pgi_2019_openmpi_g_release_8.4.0/esmf/src/Infrastructure/Route/examples/ESMF_RHandleDynamicMaskingEx.F90:350
 9 0x0000000000406473 main()  ???:0
10 0x0000000000022495 __libc_start_main()  ???:0
11 0x0000000000406379 _start()  ???:0
=================================
[Orion-02-62:333940] [ 1] /work/noaa/da/mpotts/sandbox/pgi_2019_openmpi_g_release_8.4.0/esmf/lib/libg/Linux.pgi.64.openmpi.default/libesmf.so(_ZN5ESMCI6LogErr13MsgFoundErrorEiPKciS2_S2_Pi+0x34)[0x7faeaec99694]
[Orion-02-62:333940] [ 2] /work/noaa/da/mpotts/sandbox/pgi_2019_openmpi_g_release_8.4.0/esmf/lib/libg/Linux.pgi.64.openmpi.default/libesmf.so(_ZN5ESMCI7MeshCap22meshcreatenodedistgridEPi+0x81)[0x7faeaee7dc01]
[Orion-02-62:333942] *** Process received signal ***
[Orion-02-62:333942] Signal: Segmentation fault (11)
[Orion-02-62:333942] Signal code:  (-6)
[Orion-02-62:333942] Failing at address: 0x20e500051876
[Orion-02-62:333942] [ 0] /lib64/libpthread.so.0(+0xf5d0)[0x7f1e98a395d0]
[Orion-02-62:333940] [ 3] /work/noaa/da/mpotts/sandbox/pgi_2019_openmpi_g_release_8.4.0/esmf/lib/libg/Linux.pgi.64.openmpi.default/libesmf.so(c_esmc_meshcreatenodedistgrid_+0x177)[0x7faeaeec3767]
[Orion-02-62:333940] [ 4] /work/noaa/da/mpotts/sandbox/pgi_2019_openmpi_g_release_8.4.0/esmf/lib/libg/Linux.pgi.64.openmpi.default/libesmf.so(esmf_meshmod_esmf_meshcreatefrompointer_+0x78)[0x7faeafb923c8]
[Orion-02-62:333942] [ 1] /work/noaa/da/mpotts/sandbox/pgi_2019_openmpi_g_release_8.4.0/esmf/lib/libg/Linux.pgi.64.openmpi.default/libesmf.so(_ZN5ESMCI6LogErr13MsgFoundErrorEiPKciS2_S2_Pi+0x34)[0x7f1e95dc8694]
[Orion-02-62:333940] [ 5] /work/noaa/da/mpotts/sandbox/pgi_2019_openmpi_g_release_8.4.0/esmf/lib/libg/Linux.pgi.64.openmpi.default/libesmf.so(esmf_gridutilmod_esmf_gridtomesh_+0x550)[0x7faeaf9c0c60]
[Orion-02-62:333942] [ 2] /work/noaa/da/mpotts/sandbox/pgi_2019_openmpi_g_release_8.4.0/esmf/lib/libg/Linux.pgi.64.openmpi.default/libesmf.so(_ZN5ESMCI7MeshCap22meshcreatenodedistgridEPi+0x81)[0x7f1e95facc01]
[Orion-02-62:333940] [ 6] /work/noaa/da/mpotts/sandbox/pgi_2019_openmpi_g_release_8.4.0/esmf/lib/libg/Linux.pgi.64.openmpi.default/libesmf.so(esmf_fieldregridmod_b_or_p_gridtomesh_+0x60b)[0x7faeaf86668b]
[Orion-02-62:333942] [ 3] /work/noaa/da/mpotts/sandbox/pgi_2019_openmpi_g_release_8.4.0/esmf/lib/libg/Linux.pgi.64.openmpi.default/libesmf.so(c_esmc_meshcreatenodedistgrid_+0x177)[0x7f1e95ff2767]
[Orion-02-62:333940] [ 7] /work/noaa/da/mpotts/sandbox/pgi_2019_openmpi_g_release_8.4.0/esmf/lib/libg/Linux.pgi.64.openmpi.default/libesmf.so(esmf_fieldregridmod_getmeshwithnodesonfieldloc_+0x54b)[0x7faeaf861a6b]
[Orion-02-62:333942] [ 4] /work/noaa/da/mpotts/sandbox/pgi_2019_openmpi_g_release_8.4.0/esmf/lib/libg/Linux.pgi.64.openmpi.default/libesmf.so(esmf_meshmod_esmf_meshcreatefrompointer_+0x78)[0x7f1e96cc13c8]
[Orion-02-62:333940] [ 8] /work/noaa/da/mpotts/sandbox/pgi_2019_openmpi_g_release_8.4.0/esmf/lib/libg/Linux.pgi.64.openmpi.default/libesmf.so(esmf_fieldregridmod_esmf_fieldregridstorenx_+0x1029)[0x7faeaf85f3b9]
[Orion-02-62:333940] [ 9] /work/noaa/da/mpotts/sandbox/pgi_2019_openmpi_g_release_8.4.0/esmf/examples/examplesg/Linux.pgi.64.openmpi.default/./ESMF_RHandleDynamicMaskingEx[0x4085b0]
[Orion-02-62:333940] [10] /work/noaa/da/mpotts/sandbox/pgi_2019_openmpi_g_release_8.4.0/esmf/examples/examplesg/Linux.pgi.64.openmpi.default/./ESMF_RHandleDynamicMaskingEx[0x406473]
[Orion-02-62:333940] [11] /lib64/libc.so.6(__libc_start_main+0xf5)[0x7faea9ee4495]
[Orion-02-62:333940] [12] /work/noaa/da/mpotts/sandbox/pgi_2019_openmpi_g_release_8.4.0/esmf/examples/examplesg/Linux.pgi.64.openmpi.default/./ESMF_RHandleDynamicMaskingEx[0x406379]
[Orion-02-62:333940] *** End of error message ***
[Orion-02-62:333942] [ 5] /work/noaa/da/mpotts/sandbox/pgi_2019_openmpi_g_release_8.4.0/esmf/lib/libg/Linux.pgi.64.openmpi.default/libesmf.so(esmf_gridutilmod_esmf_gridtomesh_+0x550)[0x7f1e96aefc60]
[Orion-02-62:333942] [ 6] /work/noaa/da/mpotts/sandbox/pgi_2019_openmpi_g_release_8.4.0/esmf/lib/libg/Linux.pgi.64.openmpi.default/libesmf.so(esmf_fieldregridmod_b_or_p_gridtomesh_+0x60b)[0x7f1e9699568b]
[Orion-02-62:333942] [ 7] /work/noaa/da/mpotts/sandbox/pgi_2019_openmpi_g_release_8.4.0/esmf/lib/libg/Linux.pgi.64.openmpi.default/libesmf.so(esmf_fieldregridmod_getmeshwithnodesonfieldloc_+0x54b)[0x7f1e96990a6b]
[Orion-02-62:333942] [ 8] /work/noaa/da/mpotts/sandbox/pgi_2019_openmpi_g_release_8.4.0/esmf/lib/libg/Linux.pgi.64.openmpi.default/libesmf.so(esmf_fieldregridmod_esmf_fieldregridstorenx_+0x1029)[0x7f1e9698e3b9]
[Orion-02-62:333942] [ 9] /work/noaa/da/mpotts/sandbox/pgi_2019_openmpi_g_release_8.4.0/esmf/examples/examplesg/Linux.pgi.64.openmpi.default/./ESMF_RHandleDynamicMaskingEx[0x4085b0]
[Orion-02-62:333942] [10] /work/noaa/da/mpotts/sandbox/pgi_2019_openmpi_g_release_8.4.0/esmf/examples/examplesg/Linux.pgi.64.openmpi.default/./ESMF_RHandleDynamicMaskingEx[0x406473]
[Orion-02-62:333942] [11] /lib64/libc.so.6(__libc_start_main+0xf5)[0x7f1e91013495]
[Orion-02-62:333942] [12] /work/noaa/da/mpotts/sandbox/pgi_2019_openmpi_g_release_8.4.0/esmf/examples/examplesg/Linux.pgi.64.openmpi.default/./ESMF_RHandleDynamicMaskingEx[0x406379]
[Orion-02-62:333942] *** End of error message ***
srun: error: Orion-02-62: tasks 0-3: Segmentation fault
srun: launch/slurm: _step_signal: Terminating StepId=7233725.290
