2022-10-16 03:24:05
20221016 042941.040 INFO             PET0 !!!!!!!!!!!!!!!!!!!!!!!!!!!!!!!!!!!!!!!!!!!!!!!!!!!!!!
20221016 042941.041 INFO             PET0 !!! THE ESMF_LOG IS SET TO OUTPUT ALL LOG MESSAGES !!!
20221016 042941.041 INFO             PET0 !!!     THIS MAY CAUSE SLOWDOWN IN PERFORMANCE     !!!
20221016 042941.041 INFO             PET0 !!! FOR PRODUCTION RUNS, USE:                      !!!
20221016 042941.041 INFO             PET0 !!!                   ESMF_LOGKIND_Multi_On_Error  !!!
20221016 042941.041 INFO             PET0 !!!!!!!!!!!!!!!!!!!!!!!!!!!!!!!!!!!!!!!!!!!!!!!!!!!!!!
20221016 042941.041 INFO             PET0 Running with ESMF Version   : v8.4.0b20
20221016 042941.041 INFO             PET0 ESMF library build date/time: "Oct 16 2022" "03:20:12"
20221016 042941.041 INFO             PET0 ESMF library build location : /work/noaa/da/mpotts/sandbox/pgi_2019_openmpi_g_release_8.4.0/esmf
20221016 042941.041 INFO             PET0 ESMF_COMM                   : openmpi
20221016 042941.042 INFO             PET0 ESMF_MOAB                   : enabled
20221016 042941.042 INFO             PET0 ESMF_LAPACK                 : enabled
20221016 042941.042 INFO             PET0 ESMF_NETCDF                 : enabled
20221016 042941.042 INFO             PET0 ESMF_PNETCDF                : disabled
20221016 042941.042 INFO             PET0 ESMF_PIO                    : enabled
20221016 042941.042 INFO             PET0 ESMF_YAMLCPP                : enabled
20221016 042941.043 INFO             PET0  NUMBER_OF_PROCESSORS            1
20221016 042941.043 INFO             PET0  PASS  Example ESMF_ClockEx, ESMF_ClockEx.F90, line 220
20221016 042941.043 INFO             PET0 Finalizing ESMF
