2022-10-16 03:24:05
[Orion-02-62:353776:0:353776] Caught signal 11 (Segmentation fault: address not mapped to object at address 0x4f1b591)
[Orion-02-62:353777:0:353777] Caught signal 11 (Segmentation fault: address not mapped to object at address 0x4f1b591)
[Orion-02-62:353778:0:353778] Caught signal 11 (Segmentation fault: address not mapped to object at address 0x4f1b591)
[Orion-02-62:353779:0:353779] Caught signal 11 (Segmentation fault: address not mapped to object at address 0x4f1b591)

/work/noaa/da/mpotts/sandbox/pgi_2019_openmpi_g_release_8.4.0/esmf/src/Infrastructure/LogErr/src/ESMCI_LogErr.C: [ ESMCI::LogErr::MsgFoundError() ]
      ...
      583 {
      584     bool result=false;
      585 #ifdef ESMC_SUCCESSDEFAULT_ON
==>   586     if (rcToReturn != ESMC_NULL_POINTER) *rcToReturn=ESMF_SUCCESS;
      587 #endif
      588     if (trace) {
      589         Write(ESMC_METHOD,ESMC_LOGMSG_TRACE,


/work/noaa/da/mpotts/sandbox/pgi_2019_openmpi_g_release_8.4.0/esmf/src/Infrastructure/LogErr/src/ESMCI_LogErr.C: [ ESMCI::LogErr::MsgFoundError() ]
      ...
      583 {
      584     bool result=false;
      585 #ifdef ESMC_SUCCESSDEFAULT_ON
==>   586     if (rcToReturn != ESMC_NULL_POINTER) *rcToReturn=ESMF_SUCCESS;
      587 #endif
      588     if (trace) {
      589         Write(ESMC_METHOD,ESMC_LOGMSG_TRACE,


/work/noaa/da/mpotts/sandbox/pgi_2019_openmpi_g_release_8.4.0/esmf/src/Infrastructure/LogErr/src/ESMCI_LogErr.C: [ ESMCI::LogErr::MsgFoundError() ]
      ...
      583 {
      584     bool result=false;
      585 #ifdef ESMC_SUCCESSDEFAULT_ON
==>   586     if (rcToReturn != ESMC_NULL_POINTER) *rcToReturn=ESMF_SUCCESS;
      587 #endif
      588     if (trace) {
      589         Write(ESMC_METHOD,ESMC_LOGMSG_TRACE,


/work/noaa/da/mpotts/sandbox/pgi_2019_openmpi_g_release_8.4.0/esmf/src/Infrastructure/LogErr/src/ESMCI_LogErr.C: [ ESMCI::LogErr::MsgFoundError() ]
      ...
      583 {
      584     bool result=false;
      585 #ifdef ESMC_SUCCESSDEFAULT_ON
==>   586     if (rcToReturn != ESMC_NULL_POINTER) *rcToReturn=ESMF_SUCCESS;
      587 #endif
      588     if (trace) {
      589         Write(ESMC_METHOD,ESMC_LOGMSG_TRACE,

==== backtrace (tid: 353779) ====
 0 0x0000000001202694 ESMCI::LogErr::MsgFoundError()  /work/noaa/da/mpotts/sandbox/pgi_2019_openmpi_g_release_8.4.0/esmf/src/Infrastructure/LogErr/src/ESMCI_LogErr.C:586
 1 0x00000000013e6c01 ESMCI::MeshCap::meshcreatenodedistgrid()  /work/noaa/da/mpotts/sandbox/pgi_2019_openmpi_g_release_8.4.0/esmf/src/Infrastructure/Mesh/src/ESMCI_MeshCap.C:1754
 2 0x000000000142c767 c_esmc_meshcreatenodedistgrid_()  /work/noaa/da/mpotts/sandbox/pgi_2019_openmpi_g_release_8.4.0/esmf/src/Infrastructure/Mesh/interface/ESMCI_Mesh_F.C:247
 3 0x00000000020fb3c8 esmf_meshmod_esmf_meshcreatefrompointer_()  /work/noaa/da/mpotts/sandbox/pgi_2019_openmpi_g_release_8.4.0/esmf/src/Infrastructure/Mesh/interface/ESMF_Mesh.F90:3091
 4 0x0000000001f29c60 esmf_gridutilmod_esmf_gridtomesh_()  /work/noaa/da/mpotts/sandbox/pgi_2019_openmpi_g_release_8.4.0/esmf/src/Infrastructure/GridUtil/interface/ESMF_GridUtil.F90:453
 5 0x00000000021f28d9 esmf_xgridcreatemod_esmf_xgridcreate_()  /work/noaa/da/mpotts/sandbox/pgi_2019_openmpi_g_release_8.4.0/esmf/src/Infrastructure/XGrid/src/ESMF_XGridCreate.F90:958
 6 0x000000000040822c MAIN_()  /work/noaa/da/mpotts/sandbox/pgi_2019_openmpi_g_release_8.4.0/esmf/src/Infrastructure/XGrid/examples/ESMF_XGridEx.F90:227
 7 0x0000000000406593 main()  ???:0
 8 0x0000000000022495 __libc_start_main()  ???:0
 9 0x0000000000406499 _start()  ???:0
=================================
==== backtrace (tid: 353777) ====
 0 0x0000000001202694 ESMCI::LogErr::MsgFoundError()  /work/noaa/da/mpotts/sandbox/pgi_2019_openmpi_g_release_8.4.0/esmf/src/Infrastructure/LogErr/src/ESMCI_LogErr.C:586
 1 0x00000000013e6c01 ESMCI::MeshCap::meshcreatenodedistgrid()  /work/noaa/da/mpotts/sandbox/pgi_2019_openmpi_g_release_8.4.0/esmf/src/Infrastructure/Mesh/src/ESMCI_MeshCap.C:1754
 2 0x000000000142c767 c_esmc_meshcreatenodedistgrid_()  /work/noaa/da/mpotts/sandbox/pgi_2019_openmpi_g_release_8.4.0/esmf/src/Infrastructure/Mesh/interface/ESMCI_Mesh_F.C:247
 3 0x00000000020fb3c8 esmf_meshmod_esmf_meshcreatefrompointer_()  /work/noaa/da/mpotts/sandbox/pgi_2019_openmpi_g_release_8.4.0/esmf/src/Infrastructure/Mesh/interface/ESMF_Mesh.F90:3091
 4 0x0000000001f29c60 esmf_gridutilmod_esmf_gridtomesh_()  /work/noaa/da/mpotts/sandbox/pgi_2019_openmpi_g_release_8.4.0/esmf/src/Infrastructure/GridUtil/interface/ESMF_GridUtil.F90:453
 5 0x00000000021f28d9 esmf_xgridcreatemod_esmf_xgridcreate_()  /work/noaa/da/mpotts/sandbox/pgi_2019_openmpi_g_release_8.4.0/esmf/src/Infrastructure/XGrid/src/ESMF_XGridCreate.F90:958
 6 0x000000000040822c MAIN_()  /work/noaa/da/mpotts/sandbox/pgi_2019_openmpi_g_release_8.4.0/esmf/src/Infrastructure/XGrid/examples/ESMF_XGridEx.F90:227
 7 0x0000000000406593 main()  ???:0
 8 0x0000000000022495 __libc_start_main()  ???:0
 9 0x0000000000406499 _start()  ???:0
=================================
[Orion-02-62:353779] *** Process received signal ***
[Orion-02-62:353779] Signal: Segmentation fault (11)
[Orion-02-62:353779] Signal code:  (-6)
[Orion-02-62:353779] Failing at address: 0x20e5000565f3
[Orion-02-62:353779] [ 0] /lib64/libpthread.so.0(+0xf5d0)[0x7fc92667d5d0]
[Orion-02-62:353777] *** Process received signal ***
[Orion-02-62:353777] Signal: Segmentation fault (11)
[Orion-02-62:353777] Signal code:  (-6)
[Orion-02-62:353777] Failing at address: 0x20e5000565f1
[Orion-02-62:353777] [ 0] /lib64/libpthread.so.0(+0xf5d0)[0x7f3893e105d0]
[Orion-02-62:353779] [ 1] /work/noaa/da/mpotts/sandbox/pgi_2019_openmpi_g_release_8.4.0/esmf/lib/libg/Linux.pgi.64.openmpi.default/libesmf.so(_ZN5ESMCI6LogErr13MsgFoundErrorEiPKciS2_S2_Pi+0x34)[0x7fc923a0c694]
[Orion-02-62:353777] [ 1] /work/noaa/da/mpotts/sandbox/pgi_2019_openmpi_g_release_8.4.0/esmf/lib/libg/Linux.pgi.64.openmpi.default/libesmf.so(_ZN5ESMCI6LogErr13MsgFoundErrorEiPKciS2_S2_Pi+0x34)[0x7f389119f694]
[Orion-02-62:353779] [ 2] /work/noaa/da/mpotts/sandbox/pgi_2019_openmpi_g_release_8.4.0/esmf/lib/libg/Linux.pgi.64.openmpi.default/libesmf.so(_ZN5ESMCI7MeshCap22meshcreatenodedistgridEPi+0x81)[0x7fc923bf0c01]
[Orion-02-62:353777] [ 2] /work/noaa/da/mpotts/sandbox/pgi_2019_openmpi_g_release_8.4.0/esmf/lib/libg/Linux.pgi.64.openmpi.default/libesmf.so(_ZN5ESMCI7MeshCap22meshcreatenodedistgridEPi+0x81)[0x7f3891383c01]
[Orion-02-62:353779] [ 3] /work/noaa/da/mpotts/sandbox/pgi_2019_openmpi_g_release_8.4.0/esmf/lib/libg/Linux.pgi.64.openmpi.default/libesmf.so(c_esmc_meshcreatenodedistgrid_+0x177)[0x7fc923c36767]
[Orion-02-62:353777] [ 3] /work/noaa/da/mpotts/sandbox/pgi_2019_openmpi_g_release_8.4.0/esmf/lib/libg/Linux.pgi.64.openmpi.default/libesmf.so(c_esmc_meshcreatenodedistgrid_+0x177)[0x7f38913c9767]
[Orion-02-62:353779] [ 4] /work/noaa/da/mpotts/sandbox/pgi_2019_openmpi_g_release_8.4.0/esmf/lib/libg/Linux.pgi.64.openmpi.default/libesmf.so(esmf_meshmod_esmf_meshcreatefrompointer_+0x78)[0x7fc9249053c8]
[Orion-02-62:353777] [ 4] /work/noaa/da/mpotts/sandbox/pgi_2019_openmpi_g_release_8.4.0/esmf/lib/libg/Linux.pgi.64.openmpi.default/libesmf.so(esmf_meshmod_esmf_meshcreatefrompointer_+0x78)[0x7f38920983c8]
[Orion-02-62:353779] [ 5] /work/noaa/da/mpotts/sandbox/pgi_2019_openmpi_g_release_8.4.0/esmf/lib/libg/Linux.pgi.64.openmpi.default/libesmf.so(esmf_gridutilmod_esmf_gridtomesh_+0x550)[0x7fc924733c60]
[Orion-02-62:353777] [ 5] /work/noaa/da/mpotts/sandbox/pgi_2019_openmpi_g_release_8.4.0/esmf/lib/libg/Linux.pgi.64.openmpi.default/libesmf.so(esmf_gridutilmod_esmf_gridtomesh_+0x550)[0x7f3891ec6c60]
[Orion-02-62:353779] [ 6] /work/noaa/da/mpotts/sandbox/pgi_2019_openmpi_g_release_8.4.0/esmf/lib/libg/Linux.pgi.64.openmpi.default/libesmf.so(esmf_xgridcreatemod_esmf_xgridcreate_+0x3ee9)[0x7fc9249fc8d9]
[Orion-02-62:353779] [ 7] /work/noaa/da/mpotts/sandbox/pgi_2019_openmpi_g_release_8.4.0/esmf/examples/examplesg/Linux.pgi.64.openmpi.default/./ESMF_XGridEx[0x40822c]
[Orion-02-62:353779] [ 8] /work/noaa/da/mpotts/sandbox/pgi_2019_openmpi_g_release_8.4.0/esmf/examples/examplesg/Linux.pgi.64.openmpi.default/./ESMF_XGridEx[0x406593]
[Orion-02-62:353779] [ 9] /lib64/libc.so.6(__libc_start_main+0xf5)[0x7fc91ec57495]
[Orion-02-62:353779] [10] /work/noaa/da/mpotts/sandbox/pgi_2019_openmpi_g_release_8.4.0/esmf/examples/examplesg/Linux.pgi.64.openmpi.default/./ESMF_XGridEx[0x406499]
[Orion-02-62:353779] *** End of error message ***
[Orion-02-62:353777] [ 6] /work/noaa/da/mpotts/sandbox/pgi_2019_openmpi_g_release_8.4.0/esmf/lib/libg/Linux.pgi.64.openmpi.default/libesmf.so(esmf_xgridcreatemod_esmf_xgridcreate_+0x3ee9)[0x7f389218f8d9]
[Orion-02-62:353777] [ 7] /work/noaa/da/mpotts/sandbox/pgi_2019_openmpi_g_release_8.4.0/esmf/examples/examplesg/Linux.pgi.64.openmpi.default/./ESMF_XGridEx[0x40822c]
[Orion-02-62:353777] [ 8] /work/noaa/da/mpotts/sandbox/pgi_2019_openmpi_g_release_8.4.0/esmf/examples/examplesg/Linux.pgi.64.openmpi.default/./ESMF_XGridEx[0x406593]
[Orion-02-62:353777] [ 9] /lib64/libc.so.6(__libc_start_main+0xf5)[0x7f388c3ea495]
[Orion-02-62:353777] [10] /work/noaa/da/mpotts/sandbox/pgi_2019_openmpi_g_release_8.4.0/esmf/examples/examplesg/Linux.pgi.64.openmpi.default/./ESMF_XGridEx[0x406499]
[Orion-02-62:353777] *** End of error message ***
==== backtrace (tid: 353776) ====
 0 0x0000000001202694 ESMCI::LogErr::MsgFoundError()  /work/noaa/da/mpotts/sandbox/pgi_2019_openmpi_g_release_8.4.0/esmf/src/Infrastructure/LogErr/src/ESMCI_LogErr.C:586
 1 0x00000000013e6c01 ESMCI::MeshCap::meshcreatenodedistgrid()  /work/noaa/da/mpotts/sandbox/pgi_2019_openmpi_g_release_8.4.0/esmf/src/Infrastructure/Mesh/src/ESMCI_MeshCap.C:1754
 2 0x000000000142c767 c_esmc_meshcreatenodedistgrid_()  /work/noaa/da/mpotts/sandbox/pgi_2019_openmpi_g_release_8.4.0/esmf/src/Infrastructure/Mesh/interface/ESMCI_Mesh_F.C:247
 3 0x00000000020fb3c8 esmf_meshmod_esmf_meshcreatefrompointer_()  /work/noaa/da/mpotts/sandbox/pgi_2019_openmpi_g_release_8.4.0/esmf/src/Infrastructure/Mesh/interface/ESMF_Mesh.F90:3091
 4 0x0000000001f29c60 esmf_gridutilmod_esmf_gridtomesh_()  /work/noaa/da/mpotts/sandbox/pgi_2019_openmpi_g_release_8.4.0/esmf/src/Infrastructure/GridUtil/interface/ESMF_GridUtil.F90:453
 5 0x00000000021f28d9 esmf_xgridcreatemod_esmf_xgridcreate_()  /work/noaa/da/mpotts/sandbox/pgi_2019_openmpi_g_release_8.4.0/esmf/src/Infrastructure/XGrid/src/ESMF_XGridCreate.F90:958
 6 0x000000000040822c MAIN_()  /work/noaa/da/mpotts/sandbox/pgi_2019_openmpi_g_release_8.4.0/esmf/src/Infrastructure/XGrid/examples/ESMF_XGridEx.F90:227
 7 0x0000000000406593 main()  ???:0
 8 0x0000000000022495 __libc_start_main()  ???:0
 9 0x0000000000406499 _start()  ???:0
=================================
==== backtrace (tid: 353778) ====
 0 0x0000000001202694 ESMCI::LogErr::MsgFoundError()  /work/noaa/da/mpotts/sandbox/pgi_2019_openmpi_g_release_8.4.0/esmf/src/Infrastructure/LogErr/src/ESMCI_LogErr.C:586
 1 0x00000000013e6c01 ESMCI::MeshCap::meshcreatenodedistgrid()  /work/noaa/da/mpotts/sandbox/pgi_2019_openmpi_g_release_8.4.0/esmf/src/Infrastructure/Mesh/src/ESMCI_MeshCap.C:1754
 2 0x000000000142c767 c_esmc_meshcreatenodedistgrid_()  /work/noaa/da/mpotts/sandbox/pgi_2019_openmpi_g_release_8.4.0/esmf/src/Infrastructure/Mesh/interface/ESMCI_Mesh_F.C:247
 3 0x00000000020fb3c8 esmf_meshmod_esmf_meshcreatefrompointer_()  /work/noaa/da/mpotts/sandbox/pgi_2019_openmpi_g_release_8.4.0/esmf/src/Infrastructure/Mesh/interface/ESMF_Mesh.F90:3091
 4 0x0000000001f29c60 esmf_gridutilmod_esmf_gridtomesh_()  /work/noaa/da/mpotts/sandbox/pgi_2019_openmpi_g_release_8.4.0/esmf/src/Infrastructure/GridUtil/interface/ESMF_GridUtil.F90:453
 5 0x00000000021f28d9 esmf_xgridcreatemod_esmf_xgridcreate_()  /work/noaa/da/mpotts/sandbox/pgi_2019_openmpi_g_release_8.4.0/esmf/src/Infrastructure/XGrid/src/ESMF_XGridCreate.F90:958
 6 0x000000000040822c MAIN_()  /work/noaa/da/mpotts/sandbox/pgi_2019_openmpi_g_release_8.4.0/esmf/src/Infrastructure/XGrid/examples/ESMF_XGridEx.F90:227
 7 0x0000000000406593 main()  ???:0
 8 0x0000000000022495 __libc_start_main()  ???:0
 9 0x0000000000406499 _start()  ???:0
=================================
[Orion-02-62:353778] *** Process received signal ***
[Orion-02-62:353778] Signal: Segmentation fault (11)
[Orion-02-62:353778] Signal code:  (-6)
[Orion-02-62:353778] Failing at address: 0x20e5000565f2
[Orion-02-62:353778] [ 0] /lib64/libpthread.so.0(+0xf5d0)[0x7f32cd3135d0]
[Orion-02-62:353778] [ 1] /work/noaa/da/mpotts/sandbox/pgi_2019_openmpi_g_release_8.4.0/esmf/lib/libg/Linux.pgi.64.openmpi.default/libesmf.so(_ZN5ESMCI6LogErr13MsgFoundErrorEiPKciS2_S2_Pi+0x34)[0x7f32ca6a2694]
[Orion-02-62:353776] *** Process received signal ***
[Orion-02-62:353776] Signal: Segmentation fault (11)
[Orion-02-62:353776] Signal code:  (-6)
[Orion-02-62:353776] Failing at address: 0x20e5000565f0
[Orion-02-62:353776] [ 0] /lib64/libpthread.so.0(+0xf5d0)[0x7f3814fa25d0]
[Orion-02-62:353778] [ 2] /work/noaa/da/mpotts/sandbox/pgi_2019_openmpi_g_release_8.4.0/esmf/lib/libg/Linux.pgi.64.openmpi.default/libesmf.so(_ZN5ESMCI7MeshCap22meshcreatenodedistgridEPi+0x81)[0x7f32ca886c01]
[Orion-02-62:353776] [ 1] /work/noaa/da/mpotts/sandbox/pgi_2019_openmpi_g_release_8.4.0/esmf/lib/libg/Linux.pgi.64.openmpi.default/libesmf.so(_ZN5ESMCI6LogErr13MsgFoundErrorEiPKciS2_S2_Pi+0x34)[0x7f3812331694]
[Orion-02-62:353778] [ 3] /work/noaa/da/mpotts/sandbox/pgi_2019_openmpi_g_release_8.4.0/esmf/lib/libg/Linux.pgi.64.openmpi.default/libesmf.so(c_esmc_meshcreatenodedistgrid_+0x177)[0x7f32ca8cc767]
[Orion-02-62:353776] [ 2] /work/noaa/da/mpotts/sandbox/pgi_2019_openmpi_g_release_8.4.0/esmf/lib/libg/Linux.pgi.64.openmpi.default/libesmf.so(_ZN5ESMCI7MeshCap22meshcreatenodedistgridEPi+0x81)[0x7f3812515c01]
[Orion-02-62:353778] [ 4] /work/noaa/da/mpotts/sandbox/pgi_2019_openmpi_g_release_8.4.0/esmf/lib/libg/Linux.pgi.64.openmpi.default/libesmf.so(esmf_meshmod_esmf_meshcreatefrompointer_+0x78)[0x7f32cb59b3c8]
[Orion-02-62:353778] [ 5] /work/noaa/da/mpotts/sandbox/pgi_2019_openmpi_g_release_8.4.0/esmf/lib/libg/Linux.pgi.64.openmpi.default/libesmf.so(esmf_gridutilmod_esmf_gridtomesh_+0x550)[0x7f32cb3c9c60]
[Orion-02-62:353776] [ 3] /work/noaa/da/mpotts/sandbox/pgi_2019_openmpi_g_release_8.4.0/esmf/lib/libg/Linux.pgi.64.openmpi.default/libesmf.so(c_esmc_meshcreatenodedistgrid_+0x177)[0x7f381255b767]
[Orion-02-62:353778] [ 6] /work/noaa/da/mpotts/sandbox/pgi_2019_openmpi_g_release_8.4.0/esmf/lib/libg/Linux.pgi.64.openmpi.default/libesmf.so(esmf_xgridcreatemod_esmf_xgridcreate_+0x3ee9)[0x7f32cb6928d9]
[Orion-02-62:353778] [ 7] /work/noaa/da/mpotts/sandbox/pgi_2019_openmpi_g_release_8.4.0/esmf/examples/examplesg/Linux.pgi.64.openmpi.default/./ESMF_XGridEx[0x40822c]
[Orion-02-62:353778] [ 8] /work/noaa/da/mpotts/sandbox/pgi_2019_openmpi_g_release_8.4.0/esmf/examples/examplesg/Linux.pgi.64.openmpi.default/./ESMF_XGridEx[0x406593]
[Orion-02-62:353776] [ 4] /work/noaa/da/mpotts/sandbox/pgi_2019_openmpi_g_release_8.4.0/esmf/lib/libg/Linux.pgi.64.openmpi.default/libesmf.so(esmf_meshmod_esmf_meshcreatefrompointer_+0x78)[0x7f381322a3c8]
[Orion-02-62:353778] [ 9] /lib64/libc.so.6(__libc_start_main+0xf5)[0x7f32c58ed495]
[Orion-02-62:353778] [10] /work/noaa/da/mpotts/sandbox/pgi_2019_openmpi_g_release_8.4.0/esmf/examples/examplesg/Linux.pgi.64.openmpi.default/./ESMF_XGridEx[0x406499]
[Orion-02-62:353778] *** End of error message ***
[Orion-02-62:353776] [ 5] /work/noaa/da/mpotts/sandbox/pgi_2019_openmpi_g_release_8.4.0/esmf/lib/libg/Linux.pgi.64.openmpi.default/libesmf.so(esmf_gridutilmod_esmf_gridtomesh_+0x550)[0x7f3813058c60]
[Orion-02-62:353776] [ 6] /work/noaa/da/mpotts/sandbox/pgi_2019_openmpi_g_release_8.4.0/esmf/lib/libg/Linux.pgi.64.openmpi.default/libesmf.so(esmf_xgridcreatemod_esmf_xgridcreate_+0x3ee9)[0x7f38133218d9]
[Orion-02-62:353776] [ 7] /work/noaa/da/mpotts/sandbox/pgi_2019_openmpi_g_release_8.4.0/esmf/examples/examplesg/Linux.pgi.64.openmpi.default/./ESMF_XGridEx[0x40822c]
[Orion-02-62:353776] [ 8] /work/noaa/da/mpotts/sandbox/pgi_2019_openmpi_g_release_8.4.0/esmf/examples/examplesg/Linux.pgi.64.openmpi.default/./ESMF_XGridEx[0x406593]
[Orion-02-62:353776] [ 9] /lib64/libc.so.6(__libc_start_main+0xf5)[0x7f380d57c495]
[Orion-02-62:353776] [10] /work/noaa/da/mpotts/sandbox/pgi_2019_openmpi_g_release_8.4.0/esmf/examples/examplesg/Linux.pgi.64.openmpi.default/./ESMF_XGridEx[0x406499]
[Orion-02-62:353776] *** End of error message ***
srun: error: Orion-02-62: tasks 0-3: Segmentation fault
srun: launch/slurm: _step_signal: Terminating StepId=7233725.309
