2022-10-24 05:16:23
20221024 063458.588 INFO             PET0 !!!!!!!!!!!!!!!!!!!!!!!!!!!!!!!!!!!!!!!!!!!!!!!!!!!!!!
20221024 063458.588 INFO             PET0 !!! THE ESMF_LOG IS SET TO OUTPUT ALL LOG MESSAGES !!!
20221024 063458.588 INFO             PET0 !!!     THIS MAY CAUSE SLOWDOWN IN PERFORMANCE     !!!
20221024 063458.588 INFO             PET0 !!! FOR PRODUCTION RUNS, USE:                      !!!
20221024 063458.588 INFO             PET0 !!!                   ESMF_LOGKIND_Multi_On_Error  !!!
20221024 063458.588 INFO             PET0 !!!!!!!!!!!!!!!!!!!!!!!!!!!!!!!!!!!!!!!!!!!!!!!!!!!!!!
20221024 063458.588 INFO             PET0 Running with ESMF Version   : v8.4.0b21
20221024 063458.588 INFO             PET0 ESMF library build date/time: "Oct 24 2022" "05:09:05"
20221024 063458.588 INFO             PET0 ESMF library build location : /glade/scratch/theurich/ESMF-Nightly-Testing/intel_18.0.5_mpt_g_release_8.4.0/esmf
20221024 063458.588 INFO             PET0 ESMF_COMM                   : mpt
20221024 063458.589 INFO             PET0 ESMF_MOAB                   : enabled
20221024 063458.589 INFO             PET0 ESMF_LAPACK                 : enabled
20221024 063458.589 INFO             PET0 ESMF_NETCDF                 : enabled
20221024 063458.589 INFO             PET0 ESMF_PNETCDF                : disabled
20221024 063458.589 INFO             PET0 ESMF_PIO                    : enabled
20221024 063458.589 INFO             PET0 ESMF_YAMLCPP                : enabled
20221024 063458.589 INFO             PET0 esmApp STARTING
20221024 063458.595 INFO             PET0 esm: InitializeGeneric intro.
20221024 063458.595 INFO             PET0   esm: InitializeP0 intro.
20221024 063458.595 INFO             PET0   esm: InitializeP0 extro.
20221024 063458.595 INFO             PET0   esm: InitializeIPDv02p1 intro.
20221024 063458.595 INFO             PET0     >>>esm: entered Initialize (phase=<none>) without valid internal Clock.
20221024 063458.596 INFO             PET0     esm - Creating model component ATM with petList of size 2 :
20221024 063458.596 INFO             PET0           0      1
20221024 063458.599 INFO             PET0     esm - Creating model component OCN with petList of size 2 :
20221024 063458.599 INFO             PET0           2      3
20221024 063458.599 INFO             PET0     esm - Creating connector component ATM-TO-OCN with petList of size 4 :
20221024 063458.599 INFO             PET0           0      1      2      3
20221024 063458.605 INFO             PET0     esm - Creating connector component OCN-TO-ATM with petList of size 4 :
20221024 063458.605 INFO             PET0           2      3      0      1
20221024 063458.611 INFO             PET0     esm - Creating state: modelComp 1 Import State
20221024 063458.612 INFO             PET0     esm - Creating state: modelComp 1 Export State
20221024 063458.612 INFO             PET0     esm - Creating state: modelComp 2 Import State
20221024 063458.612 INFO             PET0     esm - Creating state: modelComp 2 Export State
20221024 063458.613 INFO             PET0     ATM: InitializeP0 intro.
20221024 063458.615 INFO             PET0     ATM: InitializeP0 extro.
20221024 063458.619 INFO             PET0     ATM-TO-OCN: InitializeP0 intro.
20221024 063458.620 INFO             PET0     ATM-TO-OCN: InitializeP0 extro.
20221024 063458.621 INFO             PET0     OCN-TO-ATM: InitializeP0 intro.
20221024 063458.621 INFO             PET0     OCN-TO-ATM: InitializeP0 extro.
20221024 063458.623 INFO             PET0     esm: IInitAdvertise intro.
20221024 063458.624 INFO             PET0     esm: IInitAdvertise extro.
20221024 063458.624 INFO             PET0     ATM: InitializeIPDvXp01 intro.
20221024 063458.629 INFO             PET0     ATM: InitializeIPDvXp01 extro.
20221024 063458.637 INFO             PET0     ATM-TO-OCN: InitializeIPDv05p1 intro.
20221024 063458.650 INFO             PET0     ATM-TO-OCN: InitializeIPDv05p1 extro.
20221024 063458.650 INFO             PET0     OCN-TO-ATM: InitializeIPDv05p1 intro.
20221024 063458.655 INFO             PET0     OCN-TO-ATM: InitializeIPDv05p1 extro.
20221024 063458.655 INFO             PET0     esm: IInitAdvertiseFinish intro.
20221024 063458.655 INFO             PET0     esm: IInitAdvertiseFinish extro.
20221024 063458.656 INFO             PET0     ATM-TO-OCN: InitializeIPDv05p2a intro.
20221024 063458.668 INFO             PET0     ATM-TO-OCN: InitializeIPDv05p2a extro.
20221024 063458.668 INFO             PET0     OCN-TO-ATM: InitializeIPDv05p2a intro.
20221024 063458.673 INFO             PET0     OCN-TO-ATM: InitializeIPDv05p2a extro.
20221024 063458.673 INFO             PET0     ATM-TO-OCN: InitializeIPDv05p2b intro.
20221024 063458.686 INFO             PET0     ATM-TO-OCN: InitializeIPDv05p2b extro.
20221024 063458.688 INFO             PET0     OCN-TO-ATM: InitializeIPDv05p2b intro.
20221024 063458.694 INFO             PET0     OCN-TO-ATM: InitializeIPDv05p2b extro.
20221024 063458.694 INFO             PET0     esm: IInitModifyCplLists intro.
20221024 063458.694 INFO             PET0       Driver is in ModifyCplLists()
20221024 063458.694 INFO             PET0        Found            2  Connectors. Modifying CplList Attribute....
20221024 063458.694 INFO             PET0        Modifying cplList Attribute on ATM-TO-OCN: air_pressure_at_sea_level
20221024 063458.694 INFO             PET0        Modified: air_pressure_at_sea_level:REMAPMETHOD=redist
20221024 063458.694 INFO             PET0        Modifying cplList Attribute on ATM-TO-OCN: surface_net_downward_longwave_flux
20221024 063458.694 INFO             PET0        Modified: surface_net_downward_longwave_flux:REMAPMETHOD=bilinear:SrcTermProcessing=1:DUMPWEIGHTS=true:TermOrder=SrcSeq
20221024 063458.694 INFO             PET0        Modifying cplList Attribute on ATM-TO-OCN: surface_net_downward_shortwave_flux
20221024 063458.695 INFO             PET0        Modified: surface_net_downward_shortwave_flux:REMAPMETHOD=redist
20221024 063458.695 INFO             PET0        Modifying cplList Attribute on ATM-TO-OCN: surface_downward_heat_flux_in_air
20221024 063458.695 INFO             PET0        Modified: surface_downward_heat_flux_in_air:REMAPMETHOD=bilinear:SrcTermProcessing=1:DUMPWEIGHTS=true:TermOrder=SrcSeq
20221024 063458.695 INFO             PET0        Modifying cplList Attribute on OCN-TO-ATM: sea_surface_temperature
20221024 063458.695 INFO             PET0        Modified: sea_surface_temperature:REMAPMETHOD=bilinear:SrcTermProcessing=1:DUMPWEIGHTS=true:TermOrder=SrcSeq
20221024 063458.695 INFO             PET0     esm: IInitModifyCplLists extro.
20221024 063458.695 INFO             PET0     ATM-TO-OCN: InitializeIPDv05p3 intro.
20221024 063458.708 INFO             PET0     ATM-TO-OCN: InitializeIPDv05p3 extro.
20221024 063458.708 INFO             PET0     OCN-TO-ATM: InitializeIPDv05p3 intro.
20221024 063458.714 INFO             PET0     OCN-TO-ATM: InitializeIPDv05p3 extro.
20221024 063458.714 INFO             PET0     <<<esm: leaving Initialize (phase=<none>) with current time: 2010  6  1  0  0  0   0
20221024 063458.714 INFO             PET0   esm: InitializeIPDv02p1 extro.
20221024 063458.714 INFO             PET0   esm: InitializeIPDv02p3 intro.
20221024 063458.714 INFO             PET0     >>>esm: entered Initialize (phase=<none>) with current time: 2010  6  1  0  0  0   0
20221024 063458.714 INFO             PET0     esm: IInitCheck intro.
20221024 063458.715 INFO             PET0     esm: IInitCheck extro.
20221024 063458.715 INFO             PET0     ATM: InitializeIPDvXp04 intro.
20221024 063458.727 INFO             PET0     ATM: InitializeIPDvXp04 extro.
20221024 063458.742 INFO             PET0     ATM-TO-OCN: InitializeIPDv05p4 intro.
20221024 063458.765 INFO             PET0     ATM-TO-OCN: InitializeIPDv05p4 extro.
20221024 063458.765 INFO             PET0     OCN-TO-ATM: InitializeIPDv05p4 intro.
20221024 063458.776 INFO             PET0     OCN-TO-ATM: InitializeIPDv05p4 extro.
20221024 063458.776 INFO             PET0     ATM-TO-OCN: InitializeIPDv05p5 intro.
20221024 063458.799 INFO             PET0     ATM-TO-OCN: InitializeIPDv05p5 extro.
20221024 063458.799 INFO             PET0     OCN-TO-ATM: InitializeIPDv05p5 intro.
20221024 063458.809 INFO             PET0     OCN-TO-ATM: InitializeIPDv05p5 extro.
20221024 063458.809 INFO             PET0     esm: IInitRealize intro.
20221024 063458.809 INFO             PET0     esm: IInitRealize extro.
20221024 063458.810 INFO             PET0     ATM-TO-OCN: InitializeIPDv05p6a intro.
20221024 063458.832 INFO             PET0     ATM-TO-OCN: InitializeIPDv05p6a extro.
20221024 063458.832 INFO             PET0     OCN-TO-ATM: InitializeIPDv05p6a intro.
20221024 063458.841 INFO             PET0     OCN-TO-ATM: InitializeIPDv05p6a extro.
20221024 063458.842 INFO             PET0     ATM-TO-OCN: InitializeIPDv05p6b intro.
20221024 063459.298 INFO             PET0     ATM-TO-OCN: InitializeIPDv05p6b extro.
20221024 063459.298 INFO             PET0     OCN-TO-ATM: InitializeIPDv05p6b intro.
20221024 063459.703 INFO             PET0     OCN-TO-ATM: InitializeIPDv05p6b extro.
20221024 063459.703 INFO             PET0     ATM: InitializeIPDvXp07 intro.
20221024 063459.703 INFO             PET0     ATM: InitializeIPDvXp07 extro.
20221024 063459.706 INFO             PET0     <<<esm: leaving Initialize (phase=<none>) with current time: 2010  6  1  0  0  0   0
20221024 063459.706 INFO             PET0   esm: InitializeIPDv02p3 extro.
20221024 063459.706 INFO             PET0   esm: InitializeIPDv02p5 intro.
20221024 063459.706 INFO             PET0     >>>esm: entered Initialize (phase=<none>) with current time: 2010  6  1  0  0  0   0
20221024 063459.706 INFO             PET0     esm: this is a top level driver, no 'Updated' and 'InitializeDataComplete' info on this level.
20221024 063459.706 INFO             PET0     esm: InitializeIPDv02p5Data intro.
20221024 063459.707 INFO             PET0       esm: InternalInitializeComplete intro.
20221024 063459.707 INFO             PET0         esm: InitializeDataComplete='true'
20221024 063459.707 INFO             PET0       esm: InternalInitializeComplete extro.
20221024 063459.707 INFO             PET0       ATM: InitializeIPDv01p5 intro.
20221024 063459.707 INFO             PET0       ATM: InitializeIPDv01p5 extro.
20221024 063459.709 INFO             PET0       esm: components present that trigger loopDataDependentInitialize().
20221024 063459.709 INFO             PET0       esm: loopDataDependentInitialize intro.
20221024 063459.710 INFO             PET0         esm: component    0=esm, dataComplete (local): true
20221024 063459.710 INFO             PET0         esm: component    0=esm, dataComplete (global):  T
20221024 063459.710 INFO             PET0         esm: component    1=ATM, dataComplete (local): true
20221024 063459.710 INFO             PET0         esm: component    1=ATM, dataComplete (global):  T
20221024 063459.710 INFO             PET0         esm: component    2=OCN, dataComplete (local): true
20221024 063459.710 INFO             PET0         esm: component    2=OCN, dataComplete (global):  T
20221024 063459.710 INFO             PET0         esm: someProgress= F, allComplete= T, present(dataDepAllComplete)= T
20221024 063459.710 INFO             PET0         esm: finished resolving initialize data dependencies on this level.
20221024 063459.710 INFO             PET0       esm: loopDataDependentInitialize extro.
20221024 063459.710 INFO             PET0       esm: loopDataDependentInitialize() returned with dataDepAllComplete:  T
20221024 063459.710 INFO             PET0     esm: InitializeIPDv02p5Data extro.
20221024 063459.710 INFO             PET0     <<<esm: leaving Initialize (phase=<none>) with current time: 2010  6  1  0  0  0   0
20221024 063459.710 INFO             PET0   esm: InitializeIPDv02p5 extro.
20221024 063459.710 INFO             PET0 esm: InitializeGeneric extro.
20221024 063459.710 INFO             PET0 esm: Run intro.
20221024 063459.710 INFO             PET0   >>>esm entered Run (phase=RunPhase1) with current time: 2010  6  1  0  0  0   0
20221024 063459.710 INFO             PET0   esm: after lable_SetRunClock, current time: 2010  6  1  0  0  0   0
20221024 063459.710 INFO             PET0   esm: begin -------> RunSequence.
20221024 063459.710 INFO             PET0     esm: RunSequence event loopLevel=   1  levelMember=   1  loopIteration=   1, current time: 2010  6  1  0  0  0   0
20221024 063459.710 INFO             PET0     ATM-TO-OCN: Run intro.
20221024 063459.711 INFO             PET0     ATM-TO-OCN: Run extro.
20221024 063459.712 INFO             PET0     OCN-TO-ATM: Run intro.
20221024 063459.713 INFO             PET0     OCN-TO-ATM: Run extro.
20221024 063459.713 INFO             PET0     ATM: Run intro.
20221024 063459.713 INFO             PET0       ------>Advancing ATM from: 2010  6  1  0  0  0   0
20221024 063459.713 INFO             PET0       ---------------------> to: 2010  6  1  0 15  0   0
20221024 063459.722 WARNING          PET0 ESMCI_PIO_Handler.C:1567 ESMCI::PIO_Handler::isOpen()       File, field_atm_import_sst.nc, closed by PIO
20221024 063459.729 WARNING          PET0 ESMCI_PIO_Handler.C:1567 ESMCI::PIO_Handler::isOpen()       File, field_atm_export_pmsl.nc, closed by PIO
20221024 063459.735 WARNING          PET0 ESMCI_PIO_Handler.C:1567 ESMCI::PIO_Handler::isOpen()       File, field_atm_export_rsnl.nc, closed by PIO
20221024 063459.742 WARNING          PET0 ESMCI_PIO_Handler.C:1567 ESMCI::PIO_Handler::isOpen()       File, field_atm_export_rsns.nc, closed by PIO
20221024 063459.750 WARNING          PET0 ESMCI_PIO_Handler.C:1567 ESMCI::PIO_Handler::isOpen()       File, field_atm_export_sdhf.nc, closed by PIO
20221024 063459.750 INFO             PET0     ATM: Run extro.
20221024 063459.750 INFO             PET0     esm: RunSequence event loopLevel=   1  levelMember=   1  loopIteration=   2, current time: 2010  6  1  0 15  0   0
20221024 063459.751 INFO             PET0     ATM-TO-OCN: Run intro.
20221024 063459.751 INFO             PET0     ATM-TO-OCN: Run extro.
20221024 063459.751 INFO             PET0     OCN-TO-ATM: Run intro.
20221024 063459.799 INFO             PET0     OCN-TO-ATM: Run extro.
20221024 063459.799 INFO             PET0     ATM: Run intro.
20221024 063459.799 INFO             PET0       ------>Advancing ATM from: 2010  6  1  0 15  0   0
20221024 063459.799 INFO             PET0       ---------------------> to: 2010  6  1  0 30  0   0
20221024 063459.839 WARNING          PET0 ESMCI_PIO_Handler.C:1567 ESMCI::PIO_Handler::isOpen()       File, field_atm_import_sst.nc, closed by PIO
20221024 063459.844 WARNING          PET0 ESMCI_PIO_Handler.C:1567 ESMCI::PIO_Handler::isOpen()       File, field_atm_export_pmsl.nc, closed by PIO
20221024 063459.849 WARNING          PET0 ESMCI_PIO_Handler.C:1567 ESMCI::PIO_Handler::isOpen()       File, field_atm_export_rsnl.nc, closed by PIO
20221024 063459.854 WARNING          PET0 ESMCI_PIO_Handler.C:1567 ESMCI::PIO_Handler::isOpen()       File, field_atm_export_rsns.nc, closed by PIO
20221024 063459.859 WARNING          PET0 ESMCI_PIO_Handler.C:1567 ESMCI::PIO_Handler::isOpen()       File, field_atm_export_sdhf.nc, closed by PIO
20221024 063459.859 INFO             PET0     ATM: Run extro.
20221024 063459.859 INFO             PET0     esm: RunSequence event loopLevel=   1  levelMember=   1  loopIteration=   3, current time: 2010  6  1  0 30  0   0
20221024 063459.859 INFO             PET0     ATM-TO-OCN: Run intro.
20221024 063459.860 INFO             PET0     ATM-TO-OCN: Run extro.
20221024 063459.860 INFO             PET0     OCN-TO-ATM: Run intro.
20221024 063459.906 INFO             PET0     OCN-TO-ATM: Run extro.
20221024 063459.906 INFO             PET0     ATM: Run intro.
20221024 063459.906 INFO             PET0       ------>Advancing ATM from: 2010  6  1  0 30  0   0
20221024 063459.906 INFO             PET0       ---------------------> to: 2010  6  1  0 45  0   0
20221024 063459.912 WARNING          PET0 ESMCI_PIO_Handler.C:1567 ESMCI::PIO_Handler::isOpen()       File, field_atm_import_sst.nc, closed by PIO
20221024 063459.917 WARNING          PET0 ESMCI_PIO_Handler.C:1567 ESMCI::PIO_Handler::isOpen()       File, field_atm_export_pmsl.nc, closed by PIO
20221024 063459.922 WARNING          PET0 ESMCI_PIO_Handler.C:1567 ESMCI::PIO_Handler::isOpen()       File, field_atm_export_rsnl.nc, closed by PIO
20221024 063459.927 WARNING          PET0 ESMCI_PIO_Handler.C:1567 ESMCI::PIO_Handler::isOpen()       File, field_atm_export_rsns.nc, closed by PIO
20221024 063459.932 WARNING          PET0 ESMCI_PIO_Handler.C:1567 ESMCI::PIO_Handler::isOpen()       File, field_atm_export_sdhf.nc, closed by PIO
20221024 063459.933 INFO             PET0     ATM: Run extro.
20221024 063459.933 INFO             PET0     esm: RunSequence event loopLevel=   1  levelMember=   1  loopIteration=   4, current time: 2010  6  1  0 45  0   0
20221024 063459.933 INFO             PET0     ATM-TO-OCN: Run intro.
20221024 063459.934 INFO             PET0     ATM-TO-OCN: Run extro.
20221024 063459.934 INFO             PET0     OCN-TO-ATM: Run intro.
20221024 063459.975 INFO             PET0     OCN-TO-ATM: Run extro.
20221024 063459.975 INFO             PET0     ATM: Run intro.
20221024 063459.975 INFO             PET0       ------>Advancing ATM from: 2010  6  1  0 45  0   0
20221024 063459.975 INFO             PET0       ---------------------> to: 2010  6  1  1  0  0   0
20221024 063459.982 WARNING          PET0 ESMCI_PIO_Handler.C:1567 ESMCI::PIO_Handler::isOpen()       File, field_atm_import_sst.nc, closed by PIO
20221024 063459.986 WARNING          PET0 ESMCI_PIO_Handler.C:1567 ESMCI::PIO_Handler::isOpen()       File, field_atm_export_pmsl.nc, closed by PIO
20221024 063459.990 WARNING          PET0 ESMCI_PIO_Handler.C:1567 ESMCI::PIO_Handler::isOpen()       File, field_atm_export_rsnl.nc, closed by PIO
20221024 063459.994 WARNING          PET0 ESMCI_PIO_Handler.C:1567 ESMCI::PIO_Handler::isOpen()       File, field_atm_export_rsns.nc, closed by PIO
20221024 063459.998 WARNING          PET0 ESMCI_PIO_Handler.C:1567 ESMCI::PIO_Handler::isOpen()       File, field_atm_export_sdhf.nc, closed by PIO
20221024 063459.998 INFO             PET0     ATM: Run extro.
20221024 063459.998 INFO             PET0   esm: end <--------- RunSequence
20221024 063459.998 INFO             PET0   <<<esm - leaving Run with current time: 2010  6  1  1  0  0   0
20221024 063459.998 INFO             PET0 esm: Run extro.
20221024 063459.998 INFO             PET0 esm: Finalize intro.
20221024 063459.998 INFO             PET0   Calling Finalize phase 1 for connectorComp: ATM-TO-OCN
20221024 063459.998 INFO             PET0   ATM-TO-OCN: Finalize intro.
20221024 063459.999 INFO             PET0   ATM-TO-OCN: Finalize extro.
20221024 063459.999 INFO             PET0   Calling Finalize phase 1 for connectorComp: OCN-TO-ATM
20221024 063459.999 INFO             PET0   OCN-TO-ATM: Finalize intro.
20221024 063459.999 INFO             PET0   OCN-TO-ATM: Finalize extro.
20221024 063459.999 INFO             PET0   Calling Finalize phase 1 for modelComp: ATM
20221024 063459.999 INFO             PET0   ATM: Finalize intro.
20221024 063459.999 INFO             PET0   ATM: Finalize extro.
20221024 063459.999 INFO             PET0   Calling Finalize phase 1 for modelComp: OCN
20221024 063459.999 INFO             PET0   Delete modelComp: ATM
20221024 063459.999 INFO             PET0   Delete Import-/Export State for modelComp: ATM
20221024 063459.999 INFO             PET0   Delete modelComp: OCN
20221024 063459.999 INFO             PET0   Delete Import-/Export State for modelComp: OCN
20221024 063459.999 INFO             PET0   Delete connectorComp: ATM-TO-OCN
20221024 063500.033 INFO             PET0   Delete connectorComp: OCN-TO-ATM
20221024 063500.033 INFO             PET0 esm: Finalize extro.
20221024 063500.033 INFO             PET0 esmApp FINISHED
20221024 063500.033 INFO             PET0 Finalizing ESMF
20221024 063458.588 INFO             PET1 !!!!!!!!!!!!!!!!!!!!!!!!!!!!!!!!!!!!!!!!!!!!!!!!!!!!!!
20221024 063458.588 INFO             PET1 !!! THE ESMF_LOG IS SET TO OUTPUT ALL LOG MESSAGES !!!
20221024 063458.588 INFO             PET1 !!!     THIS MAY CAUSE SLOWDOWN IN PERFORMANCE     !!!
20221024 063458.588 INFO             PET1 !!! FOR PRODUCTION RUNS, USE:                      !!!
20221024 063458.588 INFO             PET1 !!!                   ESMF_LOGKIND_Multi_On_Error  !!!
20221024 063458.588 INFO             PET1 !!!!!!!!!!!!!!!!!!!!!!!!!!!!!!!!!!!!!!!!!!!!!!!!!!!!!!
20221024 063458.588 INFO             PET1 Running with ESMF Version   : v8.4.0b21
20221024 063458.588 INFO             PET1 ESMF library build date/time: "Oct 24 2022" "05:09:05"
20221024 063458.588 INFO             PET1 ESMF library build location : /glade/scratch/theurich/ESMF-Nightly-Testing/intel_18.0.5_mpt_g_release_8.4.0/esmf
20221024 063458.588 INFO             PET1 ESMF_COMM                   : mpt
20221024 063458.589 INFO             PET1 ESMF_MOAB                   : enabled
20221024 063458.589 INFO             PET1 ESMF_LAPACK                 : enabled
20221024 063458.589 INFO             PET1 ESMF_NETCDF                 : enabled
20221024 063458.589 INFO             PET1 ESMF_PNETCDF                : disabled
20221024 063458.589 INFO             PET1 ESMF_PIO                    : enabled
20221024 063458.589 INFO             PET1 ESMF_YAMLCPP                : enabled
20221024 063458.589 INFO             PET1 esmApp STARTING
20221024 063458.595 INFO             PET1 esm: InitializeGeneric intro.
20221024 063458.595 INFO             PET1   esm: InitializeP0 intro.
20221024 063458.595 INFO             PET1   esm: InitializeP0 extro.
20221024 063458.595 INFO             PET1   esm: InitializeIPDv02p1 intro.
20221024 063458.595 INFO             PET1     >>>esm: entered Initialize (phase=<none>) without valid internal Clock.
20221024 063458.596 INFO             PET1     esm - Creating model component ATM with petList of size 2 :
20221024 063458.596 INFO             PET1           0      1
20221024 063458.599 INFO             PET1     esm - Creating model component OCN with petList of size 2 :
20221024 063458.599 INFO             PET1           2      3
20221024 063458.599 INFO             PET1     esm - Creating connector component ATM-TO-OCN with petList of size 4 :
20221024 063458.599 INFO             PET1           0      1      2      3
20221024 063458.605 INFO             PET1     esm - Creating connector component OCN-TO-ATM with petList of size 4 :
20221024 063458.605 INFO             PET1           2      3      0      1
20221024 063458.612 INFO             PET1     esm - Creating state: modelComp 1 Import State
20221024 063458.612 INFO             PET1     esm - Creating state: modelComp 1 Export State
20221024 063458.612 INFO             PET1     esm - Creating state: modelComp 2 Import State
20221024 063458.612 INFO             PET1     esm - Creating state: modelComp 2 Export State
20221024 063458.613 INFO             PET1     ATM: InitializeP0 intro.
20221024 063458.615 INFO             PET1     ATM: InitializeP0 extro.
20221024 063458.619 INFO             PET1     ATM-TO-OCN: InitializeP0 intro.
20221024 063458.620 INFO             PET1     ATM-TO-OCN: InitializeP0 extro.
20221024 063458.621 INFO             PET1     OCN-TO-ATM: InitializeP0 intro.
20221024 063458.621 INFO             PET1     OCN-TO-ATM: InitializeP0 extro.
20221024 063458.623 INFO             PET1     esm: IInitAdvertise intro.
20221024 063458.624 INFO             PET1     esm: IInitAdvertise extro.
20221024 063458.624 INFO             PET1     ATM: InitializeIPDvXp01 intro.
20221024 063458.629 INFO             PET1     ATM: InitializeIPDvXp01 extro.
20221024 063458.637 INFO             PET1     ATM-TO-OCN: InitializeIPDv05p1 intro.
20221024 063458.650 INFO             PET1     ATM-TO-OCN: InitializeIPDv05p1 extro.
20221024 063458.650 INFO             PET1     OCN-TO-ATM: InitializeIPDv05p1 intro.
20221024 063458.655 INFO             PET1     OCN-TO-ATM: InitializeIPDv05p1 extro.
20221024 063458.655 INFO             PET1     esm: IInitAdvertiseFinish intro.
20221024 063458.655 INFO             PET1     esm: IInitAdvertiseFinish extro.
20221024 063458.656 INFO             PET1     ATM-TO-OCN: InitializeIPDv05p2a intro.
20221024 063458.668 INFO             PET1     ATM-TO-OCN: InitializeIPDv05p2a extro.
20221024 063458.668 INFO             PET1     OCN-TO-ATM: InitializeIPDv05p2a intro.
20221024 063458.673 INFO             PET1     OCN-TO-ATM: InitializeIPDv05p2a extro.
20221024 063458.673 INFO             PET1     ATM-TO-OCN: InitializeIPDv05p2b intro.
20221024 063458.686 INFO             PET1     ATM-TO-OCN: InitializeIPDv05p2b extro.
20221024 063458.688 INFO             PET1     OCN-TO-ATM: InitializeIPDv05p2b intro.
20221024 063458.694 INFO             PET1     OCN-TO-ATM: InitializeIPDv05p2b extro.
20221024 063458.694 INFO             PET1     esm: IInitModifyCplLists intro.
20221024 063458.694 INFO             PET1       Driver is in ModifyCplLists()
20221024 063458.694 INFO             PET1        Found            2  Connectors. Modifying CplList Attribute....
20221024 063458.694 INFO             PET1        Modifying cplList Attribute on ATM-TO-OCN: air_pressure_at_sea_level
20221024 063458.694 INFO             PET1        Modified: air_pressure_at_sea_level:REMAPMETHOD=redist
20221024 063458.694 INFO             PET1        Modifying cplList Attribute on ATM-TO-OCN: surface_net_downward_longwave_flux
20221024 063458.694 INFO             PET1        Modified: surface_net_downward_longwave_flux:REMAPMETHOD=bilinear:SrcTermProcessing=1:DUMPWEIGHTS=true:TermOrder=SrcSeq
20221024 063458.694 INFO             PET1        Modifying cplList Attribute on ATM-TO-OCN: surface_net_downward_shortwave_flux
20221024 063458.695 INFO             PET1        Modified: surface_net_downward_shortwave_flux:REMAPMETHOD=redist
20221024 063458.695 INFO             PET1        Modifying cplList Attribute on ATM-TO-OCN: surface_downward_heat_flux_in_air
20221024 063458.695 INFO             PET1        Modified: surface_downward_heat_flux_in_air:REMAPMETHOD=bilinear:SrcTermProcessing=1:DUMPWEIGHTS=true:TermOrder=SrcSeq
20221024 063458.695 INFO             PET1        Modifying cplList Attribute on OCN-TO-ATM: sea_surface_temperature
20221024 063458.695 INFO             PET1        Modified: sea_surface_temperature:REMAPMETHOD=bilinear:SrcTermProcessing=1:DUMPWEIGHTS=true:TermOrder=SrcSeq
20221024 063458.695 INFO             PET1     esm: IInitModifyCplLists extro.
20221024 063458.695 INFO             PET1     ATM-TO-OCN: InitializeIPDv05p3 intro.
20221024 063458.708 INFO             PET1     ATM-TO-OCN: InitializeIPDv05p3 extro.
20221024 063458.708 INFO             PET1     OCN-TO-ATM: InitializeIPDv05p3 intro.
20221024 063458.714 INFO             PET1     OCN-TO-ATM: InitializeIPDv05p3 extro.
20221024 063458.714 INFO             PET1     <<<esm: leaving Initialize (phase=<none>) with current time: 2010  6  1  0  0  0   0
20221024 063458.714 INFO             PET1   esm: InitializeIPDv02p1 extro.
20221024 063458.714 INFO             PET1   esm: InitializeIPDv02p3 intro.
20221024 063458.714 INFO             PET1     >>>esm: entered Initialize (phase=<none>) with current time: 2010  6  1  0  0  0   0
20221024 063458.714 INFO             PET1     esm: IInitCheck intro.
20221024 063458.715 INFO             PET1     esm: IInitCheck extro.
20221024 063458.715 INFO             PET1     ATM: InitializeIPDvXp04 intro.
20221024 063458.727 INFO             PET1     ATM: InitializeIPDvXp04 extro.
20221024 063458.742 INFO             PET1     ATM-TO-OCN: InitializeIPDv05p4 intro.
20221024 063458.765 INFO             PET1     ATM-TO-OCN: InitializeIPDv05p4 extro.
20221024 063458.765 INFO             PET1     OCN-TO-ATM: InitializeIPDv05p4 intro.
20221024 063458.776 INFO             PET1     OCN-TO-ATM: InitializeIPDv05p4 extro.
20221024 063458.776 INFO             PET1     ATM-TO-OCN: InitializeIPDv05p5 intro.
20221024 063458.799 INFO             PET1     ATM-TO-OCN: InitializeIPDv05p5 extro.
20221024 063458.799 INFO             PET1     OCN-TO-ATM: InitializeIPDv05p5 intro.
20221024 063458.809 INFO             PET1     OCN-TO-ATM: InitializeIPDv05p5 extro.
20221024 063458.809 INFO             PET1     esm: IInitRealize intro.
20221024 063458.809 INFO             PET1     esm: IInitRealize extro.
20221024 063458.810 INFO             PET1     ATM-TO-OCN: InitializeIPDv05p6a intro.
20221024 063458.832 INFO             PET1     ATM-TO-OCN: InitializeIPDv05p6a extro.
20221024 063458.832 INFO             PET1     OCN-TO-ATM: InitializeIPDv05p6a intro.
20221024 063458.841 INFO             PET1     OCN-TO-ATM: InitializeIPDv05p6a extro.
20221024 063458.842 INFO             PET1     ATM-TO-OCN: InitializeIPDv05p6b intro.
20221024 063459.298 INFO             PET1     ATM-TO-OCN: InitializeIPDv05p6b extro.
20221024 063459.298 INFO             PET1     OCN-TO-ATM: InitializeIPDv05p6b intro.
20221024 063459.703 INFO             PET1     OCN-TO-ATM: InitializeIPDv05p6b extro.
20221024 063459.703 INFO             PET1     ATM: InitializeIPDvXp07 intro.
20221024 063459.703 INFO             PET1     ATM: InitializeIPDvXp07 extro.
20221024 063459.706 INFO             PET1     <<<esm: leaving Initialize (phase=<none>) with current time: 2010  6  1  0  0  0   0
20221024 063459.706 INFO             PET1   esm: InitializeIPDv02p3 extro.
20221024 063459.706 INFO             PET1   esm: InitializeIPDv02p5 intro.
20221024 063459.706 INFO             PET1     >>>esm: entered Initialize (phase=<none>) with current time: 2010  6  1  0  0  0   0
20221024 063459.706 INFO             PET1     esm: this is a top level driver, no 'Updated' and 'InitializeDataComplete' info on this level.
20221024 063459.706 INFO             PET1     esm: InitializeIPDv02p5Data intro.
20221024 063459.707 INFO             PET1       esm: InternalInitializeComplete intro.
20221024 063459.707 INFO             PET1         esm: InitializeDataComplete='true'
20221024 063459.707 INFO             PET1       esm: InternalInitializeComplete extro.
20221024 063459.707 INFO             PET1       ATM: InitializeIPDv01p5 intro.
20221024 063459.707 INFO             PET1       ATM: InitializeIPDv01p5 extro.
20221024 063459.709 INFO             PET1       esm: components present that trigger loopDataDependentInitialize().
20221024 063459.709 INFO             PET1       esm: loopDataDependentInitialize intro.
20221024 063459.710 INFO             PET1         esm: component    0=esm, dataComplete (local): true
20221024 063459.710 INFO             PET1         esm: component    0=esm, dataComplete (global):  T
20221024 063459.710 INFO             PET1         esm: component    1=ATM, dataComplete (local): true
20221024 063459.710 INFO             PET1         esm: component    1=ATM, dataComplete (global):  T
20221024 063459.710 INFO             PET1         esm: component    2=OCN, dataComplete (local): true
20221024 063459.710 INFO             PET1         esm: component    2=OCN, dataComplete (global):  T
20221024 063459.710 INFO             PET1         esm: someProgress= F, allComplete= T, present(dataDepAllComplete)= T
20221024 063459.710 INFO             PET1         esm: finished resolving initialize data dependencies on this level.
20221024 063459.710 INFO             PET1       esm: loopDataDependentInitialize extro.
20221024 063459.710 INFO             PET1       esm: loopDataDependentInitialize() returned with dataDepAllComplete:  T
20221024 063459.710 INFO             PET1     esm: InitializeIPDv02p5Data extro.
20221024 063459.710 INFO             PET1     <<<esm: leaving Initialize (phase=<none>) with current time: 2010  6  1  0  0  0   0
20221024 063459.710 INFO             PET1   esm: InitializeIPDv02p5 extro.
20221024 063459.710 INFO             PET1 esm: InitializeGeneric extro.
20221024 063459.710 INFO             PET1 esm: Run intro.
20221024 063459.710 INFO             PET1   >>>esm entered Run (phase=RunPhase1) with current time: 2010  6  1  0  0  0   0
20221024 063459.710 INFO             PET1   esm: after lable_SetRunClock, current time: 2010  6  1  0  0  0   0
20221024 063459.710 INFO             PET1   esm: begin -------> RunSequence.
20221024 063459.710 INFO             PET1     esm: RunSequence event loopLevel=   1  levelMember=   1  loopIteration=   1, current time: 2010  6  1  0  0  0   0
20221024 063459.710 INFO             PET1     ATM-TO-OCN: Run intro.
20221024 063459.711 INFO             PET1     ATM-TO-OCN: Run extro.
20221024 063459.712 INFO             PET1     OCN-TO-ATM: Run intro.
20221024 063459.713 INFO             PET1     OCN-TO-ATM: Run extro.
20221024 063459.713 INFO             PET1     ATM: Run intro.
20221024 063459.713 INFO             PET1       ------>Advancing ATM from: 2010  6  1  0  0  0   0
20221024 063459.713 INFO             PET1       ---------------------> to: 2010  6  1  0 15  0   0
20221024 063459.722 WARNING          PET1 ESMCI_PIO_Handler.C:1567 ESMCI::PIO_Handler::isOpen()       File, field_atm_import_sst.nc, closed by PIO
20221024 063459.729 WARNING          PET1 ESMCI_PIO_Handler.C:1567 ESMCI::PIO_Handler::isOpen()       File, field_atm_export_pmsl.nc, closed by PIO
20221024 063459.735 WARNING          PET1 ESMCI_PIO_Handler.C:1567 ESMCI::PIO_Handler::isOpen()       File, field_atm_export_rsnl.nc, closed by PIO
20221024 063459.742 WARNING          PET1 ESMCI_PIO_Handler.C:1567 ESMCI::PIO_Handler::isOpen()       File, field_atm_export_rsns.nc, closed by PIO
20221024 063459.750 WARNING          PET1 ESMCI_PIO_Handler.C:1567 ESMCI::PIO_Handler::isOpen()       File, field_atm_export_sdhf.nc, closed by PIO
20221024 063459.750 INFO             PET1     ATM: Run extro.
20221024 063459.750 INFO             PET1     esm: RunSequence event loopLevel=   1  levelMember=   1  loopIteration=   2, current time: 2010  6  1  0 15  0   0
20221024 063459.751 INFO             PET1     ATM-TO-OCN: Run intro.
20221024 063459.751 INFO             PET1     ATM-TO-OCN: Run extro.
20221024 063459.751 INFO             PET1     OCN-TO-ATM: Run intro.
20221024 063459.833 INFO             PET1     OCN-TO-ATM: Run extro.
20221024 063459.833 INFO             PET1     ATM: Run intro.
20221024 063459.833 INFO             PET1       ------>Advancing ATM from: 2010  6  1  0 15  0   0
20221024 063459.833 INFO             PET1       ---------------------> to: 2010  6  1  0 30  0   0
20221024 063459.839 WARNING          PET1 ESMCI_PIO_Handler.C:1567 ESMCI::PIO_Handler::isOpen()       File, field_atm_import_sst.nc, closed by PIO
20221024 063459.844 WARNING          PET1 ESMCI_PIO_Handler.C:1567 ESMCI::PIO_Handler::isOpen()       File, field_atm_export_pmsl.nc, closed by PIO
20221024 063459.849 WARNING          PET1 ESMCI_PIO_Handler.C:1567 ESMCI::PIO_Handler::isOpen()       File, field_atm_export_rsnl.nc, closed by PIO
20221024 063459.854 WARNING          PET1 ESMCI_PIO_Handler.C:1567 ESMCI::PIO_Handler::isOpen()       File, field_atm_export_rsns.nc, closed by PIO
20221024 063459.859 WARNING          PET1 ESMCI_PIO_Handler.C:1567 ESMCI::PIO_Handler::isOpen()       File, field_atm_export_sdhf.nc, closed by PIO
20221024 063459.859 INFO             PET1     ATM: Run extro.
20221024 063459.859 INFO             PET1     esm: RunSequence event loopLevel=   1  levelMember=   1  loopIteration=   3, current time: 2010  6  1  0 30  0   0
20221024 063459.859 INFO             PET1     ATM-TO-OCN: Run intro.
20221024 063459.860 INFO             PET1     ATM-TO-OCN: Run extro.
20221024 063459.860 INFO             PET1     OCN-TO-ATM: Run intro.
20221024 063459.906 INFO             PET1     OCN-TO-ATM: Run extro.
20221024 063459.906 INFO             PET1     ATM: Run intro.
20221024 063459.906 INFO             PET1       ------>Advancing ATM from: 2010  6  1  0 30  0   0
20221024 063459.906 INFO             PET1       ---------------------> to: 2010  6  1  0 45  0   0
20221024 063459.912 WARNING          PET1 ESMCI_PIO_Handler.C:1567 ESMCI::PIO_Handler::isOpen()       File, field_atm_import_sst.nc, closed by PIO
20221024 063459.917 WARNING          PET1 ESMCI_PIO_Handler.C:1567 ESMCI::PIO_Handler::isOpen()       File, field_atm_export_pmsl.nc, closed by PIO
20221024 063459.922 WARNING          PET1 ESMCI_PIO_Handler.C:1567 ESMCI::PIO_Handler::isOpen()       File, field_atm_export_rsnl.nc, closed by PIO
20221024 063459.927 WARNING          PET1 ESMCI_PIO_Handler.C:1567 ESMCI::PIO_Handler::isOpen()       File, field_atm_export_rsns.nc, closed by PIO
20221024 063459.932 WARNING          PET1 ESMCI_PIO_Handler.C:1567 ESMCI::PIO_Handler::isOpen()       File, field_atm_export_sdhf.nc, closed by PIO
20221024 063459.933 INFO             PET1     ATM: Run extro.
20221024 063459.933 INFO             PET1     esm: RunSequence event loopLevel=   1  levelMember=   1  loopIteration=   4, current time: 2010  6  1  0 45  0   0
20221024 063459.933 INFO             PET1     ATM-TO-OCN: Run intro.
20221024 063459.934 INFO             PET1     ATM-TO-OCN: Run extro.
20221024 063459.934 INFO             PET1     OCN-TO-ATM: Run intro.
20221024 063459.975 INFO             PET1     OCN-TO-ATM: Run extro.
20221024 063459.975 INFO             PET1     ATM: Run intro.
20221024 063459.975 INFO             PET1       ------>Advancing ATM from: 2010  6  1  0 45  0   0
20221024 063459.975 INFO             PET1       ---------------------> to: 2010  6  1  1  0  0   0
20221024 063459.982 WARNING          PET1 ESMCI_PIO_Handler.C:1567 ESMCI::PIO_Handler::isOpen()       File, field_atm_import_sst.nc, closed by PIO
20221024 063459.986 WARNING          PET1 ESMCI_PIO_Handler.C:1567 ESMCI::PIO_Handler::isOpen()       File, field_atm_export_pmsl.nc, closed by PIO
20221024 063459.990 WARNING          PET1 ESMCI_PIO_Handler.C:1567 ESMCI::PIO_Handler::isOpen()       File, field_atm_export_rsnl.nc, closed by PIO
20221024 063459.994 WARNING          PET1 ESMCI_PIO_Handler.C:1567 ESMCI::PIO_Handler::isOpen()       File, field_atm_export_rsns.nc, closed by PIO
20221024 063459.998 WARNING          PET1 ESMCI_PIO_Handler.C:1567 ESMCI::PIO_Handler::isOpen()       File, field_atm_export_sdhf.nc, closed by PIO
20221024 063459.998 INFO             PET1     ATM: Run extro.
20221024 063459.998 INFO             PET1   esm: end <--------- RunSequence
20221024 063459.998 INFO             PET1   <<<esm - leaving Run with current time: 2010  6  1  1  0  0   0
20221024 063459.998 INFO             PET1 esm: Run extro.
20221024 063459.998 INFO             PET1 esm: Finalize intro.
20221024 063459.998 INFO             PET1   Calling Finalize phase 1 for connectorComp: ATM-TO-OCN
20221024 063459.998 INFO             PET1   ATM-TO-OCN: Finalize intro.
20221024 063459.999 INFO             PET1   ATM-TO-OCN: Finalize extro.
20221024 063459.999 INFO             PET1   Calling Finalize phase 1 for connectorComp: OCN-TO-ATM
20221024 063459.999 INFO             PET1   OCN-TO-ATM: Finalize intro.
20221024 063459.999 INFO             PET1   OCN-TO-ATM: Finalize extro.
20221024 063459.999 INFO             PET1   Calling Finalize phase 1 for modelComp: ATM
20221024 063459.999 INFO             PET1   ATM: Finalize intro.
20221024 063459.999 INFO             PET1   ATM: Finalize extro.
20221024 063459.999 INFO             PET1   Calling Finalize phase 1 for modelComp: OCN
20221024 063459.999 INFO             PET1   Delete modelComp: ATM
20221024 063459.999 INFO             PET1   Delete Import-/Export State for modelComp: ATM
20221024 063459.999 INFO             PET1   Delete modelComp: OCN
20221024 063459.999 INFO             PET1   Delete Import-/Export State for modelComp: OCN
20221024 063459.999 INFO             PET1   Delete connectorComp: ATM-TO-OCN
20221024 063500.033 INFO             PET1   Delete connectorComp: OCN-TO-ATM
20221024 063500.033 INFO             PET1 esm: Finalize extro.
20221024 063500.033 INFO             PET1 esmApp FINISHED
20221024 063500.033 INFO             PET1 Finalizing ESMF
20221024 063458.588 INFO             PET2 !!!!!!!!!!!!!!!!!!!!!!!!!!!!!!!!!!!!!!!!!!!!!!!!!!!!!!
20221024 063458.588 INFO             PET2 !!! THE ESMF_LOG IS SET TO OUTPUT ALL LOG MESSAGES !!!
20221024 063458.588 INFO             PET2 !!!     THIS MAY CAUSE SLOWDOWN IN PERFORMANCE     !!!
20221024 063458.588 INFO             PET2 !!! FOR PRODUCTION RUNS, USE:                      !!!
20221024 063458.588 INFO             PET2 !!!                   ESMF_LOGKIND_Multi_On_Error  !!!
20221024 063458.588 INFO             PET2 !!!!!!!!!!!!!!!!!!!!!!!!!!!!!!!!!!!!!!!!!!!!!!!!!!!!!!
20221024 063458.588 INFO             PET2 Running with ESMF Version   : v8.4.0b21
20221024 063458.588 INFO             PET2 ESMF library build date/time: "Oct 24 2022" "05:09:05"
20221024 063458.588 INFO             PET2 ESMF library build location : /glade/scratch/theurich/ESMF-Nightly-Testing/intel_18.0.5_mpt_g_release_8.4.0/esmf
20221024 063458.588 INFO             PET2 ESMF_COMM                   : mpt
20221024 063458.589 INFO             PET2 ESMF_MOAB                   : enabled
20221024 063458.589 INFO             PET2 ESMF_LAPACK                 : enabled
20221024 063458.589 INFO             PET2 ESMF_NETCDF                 : enabled
20221024 063458.589 INFO             PET2 ESMF_PNETCDF                : disabled
20221024 063458.589 INFO             PET2 ESMF_PIO                    : enabled
20221024 063458.589 INFO             PET2 ESMF_YAMLCPP                : enabled
20221024 063458.589 INFO             PET2 esmApp STARTING
20221024 063458.595 INFO             PET2 esm: InitializeGeneric intro.
20221024 063458.595 INFO             PET2   esm: InitializeP0 intro.
20221024 063458.595 INFO             PET2   esm: InitializeP0 extro.
20221024 063458.595 INFO             PET2   esm: InitializeIPDv02p1 intro.
20221024 063458.595 INFO             PET2     >>>esm: entered Initialize (phase=<none>) without valid internal Clock.
20221024 063458.596 INFO             PET2     esm - Creating model component ATM with petList of size 2 :
20221024 063458.596 INFO             PET2           0      1
20221024 063458.596 INFO             PET2     esm - Creating model component OCN with petList of size 2 :
20221024 063458.596 INFO             PET2           2      3
20221024 063458.599 INFO             PET2     esm - Creating connector component ATM-TO-OCN with petList of size 4 :
20221024 063458.599 INFO             PET2           0      1      2      3
20221024 063458.605 INFO             PET2     esm - Creating connector component OCN-TO-ATM with petList of size 4 :
20221024 063458.605 INFO             PET2           2      3      0      1
20221024 063458.611 INFO             PET2     esm - Creating state: modelComp 1 Import State
20221024 063458.612 INFO             PET2     esm - Creating state: modelComp 1 Export State
20221024 063458.612 INFO             PET2     esm - Creating state: modelComp 2 Import State
20221024 063458.612 INFO             PET2     esm - Creating state: modelComp 2 Export State
20221024 063458.616 INFO             PET2     OCN: InitializeP0 intro.
20221024 063458.618 INFO             PET2     OCN: InitializeP0 extro.
20221024 063458.619 INFO             PET2     ATM-TO-OCN: InitializeP0 intro.
20221024 063458.620 INFO             PET2     ATM-TO-OCN: InitializeP0 extro.
20221024 063458.621 INFO             PET2     OCN-TO-ATM: InitializeP0 intro.
20221024 063458.621 INFO             PET2     OCN-TO-ATM: InitializeP0 extro.
20221024 063458.623 INFO             PET2     esm: IInitAdvertise intro.
20221024 063458.623 INFO             PET2     esm: IInitAdvertise extro.
20221024 063458.631 INFO             PET2     OCN: InitializeIPDvXp01 intro.
20221024 063458.636 INFO             PET2     OCN: InitializeIPDvXp01 extro.
20221024 063458.637 INFO             PET2     ATM-TO-OCN: InitializeIPDv05p1 intro.
20221024 063458.650 INFO             PET2     ATM-TO-OCN: InitializeIPDv05p1 extro.
20221024 063458.650 INFO             PET2     OCN-TO-ATM: InitializeIPDv05p1 intro.
20221024 063458.655 INFO             PET2     OCN-TO-ATM: InitializeIPDv05p1 extro.
20221024 063458.655 INFO             PET2     esm: IInitAdvertiseFinish intro.
20221024 063458.655 INFO             PET2     esm: IInitAdvertiseFinish extro.
20221024 063458.656 INFO             PET2     ATM-TO-OCN: InitializeIPDv05p2a intro.
20221024 063458.668 INFO             PET2     ATM-TO-OCN: InitializeIPDv05p2a extro.
20221024 063458.668 INFO             PET2     OCN-TO-ATM: InitializeIPDv05p2a intro.
20221024 063458.673 INFO             PET2     OCN-TO-ATM: InitializeIPDv05p2a extro.
20221024 063458.673 INFO             PET2     ATM-TO-OCN: InitializeIPDv05p2b intro.
20221024 063458.686 INFO             PET2     ATM-TO-OCN: InitializeIPDv05p2b extro.
20221024 063458.688 INFO             PET2     OCN-TO-ATM: InitializeIPDv05p2b intro.
20221024 063458.694 INFO             PET2     OCN-TO-ATM: InitializeIPDv05p2b extro.
20221024 063458.694 INFO             PET2     esm: IInitModifyCplLists intro.
20221024 063458.694 INFO             PET2       Driver is in ModifyCplLists()
20221024 063458.694 INFO             PET2        Found            2  Connectors. Modifying CplList Attribute....
20221024 063458.694 INFO             PET2        Modifying cplList Attribute on ATM-TO-OCN: air_pressure_at_sea_level
20221024 063458.694 INFO             PET2        Modified: air_pressure_at_sea_level:REMAPMETHOD=redist
20221024 063458.694 INFO             PET2        Modifying cplList Attribute on ATM-TO-OCN: surface_net_downward_longwave_flux
20221024 063458.694 INFO             PET2        Modified: surface_net_downward_longwave_flux:REMAPMETHOD=bilinear:SrcTermProcessing=1:DUMPWEIGHTS=true:TermOrder=SrcSeq
20221024 063458.694 INFO             PET2        Modifying cplList Attribute on ATM-TO-OCN: surface_net_downward_shortwave_flux
20221024 063458.694 INFO             PET2        Modified: surface_net_downward_shortwave_flux:REMAPMETHOD=redist
20221024 063458.694 INFO             PET2        Modifying cplList Attribute on ATM-TO-OCN: surface_downward_heat_flux_in_air
20221024 063458.695 INFO             PET2        Modified: surface_downward_heat_flux_in_air:REMAPMETHOD=bilinear:SrcTermProcessing=1:DUMPWEIGHTS=true:TermOrder=SrcSeq
20221024 063458.695 INFO             PET2        Modifying cplList Attribute on OCN-TO-ATM: sea_surface_temperature
20221024 063458.695 INFO             PET2        Modified: sea_surface_temperature:REMAPMETHOD=bilinear:SrcTermProcessing=1:DUMPWEIGHTS=true:TermOrder=SrcSeq
20221024 063458.695 INFO             PET2     esm: IInitModifyCplLists extro.
20221024 063458.695 INFO             PET2     ATM-TO-OCN: InitializeIPDv05p3 intro.
20221024 063458.708 INFO             PET2     ATM-TO-OCN: InitializeIPDv05p3 extro.
20221024 063458.708 INFO             PET2     OCN-TO-ATM: InitializeIPDv05p3 intro.
20221024 063458.714 INFO             PET2     OCN-TO-ATM: InitializeIPDv05p3 extro.
20221024 063458.714 INFO             PET2     <<<esm: leaving Initialize (phase=<none>) with current time: 2010  6  1  0  0  0   0
20221024 063458.714 INFO             PET2   esm: InitializeIPDv02p1 extro.
20221024 063458.714 INFO             PET2   esm: InitializeIPDv02p3 intro.
20221024 063458.714 INFO             PET2     >>>esm: entered Initialize (phase=<none>) with current time: 2010  6  1  0  0  0   0
20221024 063458.714 INFO             PET2     esm: IInitCheck intro.
20221024 063458.714 INFO             PET2     esm: IInitCheck extro.
20221024 063458.729 INFO             PET2     OCN: InitializeIPDvXp04 intro.
20221024 063458.741 INFO             PET2     OCN: InitializeIPDvXp04 extro.
20221024 063458.742 INFO             PET2     ATM-TO-OCN: InitializeIPDv05p4 intro.
20221024 063458.765 INFO             PET2     ATM-TO-OCN: InitializeIPDv05p4 extro.
20221024 063458.765 INFO             PET2     OCN-TO-ATM: InitializeIPDv05p4 intro.
20221024 063458.776 INFO             PET2     OCN-TO-ATM: InitializeIPDv05p4 extro.
20221024 063458.776 INFO             PET2     ATM-TO-OCN: InitializeIPDv05p5 intro.
20221024 063458.799 INFO             PET2     ATM-TO-OCN: InitializeIPDv05p5 extro.
20221024 063458.799 INFO             PET2     OCN-TO-ATM: InitializeIPDv05p5 intro.
20221024 063458.809 INFO             PET2     OCN-TO-ATM: InitializeIPDv05p5 extro.
20221024 063458.809 INFO             PET2     esm: IInitRealize intro.
20221024 063458.809 INFO             PET2     esm: IInitRealize extro.
20221024 063458.810 INFO             PET2     ATM-TO-OCN: InitializeIPDv05p6a intro.
20221024 063458.832 INFO             PET2     ATM-TO-OCN: InitializeIPDv05p6a extro.
20221024 063458.832 INFO             PET2     OCN-TO-ATM: InitializeIPDv05p6a intro.
20221024 063458.841 INFO             PET2     OCN-TO-ATM: InitializeIPDv05p6a extro.
20221024 063458.842 INFO             PET2     ATM-TO-OCN: InitializeIPDv05p6b intro.
20221024 063459.298 INFO             PET2     ATM-TO-OCN: InitializeIPDv05p6b extro.
20221024 063459.298 INFO             PET2     OCN-TO-ATM: InitializeIPDv05p6b intro.
20221024 063459.703 INFO             PET2     OCN-TO-ATM: InitializeIPDv05p6b extro.
20221024 063459.705 INFO             PET2     OCN: InitializeIPDvXp07 intro.
20221024 063459.705 INFO             PET2     OCN: InitializeIPDvXp07 extro.
20221024 063459.706 INFO             PET2     <<<esm: leaving Initialize (phase=<none>) with current time: 2010  6  1  0  0  0   0
20221024 063459.706 INFO             PET2   esm: InitializeIPDv02p3 extro.
20221024 063459.706 INFO             PET2   esm: InitializeIPDv02p5 intro.
20221024 063459.706 INFO             PET2     >>>esm: entered Initialize (phase=<none>) with current time: 2010  6  1  0  0  0   0
20221024 063459.706 INFO             PET2     esm: this is a top level driver, no 'Updated' and 'InitializeDataComplete' info on this level.
20221024 063459.706 INFO             PET2     esm: InitializeIPDv02p5Data intro.
20221024 063459.706 INFO             PET2       esm: InternalInitializeComplete intro.
20221024 063459.706 INFO             PET2         esm: InitializeDataComplete='true'
20221024 063459.706 INFO             PET2       esm: InternalInitializeComplete extro.
20221024 063459.708 INFO             PET2       OCN: InitializeIPDv01p5 intro.
20221024 063459.708 INFO             PET2       OCN: InitializeIPDv01p5 extro.
20221024 063459.709 INFO             PET2       esm: components present that trigger loopDataDependentInitialize().
20221024 063459.709 INFO             PET2       esm: loopDataDependentInitialize intro.
20221024 063459.710 INFO             PET2         esm: component    0=esm, dataComplete (local): true
20221024 063459.710 INFO             PET2         esm: component    0=esm, dataComplete (global):  T
20221024 063459.710 INFO             PET2         esm: component    1=ATM, dataComplete (local): true
20221024 063459.710 INFO             PET2         esm: component    1=ATM, dataComplete (global):  T
20221024 063459.710 INFO             PET2         esm: component    2=OCN, dataComplete (local): true
20221024 063459.710 INFO             PET2         esm: component    2=OCN, dataComplete (global):  T
20221024 063459.710 INFO             PET2         esm: someProgress= F, allComplete= T, present(dataDepAllComplete)= T
20221024 063459.710 INFO             PET2         esm: finished resolving initialize data dependencies on this level.
20221024 063459.710 INFO             PET2       esm: loopDataDependentInitialize extro.
20221024 063459.710 INFO             PET2       esm: loopDataDependentInitialize() returned with dataDepAllComplete:  T
20221024 063459.710 INFO             PET2     esm: InitializeIPDv02p5Data extro.
20221024 063459.710 INFO             PET2     <<<esm: leaving Initialize (phase=<none>) with current time: 2010  6  1  0  0  0   0
20221024 063459.710 INFO             PET2   esm: InitializeIPDv02p5 extro.
20221024 063459.710 INFO             PET2 esm: InitializeGeneric extro.
20221024 063459.710 INFO             PET2 esm: Run intro.
20221024 063459.710 INFO             PET2   >>>esm entered Run (phase=RunPhase1) with current time: 2010  6  1  0  0  0   0
20221024 063459.710 INFO             PET2   esm: after lable_SetRunClock, current time: 2010  6  1  0  0  0   0
20221024 063459.710 INFO             PET2   esm: begin -------> RunSequence.
20221024 063459.710 INFO             PET2     esm: RunSequence event loopLevel=   1  levelMember=   1  loopIteration=   1, current time: 2010  6  1  0  0  0   0
20221024 063459.710 INFO             PET2     ATM-TO-OCN: Run intro.
20221024 063459.712 INFO             PET2     ATM-TO-OCN: Run extro.
20221024 063459.712 INFO             PET2     OCN-TO-ATM: Run intro.
20221024 063459.712 INFO             PET2     OCN-TO-ATM: Run extro.
20221024 063459.713 INFO             PET2     OCN: Run intro.
20221024 063459.713 INFO             PET2       ------>Advancing OCN from: 2010  6  1  0  0  0   0
20221024 063459.713 INFO             PET2       ---------------------> to: 2010  6  1  0  5  0   0
20221024 063459.721 WARNING          PET2 ESMCI_PIO_Handler.C:1567 ESMCI::PIO_Handler::isOpen()       File, field_ocn_import_pmsl.nc, closed by PIO
20221024 063459.727 WARNING          PET2 ESMCI_PIO_Handler.C:1567 ESMCI::PIO_Handler::isOpen()       File, field_ocn_import_rsnl.nc, closed by PIO
20221024 063459.734 WARNING          PET2 ESMCI_PIO_Handler.C:1567 ESMCI::PIO_Handler::isOpen()       File, field_ocn_import_rsns.nc, closed by PIO
20221024 063459.740 WARNING          PET2 ESMCI_PIO_Handler.C:1567 ESMCI::PIO_Handler::isOpen()       File, field_ocn_import_sdhf.nc, closed by PIO
20221024 063459.747 WARNING          PET2 ESMCI_PIO_Handler.C:1567 ESMCI::PIO_Handler::isOpen()       File, field_ocn_export_sst.nc, closed by PIO
20221024 063459.748 INFO             PET2       ------>Advancing OCN from: 2010  6  1  0  5  0   0
20221024 063459.748 INFO             PET2       ---------------------> to: 2010  6  1  0 10  0   0
20221024 063459.753 WARNING          PET2 ESMCI_PIO_Handler.C:1567 ESMCI::PIO_Handler::isOpen()       File, field_ocn_import_pmsl.nc, closed by PIO
20221024 063459.758 WARNING          PET2 ESMCI_PIO_Handler.C:1567 ESMCI::PIO_Handler::isOpen()       File, field_ocn_import_rsnl.nc, closed by PIO
20221024 063459.763 WARNING          PET2 ESMCI_PIO_Handler.C:1567 ESMCI::PIO_Handler::isOpen()       File, field_ocn_import_rsns.nc, closed by PIO
20221024 063459.768 WARNING          PET2 ESMCI_PIO_Handler.C:1567 ESMCI::PIO_Handler::isOpen()       File, field_ocn_import_sdhf.nc, closed by PIO
20221024 063459.772 WARNING          PET2 ESMCI_PIO_Handler.C:1567 ESMCI::PIO_Handler::isOpen()       File, field_ocn_export_sst.nc, closed by PIO
20221024 063459.773 INFO             PET2       ------>Advancing OCN from: 2010  6  1  0 10  0   0
20221024 063459.773 INFO             PET2       ---------------------> to: 2010  6  1  0 15  0   0
20221024 063459.777 WARNING          PET2 ESMCI_PIO_Handler.C:1567 ESMCI::PIO_Handler::isOpen()       File, field_ocn_import_pmsl.nc, closed by PIO
20221024 063459.782 WARNING          PET2 ESMCI_PIO_Handler.C:1567 ESMCI::PIO_Handler::isOpen()       File, field_ocn_import_rsnl.nc, closed by PIO
20221024 063459.787 WARNING          PET2 ESMCI_PIO_Handler.C:1567 ESMCI::PIO_Handler::isOpen()       File, field_ocn_import_rsns.nc, closed by PIO
20221024 063459.792 WARNING          PET2 ESMCI_PIO_Handler.C:1567 ESMCI::PIO_Handler::isOpen()       File, field_ocn_import_sdhf.nc, closed by PIO
20221024 063459.797 WARNING          PET2 ESMCI_PIO_Handler.C:1567 ESMCI::PIO_Handler::isOpen()       File, field_ocn_export_sst.nc, closed by PIO
20221024 063459.797 INFO             PET2     OCN: Run extro.
20221024 063459.797 INFO             PET2     esm: RunSequence event loopLevel=   1  levelMember=   1  loopIteration=   2, current time: 2010  6  1  0 15  0   0
20221024 063459.797 INFO             PET2     ATM-TO-OCN: Run intro.
20221024 063459.798 INFO             PET2     ATM-TO-OCN: Run extro.
20221024 063459.798 INFO             PET2     OCN-TO-ATM: Run intro.
20221024 063459.798 INFO             PET2     OCN-TO-ATM: Run extro.
20221024 063459.799 INFO             PET2     OCN: Run intro.
20221024 063459.799 INFO             PET2       ------>Advancing OCN from: 2010  6  1  0 15  0   0
20221024 063459.799 INFO             PET2       ---------------------> to: 2010  6  1  0 20  0   0
20221024 063459.838 WARNING          PET2 ESMCI_PIO_Handler.C:1567 ESMCI::PIO_Handler::isOpen()       File, field_ocn_import_pmsl.nc, closed by PIO
20221024 063459.842 WARNING          PET2 ESMCI_PIO_Handler.C:1567 ESMCI::PIO_Handler::isOpen()       File, field_ocn_import_rsnl.nc, closed by PIO
20221024 063459.847 WARNING          PET2 ESMCI_PIO_Handler.C:1567 ESMCI::PIO_Handler::isOpen()       File, field_ocn_import_rsns.nc, closed by PIO
20221024 063459.852 WARNING          PET2 ESMCI_PIO_Handler.C:1567 ESMCI::PIO_Handler::isOpen()       File, field_ocn_import_sdhf.nc, closed by PIO
20221024 063459.857 WARNING          PET2 ESMCI_PIO_Handler.C:1567 ESMCI::PIO_Handler::isOpen()       File, field_ocn_export_sst.nc, closed by PIO
20221024 063459.857 INFO             PET2       ------>Advancing OCN from: 2010  6  1  0 20  0   0
20221024 063459.857 INFO             PET2       ---------------------> to: 2010  6  1  0 25  0   0
20221024 063459.862 WARNING          PET2 ESMCI_PIO_Handler.C:1567 ESMCI::PIO_Handler::isOpen()       File, field_ocn_import_pmsl.nc, closed by PIO
20221024 063459.867 WARNING          PET2 ESMCI_PIO_Handler.C:1567 ESMCI::PIO_Handler::isOpen()       File, field_ocn_import_rsnl.nc, closed by PIO
20221024 063459.872 WARNING          PET2 ESMCI_PIO_Handler.C:1567 ESMCI::PIO_Handler::isOpen()       File, field_ocn_import_rsns.nc, closed by PIO
20221024 063459.877 WARNING          PET2 ESMCI_PIO_Handler.C:1567 ESMCI::PIO_Handler::isOpen()       File, field_ocn_import_sdhf.nc, closed by PIO
20221024 063459.881 WARNING          PET2 ESMCI_PIO_Handler.C:1567 ESMCI::PIO_Handler::isOpen()       File, field_ocn_export_sst.nc, closed by PIO
20221024 063459.882 INFO             PET2       ------>Advancing OCN from: 2010  6  1  0 25  0   0
20221024 063459.882 INFO             PET2       ---------------------> to: 2010  6  1  0 30  0   0
20221024 063459.886 WARNING          PET2 ESMCI_PIO_Handler.C:1567 ESMCI::PIO_Handler::isOpen()       File, field_ocn_import_pmsl.nc, closed by PIO
20221024 063459.891 WARNING          PET2 ESMCI_PIO_Handler.C:1567 ESMCI::PIO_Handler::isOpen()       File, field_ocn_import_rsnl.nc, closed by PIO
20221024 063459.895 WARNING          PET2 ESMCI_PIO_Handler.C:1567 ESMCI::PIO_Handler::isOpen()       File, field_ocn_import_rsns.nc, closed by PIO
20221024 063459.900 WARNING          PET2 ESMCI_PIO_Handler.C:1567 ESMCI::PIO_Handler::isOpen()       File, field_ocn_import_sdhf.nc, closed by PIO
20221024 063459.904 WARNING          PET2 ESMCI_PIO_Handler.C:1567 ESMCI::PIO_Handler::isOpen()       File, field_ocn_export_sst.nc, closed by PIO
20221024 063459.904 INFO             PET2     OCN: Run extro.
20221024 063459.904 INFO             PET2     esm: RunSequence event loopLevel=   1  levelMember=   1  loopIteration=   3, current time: 2010  6  1  0 30  0   0
20221024 063459.905 INFO             PET2     ATM-TO-OCN: Run intro.
20221024 063459.905 INFO             PET2     ATM-TO-OCN: Run extro.
20221024 063459.905 INFO             PET2     OCN-TO-ATM: Run intro.
20221024 063459.906 INFO             PET2     OCN-TO-ATM: Run extro.
20221024 063459.906 INFO             PET2     OCN: Run intro.
20221024 063459.906 INFO             PET2       ------>Advancing OCN from: 2010  6  1  0 30  0   0
20221024 063459.906 INFO             PET2       ---------------------> to: 2010  6  1  0 35  0   0
20221024 063459.911 WARNING          PET2 ESMCI_PIO_Handler.C:1567 ESMCI::PIO_Handler::isOpen()       File, field_ocn_import_pmsl.nc, closed by PIO
20221024 063459.915 WARNING          PET2 ESMCI_PIO_Handler.C:1567 ESMCI::PIO_Handler::isOpen()       File, field_ocn_import_rsnl.nc, closed by PIO
20221024 063459.920 WARNING          PET2 ESMCI_PIO_Handler.C:1567 ESMCI::PIO_Handler::isOpen()       File, field_ocn_import_rsns.nc, closed by PIO
20221024 063459.925 WARNING          PET2 ESMCI_PIO_Handler.C:1567 ESMCI::PIO_Handler::isOpen()       File, field_ocn_import_sdhf.nc, closed by PIO
20221024 063459.930 WARNING          PET2 ESMCI_PIO_Handler.C:1567 ESMCI::PIO_Handler::isOpen()       File, field_ocn_export_sst.nc, closed by PIO
20221024 063459.930 INFO             PET2       ------>Advancing OCN from: 2010  6  1  0 35  0   0
20221024 063459.930 INFO             PET2       ---------------------> to: 2010  6  1  0 40  0   0
20221024 063459.936 WARNING          PET2 ESMCI_PIO_Handler.C:1567 ESMCI::PIO_Handler::isOpen()       File, field_ocn_import_pmsl.nc, closed by PIO
20221024 063459.941 WARNING          PET2 ESMCI_PIO_Handler.C:1567 ESMCI::PIO_Handler::isOpen()       File, field_ocn_import_rsnl.nc, closed by PIO
20221024 063459.946 WARNING          PET2 ESMCI_PIO_Handler.C:1567 ESMCI::PIO_Handler::isOpen()       File, field_ocn_import_rsns.nc, closed by PIO
20221024 063459.951 WARNING          PET2 ESMCI_PIO_Handler.C:1567 ESMCI::PIO_Handler::isOpen()       File, field_ocn_import_sdhf.nc, closed by PIO
20221024 063459.954 WARNING          PET2 ESMCI_PIO_Handler.C:1567 ESMCI::PIO_Handler::isOpen()       File, field_ocn_export_sst.nc, closed by PIO
20221024 063459.954 INFO             PET2       ------>Advancing OCN from: 2010  6  1  0 40  0   0
20221024 063459.954 INFO             PET2       ---------------------> to: 2010  6  1  0 45  0   0
20221024 063459.958 WARNING          PET2 ESMCI_PIO_Handler.C:1567 ESMCI::PIO_Handler::isOpen()       File, field_ocn_import_pmsl.nc, closed by PIO
20221024 063459.963 WARNING          PET2 ESMCI_PIO_Handler.C:1567 ESMCI::PIO_Handler::isOpen()       File, field_ocn_import_rsnl.nc, closed by PIO
20221024 063459.966 WARNING          PET2 ESMCI_PIO_Handler.C:1567 ESMCI::PIO_Handler::isOpen()       File, field_ocn_import_rsns.nc, closed by PIO
20221024 063459.970 WARNING          PET2 ESMCI_PIO_Handler.C:1567 ESMCI::PIO_Handler::isOpen()       File, field_ocn_import_sdhf.nc, closed by PIO
20221024 063459.973 WARNING          PET2 ESMCI_PIO_Handler.C:1567 ESMCI::PIO_Handler::isOpen()       File, field_ocn_export_sst.nc, closed by PIO
20221024 063459.973 INFO             PET2     OCN: Run extro.
20221024 063459.973 INFO             PET2     esm: RunSequence event loopLevel=   1  levelMember=   1  loopIteration=   4, current time: 2010  6  1  0 45  0   0
20221024 063459.973 INFO             PET2     ATM-TO-OCN: Run intro.
20221024 063459.974 INFO             PET2     ATM-TO-OCN: Run extro.
20221024 063459.974 INFO             PET2     OCN-TO-ATM: Run intro.
20221024 063459.975 INFO             PET2     OCN-TO-ATM: Run extro.
20221024 063459.975 INFO             PET2     OCN: Run intro.
20221024 063459.975 INFO             PET2       ------>Advancing OCN from: 2010  6  1  0 45  0   0
20221024 063459.975 INFO             PET2       ---------------------> to: 2010  6  1  0 50  0   0
20221024 063459.980 WARNING          PET2 ESMCI_PIO_Handler.C:1567 ESMCI::PIO_Handler::isOpen()       File, field_ocn_import_pmsl.nc, closed by PIO
20221024 063459.984 WARNING          PET2 ESMCI_PIO_Handler.C:1567 ESMCI::PIO_Handler::isOpen()       File, field_ocn_import_rsnl.nc, closed by PIO
20221024 063459.988 WARNING          PET2 ESMCI_PIO_Handler.C:1567 ESMCI::PIO_Handler::isOpen()       File, field_ocn_import_rsns.nc, closed by PIO
20221024 063459.992 WARNING          PET2 ESMCI_PIO_Handler.C:1567 ESMCI::PIO_Handler::isOpen()       File, field_ocn_import_sdhf.nc, closed by PIO
20221024 063459.996 WARNING          PET2 ESMCI_PIO_Handler.C:1567 ESMCI::PIO_Handler::isOpen()       File, field_ocn_export_sst.nc, closed by PIO
20221024 063459.996 INFO             PET2       ------>Advancing OCN from: 2010  6  1  0 50  0   0
20221024 063459.996 INFO             PET2       ---------------------> to: 2010  6  1  0 55  0   0
20221024 063500.000 WARNING          PET2 ESMCI_PIO_Handler.C:1567 ESMCI::PIO_Handler::isOpen()       File, field_ocn_import_pmsl.nc, closed by PIO
20221024 063500.004 WARNING          PET2 ESMCI_PIO_Handler.C:1567 ESMCI::PIO_Handler::isOpen()       File, field_ocn_import_rsnl.nc, closed by PIO
20221024 063500.007 WARNING          PET2 ESMCI_PIO_Handler.C:1567 ESMCI::PIO_Handler::isOpen()       File, field_ocn_import_rsns.nc, closed by PIO
20221024 063500.011 WARNING          PET2 ESMCI_PIO_Handler.C:1567 ESMCI::PIO_Handler::isOpen()       File, field_ocn_import_sdhf.nc, closed by PIO
20221024 063500.014 WARNING          PET2 ESMCI_PIO_Handler.C:1567 ESMCI::PIO_Handler::isOpen()       File, field_ocn_export_sst.nc, closed by PIO
20221024 063500.014 INFO             PET2       ------>Advancing OCN from: 2010  6  1  0 55  0   0
20221024 063500.015 INFO             PET2       ---------------------> to: 2010  6  1  1  0  0   0
20221024 063500.018 WARNING          PET2 ESMCI_PIO_Handler.C:1567 ESMCI::PIO_Handler::isOpen()       File, field_ocn_import_pmsl.nc, closed by PIO
20221024 063500.021 WARNING          PET2 ESMCI_PIO_Handler.C:1567 ESMCI::PIO_Handler::isOpen()       File, field_ocn_import_rsnl.nc, closed by PIO
20221024 063500.025 WARNING          PET2 ESMCI_PIO_Handler.C:1567 ESMCI::PIO_Handler::isOpen()       File, field_ocn_import_rsns.nc, closed by PIO
20221024 063500.028 WARNING          PET2 ESMCI_PIO_Handler.C:1567 ESMCI::PIO_Handler::isOpen()       File, field_ocn_import_sdhf.nc, closed by PIO
20221024 063500.032 WARNING          PET2 ESMCI_PIO_Handler.C:1567 ESMCI::PIO_Handler::isOpen()       File, field_ocn_export_sst.nc, closed by PIO
20221024 063500.032 INFO             PET2     OCN: Run extro.
20221024 063500.032 INFO             PET2   esm: end <--------- RunSequence
20221024 063500.032 INFO             PET2   <<<esm - leaving Run with current time: 2010  6  1  1  0  0   0
20221024 063500.032 INFO             PET2 esm: Run extro.
20221024 063500.032 INFO             PET2 esm: Finalize intro.
20221024 063500.032 INFO             PET2   Calling Finalize phase 1 for connectorComp: ATM-TO-OCN
20221024 063500.032 INFO             PET2   ATM-TO-OCN: Finalize intro.
20221024 063500.032 INFO             PET2   ATM-TO-OCN: Finalize extro.
20221024 063500.032 INFO             PET2   Calling Finalize phase 1 for connectorComp: OCN-TO-ATM
20221024 063500.032 INFO             PET2   OCN-TO-ATM: Finalize intro.
20221024 063500.033 INFO             PET2   OCN-TO-ATM: Finalize extro.
20221024 063500.033 INFO             PET2   Calling Finalize phase 1 for modelComp: ATM
20221024 063500.033 INFO             PET2   Calling Finalize phase 1 for modelComp: OCN
20221024 063500.033 INFO             PET2   OCN: Finalize intro.
20221024 063500.033 INFO             PET2   OCN: Finalize extro.
20221024 063500.033 INFO             PET2   Delete modelComp: ATM
20221024 063500.033 INFO             PET2   Delete Import-/Export State for modelComp: ATM
20221024 063500.033 INFO             PET2   Delete modelComp: OCN
20221024 063500.033 INFO             PET2   Delete Import-/Export State for modelComp: OCN
20221024 063500.033 INFO             PET2   Delete connectorComp: ATM-TO-OCN
20221024 063500.033 INFO             PET2   Delete connectorComp: OCN-TO-ATM
20221024 063500.033 INFO             PET2 esm: Finalize extro.
20221024 063500.033 INFO             PET2 esmApp FINISHED
20221024 063500.033 INFO             PET2 Finalizing ESMF
20221024 063458.588 INFO             PET3 !!!!!!!!!!!!!!!!!!!!!!!!!!!!!!!!!!!!!!!!!!!!!!!!!!!!!!
20221024 063458.588 INFO             PET3 !!! THE ESMF_LOG IS SET TO OUTPUT ALL LOG MESSAGES !!!
20221024 063458.588 INFO             PET3 !!!     THIS MAY CAUSE SLOWDOWN IN PERFORMANCE     !!!
20221024 063458.588 INFO             PET3 !!! FOR PRODUCTION RUNS, USE:                      !!!
20221024 063458.588 INFO             PET3 !!!                   ESMF_LOGKIND_Multi_On_Error  !!!
20221024 063458.588 INFO             PET3 !!!!!!!!!!!!!!!!!!!!!!!!!!!!!!!!!!!!!!!!!!!!!!!!!!!!!!
20221024 063458.588 INFO             PET3 Running with ESMF Version   : v8.4.0b21
20221024 063458.588 INFO             PET3 ESMF library build date/time: "Oct 24 2022" "05:09:05"
20221024 063458.588 INFO             PET3 ESMF library build location : /glade/scratch/theurich/ESMF-Nightly-Testing/intel_18.0.5_mpt_g_release_8.4.0/esmf
20221024 063458.588 INFO             PET3 ESMF_COMM                   : mpt
20221024 063458.589 INFO             PET3 ESMF_MOAB                   : enabled
20221024 063458.589 INFO             PET3 ESMF_LAPACK                 : enabled
20221024 063458.589 INFO             PET3 ESMF_NETCDF                 : enabled
20221024 063458.589 INFO             PET3 ESMF_PNETCDF                : disabled
20221024 063458.589 INFO             PET3 ESMF_PIO                    : enabled
20221024 063458.589 INFO             PET3 ESMF_YAMLCPP                : enabled
20221024 063458.589 INFO             PET3 esmApp STARTING
20221024 063458.595 INFO             PET3 esm: InitializeGeneric intro.
20221024 063458.595 INFO             PET3   esm: InitializeP0 intro.
20221024 063458.595 INFO             PET3   esm: InitializeP0 extro.
20221024 063458.595 INFO             PET3   esm: InitializeIPDv02p1 intro.
20221024 063458.595 INFO             PET3     >>>esm: entered Initialize (phase=<none>) without valid internal Clock.
20221024 063458.596 INFO             PET3     esm - Creating model component ATM with petList of size 2 :
20221024 063458.596 INFO             PET3           0      1
20221024 063458.596 INFO             PET3     esm - Creating model component OCN with petList of size 2 :
20221024 063458.596 INFO             PET3           2      3
20221024 063458.599 INFO             PET3     esm - Creating connector component ATM-TO-OCN with petList of size 4 :
20221024 063458.599 INFO             PET3           0      1      2      3
20221024 063458.605 INFO             PET3     esm - Creating connector component OCN-TO-ATM with petList of size 4 :
20221024 063458.605 INFO             PET3           2      3      0      1
20221024 063458.611 INFO             PET3     esm - Creating state: modelComp 1 Import State
20221024 063458.612 INFO             PET3     esm - Creating state: modelComp 1 Export State
20221024 063458.612 INFO             PET3     esm - Creating state: modelComp 2 Import State
20221024 063458.612 INFO             PET3     esm - Creating state: modelComp 2 Export State
20221024 063458.616 INFO             PET3     OCN: InitializeP0 intro.
20221024 063458.618 INFO             PET3     OCN: InitializeP0 extro.
20221024 063458.619 INFO             PET3     ATM-TO-OCN: InitializeP0 intro.
20221024 063458.620 INFO             PET3     ATM-TO-OCN: InitializeP0 extro.
20221024 063458.621 INFO             PET3     OCN-TO-ATM: InitializeP0 intro.
20221024 063458.621 INFO             PET3     OCN-TO-ATM: InitializeP0 extro.
20221024 063458.623 INFO             PET3     esm: IInitAdvertise intro.
20221024 063458.623 INFO             PET3     esm: IInitAdvertise extro.
20221024 063458.631 INFO             PET3     OCN: InitializeIPDvXp01 intro.
20221024 063458.636 INFO             PET3     OCN: InitializeIPDvXp01 extro.
20221024 063458.637 INFO             PET3     ATM-TO-OCN: InitializeIPDv05p1 intro.
20221024 063458.650 INFO             PET3     ATM-TO-OCN: InitializeIPDv05p1 extro.
20221024 063458.650 INFO             PET3     OCN-TO-ATM: InitializeIPDv05p1 intro.
20221024 063458.655 INFO             PET3     OCN-TO-ATM: InitializeIPDv05p1 extro.
20221024 063458.655 INFO             PET3     esm: IInitAdvertiseFinish intro.
20221024 063458.655 INFO             PET3     esm: IInitAdvertiseFinish extro.
20221024 063458.656 INFO             PET3     ATM-TO-OCN: InitializeIPDv05p2a intro.
20221024 063458.668 INFO             PET3     ATM-TO-OCN: InitializeIPDv05p2a extro.
20221024 063458.668 INFO             PET3     OCN-TO-ATM: InitializeIPDv05p2a intro.
20221024 063458.673 INFO             PET3     OCN-TO-ATM: InitializeIPDv05p2a extro.
20221024 063458.673 INFO             PET3     ATM-TO-OCN: InitializeIPDv05p2b intro.
20221024 063458.686 INFO             PET3     ATM-TO-OCN: InitializeIPDv05p2b extro.
20221024 063458.688 INFO             PET3     OCN-TO-ATM: InitializeIPDv05p2b intro.
20221024 063458.694 INFO             PET3     OCN-TO-ATM: InitializeIPDv05p2b extro.
20221024 063458.694 INFO             PET3     esm: IInitModifyCplLists intro.
20221024 063458.694 INFO             PET3       Driver is in ModifyCplLists()
20221024 063458.694 INFO             PET3        Found            2  Connectors. Modifying CplList Attribute....
20221024 063458.694 INFO             PET3        Modifying cplList Attribute on ATM-TO-OCN: air_pressure_at_sea_level
20221024 063458.694 INFO             PET3        Modified: air_pressure_at_sea_level:REMAPMETHOD=redist
20221024 063458.694 INFO             PET3        Modifying cplList Attribute on ATM-TO-OCN: surface_net_downward_longwave_flux
20221024 063458.694 INFO             PET3        Modified: surface_net_downward_longwave_flux:REMAPMETHOD=bilinear:SrcTermProcessing=1:DUMPWEIGHTS=true:TermOrder=SrcSeq
20221024 063458.694 INFO             PET3        Modifying cplList Attribute on ATM-TO-OCN: surface_net_downward_shortwave_flux
20221024 063458.695 INFO             PET3        Modified: surface_net_downward_shortwave_flux:REMAPMETHOD=redist
20221024 063458.695 INFO             PET3        Modifying cplList Attribute on ATM-TO-OCN: surface_downward_heat_flux_in_air
20221024 063458.695 INFO             PET3        Modified: surface_downward_heat_flux_in_air:REMAPMETHOD=bilinear:SrcTermProcessing=1:DUMPWEIGHTS=true:TermOrder=SrcSeq
20221024 063458.695 INFO             PET3        Modifying cplList Attribute on OCN-TO-ATM: sea_surface_temperature
20221024 063458.695 INFO             PET3        Modified: sea_surface_temperature:REMAPMETHOD=bilinear:SrcTermProcessing=1:DUMPWEIGHTS=true:TermOrder=SrcSeq
20221024 063458.695 INFO             PET3     esm: IInitModifyCplLists extro.
20221024 063458.695 INFO             PET3     ATM-TO-OCN: InitializeIPDv05p3 intro.
20221024 063458.708 INFO             PET3     ATM-TO-OCN: InitializeIPDv05p3 extro.
20221024 063458.708 INFO             PET3     OCN-TO-ATM: InitializeIPDv05p3 intro.
20221024 063458.714 INFO             PET3     OCN-TO-ATM: InitializeIPDv05p3 extro.
20221024 063458.714 INFO             PET3     <<<esm: leaving Initialize (phase=<none>) with current time: 2010  6  1  0  0  0   0
20221024 063458.714 INFO             PET3   esm: InitializeIPDv02p1 extro.
20221024 063458.714 INFO             PET3   esm: InitializeIPDv02p3 intro.
20221024 063458.714 INFO             PET3     >>>esm: entered Initialize (phase=<none>) with current time: 2010  6  1  0  0  0   0
20221024 063458.714 INFO             PET3     esm: IInitCheck intro.
20221024 063458.714 INFO             PET3     esm: IInitCheck extro.
20221024 063458.729 INFO             PET3     OCN: InitializeIPDvXp04 intro.
20221024 063458.741 INFO             PET3     OCN: InitializeIPDvXp04 extro.
20221024 063458.742 INFO             PET3     ATM-TO-OCN: InitializeIPDv05p4 intro.
20221024 063458.765 INFO             PET3     ATM-TO-OCN: InitializeIPDv05p4 extro.
20221024 063458.765 INFO             PET3     OCN-TO-ATM: InitializeIPDv05p4 intro.
20221024 063458.776 INFO             PET3     OCN-TO-ATM: InitializeIPDv05p4 extro.
20221024 063458.776 INFO             PET3     ATM-TO-OCN: InitializeIPDv05p5 intro.
20221024 063458.799 INFO             PET3     ATM-TO-OCN: InitializeIPDv05p5 extro.
20221024 063458.799 INFO             PET3     OCN-TO-ATM: InitializeIPDv05p5 intro.
20221024 063458.809 INFO             PET3     OCN-TO-ATM: InitializeIPDv05p5 extro.
20221024 063458.809 INFO             PET3     esm: IInitRealize intro.
20221024 063458.809 INFO             PET3     esm: IInitRealize extro.
20221024 063458.810 INFO             PET3     ATM-TO-OCN: InitializeIPDv05p6a intro.
20221024 063458.832 INFO             PET3     ATM-TO-OCN: InitializeIPDv05p6a extro.
20221024 063458.832 INFO             PET3     OCN-TO-ATM: InitializeIPDv05p6a intro.
20221024 063458.841 INFO             PET3     OCN-TO-ATM: InitializeIPDv05p6a extro.
20221024 063458.842 INFO             PET3     ATM-TO-OCN: InitializeIPDv05p6b intro.
20221024 063459.298 INFO             PET3     ATM-TO-OCN: InitializeIPDv05p6b extro.
20221024 063459.298 INFO             PET3     OCN-TO-ATM: InitializeIPDv05p6b intro.
20221024 063459.703 INFO             PET3     OCN-TO-ATM: InitializeIPDv05p6b extro.
20221024 063459.705 INFO             PET3     OCN: InitializeIPDvXp07 intro.
20221024 063459.705 INFO             PET3     OCN: InitializeIPDvXp07 extro.
20221024 063459.706 INFO             PET3     <<<esm: leaving Initialize (phase=<none>) with current time: 2010  6  1  0  0  0   0
20221024 063459.706 INFO             PET3   esm: InitializeIPDv02p3 extro.
20221024 063459.706 INFO             PET3   esm: InitializeIPDv02p5 intro.
20221024 063459.706 INFO             PET3     >>>esm: entered Initialize (phase=<none>) with current time: 2010  6  1  0  0  0   0
20221024 063459.706 INFO             PET3     esm: this is a top level driver, no 'Updated' and 'InitializeDataComplete' info on this level.
20221024 063459.706 INFO             PET3     esm: InitializeIPDv02p5Data intro.
20221024 063459.707 INFO             PET3       esm: InternalInitializeComplete intro.
20221024 063459.707 INFO             PET3         esm: InitializeDataComplete='true'
20221024 063459.707 INFO             PET3       esm: InternalInitializeComplete extro.
20221024 063459.708 INFO             PET3       OCN: InitializeIPDv01p5 intro.
20221024 063459.708 INFO             PET3       OCN: InitializeIPDv01p5 extro.
20221024 063459.709 INFO             PET3       esm: components present that trigger loopDataDependentInitialize().
20221024 063459.709 INFO             PET3       esm: loopDataDependentInitialize intro.
20221024 063459.710 INFO             PET3         esm: component    0=esm, dataComplete (local): true
20221024 063459.710 INFO             PET3         esm: component    0=esm, dataComplete (global):  T
20221024 063459.710 INFO             PET3         esm: component    1=ATM, dataComplete (local): true
20221024 063459.710 INFO             PET3         esm: component    1=ATM, dataComplete (global):  T
20221024 063459.710 INFO             PET3         esm: component    2=OCN, dataComplete (local): true
20221024 063459.710 INFO             PET3         esm: component    2=OCN, dataComplete (global):  T
20221024 063459.710 INFO             PET3         esm: someProgress= F, allComplete= T, present(dataDepAllComplete)= T
20221024 063459.710 INFO             PET3         esm: finished resolving initialize data dependencies on this level.
20221024 063459.710 INFO             PET3       esm: loopDataDependentInitialize extro.
20221024 063459.710 INFO             PET3       esm: loopDataDependentInitialize() returned with dataDepAllComplete:  T
20221024 063459.710 INFO             PET3     esm: InitializeIPDv02p5Data extro.
20221024 063459.710 INFO             PET3     <<<esm: leaving Initialize (phase=<none>) with current time: 2010  6  1  0  0  0   0
20221024 063459.710 INFO             PET3   esm: InitializeIPDv02p5 extro.
20221024 063459.710 INFO             PET3 esm: InitializeGeneric extro.
20221024 063459.710 INFO             PET3 esm: Run intro.
20221024 063459.710 INFO             PET3   >>>esm entered Run (phase=RunPhase1) with current time: 2010  6  1  0  0  0   0
20221024 063459.710 INFO             PET3   esm: after lable_SetRunClock, current time: 2010  6  1  0  0  0   0
20221024 063459.710 INFO             PET3   esm: begin -------> RunSequence.
20221024 063459.710 INFO             PET3     esm: RunSequence event loopLevel=   1  levelMember=   1  loopIteration=   1, current time: 2010  6  1  0  0  0   0
20221024 063459.710 INFO             PET3     ATM-TO-OCN: Run intro.
20221024 063459.712 INFO             PET3     ATM-TO-OCN: Run extro.
20221024 063459.712 INFO             PET3     OCN-TO-ATM: Run intro.
20221024 063459.712 INFO             PET3     OCN-TO-ATM: Run extro.
20221024 063459.713 INFO             PET3     OCN: Run intro.
20221024 063459.713 INFO             PET3       ------>Advancing OCN from: 2010  6  1  0  0  0   0
20221024 063459.713 INFO             PET3       ---------------------> to: 2010  6  1  0  5  0   0
20221024 063459.721 WARNING          PET3 ESMCI_PIO_Handler.C:1567 ESMCI::PIO_Handler::isOpen()       File, field_ocn_import_pmsl.nc, closed by PIO
20221024 063459.727 WARNING          PET3 ESMCI_PIO_Handler.C:1567 ESMCI::PIO_Handler::isOpen()       File, field_ocn_import_rsnl.nc, closed by PIO
20221024 063459.734 WARNING          PET3 ESMCI_PIO_Handler.C:1567 ESMCI::PIO_Handler::isOpen()       File, field_ocn_import_rsns.nc, closed by PIO
20221024 063459.740 WARNING          PET3 ESMCI_PIO_Handler.C:1567 ESMCI::PIO_Handler::isOpen()       File, field_ocn_import_sdhf.nc, closed by PIO
20221024 063459.747 WARNING          PET3 ESMCI_PIO_Handler.C:1567 ESMCI::PIO_Handler::isOpen()       File, field_ocn_export_sst.nc, closed by PIO
20221024 063459.748 INFO             PET3       ------>Advancing OCN from: 2010  6  1  0  5  0   0
20221024 063459.748 INFO             PET3       ---------------------> to: 2010  6  1  0 10  0   0
20221024 063459.753 WARNING          PET3 ESMCI_PIO_Handler.C:1567 ESMCI::PIO_Handler::isOpen()       File, field_ocn_import_pmsl.nc, closed by PIO
20221024 063459.758 WARNING          PET3 ESMCI_PIO_Handler.C:1567 ESMCI::PIO_Handler::isOpen()       File, field_ocn_import_rsnl.nc, closed by PIO
20221024 063459.763 WARNING          PET3 ESMCI_PIO_Handler.C:1567 ESMCI::PIO_Handler::isOpen()       File, field_ocn_import_rsns.nc, closed by PIO
20221024 063459.768 WARNING          PET3 ESMCI_PIO_Handler.C:1567 ESMCI::PIO_Handler::isOpen()       File, field_ocn_import_sdhf.nc, closed by PIO
20221024 063459.772 WARNING          PET3 ESMCI_PIO_Handler.C:1567 ESMCI::PIO_Handler::isOpen()       File, field_ocn_export_sst.nc, closed by PIO
20221024 063459.773 INFO             PET3       ------>Advancing OCN from: 2010  6  1  0 10  0   0
20221024 063459.773 INFO             PET3       ---------------------> to: 2010  6  1  0 15  0   0
20221024 063459.777 WARNING          PET3 ESMCI_PIO_Handler.C:1567 ESMCI::PIO_Handler::isOpen()       File, field_ocn_import_pmsl.nc, closed by PIO
20221024 063459.782 WARNING          PET3 ESMCI_PIO_Handler.C:1567 ESMCI::PIO_Handler::isOpen()       File, field_ocn_import_rsnl.nc, closed by PIO
20221024 063459.787 WARNING          PET3 ESMCI_PIO_Handler.C:1567 ESMCI::PIO_Handler::isOpen()       File, field_ocn_import_rsns.nc, closed by PIO
20221024 063459.792 WARNING          PET3 ESMCI_PIO_Handler.C:1567 ESMCI::PIO_Handler::isOpen()       File, field_ocn_import_sdhf.nc, closed by PIO
20221024 063459.797 WARNING          PET3 ESMCI_PIO_Handler.C:1567 ESMCI::PIO_Handler::isOpen()       File, field_ocn_export_sst.nc, closed by PIO
20221024 063459.797 INFO             PET3     OCN: Run extro.
20221024 063459.797 INFO             PET3     esm: RunSequence event loopLevel=   1  levelMember=   1  loopIteration=   2, current time: 2010  6  1  0 15  0   0
20221024 063459.797 INFO             PET3     ATM-TO-OCN: Run intro.
20221024 063459.798 INFO             PET3     ATM-TO-OCN: Run extro.
20221024 063459.832 INFO             PET3     OCN-TO-ATM: Run intro.
20221024 063459.833 INFO             PET3     OCN-TO-ATM: Run extro.
20221024 063459.833 INFO             PET3     OCN: Run intro.
20221024 063459.833 INFO             PET3       ------>Advancing OCN from: 2010  6  1  0 15  0   0
20221024 063459.833 INFO             PET3       ---------------------> to: 2010  6  1  0 20  0   0
20221024 063459.838 WARNING          PET3 ESMCI_PIO_Handler.C:1567 ESMCI::PIO_Handler::isOpen()       File, field_ocn_import_pmsl.nc, closed by PIO
20221024 063459.842 WARNING          PET3 ESMCI_PIO_Handler.C:1567 ESMCI::PIO_Handler::isOpen()       File, field_ocn_import_rsnl.nc, closed by PIO
20221024 063459.847 WARNING          PET3 ESMCI_PIO_Handler.C:1567 ESMCI::PIO_Handler::isOpen()       File, field_ocn_import_rsns.nc, closed by PIO
20221024 063459.852 WARNING          PET3 ESMCI_PIO_Handler.C:1567 ESMCI::PIO_Handler::isOpen()       File, field_ocn_import_sdhf.nc, closed by PIO
20221024 063459.857 WARNING          PET3 ESMCI_PIO_Handler.C:1567 ESMCI::PIO_Handler::isOpen()       File, field_ocn_export_sst.nc, closed by PIO
20221024 063459.857 INFO             PET3       ------>Advancing OCN from: 2010  6  1  0 20  0   0
20221024 063459.857 INFO             PET3       ---------------------> to: 2010  6  1  0 25  0   0
20221024 063459.862 WARNING          PET3 ESMCI_PIO_Handler.C:1567 ESMCI::PIO_Handler::isOpen()       File, field_ocn_import_pmsl.nc, closed by PIO
20221024 063459.867 WARNING          PET3 ESMCI_PIO_Handler.C:1567 ESMCI::PIO_Handler::isOpen()       File, field_ocn_import_rsnl.nc, closed by PIO
20221024 063459.872 WARNING          PET3 ESMCI_PIO_Handler.C:1567 ESMCI::PIO_Handler::isOpen()       File, field_ocn_import_rsns.nc, closed by PIO
20221024 063459.877 WARNING          PET3 ESMCI_PIO_Handler.C:1567 ESMCI::PIO_Handler::isOpen()       File, field_ocn_import_sdhf.nc, closed by PIO
20221024 063459.881 WARNING          PET3 ESMCI_PIO_Handler.C:1567 ESMCI::PIO_Handler::isOpen()       File, field_ocn_export_sst.nc, closed by PIO
20221024 063459.882 INFO             PET3       ------>Advancing OCN from: 2010  6  1  0 25  0   0
20221024 063459.882 INFO             PET3       ---------------------> to: 2010  6  1  0 30  0   0
20221024 063459.886 WARNING          PET3 ESMCI_PIO_Handler.C:1567 ESMCI::PIO_Handler::isOpen()       File, field_ocn_import_pmsl.nc, closed by PIO
20221024 063459.891 WARNING          PET3 ESMCI_PIO_Handler.C:1567 ESMCI::PIO_Handler::isOpen()       File, field_ocn_import_rsnl.nc, closed by PIO
20221024 063459.895 WARNING          PET3 ESMCI_PIO_Handler.C:1567 ESMCI::PIO_Handler::isOpen()       File, field_ocn_import_rsns.nc, closed by PIO
20221024 063459.900 WARNING          PET3 ESMCI_PIO_Handler.C:1567 ESMCI::PIO_Handler::isOpen()       File, field_ocn_import_sdhf.nc, closed by PIO
20221024 063459.904 WARNING          PET3 ESMCI_PIO_Handler.C:1567 ESMCI::PIO_Handler::isOpen()       File, field_ocn_export_sst.nc, closed by PIO
20221024 063459.904 INFO             PET3     OCN: Run extro.
20221024 063459.904 INFO             PET3     esm: RunSequence event loopLevel=   1  levelMember=   1  loopIteration=   3, current time: 2010  6  1  0 30  0   0
20221024 063459.905 INFO             PET3     ATM-TO-OCN: Run intro.
20221024 063459.905 INFO             PET3     ATM-TO-OCN: Run extro.
20221024 063459.905 INFO             PET3     OCN-TO-ATM: Run intro.
20221024 063459.906 INFO             PET3     OCN-TO-ATM: Run extro.
20221024 063459.906 INFO             PET3     OCN: Run intro.
20221024 063459.906 INFO             PET3       ------>Advancing OCN from: 2010  6  1  0 30  0   0
20221024 063459.906 INFO             PET3       ---------------------> to: 2010  6  1  0 35  0   0
20221024 063459.911 WARNING          PET3 ESMCI_PIO_Handler.C:1567 ESMCI::PIO_Handler::isOpen()       File, field_ocn_import_pmsl.nc, closed by PIO
20221024 063459.915 WARNING          PET3 ESMCI_PIO_Handler.C:1567 ESMCI::PIO_Handler::isOpen()       File, field_ocn_import_rsnl.nc, closed by PIO
20221024 063459.920 WARNING          PET3 ESMCI_PIO_Handler.C:1567 ESMCI::PIO_Handler::isOpen()       File, field_ocn_import_rsns.nc, closed by PIO
20221024 063459.925 WARNING          PET3 ESMCI_PIO_Handler.C:1567 ESMCI::PIO_Handler::isOpen()       File, field_ocn_import_sdhf.nc, closed by PIO
20221024 063459.930 WARNING          PET3 ESMCI_PIO_Handler.C:1567 ESMCI::PIO_Handler::isOpen()       File, field_ocn_export_sst.nc, closed by PIO
20221024 063459.930 INFO             PET3       ------>Advancing OCN from: 2010  6  1  0 35  0   0
20221024 063459.930 INFO             PET3       ---------------------> to: 2010  6  1  0 40  0   0
20221024 063459.936 WARNING          PET3 ESMCI_PIO_Handler.C:1567 ESMCI::PIO_Handler::isOpen()       File, field_ocn_import_pmsl.nc, closed by PIO
20221024 063459.941 WARNING          PET3 ESMCI_PIO_Handler.C:1567 ESMCI::PIO_Handler::isOpen()       File, field_ocn_import_rsnl.nc, closed by PIO
20221024 063459.946 WARNING          PET3 ESMCI_PIO_Handler.C:1567 ESMCI::PIO_Handler::isOpen()       File, field_ocn_import_rsns.nc, closed by PIO
20221024 063459.951 WARNING          PET3 ESMCI_PIO_Handler.C:1567 ESMCI::PIO_Handler::isOpen()       File, field_ocn_import_sdhf.nc, closed by PIO
20221024 063459.954 WARNING          PET3 ESMCI_PIO_Handler.C:1567 ESMCI::PIO_Handler::isOpen()       File, field_ocn_export_sst.nc, closed by PIO
20221024 063459.954 INFO             PET3       ------>Advancing OCN from: 2010  6  1  0 40  0   0
20221024 063459.954 INFO             PET3       ---------------------> to: 2010  6  1  0 45  0   0
20221024 063459.958 WARNING          PET3 ESMCI_PIO_Handler.C:1567 ESMCI::PIO_Handler::isOpen()       File, field_ocn_import_pmsl.nc, closed by PIO
20221024 063459.963 WARNING          PET3 ESMCI_PIO_Handler.C:1567 ESMCI::PIO_Handler::isOpen()       File, field_ocn_import_rsnl.nc, closed by PIO
20221024 063459.966 WARNING          PET3 ESMCI_PIO_Handler.C:1567 ESMCI::PIO_Handler::isOpen()       File, field_ocn_import_rsns.nc, closed by PIO
20221024 063459.970 WARNING          PET3 ESMCI_PIO_Handler.C:1567 ESMCI::PIO_Handler::isOpen()       File, field_ocn_import_sdhf.nc, closed by PIO
20221024 063459.973 WARNING          PET3 ESMCI_PIO_Handler.C:1567 ESMCI::PIO_Handler::isOpen()       File, field_ocn_export_sst.nc, closed by PIO
20221024 063459.973 INFO             PET3     OCN: Run extro.
20221024 063459.973 INFO             PET3     esm: RunSequence event loopLevel=   1  levelMember=   1  loopIteration=   4, current time: 2010  6  1  0 45  0   0
20221024 063459.973 INFO             PET3     ATM-TO-OCN: Run intro.
20221024 063459.974 INFO             PET3     ATM-TO-OCN: Run extro.
20221024 063459.974 INFO             PET3     OCN-TO-ATM: Run intro.
20221024 063459.975 INFO             PET3     OCN-TO-ATM: Run extro.
20221024 063459.975 INFO             PET3     OCN: Run intro.
20221024 063459.975 INFO             PET3       ------>Advancing OCN from: 2010  6  1  0 45  0   0
20221024 063459.975 INFO             PET3       ---------------------> to: 2010  6  1  0 50  0   0
20221024 063459.980 WARNING          PET3 ESMCI_PIO_Handler.C:1567 ESMCI::PIO_Handler::isOpen()       File, field_ocn_import_pmsl.nc, closed by PIO
20221024 063459.984 WARNING          PET3 ESMCI_PIO_Handler.C:1567 ESMCI::PIO_Handler::isOpen()       File, field_ocn_import_rsnl.nc, closed by PIO
20221024 063459.988 WARNING          PET3 ESMCI_PIO_Handler.C:1567 ESMCI::PIO_Handler::isOpen()       File, field_ocn_import_rsns.nc, closed by PIO
20221024 063459.992 WARNING          PET3 ESMCI_PIO_Handler.C:1567 ESMCI::PIO_Handler::isOpen()       File, field_ocn_import_sdhf.nc, closed by PIO
20221024 063459.996 WARNING          PET3 ESMCI_PIO_Handler.C:1567 ESMCI::PIO_Handler::isOpen()       File, field_ocn_export_sst.nc, closed by PIO
20221024 063459.996 INFO             PET3       ------>Advancing OCN from: 2010  6  1  0 50  0   0
20221024 063459.996 INFO             PET3       ---------------------> to: 2010  6  1  0 55  0   0
20221024 063500.000 WARNING          PET3 ESMCI_PIO_Handler.C:1567 ESMCI::PIO_Handler::isOpen()       File, field_ocn_import_pmsl.nc, closed by PIO
20221024 063500.004 WARNING          PET3 ESMCI_PIO_Handler.C:1567 ESMCI::PIO_Handler::isOpen()       File, field_ocn_import_rsnl.nc, closed by PIO
20221024 063500.007 WARNING          PET3 ESMCI_PIO_Handler.C:1567 ESMCI::PIO_Handler::isOpen()       File, field_ocn_import_rsns.nc, closed by PIO
20221024 063500.011 WARNING          PET3 ESMCI_PIO_Handler.C:1567 ESMCI::PIO_Handler::isOpen()       File, field_ocn_import_sdhf.nc, closed by PIO
20221024 063500.014 WARNING          PET3 ESMCI_PIO_Handler.C:1567 ESMCI::PIO_Handler::isOpen()       File, field_ocn_export_sst.nc, closed by PIO
20221024 063500.014 INFO             PET3       ------>Advancing OCN from: 2010  6  1  0 55  0   0
20221024 063500.015 INFO             PET3       ---------------------> to: 2010  6  1  1  0  0   0
20221024 063500.018 WARNING          PET3 ESMCI_PIO_Handler.C:1567 ESMCI::PIO_Handler::isOpen()       File, field_ocn_import_pmsl.nc, closed by PIO
20221024 063500.021 WARNING          PET3 ESMCI_PIO_Handler.C:1567 ESMCI::PIO_Handler::isOpen()       File, field_ocn_import_rsnl.nc, closed by PIO
20221024 063500.025 WARNING          PET3 ESMCI_PIO_Handler.C:1567 ESMCI::PIO_Handler::isOpen()       File, field_ocn_import_rsns.nc, closed by PIO
20221024 063500.028 WARNING          PET3 ESMCI_PIO_Handler.C:1567 ESMCI::PIO_Handler::isOpen()       File, field_ocn_import_sdhf.nc, closed by PIO
20221024 063500.032 WARNING          PET3 ESMCI_PIO_Handler.C:1567 ESMCI::PIO_Handler::isOpen()       File, field_ocn_export_sst.nc, closed by PIO
20221024 063500.032 INFO             PET3     OCN: Run extro.
20221024 063500.032 INFO             PET3   esm: end <--------- RunSequence
20221024 063500.032 INFO             PET3   <<<esm - leaving Run with current time: 2010  6  1  1  0  0   0
20221024 063500.032 INFO             PET3 esm: Run extro.
20221024 063500.032 INFO             PET3 esm: Finalize intro.
20221024 063500.032 INFO             PET3   Calling Finalize phase 1 for connectorComp: ATM-TO-OCN
20221024 063500.032 INFO             PET3   ATM-TO-OCN: Finalize intro.
20221024 063500.032 INFO             PET3   ATM-TO-OCN: Finalize extro.
20221024 063500.032 INFO             PET3   Calling Finalize phase 1 for connectorComp: OCN-TO-ATM
20221024 063500.032 INFO             PET3   OCN-TO-ATM: Finalize intro.
20221024 063500.033 INFO             PET3   OCN-TO-ATM: Finalize extro.
20221024 063500.033 INFO             PET3   Calling Finalize phase 1 for modelComp: ATM
20221024 063500.033 INFO             PET3   Calling Finalize phase 1 for modelComp: OCN
20221024 063500.033 INFO             PET3   OCN: Finalize intro.
20221024 063500.033 INFO             PET3   OCN: Finalize extro.
20221024 063500.033 INFO             PET3   Delete modelComp: ATM
20221024 063500.033 INFO             PET3   Delete Import-/Export State for modelComp: ATM
20221024 063500.033 INFO             PET3   Delete modelComp: OCN
20221024 063500.033 INFO             PET3   Delete Import-/Export State for modelComp: OCN
20221024 063500.033 INFO             PET3   Delete connectorComp: ATM-TO-OCN
20221024 063500.033 INFO             PET3   Delete connectorComp: OCN-TO-ATM
20221024 063500.033 INFO             PET3 esm: Finalize extro.
20221024 063500.033 INFO             PET3 esmApp FINISHED
20221024 063500.033 INFO             PET3 Finalizing ESMF
