2022-09-30 02:23:10
20220930 034557.117 INFO             PET0 !!!!!!!!!!!!!!!!!!!!!!!!!!!!!!!!!!!!!!!!!!!!!!!!!!!!!!
20220930 034557.117 INFO             PET0 !!! THE ESMF_LOG IS SET TO OUTPUT ALL LOG MESSAGES !!!
20220930 034557.117 INFO             PET0 !!!     THIS MAY CAUSE SLOWDOWN IN PERFORMANCE     !!!
20220930 034557.117 INFO             PET0 !!! FOR PRODUCTION RUNS, USE:                      !!!
20220930 034557.117 INFO             PET0 !!!                   ESMF_LOGKIND_Multi_On_Error  !!!
20220930 034557.117 INFO             PET0 !!!!!!!!!!!!!!!!!!!!!!!!!!!!!!!!!!!!!!!!!!!!!!!!!!!!!!
20220930 034557.117 INFO             PET0 Running with ESMF Version   : v8.4.0b15-7-gae8efd6d7f
20220930 034557.117 INFO             PET0 ESMF library build date/time: "Sep 30 2022" "02:17:00"
20220930 034557.117 INFO             PET0 ESMF library build location : /discover/nobackup/projects/sbu/mpotts/esmf-test/pgi_20.4_mpiuni_g_develop/esmf
20220930 034557.117 INFO             PET0 ESMF_COMM                   : mpiuni
20220930 034557.117 INFO             PET0 ESMF_MOAB                   : enabled
20220930 034557.117 INFO             PET0 ESMF_LAPACK                 : enabled
20220930 034557.117 INFO             PET0 ESMF_NETCDF                 : disabled
20220930 034557.117 INFO             PET0 ESMF_PNETCDF                : disabled
20220930 034557.117 INFO             PET0 ESMF_PIO                    : disabled
20220930 034557.117 INFO             PET0 ESMF_YAMLCPP                : enabled
20220930 034557.122 INFO             PET0  NUMBER_OF_PROCESSORS            1
20220930 034557.122 INFO             PET0  PASS  Example ESMF_FieldArbGridEx, ESMF_FieldArbGridEx.F90, line 243
20220930 034557.123 INFO             PET0 Finalizing ESMF
