2022-10-13 01:50:17
20221013 025931.925 INFO             PET0 !!!!!!!!!!!!!!!!!!!!!!!!!!!!!!!!!!!!!!!!!!!!!!!!!!!!!!
20221013 025931.925 INFO             PET0 !!! THE ESMF_LOG IS SET TO OUTPUT ALL LOG MESSAGES !!!
20221013 025931.925 INFO             PET0 !!!     THIS MAY CAUSE SLOWDOWN IN PERFORMANCE     !!!
20221013 025931.925 INFO             PET0 !!! FOR PRODUCTION RUNS, USE:                      !!!
20221013 025931.925 INFO             PET0 !!!                   ESMF_LOGKIND_Multi_On_Error  !!!
20221013 025931.925 INFO             PET0 !!!!!!!!!!!!!!!!!!!!!!!!!!!!!!!!!!!!!!!!!!!!!!!!!!!!!!
20221013 025931.925 INFO             PET0 Running with ESMF Version   : v8.4.0b18-6-gc2de0893c1
20221013 025931.925 INFO             PET0 ESMF library build date/time: "Oct 13 2022" "01:46:10"
20221013 025931.925 INFO             PET0 ESMF library build location : /discover/nobackup/projects/sbu/mpotts/esmf-test/pgi_20.4_mpiuni_g_develop/esmf
20221013 025931.925 INFO             PET0 ESMF_COMM                   : mpiuni
20221013 025931.925 INFO             PET0 ESMF_MOAB                   : enabled
20221013 025931.925 INFO             PET0 ESMF_LAPACK                 : enabled
20221013 025931.925 INFO             PET0 ESMF_NETCDF                 : disabled
20221013 025931.925 INFO             PET0 ESMF_PNETCDF                : disabled
20221013 025931.925 INFO             PET0 ESMF_PIO                    : disabled
20221013 025931.925 INFO             PET0 ESMF_YAMLCPP                : enabled
20221013 025931.926 INFO             PET0  NUMBER_OF_PROCESSORS            1
20221013 025931.926 INFO             PET0  PASS  Example ESMF_VMDefaultBasicsEx, ESMF_VMDefaultBasicsEx.F90, line 107
20221013 025931.926 INFO             PET0 Finalizing ESMF
