2022-10-05 06:18:16
20221005 063356.574 INFO             PET0 !!!!!!!!!!!!!!!!!!!!!!!!!!!!!!!!!!!!!!!!!!!!!!!!!!!!!!
20221005 063356.574 INFO             PET0 !!! THE ESMF_LOG IS SET TO OUTPUT ALL LOG MESSAGES !!!
20221005 063356.574 INFO             PET0 !!!     THIS MAY CAUSE SLOWDOWN IN PERFORMANCE     !!!
20221005 063356.574 INFO             PET0 !!! FOR PRODUCTION RUNS, USE:                      !!!
20221005 063356.574 INFO             PET0 !!!                   ESMF_LOGKIND_Multi_On_Error  !!!
20221005 063356.574 INFO             PET0 !!!!!!!!!!!!!!!!!!!!!!!!!!!!!!!!!!!!!!!!!!!!!!!!!!!!!!
20221005 063356.574 INFO             PET0 Running with ESMF Version   : v8.4.0b17-1-g74511077e2
20221005 063356.574 INFO             PET0 ESMF library build date/time: "Oct  5 2022" "06:17:22"
20221005 063356.574 INFO             PET0 ESMF library build location : /scratch2/NCEPDEV/stmp1/Gerhard.Theurich/ESMF-Nightly-Testing/gfortran_9.2.0a_mpiuni_O_develop/esmf
20221005 063356.574 INFO             PET0 ESMF_COMM                   : mpiuni
20221005 063356.574 INFO             PET0 ESMF_MOAB                   : enabled
20221005 063356.574 INFO             PET0 ESMF_LAPACK                 : enabled
20221005 063356.574 INFO             PET0 ESMF_NETCDF                 : enabled
20221005 063356.574 INFO             PET0 ESMF_PNETCDF                : disabled
20221005 063356.574 INFO             PET0 ESMF_PIO                    : disabled
20221005 063356.574 INFO             PET0 ESMF_YAMLCPP                : enabled
20221005 063356.575 INFO             PET0 ESMF Tracing Enabled
20221005 063356.575 INFO             PET0 ESMF Profiling Enabled
20221005 063356.575 INFO             PET0 ESMF Trace/Profile clock: REALTIME
20221005 063356.576 INFO             PET0  NUMBER_OF_PROCESSORS           1
20221005 063356.576 INFO             PET0  PASS  Example ESMF_TraceUserEx, ESMF_TraceUserEx.F90, line 125
20221005 063356.576 INFO             PET0 Finalizing ESMF
20221005 063356.576 INFO             PET0 **************** Region Timings *******************
20221005 063356.576 INFO             PET0 Region                Count  Total (s)   Self (s)    Mean (s)    Min (s)     Max (s)
20221005 063356.576 INFO             PET0   [ESMF]              1      0.0001      0.0001      0.0001      0.0001      0.0001
20221005 063356.576 INFO             PET0     outer_region      1      0.0001      0.0000      0.0001      0.0001      0.0001
20221005 063356.576 INFO             PET0       inner_region_1  10     0.0000      0.0000      0.0000      0.0000      0.0000
20221005 063356.576 INFO             PET0       inner_region_2  10     0.0000      0.0000      0.0000      0.0000      0.0000
