2022-10-22 07:20:38
20221022 083302.573 INFO             PET0 !!!!!!!!!!!!!!!!!!!!!!!!!!!!!!!!!!!!!!!!!!!!!!!!!!!!!!
20221022 083302.573 INFO             PET0 !!! THE ESMF_LOG IS SET TO OUTPUT ALL LOG MESSAGES !!!
20221022 083302.573 INFO             PET0 !!!     THIS MAY CAUSE SLOWDOWN IN PERFORMANCE     !!!
20221022 083302.573 INFO             PET0 !!! FOR PRODUCTION RUNS, USE:                      !!!
20221022 083302.573 INFO             PET0 !!!                   ESMF_LOGKIND_Multi_On_Error  !!!
20221022 083302.573 INFO             PET0 !!!!!!!!!!!!!!!!!!!!!!!!!!!!!!!!!!!!!!!!!!!!!!!!!!!!!!
20221022 083302.573 INFO             PET0 Running with ESMF Version   : v8.4.0b20-4-gd93fea0c68
20221022 083302.573 INFO             PET0 ESMF library build date/time: "Oct 22 2022" "07:14:38"
20221022 083302.573 INFO             PET0 ESMF library build location : /glade/scratch/theurich/ESMF-Nightly-Testing/intel_18.0.5_intelmpi_g_release_8.4.0/esmf
20221022 083302.573 INFO             PET0 ESMF_COMM                   : intelmpi
20221022 083302.573 INFO             PET0 ESMF_MOAB                   : enabled
20221022 083302.573 INFO             PET0 ESMF_LAPACK                 : enabled
20221022 083302.573 INFO             PET0 ESMF_NETCDF                 : enabled
20221022 083302.573 INFO             PET0 ESMF_PNETCDF                : disabled
20221022 083302.573 INFO             PET0 ESMF_PIO                    : enabled
20221022 083302.573 INFO             PET0 ESMF_YAMLCPP                : enabled
20221022 083302.573 INFO             PET0 esmApp STARTING
20221022 083302.580 INFO             PET0 esm: InitializeGeneric intro.
20221022 083302.580 INFO             PET0   esm: InitializeP0 intro.
20221022 083302.580 INFO             PET0   esm: InitializeP0 extro.
20221022 083302.580 INFO             PET0   esm: InitializeIPDv02p1 intro.
20221022 083302.580 INFO             PET0     >>>esm: entered Initialize (phase=<none>) without valid internal Clock.
20221022 083302.580 INFO             PET0     esm - Creating model component ATM with petList of size 2 :
20221022 083302.580 INFO             PET0           0      1
20221022 083302.583 INFO             PET0     esm - Creating model component OCN with petList of size 2 :
20221022 083302.583 INFO             PET0           2      3
20221022 083302.584 INFO             PET0     esm - Creating connector component ATM-TO-OCN with petList of size 4 :
20221022 083302.584 INFO             PET0           0      1      2      3
20221022 083302.593 INFO             PET0     esm - Creating connector component OCN-TO-ATM with petList of size 4 :
20221022 083302.593 INFO             PET0           2      3      0      1
20221022 083302.599 INFO             PET0     esm - Creating state: modelComp 1 Import State
20221022 083302.599 INFO             PET0     esm - Creating state: modelComp 1 Export State
20221022 083302.599 INFO             PET0     esm - Creating state: modelComp 2 Import State
20221022 083302.599 INFO             PET0     esm - Creating state: modelComp 2 Export State
20221022 083302.601 INFO             PET0     ATM: InitializeP0 intro.
20221022 083302.602 INFO             PET0     ATM: InitializeP0 extro.
20221022 083302.607 INFO             PET0     ATM-TO-OCN: InitializeP0 intro.
20221022 083302.607 INFO             PET0     ATM-TO-OCN: InitializeP0 extro.
20221022 083302.608 INFO             PET0     OCN-TO-ATM: InitializeP0 intro.
20221022 083302.609 INFO             PET0     OCN-TO-ATM: InitializeP0 extro.
20221022 083302.611 INFO             PET0     esm: IInitAdvertise intro.
20221022 083302.611 INFO             PET0     esm: IInitAdvertise extro.
20221022 083302.611 INFO             PET0     ATM: InitializeIPDvXp01 intro.
20221022 083302.616 INFO             PET0     ATM: InitializeIPDvXp01 extro.
20221022 083302.623 INFO             PET0     ATM-TO-OCN: InitializeIPDv05p1 intro.
20221022 083302.634 INFO             PET0     ATM-TO-OCN: InitializeIPDv05p1 extro.
20221022 083302.636 INFO             PET0     OCN-TO-ATM: InitializeIPDv05p1 intro.
20221022 083302.642 INFO             PET0     OCN-TO-ATM: InitializeIPDv05p1 extro.
20221022 083302.642 INFO             PET0     esm: IInitAdvertiseFinish intro.
20221022 083302.642 INFO             PET0     esm: IInitAdvertiseFinish extro.
20221022 083302.643 INFO             PET0     ATM-TO-OCN: InitializeIPDv05p2a intro.
20221022 083302.653 INFO             PET0     ATM-TO-OCN: InitializeIPDv05p2a extro.
20221022 083302.653 INFO             PET0     OCN-TO-ATM: InitializeIPDv05p2a intro.
20221022 083302.659 INFO             PET0     OCN-TO-ATM: InitializeIPDv05p2a extro.
20221022 083302.659 INFO             PET0     ATM-TO-OCN: InitializeIPDv05p2b intro.
20221022 083302.669 INFO             PET0     ATM-TO-OCN: InitializeIPDv05p2b extro.
20221022 083302.669 INFO             PET0     OCN-TO-ATM: InitializeIPDv05p2b intro.
20221022 083302.675 INFO             PET0     OCN-TO-ATM: InitializeIPDv05p2b extro.
20221022 083302.675 INFO             PET0     esm: IInitModifyCplLists intro.
20221022 083302.675 INFO             PET0       Driver is in ModifyCplLists()
20221022 083302.675 INFO             PET0        Found            2  Connectors. Modifying CplList Attribute....
20221022 083302.676 INFO             PET0     esm: IInitModifyCplLists extro.
20221022 083302.676 INFO             PET0     ATM-TO-OCN: InitializeIPDv05p3 intro.
20221022 083302.687 INFO             PET0     ATM-TO-OCN: InitializeIPDv05p3 extro.
20221022 083302.687 INFO             PET0     OCN-TO-ATM: InitializeIPDv05p3 intro.
20221022 083302.693 INFO             PET0     OCN-TO-ATM: InitializeIPDv05p3 extro.
20221022 083302.693 INFO             PET0     <<<esm: leaving Initialize (phase=<none>) with current time: 2010  6  1  0  0  0   0
20221022 083302.693 INFO             PET0   esm: InitializeIPDv02p1 extro.
20221022 083302.693 INFO             PET0   esm: InitializeIPDv02p3 intro.
20221022 083302.693 INFO             PET0     >>>esm: entered Initialize (phase=<none>) with current time: 2010  6  1  0  0  0   0
20221022 083302.693 INFO             PET0     esm: IInitCheck intro.
20221022 083302.693 INFO             PET0     esm: IInitCheck extro.
20221022 083302.694 INFO             PET0     ATM: InitializeIPDvXp04 intro.
20221022 083302.704 INFO             PET0     ATM: InitializeIPDvXp04 extro.
20221022 083302.716 INFO             PET0     ATM-TO-OCN: InitializeIPDv05p4 intro.
20221022 083302.736 INFO             PET0     ATM-TO-OCN: InitializeIPDv05p4 extro.
20221022 083302.736 INFO             PET0     OCN-TO-ATM: InitializeIPDv05p4 intro.
20221022 083302.746 INFO             PET0     OCN-TO-ATM: InitializeIPDv05p4 extro.
20221022 083302.747 INFO             PET0     ATM-TO-OCN: InitializeIPDv05p5 intro.
20221022 083302.766 INFO             PET0     ATM-TO-OCN: InitializeIPDv05p5 extro.
20221022 083302.767 INFO             PET0     OCN-TO-ATM: InitializeIPDv05p5 intro.
20221022 083302.777 INFO             PET0     OCN-TO-ATM: InitializeIPDv05p5 extro.
20221022 083302.777 INFO             PET0     esm: IInitRealize intro.
20221022 083302.777 INFO             PET0     esm: IInitRealize extro.
20221022 083302.777 INFO             PET0     ATM-TO-OCN: InitializeIPDv05p6a intro.
20221022 083302.796 INFO             PET0     ATM-TO-OCN: InitializeIPDv05p6a extro.
20221022 083302.796 INFO             PET0     OCN-TO-ATM: InitializeIPDv05p6a intro.
20221022 083302.806 INFO             PET0     OCN-TO-ATM: InitializeIPDv05p6a extro.
20221022 083302.806 INFO             PET0     ATM-TO-OCN: InitializeIPDv05p6b intro.
20221022 083302.938 INFO             PET0     ATM-TO-OCN: InitializeIPDv05p6b extro.
20221022 083302.938 INFO             PET0     OCN-TO-ATM: InitializeIPDv05p6b intro.
20221022 083303.040 INFO             PET0     OCN-TO-ATM: InitializeIPDv05p6b extro.
20221022 083303.040 INFO             PET0     ATM: InitializeIPDvXp07 intro.
20221022 083303.040 INFO             PET0     ATM: InitializeIPDvXp07 extro.
20221022 083303.043 INFO             PET0     <<<esm: leaving Initialize (phase=<none>) with current time: 2010  6  1  0  0  0   0
20221022 083303.043 INFO             PET0   esm: InitializeIPDv02p3 extro.
20221022 083303.043 INFO             PET0   esm: InitializeIPDv02p5 intro.
20221022 083303.043 INFO             PET0     >>>esm: entered Initialize (phase=<none>) with current time: 2010  6  1  0  0  0   0
20221022 083303.043 INFO             PET0     esm: this is a top level driver, no 'Updated' and 'InitializeDataComplete' info on this level.
20221022 083303.043 INFO             PET0     esm: InitializeIPDv02p5Data intro.
20221022 083303.043 INFO             PET0       esm: InternalInitializeComplete intro.
20221022 083303.043 INFO             PET0         esm: InitializeDataComplete='true'
20221022 083303.043 INFO             PET0       esm: InternalInitializeComplete extro.
20221022 083303.043 INFO             PET0       ATM: InitializeIPDv01p5 intro.
20221022 083303.044 INFO             PET0       ATM: InitializeIPDv01p5 extro.
20221022 083303.046 INFO             PET0       esm: components present that trigger loopDataDependentInitialize().
20221022 083303.046 INFO             PET0       esm: loopDataDependentInitialize intro.
20221022 083303.046 INFO             PET0         esm: component    0=esm, dataComplete (local): true
20221022 083303.046 INFO             PET0         esm: component    0=esm, dataComplete (global):  T
20221022 083303.046 INFO             PET0         esm: component    1=ATM, dataComplete (local): true
20221022 083303.046 INFO             PET0         esm: component    1=ATM, dataComplete (global):  T
20221022 083303.046 INFO             PET0         esm: component    2=OCN, dataComplete (local): true
20221022 083303.046 INFO             PET0         esm: component    2=OCN, dataComplete (global):  T
20221022 083303.046 INFO             PET0         esm: someProgress= F, allComplete= T, present(dataDepAllComplete)= T
20221022 083303.046 INFO             PET0         esm: finished resolving initialize data dependencies on this level.
20221022 083303.046 INFO             PET0       esm: loopDataDependentInitialize extro.
20221022 083303.047 INFO             PET0       esm: loopDataDependentInitialize() returned with dataDepAllComplete:  T
20221022 083303.047 INFO             PET0     esm: InitializeIPDv02p5Data extro.
20221022 083303.047 INFO             PET0     <<<esm: leaving Initialize (phase=<none>) with current time: 2010  6  1  0  0  0   0
20221022 083303.047 INFO             PET0   esm: InitializeIPDv02p5 extro.
20221022 083303.047 INFO             PET0 esm: InitializeGeneric extro.
20221022 083303.047 INFO             PET0 esm: Run intro.
20221022 083303.047 INFO             PET0   >>>esm entered Run (phase=RunPhase1) with current time: 2010  6  1  0  0  0   0
20221022 083303.047 INFO             PET0   esm: after lable_SetRunClock, current time: 2010  6  1  0  0  0   0
20221022 083303.047 INFO             PET0   esm: begin -------> RunSequence.
20221022 083303.047 INFO             PET0     esm: RunSequence event loopLevel=   1  levelMember=   1  loopIteration=   1, current time: 2010  6  1  0  0  0   0
20221022 083303.047 INFO             PET0     ATM-TO-OCN: Run intro.
20221022 083303.048 INFO             PET0     ATM-TO-OCN: Run extro.
20221022 083303.048 INFO             PET0     OCN-TO-ATM: Run intro.
20221022 083303.048 INFO             PET0     OCN-TO-ATM: Run extro.
20221022 083303.049 INFO             PET0     ATM: Run intro.
20221022 083303.049 INFO             PET0       ------>Advancing ATM from: 2010  6  1  0  0  0   0
20221022 083303.049 INFO             PET0       ---------------------> to: 2010  6  1  0 15  0   0
20221022 083303.049 INFO             PET0     ATM: Run extro.
20221022 083303.049 INFO             PET0     esm: RunSequence event loopLevel=   1  levelMember=   1  loopIteration=   2, current time: 2010  6  1  0 15  0   0
20221022 083303.049 INFO             PET0     ATM-TO-OCN: Run intro.
20221022 083303.050 INFO             PET0     ATM-TO-OCN: Run extro.
20221022 083303.050 INFO             PET0     OCN-TO-ATM: Run intro.
20221022 083303.075 INFO             PET0     OCN-TO-ATM: Run extro.
20221022 083303.075 INFO             PET0     ATM: Run intro.
20221022 083303.075 INFO             PET0       ------>Advancing ATM from: 2010  6  1  0 15  0   0
20221022 083303.075 INFO             PET0       ---------------------> to: 2010  6  1  0 30  0   0
20221022 083303.075 INFO             PET0     ATM: Run extro.
20221022 083303.075 INFO             PET0     esm: RunSequence event loopLevel=   1  levelMember=   1  loopIteration=   3, current time: 2010  6  1  0 30  0   0
20221022 083303.075 INFO             PET0     ATM-TO-OCN: Run intro.
20221022 083303.076 INFO             PET0     ATM-TO-OCN: Run extro.
20221022 083303.076 INFO             PET0     OCN-TO-ATM: Run intro.
20221022 083303.086 INFO             PET0     OCN-TO-ATM: Run extro.
20221022 083303.086 INFO             PET0     ATM: Run intro.
20221022 083303.086 INFO             PET0       ------>Advancing ATM from: 2010  6  1  0 30  0   0
20221022 083303.086 INFO             PET0       ---------------------> to: 2010  6  1  0 45  0   0
20221022 083303.086 INFO             PET0     ATM: Run extro.
20221022 083303.086 INFO             PET0     esm: RunSequence event loopLevel=   1  levelMember=   1  loopIteration=   4, current time: 2010  6  1  0 45  0   0
20221022 083303.086 INFO             PET0     ATM-TO-OCN: Run intro.
20221022 083303.086 INFO             PET0     ATM-TO-OCN: Run extro.
20221022 083303.087 INFO             PET0     OCN-TO-ATM: Run intro.
20221022 083303.094 INFO             PET0     OCN-TO-ATM: Run extro.
20221022 083303.094 INFO             PET0     ATM: Run intro.
20221022 083303.095 INFO             PET0       ------>Advancing ATM from: 2010  6  1  0 45  0   0
20221022 083303.095 INFO             PET0       ---------------------> to: 2010  6  1  1  0  0   0
20221022 083303.095 INFO             PET0     ATM: Run extro.
20221022 083303.095 INFO             PET0   esm: end <--------- RunSequence
20221022 083303.095 INFO             PET0   <<<esm - leaving Run with current time: 2010  6  1  1  0  0   0
20221022 083303.095 INFO             PET0 esm: Run extro.
20221022 083303.095 INFO             PET0 esm: Finalize intro.
20221022 083303.095 INFO             PET0   Calling Finalize phase 1 for connectorComp: ATM-TO-OCN
20221022 083303.095 INFO             PET0   ATM-TO-OCN: Finalize intro.
20221022 083303.095 INFO             PET0   ATM-TO-OCN: Finalize extro.
20221022 083303.095 INFO             PET0   Calling Finalize phase 1 for connectorComp: OCN-TO-ATM
20221022 083303.095 INFO             PET0   OCN-TO-ATM: Finalize intro.
20221022 083303.096 INFO             PET0   OCN-TO-ATM: Finalize extro.
20221022 083303.096 INFO             PET0   Calling Finalize phase 1 for modelComp: ATM
20221022 083303.096 INFO             PET0   ATM: Finalize intro.
20221022 083303.096 INFO             PET0   ATM: Finalize extro.
20221022 083303.096 INFO             PET0   Calling Finalize phase 1 for modelComp: OCN
20221022 083303.096 INFO             PET0   Delete modelComp: ATM
20221022 083303.096 INFO             PET0   Delete Import-/Export State for modelComp: ATM
20221022 083303.096 INFO             PET0   Delete modelComp: OCN
20221022 083303.096 INFO             PET0   Delete Import-/Export State for modelComp: OCN
20221022 083303.096 INFO             PET0   Delete connectorComp: ATM-TO-OCN
20221022 083303.096 INFO             PET0   Delete connectorComp: OCN-TO-ATM
20221022 083303.096 INFO             PET0 esm: Finalize extro.
20221022 083303.096 INFO             PET0 esmApp FINISHED
20221022 083303.096 INFO             PET0 Finalizing ESMF
20221022 083302.572 INFO             PET1 !!!!!!!!!!!!!!!!!!!!!!!!!!!!!!!!!!!!!!!!!!!!!!!!!!!!!!
20221022 083302.572 INFO             PET1 !!! THE ESMF_LOG IS SET TO OUTPUT ALL LOG MESSAGES !!!
20221022 083302.572 INFO             PET1 !!!     THIS MAY CAUSE SLOWDOWN IN PERFORMANCE     !!!
20221022 083302.572 INFO             PET1 !!! FOR PRODUCTION RUNS, USE:                      !!!
20221022 083302.572 INFO             PET1 !!!                   ESMF_LOGKIND_Multi_On_Error  !!!
20221022 083302.572 INFO             PET1 !!!!!!!!!!!!!!!!!!!!!!!!!!!!!!!!!!!!!!!!!!!!!!!!!!!!!!
20221022 083302.572 INFO             PET1 Running with ESMF Version   : v8.4.0b20-4-gd93fea0c68
20221022 083302.572 INFO             PET1 ESMF library build date/time: "Oct 22 2022" "07:14:38"
20221022 083302.572 INFO             PET1 ESMF library build location : /glade/scratch/theurich/ESMF-Nightly-Testing/intel_18.0.5_intelmpi_g_release_8.4.0/esmf
20221022 083302.572 INFO             PET1 ESMF_COMM                   : intelmpi
20221022 083302.572 INFO             PET1 ESMF_MOAB                   : enabled
20221022 083302.572 INFO             PET1 ESMF_LAPACK                 : enabled
20221022 083302.572 INFO             PET1 ESMF_NETCDF                 : enabled
20221022 083302.572 INFO             PET1 ESMF_PNETCDF                : disabled
20221022 083302.572 INFO             PET1 ESMF_PIO                    : enabled
20221022 083302.572 INFO             PET1 ESMF_YAMLCPP                : enabled
20221022 083302.573 INFO             PET1 esmApp STARTING
20221022 083302.580 INFO             PET1 esm: InitializeGeneric intro.
20221022 083302.580 INFO             PET1   esm: InitializeP0 intro.
20221022 083302.580 INFO             PET1   esm: InitializeP0 extro.
20221022 083302.580 INFO             PET1   esm: InitializeIPDv02p1 intro.
20221022 083302.580 INFO             PET1     >>>esm: entered Initialize (phase=<none>) without valid internal Clock.
20221022 083302.580 INFO             PET1     esm - Creating model component ATM with petList of size 2 :
20221022 083302.580 INFO             PET1           0      1
20221022 083302.583 INFO             PET1     esm - Creating model component OCN with petList of size 2 :
20221022 083302.583 INFO             PET1           2      3
20221022 083302.584 INFO             PET1     esm - Creating connector component ATM-TO-OCN with petList of size 4 :
20221022 083302.584 INFO             PET1           0      1      2      3
20221022 083302.593 INFO             PET1     esm - Creating connector component OCN-TO-ATM with petList of size 4 :
20221022 083302.593 INFO             PET1           2      3      0      1
20221022 083302.599 INFO             PET1     esm - Creating state: modelComp 1 Import State
20221022 083302.599 INFO             PET1     esm - Creating state: modelComp 1 Export State
20221022 083302.599 INFO             PET1     esm - Creating state: modelComp 2 Import State
20221022 083302.599 INFO             PET1     esm - Creating state: modelComp 2 Export State
20221022 083302.601 INFO             PET1     ATM: InitializeP0 intro.
20221022 083302.602 INFO             PET1     ATM: InitializeP0 extro.
20221022 083302.607 INFO             PET1     ATM-TO-OCN: InitializeP0 intro.
20221022 083302.607 INFO             PET1     ATM-TO-OCN: InitializeP0 extro.
20221022 083302.608 INFO             PET1     OCN-TO-ATM: InitializeP0 intro.
20221022 083302.609 INFO             PET1     OCN-TO-ATM: InitializeP0 extro.
20221022 083302.611 INFO             PET1     esm: IInitAdvertise intro.
20221022 083302.611 INFO             PET1     esm: IInitAdvertise extro.
20221022 083302.611 INFO             PET1     ATM: InitializeIPDvXp01 intro.
20221022 083302.616 INFO             PET1     ATM: InitializeIPDvXp01 extro.
20221022 083302.623 INFO             PET1     ATM-TO-OCN: InitializeIPDv05p1 intro.
20221022 083302.634 INFO             PET1     ATM-TO-OCN: InitializeIPDv05p1 extro.
20221022 083302.637 INFO             PET1     OCN-TO-ATM: InitializeIPDv05p1 intro.
20221022 083302.642 INFO             PET1     OCN-TO-ATM: InitializeIPDv05p1 extro.
20221022 083302.642 INFO             PET1     esm: IInitAdvertiseFinish intro.
20221022 083302.642 INFO             PET1     esm: IInitAdvertiseFinish extro.
20221022 083302.643 INFO             PET1     ATM-TO-OCN: InitializeIPDv05p2a intro.
20221022 083302.653 INFO             PET1     ATM-TO-OCN: InitializeIPDv05p2a extro.
20221022 083302.653 INFO             PET1     OCN-TO-ATM: InitializeIPDv05p2a intro.
20221022 083302.659 INFO             PET1     OCN-TO-ATM: InitializeIPDv05p2a extro.
20221022 083302.659 INFO             PET1     ATM-TO-OCN: InitializeIPDv05p2b intro.
20221022 083302.669 INFO             PET1     ATM-TO-OCN: InitializeIPDv05p2b extro.
20221022 083302.669 INFO             PET1     OCN-TO-ATM: InitializeIPDv05p2b intro.
20221022 083302.675 INFO             PET1     OCN-TO-ATM: InitializeIPDv05p2b extro.
20221022 083302.675 INFO             PET1     esm: IInitModifyCplLists intro.
20221022 083302.675 INFO             PET1       Driver is in ModifyCplLists()
20221022 083302.675 INFO             PET1        Found            2  Connectors. Modifying CplList Attribute....
20221022 083302.676 INFO             PET1     esm: IInitModifyCplLists extro.
20221022 083302.676 INFO             PET1     ATM-TO-OCN: InitializeIPDv05p3 intro.
20221022 083302.687 INFO             PET1     ATM-TO-OCN: InitializeIPDv05p3 extro.
20221022 083302.687 INFO             PET1     OCN-TO-ATM: InitializeIPDv05p3 intro.
20221022 083302.693 INFO             PET1     OCN-TO-ATM: InitializeIPDv05p3 extro.
20221022 083302.693 INFO             PET1     <<<esm: leaving Initialize (phase=<none>) with current time: 2010  6  1  0  0  0   0
20221022 083302.693 INFO             PET1   esm: InitializeIPDv02p1 extro.
20221022 083302.693 INFO             PET1   esm: InitializeIPDv02p3 intro.
20221022 083302.693 INFO             PET1     >>>esm: entered Initialize (phase=<none>) with current time: 2010  6  1  0  0  0   0
20221022 083302.693 INFO             PET1     esm: IInitCheck intro.
20221022 083302.693 INFO             PET1     esm: IInitCheck extro.
20221022 083302.694 INFO             PET1     ATM: InitializeIPDvXp04 intro.
20221022 083302.703 INFO             PET1     ATM: InitializeIPDvXp04 extro.
20221022 083302.716 INFO             PET1     ATM-TO-OCN: InitializeIPDv05p4 intro.
20221022 083302.736 INFO             PET1     ATM-TO-OCN: InitializeIPDv05p4 extro.
20221022 083302.736 INFO             PET1     OCN-TO-ATM: InitializeIPDv05p4 intro.
20221022 083302.746 INFO             PET1     OCN-TO-ATM: InitializeIPDv05p4 extro.
20221022 083302.747 INFO             PET1     ATM-TO-OCN: InitializeIPDv05p5 intro.
20221022 083302.766 INFO             PET1     ATM-TO-OCN: InitializeIPDv05p5 extro.
20221022 083302.767 INFO             PET1     OCN-TO-ATM: InitializeIPDv05p5 intro.
20221022 083302.777 INFO             PET1     OCN-TO-ATM: InitializeIPDv05p5 extro.
20221022 083302.777 INFO             PET1     esm: IInitRealize intro.
20221022 083302.777 INFO             PET1     esm: IInitRealize extro.
20221022 083302.777 INFO             PET1     ATM-TO-OCN: InitializeIPDv05p6a intro.
20221022 083302.796 INFO             PET1     ATM-TO-OCN: InitializeIPDv05p6a extro.
20221022 083302.796 INFO             PET1     OCN-TO-ATM: InitializeIPDv05p6a intro.
20221022 083302.806 INFO             PET1     OCN-TO-ATM: InitializeIPDv05p6a extro.
20221022 083302.806 INFO             PET1     ATM-TO-OCN: InitializeIPDv05p6b intro.
20221022 083302.938 INFO             PET1     ATM-TO-OCN: InitializeIPDv05p6b extro.
20221022 083302.938 INFO             PET1     OCN-TO-ATM: InitializeIPDv05p6b intro.
20221022 083303.040 INFO             PET1     OCN-TO-ATM: InitializeIPDv05p6b extro.
20221022 083303.040 INFO             PET1     ATM: InitializeIPDvXp07 intro.
20221022 083303.040 INFO             PET1     ATM: InitializeIPDvXp07 extro.
20221022 083303.043 INFO             PET1     <<<esm: leaving Initialize (phase=<none>) with current time: 2010  6  1  0  0  0   0
20221022 083303.043 INFO             PET1   esm: InitializeIPDv02p3 extro.
20221022 083303.043 INFO             PET1   esm: InitializeIPDv02p5 intro.
20221022 083303.043 INFO             PET1     >>>esm: entered Initialize (phase=<none>) with current time: 2010  6  1  0  0  0   0
20221022 083303.043 INFO             PET1     esm: this is a top level driver, no 'Updated' and 'InitializeDataComplete' info on this level.
20221022 083303.043 INFO             PET1     esm: InitializeIPDv02p5Data intro.
20221022 083303.043 INFO             PET1       esm: InternalInitializeComplete intro.
20221022 083303.043 INFO             PET1         esm: InitializeDataComplete='true'
20221022 083303.043 INFO             PET1       esm: InternalInitializeComplete extro.
20221022 083303.043 INFO             PET1       ATM: InitializeIPDv01p5 intro.
20221022 083303.044 INFO             PET1       ATM: InitializeIPDv01p5 extro.
20221022 083303.046 INFO             PET1       esm: components present that trigger loopDataDependentInitialize().
20221022 083303.046 INFO             PET1       esm: loopDataDependentInitialize intro.
20221022 083303.046 INFO             PET1         esm: component    0=esm, dataComplete (local): true
20221022 083303.046 INFO             PET1         esm: component    0=esm, dataComplete (global):  T
20221022 083303.046 INFO             PET1         esm: component    1=ATM, dataComplete (local): true
20221022 083303.046 INFO             PET1         esm: component    1=ATM, dataComplete (global):  T
20221022 083303.046 INFO             PET1         esm: component    2=OCN, dataComplete (local): true
20221022 083303.046 INFO             PET1         esm: component    2=OCN, dataComplete (global):  T
20221022 083303.046 INFO             PET1         esm: someProgress= F, allComplete= T, present(dataDepAllComplete)= T
20221022 083303.046 INFO             PET1         esm: finished resolving initialize data dependencies on this level.
20221022 083303.046 INFO             PET1       esm: loopDataDependentInitialize extro.
20221022 083303.047 INFO             PET1       esm: loopDataDependentInitialize() returned with dataDepAllComplete:  T
20221022 083303.047 INFO             PET1     esm: InitializeIPDv02p5Data extro.
20221022 083303.047 INFO             PET1     <<<esm: leaving Initialize (phase=<none>) with current time: 2010  6  1  0  0  0   0
20221022 083303.047 INFO             PET1   esm: InitializeIPDv02p5 extro.
20221022 083303.047 INFO             PET1 esm: InitializeGeneric extro.
20221022 083303.047 INFO             PET1 esm: Run intro.
20221022 083303.047 INFO             PET1   >>>esm entered Run (phase=RunPhase1) with current time: 2010  6  1  0  0  0   0
20221022 083303.047 INFO             PET1   esm: after lable_SetRunClock, current time: 2010  6  1  0  0  0   0
20221022 083303.047 INFO             PET1   esm: begin -------> RunSequence.
20221022 083303.047 INFO             PET1     esm: RunSequence event loopLevel=   1  levelMember=   1  loopIteration=   1, current time: 2010  6  1  0  0  0   0
20221022 083303.047 INFO             PET1     ATM-TO-OCN: Run intro.
20221022 083303.048 INFO             PET1     ATM-TO-OCN: Run extro.
20221022 083303.048 INFO             PET1     OCN-TO-ATM: Run intro.
20221022 083303.048 INFO             PET1     OCN-TO-ATM: Run extro.
20221022 083303.049 INFO             PET1     ATM: Run intro.
20221022 083303.049 INFO             PET1       ------>Advancing ATM from: 2010  6  1  0  0  0   0
20221022 083303.049 INFO             PET1       ---------------------> to: 2010  6  1  0 15  0   0
20221022 083303.049 INFO             PET1     ATM: Run extro.
20221022 083303.049 INFO             PET1     esm: RunSequence event loopLevel=   1  levelMember=   1  loopIteration=   2, current time: 2010  6  1  0 15  0   0
20221022 083303.049 INFO             PET1     ATM-TO-OCN: Run intro.
20221022 083303.050 INFO             PET1     ATM-TO-OCN: Run extro.
20221022 083303.050 INFO             PET1     OCN-TO-ATM: Run intro.
20221022 083303.075 INFO             PET1     OCN-TO-ATM: Run extro.
20221022 083303.075 INFO             PET1     ATM: Run intro.
20221022 083303.075 INFO             PET1       ------>Advancing ATM from: 2010  6  1  0 15  0   0
20221022 083303.075 INFO             PET1       ---------------------> to: 2010  6  1  0 30  0   0
20221022 083303.075 INFO             PET1     ATM: Run extro.
20221022 083303.075 INFO             PET1     esm: RunSequence event loopLevel=   1  levelMember=   1  loopIteration=   3, current time: 2010  6  1  0 30  0   0
20221022 083303.075 INFO             PET1     ATM-TO-OCN: Run intro.
20221022 083303.076 INFO             PET1     ATM-TO-OCN: Run extro.
20221022 083303.076 INFO             PET1     OCN-TO-ATM: Run intro.
20221022 083303.085 INFO             PET1     OCN-TO-ATM: Run extro.
20221022 083303.086 INFO             PET1     ATM: Run intro.
20221022 083303.086 INFO             PET1       ------>Advancing ATM from: 2010  6  1  0 30  0   0
20221022 083303.086 INFO             PET1       ---------------------> to: 2010  6  1  0 45  0   0
20221022 083303.086 INFO             PET1     ATM: Run extro.
20221022 083303.086 INFO             PET1     esm: RunSequence event loopLevel=   1  levelMember=   1  loopIteration=   4, current time: 2010  6  1  0 45  0   0
20221022 083303.086 INFO             PET1     ATM-TO-OCN: Run intro.
20221022 083303.086 INFO             PET1     ATM-TO-OCN: Run extro.
20221022 083303.087 INFO             PET1     OCN-TO-ATM: Run intro.
20221022 083303.094 INFO             PET1     OCN-TO-ATM: Run extro.
20221022 083303.094 INFO             PET1     ATM: Run intro.
20221022 083303.095 INFO             PET1       ------>Advancing ATM from: 2010  6  1  0 45  0   0
20221022 083303.095 INFO             PET1       ---------------------> to: 2010  6  1  1  0  0   0
20221022 083303.095 INFO             PET1     ATM: Run extro.
20221022 083303.095 INFO             PET1   esm: end <--------- RunSequence
20221022 083303.095 INFO             PET1   <<<esm - leaving Run with current time: 2010  6  1  1  0  0   0
20221022 083303.095 INFO             PET1 esm: Run extro.
20221022 083303.095 INFO             PET1 esm: Finalize intro.
20221022 083303.095 INFO             PET1   Calling Finalize phase 1 for connectorComp: ATM-TO-OCN
20221022 083303.095 INFO             PET1   ATM-TO-OCN: Finalize intro.
20221022 083303.095 INFO             PET1   ATM-TO-OCN: Finalize extro.
20221022 083303.095 INFO             PET1   Calling Finalize phase 1 for connectorComp: OCN-TO-ATM
20221022 083303.095 INFO             PET1   OCN-TO-ATM: Finalize intro.
20221022 083303.096 INFO             PET1   OCN-TO-ATM: Finalize extro.
20221022 083303.096 INFO             PET1   Calling Finalize phase 1 for modelComp: ATM
20221022 083303.096 INFO             PET1   ATM: Finalize intro.
20221022 083303.096 INFO             PET1   ATM: Finalize extro.
20221022 083303.096 INFO             PET1   Calling Finalize phase 1 for modelComp: OCN
20221022 083303.096 INFO             PET1   Delete modelComp: ATM
20221022 083303.096 INFO             PET1   Delete Import-/Export State for modelComp: ATM
20221022 083303.096 INFO             PET1   Delete modelComp: OCN
20221022 083303.096 INFO             PET1   Delete Import-/Export State for modelComp: OCN
20221022 083303.096 INFO             PET1   Delete connectorComp: ATM-TO-OCN
20221022 083303.096 INFO             PET1   Delete connectorComp: OCN-TO-ATM
20221022 083303.096 INFO             PET1 esm: Finalize extro.
20221022 083303.096 INFO             PET1 esmApp FINISHED
20221022 083303.096 INFO             PET1 Finalizing ESMF
20221022 083302.573 INFO             PET2 !!!!!!!!!!!!!!!!!!!!!!!!!!!!!!!!!!!!!!!!!!!!!!!!!!!!!!
20221022 083302.573 INFO             PET2 !!! THE ESMF_LOG IS SET TO OUTPUT ALL LOG MESSAGES !!!
20221022 083302.573 INFO             PET2 !!!     THIS MAY CAUSE SLOWDOWN IN PERFORMANCE     !!!
20221022 083302.573 INFO             PET2 !!! FOR PRODUCTION RUNS, USE:                      !!!
20221022 083302.573 INFO             PET2 !!!                   ESMF_LOGKIND_Multi_On_Error  !!!
20221022 083302.573 INFO             PET2 !!!!!!!!!!!!!!!!!!!!!!!!!!!!!!!!!!!!!!!!!!!!!!!!!!!!!!
20221022 083302.573 INFO             PET2 Running with ESMF Version   : v8.4.0b20-4-gd93fea0c68
20221022 083302.573 INFO             PET2 ESMF library build date/time: "Oct 22 2022" "07:14:38"
20221022 083302.573 INFO             PET2 ESMF library build location : /glade/scratch/theurich/ESMF-Nightly-Testing/intel_18.0.5_intelmpi_g_release_8.4.0/esmf
20221022 083302.573 INFO             PET2 ESMF_COMM                   : intelmpi
20221022 083302.573 INFO             PET2 ESMF_MOAB                   : enabled
20221022 083302.573 INFO             PET2 ESMF_LAPACK                 : enabled
20221022 083302.573 INFO             PET2 ESMF_NETCDF                 : enabled
20221022 083302.573 INFO             PET2 ESMF_PNETCDF                : disabled
20221022 083302.573 INFO             PET2 ESMF_PIO                    : enabled
20221022 083302.573 INFO             PET2 ESMF_YAMLCPP                : enabled
20221022 083302.573 INFO             PET2 esmApp STARTING
20221022 083302.580 INFO             PET2 esm: InitializeGeneric intro.
20221022 083302.580 INFO             PET2   esm: InitializeP0 intro.
20221022 083302.580 INFO             PET2   esm: InitializeP0 extro.
20221022 083302.580 INFO             PET2   esm: InitializeIPDv02p1 intro.
20221022 083302.580 INFO             PET2     >>>esm: entered Initialize (phase=<none>) without valid internal Clock.
20221022 083302.580 INFO             PET2     esm - Creating model component ATM with petList of size 2 :
20221022 083302.580 INFO             PET2           0      1
20221022 083302.583 INFO             PET2     esm - Creating model component OCN with petList of size 2 :
20221022 083302.583 INFO             PET2           2      3
20221022 083302.587 INFO             PET2     esm - Creating connector component ATM-TO-OCN with petList of size 4 :
20221022 083302.587 INFO             PET2           0      1      2      3
20221022 083302.593 INFO             PET2     esm - Creating connector component OCN-TO-ATM with petList of size 4 :
20221022 083302.593 INFO             PET2           2      3      0      1
20221022 083302.599 INFO             PET2     esm - Creating state: modelComp 1 Import State
20221022 083302.599 INFO             PET2     esm - Creating state: modelComp 1 Export State
20221022 083302.599 INFO             PET2     esm - Creating state: modelComp 2 Import State
20221022 083302.599 INFO             PET2     esm - Creating state: modelComp 2 Export State
20221022 083302.604 INFO             PET2     OCN: InitializeP0 intro.
20221022 083302.605 INFO             PET2     OCN: InitializeP0 extro.
20221022 083302.607 INFO             PET2     ATM-TO-OCN: InitializeP0 intro.
20221022 083302.607 INFO             PET2     ATM-TO-OCN: InitializeP0 extro.
20221022 083302.608 INFO             PET2     OCN-TO-ATM: InitializeP0 intro.
20221022 083302.609 INFO             PET2     OCN-TO-ATM: InitializeP0 extro.
20221022 083302.611 INFO             PET2     esm: IInitAdvertise intro.
20221022 083302.611 INFO             PET2     esm: IInitAdvertise extro.
20221022 083302.617 INFO             PET2     OCN: InitializeIPDvXp01 intro.
20221022 083302.621 INFO             PET2     OCN: InitializeIPDvXp01 extro.
20221022 083302.623 INFO             PET2     ATM-TO-OCN: InitializeIPDv05p1 intro.
20221022 083302.634 INFO             PET2     ATM-TO-OCN: InitializeIPDv05p1 extro.
20221022 083302.637 INFO             PET2     OCN-TO-ATM: InitializeIPDv05p1 intro.
20221022 083302.642 INFO             PET2     OCN-TO-ATM: InitializeIPDv05p1 extro.
20221022 083302.642 INFO             PET2     esm: IInitAdvertiseFinish intro.
20221022 083302.642 INFO             PET2     esm: IInitAdvertiseFinish extro.
20221022 083302.643 INFO             PET2     ATM-TO-OCN: InitializeIPDv05p2a intro.
20221022 083302.653 INFO             PET2     ATM-TO-OCN: InitializeIPDv05p2a extro.
20221022 083302.653 INFO             PET2     OCN-TO-ATM: InitializeIPDv05p2a intro.
20221022 083302.659 INFO             PET2     OCN-TO-ATM: InitializeIPDv05p2a extro.
20221022 083302.659 INFO             PET2     ATM-TO-OCN: InitializeIPDv05p2b intro.
20221022 083302.669 INFO             PET2     ATM-TO-OCN: InitializeIPDv05p2b extro.
20221022 083302.669 INFO             PET2     OCN-TO-ATM: InitializeIPDv05p2b intro.
20221022 083302.675 INFO             PET2     OCN-TO-ATM: InitializeIPDv05p2b extro.
20221022 083302.675 INFO             PET2     esm: IInitModifyCplLists intro.
20221022 083302.675 INFO             PET2       Driver is in ModifyCplLists()
20221022 083302.675 INFO             PET2        Found            2  Connectors. Modifying CplList Attribute....
20221022 083302.676 INFO             PET2     esm: IInitModifyCplLists extro.
20221022 083302.676 INFO             PET2     ATM-TO-OCN: InitializeIPDv05p3 intro.
20221022 083302.687 INFO             PET2     ATM-TO-OCN: InitializeIPDv05p3 extro.
20221022 083302.687 INFO             PET2     OCN-TO-ATM: InitializeIPDv05p3 intro.
20221022 083302.693 INFO             PET2     OCN-TO-ATM: InitializeIPDv05p3 extro.
20221022 083302.693 INFO             PET2     <<<esm: leaving Initialize (phase=<none>) with current time: 2010  6  1  0  0  0   0
20221022 083302.693 INFO             PET2   esm: InitializeIPDv02p1 extro.
20221022 083302.693 INFO             PET2   esm: InitializeIPDv02p3 intro.
20221022 083302.693 INFO             PET2     >>>esm: entered Initialize (phase=<none>) with current time: 2010  6  1  0  0  0   0
20221022 083302.693 INFO             PET2     esm: IInitCheck intro.
20221022 083302.693 INFO             PET2     esm: IInitCheck extro.
20221022 083302.705 INFO             PET2     OCN: InitializeIPDvXp04 intro.
20221022 083302.715 INFO             PET2     OCN: InitializeIPDvXp04 extro.
20221022 083302.716 INFO             PET2     ATM-TO-OCN: InitializeIPDv05p4 intro.
20221022 083302.736 INFO             PET2     ATM-TO-OCN: InitializeIPDv05p4 extro.
20221022 083302.736 INFO             PET2     OCN-TO-ATM: InitializeIPDv05p4 intro.
20221022 083302.746 INFO             PET2     OCN-TO-ATM: InitializeIPDv05p4 extro.
20221022 083302.747 INFO             PET2     ATM-TO-OCN: InitializeIPDv05p5 intro.
20221022 083302.766 INFO             PET2     ATM-TO-OCN: InitializeIPDv05p5 extro.
20221022 083302.767 INFO             PET2     OCN-TO-ATM: InitializeIPDv05p5 intro.
20221022 083302.777 INFO             PET2     OCN-TO-ATM: InitializeIPDv05p5 extro.
20221022 083302.777 INFO             PET2     esm: IInitRealize intro.
20221022 083302.777 INFO             PET2     esm: IInitRealize extro.
20221022 083302.777 INFO             PET2     ATM-TO-OCN: InitializeIPDv05p6a intro.
20221022 083302.796 INFO             PET2     ATM-TO-OCN: InitializeIPDv05p6a extro.
20221022 083302.796 INFO             PET2     OCN-TO-ATM: InitializeIPDv05p6a intro.
20221022 083302.806 INFO             PET2     OCN-TO-ATM: InitializeIPDv05p6a extro.
20221022 083302.806 INFO             PET2     ATM-TO-OCN: InitializeIPDv05p6b intro.
20221022 083302.938 INFO             PET2     ATM-TO-OCN: InitializeIPDv05p6b extro.
20221022 083302.938 INFO             PET2     OCN-TO-ATM: InitializeIPDv05p6b intro.
20221022 083303.040 INFO             PET2     OCN-TO-ATM: InitializeIPDv05p6b extro.
20221022 083303.041 INFO             PET2     OCN: InitializeIPDvXp07 intro.
20221022 083303.042 INFO             PET2     OCN: InitializeIPDvXp07 extro.
20221022 083303.042 INFO             PET2     <<<esm: leaving Initialize (phase=<none>) with current time: 2010  6  1  0  0  0   0
20221022 083303.042 INFO             PET2   esm: InitializeIPDv02p3 extro.
20221022 083303.043 INFO             PET2   esm: InitializeIPDv02p5 intro.
20221022 083303.043 INFO             PET2     >>>esm: entered Initialize (phase=<none>) with current time: 2010  6  1  0  0  0   0
20221022 083303.043 INFO             PET2     esm: this is a top level driver, no 'Updated' and 'InitializeDataComplete' info on this level.
20221022 083303.043 INFO             PET2     esm: InitializeIPDv02p5Data intro.
20221022 083303.043 INFO             PET2       esm: InternalInitializeComplete intro.
20221022 083303.043 INFO             PET2         esm: InitializeDataComplete='true'
20221022 083303.043 INFO             PET2       esm: InternalInitializeComplete extro.
20221022 083303.045 INFO             PET2       OCN: InitializeIPDv01p5 intro.
20221022 083303.045 INFO             PET2       OCN: InitializeIPDv01p5 extro.
20221022 083303.046 INFO             PET2       esm: components present that trigger loopDataDependentInitialize().
20221022 083303.046 INFO             PET2       esm: loopDataDependentInitialize intro.
20221022 083303.046 INFO             PET2         esm: component    0=esm, dataComplete (local): true
20221022 083303.046 INFO             PET2         esm: component    0=esm, dataComplete (global):  T
20221022 083303.046 INFO             PET2         esm: component    1=ATM, dataComplete (local): true
20221022 083303.046 INFO             PET2         esm: component    1=ATM, dataComplete (global):  T
20221022 083303.046 INFO             PET2         esm: component    2=OCN, dataComplete (local): true
20221022 083303.046 INFO             PET2         esm: component    2=OCN, dataComplete (global):  T
20221022 083303.046 INFO             PET2         esm: someProgress= F, allComplete= T, present(dataDepAllComplete)= T
20221022 083303.046 INFO             PET2         esm: finished resolving initialize data dependencies on this level.
20221022 083303.046 INFO             PET2       esm: loopDataDependentInitialize extro.
20221022 083303.047 INFO             PET2       esm: loopDataDependentInitialize() returned with dataDepAllComplete:  T
20221022 083303.047 INFO             PET2     esm: InitializeIPDv02p5Data extro.
20221022 083303.047 INFO             PET2     <<<esm: leaving Initialize (phase=<none>) with current time: 2010  6  1  0  0  0   0
20221022 083303.047 INFO             PET2   esm: InitializeIPDv02p5 extro.
20221022 083303.047 INFO             PET2 esm: InitializeGeneric extro.
20221022 083303.047 INFO             PET2 esm: Run intro.
20221022 083303.047 INFO             PET2   >>>esm entered Run (phase=RunPhase1) with current time: 2010  6  1  0  0  0   0
20221022 083303.047 INFO             PET2   esm: after lable_SetRunClock, current time: 2010  6  1  0  0  0   0
20221022 083303.047 INFO             PET2   esm: begin -------> RunSequence.
20221022 083303.047 INFO             PET2     esm: RunSequence event loopLevel=   1  levelMember=   1  loopIteration=   1, current time: 2010  6  1  0  0  0   0
20221022 083303.047 INFO             PET2     ATM-TO-OCN: Run intro.
20221022 083303.048 INFO             PET2     ATM-TO-OCN: Run extro.
20221022 083303.048 INFO             PET2     OCN-TO-ATM: Run intro.
20221022 083303.048 INFO             PET2     OCN-TO-ATM: Run extro.
20221022 083303.048 INFO             PET2     OCN: Run intro.
20221022 083303.049 INFO             PET2       ------>Advancing OCN from: 2010  6  1  0  0  0   0
20221022 083303.049 INFO             PET2       ---------------------> to: 2010  6  1  0  5  0   0
20221022 083303.064 WARNING          PET2 ESMCI_PIO_Handler.C:1567 ESMCI::PIO_Handler::isOpen()       File, field_ocn_export_adv_sst.nc, closed by PIO
20221022 083303.064 INFO             PET2       ------>Advancing OCN from: 2010  6  1  0  5  0   0
20221022 083303.064 INFO             PET2       ---------------------> to: 2010  6  1  0 10  0   0
20221022 083303.070 WARNING          PET2 ESMCI_PIO_Handler.C:1567 ESMCI::PIO_Handler::isOpen()       File, field_ocn_export_adv_sst.nc, closed by PIO
20221022 083303.070 INFO             PET2       ------>Advancing OCN from: 2010  6  1  0 10  0   0
20221022 083303.070 INFO             PET2       ---------------------> to: 2010  6  1  0 15  0   0
20221022 083303.074 WARNING          PET2 ESMCI_PIO_Handler.C:1567 ESMCI::PIO_Handler::isOpen()       File, field_ocn_export_adv_sst.nc, closed by PIO
20221022 083303.074 INFO             PET2     OCN: Run extro.
20221022 083303.074 INFO             PET2     esm: RunSequence event loopLevel=   1  levelMember=   1  loopIteration=   2, current time: 2010  6  1  0 15  0   0
20221022 083303.074 INFO             PET2     ATM-TO-OCN: Run intro.
20221022 083303.074 INFO             PET2     ATM-TO-OCN: Run extro.
20221022 083303.075 INFO             PET2     OCN-TO-ATM: Run intro.
20221022 083303.075 INFO             PET2     OCN-TO-ATM: Run extro.
20221022 083303.075 INFO             PET2     OCN: Run intro.
20221022 083303.075 INFO             PET2       ------>Advancing OCN from: 2010  6  1  0 15  0   0
20221022 083303.075 INFO             PET2       ---------------------> to: 2010  6  1  0 20  0   0
20221022 083303.079 WARNING          PET2 ESMCI_PIO_Handler.C:1567 ESMCI::PIO_Handler::isOpen()       File, field_ocn_export_adv_sst.nc, closed by PIO
20221022 083303.079 INFO             PET2       ------>Advancing OCN from: 2010  6  1  0 20  0   0
20221022 083303.079 INFO             PET2       ---------------------> to: 2010  6  1  0 25  0   0
20221022 083303.082 WARNING          PET2 ESMCI_PIO_Handler.C:1567 ESMCI::PIO_Handler::isOpen()       File, field_ocn_export_adv_sst.nc, closed by PIO
20221022 083303.082 INFO             PET2       ------>Advancing OCN from: 2010  6  1  0 25  0   0
20221022 083303.082 INFO             PET2       ---------------------> to: 2010  6  1  0 30  0   0
20221022 083303.084 WARNING          PET2 ESMCI_PIO_Handler.C:1567 ESMCI::PIO_Handler::isOpen()       File, field_ocn_export_adv_sst.nc, closed by PIO
20221022 083303.085 INFO             PET2     OCN: Run extro.
20221022 083303.085 INFO             PET2     esm: RunSequence event loopLevel=   1  levelMember=   1  loopIteration=   3, current time: 2010  6  1  0 30  0   0
20221022 083303.085 INFO             PET2     ATM-TO-OCN: Run intro.
20221022 083303.085 INFO             PET2     ATM-TO-OCN: Run extro.
20221022 083303.085 INFO             PET2     OCN-TO-ATM: Run intro.
20221022 083303.085 INFO             PET2     OCN-TO-ATM: Run extro.
20221022 083303.086 INFO             PET2     OCN: Run intro.
20221022 083303.086 INFO             PET2       ------>Advancing OCN from: 2010  6  1  0 30  0   0
20221022 083303.086 INFO             PET2       ---------------------> to: 2010  6  1  0 35  0   0
20221022 083303.088 WARNING          PET2 ESMCI_PIO_Handler.C:1567 ESMCI::PIO_Handler::isOpen()       File, field_ocn_export_adv_sst.nc, closed by PIO
20221022 083303.088 INFO             PET2       ------>Advancing OCN from: 2010  6  1  0 35  0   0
20221022 083303.089 INFO             PET2       ---------------------> to: 2010  6  1  0 40  0   0
20221022 083303.091 WARNING          PET2 ESMCI_PIO_Handler.C:1567 ESMCI::PIO_Handler::isOpen()       File, field_ocn_export_adv_sst.nc, closed by PIO
20221022 083303.091 INFO             PET2       ------>Advancing OCN from: 2010  6  1  0 40  0   0
20221022 083303.091 INFO             PET2       ---------------------> to: 2010  6  1  0 45  0   0
20221022 083303.093 WARNING          PET2 ESMCI_PIO_Handler.C:1567 ESMCI::PIO_Handler::isOpen()       File, field_ocn_export_adv_sst.nc, closed by PIO
20221022 083303.093 INFO             PET2     OCN: Run extro.
20221022 083303.093 INFO             PET2     esm: RunSequence event loopLevel=   1  levelMember=   1  loopIteration=   4, current time: 2010  6  1  0 45  0   0
20221022 083303.094 INFO             PET2     ATM-TO-OCN: Run intro.
20221022 083303.094 INFO             PET2     ATM-TO-OCN: Run extro.
20221022 083303.094 INFO             PET2     OCN-TO-ATM: Run intro.
20221022 083303.094 INFO             PET2     OCN-TO-ATM: Run extro.
20221022 083303.094 INFO             PET2     OCN: Run intro.
20221022 083303.095 INFO             PET2       ------>Advancing OCN from: 2010  6  1  0 45  0   0
20221022 083303.095 INFO             PET2       ---------------------> to: 2010  6  1  0 50  0   0
20221022 083303.097 WARNING          PET2 ESMCI_PIO_Handler.C:1567 ESMCI::PIO_Handler::isOpen()       File, field_ocn_export_adv_sst.nc, closed by PIO
20221022 083303.097 INFO             PET2       ------>Advancing OCN from: 2010  6  1  0 50  0   0
20221022 083303.097 INFO             PET2       ---------------------> to: 2010  6  1  0 55  0   0
20221022 083303.100 WARNING          PET2 ESMCI_PIO_Handler.C:1567 ESMCI::PIO_Handler::isOpen()       File, field_ocn_export_adv_sst.nc, closed by PIO
20221022 083303.100 INFO             PET2       ------>Advancing OCN from: 2010  6  1  0 55  0   0
20221022 083303.100 INFO             PET2       ---------------------> to: 2010  6  1  1  0  0   0
20221022 083303.102 WARNING          PET2 ESMCI_PIO_Handler.C:1567 ESMCI::PIO_Handler::isOpen()       File, field_ocn_export_adv_sst.nc, closed by PIO
20221022 083303.102 INFO             PET2     OCN: Run extro.
20221022 083303.102 INFO             PET2   esm: end <--------- RunSequence
20221022 083303.102 INFO             PET2   <<<esm - leaving Run with current time: 2010  6  1  1  0  0   0
20221022 083303.102 INFO             PET2 esm: Run extro.
20221022 083303.103 INFO             PET2 esm: Finalize intro.
20221022 083303.103 INFO             PET2   Calling Finalize phase 1 for connectorComp: ATM-TO-OCN
20221022 083303.103 INFO             PET2   ATM-TO-OCN: Finalize intro.
20221022 083303.103 INFO             PET2   ATM-TO-OCN: Finalize extro.
20221022 083303.103 INFO             PET2   Calling Finalize phase 1 for connectorComp: OCN-TO-ATM
20221022 083303.103 INFO             PET2   OCN-TO-ATM: Finalize intro.
20221022 083303.103 INFO             PET2   OCN-TO-ATM: Finalize extro.
20221022 083303.103 INFO             PET2   Calling Finalize phase 1 for modelComp: ATM
20221022 083303.103 INFO             PET2   Calling Finalize phase 1 for modelComp: OCN
20221022 083303.103 INFO             PET2   OCN: Finalize intro.
20221022 083303.103 INFO             PET2   OCN: Finalize extro.
20221022 083303.103 INFO             PET2   Delete modelComp: ATM
20221022 083303.103 INFO             PET2   Delete Import-/Export State for modelComp: ATM
20221022 083303.103 INFO             PET2   Delete modelComp: OCN
20221022 083303.104 INFO             PET2   Delete Import-/Export State for modelComp: OCN
20221022 083303.104 INFO             PET2   Delete connectorComp: ATM-TO-OCN
20221022 083303.104 INFO             PET2   Delete connectorComp: OCN-TO-ATM
20221022 083303.104 INFO             PET2 esm: Finalize extro.
20221022 083303.104 INFO             PET2 esmApp FINISHED
20221022 083303.104 INFO             PET2 Finalizing ESMF
20221022 083302.573 INFO             PET3 !!!!!!!!!!!!!!!!!!!!!!!!!!!!!!!!!!!!!!!!!!!!!!!!!!!!!!
20221022 083302.573 INFO             PET3 !!! THE ESMF_LOG IS SET TO OUTPUT ALL LOG MESSAGES !!!
20221022 083302.573 INFO             PET3 !!!     THIS MAY CAUSE SLOWDOWN IN PERFORMANCE     !!!
20221022 083302.573 INFO             PET3 !!! FOR PRODUCTION RUNS, USE:                      !!!
20221022 083302.573 INFO             PET3 !!!                   ESMF_LOGKIND_Multi_On_Error  !!!
20221022 083302.573 INFO             PET3 !!!!!!!!!!!!!!!!!!!!!!!!!!!!!!!!!!!!!!!!!!!!!!!!!!!!!!
20221022 083302.573 INFO             PET3 Running with ESMF Version   : v8.4.0b20-4-gd93fea0c68
20221022 083302.573 INFO             PET3 ESMF library build date/time: "Oct 22 2022" "07:14:38"
20221022 083302.573 INFO             PET3 ESMF library build location : /glade/scratch/theurich/ESMF-Nightly-Testing/intel_18.0.5_intelmpi_g_release_8.4.0/esmf
20221022 083302.573 INFO             PET3 ESMF_COMM                   : intelmpi
20221022 083302.573 INFO             PET3 ESMF_MOAB                   : enabled
20221022 083302.573 INFO             PET3 ESMF_LAPACK                 : enabled
20221022 083302.573 INFO             PET3 ESMF_NETCDF                 : enabled
20221022 083302.573 INFO             PET3 ESMF_PNETCDF                : disabled
20221022 083302.573 INFO             PET3 ESMF_PIO                    : enabled
20221022 083302.573 INFO             PET3 ESMF_YAMLCPP                : enabled
20221022 083302.573 INFO             PET3 esmApp STARTING
20221022 083302.580 INFO             PET3 esm: InitializeGeneric intro.
20221022 083302.580 INFO             PET3   esm: InitializeP0 intro.
20221022 083302.580 INFO             PET3   esm: InitializeP0 extro.
20221022 083302.580 INFO             PET3   esm: InitializeIPDv02p1 intro.
20221022 083302.580 INFO             PET3     >>>esm: entered Initialize (phase=<none>) without valid internal Clock.
20221022 083302.580 INFO             PET3     esm - Creating model component ATM with petList of size 2 :
20221022 083302.580 INFO             PET3           0      1
20221022 083302.583 INFO             PET3     esm - Creating model component OCN with petList of size 2 :
20221022 083302.583 INFO             PET3           2      3
20221022 083302.587 INFO             PET3     esm - Creating connector component ATM-TO-OCN with petList of size 4 :
20221022 083302.587 INFO             PET3           0      1      2      3
20221022 083302.593 INFO             PET3     esm - Creating connector component OCN-TO-ATM with petList of size 4 :
20221022 083302.593 INFO             PET3           2      3      0      1
20221022 083302.599 INFO             PET3     esm - Creating state: modelComp 1 Import State
20221022 083302.599 INFO             PET3     esm - Creating state: modelComp 1 Export State
20221022 083302.599 INFO             PET3     esm - Creating state: modelComp 2 Import State
20221022 083302.599 INFO             PET3     esm - Creating state: modelComp 2 Export State
20221022 083302.604 INFO             PET3     OCN: InitializeP0 intro.
20221022 083302.605 INFO             PET3     OCN: InitializeP0 extro.
20221022 083302.607 INFO             PET3     ATM-TO-OCN: InitializeP0 intro.
20221022 083302.607 INFO             PET3     ATM-TO-OCN: InitializeP0 extro.
20221022 083302.608 INFO             PET3     OCN-TO-ATM: InitializeP0 intro.
20221022 083302.609 INFO             PET3     OCN-TO-ATM: InitializeP0 extro.
20221022 083302.611 INFO             PET3     esm: IInitAdvertise intro.
20221022 083302.611 INFO             PET3     esm: IInitAdvertise extro.
20221022 083302.617 INFO             PET3     OCN: InitializeIPDvXp01 intro.
20221022 083302.621 INFO             PET3     OCN: InitializeIPDvXp01 extro.
20221022 083302.623 INFO             PET3     ATM-TO-OCN: InitializeIPDv05p1 intro.
20221022 083302.634 INFO             PET3     ATM-TO-OCN: InitializeIPDv05p1 extro.
20221022 083302.636 INFO             PET3     OCN-TO-ATM: InitializeIPDv05p1 intro.
20221022 083302.642 INFO             PET3     OCN-TO-ATM: InitializeIPDv05p1 extro.
20221022 083302.642 INFO             PET3     esm: IInitAdvertiseFinish intro.
20221022 083302.642 INFO             PET3     esm: IInitAdvertiseFinish extro.
20221022 083302.643 INFO             PET3     ATM-TO-OCN: InitializeIPDv05p2a intro.
20221022 083302.653 INFO             PET3     ATM-TO-OCN: InitializeIPDv05p2a extro.
20221022 083302.653 INFO             PET3     OCN-TO-ATM: InitializeIPDv05p2a intro.
20221022 083302.659 INFO             PET3     OCN-TO-ATM: InitializeIPDv05p2a extro.
20221022 083302.659 INFO             PET3     ATM-TO-OCN: InitializeIPDv05p2b intro.
20221022 083302.669 INFO             PET3     ATM-TO-OCN: InitializeIPDv05p2b extro.
20221022 083302.669 INFO             PET3     OCN-TO-ATM: InitializeIPDv05p2b intro.
20221022 083302.675 INFO             PET3     OCN-TO-ATM: InitializeIPDv05p2b extro.
20221022 083302.675 INFO             PET3     esm: IInitModifyCplLists intro.
20221022 083302.675 INFO             PET3       Driver is in ModifyCplLists()
20221022 083302.675 INFO             PET3        Found            2  Connectors. Modifying CplList Attribute....
20221022 083302.676 INFO             PET3     esm: IInitModifyCplLists extro.
20221022 083302.676 INFO             PET3     ATM-TO-OCN: InitializeIPDv05p3 intro.
20221022 083302.687 INFO             PET3     ATM-TO-OCN: InitializeIPDv05p3 extro.
20221022 083302.687 INFO             PET3     OCN-TO-ATM: InitializeIPDv05p3 intro.
20221022 083302.693 INFO             PET3     OCN-TO-ATM: InitializeIPDv05p3 extro.
20221022 083302.693 INFO             PET3     <<<esm: leaving Initialize (phase=<none>) with current time: 2010  6  1  0  0  0   0
20221022 083302.693 INFO             PET3   esm: InitializeIPDv02p1 extro.
20221022 083302.693 INFO             PET3   esm: InitializeIPDv02p3 intro.
20221022 083302.693 INFO             PET3     >>>esm: entered Initialize (phase=<none>) with current time: 2010  6  1  0  0  0   0
20221022 083302.693 INFO             PET3     esm: IInitCheck intro.
20221022 083302.693 INFO             PET3     esm: IInitCheck extro.
20221022 083302.705 INFO             PET3     OCN: InitializeIPDvXp04 intro.
20221022 083302.715 INFO             PET3     OCN: InitializeIPDvXp04 extro.
20221022 083302.716 INFO             PET3     ATM-TO-OCN: InitializeIPDv05p4 intro.
20221022 083302.736 INFO             PET3     ATM-TO-OCN: InitializeIPDv05p4 extro.
20221022 083302.736 INFO             PET3     OCN-TO-ATM: InitializeIPDv05p4 intro.
20221022 083302.746 INFO             PET3     OCN-TO-ATM: InitializeIPDv05p4 extro.
20221022 083302.747 INFO             PET3     ATM-TO-OCN: InitializeIPDv05p5 intro.
20221022 083302.766 INFO             PET3     ATM-TO-OCN: InitializeIPDv05p5 extro.
20221022 083302.767 INFO             PET3     OCN-TO-ATM: InitializeIPDv05p5 intro.
20221022 083302.777 INFO             PET3     OCN-TO-ATM: InitializeIPDv05p5 extro.
20221022 083302.777 INFO             PET3     esm: IInitRealize intro.
20221022 083302.777 INFO             PET3     esm: IInitRealize extro.
20221022 083302.777 INFO             PET3     ATM-TO-OCN: InitializeIPDv05p6a intro.
20221022 083302.796 INFO             PET3     ATM-TO-OCN: InitializeIPDv05p6a extro.
20221022 083302.796 INFO             PET3     OCN-TO-ATM: InitializeIPDv05p6a intro.
20221022 083302.806 INFO             PET3     OCN-TO-ATM: InitializeIPDv05p6a extro.
20221022 083302.806 INFO             PET3     ATM-TO-OCN: InitializeIPDv05p6b intro.
20221022 083302.938 INFO             PET3     ATM-TO-OCN: InitializeIPDv05p6b extro.
20221022 083302.938 INFO             PET3     OCN-TO-ATM: InitializeIPDv05p6b intro.
20221022 083303.040 INFO             PET3     OCN-TO-ATM: InitializeIPDv05p6b extro.
20221022 083303.041 INFO             PET3     OCN: InitializeIPDvXp07 intro.
20221022 083303.042 INFO             PET3     OCN: InitializeIPDvXp07 extro.
20221022 083303.043 INFO             PET3     <<<esm: leaving Initialize (phase=<none>) with current time: 2010  6  1  0  0  0   0
20221022 083303.043 INFO             PET3   esm: InitializeIPDv02p3 extro.
20221022 083303.043 INFO             PET3   esm: InitializeIPDv02p5 intro.
20221022 083303.043 INFO             PET3     >>>esm: entered Initialize (phase=<none>) with current time: 2010  6  1  0  0  0   0
20221022 083303.043 INFO             PET3     esm: this is a top level driver, no 'Updated' and 'InitializeDataComplete' info on this level.
20221022 083303.043 INFO             PET3     esm: InitializeIPDv02p5Data intro.
20221022 083303.043 INFO             PET3       esm: InternalInitializeComplete intro.
20221022 083303.043 INFO             PET3         esm: InitializeDataComplete='true'
20221022 083303.043 INFO             PET3       esm: InternalInitializeComplete extro.
20221022 083303.045 INFO             PET3       OCN: InitializeIPDv01p5 intro.
20221022 083303.045 INFO             PET3       OCN: InitializeIPDv01p5 extro.
20221022 083303.046 INFO             PET3       esm: components present that trigger loopDataDependentInitialize().
20221022 083303.046 INFO             PET3       esm: loopDataDependentInitialize intro.
20221022 083303.046 INFO             PET3         esm: component    0=esm, dataComplete (local): true
20221022 083303.046 INFO             PET3         esm: component    0=esm, dataComplete (global):  T
20221022 083303.046 INFO             PET3         esm: component    1=ATM, dataComplete (local): true
20221022 083303.046 INFO             PET3         esm: component    1=ATM, dataComplete (global):  T
20221022 083303.046 INFO             PET3         esm: component    2=OCN, dataComplete (local): true
20221022 083303.046 INFO             PET3         esm: component    2=OCN, dataComplete (global):  T
20221022 083303.046 INFO             PET3         esm: someProgress= F, allComplete= T, present(dataDepAllComplete)= T
20221022 083303.046 INFO             PET3         esm: finished resolving initialize data dependencies on this level.
20221022 083303.046 INFO             PET3       esm: loopDataDependentInitialize extro.
20221022 083303.047 INFO             PET3       esm: loopDataDependentInitialize() returned with dataDepAllComplete:  T
20221022 083303.047 INFO             PET3     esm: InitializeIPDv02p5Data extro.
20221022 083303.047 INFO             PET3     <<<esm: leaving Initialize (phase=<none>) with current time: 2010  6  1  0  0  0   0
20221022 083303.047 INFO             PET3   esm: InitializeIPDv02p5 extro.
20221022 083303.047 INFO             PET3 esm: InitializeGeneric extro.
20221022 083303.047 INFO             PET3 esm: Run intro.
20221022 083303.047 INFO             PET3   >>>esm entered Run (phase=RunPhase1) with current time: 2010  6  1  0  0  0   0
20221022 083303.047 INFO             PET3   esm: after lable_SetRunClock, current time: 2010  6  1  0  0  0   0
20221022 083303.047 INFO             PET3   esm: begin -------> RunSequence.
20221022 083303.047 INFO             PET3     esm: RunSequence event loopLevel=   1  levelMember=   1  loopIteration=   1, current time: 2010  6  1  0  0  0   0
20221022 083303.047 INFO             PET3     ATM-TO-OCN: Run intro.
20221022 083303.048 INFO             PET3     ATM-TO-OCN: Run extro.
20221022 083303.048 INFO             PET3     OCN-TO-ATM: Run intro.
20221022 083303.048 INFO             PET3     OCN-TO-ATM: Run extro.
20221022 083303.048 INFO             PET3     OCN: Run intro.
20221022 083303.049 INFO             PET3       ------>Advancing OCN from: 2010  6  1  0  0  0   0
20221022 083303.049 INFO             PET3       ---------------------> to: 2010  6  1  0  5  0   0
20221022 083303.064 WARNING          PET3 ESMCI_PIO_Handler.C:1567 ESMCI::PIO_Handler::isOpen()       File, field_ocn_export_adv_sst.nc, closed by PIO
20221022 083303.064 INFO             PET3       ------>Advancing OCN from: 2010  6  1  0  5  0   0
20221022 083303.064 INFO             PET3       ---------------------> to: 2010  6  1  0 10  0   0
20221022 083303.070 WARNING          PET3 ESMCI_PIO_Handler.C:1567 ESMCI::PIO_Handler::isOpen()       File, field_ocn_export_adv_sst.nc, closed by PIO
20221022 083303.070 INFO             PET3       ------>Advancing OCN from: 2010  6  1  0 10  0   0
20221022 083303.070 INFO             PET3       ---------------------> to: 2010  6  1  0 15  0   0
20221022 083303.074 WARNING          PET3 ESMCI_PIO_Handler.C:1567 ESMCI::PIO_Handler::isOpen()       File, field_ocn_export_adv_sst.nc, closed by PIO
20221022 083303.074 INFO             PET3     OCN: Run extro.
20221022 083303.074 INFO             PET3     esm: RunSequence event loopLevel=   1  levelMember=   1  loopIteration=   2, current time: 2010  6  1  0 15  0   0
20221022 083303.074 INFO             PET3     ATM-TO-OCN: Run intro.
20221022 083303.074 INFO             PET3     ATM-TO-OCN: Run extro.
20221022 083303.074 INFO             PET3     OCN-TO-ATM: Run intro.
20221022 083303.075 INFO             PET3     OCN-TO-ATM: Run extro.
20221022 083303.075 INFO             PET3     OCN: Run intro.
20221022 083303.075 INFO             PET3       ------>Advancing OCN from: 2010  6  1  0 15  0   0
20221022 083303.075 INFO             PET3       ---------------------> to: 2010  6  1  0 20  0   0
20221022 083303.079 WARNING          PET3 ESMCI_PIO_Handler.C:1567 ESMCI::PIO_Handler::isOpen()       File, field_ocn_export_adv_sst.nc, closed by PIO
20221022 083303.079 INFO             PET3       ------>Advancing OCN from: 2010  6  1  0 20  0   0
20221022 083303.079 INFO             PET3       ---------------------> to: 2010  6  1  0 25  0   0
20221022 083303.082 WARNING          PET3 ESMCI_PIO_Handler.C:1567 ESMCI::PIO_Handler::isOpen()       File, field_ocn_export_adv_sst.nc, closed by PIO
20221022 083303.082 INFO             PET3       ------>Advancing OCN from: 2010  6  1  0 25  0   0
20221022 083303.082 INFO             PET3       ---------------------> to: 2010  6  1  0 30  0   0
20221022 083303.084 WARNING          PET3 ESMCI_PIO_Handler.C:1567 ESMCI::PIO_Handler::isOpen()       File, field_ocn_export_adv_sst.nc, closed by PIO
20221022 083303.085 INFO             PET3     OCN: Run extro.
20221022 083303.085 INFO             PET3     esm: RunSequence event loopLevel=   1  levelMember=   1  loopIteration=   3, current time: 2010  6  1  0 30  0   0
20221022 083303.085 INFO             PET3     ATM-TO-OCN: Run intro.
20221022 083303.085 INFO             PET3     ATM-TO-OCN: Run extro.
20221022 083303.085 INFO             PET3     OCN-TO-ATM: Run intro.
20221022 083303.085 INFO             PET3     OCN-TO-ATM: Run extro.
20221022 083303.086 INFO             PET3     OCN: Run intro.
20221022 083303.086 INFO             PET3       ------>Advancing OCN from: 2010  6  1  0 30  0   0
20221022 083303.086 INFO             PET3       ---------------------> to: 2010  6  1  0 35  0   0
20221022 083303.088 WARNING          PET3 ESMCI_PIO_Handler.C:1567 ESMCI::PIO_Handler::isOpen()       File, field_ocn_export_adv_sst.nc, closed by PIO
20221022 083303.088 INFO             PET3       ------>Advancing OCN from: 2010  6  1  0 35  0   0
20221022 083303.088 INFO             PET3       ---------------------> to: 2010  6  1  0 40  0   0
20221022 083303.091 WARNING          PET3 ESMCI_PIO_Handler.C:1567 ESMCI::PIO_Handler::isOpen()       File, field_ocn_export_adv_sst.nc, closed by PIO
20221022 083303.091 INFO             PET3       ------>Advancing OCN from: 2010  6  1  0 40  0   0
20221022 083303.091 INFO             PET3       ---------------------> to: 2010  6  1  0 45  0   0
20221022 083303.093 WARNING          PET3 ESMCI_PIO_Handler.C:1567 ESMCI::PIO_Handler::isOpen()       File, field_ocn_export_adv_sst.nc, closed by PIO
20221022 083303.093 INFO             PET3     OCN: Run extro.
20221022 083303.093 INFO             PET3     esm: RunSequence event loopLevel=   1  levelMember=   1  loopIteration=   4, current time: 2010  6  1  0 45  0   0
20221022 083303.093 INFO             PET3     ATM-TO-OCN: Run intro.
20221022 083303.094 INFO             PET3     ATM-TO-OCN: Run extro.
20221022 083303.094 INFO             PET3     OCN-TO-ATM: Run intro.
20221022 083303.094 INFO             PET3     OCN-TO-ATM: Run extro.
20221022 083303.094 INFO             PET3     OCN: Run intro.
20221022 083303.095 INFO             PET3       ------>Advancing OCN from: 2010  6  1  0 45  0   0
20221022 083303.095 INFO             PET3       ---------------------> to: 2010  6  1  0 50  0   0
20221022 083303.097 WARNING          PET3 ESMCI_PIO_Handler.C:1567 ESMCI::PIO_Handler::isOpen()       File, field_ocn_export_adv_sst.nc, closed by PIO
20221022 083303.097 INFO             PET3       ------>Advancing OCN from: 2010  6  1  0 50  0   0
20221022 083303.097 INFO             PET3       ---------------------> to: 2010  6  1  0 55  0   0
20221022 083303.100 WARNING          PET3 ESMCI_PIO_Handler.C:1567 ESMCI::PIO_Handler::isOpen()       File, field_ocn_export_adv_sst.nc, closed by PIO
20221022 083303.100 INFO             PET3       ------>Advancing OCN from: 2010  6  1  0 55  0   0
20221022 083303.100 INFO             PET3       ---------------------> to: 2010  6  1  1  0  0   0
20221022 083303.102 WARNING          PET3 ESMCI_PIO_Handler.C:1567 ESMCI::PIO_Handler::isOpen()       File, field_ocn_export_adv_sst.nc, closed by PIO
20221022 083303.102 INFO             PET3     OCN: Run extro.
20221022 083303.102 INFO             PET3   esm: end <--------- RunSequence
20221022 083303.102 INFO             PET3   <<<esm - leaving Run with current time: 2010  6  1  1  0  0   0
20221022 083303.102 INFO             PET3 esm: Run extro.
20221022 083303.102 INFO             PET3 esm: Finalize intro.
20221022 083303.103 INFO             PET3   Calling Finalize phase 1 for connectorComp: ATM-TO-OCN
20221022 083303.103 INFO             PET3   ATM-TO-OCN: Finalize intro.
20221022 083303.103 INFO             PET3   ATM-TO-OCN: Finalize extro.
20221022 083303.103 INFO             PET3   Calling Finalize phase 1 for connectorComp: OCN-TO-ATM
20221022 083303.103 INFO             PET3   OCN-TO-ATM: Finalize intro.
20221022 083303.103 INFO             PET3   OCN-TO-ATM: Finalize extro.
20221022 083303.103 INFO             PET3   Calling Finalize phase 1 for modelComp: ATM
20221022 083303.103 INFO             PET3   Calling Finalize phase 1 for modelComp: OCN
20221022 083303.103 INFO             PET3   OCN: Finalize intro.
20221022 083303.103 INFO             PET3   OCN: Finalize extro.
20221022 083303.103 INFO             PET3   Delete modelComp: ATM
20221022 083303.103 INFO             PET3   Delete Import-/Export State for modelComp: ATM
20221022 083303.103 INFO             PET3   Delete modelComp: OCN
20221022 083303.104 INFO             PET3   Delete Import-/Export State for modelComp: OCN
20221022 083303.104 INFO             PET3   Delete connectorComp: ATM-TO-OCN
20221022 083303.104 INFO             PET3   Delete connectorComp: OCN-TO-ATM
20221022 083303.104 INFO             PET3 esm: Finalize extro.
20221022 083303.104 INFO             PET3 esmApp FINISHED
20221022 083303.104 INFO             PET3 Finalizing ESMF
