2022-10-14 22:28:59
20221015 004723.604 INFO             PET0 !!!!!!!!!!!!!!!!!!!!!!!!!!!!!!!!!!!!!!!!!!!!!!!!!!!!!!
20221015 004723.605 INFO             PET0 !!! THE ESMF_LOG IS SET TO OUTPUT ALL LOG MESSAGES !!!
20221015 004723.605 INFO             PET0 !!!     THIS MAY CAUSE SLOWDOWN IN PERFORMANCE     !!!
20221015 004723.605 INFO             PET0 !!! FOR PRODUCTION RUNS, USE:                      !!!
20221015 004723.605 INFO             PET0 !!!                   ESMF_LOGKIND_Multi_On_Error  !!!
20221015 004723.605 INFO             PET0 !!!!!!!!!!!!!!!!!!!!!!!!!!!!!!!!!!!!!!!!!!!!!!!!!!!!!!
20221015 004723.605 INFO             PET0 Running with ESMF Version   : v8.4.0b19
20221015 004723.605 INFO             PET0 ESMF library build date/time: "Oct 14 2022" "22:23:40"
20221015 004723.605 INFO             PET0 ESMF library build location : /work/noaa/da/mpotts/sandbox/pgi_2019_openmpi_g_develop/esmf
20221015 004723.605 INFO             PET0 ESMF_COMM                   : openmpi
20221015 004723.605 INFO             PET0 ESMF_MOAB                   : enabled
20221015 004723.605 INFO             PET0 ESMF_LAPACK                 : enabled
20221015 004723.605 INFO             PET0 ESMF_NETCDF                 : enabled
20221015 004723.605 INFO             PET0 ESMF_PNETCDF                : disabled
20221015 004723.605 INFO             PET0 ESMF_PIO                    : enabled
20221015 004723.605 INFO             PET0 ESMF_YAMLCPP                : enabled
20221015 004723.684 INFO             PET0 esmApp STARTING
20221015 004723.690 INFO             PET0 esm: InitializeGeneric intro.
20221015 004723.690 INFO             PET0   esm: InitializeP0 intro.
20221015 004723.690 INFO             PET0   esm: InitializeP0 extro.
20221015 004723.690 INFO             PET0   esm: InitializeIPDv02p1 intro.
20221015 004723.690 INFO             PET0     >>>esm: entered Initialize (phase=<none>) without valid internal Clock.
20221015 004723.691 INFO             PET0     esm - Creating model component ATM with petList of size 2 :
20221015 004723.691 INFO             PET0           0      1
20221015 004723.696 INFO             PET0     esm - Creating model component OCN with petList of size 2 :
20221015 004723.696 INFO             PET0           2      3
20221015 004723.696 INFO             PET0     esm - Creating state: modelComp 1 Import State
20221015 004723.696 INFO             PET0     esm - Creating state: modelComp 1 Export State
20221015 004723.696 INFO             PET0     esm - Creating state: modelComp 2 Import State
20221015 004723.696 INFO             PET0     esm - Creating state: modelComp 2 Export State
20221015 004723.698 INFO             PET0     ATM: InitializeP0 intro.
20221015 004723.699 INFO             PET0     ATM: InitializeP0 extro.
20221015 004723.705 INFO             PET0     esm - Creating connector component OCN-TO-ATM with petList of size 4 :
20221015 004723.705 INFO             PET0           2      3      0      1
20221015 004723.712 INFO             PET0     esm - Setting Verbosity on created component to: high
20221015 004723.712 INFO             PET0     esm - Setting Profiling on created component to:          0
20221015 004723.712 INFO             PET0     esm - Creating connector component ATM-TO-OCN with petList of size 4 :
20221015 004723.712 INFO             PET0           0      1      2      3
20221015 004723.722 INFO             PET0     esm - Setting Verbosity on created component to: high
20221015 004723.722 INFO             PET0     esm - Setting Profiling on created component to:          0
20221015 004723.725 INFO             PET0     esm: IInitAdvertise intro.
20221015 004723.725 INFO             PET0     esm: IInitAdvertise extro.
20221015 004723.725 INFO             PET0     ATM: InitializeIPDvXp01 intro.
20221015 004723.728 INFO             PET0     ATM: InitializeIPDvXp01 extro.
20221015 004723.734 INFO             PET0     ATM-TO-OCN: InitializeIPDv05p1 intro.
20221015 004723.740 INFO             PET0       ATM-TO-OCN: importState FieldTransferPolicy = transferNone
20221015 004723.740 INFO             PET0       ATM-TO-OCN: exportState FieldTransferPolicy = transferNone
20221015 004723.740 INFO             PET0     ATM-TO-OCN: InitializeIPDv05p1 extro.
20221015 004723.741 INFO             PET0     OCN-TO-ATM: InitializeIPDv05p1 intro.
20221015 004723.745 INFO             PET0       OCN-TO-ATM: importState FieldTransferPolicy = transferNone
20221015 004723.745 INFO             PET0       OCN-TO-ATM: exportState FieldTransferPolicy = transferNone
20221015 004723.745 INFO             PET0     OCN-TO-ATM: InitializeIPDv05p1 extro.
20221015 004723.745 INFO             PET0     esm: IInitAdvertiseFinish intro.
20221015 004723.745 INFO             PET0     esm: IInitAdvertiseFinish extro.
20221015 004723.745 INFO             PET0     ATM-TO-OCN: InitializeIPDv05p2a intro.
20221015 004723.751 INFO             PET0       ATM-TO-OCN:      importStandardNameList(i=  1): air_pressure_at_sea_level
20221015 004723.751 INFO             PET0       ATM-TO-OCN:         importNamespaceList(i=  1): ATM
20221015 004723.751 INFO             PET0       ATM-TO-OCN:            importCplSetList(i=  1): __UNSPECIFIED__
20221015 004723.751 INFO             PET0       ATM-TO-OCN:      exportStandardNameList(j=  1): air_pressure_at_sea_level
20221015 004723.751 INFO             PET0       ATM-TO-OCN:         exportNamespaceList(j=  1): OCN
20221015 004723.751 INFO             PET0       ATM-TO-OCN:            exportCplSetList(j=  1): __UNSPECIFIED__
20221015 004723.752 INFO             PET0       ATM-TO-OCN: bondLevel= 1
20221015 004723.752 INFO             PET0       ATM-TO-OCN: ProducerConnection (bondLevelMax):         1
20221015 004723.752 INFO             PET0       ATM-TO-OCN:      importStandardNameList(i=  2): surface_net_downward_shortwave_flux
20221015 004723.752 INFO             PET0       ATM-TO-OCN:         importNamespaceList(i=  2): ATM
20221015 004723.752 INFO             PET0       ATM-TO-OCN:            importCplSetList(i=  2): __UNSPECIFIED__
20221015 004723.752 INFO             PET0       ATM-TO-OCN:      exportStandardNameList(j=  2): surface_net_downward_shortwave_flux
20221015 004723.752 INFO             PET0       ATM-TO-OCN:         exportNamespaceList(j=  2): OCN
20221015 004723.752 INFO             PET0       ATM-TO-OCN:            exportCplSetList(j=  2): __UNSPECIFIED__
20221015 004723.752 INFO             PET0       ATM-TO-OCN: bondLevel= 1
20221015 004723.752 INFO             PET0       ATM-TO-OCN: ProducerConnection (bondLevelMax):         1
20221015 004723.752 INFO             PET0     ATM-TO-OCN: InitializeIPDv05p2a extro.
20221015 004723.752 INFO             PET0     OCN-TO-ATM: InitializeIPDv05p2a intro.
20221015 004723.756 INFO             PET0       OCN-TO-ATM:      importStandardNameList(i=  1): sea_surface_temperature
20221015 004723.756 INFO             PET0       OCN-TO-ATM:         importNamespaceList(i=  1): OCN
20221015 004723.756 INFO             PET0       OCN-TO-ATM:            importCplSetList(i=  1): __UNSPECIFIED__
20221015 004723.756 INFO             PET0       OCN-TO-ATM:      exportStandardNameList(j=  1): sea_surface_temperature
20221015 004723.756 INFO             PET0       OCN-TO-ATM:         exportNamespaceList(j=  1): ATM
20221015 004723.756 INFO             PET0       OCN-TO-ATM:            exportCplSetList(j=  1): __UNSPECIFIED__
20221015 004723.756 INFO             PET0       OCN-TO-ATM: bondLevel= 1
20221015 004723.756 INFO             PET0       OCN-TO-ATM: ProducerConnection (bondLevelMax):         1
20221015 004723.756 INFO             PET0     OCN-TO-ATM: InitializeIPDv05p2a extro.
20221015 004723.756 INFO             PET0     ATM-TO-OCN: InitializeIPDv05p2b intro.
20221015 004723.762 INFO             PET0       ATM-TO-OCN:      importStandardNameList(i=  1): air_pressure_at_sea_level
20221015 004723.762 INFO             PET0       ATM-TO-OCN:         importNamespaceList(i=  1): ATM
20221015 004723.762 INFO             PET0       ATM-TO-OCN:            importCplSetList(i=  1): __UNSPECIFIED__
20221015 004723.762 INFO             PET0       ATM-TO-OCN:      exportStandardNameList(j=  1): air_pressure_at_sea_level
20221015 004723.762 INFO             PET0       ATM-TO-OCN:         exportNamespaceList(j=  1): OCN
20221015 004723.762 INFO             PET0       ATM-TO-OCN:            exportCplSetList(j=  1): __UNSPECIFIED__
20221015 004723.762 INFO             PET0       ATM-TO-OCN: bondLevel= 1
20221015 004723.762 INFO             PET0       ATM-TO-OCN: => added cplList(  1)=air_pressure_at_sea_level, cplSetList(  1)=__UNSPECIFIED__
20221015 004723.762 INFO             PET0       ATM-TO-OCN:      importStandardNameList(i=  2): surface_net_downward_shortwave_flux
20221015 004723.762 INFO             PET0       ATM-TO-OCN:         importNamespaceList(i=  2): ATM
20221015 004723.762 INFO             PET0       ATM-TO-OCN:            importCplSetList(i=  2): __UNSPECIFIED__
20221015 004723.762 INFO             PET0       ATM-TO-OCN:      exportStandardNameList(j=  2): surface_net_downward_shortwave_flux
20221015 004723.762 INFO             PET0       ATM-TO-OCN:         exportNamespaceList(j=  2): OCN
20221015 004723.762 INFO             PET0       ATM-TO-OCN:            exportCplSetList(j=  2): __UNSPECIFIED__
20221015 004723.762 INFO             PET0       ATM-TO-OCN: bondLevel= 1
20221015 004723.763 INFO             PET0       ATM-TO-OCN: => added cplList(  2)=surface_net_downward_shortwave_flux, cplSetList(  2)=__UNSPECIFIED__
20221015 004723.763 INFO             PET0     ATM-TO-OCN: InitializeIPDv05p2b extro.
20221015 004723.763 INFO             PET0     OCN-TO-ATM: InitializeIPDv05p2b intro.
20221015 004723.767 INFO             PET0       OCN-TO-ATM:      importStandardNameList(i=  1): sea_surface_temperature
20221015 004723.767 INFO             PET0       OCN-TO-ATM:         importNamespaceList(i=  1): OCN
20221015 004723.767 INFO             PET0       OCN-TO-ATM:            importCplSetList(i=  1): __UNSPECIFIED__
20221015 004723.767 INFO             PET0       OCN-TO-ATM:      exportStandardNameList(j=  1): sea_surface_temperature
20221015 004723.767 INFO             PET0       OCN-TO-ATM:         exportNamespaceList(j=  1): ATM
20221015 004723.767 INFO             PET0       OCN-TO-ATM:            exportCplSetList(j=  1): __UNSPECIFIED__
20221015 004723.767 INFO             PET0       OCN-TO-ATM: bondLevel= 1
20221015 004723.767 INFO             PET0       OCN-TO-ATM: => added cplList(  1)=sea_surface_temperature, cplSetList(  1)=__UNSPECIFIED__
20221015 004723.767 INFO             PET0     OCN-TO-ATM: InitializeIPDv05p2b extro.
20221015 004723.767 INFO             PET0     esm: IInitModifyCplLists intro.
20221015 004723.768 INFO             PET0     esm: IInitModifyCplLists extro.
20221015 004723.768 INFO             PET0     ATM-TO-OCN: InitializeIPDv05p3 intro.
20221015 004723.774 INFO             PET0       ATM-TO-OCN: handle cplList(1): air_pressure_at_sea_level, cplSetList(1): __UNSPECIFIED__
20221015 004723.774 INFO             PET0       ATM-TO-OCN: - connected.
20221015 004723.774 INFO             PET0       ATM-TO-OCN: - both sides must provide the Field/GeomObject.
20221015 004723.774 INFO             PET0       ATM-TO-OCN: handle cplList(2): surface_net_downward_shortwave_flux, cplSetList(2): __UNSPECIFIED__
20221015 004723.774 INFO             PET0       ATM-TO-OCN: - connected.
20221015 004723.774 INFO             PET0       ATM-TO-OCN: - both sides must provide the Field/GeomObject.
20221015 004723.774 INFO             PET0     ATM-TO-OCN: InitializeIPDv05p3 extro.
20221015 004723.774 INFO             PET0     OCN-TO-ATM: InitializeIPDv05p3 intro.
20221015 004723.779 INFO             PET0       OCN-TO-ATM: handle cplList(1): sea_surface_temperature, cplSetList(1): __UNSPECIFIED__
20221015 004723.779 INFO             PET0       OCN-TO-ATM: - connected.
20221015 004723.779 INFO             PET0       OCN-TO-ATM: - both sides must provide the Field/GeomObject.
20221015 004723.779 INFO             PET0     OCN-TO-ATM: InitializeIPDv05p3 extro.
20221015 004723.779 INFO             PET0     <<<esm: leaving Initialize (phase=<none>) with current time: 2010  6  1  0  0  0   0
20221015 004723.779 INFO             PET0   esm: InitializeIPDv02p1 extro.
20221015 004723.779 INFO             PET0   esm: InitializeIPDv02p3 intro.
20221015 004723.779 INFO             PET0     >>>esm: entered Initialize (phase=<none>) with current time: 2010  6  1  0  0  0   0
20221015 004723.779 INFO             PET0     esm: IInitCheck intro.
20221015 004723.779 INFO             PET0     esm: IInitCheck extro.
20221015 004723.780 INFO             PET0     ATM: InitializeIPDvXp04 intro.
20221015 004723.785 INFO             PET0     ATM: InitializeIPDvXp04 extro.
20221015 004723.793 INFO             PET0     ATM-TO-OCN: InitializeIPDv05p4 intro.
20221015 004723.803 INFO             PET0       ATM-TO-OCN: handle cplList(1): air_pressure_at_sea_level, cplSetList(1): __UNSPECIFIED__
20221015 004723.803 INFO             PET0       ATM-TO-OCN: - nothing shared or transferred
20221015 004723.803 INFO             PET0       ATM-TO-OCN: handle cplList(2): surface_net_downward_shortwave_flux, cplSetList(2): __UNSPECIFIED__
20221015 004723.803 INFO             PET0       ATM-TO-OCN: - nothing shared or transferred
20221015 004723.803 INFO             PET0     ATM-TO-OCN: InitializeIPDv05p4 extro.
20221015 004723.803 INFO             PET0     OCN-TO-ATM: InitializeIPDv05p4 intro.
20221015 004723.810 INFO             PET0       OCN-TO-ATM: handle cplList(1): sea_surface_temperature, cplSetList(1): __UNSPECIFIED__
20221015 004723.810 INFO             PET0       OCN-TO-ATM: - nothing shared or transferred
20221015 004723.810 INFO             PET0     OCN-TO-ATM: InitializeIPDv05p4 extro.
20221015 004723.810 INFO             PET0     ATM-TO-OCN: InitializeIPDv05p5 intro.
20221015 004723.820 INFO             PET0       ATM-TO-OCN: handle cplList(1): air_pressure_at_sea_level, cplSetList(1): __UNSPECIFIED__
20221015 004723.820 INFO             PET0       ATM-TO-OCN: - nothing shared or transferred, or may already be handled
20221015 004723.820 INFO             PET0       ATM-TO-OCN: handle cplList(2): surface_net_downward_shortwave_flux, cplSetList(2): __UNSPECIFIED__
20221015 004723.820 INFO             PET0       ATM-TO-OCN: - nothing shared or transferred, or may already be handled
20221015 004723.820 INFO             PET0     ATM-TO-OCN: InitializeIPDv05p5 extro.
20221015 004723.820 INFO             PET0     OCN-TO-ATM: InitializeIPDv05p5 intro.
20221015 004723.826 INFO             PET0       OCN-TO-ATM: handle cplList(1): sea_surface_temperature, cplSetList(1): __UNSPECIFIED__
20221015 004723.826 INFO             PET0       OCN-TO-ATM: - nothing shared or transferred, or may already be handled
20221015 004723.826 INFO             PET0     OCN-TO-ATM: InitializeIPDv05p5 extro.
20221015 004723.826 INFO             PET0     esm: IInitRealize intro.
20221015 004723.826 INFO             PET0     esm: IInitRealize extro.
20221015 004723.827 INFO             PET0     ATM-TO-OCN: InitializeIPDv05p6a intro.
20221015 004723.663 INFO             PET1 !!!!!!!!!!!!!!!!!!!!!!!!!!!!!!!!!!!!!!!!!!!!!!!!!!!!!!
20221015 004723.664 INFO             PET1 !!! THE ESMF_LOG IS SET TO OUTPUT ALL LOG MESSAGES !!!
20221015 004723.664 INFO             PET1 !!!     THIS MAY CAUSE SLOWDOWN IN PERFORMANCE     !!!
20221015 004723.664 INFO             PET1 !!! FOR PRODUCTION RUNS, USE:                      !!!
20221015 004723.664 INFO             PET1 !!!                   ESMF_LOGKIND_Multi_On_Error  !!!
20221015 004723.664 INFO             PET1 !!!!!!!!!!!!!!!!!!!!!!!!!!!!!!!!!!!!!!!!!!!!!!!!!!!!!!
20221015 004723.664 INFO             PET1 Running with ESMF Version   : v8.4.0b19
20221015 004723.664 INFO             PET1 ESMF library build date/time: "Oct 14 2022" "22:23:40"
20221015 004723.664 INFO             PET1 ESMF library build location : /work/noaa/da/mpotts/sandbox/pgi_2019_openmpi_g_develop/esmf
20221015 004723.664 INFO             PET1 ESMF_COMM                   : openmpi
20221015 004723.684 INFO             PET1 ESMF_MOAB                   : enabled
20221015 004723.684 INFO             PET1 ESMF_LAPACK                 : enabled
20221015 004723.684 INFO             PET1 ESMF_NETCDF                 : enabled
20221015 004723.684 INFO             PET1 ESMF_PNETCDF                : disabled
20221015 004723.684 INFO             PET1 ESMF_PIO                    : enabled
20221015 004723.684 INFO             PET1 ESMF_YAMLCPP                : enabled
20221015 004723.684 INFO             PET1 esmApp STARTING
20221015 004723.690 INFO             PET1 esm: InitializeGeneric intro.
20221015 004723.691 INFO             PET1   esm: InitializeP0 intro.
20221015 004723.691 INFO             PET1   esm: InitializeP0 extro.
20221015 004723.691 INFO             PET1   esm: InitializeIPDv02p1 intro.
20221015 004723.691 INFO             PET1     >>>esm: entered Initialize (phase=<none>) without valid internal Clock.
20221015 004723.691 INFO             PET1     esm - Creating model component ATM with petList of size 2 :
20221015 004723.691 INFO             PET1           0      1
20221015 004723.696 INFO             PET1     esm - Creating model component OCN with petList of size 2 :
20221015 004723.696 INFO             PET1           2      3
20221015 004723.696 INFO             PET1     esm - Creating state: modelComp 1 Import State
20221015 004723.696 INFO             PET1     esm - Creating state: modelComp 1 Export State
20221015 004723.697 INFO             PET1     esm - Creating state: modelComp 2 Import State
20221015 004723.697 INFO             PET1     esm - Creating state: modelComp 2 Export State
20221015 004723.698 INFO             PET1     ATM: InitializeP0 intro.
20221015 004723.699 INFO             PET1     ATM: InitializeP0 extro.
20221015 004723.705 INFO             PET1     esm - Creating connector component OCN-TO-ATM with petList of size 4 :
20221015 004723.705 INFO             PET1           2      3      0      1
20221015 004723.713 INFO             PET1     esm - Setting Verbosity on created component to: high
20221015 004723.714 INFO             PET1     esm - Setting Profiling on created component to:          0
20221015 004723.714 INFO             PET1     esm - Creating connector component ATM-TO-OCN with petList of size 4 :
20221015 004723.714 INFO             PET1           0      1      2      3
20221015 004723.722 INFO             PET1     esm - Setting Verbosity on created component to: high
20221015 004723.722 INFO             PET1     esm - Setting Profiling on created component to:          0
20221015 004723.725 INFO             PET1     esm: IInitAdvertise intro.
20221015 004723.725 INFO             PET1     esm: IInitAdvertise extro.
20221015 004723.725 INFO             PET1     ATM: InitializeIPDvXp01 intro.
20221015 004723.729 INFO             PET1     ATM: InitializeIPDvXp01 extro.
20221015 004723.734 INFO             PET1     ATM-TO-OCN: InitializeIPDv05p1 intro.
20221015 004723.741 INFO             PET1       ATM-TO-OCN: importState FieldTransferPolicy = transferNone
20221015 004723.741 INFO             PET1       ATM-TO-OCN: exportState FieldTransferPolicy = transferNone
20221015 004723.741 INFO             PET1     ATM-TO-OCN: InitializeIPDv05p1 extro.
20221015 004723.741 INFO             PET1     OCN-TO-ATM: InitializeIPDv05p1 intro.
20221015 004723.745 INFO             PET1       OCN-TO-ATM: importState FieldTransferPolicy = transferNone
20221015 004723.745 INFO             PET1       OCN-TO-ATM: exportState FieldTransferPolicy = transferNone
20221015 004723.745 INFO             PET1     OCN-TO-ATM: InitializeIPDv05p1 extro.
20221015 004723.745 INFO             PET1     esm: IInitAdvertiseFinish intro.
20221015 004723.745 INFO             PET1     esm: IInitAdvertiseFinish extro.
20221015 004723.745 INFO             PET1     ATM-TO-OCN: InitializeIPDv05p2a intro.
20221015 004723.751 INFO             PET1       ATM-TO-OCN:      importStandardNameList(i=  1): air_pressure_at_sea_level
20221015 004723.752 INFO             PET1       ATM-TO-OCN:         importNamespaceList(i=  1): ATM
20221015 004723.752 INFO             PET1       ATM-TO-OCN:            importCplSetList(i=  1): __UNSPECIFIED__
20221015 004723.752 INFO             PET1       ATM-TO-OCN:      exportStandardNameList(j=  1): air_pressure_at_sea_level
20221015 004723.752 INFO             PET1       ATM-TO-OCN:         exportNamespaceList(j=  1): OCN
20221015 004723.752 INFO             PET1       ATM-TO-OCN:            exportCplSetList(j=  1): __UNSPECIFIED__
20221015 004723.752 INFO             PET1       ATM-TO-OCN: bondLevel= 1
20221015 004723.752 INFO             PET1       ATM-TO-OCN: ProducerConnection (bondLevelMax):         1
20221015 004723.752 INFO             PET1       ATM-TO-OCN:      importStandardNameList(i=  2): surface_net_downward_shortwave_flux
20221015 004723.752 INFO             PET1       ATM-TO-OCN:         importNamespaceList(i=  2): ATM
20221015 004723.752 INFO             PET1       ATM-TO-OCN:            importCplSetList(i=  2): __UNSPECIFIED__
20221015 004723.752 INFO             PET1       ATM-TO-OCN:      exportStandardNameList(j=  2): surface_net_downward_shortwave_flux
20221015 004723.752 INFO             PET1       ATM-TO-OCN:         exportNamespaceList(j=  2): OCN
20221015 004723.752 INFO             PET1       ATM-TO-OCN:            exportCplSetList(j=  2): __UNSPECIFIED__
20221015 004723.752 INFO             PET1       ATM-TO-OCN: bondLevel= 1
20221015 004723.752 INFO             PET1       ATM-TO-OCN: ProducerConnection (bondLevelMax):         1
20221015 004723.752 INFO             PET1     ATM-TO-OCN: InitializeIPDv05p2a extro.
20221015 004723.752 INFO             PET1     OCN-TO-ATM: InitializeIPDv05p2a intro.
20221015 004723.756 INFO             PET1       OCN-TO-ATM:      importStandardNameList(i=  1): sea_surface_temperature
20221015 004723.756 INFO             PET1       OCN-TO-ATM:         importNamespaceList(i=  1): OCN
20221015 004723.756 INFO             PET1       OCN-TO-ATM:            importCplSetList(i=  1): __UNSPECIFIED__
20221015 004723.756 INFO             PET1       OCN-TO-ATM:      exportStandardNameList(j=  1): sea_surface_temperature
20221015 004723.756 INFO             PET1       OCN-TO-ATM:         exportNamespaceList(j=  1): ATM
20221015 004723.756 INFO             PET1       OCN-TO-ATM:            exportCplSetList(j=  1): __UNSPECIFIED__
20221015 004723.756 INFO             PET1       OCN-TO-ATM: bondLevel= 1
20221015 004723.756 INFO             PET1       OCN-TO-ATM: ProducerConnection (bondLevelMax):         1
20221015 004723.756 INFO             PET1     OCN-TO-ATM: InitializeIPDv05p2a extro.
20221015 004723.756 INFO             PET1     ATM-TO-OCN: InitializeIPDv05p2b intro.
20221015 004723.762 INFO             PET1       ATM-TO-OCN:      importStandardNameList(i=  1): air_pressure_at_sea_level
20221015 004723.762 INFO             PET1       ATM-TO-OCN:         importNamespaceList(i=  1): ATM
20221015 004723.762 INFO             PET1       ATM-TO-OCN:            importCplSetList(i=  1): __UNSPECIFIED__
20221015 004723.762 INFO             PET1       ATM-TO-OCN:      exportStandardNameList(j=  1): air_pressure_at_sea_level
20221015 004723.762 INFO             PET1       ATM-TO-OCN:         exportNamespaceList(j=  1): OCN
20221015 004723.762 INFO             PET1       ATM-TO-OCN:            exportCplSetList(j=  1): __UNSPECIFIED__
20221015 004723.762 INFO             PET1       ATM-TO-OCN: bondLevel= 1
20221015 004723.762 INFO             PET1       ATM-TO-OCN: => added cplList(  1)=air_pressure_at_sea_level, cplSetList(  1)=__UNSPECIFIED__
20221015 004723.763 INFO             PET1       ATM-TO-OCN:      importStandardNameList(i=  2): surface_net_downward_shortwave_flux
20221015 004723.763 INFO             PET1       ATM-TO-OCN:         importNamespaceList(i=  2): ATM
20221015 004723.763 INFO             PET1       ATM-TO-OCN:            importCplSetList(i=  2): __UNSPECIFIED__
20221015 004723.763 INFO             PET1       ATM-TO-OCN:      exportStandardNameList(j=  2): surface_net_downward_shortwave_flux
20221015 004723.763 INFO             PET1       ATM-TO-OCN:         exportNamespaceList(j=  2): OCN
20221015 004723.763 INFO             PET1       ATM-TO-OCN:            exportCplSetList(j=  2): __UNSPECIFIED__
20221015 004723.763 INFO             PET1       ATM-TO-OCN: bondLevel= 1
20221015 004723.763 INFO             PET1       ATM-TO-OCN: => added cplList(  2)=surface_net_downward_shortwave_flux, cplSetList(  2)=__UNSPECIFIED__
20221015 004723.763 INFO             PET1     ATM-TO-OCN: InitializeIPDv05p2b extro.
20221015 004723.763 INFO             PET1     OCN-TO-ATM: InitializeIPDv05p2b intro.
20221015 004723.767 INFO             PET1       OCN-TO-ATM:      importStandardNameList(i=  1): sea_surface_temperature
20221015 004723.767 INFO             PET1       OCN-TO-ATM:         importNamespaceList(i=  1): OCN
20221015 004723.767 INFO             PET1       OCN-TO-ATM:            importCplSetList(i=  1): __UNSPECIFIED__
20221015 004723.767 INFO             PET1       OCN-TO-ATM:      exportStandardNameList(j=  1): sea_surface_temperature
20221015 004723.767 INFO             PET1       OCN-TO-ATM:         exportNamespaceList(j=  1): ATM
20221015 004723.767 INFO             PET1       OCN-TO-ATM:            exportCplSetList(j=  1): __UNSPECIFIED__
20221015 004723.767 INFO             PET1       OCN-TO-ATM: bondLevel= 1
20221015 004723.767 INFO             PET1       OCN-TO-ATM: => added cplList(  1)=sea_surface_temperature, cplSetList(  1)=__UNSPECIFIED__
20221015 004723.767 INFO             PET1     OCN-TO-ATM: InitializeIPDv05p2b extro.
20221015 004723.768 INFO             PET1     esm: IInitModifyCplLists intro.
20221015 004723.768 INFO             PET1     esm: IInitModifyCplLists extro.
20221015 004723.768 INFO             PET1     ATM-TO-OCN: InitializeIPDv05p3 intro.
20221015 004723.774 INFO             PET1       ATM-TO-OCN: handle cplList(1): air_pressure_at_sea_level, cplSetList(1): __UNSPECIFIED__
20221015 004723.774 INFO             PET1       ATM-TO-OCN: - connected.
20221015 004723.774 INFO             PET1       ATM-TO-OCN: - both sides must provide the Field/GeomObject.
20221015 004723.774 INFO             PET1       ATM-TO-OCN: handle cplList(2): surface_net_downward_shortwave_flux, cplSetList(2): __UNSPECIFIED__
20221015 004723.774 INFO             PET1       ATM-TO-OCN: - connected.
20221015 004723.774 INFO             PET1       ATM-TO-OCN: - both sides must provide the Field/GeomObject.
20221015 004723.774 INFO             PET1     ATM-TO-OCN: InitializeIPDv05p3 extro.
20221015 004723.775 INFO             PET1     OCN-TO-ATM: InitializeIPDv05p3 intro.
20221015 004723.779 INFO             PET1       OCN-TO-ATM: handle cplList(1): sea_surface_temperature, cplSetList(1): __UNSPECIFIED__
20221015 004723.779 INFO             PET1       OCN-TO-ATM: - connected.
20221015 004723.779 INFO             PET1       OCN-TO-ATM: - both sides must provide the Field/GeomObject.
20221015 004723.779 INFO             PET1     OCN-TO-ATM: InitializeIPDv05p3 extro.
20221015 004723.779 INFO             PET1     <<<esm: leaving Initialize (phase=<none>) with current time: 2010  6  1  0  0  0   0
20221015 004723.779 INFO             PET1   esm: InitializeIPDv02p1 extro.
20221015 004723.779 INFO             PET1   esm: InitializeIPDv02p3 intro.
20221015 004723.779 INFO             PET1     >>>esm: entered Initialize (phase=<none>) with current time: 2010  6  1  0  0  0   0
20221015 004723.780 INFO             PET1     esm: IInitCheck intro.
20221015 004723.780 INFO             PET1     esm: IInitCheck extro.
20221015 004723.780 INFO             PET1     ATM: InitializeIPDvXp04 intro.
20221015 004723.786 INFO             PET1     ATM: InitializeIPDvXp04 extro.
20221015 004723.793 INFO             PET1     ATM-TO-OCN: InitializeIPDv05p4 intro.
20221015 004723.803 INFO             PET1       ATM-TO-OCN: handle cplList(1): air_pressure_at_sea_level, cplSetList(1): __UNSPECIFIED__
20221015 004723.803 INFO             PET1       ATM-TO-OCN: - nothing shared or transferred
20221015 004723.803 INFO             PET1       ATM-TO-OCN: handle cplList(2): surface_net_downward_shortwave_flux, cplSetList(2): __UNSPECIFIED__
20221015 004723.803 INFO             PET1       ATM-TO-OCN: - nothing shared or transferred
20221015 004723.803 INFO             PET1     ATM-TO-OCN: InitializeIPDv05p4 extro.
20221015 004723.803 INFO             PET1     OCN-TO-ATM: InitializeIPDv05p4 intro.
20221015 004723.810 INFO             PET1       OCN-TO-ATM: handle cplList(1): sea_surface_temperature, cplSetList(1): __UNSPECIFIED__
20221015 004723.810 INFO             PET1       OCN-TO-ATM: - nothing shared or transferred
20221015 004723.810 INFO             PET1     OCN-TO-ATM: InitializeIPDv05p4 extro.
20221015 004723.810 INFO             PET1     ATM-TO-OCN: InitializeIPDv05p5 intro.
20221015 004723.820 INFO             PET1       ATM-TO-OCN: handle cplList(1): air_pressure_at_sea_level, cplSetList(1): __UNSPECIFIED__
20221015 004723.820 INFO             PET1       ATM-TO-OCN: - nothing shared or transferred, or may already be handled
20221015 004723.820 INFO             PET1       ATM-TO-OCN: handle cplList(2): surface_net_downward_shortwave_flux, cplSetList(2): __UNSPECIFIED__
20221015 004723.820 INFO             PET1       ATM-TO-OCN: - nothing shared or transferred, or may already be handled
20221015 004723.820 INFO             PET1     ATM-TO-OCN: InitializeIPDv05p5 extro.
20221015 004723.820 INFO             PET1     OCN-TO-ATM: InitializeIPDv05p5 intro.
20221015 004723.826 INFO             PET1       OCN-TO-ATM: handle cplList(1): sea_surface_temperature, cplSetList(1): __UNSPECIFIED__
20221015 004723.826 INFO             PET1       OCN-TO-ATM: - nothing shared or transferred, or may already be handled
20221015 004723.826 INFO             PET1     OCN-TO-ATM: InitializeIPDv05p5 extro.
20221015 004723.827 INFO             PET1     esm: IInitRealize intro.
20221015 004723.827 INFO             PET1     esm: IInitRealize extro.
20221015 004723.827 INFO             PET1     ATM-TO-OCN: InitializeIPDv05p6a intro.
20221015 004723.604 INFO             PET2 !!!!!!!!!!!!!!!!!!!!!!!!!!!!!!!!!!!!!!!!!!!!!!!!!!!!!!
20221015 004723.604 INFO             PET2 !!! THE ESMF_LOG IS SET TO OUTPUT ALL LOG MESSAGES !!!
20221015 004723.604 INFO             PET2 !!!     THIS MAY CAUSE SLOWDOWN IN PERFORMANCE     !!!
20221015 004723.604 INFO             PET2 !!! FOR PRODUCTION RUNS, USE:                      !!!
20221015 004723.604 INFO             PET2 !!!                   ESMF_LOGKIND_Multi_On_Error  !!!
20221015 004723.604 INFO             PET2 !!!!!!!!!!!!!!!!!!!!!!!!!!!!!!!!!!!!!!!!!!!!!!!!!!!!!!
20221015 004723.604 INFO             PET2 Running with ESMF Version   : v8.4.0b19
20221015 004723.604 INFO             PET2 ESMF library build date/time: "Oct 14 2022" "22:23:40"
20221015 004723.605 INFO             PET2 ESMF library build location : /work/noaa/da/mpotts/sandbox/pgi_2019_openmpi_g_develop/esmf
20221015 004723.605 INFO             PET2 ESMF_COMM                   : openmpi
20221015 004723.605 INFO             PET2 ESMF_MOAB                   : enabled
20221015 004723.605 INFO             PET2 ESMF_LAPACK                 : enabled
20221015 004723.605 INFO             PET2 ESMF_NETCDF                 : enabled
20221015 004723.605 INFO             PET2 ESMF_PNETCDF                : disabled
20221015 004723.605 INFO             PET2 ESMF_PIO                    : enabled
20221015 004723.605 INFO             PET2 ESMF_YAMLCPP                : enabled
20221015 004723.684 INFO             PET2 esmApp STARTING
20221015 004723.690 INFO             PET2 esm: InitializeGeneric intro.
20221015 004723.690 INFO             PET2   esm: InitializeP0 intro.
20221015 004723.690 INFO             PET2   esm: InitializeP0 extro.
20221015 004723.690 INFO             PET2   esm: InitializeIPDv02p1 intro.
20221015 004723.690 INFO             PET2     >>>esm: entered Initialize (phase=<none>) without valid internal Clock.
20221015 004723.691 INFO             PET2     esm - Creating model component ATM with petList of size 2 :
20221015 004723.691 INFO             PET2           0      1
20221015 004723.696 INFO             PET2     esm - Creating model component OCN with petList of size 2 :
20221015 004723.696 INFO             PET2           2      3
20221015 004723.700 INFO             PET2     esm - Creating state: modelComp 1 Import State
20221015 004723.700 INFO             PET2     esm - Creating state: modelComp 1 Export State
20221015 004723.700 INFO             PET2     esm - Creating state: modelComp 2 Import State
20221015 004723.700 INFO             PET2     esm - Creating state: modelComp 2 Export State
20221015 004723.703 INFO             PET2     OCN: InitializeP0 intro.
20221015 004723.704 INFO             PET2     OCN: InitializeP0 extro.
20221015 004723.705 INFO             PET2     esm - Creating connector component OCN-TO-ATM with petList of size 4 :
20221015 004723.705 INFO             PET2           2      3      0      1
20221015 004723.712 INFO             PET2     esm - Setting Verbosity on created component to: high
20221015 004723.712 INFO             PET2     esm - Setting Profiling on created component to:          0
20221015 004723.712 INFO             PET2     esm - Creating connector component ATM-TO-OCN with petList of size 4 :
20221015 004723.712 INFO             PET2           0      1      2      3
20221015 004723.721 INFO             PET2     esm - Setting Verbosity on created component to: high
20221015 004723.721 INFO             PET2     esm - Setting Profiling on created component to:          0
20221015 004723.725 INFO             PET2     esm: IInitAdvertise intro.
20221015 004723.725 INFO             PET2     esm: IInitAdvertise extro.
20221015 004723.729 INFO             PET2     OCN: InitializeIPDvXp01 intro.
20221015 004723.732 INFO             PET2     OCN: InitializeIPDvXp01 extro.
20221015 004723.734 INFO             PET2     ATM-TO-OCN: InitializeIPDv05p1 intro.
20221015 004723.740 INFO             PET2       ATM-TO-OCN: importState FieldTransferPolicy = transferNone
20221015 004723.740 INFO             PET2       ATM-TO-OCN: exportState FieldTransferPolicy = transferNone
20221015 004723.740 INFO             PET2     ATM-TO-OCN: InitializeIPDv05p1 extro.
20221015 004723.741 INFO             PET2     OCN-TO-ATM: InitializeIPDv05p1 intro.
20221015 004723.745 INFO             PET2       OCN-TO-ATM: importState FieldTransferPolicy = transferNone
20221015 004723.745 INFO             PET2       OCN-TO-ATM: exportState FieldTransferPolicy = transferNone
20221015 004723.745 INFO             PET2     OCN-TO-ATM: InitializeIPDv05p1 extro.
20221015 004723.745 INFO             PET2     esm: IInitAdvertiseFinish intro.
20221015 004723.745 INFO             PET2     esm: IInitAdvertiseFinish extro.
20221015 004723.745 INFO             PET2     ATM-TO-OCN: InitializeIPDv05p2a intro.
20221015 004723.751 INFO             PET2       ATM-TO-OCN:      importStandardNameList(i=  1): air_pressure_at_sea_level
20221015 004723.751 INFO             PET2       ATM-TO-OCN:         importNamespaceList(i=  1): ATM
20221015 004723.751 INFO             PET2       ATM-TO-OCN:            importCplSetList(i=  1): __UNSPECIFIED__
20221015 004723.751 INFO             PET2       ATM-TO-OCN:      exportStandardNameList(j=  1): air_pressure_at_sea_level
20221015 004723.751 INFO             PET2       ATM-TO-OCN:         exportNamespaceList(j=  1): OCN
20221015 004723.751 INFO             PET2       ATM-TO-OCN:            exportCplSetList(j=  1): __UNSPECIFIED__
20221015 004723.751 INFO             PET2       ATM-TO-OCN: bondLevel= 1
20221015 004723.751 INFO             PET2       ATM-TO-OCN: ProducerConnection (bondLevelMax):         1
20221015 004723.752 INFO             PET2       ATM-TO-OCN:      importStandardNameList(i=  2): surface_net_downward_shortwave_flux
20221015 004723.752 INFO             PET2       ATM-TO-OCN:         importNamespaceList(i=  2): ATM
20221015 004723.752 INFO             PET2       ATM-TO-OCN:            importCplSetList(i=  2): __UNSPECIFIED__
20221015 004723.752 INFO             PET2       ATM-TO-OCN:      exportStandardNameList(j=  2): surface_net_downward_shortwave_flux
20221015 004723.752 INFO             PET2       ATM-TO-OCN:         exportNamespaceList(j=  2): OCN
20221015 004723.752 INFO             PET2       ATM-TO-OCN:            exportCplSetList(j=  2): __UNSPECIFIED__
20221015 004723.752 INFO             PET2       ATM-TO-OCN: bondLevel= 1
20221015 004723.752 INFO             PET2       ATM-TO-OCN: ProducerConnection (bondLevelMax):         1
20221015 004723.752 INFO             PET2     ATM-TO-OCN: InitializeIPDv05p2a extro.
20221015 004723.752 INFO             PET2     OCN-TO-ATM: InitializeIPDv05p2a intro.
20221015 004723.756 INFO             PET2       OCN-TO-ATM:      importStandardNameList(i=  1): sea_surface_temperature
20221015 004723.756 INFO             PET2       OCN-TO-ATM:         importNamespaceList(i=  1): OCN
20221015 004723.756 INFO             PET2       OCN-TO-ATM:            importCplSetList(i=  1): __UNSPECIFIED__
20221015 004723.756 INFO             PET2       OCN-TO-ATM:      exportStandardNameList(j=  1): sea_surface_temperature
20221015 004723.756 INFO             PET2       OCN-TO-ATM:         exportNamespaceList(j=  1): ATM
20221015 004723.756 INFO             PET2       OCN-TO-ATM:            exportCplSetList(j=  1): __UNSPECIFIED__
20221015 004723.756 INFO             PET2       OCN-TO-ATM: bondLevel= 1
20221015 004723.756 INFO             PET2       OCN-TO-ATM: ProducerConnection (bondLevelMax):         1
20221015 004723.756 INFO             PET2     OCN-TO-ATM: InitializeIPDv05p2a extro.
20221015 004723.756 INFO             PET2     ATM-TO-OCN: InitializeIPDv05p2b intro.
20221015 004723.762 INFO             PET2       ATM-TO-OCN:      importStandardNameList(i=  1): air_pressure_at_sea_level
20221015 004723.762 INFO             PET2       ATM-TO-OCN:         importNamespaceList(i=  1): ATM
20221015 004723.762 INFO             PET2       ATM-TO-OCN:            importCplSetList(i=  1): __UNSPECIFIED__
20221015 004723.762 INFO             PET2       ATM-TO-OCN:      exportStandardNameList(j=  1): air_pressure_at_sea_level
20221015 004723.762 INFO             PET2       ATM-TO-OCN:         exportNamespaceList(j=  1): OCN
20221015 004723.762 INFO             PET2       ATM-TO-OCN:            exportCplSetList(j=  1): __UNSPECIFIED__
20221015 004723.762 INFO             PET2       ATM-TO-OCN: bondLevel= 1
20221015 004723.762 INFO             PET2       ATM-TO-OCN: => added cplList(  1)=air_pressure_at_sea_level, cplSetList(  1)=__UNSPECIFIED__
20221015 004723.762 INFO             PET2       ATM-TO-OCN:      importStandardNameList(i=  2): surface_net_downward_shortwave_flux
20221015 004723.762 INFO             PET2       ATM-TO-OCN:         importNamespaceList(i=  2): ATM
20221015 004723.762 INFO             PET2       ATM-TO-OCN:            importCplSetList(i=  2): __UNSPECIFIED__
20221015 004723.762 INFO             PET2       ATM-TO-OCN:      exportStandardNameList(j=  2): surface_net_downward_shortwave_flux
20221015 004723.762 INFO             PET2       ATM-TO-OCN:         exportNamespaceList(j=  2): OCN
20221015 004723.762 INFO             PET2       ATM-TO-OCN:            exportCplSetList(j=  2): __UNSPECIFIED__
20221015 004723.762 INFO             PET2       ATM-TO-OCN: bondLevel= 1
20221015 004723.763 INFO             PET2       ATM-TO-OCN: => added cplList(  2)=surface_net_downward_shortwave_flux, cplSetList(  2)=__UNSPECIFIED__
20221015 004723.763 INFO             PET2     ATM-TO-OCN: InitializeIPDv05p2b extro.
20221015 004723.763 INFO             PET2     OCN-TO-ATM: InitializeIPDv05p2b intro.
20221015 004723.767 INFO             PET2       OCN-TO-ATM:      importStandardNameList(i=  1): sea_surface_temperature
20221015 004723.767 INFO             PET2       OCN-TO-ATM:         importNamespaceList(i=  1): OCN
20221015 004723.767 INFO             PET2       OCN-TO-ATM:            importCplSetList(i=  1): __UNSPECIFIED__
20221015 004723.767 INFO             PET2       OCN-TO-ATM:      exportStandardNameList(j=  1): sea_surface_temperature
20221015 004723.767 INFO             PET2       OCN-TO-ATM:         exportNamespaceList(j=  1): ATM
20221015 004723.767 INFO             PET2       OCN-TO-ATM:            exportCplSetList(j=  1): __UNSPECIFIED__
20221015 004723.767 INFO             PET2       OCN-TO-ATM: bondLevel= 1
20221015 004723.767 INFO             PET2       OCN-TO-ATM: => added cplList(  1)=sea_surface_temperature, cplSetList(  1)=__UNSPECIFIED__
20221015 004723.767 INFO             PET2     OCN-TO-ATM: InitializeIPDv05p2b extro.
20221015 004723.767 INFO             PET2     esm: IInitModifyCplLists intro.
20221015 004723.768 INFO             PET2     esm: IInitModifyCplLists extro.
20221015 004723.768 INFO             PET2     ATM-TO-OCN: InitializeIPDv05p3 intro.
20221015 004723.774 INFO             PET2       ATM-TO-OCN: handle cplList(1): air_pressure_at_sea_level, cplSetList(1): __UNSPECIFIED__
20221015 004723.774 INFO             PET2       ATM-TO-OCN: - connected.
20221015 004723.774 INFO             PET2       ATM-TO-OCN: - both sides must provide the Field/GeomObject.
20221015 004723.774 INFO             PET2       ATM-TO-OCN: handle cplList(2): surface_net_downward_shortwave_flux, cplSetList(2): __UNSPECIFIED__
20221015 004723.774 INFO             PET2       ATM-TO-OCN: - connected.
20221015 004723.774 INFO             PET2       ATM-TO-OCN: - both sides must provide the Field/GeomObject.
20221015 004723.774 INFO             PET2     ATM-TO-OCN: InitializeIPDv05p3 extro.
20221015 004723.774 INFO             PET2     OCN-TO-ATM: InitializeIPDv05p3 intro.
20221015 004723.779 INFO             PET2       OCN-TO-ATM: handle cplList(1): sea_surface_temperature, cplSetList(1): __UNSPECIFIED__
20221015 004723.779 INFO             PET2       OCN-TO-ATM: - connected.
20221015 004723.779 INFO             PET2       OCN-TO-ATM: - both sides must provide the Field/GeomObject.
20221015 004723.779 INFO             PET2     OCN-TO-ATM: InitializeIPDv05p3 extro.
20221015 004723.779 INFO             PET2     <<<esm: leaving Initialize (phase=<none>) with current time: 2010  6  1  0  0  0   0
20221015 004723.779 INFO             PET2   esm: InitializeIPDv02p1 extro.
20221015 004723.779 INFO             PET2   esm: InitializeIPDv02p3 intro.
20221015 004723.779 INFO             PET2     >>>esm: entered Initialize (phase=<none>) with current time: 2010  6  1  0  0  0   0
20221015 004723.779 INFO             PET2     esm: IInitCheck intro.
20221015 004723.779 INFO             PET2     esm: IInitCheck extro.
20221015 004723.786 INFO             PET2     OCN: InitializeIPDvXp04 intro.
20221015 004723.792 INFO             PET2     OCN: InitializeIPDvXp04 extro.
20221015 004723.793 INFO             PET2     ATM-TO-OCN: InitializeIPDv05p4 intro.
20221015 004723.803 INFO             PET2       ATM-TO-OCN: handle cplList(1): air_pressure_at_sea_level, cplSetList(1): __UNSPECIFIED__
20221015 004723.803 INFO             PET2       ATM-TO-OCN: - nothing shared or transferred
20221015 004723.803 INFO             PET2       ATM-TO-OCN: handle cplList(2): surface_net_downward_shortwave_flux, cplSetList(2): __UNSPECIFIED__
20221015 004723.803 INFO             PET2       ATM-TO-OCN: - nothing shared or transferred
20221015 004723.803 INFO             PET2     ATM-TO-OCN: InitializeIPDv05p4 extro.
20221015 004723.803 INFO             PET2     OCN-TO-ATM: InitializeIPDv05p4 intro.
20221015 004723.810 INFO             PET2       OCN-TO-ATM: handle cplList(1): sea_surface_temperature, cplSetList(1): __UNSPECIFIED__
20221015 004723.810 INFO             PET2       OCN-TO-ATM: - nothing shared or transferred
20221015 004723.810 INFO             PET2     OCN-TO-ATM: InitializeIPDv05p4 extro.
20221015 004723.810 INFO             PET2     ATM-TO-OCN: InitializeIPDv05p5 intro.
20221015 004723.820 INFO             PET2       ATM-TO-OCN: handle cplList(1): air_pressure_at_sea_level, cplSetList(1): __UNSPECIFIED__
20221015 004723.820 INFO             PET2       ATM-TO-OCN: - nothing shared or transferred, or may already be handled
20221015 004723.820 INFO             PET2       ATM-TO-OCN: handle cplList(2): surface_net_downward_shortwave_flux, cplSetList(2): __UNSPECIFIED__
20221015 004723.820 INFO             PET2       ATM-TO-OCN: - nothing shared or transferred, or may already be handled
20221015 004723.820 INFO             PET2     ATM-TO-OCN: InitializeIPDv05p5 extro.
20221015 004723.820 INFO             PET2     OCN-TO-ATM: InitializeIPDv05p5 intro.
20221015 004723.826 INFO             PET2       OCN-TO-ATM: handle cplList(1): sea_surface_temperature, cplSetList(1): __UNSPECIFIED__
20221015 004723.826 INFO             PET2       OCN-TO-ATM: - nothing shared or transferred, or may already be handled
20221015 004723.826 INFO             PET2     OCN-TO-ATM: InitializeIPDv05p5 extro.
20221015 004723.826 INFO             PET2     esm: IInitRealize intro.
20221015 004723.826 INFO             PET2     esm: IInitRealize extro.
20221015 004723.827 INFO             PET2     ATM-TO-OCN: InitializeIPDv05p6a intro.
20221015 004723.604 INFO             PET3 !!!!!!!!!!!!!!!!!!!!!!!!!!!!!!!!!!!!!!!!!!!!!!!!!!!!!!
20221015 004723.605 INFO             PET3 !!! THE ESMF_LOG IS SET TO OUTPUT ALL LOG MESSAGES !!!
20221015 004723.605 INFO             PET3 !!!     THIS MAY CAUSE SLOWDOWN IN PERFORMANCE     !!!
20221015 004723.605 INFO             PET3 !!! FOR PRODUCTION RUNS, USE:                      !!!
20221015 004723.605 INFO             PET3 !!!                   ESMF_LOGKIND_Multi_On_Error  !!!
20221015 004723.605 INFO             PET3 !!!!!!!!!!!!!!!!!!!!!!!!!!!!!!!!!!!!!!!!!!!!!!!!!!!!!!
20221015 004723.605 INFO             PET3 Running with ESMF Version   : v8.4.0b19
20221015 004723.605 INFO             PET3 ESMF library build date/time: "Oct 14 2022" "22:23:40"
20221015 004723.605 INFO             PET3 ESMF library build location : /work/noaa/da/mpotts/sandbox/pgi_2019_openmpi_g_develop/esmf
20221015 004723.605 INFO             PET3 ESMF_COMM                   : openmpi
20221015 004723.606 INFO             PET3 ESMF_MOAB                   : enabled
20221015 004723.606 INFO             PET3 ESMF_LAPACK                 : enabled
20221015 004723.606 INFO             PET3 ESMF_NETCDF                 : enabled
20221015 004723.606 INFO             PET3 ESMF_PNETCDF                : disabled
20221015 004723.606 INFO             PET3 ESMF_PIO                    : enabled
20221015 004723.606 INFO             PET3 ESMF_YAMLCPP                : enabled
20221015 004723.684 INFO             PET3 esmApp STARTING
20221015 004723.690 INFO             PET3 esm: InitializeGeneric intro.
20221015 004723.690 INFO             PET3   esm: InitializeP0 intro.
20221015 004723.690 INFO             PET3   esm: InitializeP0 extro.
20221015 004723.690 INFO             PET3   esm: InitializeIPDv02p1 intro.
20221015 004723.690 INFO             PET3     >>>esm: entered Initialize (phase=<none>) without valid internal Clock.
20221015 004723.691 INFO             PET3     esm - Creating model component ATM with petList of size 2 :
20221015 004723.691 INFO             PET3           0      1
20221015 004723.696 INFO             PET3     esm - Creating model component OCN with petList of size 2 :
20221015 004723.696 INFO             PET3           2      3
20221015 004723.700 INFO             PET3     esm - Creating state: modelComp 1 Import State
20221015 004723.700 INFO             PET3     esm - Creating state: modelComp 1 Export State
20221015 004723.700 INFO             PET3     esm - Creating state: modelComp 2 Import State
20221015 004723.700 INFO             PET3     esm - Creating state: modelComp 2 Export State
20221015 004723.702 INFO             PET3     OCN: InitializeP0 intro.
20221015 004723.703 INFO             PET3     OCN: InitializeP0 extro.
20221015 004723.705 INFO             PET3     esm - Creating connector component OCN-TO-ATM with petList of size 4 :
20221015 004723.705 INFO             PET3           2      3      0      1
20221015 004723.713 INFO             PET3     esm - Setting Verbosity on created component to: high
20221015 004723.713 INFO             PET3     esm - Setting Profiling on created component to:          0
20221015 004723.714 INFO             PET3     esm - Creating connector component ATM-TO-OCN with petList of size 4 :
20221015 004723.714 INFO             PET3           0      1      2      3
20221015 004723.722 INFO             PET3     esm - Setting Verbosity on created component to: high
20221015 004723.722 INFO             PET3     esm - Setting Profiling on created component to:          0
20221015 004723.725 INFO             PET3     esm: IInitAdvertise intro.
20221015 004723.725 INFO             PET3     esm: IInitAdvertise extro.
20221015 004723.730 INFO             PET3     OCN: InitializeIPDvXp01 intro.
20221015 004723.733 INFO             PET3     OCN: InitializeIPDvXp01 extro.
20221015 004723.734 INFO             PET3     ATM-TO-OCN: InitializeIPDv05p1 intro.
20221015 004723.740 INFO             PET3       ATM-TO-OCN: importState FieldTransferPolicy = transferNone
20221015 004723.740 INFO             PET3       ATM-TO-OCN: exportState FieldTransferPolicy = transferNone
20221015 004723.740 INFO             PET3     ATM-TO-OCN: InitializeIPDv05p1 extro.
20221015 004723.741 INFO             PET3     OCN-TO-ATM: InitializeIPDv05p1 intro.
20221015 004723.745 INFO             PET3       OCN-TO-ATM: importState FieldTransferPolicy = transferNone
20221015 004723.745 INFO             PET3       OCN-TO-ATM: exportState FieldTransferPolicy = transferNone
20221015 004723.745 INFO             PET3     OCN-TO-ATM: InitializeIPDv05p1 extro.
20221015 004723.745 INFO             PET3     esm: IInitAdvertiseFinish intro.
20221015 004723.745 INFO             PET3     esm: IInitAdvertiseFinish extro.
20221015 004723.745 INFO             PET3     ATM-TO-OCN: InitializeIPDv05p2a intro.
20221015 004723.751 INFO             PET3       ATM-TO-OCN:      importStandardNameList(i=  1): air_pressure_at_sea_level
20221015 004723.751 INFO             PET3       ATM-TO-OCN:         importNamespaceList(i=  1): ATM
20221015 004723.751 INFO             PET3       ATM-TO-OCN:            importCplSetList(i=  1): __UNSPECIFIED__
20221015 004723.751 INFO             PET3       ATM-TO-OCN:      exportStandardNameList(j=  1): air_pressure_at_sea_level
20221015 004723.751 INFO             PET3       ATM-TO-OCN:         exportNamespaceList(j=  1): OCN
20221015 004723.751 INFO             PET3       ATM-TO-OCN:            exportCplSetList(j=  1): __UNSPECIFIED__
20221015 004723.751 INFO             PET3       ATM-TO-OCN: bondLevel= 1
20221015 004723.751 INFO             PET3       ATM-TO-OCN: ProducerConnection (bondLevelMax):         1
20221015 004723.751 INFO             PET3       ATM-TO-OCN:      importStandardNameList(i=  2): surface_net_downward_shortwave_flux
20221015 004723.751 INFO             PET3       ATM-TO-OCN:         importNamespaceList(i=  2): ATM
20221015 004723.751 INFO             PET3       ATM-TO-OCN:            importCplSetList(i=  2): __UNSPECIFIED__
20221015 004723.752 INFO             PET3       ATM-TO-OCN:      exportStandardNameList(j=  2): surface_net_downward_shortwave_flux
20221015 004723.752 INFO             PET3       ATM-TO-OCN:         exportNamespaceList(j=  2): OCN
20221015 004723.752 INFO             PET3       ATM-TO-OCN:            exportCplSetList(j=  2): __UNSPECIFIED__
20221015 004723.752 INFO             PET3       ATM-TO-OCN: bondLevel= 1
20221015 004723.752 INFO             PET3       ATM-TO-OCN: ProducerConnection (bondLevelMax):         1
20221015 004723.752 INFO             PET3     ATM-TO-OCN: InitializeIPDv05p2a extro.
20221015 004723.752 INFO             PET3     OCN-TO-ATM: InitializeIPDv05p2a intro.
20221015 004723.756 INFO             PET3       OCN-TO-ATM:      importStandardNameList(i=  1): sea_surface_temperature
20221015 004723.756 INFO             PET3       OCN-TO-ATM:         importNamespaceList(i=  1): OCN
20221015 004723.756 INFO             PET3       OCN-TO-ATM:            importCplSetList(i=  1): __UNSPECIFIED__
20221015 004723.756 INFO             PET3       OCN-TO-ATM:      exportStandardNameList(j=  1): sea_surface_temperature
20221015 004723.756 INFO             PET3       OCN-TO-ATM:         exportNamespaceList(j=  1): ATM
20221015 004723.756 INFO             PET3       OCN-TO-ATM:            exportCplSetList(j=  1): __UNSPECIFIED__
20221015 004723.756 INFO             PET3       OCN-TO-ATM: bondLevel= 1
20221015 004723.756 INFO             PET3       OCN-TO-ATM: ProducerConnection (bondLevelMax):         1
20221015 004723.756 INFO             PET3     OCN-TO-ATM: InitializeIPDv05p2a extro.
20221015 004723.756 INFO             PET3     ATM-TO-OCN: InitializeIPDv05p2b intro.
20221015 004723.762 INFO             PET3       ATM-TO-OCN:      importStandardNameList(i=  1): air_pressure_at_sea_level
20221015 004723.762 INFO             PET3       ATM-TO-OCN:         importNamespaceList(i=  1): ATM
20221015 004723.762 INFO             PET3       ATM-TO-OCN:            importCplSetList(i=  1): __UNSPECIFIED__
20221015 004723.762 INFO             PET3       ATM-TO-OCN:      exportStandardNameList(j=  1): air_pressure_at_sea_level
20221015 004723.762 INFO             PET3       ATM-TO-OCN:         exportNamespaceList(j=  1): OCN
20221015 004723.762 INFO             PET3       ATM-TO-OCN:            exportCplSetList(j=  1): __UNSPECIFIED__
20221015 004723.762 INFO             PET3       ATM-TO-OCN: bondLevel= 1
20221015 004723.762 INFO             PET3       ATM-TO-OCN: => added cplList(  1)=air_pressure_at_sea_level, cplSetList(  1)=__UNSPECIFIED__
20221015 004723.762 INFO             PET3       ATM-TO-OCN:      importStandardNameList(i=  2): surface_net_downward_shortwave_flux
20221015 004723.762 INFO             PET3       ATM-TO-OCN:         importNamespaceList(i=  2): ATM
20221015 004723.762 INFO             PET3       ATM-TO-OCN:            importCplSetList(i=  2): __UNSPECIFIED__
20221015 004723.762 INFO             PET3       ATM-TO-OCN:      exportStandardNameList(j=  2): surface_net_downward_shortwave_flux
20221015 004723.762 INFO             PET3       ATM-TO-OCN:         exportNamespaceList(j=  2): OCN
20221015 004723.762 INFO             PET3       ATM-TO-OCN:            exportCplSetList(j=  2): __UNSPECIFIED__
20221015 004723.762 INFO             PET3       ATM-TO-OCN: bondLevel= 1
20221015 004723.762 INFO             PET3       ATM-TO-OCN: => added cplList(  2)=surface_net_downward_shortwave_flux, cplSetList(  2)=__UNSPECIFIED__
20221015 004723.763 INFO             PET3     ATM-TO-OCN: InitializeIPDv05p2b extro.
20221015 004723.763 INFO             PET3     OCN-TO-ATM: InitializeIPDv05p2b intro.
20221015 004723.767 INFO             PET3       OCN-TO-ATM:      importStandardNameList(i=  1): sea_surface_temperature
20221015 004723.767 INFO             PET3       OCN-TO-ATM:         importNamespaceList(i=  1): OCN
20221015 004723.767 INFO             PET3       OCN-TO-ATM:            importCplSetList(i=  1): __UNSPECIFIED__
20221015 004723.767 INFO             PET3       OCN-TO-ATM:      exportStandardNameList(j=  1): sea_surface_temperature
20221015 004723.767 INFO             PET3       OCN-TO-ATM:         exportNamespaceList(j=  1): ATM
20221015 004723.767 INFO             PET3       OCN-TO-ATM:            exportCplSetList(j=  1): __UNSPECIFIED__
20221015 004723.767 INFO             PET3       OCN-TO-ATM: bondLevel= 1
20221015 004723.767 INFO             PET3       OCN-TO-ATM: => added cplList(  1)=sea_surface_temperature, cplSetList(  1)=__UNSPECIFIED__
20221015 004723.767 INFO             PET3     OCN-TO-ATM: InitializeIPDv05p2b extro.
20221015 004723.767 INFO             PET3     esm: IInitModifyCplLists intro.
20221015 004723.767 INFO             PET3     esm: IInitModifyCplLists extro.
20221015 004723.768 INFO             PET3     ATM-TO-OCN: InitializeIPDv05p3 intro.
20221015 004723.774 INFO             PET3       ATM-TO-OCN: handle cplList(1): air_pressure_at_sea_level, cplSetList(1): __UNSPECIFIED__
20221015 004723.774 INFO             PET3       ATM-TO-OCN: - connected.
20221015 004723.774 INFO             PET3       ATM-TO-OCN: - both sides must provide the Field/GeomObject.
20221015 004723.774 INFO             PET3       ATM-TO-OCN: handle cplList(2): surface_net_downward_shortwave_flux, cplSetList(2): __UNSPECIFIED__
20221015 004723.774 INFO             PET3       ATM-TO-OCN: - connected.
20221015 004723.774 INFO             PET3       ATM-TO-OCN: - both sides must provide the Field/GeomObject.
20221015 004723.774 INFO             PET3     ATM-TO-OCN: InitializeIPDv05p3 extro.
20221015 004723.774 INFO             PET3     OCN-TO-ATM: InitializeIPDv05p3 intro.
20221015 004723.779 INFO             PET3       OCN-TO-ATM: handle cplList(1): sea_surface_temperature, cplSetList(1): __UNSPECIFIED__
20221015 004723.779 INFO             PET3       OCN-TO-ATM: - connected.
20221015 004723.779 INFO             PET3       OCN-TO-ATM: - both sides must provide the Field/GeomObject.
20221015 004723.779 INFO             PET3     OCN-TO-ATM: InitializeIPDv05p3 extro.
20221015 004723.779 INFO             PET3     <<<esm: leaving Initialize (phase=<none>) with current time: 2010  6  1  0  0  0   0
20221015 004723.779 INFO             PET3   esm: InitializeIPDv02p1 extro.
20221015 004723.779 INFO             PET3   esm: InitializeIPDv02p3 intro.
20221015 004723.779 INFO             PET3     >>>esm: entered Initialize (phase=<none>) with current time: 2010  6  1  0  0  0   0
20221015 004723.779 INFO             PET3     esm: IInitCheck intro.
20221015 004723.779 INFO             PET3     esm: IInitCheck extro.
20221015 004723.787 INFO             PET3     OCN: InitializeIPDvXp04 intro.
20221015 004723.792 INFO             PET3     OCN: InitializeIPDvXp04 extro.
20221015 004723.793 INFO             PET3     ATM-TO-OCN: InitializeIPDv05p4 intro.
20221015 004723.803 INFO             PET3       ATM-TO-OCN: handle cplList(1): air_pressure_at_sea_level, cplSetList(1): __UNSPECIFIED__
20221015 004723.803 INFO             PET3       ATM-TO-OCN: - nothing shared or transferred
20221015 004723.803 INFO             PET3       ATM-TO-OCN: handle cplList(2): surface_net_downward_shortwave_flux, cplSetList(2): __UNSPECIFIED__
20221015 004723.803 INFO             PET3       ATM-TO-OCN: - nothing shared or transferred
20221015 004723.803 INFO             PET3     ATM-TO-OCN: InitializeIPDv05p4 extro.
20221015 004723.803 INFO             PET3     OCN-TO-ATM: InitializeIPDv05p4 intro.
20221015 004723.810 INFO             PET3       OCN-TO-ATM: handle cplList(1): sea_surface_temperature, cplSetList(1): __UNSPECIFIED__
20221015 004723.810 INFO             PET3       OCN-TO-ATM: - nothing shared or transferred
20221015 004723.810 INFO             PET3     OCN-TO-ATM: InitializeIPDv05p4 extro.
20221015 004723.810 INFO             PET3     ATM-TO-OCN: InitializeIPDv05p5 intro.
20221015 004723.820 INFO             PET3       ATM-TO-OCN: handle cplList(1): air_pressure_at_sea_level, cplSetList(1): __UNSPECIFIED__
20221015 004723.820 INFO             PET3       ATM-TO-OCN: - nothing shared or transferred, or may already be handled
20221015 004723.820 INFO             PET3       ATM-TO-OCN: handle cplList(2): surface_net_downward_shortwave_flux, cplSetList(2): __UNSPECIFIED__
20221015 004723.820 INFO             PET3       ATM-TO-OCN: - nothing shared or transferred, or may already be handled
20221015 004723.820 INFO             PET3     ATM-TO-OCN: InitializeIPDv05p5 extro.
20221015 004723.820 INFO             PET3     OCN-TO-ATM: InitializeIPDv05p5 intro.
20221015 004723.826 INFO             PET3       OCN-TO-ATM: handle cplList(1): sea_surface_temperature, cplSetList(1): __UNSPECIFIED__
20221015 004723.826 INFO             PET3       OCN-TO-ATM: - nothing shared or transferred, or may already be handled
20221015 004723.826 INFO             PET3     OCN-TO-ATM: InitializeIPDv05p5 extro.
20221015 004723.826 INFO             PET3     esm: IInitRealize intro.
20221015 004723.826 INFO             PET3     esm: IInitRealize extro.
20221015 004723.827 INFO             PET3     ATM-TO-OCN: InitializeIPDv05p6a intro.
