2022-10-23 03:08:27
20221023 052316.717 INFO             PET0 !!!!!!!!!!!!!!!!!!!!!!!!!!!!!!!!!!!!!!!!!!!!!!!!!!!!!!
20221023 052316.719 INFO             PET0 !!! THE ESMF_LOG IS SET TO OUTPUT ALL LOG MESSAGES !!!
20221023 052316.719 INFO             PET0 !!!     THIS MAY CAUSE SLOWDOWN IN PERFORMANCE     !!!
20221023 052316.719 INFO             PET0 !!! FOR PRODUCTION RUNS, USE:                      !!!
20221023 052316.719 INFO             PET0 !!!                   ESMF_LOGKIND_Multi_On_Error  !!!
20221023 052316.719 INFO             PET0 !!!!!!!!!!!!!!!!!!!!!!!!!!!!!!!!!!!!!!!!!!!!!!!!!!!!!!
20221023 052316.719 INFO             PET0 Running with ESMF Version   : v8.5.0b01-6-gf7aaf2b
20221023 052316.719 INFO             PET0 ESMF library build date/time: "Oct 23 2022" "03:04:33"
20221023 052316.719 INFO             PET0 ESMF library build location : /work/noaa/da/mpotts/sandbox/pgi_2019_openmpi_g_develop/esmf
20221023 052316.719 INFO             PET0 ESMF_COMM                   : openmpi
20221023 052316.719 INFO             PET0 ESMF_MOAB                   : enabled
20221023 052316.719 INFO             PET0 ESMF_LAPACK                 : enabled
20221023 052316.719 INFO             PET0 ESMF_NETCDF                 : enabled
20221023 052316.719 INFO             PET0 ESMF_PNETCDF                : disabled
20221023 052316.719 INFO             PET0 ESMF_PIO                    : enabled
20221023 052316.719 INFO             PET0 ESMF_YAMLCPP                : enabled
20221023 052316.719 INFO             PET0 esmApp STARTING
20221023 052316.725 INFO             PET0 esm: InitializeGeneric intro.
20221023 052316.725 INFO             PET0   esm: InitializeP0 intro.
20221023 052316.725 INFO             PET0   esm: InitializeP0 extro.
20221023 052316.725 INFO             PET0   esm: InitializeIPDv02p1 intro.
20221023 052316.725 INFO             PET0     >>>esm: entered Initialize (phase=<none>) without valid internal Clock.
20221023 052316.726 INFO             PET0     esm - Creating model component ATM with petList of size 2 :
20221023 052316.726 INFO             PET0           0      1
20221023 052316.726 DEBUG            PET0     Generic SetVM() is executing for: ATM
20221023 052316.727 DEBUG            PET0     Generic SetVM() is calling ESMF_GridCompSetVMMaxPEs() for: ATM with:
20221023 052316.727 DEBUG            PET0      -             MaxCount =          4
20221023 052316.727 DEBUG            PET0      -       OpenMpHandling =
20221023 052316.727 DEBUG            PET0      -     OpenMpNumThreads =         -1
20221023 052316.727 DEBUG            PET0      -   ForceChildPthreads =          F
20221023 052316.727 DEBUG            PET0      -  PthreadMinStackSize =         -1
20221023 052316.730 INFO             PET0     esm - Creating model component OCN with petList of size 2 :
20221023 052316.730 INFO             PET0           2      3
20221023 052316.730 DEBUG            PET0     Generic SetVM() is executing for: OCN
20221023 052316.730 DEBUG            PET0     Generic SetVM() is calling ESMF_GridCompSetVMMaxPEs() for: OCN with:
20221023 052316.730 DEBUG            PET0      -             MaxCount =          2
20221023 052316.730 DEBUG            PET0      -       OpenMpHandling =
20221023 052316.730 DEBUG            PET0      -     OpenMpNumThreads =         -1
20221023 052316.730 DEBUG            PET0      -   ForceChildPthreads =          F
20221023 052316.730 DEBUG            PET0      -  PthreadMinStackSize =         -1
20221023 052316.731 INFO             PET0     esm - Creating connector component ATM-TO-OCN with petList of size 4 :
20221023 052316.731 INFO             PET0           0      1      2      3
20221023 052316.740 INFO             PET0     esm - Creating connector component OCN-TO-ATM with petList of size 4 :
20221023 052316.740 INFO             PET0           2      3      0      1
20221023 052316.748 INFO             PET0     esm - Creating state: modelComp 1 Import State
20221023 052316.748 INFO             PET0     esm - Creating state: modelComp 1 Export State
20221023 052316.748 INFO             PET0     esm - Creating state: modelComp 2 Import State
20221023 052316.748 INFO             PET0     esm - Creating state: modelComp 2 Export State
20221023 052316.751 INFO             PET0     ATM: InitializeP0 intro.
20221023 052316.751 INFO             PET0       >>>ATM: entered Initialize (phase=<none>) without valid internal Clock.
20221023 052316.753 INFO             PET0       <<<ATM: leaving Initialize (phase=<none>) without valid internal Clock.
20221023 052316.753 INFO             PET0     ATM: InitializeP0 extro.
20221023 052316.758 INFO             PET0     ATM-TO-OCN: InitializeP0 intro.
20221023 052316.758 INFO             PET0     ATM-TO-OCN: InitializeP0 extro.
20221023 052316.759 INFO             PET0     OCN-TO-ATM: InitializeP0 intro.
20221023 052316.760 INFO             PET0     OCN-TO-ATM: InitializeP0 extro.
20221023 052316.761 INFO             PET0     esm: IInitAdvertise intro.
20221023 052316.761 INFO             PET0     esm: IInitAdvertise extro.
20221023 052316.762 INFO             PET0     ATM: InitializeIPDvXp01 intro.
20221023 052316.762 INFO             PET0       >>>ATM: entered Initialize (phase=IPDvXp01) without valid internal Clock.
20221023 052316.766 INFO             PET0       <<<ATM: leaving Initialize (phase=IPDvXp01) without valid internal Clock.
20221023 052316.766 INFO             PET0     ATM: InitializeIPDvXp01 extro.
20221023 052316.771 INFO             PET0     ATM-TO-OCN: InitializeIPDv05p1 intro.
20221023 052316.777 INFO             PET0       ATM-TO-OCN: importState FieldTransferPolicy = transferNone
20221023 052316.777 INFO             PET0       ATM-TO-OCN: exportState FieldTransferPolicy = transferNone
20221023 052316.777 INFO             PET0     ATM-TO-OCN: InitializeIPDv05p1 extro.
20221023 052316.777 INFO             PET0     OCN-TO-ATM: InitializeIPDv05p1 intro.
20221023 052316.783 INFO             PET0       OCN-TO-ATM: importState FieldTransferPolicy = transferNone
20221023 052316.783 INFO             PET0       OCN-TO-ATM: exportState FieldTransferPolicy = transferNone
20221023 052316.783 INFO             PET0     OCN-TO-ATM: InitializeIPDv05p1 extro.
20221023 052316.783 INFO             PET0     esm: IInitAdvertiseFinish intro.
20221023 052316.783 INFO             PET0     esm: IInitAdvertiseFinish extro.
20221023 052316.783 INFO             PET0     ATM-TO-OCN: InitializeIPDv05p2a intro.
20221023 052316.788 INFO             PET0       ATM-TO-OCN:      importStandardNameList(i=  1): air_pressure_at_sea_level
20221023 052316.788 INFO             PET0       ATM-TO-OCN:         importNamespaceList(i=  1): ATM
20221023 052316.788 INFO             PET0       ATM-TO-OCN:            importCplSetList(i=  1): __UNSPECIFIED__
20221023 052316.788 INFO             PET0       ATM-TO-OCN:      exportStandardNameList(j=  1): air_pressure_at_sea_level
20221023 052316.788 INFO             PET0       ATM-TO-OCN:         exportNamespaceList(j=  1): OCN
20221023 052316.788 INFO             PET0       ATM-TO-OCN:            exportCplSetList(j=  1): __UNSPECIFIED__
20221023 052316.788 INFO             PET0       ATM-TO-OCN: bondLevel= 1
20221023 052316.788 INFO             PET0       ATM-TO-OCN: ProducerConnection (bondLevelMax):         1
20221023 052316.788 INFO             PET0     ATM-TO-OCN: InitializeIPDv05p2a extro.
20221023 052316.788 INFO             PET0     OCN-TO-ATM: InitializeIPDv05p2a intro.
20221023 052316.795 INFO             PET0       OCN-TO-ATM:      importStandardNameList(i=  1): sea_surface_salinity
20221023 052316.795 INFO             PET0       OCN-TO-ATM:         importNamespaceList(i=  1): OCN
20221023 052316.795 INFO             PET0       OCN-TO-ATM:            importCplSetList(i=  1): __UNSPECIFIED__
20221023 052316.795 INFO             PET0       OCN-TO-ATM:      exportStandardNameList(j=  1): sea_surface_salinity
20221023 052316.795 INFO             PET0       OCN-TO-ATM:         exportNamespaceList(j=  1): ATM
20221023 052316.795 INFO             PET0       OCN-TO-ATM:            exportCplSetList(j=  1): __UNSPECIFIED__
20221023 052316.795 INFO             PET0       OCN-TO-ATM: bondLevel= 1
20221023 052316.795 INFO             PET0       OCN-TO-ATM: ProducerConnection (bondLevelMax):         1
20221023 052316.795 INFO             PET0       OCN-TO-ATM:      importStandardNameList(i=  2): sea_surface_temperature
20221023 052316.795 INFO             PET0       OCN-TO-ATM:         importNamespaceList(i=  2): OCN
20221023 052316.795 INFO             PET0       OCN-TO-ATM:            importCplSetList(i=  2): __UNSPECIFIED__
20221023 052316.795 INFO             PET0       OCN-TO-ATM:      exportStandardNameList(j=  2): sea_surface_temperature
20221023 052316.795 INFO             PET0       OCN-TO-ATM:         exportNamespaceList(j=  2): ATM
20221023 052316.795 INFO             PET0       OCN-TO-ATM:            exportCplSetList(j=  2): __UNSPECIFIED__
20221023 052316.795 INFO             PET0       OCN-TO-ATM: bondLevel= 1
20221023 052316.795 INFO             PET0       OCN-TO-ATM: ProducerConnection (bondLevelMax):         1
20221023 052316.795 INFO             PET0     OCN-TO-ATM: InitializeIPDv05p2a extro.
20221023 052316.795 INFO             PET0     ATM-TO-OCN: InitializeIPDv05p2b intro.
20221023 052316.799 INFO             PET0       ATM-TO-OCN:      importStandardNameList(i=  1): air_pressure_at_sea_level
20221023 052316.799 INFO             PET0       ATM-TO-OCN:         importNamespaceList(i=  1): ATM
20221023 052316.799 INFO             PET0       ATM-TO-OCN:            importCplSetList(i=  1): __UNSPECIFIED__
20221023 052316.799 INFO             PET0       ATM-TO-OCN:      exportStandardNameList(j=  1): air_pressure_at_sea_level
20221023 052316.799 INFO             PET0       ATM-TO-OCN:         exportNamespaceList(j=  1): OCN
20221023 052316.799 INFO             PET0       ATM-TO-OCN:            exportCplSetList(j=  1): __UNSPECIFIED__
20221023 052316.799 INFO             PET0       ATM-TO-OCN: bondLevel= 1
20221023 052316.799 INFO             PET0       ATM-TO-OCN: => added cplList(  1)=air_pressure_at_sea_level, cplSetList(  1)=__UNSPECIFIED__
20221023 052316.800 INFO             PET0     ATM-TO-OCN: InitializeIPDv05p2b extro.
20221023 052316.800 INFO             PET0     OCN-TO-ATM: InitializeIPDv05p2b intro.
20221023 052316.806 INFO             PET0       OCN-TO-ATM:      importStandardNameList(i=  1): sea_surface_salinity
20221023 052316.806 INFO             PET0       OCN-TO-ATM:         importNamespaceList(i=  1): OCN
20221023 052316.806 INFO             PET0       OCN-TO-ATM:            importCplSetList(i=  1): __UNSPECIFIED__
20221023 052316.806 INFO             PET0       OCN-TO-ATM:      exportStandardNameList(j=  1): sea_surface_salinity
20221023 052316.806 INFO             PET0       OCN-TO-ATM:         exportNamespaceList(j=  1): ATM
20221023 052316.806 INFO             PET0       OCN-TO-ATM:            exportCplSetList(j=  1): __UNSPECIFIED__
20221023 052316.806 INFO             PET0       OCN-TO-ATM: bondLevel= 1
20221023 052316.806 INFO             PET0       OCN-TO-ATM: => added cplList(  1)=sea_surface_salinity, cplSetList(  1)=__UNSPECIFIED__
20221023 052316.806 INFO             PET0       OCN-TO-ATM:      importStandardNameList(i=  2): sea_surface_temperature
20221023 052316.806 INFO             PET0       OCN-TO-ATM:         importNamespaceList(i=  2): OCN
20221023 052316.806 INFO             PET0       OCN-TO-ATM:            importCplSetList(i=  2): __UNSPECIFIED__
20221023 052316.806 INFO             PET0       OCN-TO-ATM:      exportStandardNameList(j=  2): sea_surface_temperature
20221023 052316.806 INFO             PET0       OCN-TO-ATM:         exportNamespaceList(j=  2): ATM
20221023 052316.806 INFO             PET0       OCN-TO-ATM:            exportCplSetList(j=  2): __UNSPECIFIED__
20221023 052316.806 INFO             PET0       OCN-TO-ATM: bondLevel= 1
20221023 052316.806 INFO             PET0       OCN-TO-ATM: => added cplList(  2)=sea_surface_temperature, cplSetList(  2)=__UNSPECIFIED__
20221023 052316.806 INFO             PET0     OCN-TO-ATM: InitializeIPDv05p2b extro.
20221023 052316.806 INFO             PET0     esm: IInitModifyCplLists intro.
20221023 052316.807 INFO             PET0       Driver is in ModifyCplLists()
20221023 052316.807 INFO             PET0        Found             2  Connectors. Modifying CplList Attribute....
20221023 052316.807 INFO             PET0     esm: IInitModifyCplLists extro.
20221023 052316.807 INFO             PET0     ATM-TO-OCN: InitializeIPDv05p3 intro.
20221023 052316.812 INFO             PET0       ATM-TO-OCN: handle cplList(1): air_pressure_at_sea_level, cplSetList(1): __UNSPECIFIED__
20221023 052316.812 INFO             PET0       ATM-TO-OCN: - connected.
20221023 052316.812 INFO             PET0       ATM-TO-OCN: - import side may accept, export side must provide the Field/GeomObject.
20221023 052316.812 INFO             PET0       ATM-TO-OCN: - combination of provider and acceptor VM does NOT support Field and/or GeomObject sharing between them.
20221023 052316.812 INFO             PET0     ATM-TO-OCN: InitializeIPDv05p3 extro.
20221023 052316.813 INFO             PET0     OCN-TO-ATM: InitializeIPDv05p3 intro.
20221023 052316.819 INFO             PET0       OCN-TO-ATM: handle cplList(1): sea_surface_salinity, cplSetList(1): __UNSPECIFIED__
20221023 052316.819 INFO             PET0       OCN-TO-ATM: - connected.
20221023 052316.819 INFO             PET0       OCN-TO-ATM: - import side must provide, export side may accept the Field/GeomObject.
20221023 052316.819 INFO             PET0       OCN-TO-ATM: - combination of provider and acceptor VM does NOT support Field and/or GeomObject sharing between them.
20221023 052316.819 INFO             PET0       OCN-TO-ATM: handle cplList(2): sea_surface_temperature, cplSetList(2): __UNSPECIFIED__
20221023 052316.819 INFO             PET0       OCN-TO-ATM: - connected.
20221023 052316.819 INFO             PET0       OCN-TO-ATM: - import side must provide, export side may accept the Field/GeomObject.
20221023 052316.820 INFO             PET0       OCN-TO-ATM: - combination of provider and acceptor VM does NOT support Field and/or GeomObject sharing between them.
20221023 052316.820 INFO             PET0     OCN-TO-ATM: InitializeIPDv05p3 extro.
20221023 052316.820 INFO             PET0     <<<esm: leaving Initialize (phase=<none>) with current time: 2010  6  1  0  0  0   0
20221023 052316.820 INFO             PET0   esm: InitializeIPDv02p1 extro.
20221023 052316.820 INFO             PET0   esm: InitializeIPDv02p3 intro.
20221023 052316.820 INFO             PET0     >>>esm: entered Initialize (phase=<none>) with current time: 2010  6  1  0  0  0   0
20221023 052316.820 INFO             PET0     esm: IInitCheck intro.
20221023 052316.820 INFO             PET0     esm: IInitCheck extro.
20221023 052316.820 INFO             PET0     ATM: InitializeIPDvXp04 intro.
20221023 052316.820 INFO             PET0       >>>ATM: entered Initialize (phase=IPDvXp04) without valid internal Clock.
20221023 052316.716 INFO             PET1 !!!!!!!!!!!!!!!!!!!!!!!!!!!!!!!!!!!!!!!!!!!!!!!!!!!!!!
20221023 052316.718 INFO             PET1 !!! THE ESMF_LOG IS SET TO OUTPUT ALL LOG MESSAGES !!!
20221023 052316.718 INFO             PET1 !!!     THIS MAY CAUSE SLOWDOWN IN PERFORMANCE     !!!
20221023 052316.718 INFO             PET1 !!! FOR PRODUCTION RUNS, USE:                      !!!
20221023 052316.718 INFO             PET1 !!!                   ESMF_LOGKIND_Multi_On_Error  !!!
20221023 052316.718 INFO             PET1 !!!!!!!!!!!!!!!!!!!!!!!!!!!!!!!!!!!!!!!!!!!!!!!!!!!!!!
20221023 052316.718 INFO             PET1 Running with ESMF Version   : v8.5.0b01-6-gf7aaf2b
20221023 052316.718 INFO             PET1 ESMF library build date/time: "Oct 23 2022" "03:04:33"
20221023 052316.718 INFO             PET1 ESMF library build location : /work/noaa/da/mpotts/sandbox/pgi_2019_openmpi_g_develop/esmf
20221023 052316.718 INFO             PET1 ESMF_COMM                   : openmpi
20221023 052316.718 INFO             PET1 ESMF_MOAB                   : enabled
20221023 052316.718 INFO             PET1 ESMF_LAPACK                 : enabled
20221023 052316.718 INFO             PET1 ESMF_NETCDF                 : enabled
20221023 052316.718 INFO             PET1 ESMF_PNETCDF                : disabled
20221023 052316.718 INFO             PET1 ESMF_PIO                    : enabled
20221023 052316.718 INFO             PET1 ESMF_YAMLCPP                : enabled
20221023 052316.719 INFO             PET1 esmApp STARTING
20221023 052316.725 INFO             PET1 esm: InitializeGeneric intro.
20221023 052316.726 INFO             PET1   esm: InitializeP0 intro.
20221023 052316.726 INFO             PET1   esm: InitializeP0 extro.
20221023 052316.726 INFO             PET1   esm: InitializeIPDv02p1 intro.
20221023 052316.726 INFO             PET1     >>>esm: entered Initialize (phase=<none>) without valid internal Clock.
20221023 052316.726 INFO             PET1     esm - Creating model component ATM with petList of size 2 :
20221023 052316.726 INFO             PET1           0      1
20221023 052316.726 DEBUG            PET1     Generic SetVM() is executing for: ATM
20221023 052316.727 DEBUG            PET1     Generic SetVM() is calling ESMF_GridCompSetVMMaxPEs() for: ATM with:
20221023 052316.727 DEBUG            PET1      -             MaxCount =          4
20221023 052316.727 DEBUG            PET1      -       OpenMpHandling =
20221023 052316.727 DEBUG            PET1      -     OpenMpNumThreads =         -1
20221023 052316.727 DEBUG            PET1      -   ForceChildPthreads =          F
20221023 052316.727 DEBUG            PET1      -  PthreadMinStackSize =         -1
20221023 052316.727 DEBUG            PET1     vmkt_create()#201 Pthread: service=1 (0: actual PET, 1: service thread) - PTHREAD_STACK_MIN: 16384 bytes stack_size: 4194304 bytes
20221023 052316.727 DEBUG            PET1     vmkt_create()#201 Pthread: service=1 (0: actual PET, 1: service thread) - PTHREAD_STACK_MIN: 16384 bytes stack_size: 4194304 bytes
20221023 052316.730 INFO             PET1     esm - Creating model component OCN with petList of size 2 :
20221023 052316.730 INFO             PET1           2      3
20221023 052316.730 DEBUG            PET1     Generic SetVM() is executing for: OCN
20221023 052316.731 DEBUG            PET1     Generic SetVM() is calling ESMF_GridCompSetVMMaxPEs() for: OCN with:
20221023 052316.731 DEBUG            PET1      -             MaxCount =          2
20221023 052316.731 DEBUG            PET1      -       OpenMpHandling =
20221023 052316.731 DEBUG            PET1      -     OpenMpNumThreads =         -1
20221023 052316.731 DEBUG            PET1      -   ForceChildPthreads =          F
20221023 052316.731 DEBUG            PET1      -  PthreadMinStackSize =         -1
20221023 052316.731 INFO             PET1     esm - Creating connector component ATM-TO-OCN with petList of size 4 :
20221023 052316.731 INFO             PET1           0      1      2      3
20221023 052316.741 INFO             PET1     esm - Creating connector component OCN-TO-ATM with petList of size 4 :
20221023 052316.741 INFO             PET1           2      3      0      1
20221023 052316.749 INFO             PET1     esm - Creating state: modelComp 1 Import State
20221023 052316.749 INFO             PET1     esm - Creating state: modelComp 1 Export State
20221023 052316.750 INFO             PET1     esm - Creating state: modelComp 2 Import State
20221023 052316.750 INFO             PET1     esm - Creating state: modelComp 2 Export State
20221023 052316.758 INFO             PET1     ATM-TO-OCN: InitializeP0 intro.
20221023 052316.758 INFO             PET1     ATM-TO-OCN: InitializeP0 extro.
20221023 052316.759 INFO             PET1     OCN-TO-ATM: InitializeP0 intro.
20221023 052316.760 INFO             PET1     OCN-TO-ATM: InitializeP0 extro.
20221023 052316.762 INFO             PET1     esm: IInitAdvertise intro.
20221023 052316.762 INFO             PET1     esm: IInitAdvertise extro.
20221023 052316.771 INFO             PET1     ATM-TO-OCN: InitializeIPDv05p1 intro.
20221023 052316.777 INFO             PET1       ATM-TO-OCN: importState FieldTransferPolicy = transferNone
20221023 052316.777 INFO             PET1       ATM-TO-OCN: exportState FieldTransferPolicy = transferNone
20221023 052316.777 INFO             PET1     ATM-TO-OCN: InitializeIPDv05p1 extro.
20221023 052316.777 INFO             PET1     OCN-TO-ATM: InitializeIPDv05p1 intro.
20221023 052316.783 INFO             PET1       OCN-TO-ATM: importState FieldTransferPolicy = transferNone
20221023 052316.783 INFO             PET1       OCN-TO-ATM: exportState FieldTransferPolicy = transferNone
20221023 052316.783 INFO             PET1     OCN-TO-ATM: InitializeIPDv05p1 extro.
20221023 052316.783 INFO             PET1     esm: IInitAdvertiseFinish intro.
20221023 052316.783 INFO             PET1     esm: IInitAdvertiseFinish extro.
20221023 052316.783 INFO             PET1     ATM-TO-OCN: InitializeIPDv05p2a intro.
20221023 052316.788 INFO             PET1       ATM-TO-OCN:      importStandardNameList(i=  1): air_pressure_at_sea_level
20221023 052316.788 INFO             PET1       ATM-TO-OCN:         importNamespaceList(i=  1): ATM
20221023 052316.788 INFO             PET1       ATM-TO-OCN:            importCplSetList(i=  1): __UNSPECIFIED__
20221023 052316.788 INFO             PET1       ATM-TO-OCN:      exportStandardNameList(j=  1): air_pressure_at_sea_level
20221023 052316.788 INFO             PET1       ATM-TO-OCN:         exportNamespaceList(j=  1): OCN
20221023 052316.788 INFO             PET1       ATM-TO-OCN:            exportCplSetList(j=  1): __UNSPECIFIED__
20221023 052316.788 INFO             PET1       ATM-TO-OCN: bondLevel= 1
20221023 052316.788 INFO             PET1       ATM-TO-OCN: ProducerConnection (bondLevelMax):         1
20221023 052316.788 INFO             PET1     ATM-TO-OCN: InitializeIPDv05p2a extro.
20221023 052316.789 INFO             PET1     OCN-TO-ATM: InitializeIPDv05p2a intro.
20221023 052316.795 INFO             PET1       OCN-TO-ATM:      importStandardNameList(i=  1): sea_surface_salinity
20221023 052316.795 INFO             PET1       OCN-TO-ATM:         importNamespaceList(i=  1): OCN
20221023 052316.795 INFO             PET1       OCN-TO-ATM:            importCplSetList(i=  1): __UNSPECIFIED__
20221023 052316.795 INFO             PET1       OCN-TO-ATM:      exportStandardNameList(j=  1): sea_surface_salinity
20221023 052316.795 INFO             PET1       OCN-TO-ATM:         exportNamespaceList(j=  1): ATM
20221023 052316.795 INFO             PET1       OCN-TO-ATM:            exportCplSetList(j=  1): __UNSPECIFIED__
20221023 052316.795 INFO             PET1       OCN-TO-ATM: bondLevel= 1
20221023 052316.795 INFO             PET1       OCN-TO-ATM: ProducerConnection (bondLevelMax):         1
20221023 052316.795 INFO             PET1       OCN-TO-ATM:      importStandardNameList(i=  2): sea_surface_temperature
20221023 052316.795 INFO             PET1       OCN-TO-ATM:         importNamespaceList(i=  2): OCN
20221023 052316.795 INFO             PET1       OCN-TO-ATM:            importCplSetList(i=  2): __UNSPECIFIED__
20221023 052316.795 INFO             PET1       OCN-TO-ATM:      exportStandardNameList(j=  2): sea_surface_temperature
20221023 052316.795 INFO             PET1       OCN-TO-ATM:         exportNamespaceList(j=  2): ATM
20221023 052316.795 INFO             PET1       OCN-TO-ATM:            exportCplSetList(j=  2): __UNSPECIFIED__
20221023 052316.795 INFO             PET1       OCN-TO-ATM: bondLevel= 1
20221023 052316.795 INFO             PET1       OCN-TO-ATM: ProducerConnection (bondLevelMax):         1
20221023 052316.795 INFO             PET1     OCN-TO-ATM: InitializeIPDv05p2a extro.
20221023 052316.795 INFO             PET1     ATM-TO-OCN: InitializeIPDv05p2b intro.
20221023 052316.799 INFO             PET1       ATM-TO-OCN:      importStandardNameList(i=  1): air_pressure_at_sea_level
20221023 052316.800 INFO             PET1       ATM-TO-OCN:         importNamespaceList(i=  1): ATM
20221023 052316.800 INFO             PET1       ATM-TO-OCN:            importCplSetList(i=  1): __UNSPECIFIED__
20221023 052316.800 INFO             PET1       ATM-TO-OCN:      exportStandardNameList(j=  1): air_pressure_at_sea_level
20221023 052316.800 INFO             PET1       ATM-TO-OCN:         exportNamespaceList(j=  1): OCN
20221023 052316.800 INFO             PET1       ATM-TO-OCN:            exportCplSetList(j=  1): __UNSPECIFIED__
20221023 052316.800 INFO             PET1       ATM-TO-OCN: bondLevel= 1
20221023 052316.800 INFO             PET1       ATM-TO-OCN: => added cplList(  1)=air_pressure_at_sea_level, cplSetList(  1)=__UNSPECIFIED__
20221023 052316.800 INFO             PET1     ATM-TO-OCN: InitializeIPDv05p2b extro.
20221023 052316.800 INFO             PET1     OCN-TO-ATM: InitializeIPDv05p2b intro.
20221023 052316.806 INFO             PET1       OCN-TO-ATM:      importStandardNameList(i=  1): sea_surface_salinity
20221023 052316.806 INFO             PET1       OCN-TO-ATM:         importNamespaceList(i=  1): OCN
20221023 052316.806 INFO             PET1       OCN-TO-ATM:            importCplSetList(i=  1): __UNSPECIFIED__
20221023 052316.806 INFO             PET1       OCN-TO-ATM:      exportStandardNameList(j=  1): sea_surface_salinity
20221023 052316.806 INFO             PET1       OCN-TO-ATM:         exportNamespaceList(j=  1): ATM
20221023 052316.806 INFO             PET1       OCN-TO-ATM:            exportCplSetList(j=  1): __UNSPECIFIED__
20221023 052316.806 INFO             PET1       OCN-TO-ATM: bondLevel= 1
20221023 052316.806 INFO             PET1       OCN-TO-ATM: => added cplList(  1)=sea_surface_salinity, cplSetList(  1)=__UNSPECIFIED__
20221023 052316.806 INFO             PET1       OCN-TO-ATM:      importStandardNameList(i=  2): sea_surface_temperature
20221023 052316.806 INFO             PET1       OCN-TO-ATM:         importNamespaceList(i=  2): OCN
20221023 052316.806 INFO             PET1       OCN-TO-ATM:            importCplSetList(i=  2): __UNSPECIFIED__
20221023 052316.806 INFO             PET1       OCN-TO-ATM:      exportStandardNameList(j=  2): sea_surface_temperature
20221023 052316.806 INFO             PET1       OCN-TO-ATM:         exportNamespaceList(j=  2): ATM
20221023 052316.806 INFO             PET1       OCN-TO-ATM:            exportCplSetList(j=  2): __UNSPECIFIED__
20221023 052316.806 INFO             PET1       OCN-TO-ATM: bondLevel= 1
20221023 052316.806 INFO             PET1       OCN-TO-ATM: => added cplList(  2)=sea_surface_temperature, cplSetList(  2)=__UNSPECIFIED__
20221023 052316.806 INFO             PET1     OCN-TO-ATM: InitializeIPDv05p2b extro.
20221023 052316.807 INFO             PET1     esm: IInitModifyCplLists intro.
20221023 052316.807 INFO             PET1       Driver is in ModifyCplLists()
20221023 052316.807 INFO             PET1        Found             2  Connectors. Modifying CplList Attribute....
20221023 052316.807 INFO             PET1     esm: IInitModifyCplLists extro.
20221023 052316.808 INFO             PET1     ATM-TO-OCN: InitializeIPDv05p3 intro.
20221023 052316.812 INFO             PET1       ATM-TO-OCN: handle cplList(1): air_pressure_at_sea_level, cplSetList(1): __UNSPECIFIED__
20221023 052316.812 INFO             PET1       ATM-TO-OCN: - connected.
20221023 052316.812 INFO             PET1       ATM-TO-OCN: - import side may accept, export side must provide the Field/GeomObject.
20221023 052316.812 INFO             PET1       ATM-TO-OCN: - combination of provider and acceptor VM does NOT support Field and/or GeomObject sharing between them.
20221023 052316.812 INFO             PET1     ATM-TO-OCN: InitializeIPDv05p3 extro.
20221023 052316.813 INFO             PET1     OCN-TO-ATM: InitializeIPDv05p3 intro.
20221023 052316.819 INFO             PET1       OCN-TO-ATM: handle cplList(1): sea_surface_salinity, cplSetList(1): __UNSPECIFIED__
20221023 052316.819 INFO             PET1       OCN-TO-ATM: - connected.
20221023 052316.819 INFO             PET1       OCN-TO-ATM: - import side must provide, export side may accept the Field/GeomObject.
20221023 052316.819 INFO             PET1       OCN-TO-ATM: - combination of provider and acceptor VM does NOT support Field and/or GeomObject sharing between them.
20221023 052316.819 INFO             PET1       OCN-TO-ATM: handle cplList(2): sea_surface_temperature, cplSetList(2): __UNSPECIFIED__
20221023 052316.819 INFO             PET1       OCN-TO-ATM: - connected.
20221023 052316.819 INFO             PET1       OCN-TO-ATM: - import side must provide, export side may accept the Field/GeomObject.
20221023 052316.820 INFO             PET1       OCN-TO-ATM: - combination of provider and acceptor VM does NOT support Field and/or GeomObject sharing between them.
20221023 052316.820 INFO             PET1     OCN-TO-ATM: InitializeIPDv05p3 extro.
20221023 052316.820 INFO             PET1     <<<esm: leaving Initialize (phase=<none>) with current time: 2010  6  1  0  0  0   0
20221023 052316.820 INFO             PET1   esm: InitializeIPDv02p1 extro.
20221023 052316.820 INFO             PET1   esm: InitializeIPDv02p3 intro.
20221023 052316.820 INFO             PET1     >>>esm: entered Initialize (phase=<none>) with current time: 2010  6  1  0  0  0   0
20221023 052316.717 INFO             PET2 !!!!!!!!!!!!!!!!!!!!!!!!!!!!!!!!!!!!!!!!!!!!!!!!!!!!!!
20221023 052316.718 INFO             PET2 !!! THE ESMF_LOG IS SET TO OUTPUT ALL LOG MESSAGES !!!
20221023 052316.718 INFO             PET2 !!!     THIS MAY CAUSE SLOWDOWN IN PERFORMANCE     !!!
20221023 052316.718 INFO             PET2 !!! FOR PRODUCTION RUNS, USE:                      !!!
20221023 052316.718 INFO             PET2 !!!                   ESMF_LOGKIND_Multi_On_Error  !!!
20221023 052316.718 INFO             PET2 !!!!!!!!!!!!!!!!!!!!!!!!!!!!!!!!!!!!!!!!!!!!!!!!!!!!!!
20221023 052316.718 INFO             PET2 Running with ESMF Version   : v8.5.0b01-6-gf7aaf2b
20221023 052316.718 INFO             PET2 ESMF library build date/time: "Oct 23 2022" "03:04:33"
20221023 052316.718 INFO             PET2 ESMF library build location : /work/noaa/da/mpotts/sandbox/pgi_2019_openmpi_g_develop/esmf
20221023 052316.718 INFO             PET2 ESMF_COMM                   : openmpi
20221023 052316.719 INFO             PET2 ESMF_MOAB                   : enabled
20221023 052316.719 INFO             PET2 ESMF_LAPACK                 : enabled
20221023 052316.719 INFO             PET2 ESMF_NETCDF                 : enabled
20221023 052316.719 INFO             PET2 ESMF_PNETCDF                : disabled
20221023 052316.719 INFO             PET2 ESMF_PIO                    : enabled
20221023 052316.719 INFO             PET2 ESMF_YAMLCPP                : enabled
20221023 052316.719 INFO             PET2 esmApp STARTING
20221023 052316.725 INFO             PET2 esm: InitializeGeneric intro.
20221023 052316.725 INFO             PET2   esm: InitializeP0 intro.
20221023 052316.725 INFO             PET2   esm: InitializeP0 extro.
20221023 052316.725 INFO             PET2   esm: InitializeIPDv02p1 intro.
20221023 052316.725 INFO             PET2     >>>esm: entered Initialize (phase=<none>) without valid internal Clock.
20221023 052316.726 INFO             PET2     esm - Creating model component ATM with petList of size 2 :
20221023 052316.726 INFO             PET2           0      1
20221023 052316.726 DEBUG            PET2     Generic SetVM() is executing for: ATM
20221023 052316.727 DEBUG            PET2     Generic SetVM() is calling ESMF_GridCompSetVMMaxPEs() for: ATM with:
20221023 052316.727 DEBUG            PET2      -             MaxCount =          4
20221023 052316.727 DEBUG            PET2      -       OpenMpHandling =
20221023 052316.727 DEBUG            PET2      -     OpenMpNumThreads =         -1
20221023 052316.727 DEBUG            PET2      -   ForceChildPthreads =          F
20221023 052316.727 DEBUG            PET2      -  PthreadMinStackSize =         -1
20221023 052316.730 INFO             PET2     esm - Creating model component OCN with petList of size 2 :
20221023 052316.730 INFO             PET2           2      3
20221023 052316.730 DEBUG            PET2     Generic SetVM() is executing for: OCN
20221023 052316.730 DEBUG            PET2     Generic SetVM() is calling ESMF_GridCompSetVMMaxPEs() for: OCN with:
20221023 052316.730 DEBUG            PET2      -             MaxCount =          2
20221023 052316.730 DEBUG            PET2      -       OpenMpHandling =
20221023 052316.730 DEBUG            PET2      -     OpenMpNumThreads =         -1
20221023 052316.730 DEBUG            PET2      -   ForceChildPthreads =          F
20221023 052316.730 DEBUG            PET2      -  PthreadMinStackSize =         -1
20221023 052316.734 INFO             PET2     esm - Creating connector component ATM-TO-OCN with petList of size 4 :
20221023 052316.734 INFO             PET2           0      1      2      3
20221023 052316.740 INFO             PET2     esm - Creating connector component OCN-TO-ATM with petList of size 4 :
20221023 052316.740 INFO             PET2           2      3      0      1
20221023 052316.747 INFO             PET2     esm - Creating state: modelComp 1 Import State
20221023 052316.748 INFO             PET2     esm - Creating state: modelComp 1 Export State
20221023 052316.748 INFO             PET2     esm - Creating state: modelComp 2 Import State
20221023 052316.748 INFO             PET2     esm - Creating state: modelComp 2 Export State
20221023 052316.755 INFO             PET2     OCN: InitializeP0 intro.
20221023 052316.755 INFO             PET2       >>>OCN: entered Initialize (phase=<none>) without valid internal Clock.
20221023 052316.756 INFO             PET2       <<<OCN: leaving Initialize (phase=<none>) without valid internal Clock.
20221023 052316.756 INFO             PET2     OCN: InitializeP0 extro.
20221023 052316.757 INFO             PET2     ATM-TO-OCN: InitializeP0 intro.
20221023 052316.758 INFO             PET2     ATM-TO-OCN: InitializeP0 extro.
20221023 052316.759 INFO             PET2     OCN-TO-ATM: InitializeP0 intro.
20221023 052316.759 INFO             PET2     OCN-TO-ATM: InitializeP0 extro.
20221023 052316.761 INFO             PET2     esm: IInitAdvertise intro.
20221023 052316.761 INFO             PET2     esm: IInitAdvertise extro.
20221023 052316.767 INFO             PET2     OCN: InitializeIPDvXp01 intro.
20221023 052316.767 INFO             PET2       >>>OCN: entered Initialize (phase=IPDvXp01) without valid internal Clock.
20221023 052316.770 INFO             PET2       <<<OCN: leaving Initialize (phase=IPDvXp01) without valid internal Clock.
20221023 052316.770 INFO             PET2     OCN: InitializeIPDvXp01 extro.
20221023 052316.771 INFO             PET2     ATM-TO-OCN: InitializeIPDv05p1 intro.
20221023 052316.777 INFO             PET2       ATM-TO-OCN: importState FieldTransferPolicy = transferNone
20221023 052316.777 INFO             PET2       ATM-TO-OCN: exportState FieldTransferPolicy = transferNone
20221023 052316.777 INFO             PET2     ATM-TO-OCN: InitializeIPDv05p1 extro.
20221023 052316.777 INFO             PET2     OCN-TO-ATM: InitializeIPDv05p1 intro.
20221023 052316.783 INFO             PET2       OCN-TO-ATM: importState FieldTransferPolicy = transferNone
20221023 052316.783 INFO             PET2       OCN-TO-ATM: exportState FieldTransferPolicy = transferNone
20221023 052316.783 INFO             PET2     OCN-TO-ATM: InitializeIPDv05p1 extro.
20221023 052316.783 INFO             PET2     esm: IInitAdvertiseFinish intro.
20221023 052316.783 INFO             PET2     esm: IInitAdvertiseFinish extro.
20221023 052316.783 INFO             PET2     ATM-TO-OCN: InitializeIPDv05p2a intro.
20221023 052316.788 INFO             PET2       ATM-TO-OCN:      importStandardNameList(i=  1): air_pressure_at_sea_level
20221023 052316.788 INFO             PET2       ATM-TO-OCN:         importNamespaceList(i=  1): ATM
20221023 052316.788 INFO             PET2       ATM-TO-OCN:            importCplSetList(i=  1): __UNSPECIFIED__
20221023 052316.788 INFO             PET2       ATM-TO-OCN:      exportStandardNameList(j=  1): air_pressure_at_sea_level
20221023 052316.788 INFO             PET2       ATM-TO-OCN:         exportNamespaceList(j=  1): OCN
20221023 052316.788 INFO             PET2       ATM-TO-OCN:            exportCplSetList(j=  1): __UNSPECIFIED__
20221023 052316.788 INFO             PET2       ATM-TO-OCN: bondLevel= 1
20221023 052316.788 INFO             PET2       ATM-TO-OCN: ProducerConnection (bondLevelMax):         1
20221023 052316.788 INFO             PET2     ATM-TO-OCN: InitializeIPDv05p2a extro.
20221023 052316.788 INFO             PET2     OCN-TO-ATM: InitializeIPDv05p2a intro.
20221023 052316.795 INFO             PET2       OCN-TO-ATM:      importStandardNameList(i=  1): sea_surface_salinity
20221023 052316.795 INFO             PET2       OCN-TO-ATM:         importNamespaceList(i=  1): OCN
20221023 052316.795 INFO             PET2       OCN-TO-ATM:            importCplSetList(i=  1): __UNSPECIFIED__
20221023 052316.795 INFO             PET2       OCN-TO-ATM:      exportStandardNameList(j=  1): sea_surface_salinity
20221023 052316.795 INFO             PET2       OCN-TO-ATM:         exportNamespaceList(j=  1): ATM
20221023 052316.795 INFO             PET2       OCN-TO-ATM:            exportCplSetList(j=  1): __UNSPECIFIED__
20221023 052316.795 INFO             PET2       OCN-TO-ATM: bondLevel= 1
20221023 052316.795 INFO             PET2       OCN-TO-ATM: ProducerConnection (bondLevelMax):         1
20221023 052316.795 INFO             PET2       OCN-TO-ATM:      importStandardNameList(i=  2): sea_surface_temperature
20221023 052316.795 INFO             PET2       OCN-TO-ATM:         importNamespaceList(i=  2): OCN
20221023 052316.795 INFO             PET2       OCN-TO-ATM:            importCplSetList(i=  2): __UNSPECIFIED__
20221023 052316.795 INFO             PET2       OCN-TO-ATM:      exportStandardNameList(j=  2): sea_surface_temperature
20221023 052316.795 INFO             PET2       OCN-TO-ATM:         exportNamespaceList(j=  2): ATM
20221023 052316.795 INFO             PET2       OCN-TO-ATM:            exportCplSetList(j=  2): __UNSPECIFIED__
20221023 052316.795 INFO             PET2       OCN-TO-ATM: bondLevel= 1
20221023 052316.795 INFO             PET2       OCN-TO-ATM: ProducerConnection (bondLevelMax):         1
20221023 052316.795 INFO             PET2     OCN-TO-ATM: InitializeIPDv05p2a extro.
20221023 052316.795 INFO             PET2     ATM-TO-OCN: InitializeIPDv05p2b intro.
20221023 052316.799 INFO             PET2       ATM-TO-OCN:      importStandardNameList(i=  1): air_pressure_at_sea_level
20221023 052316.799 INFO             PET2       ATM-TO-OCN:         importNamespaceList(i=  1): ATM
20221023 052316.799 INFO             PET2       ATM-TO-OCN:            importCplSetList(i=  1): __UNSPECIFIED__
20221023 052316.799 INFO             PET2       ATM-TO-OCN:      exportStandardNameList(j=  1): air_pressure_at_sea_level
20221023 052316.799 INFO             PET2       ATM-TO-OCN:         exportNamespaceList(j=  1): OCN
20221023 052316.799 INFO             PET2       ATM-TO-OCN:            exportCplSetList(j=  1): __UNSPECIFIED__
20221023 052316.799 INFO             PET2       ATM-TO-OCN: bondLevel= 1
20221023 052316.799 INFO             PET2       ATM-TO-OCN: => added cplList(  1)=air_pressure_at_sea_level, cplSetList(  1)=__UNSPECIFIED__
20221023 052316.800 INFO             PET2     ATM-TO-OCN: InitializeIPDv05p2b extro.
20221023 052316.800 INFO             PET2     OCN-TO-ATM: InitializeIPDv05p2b intro.
20221023 052316.806 INFO             PET2       OCN-TO-ATM:      importStandardNameList(i=  1): sea_surface_salinity
20221023 052316.806 INFO             PET2       OCN-TO-ATM:         importNamespaceList(i=  1): OCN
20221023 052316.806 INFO             PET2       OCN-TO-ATM:            importCplSetList(i=  1): __UNSPECIFIED__
20221023 052316.806 INFO             PET2       OCN-TO-ATM:      exportStandardNameList(j=  1): sea_surface_salinity
20221023 052316.806 INFO             PET2       OCN-TO-ATM:         exportNamespaceList(j=  1): ATM
20221023 052316.806 INFO             PET2       OCN-TO-ATM:            exportCplSetList(j=  1): __UNSPECIFIED__
20221023 052316.806 INFO             PET2       OCN-TO-ATM: bondLevel= 1
20221023 052316.806 INFO             PET2       OCN-TO-ATM: => added cplList(  1)=sea_surface_salinity, cplSetList(  1)=__UNSPECIFIED__
20221023 052316.806 INFO             PET2       OCN-TO-ATM:      importStandardNameList(i=  2): sea_surface_temperature
20221023 052316.806 INFO             PET2       OCN-TO-ATM:         importNamespaceList(i=  2): OCN
20221023 052316.806 INFO             PET2       OCN-TO-ATM:            importCplSetList(i=  2): __UNSPECIFIED__
20221023 052316.806 INFO             PET2       OCN-TO-ATM:      exportStandardNameList(j=  2): sea_surface_temperature
20221023 052316.806 INFO             PET2       OCN-TO-ATM:         exportNamespaceList(j=  2): ATM
20221023 052316.806 INFO             PET2       OCN-TO-ATM:            exportCplSetList(j=  2): __UNSPECIFIED__
20221023 052316.806 INFO             PET2       OCN-TO-ATM: bondLevel= 1
20221023 052316.806 INFO             PET2       OCN-TO-ATM: => added cplList(  2)=sea_surface_temperature, cplSetList(  2)=__UNSPECIFIED__
20221023 052316.806 INFO             PET2     OCN-TO-ATM: InitializeIPDv05p2b extro.
20221023 052316.806 INFO             PET2     esm: IInitModifyCplLists intro.
20221023 052316.807 INFO             PET2       Driver is in ModifyCplLists()
20221023 052316.807 INFO             PET2        Found             2  Connectors. Modifying CplList Attribute....
20221023 052316.807 INFO             PET2     esm: IInitModifyCplLists extro.
20221023 052316.807 INFO             PET2     ATM-TO-OCN: InitializeIPDv05p3 intro.
20221023 052316.812 INFO             PET2       ATM-TO-OCN: handle cplList(1): air_pressure_at_sea_level, cplSetList(1): __UNSPECIFIED__
20221023 052316.812 INFO             PET2       ATM-TO-OCN: - connected.
20221023 052316.812 INFO             PET2       ATM-TO-OCN: - import side may accept, export side must provide the Field/GeomObject.
20221023 052316.812 INFO             PET2       ATM-TO-OCN: - combination of provider and acceptor VM does NOT support Field and/or GeomObject sharing between them.
20221023 052316.812 INFO             PET2     ATM-TO-OCN: InitializeIPDv05p3 extro.
20221023 052316.813 INFO             PET2     OCN-TO-ATM: InitializeIPDv05p3 intro.
20221023 052316.819 INFO             PET2       OCN-TO-ATM: handle cplList(1): sea_surface_salinity, cplSetList(1): __UNSPECIFIED__
20221023 052316.819 INFO             PET2       OCN-TO-ATM: - connected.
20221023 052316.819 INFO             PET2       OCN-TO-ATM: - import side must provide, export side may accept the Field/GeomObject.
20221023 052316.819 INFO             PET2       OCN-TO-ATM: - combination of provider and acceptor VM does NOT support Field and/or GeomObject sharing between them.
20221023 052316.819 INFO             PET2       OCN-TO-ATM: handle cplList(2): sea_surface_temperature, cplSetList(2): __UNSPECIFIED__
20221023 052316.819 INFO             PET2       OCN-TO-ATM: - connected.
20221023 052316.819 INFO             PET2       OCN-TO-ATM: - import side must provide, export side may accept the Field/GeomObject.
20221023 052316.820 INFO             PET2       OCN-TO-ATM: - combination of provider and acceptor VM does NOT support Field and/or GeomObject sharing between them.
20221023 052316.820 INFO             PET2     OCN-TO-ATM: InitializeIPDv05p3 extro.
20221023 052316.820 INFO             PET2     <<<esm: leaving Initialize (phase=<none>) with current time: 2010  6  1  0  0  0   0
20221023 052316.820 INFO             PET2   esm: InitializeIPDv02p1 extro.
20221023 052316.820 INFO             PET2   esm: InitializeIPDv02p3 intro.
20221023 052316.820 INFO             PET2     >>>esm: entered Initialize (phase=<none>) with current time: 2010  6  1  0  0  0   0
20221023 052316.820 INFO             PET2     esm: IInitCheck intro.
20221023 052316.820 INFO             PET2     esm: IInitCheck extro.
20221023 052316.824 INFO             PET2     OCN: InitializeIPDvXp04 intro.
20221023 052316.824 INFO             PET2       >>>OCN: entered Initialize (phase=IPDvXp04) without valid internal Clock.
20221023 052316.716 INFO             PET3 !!!!!!!!!!!!!!!!!!!!!!!!!!!!!!!!!!!!!!!!!!!!!!!!!!!!!!
20221023 052316.718 INFO             PET3 !!! THE ESMF_LOG IS SET TO OUTPUT ALL LOG MESSAGES !!!
20221023 052316.718 INFO             PET3 !!!     THIS MAY CAUSE SLOWDOWN IN PERFORMANCE     !!!
20221023 052316.718 INFO             PET3 !!! FOR PRODUCTION RUNS, USE:                      !!!
20221023 052316.718 INFO             PET3 !!!                   ESMF_LOGKIND_Multi_On_Error  !!!
20221023 052316.718 INFO             PET3 !!!!!!!!!!!!!!!!!!!!!!!!!!!!!!!!!!!!!!!!!!!!!!!!!!!!!!
20221023 052316.718 INFO             PET3 Running with ESMF Version   : v8.5.0b01-6-gf7aaf2b
20221023 052316.718 INFO             PET3 ESMF library build date/time: "Oct 23 2022" "03:04:33"
20221023 052316.718 INFO             PET3 ESMF library build location : /work/noaa/da/mpotts/sandbox/pgi_2019_openmpi_g_develop/esmf
20221023 052316.718 INFO             PET3 ESMF_COMM                   : openmpi
20221023 052316.718 INFO             PET3 ESMF_MOAB                   : enabled
20221023 052316.718 INFO             PET3 ESMF_LAPACK                 : enabled
20221023 052316.718 INFO             PET3 ESMF_NETCDF                 : enabled
20221023 052316.718 INFO             PET3 ESMF_PNETCDF                : disabled
20221023 052316.718 INFO             PET3 ESMF_PIO                    : enabled
20221023 052316.718 INFO             PET3 ESMF_YAMLCPP                : enabled
20221023 052316.719 INFO             PET3 esmApp STARTING
20221023 052316.725 INFO             PET3 esm: InitializeGeneric intro.
20221023 052316.725 INFO             PET3   esm: InitializeP0 intro.
20221023 052316.725 INFO             PET3   esm: InitializeP0 extro.
20221023 052316.725 INFO             PET3   esm: InitializeIPDv02p1 intro.
20221023 052316.725 INFO             PET3     >>>esm: entered Initialize (phase=<none>) without valid internal Clock.
20221023 052316.726 INFO             PET3     esm - Creating model component ATM with petList of size 2 :
20221023 052316.726 INFO             PET3           0      1
20221023 052316.726 DEBUG            PET3     Generic SetVM() is executing for: ATM
20221023 052316.727 DEBUG            PET3     Generic SetVM() is calling ESMF_GridCompSetVMMaxPEs() for: ATM with:
20221023 052316.727 DEBUG            PET3      -             MaxCount =          4
20221023 052316.727 DEBUG            PET3      -       OpenMpHandling =
20221023 052316.727 DEBUG            PET3      -     OpenMpNumThreads =         -1
20221023 052316.727 DEBUG            PET3      -   ForceChildPthreads =          F
20221023 052316.727 DEBUG            PET3      -  PthreadMinStackSize =         -1
20221023 052316.730 INFO             PET3     esm - Creating model component OCN with petList of size 2 :
20221023 052316.730 INFO             PET3           2      3
20221023 052316.730 DEBUG            PET3     Generic SetVM() is executing for: OCN
20221023 052316.730 DEBUG            PET3     Generic SetVM() is calling ESMF_GridCompSetVMMaxPEs() for: OCN with:
20221023 052316.730 DEBUG            PET3      -             MaxCount =          2
20221023 052316.730 DEBUG            PET3      -       OpenMpHandling =
20221023 052316.730 DEBUG            PET3      -     OpenMpNumThreads =         -1
20221023 052316.730 DEBUG            PET3      -   ForceChildPthreads =          F
20221023 052316.730 DEBUG            PET3      -  PthreadMinStackSize =         -1
20221023 052316.731 DEBUG            PET3     vmkt_create()#201 Pthread: service=1 (0: actual PET, 1: service thread) - PTHREAD_STACK_MIN: 16384 bytes stack_size: 4194304 bytes
20221023 052316.731 DEBUG            PET3     vmkt_create()#201 Pthread: service=1 (0: actual PET, 1: service thread) - PTHREAD_STACK_MIN: 16384 bytes stack_size: 4194304 bytes
20221023 052316.734 INFO             PET3     esm - Creating connector component ATM-TO-OCN with petList of size 4 :
20221023 052316.734 INFO             PET3           0      1      2      3
20221023 052316.740 INFO             PET3     esm - Creating connector component OCN-TO-ATM with petList of size 4 :
20221023 052316.740 INFO             PET3           2      3      0      1
20221023 052316.748 INFO             PET3     esm - Creating state: modelComp 1 Import State
20221023 052316.748 INFO             PET3     esm - Creating state: modelComp 1 Export State
20221023 052316.748 INFO             PET3     esm - Creating state: modelComp 2 Import State
20221023 052316.748 INFO             PET3     esm - Creating state: modelComp 2 Export State
20221023 052316.758 INFO             PET3     ATM-TO-OCN: InitializeP0 intro.
20221023 052316.758 INFO             PET3     ATM-TO-OCN: InitializeP0 extro.
20221023 052316.759 INFO             PET3     OCN-TO-ATM: InitializeP0 intro.
20221023 052316.760 INFO             PET3     OCN-TO-ATM: InitializeP0 extro.
20221023 052316.762 INFO             PET3     esm: IInitAdvertise intro.
20221023 052316.762 INFO             PET3     esm: IInitAdvertise extro.
20221023 052316.771 INFO             PET3     ATM-TO-OCN: InitializeIPDv05p1 intro.
20221023 052316.777 INFO             PET3       ATM-TO-OCN: importState FieldTransferPolicy = transferNone
20221023 052316.777 INFO             PET3       ATM-TO-OCN: exportState FieldTransferPolicy = transferNone
20221023 052316.777 INFO             PET3     ATM-TO-OCN: InitializeIPDv05p1 extro.
20221023 052316.777 INFO             PET3     OCN-TO-ATM: InitializeIPDv05p1 intro.
20221023 052316.783 INFO             PET3       OCN-TO-ATM: importState FieldTransferPolicy = transferNone
20221023 052316.783 INFO             PET3       OCN-TO-ATM: exportState FieldTransferPolicy = transferNone
20221023 052316.783 INFO             PET3     OCN-TO-ATM: InitializeIPDv05p1 extro.
20221023 052316.783 INFO             PET3     esm: IInitAdvertiseFinish intro.
20221023 052316.783 INFO             PET3     esm: IInitAdvertiseFinish extro.
20221023 052316.783 INFO             PET3     ATM-TO-OCN: InitializeIPDv05p2a intro.
20221023 052316.788 INFO             PET3       ATM-TO-OCN:      importStandardNameList(i=  1): air_pressure_at_sea_level
20221023 052316.788 INFO             PET3       ATM-TO-OCN:         importNamespaceList(i=  1): ATM
20221023 052316.788 INFO             PET3       ATM-TO-OCN:            importCplSetList(i=  1): __UNSPECIFIED__
20221023 052316.788 INFO             PET3       ATM-TO-OCN:      exportStandardNameList(j=  1): air_pressure_at_sea_level
20221023 052316.788 INFO             PET3       ATM-TO-OCN:         exportNamespaceList(j=  1): OCN
20221023 052316.788 INFO             PET3       ATM-TO-OCN:            exportCplSetList(j=  1): __UNSPECIFIED__
20221023 052316.788 INFO             PET3       ATM-TO-OCN: bondLevel= 1
20221023 052316.788 INFO             PET3       ATM-TO-OCN: ProducerConnection (bondLevelMax):         1
20221023 052316.788 INFO             PET3     ATM-TO-OCN: InitializeIPDv05p2a extro.
20221023 052316.788 INFO             PET3     OCN-TO-ATM: InitializeIPDv05p2a intro.
20221023 052316.795 INFO             PET3       OCN-TO-ATM:      importStandardNameList(i=  1): sea_surface_salinity
20221023 052316.795 INFO             PET3       OCN-TO-ATM:         importNamespaceList(i=  1): OCN
20221023 052316.795 INFO             PET3       OCN-TO-ATM:            importCplSetList(i=  1): __UNSPECIFIED__
20221023 052316.795 INFO             PET3       OCN-TO-ATM:      exportStandardNameList(j=  1): sea_surface_salinity
20221023 052316.795 INFO             PET3       OCN-TO-ATM:         exportNamespaceList(j=  1): ATM
20221023 052316.795 INFO             PET3       OCN-TO-ATM:            exportCplSetList(j=  1): __UNSPECIFIED__
20221023 052316.795 INFO             PET3       OCN-TO-ATM: bondLevel= 1
20221023 052316.795 INFO             PET3       OCN-TO-ATM: ProducerConnection (bondLevelMax):         1
20221023 052316.795 INFO             PET3       OCN-TO-ATM:      importStandardNameList(i=  2): sea_surface_temperature
20221023 052316.795 INFO             PET3       OCN-TO-ATM:         importNamespaceList(i=  2): OCN
20221023 052316.795 INFO             PET3       OCN-TO-ATM:            importCplSetList(i=  2): __UNSPECIFIED__
20221023 052316.795 INFO             PET3       OCN-TO-ATM:      exportStandardNameList(j=  2): sea_surface_temperature
20221023 052316.795 INFO             PET3       OCN-TO-ATM:         exportNamespaceList(j=  2): ATM
20221023 052316.795 INFO             PET3       OCN-TO-ATM:            exportCplSetList(j=  2): __UNSPECIFIED__
20221023 052316.795 INFO             PET3       OCN-TO-ATM: bondLevel= 1
20221023 052316.795 INFO             PET3       OCN-TO-ATM: ProducerConnection (bondLevelMax):         1
20221023 052316.795 INFO             PET3     OCN-TO-ATM: InitializeIPDv05p2a extro.
20221023 052316.795 INFO             PET3     ATM-TO-OCN: InitializeIPDv05p2b intro.
20221023 052316.799 INFO             PET3       ATM-TO-OCN:      importStandardNameList(i=  1): air_pressure_at_sea_level
20221023 052316.799 INFO             PET3       ATM-TO-OCN:         importNamespaceList(i=  1): ATM
20221023 052316.799 INFO             PET3       ATM-TO-OCN:            importCplSetList(i=  1): __UNSPECIFIED__
20221023 052316.799 INFO             PET3       ATM-TO-OCN:      exportStandardNameList(j=  1): air_pressure_at_sea_level
20221023 052316.799 INFO             PET3       ATM-TO-OCN:         exportNamespaceList(j=  1): OCN
20221023 052316.799 INFO             PET3       ATM-TO-OCN:            exportCplSetList(j=  1): __UNSPECIFIED__
20221023 052316.799 INFO             PET3       ATM-TO-OCN: bondLevel= 1
20221023 052316.799 INFO             PET3       ATM-TO-OCN: => added cplList(  1)=air_pressure_at_sea_level, cplSetList(  1)=__UNSPECIFIED__
20221023 052316.800 INFO             PET3     ATM-TO-OCN: InitializeIPDv05p2b extro.
20221023 052316.800 INFO             PET3     OCN-TO-ATM: InitializeIPDv05p2b intro.
20221023 052316.806 INFO             PET3       OCN-TO-ATM:      importStandardNameList(i=  1): sea_surface_salinity
20221023 052316.806 INFO             PET3       OCN-TO-ATM:         importNamespaceList(i=  1): OCN
20221023 052316.806 INFO             PET3       OCN-TO-ATM:            importCplSetList(i=  1): __UNSPECIFIED__
20221023 052316.806 INFO             PET3       OCN-TO-ATM:      exportStandardNameList(j=  1): sea_surface_salinity
20221023 052316.806 INFO             PET3       OCN-TO-ATM:         exportNamespaceList(j=  1): ATM
20221023 052316.806 INFO             PET3       OCN-TO-ATM:            exportCplSetList(j=  1): __UNSPECIFIED__
20221023 052316.806 INFO             PET3       OCN-TO-ATM: bondLevel= 1
20221023 052316.806 INFO             PET3       OCN-TO-ATM: => added cplList(  1)=sea_surface_salinity, cplSetList(  1)=__UNSPECIFIED__
20221023 052316.806 INFO             PET3       OCN-TO-ATM:      importStandardNameList(i=  2): sea_surface_temperature
20221023 052316.806 INFO             PET3       OCN-TO-ATM:         importNamespaceList(i=  2): OCN
20221023 052316.806 INFO             PET3       OCN-TO-ATM:            importCplSetList(i=  2): __UNSPECIFIED__
20221023 052316.806 INFO             PET3       OCN-TO-ATM:      exportStandardNameList(j=  2): sea_surface_temperature
20221023 052316.806 INFO             PET3       OCN-TO-ATM:         exportNamespaceList(j=  2): ATM
20221023 052316.806 INFO             PET3       OCN-TO-ATM:            exportCplSetList(j=  2): __UNSPECIFIED__
20221023 052316.806 INFO             PET3       OCN-TO-ATM: bondLevel= 1
20221023 052316.806 INFO             PET3       OCN-TO-ATM: => added cplList(  2)=sea_surface_temperature, cplSetList(  2)=__UNSPECIFIED__
20221023 052316.806 INFO             PET3     OCN-TO-ATM: InitializeIPDv05p2b extro.
20221023 052316.806 INFO             PET3     esm: IInitModifyCplLists intro.
20221023 052316.807 INFO             PET3       Driver is in ModifyCplLists()
20221023 052316.807 INFO             PET3        Found             2  Connectors. Modifying CplList Attribute....
20221023 052316.807 INFO             PET3     esm: IInitModifyCplLists extro.
20221023 052316.807 INFO             PET3     ATM-TO-OCN: InitializeIPDv05p3 intro.
20221023 052316.812 INFO             PET3       ATM-TO-OCN: handle cplList(1): air_pressure_at_sea_level, cplSetList(1): __UNSPECIFIED__
20221023 052316.812 INFO             PET3       ATM-TO-OCN: - connected.
20221023 052316.812 INFO             PET3       ATM-TO-OCN: - import side may accept, export side must provide the Field/GeomObject.
20221023 052316.812 INFO             PET3       ATM-TO-OCN: - combination of provider and acceptor VM does NOT support Field and/or GeomObject sharing between them.
20221023 052316.812 INFO             PET3     ATM-TO-OCN: InitializeIPDv05p3 extro.
20221023 052316.813 INFO             PET3     OCN-TO-ATM: InitializeIPDv05p3 intro.
20221023 052316.819 INFO             PET3       OCN-TO-ATM: handle cplList(1): sea_surface_salinity, cplSetList(1): __UNSPECIFIED__
20221023 052316.819 INFO             PET3       OCN-TO-ATM: - connected.
20221023 052316.819 INFO             PET3       OCN-TO-ATM: - import side must provide, export side may accept the Field/GeomObject.
20221023 052316.819 INFO             PET3       OCN-TO-ATM: - combination of provider and acceptor VM does NOT support Field and/or GeomObject sharing between them.
20221023 052316.819 INFO             PET3       OCN-TO-ATM: handle cplList(2): sea_surface_temperature, cplSetList(2): __UNSPECIFIED__
20221023 052316.819 INFO             PET3       OCN-TO-ATM: - connected.
20221023 052316.819 INFO             PET3       OCN-TO-ATM: - import side must provide, export side may accept the Field/GeomObject.
20221023 052316.820 INFO             PET3       OCN-TO-ATM: - combination of provider and acceptor VM does NOT support Field and/or GeomObject sharing between them.
20221023 052316.820 INFO             PET3     OCN-TO-ATM: InitializeIPDv05p3 extro.
20221023 052316.820 INFO             PET3     <<<esm: leaving Initialize (phase=<none>) with current time: 2010  6  1  0  0  0   0
20221023 052316.820 INFO             PET3   esm: InitializeIPDv02p1 extro.
20221023 052316.820 INFO             PET3   esm: InitializeIPDv02p3 intro.
20221023 052316.820 INFO             PET3     >>>esm: entered Initialize (phase=<none>) with current time: 2010  6  1  0  0  0   0
