2022-09-22 12:31:04
20220922 124938.730 INFO             PET0 !!!!!!!!!!!!!!!!!!!!!!!!!!!!!!!!!!!!!!!!!!!!!!!!!!!!!!
20220922 124938.730 INFO             PET0 !!! THE ESMF_LOG IS SET TO OUTPUT ALL LOG MESSAGES !!!
20220922 124938.730 INFO             PET0 !!!     THIS MAY CAUSE SLOWDOWN IN PERFORMANCE     !!!
20220922 124938.730 INFO             PET0 !!! FOR PRODUCTION RUNS, USE:                      !!!
20220922 124938.730 INFO             PET0 !!!                   ESMF_LOGKIND_Multi_On_Error  !!!
20220922 124938.730 INFO             PET0 !!!!!!!!!!!!!!!!!!!!!!!!!!!!!!!!!!!!!!!!!!!!!!!!!!!!!!
20220922 124938.730 INFO             PET0 Running with ESMF Version   : v8.4.0b14-4-g385fd8f7d2
20220922 124938.730 INFO             PET0 ESMF library build date/time: "Sep 22 2022" "12:29:39"
20220922 124938.730 INFO             PET0 ESMF library build location : /project/esmf/rocky/esmf-testing/gfortran_11.2.0_mpiuni_g_develop/esmf
20220922 124938.730 INFO             PET0 ESMF_COMM                   : mpiuni
20220922 124938.730 INFO             PET0 ESMF_MOAB                   : enabled
20220922 124938.730 INFO             PET0 ESMF_LAPACK                 : enabled
20220922 124938.730 INFO             PET0 ESMF_NETCDF                 : enabled
20220922 124938.730 INFO             PET0 ESMF_PNETCDF                : disabled
20220922 124938.730 INFO             PET0 ESMF_PIO                    : disabled
20220922 124938.730 INFO             PET0 ESMF_YAMLCPP                : enabled
20220922 124938.731 INFO             PET0  NUMBER_OF_PROCESSORS           1
20220922 124938.731 INFO             PET0  PASS  Example ESMF_GridCreateRegFromDGEx, ESMF_GridCreateRegFromDGEx.F90, line 112
20220922 124938.731 INFO             PET0 Finalizing ESMF
