2022-10-17 01:58:39
20221017 030454.142 INFO             PET0 !!!!!!!!!!!!!!!!!!!!!!!!!!!!!!!!!!!!!!!!!!!!!!!!!!!!!!
20221017 030454.142 INFO             PET0 !!! THE ESMF_LOG IS SET TO OUTPUT ALL LOG MESSAGES !!!
20221017 030454.142 INFO             PET0 !!!     THIS MAY CAUSE SLOWDOWN IN PERFORMANCE     !!!
20221017 030454.142 INFO             PET0 !!! FOR PRODUCTION RUNS, USE:                      !!!
20221017 030454.142 INFO             PET0 !!!                   ESMF_LOGKIND_Multi_On_Error  !!!
20221017 030454.142 INFO             PET0 !!!!!!!!!!!!!!!!!!!!!!!!!!!!!!!!!!!!!!!!!!!!!!!!!!!!!!
20221017 030454.142 INFO             PET0 Running with ESMF Version   : v8.4.0b20
20221017 030454.142 INFO             PET0 ESMF library build date/time: "Oct 17 2022" "01:50:41"
20221017 030454.142 INFO             PET0 ESMF library build location : /discover/nobackup/projects/sbu/mpotts/esmf-test/pgi_20.4_mpiuni_O_release_8.4.0/esmf
20221017 030454.142 INFO             PET0 ESMF_COMM                   : mpiuni
20221017 030454.142 INFO             PET0 ESMF_MOAB                   : enabled
20221017 030454.142 INFO             PET0 ESMF_LAPACK                 : enabled
20221017 030454.142 INFO             PET0 ESMF_NETCDF                 : disabled
20221017 030454.142 INFO             PET0 ESMF_PNETCDF                : disabled
20221017 030454.142 INFO             PET0 ESMF_PIO                    : disabled
20221017 030454.142 INFO             PET0 ESMF_YAMLCPP                : enabled
20221017 030454.142 INFO             PET0  NUMBER_OF_PROCESSORS            1
20221017 030454.142 INFO             PET0  PASS  Example ESMF_VMAllFullReduceEx, ESMF_VMAllFullReduceEx.F90, line 113
20221017 030454.142 INFO             PET0 Finalizing ESMF
