2022-10-26 03:16:45
[Orion-03-15:139319:0:139319] Caught signal 11 (Segmentation fault: address not mapped to object at address 0x4f1b591)
[Orion-03-15:139320:0:139320] Caught signal 11 (Segmentation fault: address not mapped to object at address 0x4f1b591)
[Orion-03-15:139321:0:139321] Caught signal 11 (Segmentation fault: address not mapped to object at address 0x4f1b591)
[Orion-03-15:139322:0:139322] Caught signal 11 (Segmentation fault: address not mapped to object at address 0x4f1b591)

/work/noaa/da/mpotts/sandbox/pgi_2019_openmpi_O_v8.4.0/esmf/src/Infrastructure/LogErr/src/ESMCI_LogErr.C: [ ESMCI::LogErr::MsgFoundError() ]
      ...
      583 {
      584     bool result=false;
      585 #ifdef ESMC_SUCCESSDEFAULT_ON
==>   586     if (rcToReturn != ESMC_NULL_POINTER) *rcToReturn=ESMF_SUCCESS;
      587 #endif
      588     if (trace) {
      589         Write(ESMC_METHOD,ESMC_LOGMSG_TRACE,


/work/noaa/da/mpotts/sandbox/pgi_2019_openmpi_O_v8.4.0/esmf/src/Infrastructure/LogErr/src/ESMCI_LogErr.C: [ ESMCI::LogErr::MsgFoundError() ]
      ...
      583 {
      584     bool result=false;
      585 #ifdef ESMC_SUCCESSDEFAULT_ON
==>   586     if (rcToReturn != ESMC_NULL_POINTER) *rcToReturn=ESMF_SUCCESS;
      587 #endif
      588     if (trace) {
      589         Write(ESMC_METHOD,ESMC_LOGMSG_TRACE,


/work/noaa/da/mpotts/sandbox/pgi_2019_openmpi_O_v8.4.0/esmf/src/Infrastructure/LogErr/src/ESMCI_LogErr.C: [ ESMCI::LogErr::MsgFoundError() ]
      ...

/work/noaa/da/mpotts/sandbox/pgi_2019_openmpi_O_v8.4.0/esmf/src/Infrastructure/LogErr/src/ESMCI_LogErr.C: [ ESMCI::LogErr::MsgFoundError() ]
      ...
      583 {
      584     bool result=false;
      585 #ifdef ESMC_SUCCESSDEFAULT_ON
==>   586     if (rcToReturn != ESMC_NULL_POINTER) *rcToReturn=ESMF_SUCCESS;
      587 #endif
      588     if (trace) {
      589         Write(ESMC_METHOD,ESMC_LOGMSG_TRACE,
      583 {
      584     bool result=false;
      585 #ifdef ESMC_SUCCESSDEFAULT_ON
==>   586     if (rcToReturn != ESMC_NULL_POINTER) *rcToReturn=ESMF_SUCCESS;
      587 #endif
      588     if (trace) {

      589         Write(ESMC_METHOD,ESMC_LOGMSG_TRACE,

==== backtrace (tid: 139322) ====
 0 0x000000000072a4c3 ESMCI::LogErr::MsgFoundError()  /work/noaa/da/mpotts/sandbox/pgi_2019_openmpi_O_v8.4.0/esmf/src/Infrastructure/LogErr/src/ESMCI_LogErr.C:586
 1 0x00000000008826c1 c_esmc_meshcreatenodedistgrid_()  /work/noaa/da/mpotts/sandbox/pgi_2019_openmpi_O_v8.4.0/esmf/src/Infrastructure/Mesh/interface/ESMCI_Mesh_F.C:248
 2 0x0000000000f9416c esmf_meshmod_esmf_meshcreatefrompointer_()  /work/noaa/da/mpotts/sandbox/pgi_2019_openmpi_O_v8.4.0/esmf/src/Infrastructure/Mesh/interface/ESMF_Mesh.F90:3091
 3 0x0000000000e75932 esmf_gridutilmod_esmf_gridtomesh_()  /work/noaa/da/mpotts/sandbox/pgi_2019_openmpi_O_v8.4.0/esmf/src/Infrastructure/GridUtil/interface/ESMF_GridUtil.F90:453
 4 0x0000000000d99d06 esmf_fieldregridmod_b_or_p_gridtomesh_()  /work/noaa/da/mpotts/sandbox/pgi_2019_openmpi_O_v8.4.0/esmf/src/Infrastructure/Field/src/ESMF_FieldRegrid.F90:3228
 5 0x0000000000d97214 esmf_fieldregridmod_getmeshwithnodesonfieldloc_()  /work/noaa/da/mpotts/sandbox/pgi_2019_openmpi_O_v8.4.0/esmf/src/Infrastructure/Field/src/ESMF_FieldRegrid.F90:1346
 6 0x0000000000d95773 esmf_fieldregridmod_esmf_fieldregridstorenx_()  /work/noaa/da/mpotts/sandbox/pgi_2019_openmpi_O_v8.4.0/esmf/src/Infrastructure/Field/src/ESMF_FieldRegrid.F90:971
 7 0x0000000001225c27 nuopc_connector_fieldbundlecplstore_()  /work/noaa/da/mpotts/sandbox/pgi_2019_openmpi_O_v8.4.0/esmf/src/addon/NUOPC/src/NUOPC_Connector.F90:7919
 8 0x000000000120d084 nuopc_connector_initializeipdv05p6b_()  /work/noaa/da/mpotts/sandbox/pgi_2019_openmpi_O_v8.4.0/esmf/src/addon/NUOPC/src/NUOPC_Connector.F90:5386
 9 0x000000000064f167 ESMCI::FTable::callVFuncPtr()  /work/noaa/da/mpotts/sandbox/pgi_2019_openmpi_O_v8.4.0/esmf/src/Superstructure/Component/src/ESMCI_FTable.C:2167
10 0x000000000064d36a ESMCI_FTableCallEntryPointVMHop()  /work/noaa/da/mpotts/sandbox/pgi_2019_openmpi_O_v8.4.0/esmf/src/Superstructure/Component/src/ESMCI_FTable.C:824
11 0x0000000000a34668 ESMCI::VM::enter()  /work/noaa/da/mpotts/sandbox/pgi_2019_openmpi_O_v8.4.0/esmf/src/Infrastructure/VM/src/ESMCI_VM.C:1216
12 0x000000000064d747 c_esmc_ftablecallentrypointvm_()  /work/noaa/da/mpotts/sandbox/pgi_2019_openmpi_O_v8.4.0/esmf/src/Superstructure/Component/src/ESMCI_FTable.C:981
13 0x0000000000c07b5d esmf_compmod_esmf_compexecute_()  /work/noaa/da/mpotts/sandbox/pgi_2019_openmpi_O_v8.4.0/esmf/src/Superstructure/Component/src/ESMF_Comp.F90:1223
14 0x0000000000c18401 esmf_cplcompmod_esmf_cplcompinitialize_()  /work/noaa/da/mpotts/sandbox/pgi_2019_openmpi_O_v8.4.0/esmf/src/Superstructure/Component/src/ESMF_CplComp.F90:1165
15 0x00000000012457b4 nuopc_driver_loopconnectorcompss_()  /work/noaa/da/mpotts/sandbox/pgi_2019_openmpi_O_v8.4.0/esmf/src/addon/NUOPC/src/NUOPC_Driver.F90:2869
16 0x000000000123ccd1 nuopc_driver_initializeipdv02p3_()  /work/noaa/da/mpotts/sandbox/pgi_2019_openmpi_O_v8.4.0/esmf/src/addon/NUOPC/src/NUOPC_Driver.F90:2020
17 0x000000000122c7fa nuopc_driver_initializegeneric_()  /work/noaa/da/mpotts/sandbox/pgi_2019_openmpi_O_v8.4.0/esmf/src/addon/NUOPC/src/NUOPC_Driver.F90:479
18 0x000000000064f167 ESMCI::FTable::callVFuncPtr()  /work/noaa/da/mpotts/sandbox/pgi_2019_openmpi_O_v8.4.0/esmf/src/Superstructure/Component/src/ESMCI_FTable.C:2167
19 0x000000000064d36a ESMCI_FTableCallEntryPointVMHop()  /work/noaa/da/mpotts/sandbox/pgi_2019_openmpi_O_v8.4.0/esmf/src/Superstructure/Component/src/ESMCI_FTable.C:824
20 0x0000000000a34668 ESMCI::VM::enter()  /work/noaa/da/mpotts/sandbox/pgi_2019_openmpi_O_v8.4.0/esmf/src/Infrastructure/VM/src/ESMCI_VM.C:1216
21 0x000000000064d747 c_esmc_ftablecallentrypointvm_()  /work/noaa/da/mpotts/sandbox/pgi_2019_openmpi_O_v8.4.0/esmf/src/Superstructure/Component/src/ESMCI_FTable.C:981
22 0x0000000000c07b5d esmf_compmod_esmf_compexecute_()  /work/noaa/da/mpotts/sandbox/pgi_2019_openmpi_O_v8.4.0/esmf/src/Superstructure/Component/src/ESMF_Comp.F90:1223
23 0x0000000000ddbbb1 esmf_gridcompmod_esmf_gridcompinitialize_()  /work/noaa/da/mpotts/sandbox/pgi_2019_openmpi_O_v8.4.0/esmf/src/Superstructure/Component/src/ESMF_GridComp.F90:1412
24 0x0000000000405c3d MAIN_()  /work/noaa/da/mpotts/sandbox/pgi_2019_openmpi_O_v8.4.0/nuopc-app-prototypes/AtmOcnMedProto/esmApp.F90:58
25 0x00000000004058b3 main()  ???:0
26 0x0000000000022495 __libc_start_main()  ???:0
27 0x00000000004057b9 _start()  ???:0
=================================
==== backtrace (tid: 139320) ====
 0 0x000000000072a4c3 ESMCI::LogErr::MsgFoundError()  /work/noaa/da/mpotts/sandbox/pgi_2019_openmpi_O_v8.4.0/esmf/src/Infrastructure/LogErr/src/ESMCI_LogErr.C:586
 1 0x00000000008826c1 c_esmc_meshcreatenodedistgrid_()  /work/noaa/da/mpotts/sandbox/pgi_2019_openmpi_O_v8.4.0/esmf/src/Infrastructure/Mesh/interface/ESMCI_Mesh_F.C:248
 2 0x0000000000f9416c esmf_meshmod_esmf_meshcreatefrompointer_()  /work/noaa/da/mpotts/sandbox/pgi_2019_openmpi_O_v8.4.0/esmf/src/Infrastructure/Mesh/interface/ESMF_Mesh.F90:3091
 3 0x0000000000e75932 esmf_gridutilmod_esmf_gridtomesh_()  /work/noaa/da/mpotts/sandbox/pgi_2019_openmpi_O_v8.4.0/esmf/src/Infrastructure/GridUtil/interface/ESMF_GridUtil.F90:453
 4 0x0000000000d99d06 esmf_fieldregridmod_b_or_p_gridtomesh_()  /work/noaa/da/mpotts/sandbox/pgi_2019_openmpi_O_v8.4.0/esmf/src/Infrastructure/Field/src/ESMF_FieldRegrid.F90:3228
 5 0x0000000000d97214 esmf_fieldregridmod_getmeshwithnodesonfieldloc_()  /work/noaa/da/mpotts/sandbox/pgi_2019_openmpi_O_v8.4.0/esmf/src/Infrastructure/Field/src/ESMF_FieldRegrid.F90:1346
 6 0x0000000000d95773 esmf_fieldregridmod_esmf_fieldregridstorenx_()  /work/noaa/da/mpotts/sandbox/pgi_2019_openmpi_O_v8.4.0/esmf/src/Infrastructure/Field/src/ESMF_FieldRegrid.F90:971
 7 0x0000000001225c27 nuopc_connector_fieldbundlecplstore_()  /work/noaa/da/mpotts/sandbox/pgi_2019_openmpi_O_v8.4.0/esmf/src/addon/NUOPC/src/NUOPC_Connector.F90:7919
 8 0x000000000120d084 nuopc_connector_initializeipdv05p6b_()  /work/noaa/da/mpotts/sandbox/pgi_2019_openmpi_O_v8.4.0/esmf/src/addon/NUOPC/src/NUOPC_Connector.F90:5386
 9 0x000000000064f167 ESMCI::FTable::callVFuncPtr()  /work/noaa/da/mpotts/sandbox/pgi_2019_openmpi_O_v8.4.0/esmf/src/Superstructure/Component/src/ESMCI_FTable.C:2167
10 0x000000000064d36a ESMCI_FTableCallEntryPointVMHop()  /work/noaa/da/mpotts/sandbox/pgi_2019_openmpi_O_v8.4.0/esmf/src/Superstructure/Component/src/ESMCI_FTable.C:824
11 0x0000000000a34668 ESMCI::VM::enter()  /work/noaa/da/mpotts/sandbox/pgi_2019_openmpi_O_v8.4.0/esmf/src/Infrastructure/VM/src/ESMCI_VM.C:1216
12 0x000000000064d747 c_esmc_ftablecallentrypointvm_()  /work/noaa/da/mpotts/sandbox/pgi_2019_openmpi_O_v8.4.0/esmf/src/Superstructure/Component/src/ESMCI_FTable.C:981
13 0x0000000000c07b5d esmf_compmod_esmf_compexecute_()  /work/noaa/da/mpotts/sandbox/pgi_2019_openmpi_O_v8.4.0/esmf/src/Superstructure/Component/src/ESMF_Comp.F90:1223
14 0x0000000000c18401 esmf_cplcompmod_esmf_cplcompinitialize_()  /work/noaa/da/mpotts/sandbox/pgi_2019_openmpi_O_v8.4.0/esmf/src/Superstructure/Component/src/ESMF_CplComp.F90:1165
15 0x00000000012457b4 nuopc_driver_loopconnectorcompss_()  /work/noaa/da/mpotts/sandbox/pgi_2019_openmpi_O_v8.4.0/esmf/src/addon/NUOPC/src/NUOPC_Driver.F90:2869
16 0x000000000123ccd1 nuopc_driver_initializeipdv02p3_()  /work/noaa/da/mpotts/sandbox/pgi_2019_openmpi_O_v8.4.0/esmf/src/addon/NUOPC/src/NUOPC_Driver.F90:2020
17 0x000000000122c7fa nuopc_driver_initializegeneric_()  /work/noaa/da/mpotts/sandbox/pgi_2019_openmpi_O_v8.4.0/esmf/src/addon/NUOPC/src/NUOPC_Driver.F90:479
18 0x000000000064f167 ESMCI::FTable::callVFuncPtr()  /work/noaa/da/mpotts/sandbox/pgi_2019_openmpi_O_v8.4.0/esmf/src/Superstructure/Component/src/ESMCI_FTable.C:2167
19 0x000000000064d36a ESMCI_FTableCallEntryPointVMHop()  /work/noaa/da/mpotts/sandbox/pgi_2019_openmpi_O_v8.4.0/esmf/src/Superstructure/Component/src/ESMCI_FTable.C:824
20 0x0000000000a34668 ESMCI::VM::enter()  /work/noaa/da/mpotts/sandbox/pgi_2019_openmpi_O_v8.4.0/esmf/src/Infrastructure/VM/src/ESMCI_VM.C:1216
21 0x000000000064d747 c_esmc_ftablecallentrypointvm_()  /work/noaa/da/mpotts/sandbox/pgi_2019_openmpi_O_v8.4.0/esmf/src/Superstructure/Component/src/ESMCI_FTable.C:981
22 0x0000000000c07b5d esmf_compmod_esmf_compexecute_()  /work/noaa/da/mpotts/sandbox/pgi_2019_openmpi_O_v8.4.0/esmf/src/Superstructure/Component/src/ESMF_Comp.F90:1223
23 0x0000000000ddbbb1 esmf_gridcompmod_esmf_gridcompinitialize_()  /work/noaa/da/mpotts/sandbox/pgi_2019_openmpi_O_v8.4.0/esmf/src/Superstructure/Component/src/ESMF_GridComp.F90:1412
[Orion-03-15:139322] *** Process received signal ***
[Orion-03-15:139322] Signal: Segmentation fault (11)
[Orion-03-15:139322] Signal code:  (-6)
[Orion-03-15:139322] Failing at address: 0x20e50002203a
24 0x0000000000405c3d MAIN_()  /work/noaa/da/mpotts/sandbox/pgi_2019_openmpi_O_v8.4.0/nuopc-app-prototypes/AtmOcnMedProto/esmApp.F90:58
25 0x00000000004058b3 main()  ???:0
26 0x0000000000022495 __libc_start_main()  ???:0
27 0x00000000004057b9 _start()  ???:0
=================================
[Orion-03-15:139320] *** Process received signal ***
[Orion-03-15:139320] Signal: Segmentation fault (11)
[Orion-03-15:139320] Signal code:  (-6)
[Orion-03-15:139320] Failing at address: 0x20e500022038
[Orion-03-15:139322] [ 0] /lib64/libpthread.so.0(+0xf5d0)[0x7f6c0ea6b5d0]
[Orion-03-15:139320] [ 0] /lib64/libpthread.so.0(+0xf5d0)[0x7f1e5cc8b5d0]
[Orion-03-15:139322] [ 1] /work/noaa/da/mpotts/sandbox/pgi_2019_openmpi_O_v8.4.0/esmf/DEFAULTINSTALLDIR/lib/libO/Linux.pgi.64.openmpi.default/libesmf.so(_ZN5ESMCI6LogErr13MsgFoundErrorEiPKciS2_S2_Pi+0x33)[0x7f6c0d2104c3]
[Orion-03-15:139320] [ 1] /work/noaa/da/mpotts/sandbox/pgi_2019_openmpi_O_v8.4.0/esmf/DEFAULTINSTALLDIR/lib/libO/Linux.pgi.64.openmpi.default/libesmf.so(_ZN5ESMCI6LogErr13MsgFoundErrorEiPKciS2_S2_Pi+0x33)[0x7f1e5b4304c3]
[Orion-03-15:139322] [ 2] /work/noaa/da/mpotts/sandbox/pgi_2019_openmpi_O_v8.4.0/esmf/DEFAULTINSTALLDIR/lib/libO/Linux.pgi.64.openmpi.default/libesmf.so(c_esmc_meshcreatenodedistgrid_+0xa1)[0x7f6c0d3686c1]
[Orion-03-15:139320] [ 2] /work/noaa/da/mpotts/sandbox/pgi_2019_openmpi_O_v8.4.0/esmf/DEFAULTINSTALLDIR/lib/libO/Linux.pgi.64.openmpi.default/libesmf.so(c_esmc_meshcreatenodedistgrid_+0xa1)[0x7f1e5b5886c1]
[Orion-03-15:139322] [ 3] /work/noaa/da/mpotts/sandbox/pgi_2019_openmpi_O_v8.4.0/esmf/DEFAULTINSTALLDIR/lib/libO/Linux.pgi.64.openmpi.default/libesmf.so(esmf_meshmod_esmf_meshcreatefrompointer_+0x4c)[0x7f6c0da7a16c]
[Orion-03-15:139320] [ 3] /work/noaa/da/mpotts/sandbox/pgi_2019_openmpi_O_v8.4.0/esmf/DEFAULTINSTALLDIR/lib/libO/Linux.pgi.64.openmpi.default/libesmf.so(esmf_meshmod_esmf_meshcreatefrompointer_+0x4c)[0x7f1e5bc9a16c]
[Orion-03-15:139322] [ 4] /work/noaa/da/mpotts/sandbox/pgi_2019_openmpi_O_v8.4.0/esmf/DEFAULTINSTALLDIR/lib/libO/Linux.pgi.64.openmpi.default/libesmf.so(esmf_gridutilmod_esmf_gridtomesh_+0x352)[0x7f6c0d95b932]
[Orion-03-15:139320] [ 4] /work/noaa/da/mpotts/sandbox/pgi_2019_openmpi_O_v8.4.0/esmf/DEFAULTINSTALLDIR/lib/libO/Linux.pgi.64.openmpi.default/libesmf.so(esmf_gridutilmod_esmf_gridtomesh_+0x352)[0x7f1e5bb7b932]
[Orion-03-15:139322] [ 5] /work/noaa/da/mpotts/sandbox/pgi_2019_openmpi_O_v8.4.0/esmf/DEFAULTINSTALLDIR/lib/libO/Linux.pgi.64.openmpi.default/libesmf.so(esmf_fieldregridmod_b_or_p_gridtomesh_+0x156)[0x7f6c0d87fd06]
[Orion-03-15:139320] [ 5] /work/noaa/da/mpotts/sandbox/pgi_2019_openmpi_O_v8.4.0/esmf/DEFAULTINSTALLDIR/lib/libO/Linux.pgi.64.openmpi.default/libesmf.so(esmf_fieldregridmod_b_or_p_gridtomesh_+0x156)[0x7f1e5ba9fd06]
[Orion-03-15:139322] [ 6] /work/noaa/da/mpotts/sandbox/pgi_2019_openmpi_O_v8.4.0/esmf/DEFAULTINSTALLDIR/lib/libO/Linux.pgi.64.openmpi.default/libesmf.so(esmf_fieldregridmod_getmeshwithnodesonfieldloc_+0x394)[0x7f6c0d87d214]
[Orion-03-15:139320] [ 6] /work/noaa/da/mpotts/sandbox/pgi_2019_openmpi_O_v8.4.0/esmf/DEFAULTINSTALLDIR/lib/libO/Linux.pgi.64.openmpi.default/libesmf.so(esmf_fieldregridmod_getmeshwithnodesonfieldloc_+0x394)[0x7f1e5ba9d214]
[Orion-03-15:139322] [ 7] /work/noaa/da/mpotts/sandbox/pgi_2019_openmpi_O_v8.4.0/esmf/DEFAULTINSTALLDIR/lib/libO/Linux.pgi.64.openmpi.default/libesmf.so(esmf_fieldregridmod_esmf_fieldregridstorenx_+0x9c3)[0x7f6c0d87b773]
[Orion-03-15:139320] [ 7] /work/noaa/da/mpotts/sandbox/pgi_2019_openmpi_O_v8.4.0/esmf/DEFAULTINSTALLDIR/lib/libO/Linux.pgi.64.openmpi.default/libesmf.so(esmf_fieldregridmod_esmf_fieldregridstorenx_+0x9c3)[0x7f1e5ba9b773]
[Orion-03-15:139322] [ 8] /work/noaa/da/mpotts/sandbox/pgi_2019_openmpi_O_v8.4.0/esmf/DEFAULTINSTALLDIR/lib/libO/Linux.pgi.64.openmpi.default/libesmf.so(nuopc_connector_fieldbundlecplstore_+0xbc87)[0x7f6c0dd0bc27]
[Orion-03-15:139320] [ 8] /work/noaa/da/mpotts/sandbox/pgi_2019_openmpi_O_v8.4.0/esmf/DEFAULTINSTALLDIR/lib/libO/Linux.pgi.64.openmpi.default/libesmf.so(nuopc_connector_fieldbundlecplstore_+0xbc87)[0x7f1e5bf2bc27]
[Orion-03-15:139322] [ 9] /work/noaa/da/mpotts/sandbox/pgi_2019_openmpi_O_v8.4.0/esmf/DEFAULTINSTALLDIR/lib/libO/Linux.pgi.64.openmpi.default/libesmf.so(nuopc_connector_initializeipdv05p6b_+0x4f74)[0x7f6c0dcf3084]
[Orion-03-15:139320] [ 9] /work/noaa/da/mpotts/sandbox/pgi_2019_openmpi_O_v8.4.0/esmf/DEFAULTINSTALLDIR/lib/libO/Linux.pgi.64.openmpi.default/libesmf.so(nuopc_connector_initializeipdv05p6b_+0x4f74)[0x7f1e5bf13084]
[Orion-03-15:139322] [10] /work/noaa/da/mpotts/sandbox/pgi_2019_openmpi_O_v8.4.0/esmf/DEFAULTINSTALLDIR/lib/libO/Linux.pgi.64.openmpi.default/libesmf.so(_ZN5ESMCI6FTable12callVFuncPtrEPKcPNS_2VMEPi+0x417)[0x7f6c0d135167]
[Orion-03-15:139320] [10] /work/noaa/da/mpotts/sandbox/pgi_2019_openmpi_O_v8.4.0/esmf/DEFAULTINSTALLDIR/lib/libO/Linux.pgi.64.openmpi.default/libesmf.so(_ZN5ESMCI6FTable12callVFuncPtrEPKcPNS_2VMEPi+0x417)[0x7f1e5b355167]
[Orion-03-15:139322] [11] /work/noaa/da/mpotts/sandbox/pgi_2019_openmpi_O_v8.4.0/esmf/DEFAULTINSTALLDIR/lib/libO/Linux.pgi.64.openmpi.default/libesmf.so(ESMCI_FTableCallEntryPointVMHop+0x1ea)[0x7f6c0d13336a]
[Orion-03-15:139320] [11] /work/noaa/da/mpotts/sandbox/pgi_2019_openmpi_O_v8.4.0/esmf/DEFAULTINSTALLDIR/lib/libO/Linux.pgi.64.openmpi.default/libesmf.so(ESMCI_FTableCallEntryPointVMHop+0x1ea)[0x7f1e5b35336a]
[Orion-03-15:139322] [12] /work/noaa/da/mpotts/sandbox/pgi_2019_openmpi_O_v8.4.0/esmf/DEFAULTINSTALLDIR/lib/libO/Linux.pgi.64.openmpi.default/libesmf.so(_ZN5ESMCI2VM5enterEPNS_6VMPlanEPvS3_+0x18)[0x7f6c0d51a668]
[Orion-03-15:139320] [12] /work/noaa/da/mpotts/sandbox/pgi_2019_openmpi_O_v8.4.0/esmf/DEFAULTINSTALLDIR/lib/libO/Linux.pgi.64.openmpi.default/libesmf.so(_ZN5ESMCI2VM5enterEPNS_6VMPlanEPvS3_+0x18)[0x7f1e5b73a668]
[Orion-03-15:139322] [13] /work/noaa/da/mpotts/sandbox/pgi_2019_openmpi_O_v8.4.0/esmf/DEFAULTINSTALLDIR/lib/libO/Linux.pgi.64.openmpi.default/libesmf.so(c_esmc_ftablecallentrypointvm_+0x337)[0x7f6c0d133747]
[Orion-03-15:139320] [13] /work/noaa/da/mpotts/sandbox/pgi_2019_openmpi_O_v8.4.0/esmf/DEFAULTINSTALLDIR/lib/libO/Linux.pgi.64.openmpi.default/libesmf.so(c_esmc_ftablecallentrypointvm_+0x337)[0x7f1e5b353747]
[Orion-03-15:139320] [14] /work/noaa/da/mpotts/sandbox/pgi_2019_openmpi_O_v8.4.0/esmf/DEFAULTINSTALLDIR/lib/libO/Linux.pgi.64.openmpi.default/libesmf.so(esmf_compmod_esmf_compexecute_+0x7ed)[0x7f1e5b90db5d]
[Orion-03-15:139322] [14] /work/noaa/da/mpotts/sandbox/pgi_2019_openmpi_O_v8.4.0/esmf/DEFAULTINSTALLDIR/lib/libO/Linux.pgi.64.openmpi.default/libesmf.so(esmf_compmod_esmf_compexecute_+0x7ed)[0x7f6c0d6edb5d]
[Orion-03-15:139320] [15] /work/noaa/da/mpotts/sandbox/pgi_2019_openmpi_O_v8.4.0/esmf/DEFAULTINSTALLDIR/lib/libO/Linux.pgi.64.openmpi.default/libesmf.so(esmf_cplcompmod_esmf_cplcompinitialize_+0x161)[0x7f1e5b91e401]
[Orion-03-15:139322] [15] /work/noaa/da/mpotts/sandbox/pgi_2019_openmpi_O_v8.4.0/esmf/DEFAULTINSTALLDIR/lib/libO/Linux.pgi.64.openmpi.default/libesmf.so(esmf_cplcompmod_esmf_cplcompinitialize_+0x161)[0x7f6c0d6fe401]
[Orion-03-15:139320] [16] /work/noaa/da/mpotts/sandbox/pgi_2019_openmpi_O_v8.4.0/esmf/DEFAULTINSTALLDIR/lib/libO/Linux.pgi.64.openmpi.default/libesmf.so(nuopc_driver_loopconnectorcompss_+0xeb4)[0x7f1e5bf4b7b4]
[Orion-03-15:139322] [16] /work/noaa/da/mpotts/sandbox/pgi_2019_openmpi_O_v8.4.0/esmf/DEFAULTINSTALLDIR/lib/libO/Linux.pgi.64.openmpi.default/libesmf.so(nuopc_driver_loopconnectorcompss_+0xeb4)[0x7f6c0dd2b7b4]
[Orion-03-15:139320] [17] /work/noaa/da/mpotts/sandbox/pgi_2019_openmpi_O_v8.4.0/esmf/DEFAULTINSTALLDIR/lib/libO/Linux.pgi.64.openmpi.default/libesmf.so(nuopc_driver_initializeipdv02p3_+0x20f1)[0x7f1e5bf42cd1]
[Orion-03-15:139322] [17] /work/noaa/da/mpotts/sandbox/pgi_2019_openmpi_O_v8.4.0/esmf/DEFAULTINSTALLDIR/lib/libO/Linux.pgi.64.openmpi.default/libesmf.so(nuopc_driver_initializeipdv02p3_+0x20f1)[0x7f6c0dd22cd1]
[Orion-03-15:139320] [18] /work/noaa/da/mpotts/sandbox/pgi_2019_openmpi_O_v8.4.0/esmf/DEFAULTINSTALLDIR/lib/libO/Linux.pgi.64.openmpi.default/libesmf.so(nuopc_driver_initializegeneric_+0x62a)[0x7f1e5bf327fa]
[Orion-03-15:139322] [18] /work/noaa/da/mpotts/sandbox/pgi_2019_openmpi_O_v8.4.0/esmf/DEFAULTINSTALLDIR/lib/libO/Linux.pgi.64.openmpi.default/libesmf.so(nuopc_driver_initializegeneric_+0x62a)[0x7f6c0dd127fa]
[Orion-03-15:139320] [19] /work/noaa/da/mpotts/sandbox/pgi_2019_openmpi_O_v8.4.0/esmf/DEFAULTINSTALLDIR/lib/libO/Linux.pgi.64.openmpi.default/libesmf.so(_ZN5ESMCI6FTable12callVFuncPtrEPKcPNS_2VMEPi+0x417)[0x7f1e5b355167]
[Orion-03-15:139322] [19] /work/noaa/da/mpotts/sandbox/pgi_2019_openmpi_O_v8.4.0/esmf/DEFAULTINSTALLDIR/lib/libO/Linux.pgi.64.openmpi.default/libesmf.so(_ZN5ESMCI6FTable12callVFuncPtrEPKcPNS_2VMEPi+0x417)[0x7f6c0d135167]
[Orion-03-15:139320] [20] /work/noaa/da/mpotts/sandbox/pgi_2019_openmpi_O_v8.4.0/esmf/DEFAULTINSTALLDIR/lib/libO/Linux.pgi.64.openmpi.default/libesmf.so(ESMCI_FTableCallEntryPointVMHop+0x1ea)[0x7f1e5b35336a]
[Orion-03-15:139322] [20] /work/noaa/da/mpotts/sandbox/pgi_2019_openmpi_O_v8.4.0/esmf/DEFAULTINSTALLDIR/lib/libO/Linux.pgi.64.openmpi.default/libesmf.so(ESMCI_FTableCallEntryPointVMHop+0x1ea)[0x7f6c0d13336a]
[Orion-03-15:139320] [21] /work/noaa/da/mpotts/sandbox/pgi_2019_openmpi_O_v8.4.0/esmf/DEFAULTINSTALLDIR/lib/libO/Linux.pgi.64.openmpi.default/libesmf.so(_ZN5ESMCI2VM5enterEPNS_6VMPlanEPvS3_+0x18)[0x7f1e5b73a668]
[Orion-03-15:139322] [21] /work/noaa/da/mpotts/sandbox/pgi_2019_openmpi_O_v8.4.0/esmf/DEFAULTINSTALLDIR/lib/libO/Linux.pgi.64.openmpi.default/libesmf.so(_ZN5ESMCI2VM5enterEPNS_6VMPlanEPvS3_+0x18)[0x7f6c0d51a668]
[Orion-03-15:139320] [22] /work/noaa/da/mpotts/sandbox/pgi_2019_openmpi_O_v8.4.0/esmf/DEFAULTINSTALLDIR/lib/libO/Linux.pgi.64.openmpi.default/libesmf.so(c_esmc_ftablecallentrypointvm_+0x337)[0x7f1e5b353747]
[Orion-03-15:139322] [22] /work/noaa/da/mpotts/sandbox/pgi_2019_openmpi_O_v8.4.0/esmf/DEFAULTINSTALLDIR/lib/libO/Linux.pgi.64.openmpi.default/libesmf.so(c_esmc_ftablecallentrypointvm_+0x337)[0x7f6c0d133747]
[Orion-03-15:139320] [23] /work/noaa/da/mpotts/sandbox/pgi_2019_openmpi_O_v8.4.0/esmf/DEFAULTINSTALLDIR/lib/libO/Linux.pgi.64.openmpi.default/libesmf.so(esmf_compmod_esmf_compexecute_+0x7ed)[0x7f1e5b90db5d]
[Orion-03-15:139322] [23] /work/noaa/da/mpotts/sandbox/pgi_2019_openmpi_O_v8.4.0/esmf/DEFAULTINSTALLDIR/lib/libO/Linux.pgi.64.openmpi.default/libesmf.so(esmf_compmod_esmf_compexecute_+0x7ed)[0x7f6c0d6edb5d]
[Orion-03-15:139320] [24] /work/noaa/da/mpotts/sandbox/pgi_2019_openmpi_O_v8.4.0/esmf/DEFAULTINSTALLDIR/lib/libO/Linux.pgi.64.openmpi.default/libesmf.so(esmf_gridcompmod_esmf_gridcompinitialize_+0x161)[0x7f1e5bae1bb1]
[Orion-03-15:139322] [24] /work/noaa/da/mpotts/sandbox/pgi_2019_openmpi_O_v8.4.0/esmf/DEFAULTINSTALLDIR/lib/libO/Linux.pgi.64.openmpi.default/libesmf.so(esmf_gridcompmod_esmf_gridcompinitialize_+0x161)[0x7f6c0d8c1bb1]
[Orion-03-15:139322] [25] /work/noaa/da/mpotts/sandbox/pgi_2019_openmpi_O_v8.4.0/nuopc-app-prototypes/AtmOcnMedProto/./esmApp[0x405c3d]
[Orion-03-15:139322] [26] /work/noaa/da/mpotts/sandbox/pgi_2019_openmpi_O_v8.4.0/nuopc-app-prototypes/AtmOcnMedProto/./esmApp[0x4058b3]
[Orion-03-15:139320] [25] /work/noaa/da/mpotts/sandbox/pgi_2019_openmpi_O_v8.4.0/nuopc-app-prototypes/AtmOcnMedProto/./esmApp[0x405c3d]
[Orion-03-15:139320] [26] /work/noaa/da/mpotts/sandbox/pgi_2019_openmpi_O_v8.4.0/nuopc-app-prototypes/AtmOcnMedProto/./esmApp[0x4058b3]
[Orion-03-15:139320] [27] /lib64/libc.so.6(__libc_start_main+0xf5)[0x7f1e57153495]
[Orion-03-15:139320] [28] /work/noaa/da/mpotts/sandbox/pgi_2019_openmpi_O_v8.4.0/nuopc-app-prototypes/AtmOcnMedProto/./esmApp[0x4057b9]
[Orion-03-15:139320] *** End of error message ***
[Orion-03-15:139322] [27] /lib64/libc.so.6(__libc_start_main+0xf5)[0x7f6c08f33495]
[Orion-03-15:139322] [28] /work/noaa/da/mpotts/sandbox/pgi_2019_openmpi_O_v8.4.0/nuopc-app-prototypes/AtmOcnMedProto/./esmApp[0x4057b9]
[Orion-03-15:139322] *** End of error message ***
==== backtrace (tid: 139321) ====
 0 0x000000000072a4c3 ESMCI::LogErr::MsgFoundError()  /work/noaa/da/mpotts/sandbox/pgi_2019_openmpi_O_v8.4.0/esmf/src/Infrastructure/LogErr/src/ESMCI_LogErr.C:586
 1 0x00000000008826c1 c_esmc_meshcreatenodedistgrid_()  /work/noaa/da/mpotts/sandbox/pgi_2019_openmpi_O_v8.4.0/esmf/src/Infrastructure/Mesh/interface/ESMCI_Mesh_F.C:248
 2 0x0000000000f9416c esmf_meshmod_esmf_meshcreatefrompointer_()  /work/noaa/da/mpotts/sandbox/pgi_2019_openmpi_O_v8.4.0/esmf/src/Infrastructure/Mesh/interface/ESMF_Mesh.F90:3091
 3 0x0000000000e75932 esmf_gridutilmod_esmf_gridtomesh_()  /work/noaa/da/mpotts/sandbox/pgi_2019_openmpi_O_v8.4.0/esmf/src/Infrastructure/GridUtil/interface/ESMF_GridUtil.F90:453
 4 0x0000000000d99d06 esmf_fieldregridmod_b_or_p_gridtomesh_()  /work/noaa/da/mpotts/sandbox/pgi_2019_openmpi_O_v8.4.0/esmf/src/Infrastructure/Field/src/ESMF_FieldRegrid.F90:3228
 5 0x0000000000d97214 esmf_fieldregridmod_getmeshwithnodesonfieldloc_()  /work/noaa/da/mpotts/sandbox/pgi_2019_openmpi_O_v8.4.0/esmf/src/Infrastructure/Field/src/ESMF_FieldRegrid.F90:1346
 6 0x0000000000d95773 esmf_fieldregridmod_esmf_fieldregridstorenx_()  /work/noaa/da/mpotts/sandbox/pgi_2019_openmpi_O_v8.4.0/esmf/src/Infrastructure/Field/src/ESMF_FieldRegrid.F90:971
 7 0x0000000001225c27 nuopc_connector_fieldbundlecplstore_()  /work/noaa/da/mpotts/sandbox/pgi_2019_openmpi_O_v8.4.0/esmf/src/addon/NUOPC/src/NUOPC_Connector.F90:7919
 8 0x000000000120d084 nuopc_connector_initializeipdv05p6b_()  /work/noaa/da/mpotts/sandbox/pgi_2019_openmpi_O_v8.4.0/esmf/src/addon/NUOPC/src/NUOPC_Connector.F90:5386
 9 0x000000000064f167 ESMCI::FTable::callVFuncPtr()  /work/noaa/da/mpotts/sandbox/pgi_2019_openmpi_O_v8.4.0/esmf/src/Superstructure/Component/src/ESMCI_FTable.C:2167
10 0x000000000064d36a ESMCI_FTableCallEntryPointVMHop()  /work/noaa/da/mpotts/sandbox/pgi_2019_openmpi_O_v8.4.0/esmf/src/Superstructure/Component/src/ESMCI_FTable.C:824
11 0x0000000000a34668 ESMCI::VM::enter()  /work/noaa/da/mpotts/sandbox/pgi_2019_openmpi_O_v8.4.0/esmf/src/Infrastructure/VM/src/ESMCI_VM.C:1216
12 0x000000000064d747 c_esmc_ftablecallentrypointvm_()  /work/noaa/da/mpotts/sandbox/pgi_2019_openmpi_O_v8.4.0/esmf/src/Superstructure/Component/src/ESMCI_FTable.C:981
13 0x0000000000c07b5d esmf_compmod_esmf_compexecute_()  /work/noaa/da/mpotts/sandbox/pgi_2019_openmpi_O_v8.4.0/esmf/src/Superstructure/Component/src/ESMF_Comp.F90:1223
14 0x0000000000c18401 esmf_cplcompmod_esmf_cplcompinitialize_()  /work/noaa/da/mpotts/sandbox/pgi_2019_openmpi_O_v8.4.0/esmf/src/Superstructure/Component/src/ESMF_CplComp.F90:1165
15 0x00000000012457b4 nuopc_driver_loopconnectorcompss_()  /work/noaa/da/mpotts/sandbox/pgi_2019_openmpi_O_v8.4.0/esmf/src/addon/NUOPC/src/NUOPC_Driver.F90:2869
16 0x000000000123ccd1 nuopc_driver_initializeipdv02p3_()  /work/noaa/da/mpotts/sandbox/pgi_2019_openmpi_O_v8.4.0/esmf/src/addon/NUOPC/src/NUOPC_Driver.F90:2020
17 0x000000000122c7fa nuopc_driver_initializegeneric_()  /work/noaa/da/mpotts/sandbox/pgi_2019_openmpi_O_v8.4.0/esmf/src/addon/NUOPC/src/NUOPC_Driver.F90:479
18 0x000000000064f167 ESMCI::FTable::callVFuncPtr()  /work/noaa/da/mpotts/sandbox/pgi_2019_openmpi_O_v8.4.0/esmf/src/Superstructure/Component/src/ESMCI_FTable.C:2167
19 0x000000000064d36a ESMCI_FTableCallEntryPointVMHop()  /work/noaa/da/mpotts/sandbox/pgi_2019_openmpi_O_v8.4.0/esmf/src/Superstructure/Component/src/ESMCI_FTable.C:824
20 0x0000000000a34668 ESMCI::VM::enter()  /work/noaa/da/mpotts/sandbox/pgi_2019_openmpi_O_v8.4.0/esmf/src/Infrastructure/VM/src/ESMCI_VM.C:1216
21 0x000000000064d747 c_esmc_ftablecallentrypointvm_()  /work/noaa/da/mpotts/sandbox/pgi_2019_openmpi_O_v8.4.0/esmf/src/Superstructure/Component/src/ESMCI_FTable.C:981
22 0x0000000000c07b5d esmf_compmod_esmf_compexecute_()  /work/noaa/da/mpotts/sandbox/pgi_2019_openmpi_O_v8.4.0/esmf/src/Superstructure/Component/src/ESMF_Comp.F90:1223
23 0x0000000000ddbbb1 esmf_gridcompmod_esmf_gridcompinitialize_()  /work/noaa/da/mpotts/sandbox/pgi_2019_openmpi_O_v8.4.0/esmf/src/Superstructure/Component/src/ESMF_GridComp.F90:1412
24 0x0000000000405c3d MAIN_()  /work/noaa/da/mpotts/sandbox/pgi_2019_openmpi_O_v8.4.0/nuopc-app-prototypes/AtmOcnMedProto/esmApp.F90:58
25 0x00000000004058b3 main()  ???:0
26 0x0000000000022495 __libc_start_main()  ???:0
27 0x00000000004057b9 _start()  ???:0
=================================
[Orion-03-15:139321] *** Process received signal ***
[Orion-03-15:139321] Signal: Segmentation fault (11)
[Orion-03-15:139321] Signal code:  (-6)
[Orion-03-15:139321] Failing at address: 0x20e500022039
[Orion-03-15:139321] [ 0] /lib64/libpthread.so.0(+0xf5d0)[0x7fd6c92705d0]
==== backtrace (tid: 139319) ====
 0 0x000000000072a4c3 ESMCI::LogErr::MsgFoundError()  /work/noaa/da/mpotts/sandbox/pgi_2019_openmpi_O_v8.4.0/esmf/src/Infrastructure/LogErr/src/ESMCI_LogErr.C:586
 1 0x00000000008826c1 c_esmc_meshcreatenodedistgrid_()  /work/noaa/da/mpotts/sandbox/pgi_2019_openmpi_O_v8.4.0/esmf/src/Infrastructure/Mesh/interface/ESMCI_Mesh_F.C:248
 2 0x0000000000f9416c esmf_meshmod_esmf_meshcreatefrompointer_()  /work/noaa/da/mpotts/sandbox/pgi_2019_openmpi_O_v8.4.0/esmf/src/Infrastructure/Mesh/interface/ESMF_Mesh.F90:3091
 3 0x0000000000e75932 esmf_gridutilmod_esmf_gridtomesh_()  /work/noaa/da/mpotts/sandbox/pgi_2019_openmpi_O_v8.4.0/esmf/src/Infrastructure/GridUtil/interface/ESMF_GridUtil.F90:453
 4 0x0000000000d99d06 esmf_fieldregridmod_b_or_p_gridtomesh_()  /work/noaa/da/mpotts/sandbox/pgi_2019_openmpi_O_v8.4.0/esmf/src/Infrastructure/Field/src/ESMF_FieldRegrid.F90:3228
 5 0x0000000000d97214 esmf_fieldregridmod_getmeshwithnodesonfieldloc_()  /work/noaa/da/mpotts/sandbox/pgi_2019_openmpi_O_v8.4.0/esmf/src/Infrastructure/Field/src/ESMF_FieldRegrid.F90:1346
 6 0x0000000000d95773 esmf_fieldregridmod_esmf_fieldregridstorenx_()  /work/noaa/da/mpotts/sandbox/pgi_2019_openmpi_O_v8.4.0/esmf/src/Infrastructure/Field/src/ESMF_FieldRegrid.F90:971
 7 0x0000000001225c27 nuopc_connector_fieldbundlecplstore_()  /work/noaa/da/mpotts/sandbox/pgi_2019_openmpi_O_v8.4.0/esmf/src/addon/NUOPC/src/NUOPC_Connector.F90:7919
 8 0x000000000120d084 nuopc_connector_initializeipdv05p6b_()  /work/noaa/da/mpotts/sandbox/pgi_2019_openmpi_O_v8.4.0/esmf/src/addon/NUOPC/src/NUOPC_Connector.F90:5386
 9 0x000000000064f167 ESMCI::FTable::callVFuncPtr()  /work/noaa/da/mpotts/sandbox/pgi_2019_openmpi_O_v8.4.0/esmf/src/Superstructure/Component/src/ESMCI_FTable.C:2167
10 0x000000000064d36a ESMCI_FTableCallEntryPointVMHop()  /work/noaa/da/mpotts/sandbox/pgi_2019_openmpi_O_v8.4.0/esmf/src/Superstructure/Component/src/ESMCI_FTable.C:824
[Orion-03-15:139321] [ 1] /work/noaa/da/mpotts/sandbox/pgi_2019_openmpi_O_v8.4.0/esmf/DEFAULTINSTALLDIR/lib/libO/Linux.pgi.64.openmpi.default/libesmf.so(_ZN5ESMCI6LogErr13MsgFoundErrorEiPKciS2_S2_Pi+0x33)[0x7fd6c7a154c3]
11 0x0000000000a34668 ESMCI::VM::enter()  /work/noaa/da/mpotts/sandbox/pgi_2019_openmpi_O_v8.4.0/esmf/src/Infrastructure/VM/src/ESMCI_VM.C:1216
12 0x000000000064d747 c_esmc_ftablecallentrypointvm_()  /work/noaa/da/mpotts/sandbox/pgi_2019_openmpi_O_v8.4.0/esmf/src/Superstructure/Component/src/ESMCI_FTable.C:981
13 0x0000000000c07b5d esmf_compmod_esmf_compexecute_()  /work/noaa/da/mpotts/sandbox/pgi_2019_openmpi_O_v8.4.0/esmf/src/Superstructure/Component/src/ESMF_Comp.F90:1223
14 0x0000000000c18401 esmf_cplcompmod_esmf_cplcompinitialize_()  /work/noaa/da/mpotts/sandbox/pgi_2019_openmpi_O_v8.4.0/esmf/src/Superstructure/Component/src/ESMF_CplComp.F90:1165
15 0x00000000012457b4 nuopc_driver_loopconnectorcompss_()  /work/noaa/da/mpotts/sandbox/pgi_2019_openmpi_O_v8.4.0/esmf/src/addon/NUOPC/src/NUOPC_Driver.F90:2869
16 0x000000000123ccd1 nuopc_driver_initializeipdv02p3_()  /work/noaa/da/mpotts/sandbox/pgi_2019_openmpi_O_v8.4.0/esmf/src/addon/NUOPC/src/NUOPC_Driver.F90:2020
17 0x000000000122c7fa nuopc_driver_initializegeneric_()  /work/noaa/da/mpotts/sandbox/pgi_2019_openmpi_O_v8.4.0/esmf/src/addon/NUOPC/src/NUOPC_Driver.F90:479
18 0x000000000064f167 ESMCI::FTable::callVFuncPtr()  /work/noaa/da/mpotts/sandbox/pgi_2019_openmpi_O_v8.4.0/esmf/src/Superstructure/Component/src/ESMCI_FTable.C:2167
19 0x000000000064d36a ESMCI_FTableCallEntryPointVMHop()  /work/noaa/da/mpotts/sandbox/pgi_2019_openmpi_O_v8.4.0/esmf/src/Superstructure/Component/src/ESMCI_FTable.C:824
20 0x0000000000a34668 ESMCI::VM::enter()  /work/noaa/da/mpotts/sandbox/pgi_2019_openmpi_O_v8.4.0/esmf/src/Infrastructure/VM/src/ESMCI_VM.C:1216
21 0x000000000064d747 c_esmc_ftablecallentrypointvm_()  /work/noaa/da/mpotts/sandbox/pgi_2019_openmpi_O_v8.4.0/esmf/src/Superstructure/Component/src/ESMCI_FTable.C:981
22 0x0000000000c07b5d esmf_compmod_esmf_compexecute_()  /work/noaa/da/mpotts/sandbox/pgi_2019_openmpi_O_v8.4.0/esmf/src/Superstructure/Component/src/ESMF_Comp.F90:1223
23 0x0000000000ddbbb1 esmf_gridcompmod_esmf_gridcompinitialize_()  /work/noaa/da/mpotts/sandbox/pgi_2019_openmpi_O_v8.4.0/esmf/src/Superstructure/Component/src/ESMF_GridComp.F90:1412
24 0x0000000000405c3d MAIN_()  /work/noaa/da/mpotts/sandbox/pgi_2019_openmpi_O_v8.4.0/nuopc-app-prototypes/AtmOcnMedProto/esmApp.F90:58
25 0x00000000004058b3 main()  ???:0
26 0x0000000000022495 __libc_start_main()  ???:0
27 0x00000000004057b9 _start()  ???:0
=================================
[Orion-03-15:139319] *** Process received signal ***
[Orion-03-15:139321] [ 2] /work/noaa/da/mpotts/sandbox/pgi_2019_openmpi_O_v8.4.0/esmf/DEFAULTINSTALLDIR/lib/libO/Linux.pgi.64.openmpi.default/libesmf.so(c_esmc_meshcreatenodedistgrid_+0xa1)[0x7fd6c7b6d6c1]
[Orion-03-15:139319] Signal: Segmentation fault (11)
[Orion-03-15:139319] Signal code:  (-6)
[Orion-03-15:139319] Failing at address: 0x20e500022037
[Orion-03-15:139319] [ 0] /lib64/libpthread.so.0(+0xf5d0)[0x7facbbc4d5d0]
[Orion-03-15:139321] [ 3] /work/noaa/da/mpotts/sandbox/pgi_2019_openmpi_O_v8.4.0/esmf/DEFAULTINSTALLDIR/lib/libO/Linux.pgi.64.openmpi.default/libesmf.so(esmf_meshmod_esmf_meshcreatefrompointer_+0x4c)[0x7fd6c827f16c]
[Orion-03-15:139319] [ 1] /work/noaa/da/mpotts/sandbox/pgi_2019_openmpi_O_v8.4.0/esmf/DEFAULTINSTALLDIR/lib/libO/Linux.pgi.64.openmpi.default/libesmf.so(_ZN5ESMCI6LogErr13MsgFoundErrorEiPKciS2_S2_Pi+0x33)[0x7facba3f24c3]
[Orion-03-15:139321] [ 4] /work/noaa/da/mpotts/sandbox/pgi_2019_openmpi_O_v8.4.0/esmf/DEFAULTINSTALLDIR/lib/libO/Linux.pgi.64.openmpi.default/libesmf.so(esmf_gridutilmod_esmf_gridtomesh_+0x352)[0x7fd6c8160932]
[Orion-03-15:139319] [ 2] /work/noaa/da/mpotts/sandbox/pgi_2019_openmpi_O_v8.4.0/esmf/DEFAULTINSTALLDIR/lib/libO/Linux.pgi.64.openmpi.default/libesmf.so(c_esmc_meshcreatenodedistgrid_+0xa1)[0x7facba54a6c1]
[Orion-03-15:139321] [ 5] /work/noaa/da/mpotts/sandbox/pgi_2019_openmpi_O_v8.4.0/esmf/DEFAULTINSTALLDIR/lib/libO/Linux.pgi.64.openmpi.default/libesmf.so(esmf_fieldregridmod_b_or_p_gridtomesh_+0x156)[0x7fd6c8084d06]
[Orion-03-15:139319] [ 3] /work/noaa/da/mpotts/sandbox/pgi_2019_openmpi_O_v8.4.0/esmf/DEFAULTINSTALLDIR/lib/libO/Linux.pgi.64.openmpi.default/libesmf.so(esmf_meshmod_esmf_meshcreatefrompointer_+0x4c)[0x7facbac5c16c]
[Orion-03-15:139321] [ 6] /work/noaa/da/mpotts/sandbox/pgi_2019_openmpi_O_v8.4.0/esmf/DEFAULTINSTALLDIR/lib/libO/Linux.pgi.64.openmpi.default/libesmf.so(esmf_fieldregridmod_getmeshwithnodesonfieldloc_+0x394)[0x7fd6c8082214]
[Orion-03-15:139319] [ 4] /work/noaa/da/mpotts/sandbox/pgi_2019_openmpi_O_v8.4.0/esmf/DEFAULTINSTALLDIR/lib/libO/Linux.pgi.64.openmpi.default/libesmf.so(esmf_gridutilmod_esmf_gridtomesh_+0x352)[0x7facbab3d932]
[Orion-03-15:139321] [ 7] /work/noaa/da/mpotts/sandbox/pgi_2019_openmpi_O_v8.4.0/esmf/DEFAULTINSTALLDIR/lib/libO/Linux.pgi.64.openmpi.default/libesmf.so(esmf_fieldregridmod_esmf_fieldregridstorenx_+0x9c3)[0x7fd6c8080773]
[Orion-03-15:139319] [ 5] /work/noaa/da/mpotts/sandbox/pgi_2019_openmpi_O_v8.4.0/esmf/DEFAULTINSTALLDIR/lib/libO/Linux.pgi.64.openmpi.default/libesmf.so(esmf_fieldregridmod_b_or_p_gridtomesh_+0x156)[0x7facbaa61d06]
[Orion-03-15:139321] [ 8] /work/noaa/da/mpotts/sandbox/pgi_2019_openmpi_O_v8.4.0/esmf/DEFAULTINSTALLDIR/lib/libO/Linux.pgi.64.openmpi.default/libesmf.so(nuopc_connector_fieldbundlecplstore_+0xbc87)[0x7fd6c8510c27]
[Orion-03-15:139319] [ 6] /work/noaa/da/mpotts/sandbox/pgi_2019_openmpi_O_v8.4.0/esmf/DEFAULTINSTALLDIR/lib/libO/Linux.pgi.64.openmpi.default/libesmf.so(esmf_fieldregridmod_getmeshwithnodesonfieldloc_+0x394)[0x7facbaa5f214]
[Orion-03-15:139321] [ 9] /work/noaa/da/mpotts/sandbox/pgi_2019_openmpi_O_v8.4.0/esmf/DEFAULTINSTALLDIR/lib/libO/Linux.pgi.64.openmpi.default/libesmf.so(nuopc_connector_initializeipdv05p6b_+0x4f74)[0x7fd6c84f8084]
[Orion-03-15:139321] [10] /work/noaa/da/mpotts/sandbox/pgi_2019_openmpi_O_v8.4.0/esmf/DEFAULTINSTALLDIR/lib/libO/Linux.pgi.64.openmpi.default/libesmf.so(_ZN5ESMCI6FTable12callVFuncPtrEPKcPNS_2VMEPi+0x417)[0x7fd6c793a167]
[Orion-03-15:139319] [ 7] /work/noaa/da/mpotts/sandbox/pgi_2019_openmpi_O_v8.4.0/esmf/DEFAULTINSTALLDIR/lib/libO/Linux.pgi.64.openmpi.default/libesmf.so(esmf_fieldregridmod_esmf_fieldregridstorenx_+0x9c3)[0x7facbaa5d773]
[Orion-03-15:139321] [11] /work/noaa/da/mpotts/sandbox/pgi_2019_openmpi_O_v8.4.0/esmf/DEFAULTINSTALLDIR/lib/libO/Linux.pgi.64.openmpi.default/libesmf.so(ESMCI_FTableCallEntryPointVMHop+0x1ea)[0x7fd6c793836a]
[Orion-03-15:139319] [ 8] /work/noaa/da/mpotts/sandbox/pgi_2019_openmpi_O_v8.4.0/esmf/DEFAULTINSTALLDIR/lib/libO/Linux.pgi.64.openmpi.default/libesmf.so(nuopc_connector_fieldbundlecplstore_+0xbc87)[0x7facbaeedc27]
[Orion-03-15:139321] [12] /work/noaa/da/mpotts/sandbox/pgi_2019_openmpi_O_v8.4.0/esmf/DEFAULTINSTALLDIR/lib/libO/Linux.pgi.64.openmpi.default/libesmf.so(_ZN5ESMCI2VM5enterEPNS_6VMPlanEPvS3_+0x18)[0x7fd6c7d1f668]
[Orion-03-15:139319] [ 9] /work/noaa/da/mpotts/sandbox/pgi_2019_openmpi_O_v8.4.0/esmf/DEFAULTINSTALLDIR/lib/libO/Linux.pgi.64.openmpi.default/libesmf.so(nuopc_connector_initializeipdv05p6b_+0x4f74)[0x7facbaed5084]
[Orion-03-15:139321] [13] /work/noaa/da/mpotts/sandbox/pgi_2019_openmpi_O_v8.4.0/esmf/DEFAULTINSTALLDIR/lib/libO/Linux.pgi.64.openmpi.default/libesmf.so(c_esmc_ftablecallentrypointvm_+0x337)[0x7fd6c7938747]
[Orion-03-15:139319] [10] /work/noaa/da/mpotts/sandbox/pgi_2019_openmpi_O_v8.4.0/esmf/DEFAULTINSTALLDIR/lib/libO/Linux.pgi.64.openmpi.default/libesmf.so(_ZN5ESMCI6FTable12callVFuncPtrEPKcPNS_2VMEPi+0x417)[0x7facba317167]
[Orion-03-15:139319] [11] /work/noaa/da/mpotts/sandbox/pgi_2019_openmpi_O_v8.4.0/esmf/DEFAULTINSTALLDIR/lib/libO/Linux.pgi.64.openmpi.default/libesmf.so(ESMCI_FTableCallEntryPointVMHop+0x1ea)[0x7facba31536a]
[Orion-03-15:139321] [14] /work/noaa/da/mpotts/sandbox/pgi_2019_openmpi_O_v8.4.0/esmf/DEFAULTINSTALLDIR/lib/libO/Linux.pgi.64.openmpi.default/libesmf.so(esmf_compmod_esmf_compexecute_+0x7ed)[0x7fd6c7ef2b5d]
[Orion-03-15:139319] [12] /work/noaa/da/mpotts/sandbox/pgi_2019_openmpi_O_v8.4.0/esmf/DEFAULTINSTALLDIR/lib/libO/Linux.pgi.64.openmpi.default/libesmf.so(_ZN5ESMCI2VM5enterEPNS_6VMPlanEPvS3_+0x18)[0x7facba6fc668]
[Orion-03-15:139321] [15] /work/noaa/da/mpotts/sandbox/pgi_2019_openmpi_O_v8.4.0/esmf/DEFAULTINSTALLDIR/lib/libO/Linux.pgi.64.openmpi.default/libesmf.so(esmf_cplcompmod_esmf_cplcompinitialize_+0x161)[0x7fd6c7f03401]
[Orion-03-15:139319] [13] /work/noaa/da/mpotts/sandbox/pgi_2019_openmpi_O_v8.4.0/esmf/DEFAULTINSTALLDIR/lib/libO/Linux.pgi.64.openmpi.default/libesmf.so(c_esmc_ftablecallentrypointvm_+0x337)[0x7facba315747]
[Orion-03-15:139321] [16] /work/noaa/da/mpotts/sandbox/pgi_2019_openmpi_O_v8.4.0/esmf/DEFAULTINSTALLDIR/lib/libO/Linux.pgi.64.openmpi.default/libesmf.so(nuopc_driver_loopconnectorcompss_+0xeb4)[0x7fd6c85307b4]
[Orion-03-15:139319] [14] /work/noaa/da/mpotts/sandbox/pgi_2019_openmpi_O_v8.4.0/esmf/DEFAULTINSTALLDIR/lib/libO/Linux.pgi.64.openmpi.default/libesmf.so(esmf_compmod_esmf_compexecute_+0x7ed)[0x7facba8cfb5d]
[Orion-03-15:139321] [17] /work/noaa/da/mpotts/sandbox/pgi_2019_openmpi_O_v8.4.0/esmf/DEFAULTINSTALLDIR/lib/libO/Linux.pgi.64.openmpi.default/libesmf.so(nuopc_driver_initializeipdv02p3_+0x20f1)[0x7fd6c8527cd1]
[Orion-03-15:139319] [15] /work/noaa/da/mpotts/sandbox/pgi_2019_openmpi_O_v8.4.0/esmf/DEFAULTINSTALLDIR/lib/libO/Linux.pgi.64.openmpi.default/libesmf.so(esmf_cplcompmod_esmf_cplcompinitialize_+0x161)[0x7facba8e0401]
[Orion-03-15:139321] [18] /work/noaa/da/mpotts/sandbox/pgi_2019_openmpi_O_v8.4.0/esmf/DEFAULTINSTALLDIR/lib/libO/Linux.pgi.64.openmpi.default/libesmf.so(nuopc_driver_initializegeneric_+0x62a)[0x7fd6c85177fa]
[Orion-03-15:139321] [19] /work/noaa/da/mpotts/sandbox/pgi_2019_openmpi_O_v8.4.0/esmf/DEFAULTINSTALLDIR/lib/libO/Linux.pgi.64.openmpi.default/libesmf.so(_ZN5ESMCI6FTable12callVFuncPtrEPKcPNS_2VMEPi+0x417)[0x7fd6c793a167]
[Orion-03-15:139319] [16] /work/noaa/da/mpotts/sandbox/pgi_2019_openmpi_O_v8.4.0/esmf/DEFAULTINSTALLDIR/lib/libO/Linux.pgi.64.openmpi.default/libesmf.so(nuopc_driver_loopconnectorcompss_+0xeb4)[0x7facbaf0d7b4]
[Orion-03-15:139321] [20] /work/noaa/da/mpotts/sandbox/pgi_2019_openmpi_O_v8.4.0/esmf/DEFAULTINSTALLDIR/lib/libO/Linux.pgi.64.openmpi.default/libesmf.so(ESMCI_FTableCallEntryPointVMHop+0x1ea)[0x7fd6c793836a]
[Orion-03-15:139319] [17] /work/noaa/da/mpotts/sandbox/pgi_2019_openmpi_O_v8.4.0/esmf/DEFAULTINSTALLDIR/lib/libO/Linux.pgi.64.openmpi.default/libesmf.so(nuopc_driver_initializeipdv02p3_+0x20f1)[0x7facbaf04cd1]
[Orion-03-15:139321] [21] /work/noaa/da/mpotts/sandbox/pgi_2019_openmpi_O_v8.4.0/esmf/DEFAULTINSTALLDIR/lib/libO/Linux.pgi.64.openmpi.default/libesmf.so(_ZN5ESMCI2VM5enterEPNS_6VMPlanEPvS3_+0x18)[0x7fd6c7d1f668]
[Orion-03-15:139319] [18] /work/noaa/da/mpotts/sandbox/pgi_2019_openmpi_O_v8.4.0/esmf/DEFAULTINSTALLDIR/lib/libO/Linux.pgi.64.openmpi.default/libesmf.so(nuopc_driver_initializegeneric_+0x62a)[0x7facbaef47fa]
[Orion-03-15:139321] [22] /work/noaa/da/mpotts/sandbox/pgi_2019_openmpi_O_v8.4.0/esmf/DEFAULTINSTALLDIR/lib/libO/Linux.pgi.64.openmpi.default/libesmf.so(c_esmc_ftablecallentrypointvm_+0x337)[0x7fd6c7938747]
[Orion-03-15:139319] [19] /work/noaa/da/mpotts/sandbox/pgi_2019_openmpi_O_v8.4.0/esmf/DEFAULTINSTALLDIR/lib/libO/Linux.pgi.64.openmpi.default/libesmf.so(_ZN5ESMCI6FTable12callVFuncPtrEPKcPNS_2VMEPi+0x417)[0x7facba317167]
[Orion-03-15:139319] [20] /work/noaa/da/mpotts/sandbox/pgi_2019_openmpi_O_v8.4.0/esmf/DEFAULTINSTALLDIR/lib/libO/Linux.pgi.64.openmpi.default/libesmf.so(ESMCI_FTableCallEntryPointVMHop+0x1ea)[0x7facba31536a]
[Orion-03-15:139321] [23] /work/noaa/da/mpotts/sandbox/pgi_2019_openmpi_O_v8.4.0/esmf/DEFAULTINSTALLDIR/lib/libO/Linux.pgi.64.openmpi.default/libesmf.so(esmf_compmod_esmf_compexecute_+0x7ed)[0x7fd6c7ef2b5d]
[Orion-03-15:139319] [21] /work/noaa/da/mpotts/sandbox/pgi_2019_openmpi_O_v8.4.0/esmf/DEFAULTINSTALLDIR/lib/libO/Linux.pgi.64.openmpi.default/libesmf.so(_ZN5ESMCI2VM5enterEPNS_6VMPlanEPvS3_+0x18)[0x7facba6fc668]
[Orion-03-15:139321] [24] /work/noaa/da/mpotts/sandbox/pgi_2019_openmpi_O_v8.4.0/esmf/DEFAULTINSTALLDIR/lib/libO/Linux.pgi.64.openmpi.default/libesmf.so(esmf_gridcompmod_esmf_gridcompinitialize_+0x161)[0x7fd6c80c6bb1]
[Orion-03-15:139321] [25] /work/noaa/da/mpotts/sandbox/pgi_2019_openmpi_O_v8.4.0/nuopc-app-prototypes/AtmOcnMedProto/./esmApp[0x405c3d]
[Orion-03-15:139321] [26] /work/noaa/da/mpotts/sandbox/pgi_2019_openmpi_O_v8.4.0/nuopc-app-prototypes/AtmOcnMedProto/./esmApp[0x4058b3]
[Orion-03-15:139321] [27] /lib64/libc.so.6(__libc_start_main+0xf5)[0x7fd6c3738495]
[Orion-03-15:139321] [28] /work/noaa/da/mpotts/sandbox/pgi_2019_openmpi_O_v8.4.0/nuopc-app-prototypes/AtmOcnMedProto/./esmApp[0x4057b9]
[Orion-03-15:139321] *** End of error message ***
[Orion-03-15:139319] [22] /work/noaa/da/mpotts/sandbox/pgi_2019_openmpi_O_v8.4.0/esmf/DEFAULTINSTALLDIR/lib/libO/Linux.pgi.64.openmpi.default/libesmf.so(c_esmc_ftablecallentrypointvm_+0x337)[0x7facba315747]
[Orion-03-15:139319] [23] /work/noaa/da/mpotts/sandbox/pgi_2019_openmpi_O_v8.4.0/esmf/DEFAULTINSTALLDIR/lib/libO/Linux.pgi.64.openmpi.default/libesmf.so(esmf_compmod_esmf_compexecute_+0x7ed)[0x7facba8cfb5d]
[Orion-03-15:139319] [24] /work/noaa/da/mpotts/sandbox/pgi_2019_openmpi_O_v8.4.0/esmf/DEFAULTINSTALLDIR/lib/libO/Linux.pgi.64.openmpi.default/libesmf.so(esmf_gridcompmod_esmf_gridcompinitialize_+0x161)[0x7facbaaa3bb1]
[Orion-03-15:139319] [25] /work/noaa/da/mpotts/sandbox/pgi_2019_openmpi_O_v8.4.0/nuopc-app-prototypes/AtmOcnMedProto/./esmApp[0x405c3d]
[Orion-03-15:139319] [26] /work/noaa/da/mpotts/sandbox/pgi_2019_openmpi_O_v8.4.0/nuopc-app-prototypes/AtmOcnMedProto/./esmApp[0x4058b3]
[Orion-03-15:139319] [27] /lib64/libc.so.6(__libc_start_main+0xf5)[0x7facb6115495]
[Orion-03-15:139319] [28] /work/noaa/da/mpotts/sandbox/pgi_2019_openmpi_O_v8.4.0/nuopc-app-prototypes/AtmOcnMedProto/./esmApp[0x4057b9]
[Orion-03-15:139319] *** End of error message ***
srun: error: Orion-03-15: tasks 0-3: Segmentation fault
srun: launch/slurm: _step_signal: Terminating StepId=7419917.357
