2022-10-27 03:18:04
 NUOPC_DriverPrint for PET:            0
   Model, Mediator, and Driver components, in the order
   that they were added to the Driver:
            1 :  ATM
            2 :  OCN
            3 :  MED
   Connector components, in the order
   that they were added to the Driver:
            1 :  OCN-TO-MED
            2 :  MED-TO-OCN
            3 :  MED-TO-ATM
            4 :  ATM-TO-MED
NUOPC_RunSequenceArrayPrint: element     1 out of      2
runSeq::
 runElementPrint:      2     3     1 F T
 runElementPrint:      3    -1     1 F T
 runElementPrint:      3     2     1 F T
 runElementPrint:      2    -1     1 F T
 runElementPrint:     -2     0     0 F T
 runElementPrint:     -1    -1     0 F F
::
NUOPC_RunSequenceArrayPrint: element     2 out of      2
runSeq::
 runElementPrint:      3     1     1 F T
 runElementPrint:      1    -1     1 F T
 runElementPrint:      1     3     1 F T
 runElementPrint:      3    -1     2 F T
 runElementPrint:     -2    -1     0 F F
::
 NUOPC_DriverPrint for PET:            1
   Model, Mediator, and Driver components, in the order
   that they were added to the Driver:
            1 :  ATM
            2 :  OCN
            3 :  MED
   Connector components, in the order
   that they were added to the Driver:
            1 :  OCN-TO-MED
            2 :  MED-TO-OCN
            3 :  MED-TO-ATM
            4 :  ATM-TO-MED
NUOPC_RunSequenceArrayPrint: element     1 out of      2
runSeq::
 runElementPrint:      2     3     1 F T
 runElementPrint:      3    -1     1 F T
 runElementPrint:      3     2     1 F T
 runElementPrint:      2    -1     1 F T
 runElementPrint:     -2     0     0 F T
 runElementPrint:     -1    -1     0 F F
::
NUOPC_RunSequenceArrayPrint: element     2 out of      2
runSeq::
 runElementPrint:      3     1     1 F T
 runElementPrint:      1    -1     1 F T
 runElementPrint:      1     3     1 F T
 runElementPrint:      3    -1     2 F T
 runElementPrint:     -2    -1     0 F F
::
 NUOPC_DriverPrint for PET:            3
   Model, Mediator, and Driver components, in the order
   that they were added to the Driver:
            1 :  ATM
            2 :  OCN
            3 :  MED
   Connector components, in the order
   that they were added to the Driver:
            1 :  OCN-TO-MED
            2 :  MED-TO-OCN
            3 :  MED-TO-ATM
            4 :  ATM-TO-MED
NUOPC_RunSequenceArrayPrint: element     1 out of      2
runSeq::
 runElementPrint:      2     3     1 F T
 runElementPrint:      3    -1     1 F T
 runElementPrint:      3     2     1 F T
 runElementPrint:      2    -1     1 F T
 runElementPrint:     -2     0     0 F T
 runElementPrint:     -1    -1     0 F F
::
NUOPC_RunSequenceArrayPrint: element     2 out of      2
runSeq::
 runElementPrint:      3     1     1 F T
 runElementPrint:      1    -1     1 F T
 runElementPrint:      1     3     1 F T
 runElementPrint:      3    -1     2 F T
 runElementPrint:     -2    -1     0 F F
::
[Orion-24-52:7180 :0:7180] Caught signal 11 (Segmentation fault: address not mapped to object at address 0x4f1b591)
[Orion-24-52:7181 :0:7181] Caught signal 11 (Segmentation fault: address not mapped to object at address 0x4f1b591)
[Orion-24-52:7183 :0:7183] Caught signal 11 (Segmentation fault: address not mapped to object at address 0x4f1b591)

/work/noaa/da/mpotts/sandbox/pgi_2019_openmpi_O_v8.4.0/esmf/src/Infrastructure/LogErr/src/ESMCI_LogErr.C: [ ESMCI::LogErr::MsgFoundError() ]
      ...
      583 {
      584     bool result=false;
      585 #ifdef ESMC_SUCCESSDEFAULT_ON
==>   586     if (rcToReturn != ESMC_NULL_POINTER) *rcToReturn=ESMF_SUCCESS;
      587 #endif
      588     if (trace) {
      589         Write(ESMC_METHOD,ESMC_LOGMSG_TRACE,


/work/noaa/da/mpotts/sandbox/pgi_2019_openmpi_O_v8.4.0/esmf/src/Infrastructure/LogErr/src/ESMCI_LogErr.C: [ ESMCI::LogErr::MsgFoundError() ]
      ...
      583 {
      584     bool result=false;
      585 #ifdef ESMC_SUCCESSDEFAULT_ON
==>   586     if (rcToReturn != ESMC_NULL_POINTER) *rcToReturn=ESMF_SUCCESS;
      587 #endif
      588     if (trace) {
      589         Write(ESMC_METHOD,ESMC_LOGMSG_TRACE,


/work/noaa/da/mpotts/sandbox/pgi_2019_openmpi_O_v8.4.0/esmf/src/Infrastructure/LogErr/src/ESMCI_LogErr.C: [ ESMCI::LogErr::MsgFoundError() ]
      ...
      583 {
      584     bool result=false;
      585 #ifdef ESMC_SUCCESSDEFAULT_ON
==>   586     if (rcToReturn != ESMC_NULL_POINTER) *rcToReturn=ESMF_SUCCESS;
      587 #endif
      588     if (trace) {
      589         Write(ESMC_METHOD,ESMC_LOGMSG_TRACE,

==== backtrace (tid:   7181) ====
 0 0x000000000072a4c3 ESMCI::LogErr::MsgFoundError()  /work/noaa/da/mpotts/sandbox/pgi_2019_openmpi_O_v8.4.0/esmf/src/Infrastructure/LogErr/src/ESMCI_LogErr.C:586
 1 0x00000000008826c1 c_esmc_meshcreatenodedistgrid_()  /work/noaa/da/mpotts/sandbox/pgi_2019_openmpi_O_v8.4.0/esmf/src/Infrastructure/Mesh/interface/ESMCI_Mesh_F.C:248
 2 0x0000000000f9416c esmf_meshmod_esmf_meshcreatefrompointer_()  /work/noaa/da/mpotts/sandbox/pgi_2019_openmpi_O_v8.4.0/esmf/src/Infrastructure/Mesh/interface/ESMF_Mesh.F90:3091
 3 0x0000000000e75932 esmf_gridutilmod_esmf_gridtomesh_()  /work/noaa/da/mpotts/sandbox/pgi_2019_openmpi_O_v8.4.0/esmf/src/Infrastructure/GridUtil/interface/ESMF_GridUtil.F90:453
 4 0x0000000000d99d06 esmf_fieldregridmod_b_or_p_gridtomesh_()  /work/noaa/da/mpotts/sandbox/pgi_2019_openmpi_O_v8.4.0/esmf/src/Infrastructure/Field/src/ESMF_FieldRegrid.F90:3228
 5 0x0000000000d97214 esmf_fieldregridmod_getmeshwithnodesonfieldloc_()  /work/noaa/da/mpotts/sandbox/pgi_2019_openmpi_O_v8.4.0/esmf/src/Infrastructure/Field/src/ESMF_FieldRegrid.F90:1346
 6 0x0000000000d95773 esmf_fieldregridmod_esmf_fieldregridstorenx_()  /work/noaa/da/mpotts/sandbox/pgi_2019_openmpi_O_v8.4.0/esmf/src/Infrastructure/Field/src/ESMF_FieldRegrid.F90:971
 7 0x0000000001225c27 nuopc_connector_fieldbundlecplstore_()  /work/noaa/da/mpotts/sandbox/pgi_2019_openmpi_O_v8.4.0/esmf/src/addon/NUOPC/src/NUOPC_Connector.F90:7919
 8 0x000000000120d084 nuopc_connector_initializeipdv05p6b_()  /work/noaa/da/mpotts/sandbox/pgi_2019_openmpi_O_v8.4.0/esmf/src/addon/NUOPC/src/NUOPC_Connector.F90:5386
 9 0x000000000064f167 ESMCI::FTable::callVFuncPtr()  /work/noaa/da/mpotts/sandbox/pgi_2019_openmpi_O_v8.4.0/esmf/src/Superstructure/Component/src/ESMCI_FTable.C:2167
10 0x000000000064d36a ESMCI_FTableCallEntryPointVMHop()  /work/noaa/da/mpotts/sandbox/pgi_2019_openmpi_O_v8.4.0/esmf/src/Superstructure/Component/src/ESMCI_FTable.C:824
11 0x0000000000a34668 ESMCI::VM::enter()  /work/noaa/da/mpotts/sandbox/pgi_2019_openmpi_O_v8.4.0/esmf/src/Infrastructure/VM/src/ESMCI_VM.C:1216
12 0x000000000064d747 c_esmc_ftablecallentrypointvm_()  /work/noaa/da/mpotts/sandbox/pgi_2019_openmpi_O_v8.4.0/esmf/src/Superstructure/Component/src/ESMCI_FTable.C:981
13 0x0000000000c07b5d esmf_compmod_esmf_compexecute_()  /work/noaa/da/mpotts/sandbox/pgi_2019_openmpi_O_v8.4.0/esmf/src/Superstructure/Component/src/ESMF_Comp.F90:1223
14 0x0000000000c18401 esmf_cplcompmod_esmf_cplcompinitialize_()  /work/noaa/da/mpotts/sandbox/pgi_2019_openmpi_O_v8.4.0/esmf/src/Superstructure/Component/src/ESMF_CplComp.F90:1165
15 0x00000000012457b4 nuopc_driver_loopconnectorcompss_()  /work/noaa/da/mpotts/sandbox/pgi_2019_openmpi_O_v8.4.0/esmf/src/addon/NUOPC/src/NUOPC_Driver.F90:2869
16 0x000000000123ccd1 nuopc_driver_initializeipdv02p3_()  /work/noaa/da/mpotts/sandbox/pgi_2019_openmpi_O_v8.4.0/esmf/src/addon/NUOPC/src/NUOPC_Driver.F90:2020
17 0x000000000122c7fa nuopc_driver_initializegeneric_()  /work/noaa/da/mpotts/sandbox/pgi_2019_openmpi_O_v8.4.0/esmf/src/addon/NUOPC/src/NUOPC_Driver.F90:479
18 0x000000000064f167 ESMCI::FTable::callVFuncPtr()  /work/noaa/da/mpotts/sandbox/pgi_2019_openmpi_O_v8.4.0/esmf/src/Superstructure/Component/src/ESMCI_FTable.C:2167
19 0x000000000064d36a ESMCI_FTableCallEntryPointVMHop()  /work/noaa/da/mpotts/sandbox/pgi_2019_openmpi_O_v8.4.0/esmf/src/Superstructure/Component/src/ESMCI_FTable.C:824
20 0x0000000000a34668 ESMCI::VM::enter()  /work/noaa/da/mpotts/sandbox/pgi_2019_openmpi_O_v8.4.0/esmf/src/Infrastructure/VM/src/ESMCI_VM.C:1216
21 0x000000000064d747 c_esmc_ftablecallentrypointvm_()  /work/noaa/da/mpotts/sandbox/pgi_2019_openmpi_O_v8.4.0/esmf/src/Superstructure/Component/src/ESMCI_FTable.C:981
22 0x0000000000c07b5d esmf_compmod_esmf_compexecute_()  /work/noaa/da/mpotts/sandbox/pgi_2019_openmpi_O_v8.4.0/esmf/src/Superstructure/Component/src/ESMF_Comp.F90:1223
23 0x0000000000ddbbb1 esmf_gridcompmod_esmf_gridcompinitialize_()  /work/noaa/da/mpotts/sandbox/pgi_2019_openmpi_O_v8.4.0/esmf/src/Superstructure/Component/src/ESMF_GridComp.F90:1412
24 0x000000000040673d MAIN_()  /work/noaa/da/mpotts/sandbox/pgi_2019_openmpi_O_v8.4.0/nuopc-app-prototypes/AtmOcnMedPetListTimescalesProto/esmApp.F90:58
25 0x00000000004063b3 main()  ???:0
26 0x0000000000022495 __libc_start_main()  ???:0
27 0x00000000004062b9 _start()  ???:0
=================================
[Orion-24-52:07181] *** Process received signal ***
[Orion-24-52:07181] Signal: Segmentation fault (11)
[Orion-24-52:07181] Signal code:  (-6)
[Orion-24-52:07181] Failing at address: 0x20e500001c0d
==== backtrace (tid:   7183) ====
 0 0x000000000072a4c3 ESMCI::LogErr::MsgFoundError()  /work/noaa/da/mpotts/sandbox/pgi_2019_openmpi_O_v8.4.0/esmf/src/Infrastructure/LogErr/src/ESMCI_LogErr.C:586
 1 0x00000000008826c1 c_esmc_meshcreatenodedistgrid_()  /work/noaa/da/mpotts/sandbox/pgi_2019_openmpi_O_v8.4.0/esmf/src/Infrastructure/Mesh/interface/ESMCI_Mesh_F.C:248
 2 0x0000000000f9416c esmf_meshmod_esmf_meshcreatefrompointer_()  /work/noaa/da/mpotts/sandbox/pgi_2019_openmpi_O_v8.4.0/esmf/src/Infrastructure/Mesh/interface/ESMF_Mesh.F90:3091
 3 0x0000000000e75932 esmf_gridutilmod_esmf_gridtomesh_()  /work/noaa/da/mpotts/sandbox/pgi_2019_openmpi_O_v8.4.0/esmf/src/Infrastructure/GridUtil/interface/ESMF_GridUtil.F90:453
 4 0x0000000000d99d06 esmf_fieldregridmod_b_or_p_gridtomesh_()  /work/noaa/da/mpotts/sandbox/pgi_2019_openmpi_O_v8.4.0/esmf/src/Infrastructure/Field/src/ESMF_FieldRegrid.F90:3228
 5 0x0000000000d97214 esmf_fieldregridmod_getmeshwithnodesonfieldloc_()  /work/noaa/da/mpotts/sandbox/pgi_2019_openmpi_O_v8.4.0/esmf/src/Infrastructure/Field/src/ESMF_FieldRegrid.F90:1346
 6 0x0000000000d95773 esmf_fieldregridmod_esmf_fieldregridstorenx_()  /work/noaa/da/mpotts/sandbox/pgi_2019_openmpi_O_v8.4.0/esmf/src/Infrastructure/Field/src/ESMF_FieldRegrid.F90:971
 7 0x0000000001225c27 nuopc_connector_fieldbundlecplstore_()  /work/noaa/da/mpotts/sandbox/pgi_2019_openmpi_O_v8.4.0/esmf/src/addon/NUOPC/src/NUOPC_Connector.F90:7919
 8 0x000000000120d084 nuopc_connector_initializeipdv05p6b_()  /work/noaa/da/mpotts/sandbox/pgi_2019_openmpi_O_v8.4.0/esmf/src/addon/NUOPC/src/NUOPC_Connector.F90:5386
 9 0x000000000064f167 ESMCI::FTable::callVFuncPtr()  /work/noaa/da/mpotts/sandbox/pgi_2019_openmpi_O_v8.4.0/esmf/src/Superstructure/Component/src/ESMCI_FTable.C:2167
10 0x000000000064d36a ESMCI_FTableCallEntryPointVMHop()  /work/noaa/da/mpotts/sandbox/pgi_2019_openmpi_O_v8.4.0/esmf/src/Superstructure/Component/src/ESMCI_FTable.C:824
11 0x0000000000a34668 ESMCI::VM::enter()  /work/noaa/da/mpotts/sandbox/pgi_2019_openmpi_O_v8.4.0/esmf/src/Infrastructure/VM/src/ESMCI_VM.C:1216
12 0x000000000064d747 c_esmc_ftablecallentrypointvm_()  /work/noaa/da/mpotts/sandbox/pgi_2019_openmpi_O_v8.4.0/esmf/src/Superstructure/Component/src/ESMCI_FTable.C:981
13 0x0000000000c07b5d esmf_compmod_esmf_compexecute_()  /work/noaa/da/mpotts/sandbox/pgi_2019_openmpi_O_v8.4.0/esmf/src/Superstructure/Component/src/ESMF_Comp.F90:1223
14 0x0000000000c18401 esmf_cplcompmod_esmf_cplcompinitialize_()  /work/noaa/da/mpotts/sandbox/pgi_2019_openmpi_O_v8.4.0/esmf/src/Superstructure/Component/src/ESMF_CplComp.F90:1165
15 0x00000000012457b4 nuopc_driver_loopconnectorcompss_()  /work/noaa/da/mpotts/sandbox/pgi_2019_openmpi_O_v8.4.0/esmf/src/addon/NUOPC/src/NUOPC_Driver.F90:2869
16 0x000000000123ccd1 nuopc_driver_initializeipdv02p3_()  /work/noaa/da/mpotts/sandbox/pgi_2019_openmpi_O_v8.4.0/esmf/src/addon/NUOPC/src/NUOPC_Driver.F90:2020
[Orion-24-52:07181] [ 0] /lib64/libpthread.so.0(+0xf5d0)[0x7f545c8f15d0]
17 0x000000000122c7fa nuopc_driver_initializegeneric_()  /work/noaa/da/mpotts/sandbox/pgi_2019_openmpi_O_v8.4.0/esmf/src/addon/NUOPC/src/NUOPC_Driver.F90:479
18 0x000000000064f167 ESMCI::FTable::callVFuncPtr()  /work/noaa/da/mpotts/sandbox/pgi_2019_openmpi_O_v8.4.0/esmf/src/Superstructure/Component/src/ESMCI_FTable.C:2167
19 0x000000000064d36a ESMCI_FTableCallEntryPointVMHop()  /work/noaa/da/mpotts/sandbox/pgi_2019_openmpi_O_v8.4.0/esmf/src/Superstructure/Component/src/ESMCI_FTable.C:824
20 0x0000000000a34668 ESMCI::VM::enter()  /work/noaa/da/mpotts/sandbox/pgi_2019_openmpi_O_v8.4.0/esmf/src/Infrastructure/VM/src/ESMCI_VM.C:1216
21 0x000000000064d747 c_esmc_ftablecallentrypointvm_()  /work/noaa/da/mpotts/sandbox/pgi_2019_openmpi_O_v8.4.0/esmf/src/Superstructure/Component/src/ESMCI_FTable.C:981
22 0x0000000000c07b5d esmf_compmod_esmf_compexecute_()  /work/noaa/da/mpotts/sandbox/pgi_2019_openmpi_O_v8.4.0/esmf/src/Superstructure/Component/src/ESMF_Comp.F90:1223
23 0x0000000000ddbbb1 esmf_gridcompmod_esmf_gridcompinitialize_()  /work/noaa/da/mpotts/sandbox/pgi_2019_openmpi_O_v8.4.0/esmf/src/Superstructure/Component/src/ESMF_GridComp.F90:1412
24 0x000000000040673d MAIN_()  /work/noaa/da/mpotts/sandbox/pgi_2019_openmpi_O_v8.4.0/nuopc-app-prototypes/AtmOcnMedPetListTimescalesProto/esmApp.F90:58
25 0x00000000004063b3 main()  ???:0
26 0x0000000000022495 __libc_start_main()  ???:0
27 0x00000000004062b9 _start()  ???:0
=================================
[Orion-24-52:07183] *** Process received signal ***
[Orion-24-52:07183] Signal: Segmentation fault (11)
[Orion-24-52:07183] Signal code:  (-6)
[Orion-24-52:07183] Failing at address: 0x20e500001c0f
[Orion-24-52:07181] [ 1] /work/noaa/da/mpotts/sandbox/pgi_2019_openmpi_O_v8.4.0/esmf/DEFAULTINSTALLDIR/lib/libO/Linux.pgi.64.openmpi.default/libesmf.so(_ZN5ESMCI6LogErr13MsgFoundErrorEiPKciS2_S2_Pi+0x33)[0x7f545b0964c3]
[Orion-24-52:07183] [ 0] /lib64/libpthread.so.0(+0xf5d0)[0x7f054f0655d0]
[Orion-24-52:07181] [ 2] /work/noaa/da/mpotts/sandbox/pgi_2019_openmpi_O_v8.4.0/esmf/DEFAULTINSTALLDIR/lib/libO/Linux.pgi.64.openmpi.default/libesmf.so(c_esmc_meshcreatenodedistgrid_+0xa1)[0x7f545b1ee6c1]
[Orion-24-52:07183] [ 1] /work/noaa/da/mpotts/sandbox/pgi_2019_openmpi_O_v8.4.0/esmf/DEFAULTINSTALLDIR/lib/libO/Linux.pgi.64.openmpi.default/libesmf.so(_ZN5ESMCI6LogErr13MsgFoundErrorEiPKciS2_S2_Pi+0x33)[0x7f054d80a4c3]
[Orion-24-52:07181] [ 3] /work/noaa/da/mpotts/sandbox/pgi_2019_openmpi_O_v8.4.0/esmf/DEFAULTINSTALLDIR/lib/libO/Linux.pgi.64.openmpi.default/libesmf.so(esmf_meshmod_esmf_meshcreatefrompointer_+0x4c)[0x7f545b90016c]
[Orion-24-52:07183] [ 2] /work/noaa/da/mpotts/sandbox/pgi_2019_openmpi_O_v8.4.0/esmf/DEFAULTINSTALLDIR/lib/libO/Linux.pgi.64.openmpi.default/libesmf.so(c_esmc_meshcreatenodedistgrid_+0xa1)[0x7f054d9626c1]
[Orion-24-52:07181] [ 4] /work/noaa/da/mpotts/sandbox/pgi_2019_openmpi_O_v8.4.0/esmf/DEFAULTINSTALLDIR/lib/libO/Linux.pgi.64.openmpi.default/libesmf.so(esmf_gridutilmod_esmf_gridtomesh_+0x352)[0x7f545b7e1932]
[Orion-24-52:07183] [ 3] /work/noaa/da/mpotts/sandbox/pgi_2019_openmpi_O_v8.4.0/esmf/DEFAULTINSTALLDIR/lib/libO/Linux.pgi.64.openmpi.default/libesmf.so(esmf_meshmod_esmf_meshcreatefrompointer_+0x4c)[0x7f054e07416c]
[Orion-24-52:07181] [ 5] /work/noaa/da/mpotts/sandbox/pgi_2019_openmpi_O_v8.4.0/esmf/DEFAULTINSTALLDIR/lib/libO/Linux.pgi.64.openmpi.default/libesmf.so(esmf_fieldregridmod_b_or_p_gridtomesh_+0x156)[0x7f545b705d06]
[Orion-24-52:07183] [ 4] /work/noaa/da/mpotts/sandbox/pgi_2019_openmpi_O_v8.4.0/esmf/DEFAULTINSTALLDIR/lib/libO/Linux.pgi.64.openmpi.default/libesmf.so(esmf_gridutilmod_esmf_gridtomesh_+0x352)[0x7f054df55932]
[Orion-24-52:07181] [ 6] /work/noaa/da/mpotts/sandbox/pgi_2019_openmpi_O_v8.4.0/esmf/DEFAULTINSTALLDIR/lib/libO/Linux.pgi.64.openmpi.default/libesmf.so(esmf_fieldregridmod_getmeshwithnodesonfieldloc_+0x394)[0x7f545b703214]
[Orion-24-52:07183] [ 5] /work/noaa/da/mpotts/sandbox/pgi_2019_openmpi_O_v8.4.0/esmf/DEFAULTINSTALLDIR/lib/libO/Linux.pgi.64.openmpi.default/libesmf.so(esmf_fieldregridmod_b_or_p_gridtomesh_+0x156)[0x7f054de79d06]
[Orion-24-52:07181] [ 7] /work/noaa/da/mpotts/sandbox/pgi_2019_openmpi_O_v8.4.0/esmf/DEFAULTINSTALLDIR/lib/libO/Linux.pgi.64.openmpi.default/libesmf.so(esmf_fieldregridmod_esmf_fieldregridstorenx_+0x9c3)[0x7f545b701773]
[Orion-24-52:07183] [ 6] /work/noaa/da/mpotts/sandbox/pgi_2019_openmpi_O_v8.4.0/esmf/DEFAULTINSTALLDIR/lib/libO/Linux.pgi.64.openmpi.default/libesmf.so(esmf_fieldregridmod_getmeshwithnodesonfieldloc_+0x394)[0x7f054de77214]
[Orion-24-52:07181] [ 8] /work/noaa/da/mpotts/sandbox/pgi_2019_openmpi_O_v8.4.0/esmf/DEFAULTINSTALLDIR/lib/libO/Linux.pgi.64.openmpi.default/libesmf.so(nuopc_connector_fieldbundlecplstore_+0xbc87)[0x7f545bb91c27]
[Orion-24-52:07183] [ 7] /work/noaa/da/mpotts/sandbox/pgi_2019_openmpi_O_v8.4.0/esmf/DEFAULTINSTALLDIR/lib/libO/Linux.pgi.64.openmpi.default/libesmf.so(esmf_fieldregridmod_esmf_fieldregridstorenx_+0x9c3)[0x7f054de75773]
[Orion-24-52:07181] [ 9] /work/noaa/da/mpotts/sandbox/pgi_2019_openmpi_O_v8.4.0/esmf/DEFAULTINSTALLDIR/lib/libO/Linux.pgi.64.openmpi.default/libesmf.so(nuopc_connector_initializeipdv05p6b_+0x4f74)[0x7f545bb79084]
[Orion-24-52:07183] [ 8] /work/noaa/da/mpotts/sandbox/pgi_2019_openmpi_O_v8.4.0/esmf/DEFAULTINSTALLDIR/lib/libO/Linux.pgi.64.openmpi.default/libesmf.so(nuopc_connector_fieldbundlecplstore_+0xbc87)[0x7f054e305c27]
[Orion-24-52:07181] [10] /work/noaa/da/mpotts/sandbox/pgi_2019_openmpi_O_v8.4.0/esmf/DEFAULTINSTALLDIR/lib/libO/Linux.pgi.64.openmpi.default/libesmf.so(_ZN5ESMCI6FTable12callVFuncPtrEPKcPNS_2VMEPi+0x417)[0x7f545afbb167]
[Orion-24-52:07183] [ 9] /work/noaa/da/mpotts/sandbox/pgi_2019_openmpi_O_v8.4.0/esmf/DEFAULTINSTALLDIR/lib/libO/Linux.pgi.64.openmpi.default/libesmf.so(nuopc_connector_initializeipdv05p6b_+0x4f74)[0x7f054e2ed084]
[Orion-24-52:07181] [11] /work/noaa/da/mpotts/sandbox/pgi_2019_openmpi_O_v8.4.0/esmf/DEFAULTINSTALLDIR/lib/libO/Linux.pgi.64.openmpi.default/libesmf.so(ESMCI_FTableCallEntryPointVMHop+0x1ea)[0x7f545afb936a]
[Orion-24-52:07183] [10] /work/noaa/da/mpotts/sandbox/pgi_2019_openmpi_O_v8.4.0/esmf/DEFAULTINSTALLDIR/lib/libO/Linux.pgi.64.openmpi.default/libesmf.so(_ZN5ESMCI6FTable12callVFuncPtrEPKcPNS_2VMEPi+0x417)[0x7f054d72f167]
[Orion-24-52:07181] [12] /work/noaa/da/mpotts/sandbox/pgi_2019_openmpi_O_v8.4.0/esmf/DEFAULTINSTALLDIR/lib/libO/Linux.pgi.64.openmpi.default/libesmf.so(_ZN5ESMCI2VM5enterEPNS_6VMPlanEPvS3_+0x18)[0x7f545b3a0668]
[Orion-24-52:07183] [11] /work/noaa/da/mpotts/sandbox/pgi_2019_openmpi_O_v8.4.0/esmf/DEFAULTINSTALLDIR/lib/libO/Linux.pgi.64.openmpi.default/libesmf.so(ESMCI_FTableCallEntryPointVMHop+0x1ea)[0x7f054d72d36a]
[Orion-24-52:07181] [13] /work/noaa/da/mpotts/sandbox/pgi_2019_openmpi_O_v8.4.0/esmf/DEFAULTINSTALLDIR/lib/libO/Linux.pgi.64.openmpi.default/libesmf.so(c_esmc_ftablecallentrypointvm_+0x337)[0x7f545afb9747]
[Orion-24-52:07183] [12] /work/noaa/da/mpotts/sandbox/pgi_2019_openmpi_O_v8.4.0/esmf/DEFAULTINSTALLDIR/lib/libO/Linux.pgi.64.openmpi.default/libesmf.so(_ZN5ESMCI2VM5enterEPNS_6VMPlanEPvS3_+0x18)[0x7f054db14668]
[Orion-24-52:07181] [14] /work/noaa/da/mpotts/sandbox/pgi_2019_openmpi_O_v8.4.0/esmf/DEFAULTINSTALLDIR/lib/libO/Linux.pgi.64.openmpi.default/libesmf.so(esmf_compmod_esmf_compexecute_+0x7ed)[0x7f545b573b5d]
[Orion-24-52:07183] [13] /work/noaa/da/mpotts/sandbox/pgi_2019_openmpi_O_v8.4.0/esmf/DEFAULTINSTALLDIR/lib/libO/Linux.pgi.64.openmpi.default/libesmf.so(c_esmc_ftablecallentrypointvm_+0x337)[0x7f054d72d747]
[Orion-24-52:07181] [15] /work/noaa/da/mpotts/sandbox/pgi_2019_openmpi_O_v8.4.0/esmf/DEFAULTINSTALLDIR/lib/libO/Linux.pgi.64.openmpi.default/libesmf.so(esmf_cplcompmod_esmf_cplcompinitialize_+0x161)[0x7f545b584401]
[Orion-24-52:07183] [14] /work/noaa/da/mpotts/sandbox/pgi_2019_openmpi_O_v8.4.0/esmf/DEFAULTINSTALLDIR/lib/libO/Linux.pgi.64.openmpi.default/libesmf.so(esmf_compmod_esmf_compexecute_+0x7ed)[0x7f054dce7b5d]
[Orion-24-52:07181] [16] /work/noaa/da/mpotts/sandbox/pgi_2019_openmpi_O_v8.4.0/esmf/DEFAULTINSTALLDIR/lib/libO/Linux.pgi.64.openmpi.default/libesmf.so(nuopc_driver_loopconnectorcompss_+0xeb4)[0x7f545bbb17b4]
[Orion-24-52:07183] [15] /work/noaa/da/mpotts/sandbox/pgi_2019_openmpi_O_v8.4.0/esmf/DEFAULTINSTALLDIR/lib/libO/Linux.pgi.64.openmpi.default/libesmf.so(esmf_cplcompmod_esmf_cplcompinitialize_+0x161)[0x7f054dcf8401]
[Orion-24-52:07181] [17] /work/noaa/da/mpotts/sandbox/pgi_2019_openmpi_O_v8.4.0/esmf/DEFAULTINSTALLDIR/lib/libO/Linux.pgi.64.openmpi.default/libesmf.so(nuopc_driver_initializeipdv02p3_+0x20f1)[0x7f545bba8cd1]
[Orion-24-52:07183] [16] /work/noaa/da/mpotts/sandbox/pgi_2019_openmpi_O_v8.4.0/esmf/DEFAULTINSTALLDIR/lib/libO/Linux.pgi.64.openmpi.default/libesmf.so(nuopc_driver_loopconnectorcompss_+0xeb4)[0x7f054e3257b4]
[Orion-24-52:07181] [18] /work/noaa/da/mpotts/sandbox/pgi_2019_openmpi_O_v8.4.0/esmf/DEFAULTINSTALLDIR/lib/libO/Linux.pgi.64.openmpi.default/libesmf.so(nuopc_driver_initializegeneric_+0x62a)[0x7f545bb987fa]
[Orion-24-52:07183] [17] /work/noaa/da/mpotts/sandbox/pgi_2019_openmpi_O_v8.4.0/esmf/DEFAULTINSTALLDIR/lib/libO/Linux.pgi.64.openmpi.default/libesmf.so(nuopc_driver_initializeipdv02p3_+0x20f1)[0x7f054e31ccd1]
[Orion-24-52:07181] [19] /work/noaa/da/mpotts/sandbox/pgi_2019_openmpi_O_v8.4.0/esmf/DEFAULTINSTALLDIR/lib/libO/Linux.pgi.64.openmpi.default/libesmf.so(_ZN5ESMCI6FTable12callVFuncPtrEPKcPNS_2VMEPi+0x417)[0x7f545afbb167]
[Orion-24-52:07183] [18] /work/noaa/da/mpotts/sandbox/pgi_2019_openmpi_O_v8.4.0/esmf/DEFAULTINSTALLDIR/lib/libO/Linux.pgi.64.openmpi.default/libesmf.so(nuopc_driver_initializegeneric_+0x62a)[0x7f054e30c7fa]
[Orion-24-52:07181] [20] /work/noaa/da/mpotts/sandbox/pgi_2019_openmpi_O_v8.4.0/esmf/DEFAULTINSTALLDIR/lib/libO/Linux.pgi.64.openmpi.default/libesmf.so(ESMCI_FTableCallEntryPointVMHop+0x1ea)[0x7f545afb936a]
[Orion-24-52:07183] [19] /work/noaa/da/mpotts/sandbox/pgi_2019_openmpi_O_v8.4.0/esmf/DEFAULTINSTALLDIR/lib/libO/Linux.pgi.64.openmpi.default/libesmf.so(_ZN5ESMCI6FTable12callVFuncPtrEPKcPNS_2VMEPi+0x417)[0x7f054d72f167]
[Orion-24-52:07181] [21] /work/noaa/da/mpotts/sandbox/pgi_2019_openmpi_O_v8.4.0/esmf/DEFAULTINSTALLDIR/lib/libO/Linux.pgi.64.openmpi.default/libesmf.so(_ZN5ESMCI2VM5enterEPNS_6VMPlanEPvS3_+0x18)[0x7f545b3a0668]
[Orion-24-52:07183] [20] /work/noaa/da/mpotts/sandbox/pgi_2019_openmpi_O_v8.4.0/esmf/DEFAULTINSTALLDIR/lib/libO/Linux.pgi.64.openmpi.default/libesmf.so(ESMCI_FTableCallEntryPointVMHop+0x1ea)[0x7f054d72d36a]
[Orion-24-52:07181] [22] /work/noaa/da/mpotts/sandbox/pgi_2019_openmpi_O_v8.4.0/esmf/DEFAULTINSTALLDIR/lib/libO/Linux.pgi.64.openmpi.default/libesmf.so(c_esmc_ftablecallentrypointvm_+0x337)[0x7f545afb9747]
[Orion-24-52:07183] [21] /work/noaa/da/mpotts/sandbox/pgi_2019_openmpi_O_v8.4.0/esmf/DEFAULTINSTALLDIR/lib/libO/Linux.pgi.64.openmpi.default/libesmf.so(_ZN5ESMCI2VM5enterEPNS_6VMPlanEPvS3_+0x18)[0x7f054db14668]
[Orion-24-52:07181] [23] /work/noaa/da/mpotts/sandbox/pgi_2019_openmpi_O_v8.4.0/esmf/DEFAULTINSTALLDIR/lib/libO/Linux.pgi.64.openmpi.default/libesmf.so(esmf_compmod_esmf_compexecute_+0x7ed)[0x7f545b573b5d]
[Orion-24-52:07183] [22] /work/noaa/da/mpotts/sandbox/pgi_2019_openmpi_O_v8.4.0/esmf/DEFAULTINSTALLDIR/lib/libO/Linux.pgi.64.openmpi.default/libesmf.so(c_esmc_ftablecallentrypointvm_+0x337)[0x7f054d72d747]
[Orion-24-52:07181] [24] /work/noaa/da/mpotts/sandbox/pgi_2019_openmpi_O_v8.4.0/esmf/DEFAULTINSTALLDIR/lib/libO/Linux.pgi.64.openmpi.default/libesmf.so(esmf_gridcompmod_esmf_gridcompinitialize_+0x161)[0x7f545b747bb1]
[Orion-24-52:07181] [25] /work/noaa/da/mpotts/sandbox/pgi_2019_openmpi_O_v8.4.0/nuopc-app-prototypes/AtmOcnMedPetListTimescalesProto/./esmApp[0x40673d]
[Orion-24-52:07181] [26] /work/noaa/da/mpotts/sandbox/pgi_2019_openmpi_O_v8.4.0/nuopc-app-prototypes/AtmOcnMedPetListTimescalesProto/./esmApp[0x4063b3]
[Orion-24-52:07181] [27] /lib64/libc.so.6(__libc_start_main+0xf5)[0x7f5456db9495]
[Orion-24-52:07181] [28] /work/noaa/da/mpotts/sandbox/pgi_2019_openmpi_O_v8.4.0/nuopc-app-prototypes/AtmOcnMedPetListTimescalesProto/./esmApp[0x4062b9]
[Orion-24-52:07183] [23] /work/noaa/da/mpotts/sandbox/pgi_2019_openmpi_O_v8.4.0/esmf/DEFAULTINSTALLDIR/lib/libO/Linux.pgi.64.openmpi.default/libesmf.so(esmf_compmod_esmf_compexecute_+0x7ed)[0x7f054dce7b5d]
[Orion-24-52:07181] *** End of error message ***
[Orion-24-52:07183] [24] /work/noaa/da/mpotts/sandbox/pgi_2019_openmpi_O_v8.4.0/esmf/DEFAULTINSTALLDIR/lib/libO/Linux.pgi.64.openmpi.default/libesmf.so(esmf_gridcompmod_esmf_gridcompinitialize_+0x161)[0x7f054debbbb1]
[Orion-24-52:07183] [25] /work/noaa/da/mpotts/sandbox/pgi_2019_openmpi_O_v8.4.0/nuopc-app-prototypes/AtmOcnMedPetListTimescalesProto/./esmApp[0x40673d]
[Orion-24-52:07183] [26] /work/noaa/da/mpotts/sandbox/pgi_2019_openmpi_O_v8.4.0/nuopc-app-prototypes/AtmOcnMedPetListTimescalesProto/./esmApp[0x4063b3]
[Orion-24-52:07183] [27] /lib64/libc.so.6(__libc_start_main+0xf5)[0x7f054952d495]
[Orion-24-52:07183] [28] /work/noaa/da/mpotts/sandbox/pgi_2019_openmpi_O_v8.4.0/nuopc-app-prototypes/AtmOcnMedPetListTimescalesProto/./esmApp[0x4062b9]
[Orion-24-52:07183] *** End of error message ***
==== backtrace (tid:   7180) ====
 0 0x000000000072a4c3 ESMCI::LogErr::MsgFoundError()  /work/noaa/da/mpotts/sandbox/pgi_2019_openmpi_O_v8.4.0/esmf/src/Infrastructure/LogErr/src/ESMCI_LogErr.C:586
 1 0x00000000008826c1 c_esmc_meshcreatenodedistgrid_()  /work/noaa/da/mpotts/sandbox/pgi_2019_openmpi_O_v8.4.0/esmf/src/Infrastructure/Mesh/interface/ESMCI_Mesh_F.C:248
 2 0x0000000000f9416c esmf_meshmod_esmf_meshcreatefrompointer_()  /work/noaa/da/mpotts/sandbox/pgi_2019_openmpi_O_v8.4.0/esmf/src/Infrastructure/Mesh/interface/ESMF_Mesh.F90:3091
 3 0x0000000000e75932 esmf_gridutilmod_esmf_gridtomesh_()  /work/noaa/da/mpotts/sandbox/pgi_2019_openmpi_O_v8.4.0/esmf/src/Infrastructure/GridUtil/interface/ESMF_GridUtil.F90:453
 4 0x0000000000d99d06 esmf_fieldregridmod_b_or_p_gridtomesh_()  /work/noaa/da/mpotts/sandbox/pgi_2019_openmpi_O_v8.4.0/esmf/src/Infrastructure/Field/src/ESMF_FieldRegrid.F90:3228
 5 0x0000000000d97214 esmf_fieldregridmod_getmeshwithnodesonfieldloc_()  /work/noaa/da/mpotts/sandbox/pgi_2019_openmpi_O_v8.4.0/esmf/src/Infrastructure/Field/src/ESMF_FieldRegrid.F90:1346
 6 0x0000000000d95773 esmf_fieldregridmod_esmf_fieldregridstorenx_()  /work/noaa/da/mpotts/sandbox/pgi_2019_openmpi_O_v8.4.0/esmf/src/Infrastructure/Field/src/ESMF_FieldRegrid.F90:971
 7 0x0000000001225c27 nuopc_connector_fieldbundlecplstore_()  /work/noaa/da/mpotts/sandbox/pgi_2019_openmpi_O_v8.4.0/esmf/src/addon/NUOPC/src/NUOPC_Connector.F90:7919
 8 0x000000000120d084 nuopc_connector_initializeipdv05p6b_()  /work/noaa/da/mpotts/sandbox/pgi_2019_openmpi_O_v8.4.0/esmf/src/addon/NUOPC/src/NUOPC_Connector.F90:5386
 9 0x000000000064f167 ESMCI::FTable::callVFuncPtr()  /work/noaa/da/mpotts/sandbox/pgi_2019_openmpi_O_v8.4.0/esmf/src/Superstructure/Component/src/ESMCI_FTable.C:2167
10 0x000000000064d36a ESMCI_FTableCallEntryPointVMHop()  /work/noaa/da/mpotts/sandbox/pgi_2019_openmpi_O_v8.4.0/esmf/src/Superstructure/Component/src/ESMCI_FTable.C:824
11 0x0000000000a34668 ESMCI::VM::enter()  /work/noaa/da/mpotts/sandbox/pgi_2019_openmpi_O_v8.4.0/esmf/src/Infrastructure/VM/src/ESMCI_VM.C:1216
12 0x000000000064d747 c_esmc_ftablecallentrypointvm_()  /work/noaa/da/mpotts/sandbox/pgi_2019_openmpi_O_v8.4.0/esmf/src/Superstructure/Component/src/ESMCI_FTable.C:981
13 0x0000000000c07b5d esmf_compmod_esmf_compexecute_()  /work/noaa/da/mpotts/sandbox/pgi_2019_openmpi_O_v8.4.0/esmf/src/Superstructure/Component/src/ESMF_Comp.F90:1223
14 0x0000000000c18401 esmf_cplcompmod_esmf_cplcompinitialize_()  /work/noaa/da/mpotts/sandbox/pgi_2019_openmpi_O_v8.4.0/esmf/src/Superstructure/Component/src/ESMF_CplComp.F90:1165
15 0x00000000012457b4 nuopc_driver_loopconnectorcompss_()  /work/noaa/da/mpotts/sandbox/pgi_2019_openmpi_O_v8.4.0/esmf/src/addon/NUOPC/src/NUOPC_Driver.F90:2869
16 0x000000000123ccd1 nuopc_driver_initializeipdv02p3_()  /work/noaa/da/mpotts/sandbox/pgi_2019_openmpi_O_v8.4.0/esmf/src/addon/NUOPC/src/NUOPC_Driver.F90:2020
17 0x000000000122c7fa nuopc_driver_initializegeneric_()  /work/noaa/da/mpotts/sandbox/pgi_2019_openmpi_O_v8.4.0/esmf/src/addon/NUOPC/src/NUOPC_Driver.F90:479
18 0x000000000064f167 ESMCI::FTable::callVFuncPtr()  /work/noaa/da/mpotts/sandbox/pgi_2019_openmpi_O_v8.4.0/esmf/src/Superstructure/Component/src/ESMCI_FTable.C:2167
19 0x000000000064d36a ESMCI_FTableCallEntryPointVMHop()  /work/noaa/da/mpotts/sandbox/pgi_2019_openmpi_O_v8.4.0/esmf/src/Superstructure/Component/src/ESMCI_FTable.C:824
20 0x0000000000a34668 ESMCI::VM::enter()  /work/noaa/da/mpotts/sandbox/pgi_2019_openmpi_O_v8.4.0/esmf/src/Infrastructure/VM/src/ESMCI_VM.C:1216
21 0x000000000064d747 c_esmc_ftablecallentrypointvm_()  /work/noaa/da/mpotts/sandbox/pgi_2019_openmpi_O_v8.4.0/esmf/src/Superstructure/Component/src/ESMCI_FTable.C:981
22 0x0000000000c07b5d esmf_compmod_esmf_compexecute_()  /work/noaa/da/mpotts/sandbox/pgi_2019_openmpi_O_v8.4.0/esmf/src/Superstructure/Component/src/ESMF_Comp.F90:1223
23 0x0000000000ddbbb1 esmf_gridcompmod_esmf_gridcompinitialize_()  /work/noaa/da/mpotts/sandbox/pgi_2019_openmpi_O_v8.4.0/esmf/src/Superstructure/Component/src/ESMF_GridComp.F90:1412
24 0x000000000040673d MAIN_()  /work/noaa/da/mpotts/sandbox/pgi_2019_openmpi_O_v8.4.0/nuopc-app-prototypes/AtmOcnMedPetListTimescalesProto/esmApp.F90:58
25 0x00000000004063b3 main()  ???:0
26 0x0000000000022495 __libc_start_main()  ???:0
27 0x00000000004062b9 _start()  ???:0
=================================
[Orion-24-52:07180] *** Process received signal ***
[Orion-24-52:07180] Signal: Segmentation fault (11)
[Orion-24-52:07180] Signal code:  (-6)
[Orion-24-52:07180] Failing at address: 0x20e500001c0c
[Orion-24-52:07180] [ 0] /lib64/libpthread.so.0(+0xf5d0)[0x7fca86d2f5d0]
[Orion-24-52:07180] [ 1] /work/noaa/da/mpotts/sandbox/pgi_2019_openmpi_O_v8.4.0/esmf/DEFAULTINSTALLDIR/lib/libO/Linux.pgi.64.openmpi.default/libesmf.so(_ZN5ESMCI6LogErr13MsgFoundErrorEiPKciS2_S2_Pi+0x33)[0x7fca854d44c3]
[Orion-24-52:07180] [ 2] /work/noaa/da/mpotts/sandbox/pgi_2019_openmpi_O_v8.4.0/esmf/DEFAULTINSTALLDIR/lib/libO/Linux.pgi.64.openmpi.default/libesmf.so(c_esmc_meshcreatenodedistgrid_+0xa1)[0x7fca8562c6c1]
[Orion-24-52:07180] [ 3] /work/noaa/da/mpotts/sandbox/pgi_2019_openmpi_O_v8.4.0/esmf/DEFAULTINSTALLDIR/lib/libO/Linux.pgi.64.openmpi.default/libesmf.so(esmf_meshmod_esmf_meshcreatefrompointer_+0x4c)[0x7fca85d3e16c]
[Orion-24-52:07180] [ 4] /work/noaa/da/mpotts/sandbox/pgi_2019_openmpi_O_v8.4.0/esmf/DEFAULTINSTALLDIR/lib/libO/Linux.pgi.64.openmpi.default/libesmf.so(esmf_gridutilmod_esmf_gridtomesh_+0x352)[0x7fca85c1f932]
[Orion-24-52:07180] [ 5] /work/noaa/da/mpotts/sandbox/pgi_2019_openmpi_O_v8.4.0/esmf/DEFAULTINSTALLDIR/lib/libO/Linux.pgi.64.openmpi.default/libesmf.so(esmf_fieldregridmod_b_or_p_gridtomesh_+0x156)[0x7fca85b43d06]
[Orion-24-52:07180] [ 6] /work/noaa/da/mpotts/sandbox/pgi_2019_openmpi_O_v8.4.0/esmf/DEFAULTINSTALLDIR/lib/libO/Linux.pgi.64.openmpi.default/libesmf.so(esmf_fieldregridmod_getmeshwithnodesonfieldloc_+0x394)[0x7fca85b41214]
[Orion-24-52:07180] [ 7] /work/noaa/da/mpotts/sandbox/pgi_2019_openmpi_O_v8.4.0/esmf/DEFAULTINSTALLDIR/lib/libO/Linux.pgi.64.openmpi.default/libesmf.so(esmf_fieldregridmod_esmf_fieldregridstorenx_+0x9c3)[0x7fca85b3f773]
[Orion-24-52:07180] [ 8] /work/noaa/da/mpotts/sandbox/pgi_2019_openmpi_O_v8.4.0/esmf/DEFAULTINSTALLDIR/lib/libO/Linux.pgi.64.openmpi.default/libesmf.so(nuopc_connector_fieldbundlecplstore_+0xbc87)[0x7fca85fcfc27]
[Orion-24-52:07180] [ 9] /work/noaa/da/mpotts/sandbox/pgi_2019_openmpi_O_v8.4.0/esmf/DEFAULTINSTALLDIR/lib/libO/Linux.pgi.64.openmpi.default/libesmf.so(nuopc_connector_initializeipdv05p6b_+0x4f74)[0x7fca85fb7084]
[Orion-24-52:07180] [10] /work/noaa/da/mpotts/sandbox/pgi_2019_openmpi_O_v8.4.0/esmf/DEFAULTINSTALLDIR/lib/libO/Linux.pgi.64.openmpi.default/libesmf.so(_ZN5ESMCI6FTable12callVFuncPtrEPKcPNS_2VMEPi+0x417)[0x7fca853f9167]
[Orion-24-52:07180] [11] /work/noaa/da/mpotts/sandbox/pgi_2019_openmpi_O_v8.4.0/esmf/DEFAULTINSTALLDIR/lib/libO/Linux.pgi.64.openmpi.default/libesmf.so(ESMCI_FTableCallEntryPointVMHop+0x1ea)[0x7fca853f736a]
[Orion-24-52:07180] [12] /work/noaa/da/mpotts/sandbox/pgi_2019_openmpi_O_v8.4.0/esmf/DEFAULTINSTALLDIR/lib/libO/Linux.pgi.64.openmpi.default/libesmf.so(_ZN5ESMCI2VM5enterEPNS_6VMPlanEPvS3_+0x18)[0x7fca857de668]
[Orion-24-52:07180] [13] /work/noaa/da/mpotts/sandbox/pgi_2019_openmpi_O_v8.4.0/esmf/DEFAULTINSTALLDIR/lib/libO/Linux.pgi.64.openmpi.default/libesmf.so(c_esmc_ftablecallentrypointvm_+0x337)[0x7fca853f7747]
[Orion-24-52:07180] [14] /work/noaa/da/mpotts/sandbox/pgi_2019_openmpi_O_v8.4.0/esmf/DEFAULTINSTALLDIR/lib/libO/Linux.pgi.64.openmpi.default/libesmf.so(esmf_compmod_esmf_compexecute_+0x7ed)[0x7fca859b1b5d]
[Orion-24-52:07180] [15] /work/noaa/da/mpotts/sandbox/pgi_2019_openmpi_O_v8.4.0/esmf/DEFAULTINSTALLDIR/lib/libO/Linux.pgi.64.openmpi.default/libesmf.so(esmf_cplcompmod_esmf_cplcompinitialize_+0x161)[0x7fca859c2401]
[Orion-24-52:07180] [16] /work/noaa/da/mpotts/sandbox/pgi_2019_openmpi_O_v8.4.0/esmf/DEFAULTINSTALLDIR/lib/libO/Linux.pgi.64.openmpi.default/libesmf.so(nuopc_driver_loopconnectorcompss_+0xeb4)[0x7fca85fef7b4]
[Orion-24-52:07180] [17] /work/noaa/da/mpotts/sandbox/pgi_2019_openmpi_O_v8.4.0/esmf/DEFAULTINSTALLDIR/lib/libO/Linux.pgi.64.openmpi.default/libesmf.so(nuopc_driver_initializeipdv02p3_+0x20f1)[0x7fca85fe6cd1]
[Orion-24-52:07180] [18] /work/noaa/da/mpotts/sandbox/pgi_2019_openmpi_O_v8.4.0/esmf/DEFAULTINSTALLDIR/lib/libO/Linux.pgi.64.openmpi.default/libesmf.so(nuopc_driver_initializegeneric_+0x62a)[0x7fca85fd67fa]
[Orion-24-52:07180] [19] /work/noaa/da/mpotts/sandbox/pgi_2019_openmpi_O_v8.4.0/esmf/DEFAULTINSTALLDIR/lib/libO/Linux.pgi.64.openmpi.default/libesmf.so(_ZN5ESMCI6FTable12callVFuncPtrEPKcPNS_2VMEPi+0x417)[0x7fca853f9167]
[Orion-24-52:07180] [20] /work/noaa/da/mpotts/sandbox/pgi_2019_openmpi_O_v8.4.0/esmf/DEFAULTINSTALLDIR/lib/libO/Linux.pgi.64.openmpi.default/libesmf.so(ESMCI_FTableCallEntryPointVMHop+0x1ea)[0x7fca853f736a]
[Orion-24-52:07180] [21] /work/noaa/da/mpotts/sandbox/pgi_2019_openmpi_O_v8.4.0/esmf/DEFAULTINSTALLDIR/lib/libO/Linux.pgi.64.openmpi.default/libesmf.so(_ZN5ESMCI2VM5enterEPNS_6VMPlanEPvS3_+0x18)[0x7fca857de668]
[Orion-24-52:07180] [22] /work/noaa/da/mpotts/sandbox/pgi_2019_openmpi_O_v8.4.0/esmf/DEFAULTINSTALLDIR/lib/libO/Linux.pgi.64.openmpi.default/libesmf.so(c_esmc_ftablecallentrypointvm_+0x337)[0x7fca853f7747]
[Orion-24-52:07180] [23] /work/noaa/da/mpotts/sandbox/pgi_2019_openmpi_O_v8.4.0/esmf/DEFAULTINSTALLDIR/lib/libO/Linux.pgi.64.openmpi.default/libesmf.so(esmf_compmod_esmf_compexecute_+0x7ed)[0x7fca859b1b5d]
[Orion-24-52:07180] [24] /work/noaa/da/mpotts/sandbox/pgi_2019_openmpi_O_v8.4.0/esmf/DEFAULTINSTALLDIR/lib/libO/Linux.pgi.64.openmpi.default/libesmf.so(esmf_gridcompmod_esmf_gridcompinitialize_+0x161)[0x7fca85b85bb1]
[Orion-24-52:07180] [25] /work/noaa/da/mpotts/sandbox/pgi_2019_openmpi_O_v8.4.0/nuopc-app-prototypes/AtmOcnMedPetListTimescalesProto/./esmApp[0x40673d]
[Orion-24-52:07180] [26] /work/noaa/da/mpotts/sandbox/pgi_2019_openmpi_O_v8.4.0/nuopc-app-prototypes/AtmOcnMedPetListTimescalesProto/./esmApp[0x4063b3]
[Orion-24-52:07180] [27] /lib64/libc.so.6(__libc_start_main+0xf5)[0x7fca811f7495]
[Orion-24-52:07180] [28] /work/noaa/da/mpotts/sandbox/pgi_2019_openmpi_O_v8.4.0/nuopc-app-prototypes/AtmOcnMedPetListTimescalesProto/./esmApp[0x4062b9]
[Orion-24-52:07180] *** End of error message ***
srun: error: Orion-24-52: tasks 0-1,3: Segmentation fault
srun: launch/slurm: _step_signal: Terminating StepId=7444434.355
slurmstepd: error: *** STEP 7444434.355 ON Orion-24-52 CANCELLED AT 2022-10-27T05:10:03 ***
srun: error: Orion-24-52: task 2: Terminated
srun: Force Terminated StepId=7444434.355
