2022-10-27 03:18:04
[Orion-24-52:8118 :0:8118] Caught signal 11 (Segmentation fault: address not mapped to object at address 0x4f1b591)
[Orion-24-52:8119 :0:8119] Caught signal 11 (Segmentation fault: address not mapped to object at address 0x4f1b591)
[Orion-24-52:8120 :0:8120] Caught signal 11 (Segmentation fault: address not mapped to object at address 0x4f1b591)
[Orion-24-52:8121 :0:8121] Caught signal 11 (Segmentation fault: address not mapped to object at address 0x4f1b591)

/work/noaa/da/mpotts/sandbox/pgi_2019_openmpi_O_v8.4.0/esmf/src/Infrastructure/LogErr/src/ESMCI_LogErr.C: [ ESMCI::LogErr::MsgFoundError() ]
      ...
      583 {
      584     bool result=false;
      585 #ifdef ESMC_SUCCESSDEFAULT_ON
==>   586     if (rcToReturn != ESMC_NULL_POINTER) *rcToReturn=ESMF_SUCCESS;
      587 #endif
      588     if (trace) {
      589         Write(ESMC_METHOD,ESMC_LOGMSG_TRACE,


/work/noaa/da/mpotts/sandbox/pgi_2019_openmpi_O_v8.4.0/esmf/src/Infrastructure/LogErr/src/ESMCI_LogErr.C: [ ESMCI::LogErr::MsgFoundError() ]
      ...
      583 {
      584     bool result=false;
      585 #ifdef ESMC_SUCCESSDEFAULT_ON
==>   586     if (rcToReturn != ESMC_NULL_POINTER) *rcToReturn=ESMF_SUCCESS;
      587 #endif
      588     if (trace) {
      589         Write(ESMC_METHOD,ESMC_LOGMSG_TRACE,


/work/noaa/da/mpotts/sandbox/pgi_2019_openmpi_O_v8.4.0/esmf/src/Infrastructure/LogErr/src/ESMCI_LogErr.C: [ ESMCI::LogErr::MsgFoundError() ]
      ...
      583 {
      584     bool result=false;
      585 #ifdef ESMC_SUCCESSDEFAULT_ON
==>   586     if (rcToReturn != ESMC_NULL_POINTER) *rcToReturn=ESMF_SUCCESS;
      587 #endif
      588     if (trace) {
      589         Write(ESMC_METHOD,ESMC_LOGMSG_TRACE,


/work/noaa/da/mpotts/sandbox/pgi_2019_openmpi_O_v8.4.0/esmf/src/Infrastructure/LogErr/src/ESMCI_LogErr.C: [ ESMCI::LogErr::MsgFoundError() ]
      ...
      583 {
      584     bool result=false;
      585 #ifdef ESMC_SUCCESSDEFAULT_ON
==>   586     if (rcToReturn != ESMC_NULL_POINTER) *rcToReturn=ESMF_SUCCESS;
      587 #endif
      588     if (trace) {
      589         Write(ESMC_METHOD,ESMC_LOGMSG_TRACE,

==== backtrace (tid:   8121) ====
 0 0x000000000072a4c3 ESMCI::LogErr::MsgFoundError()  /work/noaa/da/mpotts/sandbox/pgi_2019_openmpi_O_v8.4.0/esmf/src/Infrastructure/LogErr/src/ESMCI_LogErr.C:586
 1 0x00000000008826c1 c_esmc_meshcreatenodedistgrid_()  /work/noaa/da/mpotts/sandbox/pgi_2019_openmpi_O_v8.4.0/esmf/src/Infrastructure/Mesh/interface/ESMCI_Mesh_F.C:248
 2 0x0000000000f9416c esmf_meshmod_esmf_meshcreatefrompointer_()  /work/noaa/da/mpotts/sandbox/pgi_2019_openmpi_O_v8.4.0/esmf/src/Infrastructure/Mesh/interface/ESMF_Mesh.F90:3091
 3 0x0000000000e75932 esmf_gridutilmod_esmf_gridtomesh_()  /work/noaa/da/mpotts/sandbox/pgi_2019_openmpi_O_v8.4.0/esmf/src/Infrastructure/GridUtil/interface/ESMF_GridUtil.F90:453
 4 0x0000000000d99d06 esmf_fieldregridmod_b_or_p_gridtomesh_()  /work/noaa/da/mpotts/sandbox/pgi_2019_openmpi_O_v8.4.0/esmf/src/Infrastructure/Field/src/ESMF_FieldRegrid.F90:3228
 5 0x0000000000d97214 esmf_fieldregridmod_getmeshwithnodesonfieldloc_()  /work/noaa/da/mpotts/sandbox/pgi_2019_openmpi_O_v8.4.0/esmf/src/Infrastructure/Field/src/ESMF_FieldRegrid.F90:1346
 6 0x0000000000d95773 esmf_fieldregridmod_esmf_fieldregridstorenx_()  /work/noaa/da/mpotts/sandbox/pgi_2019_openmpi_O_v8.4.0/esmf/src/Infrastructure/Field/src/ESMF_FieldRegrid.F90:971
 7 0x0000000001225c27 nuopc_connector_fieldbundlecplstore_()  /work/noaa/da/mpotts/sandbox/pgi_2019_openmpi_O_v8.4.0/esmf/src/addon/NUOPC/src/NUOPC_Connector.F90:7919
 8 0x000000000120d084 nuopc_connector_initializeipdv05p6b_()  /work/noaa/da/mpotts/sandbox/pgi_2019_openmpi_O_v8.4.0/esmf/src/addon/NUOPC/src/NUOPC_Connector.F90:5386
 9 0x000000000064f167 ESMCI::FTable::callVFuncPtr()  /work/noaa/da/mpotts/sandbox/pgi_2019_openmpi_O_v8.4.0/esmf/src/Superstructure/Component/src/ESMCI_FTable.C:2167
10 0x000000000064d36a ESMCI_FTableCallEntryPointVMHop()  /work/noaa/da/mpotts/sandbox/pgi_2019_openmpi_O_v8.4.0/esmf/src/Superstructure/Component/src/ESMCI_FTable.C:824
11 0x0000000000a34668 ESMCI::VM::enter()  /work/noaa/da/mpotts/sandbox/pgi_2019_openmpi_O_v8.4.0/esmf/src/Infrastructure/VM/src/ESMCI_VM.C:1216
12 0x000000000064d747 c_esmc_ftablecallentrypointvm_()  /work/noaa/da/mpotts/sandbox/pgi_2019_openmpi_O_v8.4.0/esmf/src/Superstructure/Component/src/ESMCI_FTable.C:981
13 0x0000000000c07b5d esmf_compmod_esmf_compexecute_()  /work/noaa/da/mpotts/sandbox/pgi_2019_openmpi_O_v8.4.0/esmf/src/Superstructure/Component/src/ESMF_Comp.F90:1223
14 0x0000000000c18401 esmf_cplcompmod_esmf_cplcompinitialize_()  /work/noaa/da/mpotts/sandbox/pgi_2019_openmpi_O_v8.4.0/esmf/src/Superstructure/Component/src/ESMF_CplComp.F90:1165
15 0x00000000012457b4 nuopc_driver_loopconnectorcompss_()  /work/noaa/da/mpotts/sandbox/pgi_2019_openmpi_O_v8.4.0/esmf/src/addon/NUOPC/src/NUOPC_Driver.F90:2869
16 0x000000000123ccd1 nuopc_driver_initializeipdv02p3_()  /work/noaa/da/mpotts/sandbox/pgi_2019_openmpi_O_v8.4.0/esmf/src/addon/NUOPC/src/NUOPC_Driver.F90:2020
17 0x000000000122c7fa nuopc_driver_initializegeneric_()  /work/noaa/da/mpotts/sandbox/pgi_2019_openmpi_O_v8.4.0/esmf/src/addon/NUOPC/src/NUOPC_Driver.F90:479
18 0x000000000064f167 ESMCI::FTable::callVFuncPtr()  /work/noaa/da/mpotts/sandbox/pgi_2019_openmpi_O_v8.4.0/esmf/src/Superstructure/Component/src/ESMCI_FTable.C:2167
19 0x000000000064d36a ESMCI_FTableCallEntryPointVMHop()  /work/noaa/da/mpotts/sandbox/pgi_2019_openmpi_O_v8.4.0/esmf/src/Superstructure/Component/src/ESMCI_FTable.C:824
20 0x0000000000a34668 ESMCI::VM::enter()  /work/noaa/da/mpotts/sandbox/pgi_2019_openmpi_O_v8.4.0/esmf/src/Infrastructure/VM/src/ESMCI_VM.C:1216
21 0x000000000064d747 c_esmc_ftablecallentrypointvm_()  /work/noaa/da/mpotts/sandbox/pgi_2019_openmpi_O_v8.4.0/esmf/src/Superstructure/Component/src/ESMCI_FTable.C:981
22 0x0000000000c07b5d esmf_compmod_esmf_compexecute_()  /work/noaa/da/mpotts/sandbox/pgi_2019_openmpi_O_v8.4.0/esmf/src/Superstructure/Component/src/ESMF_Comp.F90:1223
23 0x0000000000ddbbb1 esmf_gridcompmod_esmf_gridcompinitialize_()  /work/noaa/da/mpotts/sandbox/pgi_2019_openmpi_O_v8.4.0/esmf/src/Superstructure/Component/src/ESMF_GridComp.F90:1412
24 0x0000000000405b7d MAIN_()  /work/noaa/da/mpotts/sandbox/pgi_2019_openmpi_O_v8.4.0/nuopc-app-prototypes/AtmOcnProto/esmApp.F90:58
25 0x00000000004057f3 main()  ???:0
26 0x0000000000022495 __libc_start_main()  ???:0
27 0x00000000004056f9 _start()  ???:0
=================================
[Orion-24-52:08121] *** Process received signal ***
[Orion-24-52:08121] Signal: Segmentation fault (11)
[Orion-24-52:08121] Signal code:  (-6)
[Orion-24-52:08121] Failing at address: 0x20e500001fb9
[Orion-24-52:08121] [ 0] /lib64/libpthread.so.0(+0xf5d0)[0x7fe14ec0b5d0]
==== backtrace (tid:   8119) ====
 0 0x000000000072a4c3 ESMCI::LogErr::MsgFoundError()  /work/noaa/da/mpotts/sandbox/pgi_2019_openmpi_O_v8.4.0/esmf/src/Infrastructure/LogErr/src/ESMCI_LogErr.C:586
[Orion-24-52:08121] [ 1] /work/noaa/da/mpotts/sandbox/pgi_2019_openmpi_O_v8.4.0/esmf/DEFAULTINSTALLDIR/lib/libO/Linux.pgi.64.openmpi.default/libesmf.so(_ZN5ESMCI6LogErr13MsgFoundErrorEiPKciS2_S2_Pi+0x33)[0x7fe14d3b04c3]
 1 0x00000000008826c1 c_esmc_meshcreatenodedistgrid_()  /work/noaa/da/mpotts/sandbox/pgi_2019_openmpi_O_v8.4.0/esmf/src/Infrastructure/Mesh/interface/ESMCI_Mesh_F.C:248
 2 0x0000000000f9416c esmf_meshmod_esmf_meshcreatefrompointer_()  /work/noaa/da/mpotts/sandbox/pgi_2019_openmpi_O_v8.4.0/esmf/src/Infrastructure/Mesh/interface/ESMF_Mesh.F90:3091
 3 0x0000000000e75932 esmf_gridutilmod_esmf_gridtomesh_()  /work/noaa/da/mpotts/sandbox/pgi_2019_openmpi_O_v8.4.0/esmf/src/Infrastructure/GridUtil/interface/ESMF_GridUtil.F90:453
 4 0x0000000000d99d06 esmf_fieldregridmod_b_or_p_gridtomesh_()  /work/noaa/da/mpotts/sandbox/pgi_2019_openmpi_O_v8.4.0/esmf/src/Infrastructure/Field/src/ESMF_FieldRegrid.F90:3228
 5 0x0000000000d97214 esmf_fieldregridmod_getmeshwithnodesonfieldloc_()  /work/noaa/da/mpotts/sandbox/pgi_2019_openmpi_O_v8.4.0/esmf/src/Infrastructure/Field/src/ESMF_FieldRegrid.F90:1346
 6 0x0000000000d95773 esmf_fieldregridmod_esmf_fieldregridstorenx_()  /work/noaa/da/mpotts/sandbox/pgi_2019_openmpi_O_v8.4.0/esmf/src/Infrastructure/Field/src/ESMF_FieldRegrid.F90:971
 7 0x0000000001225c27 nuopc_connector_fieldbundlecplstore_()  /work/noaa/da/mpotts/sandbox/pgi_2019_openmpi_O_v8.4.0/esmf/src/addon/NUOPC/src/NUOPC_Connector.F90:7919
 8 0x000000000120d084 nuopc_connector_initializeipdv05p6b_()  /work/noaa/da/mpotts/sandbox/pgi_2019_openmpi_O_v8.4.0/esmf/src/addon/NUOPC/src/NUOPC_Connector.F90:5386
 9 0x000000000064f167 ESMCI::FTable::callVFuncPtr()  /work/noaa/da/mpotts/sandbox/pgi_2019_openmpi_O_v8.4.0/esmf/src/Superstructure/Component/src/ESMCI_FTable.C:2167
10 0x000000000064d36a ESMCI_FTableCallEntryPointVMHop()  /work/noaa/da/mpotts/sandbox/pgi_2019_openmpi_O_v8.4.0/esmf/src/Superstructure/Component/src/ESMCI_FTable.C:824
11 0x0000000000a34668 ESMCI::VM::enter()  /work/noaa/da/mpotts/sandbox/pgi_2019_openmpi_O_v8.4.0/esmf/src/Infrastructure/VM/src/ESMCI_VM.C:1216
12 0x000000000064d747 c_esmc_ftablecallentrypointvm_()  /work/noaa/da/mpotts/sandbox/pgi_2019_openmpi_O_v8.4.0/esmf/src/Superstructure/Component/src/ESMCI_FTable.C:981
13 0x0000000000c07b5d esmf_compmod_esmf_compexecute_()  /work/noaa/da/mpotts/sandbox/pgi_2019_openmpi_O_v8.4.0/esmf/src/Superstructure/Component/src/ESMF_Comp.F90:1223
14 0x0000000000c18401 esmf_cplcompmod_esmf_cplcompinitialize_()  /work/noaa/da/mpotts/sandbox/pgi_2019_openmpi_O_v8.4.0/esmf/src/Superstructure/Component/src/ESMF_CplComp.F90:1165
15 0x00000000012457b4 nuopc_driver_loopconnectorcompss_()  /work/noaa/da/mpotts/sandbox/pgi_2019_openmpi_O_v8.4.0/esmf/src/addon/NUOPC/src/NUOPC_Driver.F90:2869
16 0x000000000123ccd1 nuopc_driver_initializeipdv02p3_()  /work/noaa/da/mpotts/sandbox/pgi_2019_openmpi_O_v8.4.0/esmf/src/addon/NUOPC/src/NUOPC_Driver.F90:2020
17 0x000000000122c7fa nuopc_driver_initializegeneric_()  /work/noaa/da/mpotts/sandbox/pgi_2019_openmpi_O_v8.4.0/esmf/src/addon/NUOPC/src/NUOPC_Driver.F90:479
18 0x000000000064f167 ESMCI::FTable::callVFuncPtr()  /work/noaa/da/mpotts/sandbox/pgi_2019_openmpi_O_v8.4.0/esmf/src/Superstructure/Component/src/ESMCI_FTable.C:2167
19 0x000000000064d36a ESMCI_FTableCallEntryPointVMHop()  /work/noaa/da/mpotts/sandbox/pgi_2019_openmpi_O_v8.4.0/esmf/src/Superstructure/Component/src/ESMCI_FTable.C:824
20 0x0000000000a34668 ESMCI::VM::enter()  /work/noaa/da/mpotts/sandbox/pgi_2019_openmpi_O_v8.4.0/esmf/src/Infrastructure/VM/src/ESMCI_VM.C:1216
21 0x000000000064d747 c_esmc_ftablecallentrypointvm_()  /work/noaa/da/mpotts/sandbox/pgi_2019_openmpi_O_v8.4.0/esmf/src/Superstructure/Component/src/ESMCI_FTable.C:981
22 0x0000000000c07b5d esmf_compmod_esmf_compexecute_()  /work/noaa/da/mpotts/sandbox/pgi_2019_openmpi_O_v8.4.0/esmf/src/Superstructure/Component/src/ESMF_Comp.F90:1223
23 0x0000000000ddbbb1 esmf_gridcompmod_esmf_gridcompinitialize_()  /work/noaa/da/mpotts/sandbox/pgi_2019_openmpi_O_v8.4.0/esmf/src/Superstructure/Component/src/ESMF_GridComp.F90:1412
24 0x0000000000405b7d MAIN_()  /work/noaa/da/mpotts/sandbox/pgi_2019_openmpi_O_v8.4.0/nuopc-app-prototypes/AtmOcnProto/esmApp.F90:58
25 0x00000000004057f3 main()  ???:0
26 0x0000000000022495 __libc_start_main()  ???:0
27 0x00000000004056f9 _start()  ???:0
=================================
[Orion-24-52:08121] [ 2] /work/noaa/da/mpotts/sandbox/pgi_2019_openmpi_O_v8.4.0/esmf/DEFAULTINSTALLDIR/lib/libO/Linux.pgi.64.openmpi.default/libesmf.so(c_esmc_meshcreatenodedistgrid_+0xa1)[0x7fe14d5086c1]
[Orion-24-52:08119] *** Process received signal ***
[Orion-24-52:08119] Signal: Segmentation fault (11)
[Orion-24-52:08119] Signal code:  (-6)
[Orion-24-52:08119] Failing at address: 0x20e500001fb7
[Orion-24-52:08121] [ 3] /work/noaa/da/mpotts/sandbox/pgi_2019_openmpi_O_v8.4.0/esmf/DEFAULTINSTALLDIR/lib/libO/Linux.pgi.64.openmpi.default/libesmf.so(esmf_meshmod_esmf_meshcreatefrompointer_+0x4c)[0x7fe14dc1a16c]
[Orion-24-52:08119] [ 0] /lib64/libpthread.so.0(+0xf5d0)[0x7fb644a895d0]
[Orion-24-52:08119] [ 1] /work/noaa/da/mpotts/sandbox/pgi_2019_openmpi_O_v8.4.0/esmf/DEFAULTINSTALLDIR/lib/libO/Linux.pgi.64.openmpi.default/libesmf.so(_ZN5ESMCI6LogErr13MsgFoundErrorEiPKciS2_S2_Pi+0x33)[0x7fb64322e4c3]
[Orion-24-52:08121] [ 4] /work/noaa/da/mpotts/sandbox/pgi_2019_openmpi_O_v8.4.0/esmf/DEFAULTINSTALLDIR/lib/libO/Linux.pgi.64.openmpi.default/libesmf.so(esmf_gridutilmod_esmf_gridtomesh_+0x352)[0x7fe14dafb932]
[Orion-24-52:08119] [ 2] /work/noaa/da/mpotts/sandbox/pgi_2019_openmpi_O_v8.4.0/esmf/DEFAULTINSTALLDIR/lib/libO/Linux.pgi.64.openmpi.default/libesmf.so(c_esmc_meshcreatenodedistgrid_+0xa1)[0x7fb6433866c1]
[Orion-24-52:08121] [ 5] /work/noaa/da/mpotts/sandbox/pgi_2019_openmpi_O_v8.4.0/esmf/DEFAULTINSTALLDIR/lib/libO/Linux.pgi.64.openmpi.default/libesmf.so(esmf_fieldregridmod_b_or_p_gridtomesh_+0x156)[0x7fe14da1fd06]
[Orion-24-52:08119] [ 3] /work/noaa/da/mpotts/sandbox/pgi_2019_openmpi_O_v8.4.0/esmf/DEFAULTINSTALLDIR/lib/libO/Linux.pgi.64.openmpi.default/libesmf.so(esmf_meshmod_esmf_meshcreatefrompointer_+0x4c)[0x7fb643a9816c]
[Orion-24-52:08121] [ 6] /work/noaa/da/mpotts/sandbox/pgi_2019_openmpi_O_v8.4.0/esmf/DEFAULTINSTALLDIR/lib/libO/Linux.pgi.64.openmpi.default/libesmf.so(esmf_fieldregridmod_getmeshwithnodesonfieldloc_+0x394)[0x7fe14da1d214]
[Orion-24-52:08119] [ 4] /work/noaa/da/mpotts/sandbox/pgi_2019_openmpi_O_v8.4.0/esmf/DEFAULTINSTALLDIR/lib/libO/Linux.pgi.64.openmpi.default/libesmf.so(esmf_gridutilmod_esmf_gridtomesh_+0x352)[0x7fb643979932]
[Orion-24-52:08121] [ 7] /work/noaa/da/mpotts/sandbox/pgi_2019_openmpi_O_v8.4.0/esmf/DEFAULTINSTALLDIR/lib/libO/Linux.pgi.64.openmpi.default/libesmf.so(esmf_fieldregridmod_esmf_fieldregridstorenx_+0x9c3)[0x7fe14da1b773]
[Orion-24-52:08119] [ 5] /work/noaa/da/mpotts/sandbox/pgi_2019_openmpi_O_v8.4.0/esmf/DEFAULTINSTALLDIR/lib/libO/Linux.pgi.64.openmpi.default/libesmf.so(esmf_fieldregridmod_b_or_p_gridtomesh_+0x156)[0x7fb64389dd06]
[Orion-24-52:08121] [ 8] /work/noaa/da/mpotts/sandbox/pgi_2019_openmpi_O_v8.4.0/esmf/DEFAULTINSTALLDIR/lib/libO/Linux.pgi.64.openmpi.default/libesmf.so(nuopc_connector_fieldbundlecplstore_+0xbc87)[0x7fe14deabc27]
[Orion-24-52:08121] [ 9] /work/noaa/da/mpotts/sandbox/pgi_2019_openmpi_O_v8.4.0/esmf/DEFAULTINSTALLDIR/lib/libO/Linux.pgi.64.openmpi.default/libesmf.so(nuopc_connector_initializeipdv05p6b_+0x4f74)[0x7fe14de93084]
[Orion-24-52:08119] [ 6] /work/noaa/da/mpotts/sandbox/pgi_2019_openmpi_O_v8.4.0/esmf/DEFAULTINSTALLDIR/lib/libO/Linux.pgi.64.openmpi.default/libesmf.so(esmf_fieldregridmod_getmeshwithnodesonfieldloc_+0x394)[0x7fb64389b214]
[Orion-24-52:08121] [10] /work/noaa/da/mpotts/sandbox/pgi_2019_openmpi_O_v8.4.0/esmf/DEFAULTINSTALLDIR/lib/libO/Linux.pgi.64.openmpi.default/libesmf.so(_ZN5ESMCI6FTable12callVFuncPtrEPKcPNS_2VMEPi+0x417)[0x7fe14d2d5167]
[Orion-24-52:08119] [ 7] /work/noaa/da/mpotts/sandbox/pgi_2019_openmpi_O_v8.4.0/esmf/DEFAULTINSTALLDIR/lib/libO/Linux.pgi.64.openmpi.default/libesmf.so(esmf_fieldregridmod_esmf_fieldregridstorenx_+0x9c3)[0x7fb643899773]
[Orion-24-52:08121] [11] /work/noaa/da/mpotts/sandbox/pgi_2019_openmpi_O_v8.4.0/esmf/DEFAULTINSTALLDIR/lib/libO/Linux.pgi.64.openmpi.default/libesmf.so(ESMCI_FTableCallEntryPointVMHop+0x1ea)[0x7fe14d2d336a]
[Orion-24-52:08119] [ 8] /work/noaa/da/mpotts/sandbox/pgi_2019_openmpi_O_v8.4.0/esmf/DEFAULTINSTALLDIR/lib/libO/Linux.pgi.64.openmpi.default/libesmf.so(nuopc_connector_fieldbundlecplstore_+0xbc87)[0x7fb643d29c27]
[Orion-24-52:08121] [12] /work/noaa/da/mpotts/sandbox/pgi_2019_openmpi_O_v8.4.0/esmf/DEFAULTINSTALLDIR/lib/libO/Linux.pgi.64.openmpi.default/libesmf.so(_ZN5ESMCI2VM5enterEPNS_6VMPlanEPvS3_+0x18)[0x7fe14d6ba668]
[Orion-24-52:08119] [ 9] /work/noaa/da/mpotts/sandbox/pgi_2019_openmpi_O_v8.4.0/esmf/DEFAULTINSTALLDIR/lib/libO/Linux.pgi.64.openmpi.default/libesmf.so(nuopc_connector_initializeipdv05p6b_+0x4f74)[0x7fb643d11084]
[Orion-24-52:08121] [13] /work/noaa/da/mpotts/sandbox/pgi_2019_openmpi_O_v8.4.0/esmf/DEFAULTINSTALLDIR/lib/libO/Linux.pgi.64.openmpi.default/libesmf.so(c_esmc_ftablecallentrypointvm_+0x337)[0x7fe14d2d3747]
[Orion-24-52:08119] [10] /work/noaa/da/mpotts/sandbox/pgi_2019_openmpi_O_v8.4.0/esmf/DEFAULTINSTALLDIR/lib/libO/Linux.pgi.64.openmpi.default/libesmf.so(_ZN5ESMCI6FTable12callVFuncPtrEPKcPNS_2VMEPi+0x417)[0x7fb643153167]
[Orion-24-52:08121] [14] /work/noaa/da/mpotts/sandbox/pgi_2019_openmpi_O_v8.4.0/esmf/DEFAULTINSTALLDIR/lib/libO/Linux.pgi.64.openmpi.default/libesmf.so(esmf_compmod_esmf_compexecute_+0x7ed)[0x7fe14d88db5d]
[Orion-24-52:08119] [11] /work/noaa/da/mpotts/sandbox/pgi_2019_openmpi_O_v8.4.0/esmf/DEFAULTINSTALLDIR/lib/libO/Linux.pgi.64.openmpi.default/libesmf.so(ESMCI_FTableCallEntryPointVMHop+0x1ea)[0x7fb64315136a]
[Orion-24-52:08121] [15] /work/noaa/da/mpotts/sandbox/pgi_2019_openmpi_O_v8.4.0/esmf/DEFAULTINSTALLDIR/lib/libO/Linux.pgi.64.openmpi.default/libesmf.so(esmf_cplcompmod_esmf_cplcompinitialize_+0x161)[0x7fe14d89e401]
[Orion-24-52:08119] [12] /work/noaa/da/mpotts/sandbox/pgi_2019_openmpi_O_v8.4.0/esmf/DEFAULTINSTALLDIR/lib/libO/Linux.pgi.64.openmpi.default/libesmf.so(_ZN5ESMCI2VM5enterEPNS_6VMPlanEPvS3_+0x18)[0x7fb643538668]
[Orion-24-52:08119] [13] /work/noaa/da/mpotts/sandbox/pgi_2019_openmpi_O_v8.4.0/esmf/DEFAULTINSTALLDIR/lib/libO/Linux.pgi.64.openmpi.default/libesmf.so(c_esmc_ftablecallentrypointvm_+0x337)[0x7fb643151747]
[Orion-24-52:08121] [16] /work/noaa/da/mpotts/sandbox/pgi_2019_openmpi_O_v8.4.0/esmf/DEFAULTINSTALLDIR/lib/libO/Linux.pgi.64.openmpi.default/libesmf.so(nuopc_driver_loopconnectorcompss_+0xeb4)[0x7fe14decb7b4]
[Orion-24-52:08121] [17] /work/noaa/da/mpotts/sandbox/pgi_2019_openmpi_O_v8.4.0/esmf/DEFAULTINSTALLDIR/lib/libO/Linux.pgi.64.openmpi.default/libesmf.so(nuopc_driver_initializeipdv02p3_+0x20f1)[0x7fe14dec2cd1]
[Orion-24-52:08119] [14] /work/noaa/da/mpotts/sandbox/pgi_2019_openmpi_O_v8.4.0/esmf/DEFAULTINSTALLDIR/lib/libO/Linux.pgi.64.openmpi.default/libesmf.so(esmf_compmod_esmf_compexecute_+0x7ed)[0x7fb64370bb5d]
[Orion-24-52:08121] [18] /work/noaa/da/mpotts/sandbox/pgi_2019_openmpi_O_v8.4.0/esmf/DEFAULTINSTALLDIR/lib/libO/Linux.pgi.64.openmpi.default/libesmf.so(nuopc_driver_initializegeneric_+0x62a)[0x7fe14deb27fa]
[Orion-24-52:08119] [15] /work/noaa/da/mpotts/sandbox/pgi_2019_openmpi_O_v8.4.0/esmf/DEFAULTINSTALLDIR/lib/libO/Linux.pgi.64.openmpi.default/libesmf.so(esmf_cplcompmod_esmf_cplcompinitialize_+0x161)[0x7fb64371c401]
[Orion-24-52:08121] [19] /work/noaa/da/mpotts/sandbox/pgi_2019_openmpi_O_v8.4.0/esmf/DEFAULTINSTALLDIR/lib/libO/Linux.pgi.64.openmpi.default/libesmf.so(_ZN5ESMCI6FTable12callVFuncPtrEPKcPNS_2VMEPi+0x417)[0x7fe14d2d5167]
[Orion-24-52:08119] [16] /work/noaa/da/mpotts/sandbox/pgi_2019_openmpi_O_v8.4.0/esmf/DEFAULTINSTALLDIR/lib/libO/Linux.pgi.64.openmpi.default/libesmf.so(nuopc_driver_loopconnectorcompss_+0xeb4)[0x7fb643d497b4]
[Orion-24-52:08121] [20] /work/noaa/da/mpotts/sandbox/pgi_2019_openmpi_O_v8.4.0/esmf/DEFAULTINSTALLDIR/lib/libO/Linux.pgi.64.openmpi.default/libesmf.so(ESMCI_FTableCallEntryPointVMHop+0x1ea)[0x7fe14d2d336a]
[Orion-24-52:08119] [17] /work/noaa/da/mpotts/sandbox/pgi_2019_openmpi_O_v8.4.0/esmf/DEFAULTINSTALLDIR/lib/libO/Linux.pgi.64.openmpi.default/libesmf.so(nuopc_driver_initializeipdv02p3_+0x20f1)[0x7fb643d40cd1]
[Orion-24-52:08121] [21] /work/noaa/da/mpotts/sandbox/pgi_2019_openmpi_O_v8.4.0/esmf/DEFAULTINSTALLDIR/lib/libO/Linux.pgi.64.openmpi.default/libesmf.so(_ZN5ESMCI2VM5enterEPNS_6VMPlanEPvS3_+0x18)[0x7fe14d6ba668]
[Orion-24-52:08119] [18] /work/noaa/da/mpotts/sandbox/pgi_2019_openmpi_O_v8.4.0/esmf/DEFAULTINSTALLDIR/lib/libO/Linux.pgi.64.openmpi.default/libesmf.so(nuopc_driver_initializegeneric_+0x62a)[0x7fb643d307fa]
[Orion-24-52:08121] [22] /work/noaa/da/mpotts/sandbox/pgi_2019_openmpi_O_v8.4.0/esmf/DEFAULTINSTALLDIR/lib/libO/Linux.pgi.64.openmpi.default/libesmf.so(c_esmc_ftablecallentrypointvm_+0x337)[0x7fe14d2d3747]
[Orion-24-52:08119] [19] /work/noaa/da/mpotts/sandbox/pgi_2019_openmpi_O_v8.4.0/esmf/DEFAULTINSTALLDIR/lib/libO/Linux.pgi.64.openmpi.default/libesmf.so(_ZN5ESMCI6FTable12callVFuncPtrEPKcPNS_2VMEPi+0x417)[0x7fb643153167]
[Orion-24-52:08121] [23] /work/noaa/da/mpotts/sandbox/pgi_2019_openmpi_O_v8.4.0/esmf/DEFAULTINSTALLDIR/lib/libO/Linux.pgi.64.openmpi.default/libesmf.so(esmf_compmod_esmf_compexecute_+0x7ed)[0x7fe14d88db5d]
[Orion-24-52:08119] [20] /work/noaa/da/mpotts/sandbox/pgi_2019_openmpi_O_v8.4.0/esmf/DEFAULTINSTALLDIR/lib/libO/Linux.pgi.64.openmpi.default/libesmf.so(ESMCI_FTableCallEntryPointVMHop+0x1ea)[0x7fb64315136a]
[Orion-24-52:08121] [24] /work/noaa/da/mpotts/sandbox/pgi_2019_openmpi_O_v8.4.0/esmf/DEFAULTINSTALLDIR/lib/libO/Linux.pgi.64.openmpi.default/libesmf.so(esmf_gridcompmod_esmf_gridcompinitialize_+0x161)[0x7fe14da61bb1]
[Orion-24-52:08119] [21] /work/noaa/da/mpotts/sandbox/pgi_2019_openmpi_O_v8.4.0/esmf/DEFAULTINSTALLDIR/lib/libO/Linux.pgi.64.openmpi.default/libesmf.so(_ZN5ESMCI2VM5enterEPNS_6VMPlanEPvS3_+0x18)[0x7fb643538668]
[Orion-24-52:08121] [25] /work/noaa/da/mpotts/sandbox/pgi_2019_openmpi_O_v8.4.0/nuopc-app-prototypes/AtmOcnProto/./esmApp[0x405b7d]
[Orion-24-52:08121] [26] /work/noaa/da/mpotts/sandbox/pgi_2019_openmpi_O_v8.4.0/nuopc-app-prototypes/AtmOcnProto/./esmApp[0x4057f3]
[Orion-24-52:08121] [27] /lib64/libc.so.6(__libc_start_main+0xf5)[0x7fe1490d3495]
[Orion-24-52:08121] [28] /work/noaa/da/mpotts/sandbox/pgi_2019_openmpi_O_v8.4.0/nuopc-app-prototypes/AtmOcnProto/./esmApp[0x4056f9]
[Orion-24-52:08121] *** End of error message ***
[Orion-24-52:08119] [22] /work/noaa/da/mpotts/sandbox/pgi_2019_openmpi_O_v8.4.0/esmf/DEFAULTINSTALLDIR/lib/libO/Linux.pgi.64.openmpi.default/libesmf.so(c_esmc_ftablecallentrypointvm_+0x337)[0x7fb643151747]
[Orion-24-52:08119] [23] /work/noaa/da/mpotts/sandbox/pgi_2019_openmpi_O_v8.4.0/esmf/DEFAULTINSTALLDIR/lib/libO/Linux.pgi.64.openmpi.default/libesmf.so(esmf_compmod_esmf_compexecute_+0x7ed)[0x7fb64370bb5d]
[Orion-24-52:08119] [24] /work/noaa/da/mpotts/sandbox/pgi_2019_openmpi_O_v8.4.0/esmf/DEFAULTINSTALLDIR/lib/libO/Linux.pgi.64.openmpi.default/libesmf.so(esmf_gridcompmod_esmf_gridcompinitialize_+0x161)[0x7fb6438dfbb1]
[Orion-24-52:08119] [25] /work/noaa/da/mpotts/sandbox/pgi_2019_openmpi_O_v8.4.0/nuopc-app-prototypes/AtmOcnProto/./esmApp[0x405b7d]
[Orion-24-52:08119] [26] /work/noaa/da/mpotts/sandbox/pgi_2019_openmpi_O_v8.4.0/nuopc-app-prototypes/AtmOcnProto/./esmApp[0x4057f3]
[Orion-24-52:08119] [27] /lib64/libc.so.6(__libc_start_main+0xf5)[0x7fb63ef51495]
[Orion-24-52:08119] [28] /work/noaa/da/mpotts/sandbox/pgi_2019_openmpi_O_v8.4.0/nuopc-app-prototypes/AtmOcnProto/./esmApp[0x4056f9]
[Orion-24-52:08119] *** End of error message ***
==== backtrace (tid:   8118) ====
 0 0x000000000072a4c3 ESMCI::LogErr::MsgFoundError()  /work/noaa/da/mpotts/sandbox/pgi_2019_openmpi_O_v8.4.0/esmf/src/Infrastructure/LogErr/src/ESMCI_LogErr.C:586
 1 0x00000000008826c1 c_esmc_meshcreatenodedistgrid_()  /work/noaa/da/mpotts/sandbox/pgi_2019_openmpi_O_v8.4.0/esmf/src/Infrastructure/Mesh/interface/ESMCI_Mesh_F.C:248
 2 0x0000000000f9416c esmf_meshmod_esmf_meshcreatefrompointer_()  /work/noaa/da/mpotts/sandbox/pgi_2019_openmpi_O_v8.4.0/esmf/src/Infrastructure/Mesh/interface/ESMF_Mesh.F90:3091
 3 0x0000000000e75932 esmf_gridutilmod_esmf_gridtomesh_()  /work/noaa/da/mpotts/sandbox/pgi_2019_openmpi_O_v8.4.0/esmf/src/Infrastructure/GridUtil/interface/ESMF_GridUtil.F90:453
 4 0x0000000000d99d06 esmf_fieldregridmod_b_or_p_gridtomesh_()  /work/noaa/da/mpotts/sandbox/pgi_2019_openmpi_O_v8.4.0/esmf/src/Infrastructure/Field/src/ESMF_FieldRegrid.F90:3228
 5 0x0000000000d97214 esmf_fieldregridmod_getmeshwithnodesonfieldloc_()  /work/noaa/da/mpotts/sandbox/pgi_2019_openmpi_O_v8.4.0/esmf/src/Infrastructure/Field/src/ESMF_FieldRegrid.F90:1346
 6 0x0000000000d95773 esmf_fieldregridmod_esmf_fieldregridstorenx_()  /work/noaa/da/mpotts/sandbox/pgi_2019_openmpi_O_v8.4.0/esmf/src/Infrastructure/Field/src/ESMF_FieldRegrid.F90:971
 7 0x0000000001225c27 nuopc_connector_fieldbundlecplstore_()  /work/noaa/da/mpotts/sandbox/pgi_2019_openmpi_O_v8.4.0/esmf/src/addon/NUOPC/src/NUOPC_Connector.F90:7919
 8 0x000000000120d084 nuopc_connector_initializeipdv05p6b_()  /work/noaa/da/mpotts/sandbox/pgi_2019_openmpi_O_v8.4.0/esmf/src/addon/NUOPC/src/NUOPC_Connector.F90:5386
 9 0x000000000064f167 ESMCI::FTable::callVFuncPtr()  /work/noaa/da/mpotts/sandbox/pgi_2019_openmpi_O_v8.4.0/esmf/src/Superstructure/Component/src/ESMCI_FTable.C:2167
10 0x000000000064d36a ESMCI_FTableCallEntryPointVMHop()  /work/noaa/da/mpotts/sandbox/pgi_2019_openmpi_O_v8.4.0/esmf/src/Superstructure/Component/src/ESMCI_FTable.C:824
11 0x0000000000a34668 ESMCI::VM::enter()  /work/noaa/da/mpotts/sandbox/pgi_2019_openmpi_O_v8.4.0/esmf/src/Infrastructure/VM/src/ESMCI_VM.C:1216
12 0x000000000064d747 c_esmc_ftablecallentrypointvm_()  /work/noaa/da/mpotts/sandbox/pgi_2019_openmpi_O_v8.4.0/esmf/src/Superstructure/Component/src/ESMCI_FTable.C:981
13 0x0000000000c07b5d esmf_compmod_esmf_compexecute_()  /work/noaa/da/mpotts/sandbox/pgi_2019_openmpi_O_v8.4.0/esmf/src/Superstructure/Component/src/ESMF_Comp.F90:1223
14 0x0000000000c18401 esmf_cplcompmod_esmf_cplcompinitialize_()  /work/noaa/da/mpotts/sandbox/pgi_2019_openmpi_O_v8.4.0/esmf/src/Superstructure/Component/src/ESMF_CplComp.F90:1165
15 0x00000000012457b4 nuopc_driver_loopconnectorcompss_()  /work/noaa/da/mpotts/sandbox/pgi_2019_openmpi_O_v8.4.0/esmf/src/addon/NUOPC/src/NUOPC_Driver.F90:2869
16 0x000000000123ccd1 nuopc_driver_initializeipdv02p3_()  /work/noaa/da/mpotts/sandbox/pgi_2019_openmpi_O_v8.4.0/esmf/src/addon/NUOPC/src/NUOPC_Driver.F90:2020
17 0x000000000122c7fa nuopc_driver_initializegeneric_()  /work/noaa/da/mpotts/sandbox/pgi_2019_openmpi_O_v8.4.0/esmf/src/addon/NUOPC/src/NUOPC_Driver.F90:479
18 0x000000000064f167 ESMCI::FTable::callVFuncPtr()  /work/noaa/da/mpotts/sandbox/pgi_2019_openmpi_O_v8.4.0/esmf/src/Superstructure/Component/src/ESMCI_FTable.C:2167
19 0x000000000064d36a ESMCI_FTableCallEntryPointVMHop()  /work/noaa/da/mpotts/sandbox/pgi_2019_openmpi_O_v8.4.0/esmf/src/Superstructure/Component/src/ESMCI_FTable.C:824
20 0x0000000000a34668 ESMCI::VM::enter()  /work/noaa/da/mpotts/sandbox/pgi_2019_openmpi_O_v8.4.0/esmf/src/Infrastructure/VM/src/ESMCI_VM.C:1216
21 0x000000000064d747 c_esmc_ftablecallentrypointvm_()  /work/noaa/da/mpotts/sandbox/pgi_2019_openmpi_O_v8.4.0/esmf/src/Superstructure/Component/src/ESMCI_FTable.C:981
22 0x0000000000c07b5d esmf_compmod_esmf_compexecute_()  /work/noaa/da/mpotts/sandbox/pgi_2019_openmpi_O_v8.4.0/esmf/src/Superstructure/Component/src/ESMF_Comp.F90:1223
23 0x0000000000ddbbb1 esmf_gridcompmod_esmf_gridcompinitialize_()  /work/noaa/da/mpotts/sandbox/pgi_2019_openmpi_O_v8.4.0/esmf/src/Superstructure/Component/src/ESMF_GridComp.F90:1412
24 0x0000000000405b7d MAIN_()  /work/noaa/da/mpotts/sandbox/pgi_2019_openmpi_O_v8.4.0/nuopc-app-prototypes/AtmOcnProto/esmApp.F90:58
25 0x00000000004057f3 main()  ???:0
26 0x0000000000022495 __libc_start_main()  ???:0
27 0x00000000004056f9 _start()  ???:0
=================================
[Orion-24-52:08118] *** Process received signal ***
[Orion-24-52:08118] Signal: Segmentation fault (11)
[Orion-24-52:08118] Signal code:  (-6)
[Orion-24-52:08118] Failing at address: 0x20e500001fb6
[Orion-24-52:08118] [ 0] /lib64/libpthread.so.0(+0xf5d0)[0x7f82646f55d0]
==== backtrace (tid:   8120) ====
 0 0x000000000072a4c3 ESMCI::LogErr::MsgFoundError()  /work/noaa/da/mpotts/sandbox/pgi_2019_openmpi_O_v8.4.0/esmf/src/Infrastructure/LogErr/src/ESMCI_LogErr.C:586
 1 0x00000000008826c1 c_esmc_meshcreatenodedistgrid_()  /work/noaa/da/mpotts/sandbox/pgi_2019_openmpi_O_v8.4.0/esmf/src/Infrastructure/Mesh/interface/ESMCI_Mesh_F.C:248
 2 0x0000000000f9416c esmf_meshmod_esmf_meshcreatefrompointer_()  /work/noaa/da/mpotts/sandbox/pgi_2019_openmpi_O_v8.4.0/esmf/src/Infrastructure/Mesh/interface/ESMF_Mesh.F90:3091
 3 0x0000000000e75932 esmf_gridutilmod_esmf_gridtomesh_()  /work/noaa/da/mpotts/sandbox/pgi_2019_openmpi_O_v8.4.0/esmf/src/Infrastructure/GridUtil/interface/ESMF_GridUtil.F90:453
 4 0x0000000000d99d06 esmf_fieldregridmod_b_or_p_gridtomesh_()  /work/noaa/da/mpotts/sandbox/pgi_2019_openmpi_O_v8.4.0/esmf/src/Infrastructure/Field/src/ESMF_FieldRegrid.F90:3228
 5 0x0000000000d97214 esmf_fieldregridmod_getmeshwithnodesonfieldloc_()  /work/noaa/da/mpotts/sandbox/pgi_2019_openmpi_O_v8.4.0/esmf/src/Infrastructure/Field/src/ESMF_FieldRegrid.F90:1346
 6 0x0000000000d95773 esmf_fieldregridmod_esmf_fieldregridstorenx_()  /work/noaa/da/mpotts/sandbox/pgi_2019_openmpi_O_v8.4.0/esmf/src/Infrastructure/Field/src/ESMF_FieldRegrid.F90:971
 7 0x0000000001225c27 nuopc_connector_fieldbundlecplstore_()  /work/noaa/da/mpotts/sandbox/pgi_2019_openmpi_O_v8.4.0/esmf/src/addon/NUOPC/src/NUOPC_Connector.F90:7919
 8 0x000000000120d084 nuopc_connector_initializeipdv05p6b_()  /work/noaa/da/mpotts/sandbox/pgi_2019_openmpi_O_v8.4.0/esmf/src/addon/NUOPC/src/NUOPC_Connector.F90:5386
 9 0x000000000064f167 ESMCI::FTable::callVFuncPtr()  /work/noaa/da/mpotts/sandbox/pgi_2019_openmpi_O_v8.4.0/esmf/src/Superstructure/Component/src/ESMCI_FTable.C:2167
10 0x000000000064d36a ESMCI_FTableCallEntryPointVMHop()  /work/noaa/da/mpotts/sandbox/pgi_2019_openmpi_O_v8.4.0/esmf/src/Superstructure/Component/src/ESMCI_FTable.C:824
11 0x0000000000a34668 ESMCI::VM::enter()  /work/noaa/da/mpotts/sandbox/pgi_2019_openmpi_O_v8.4.0/esmf/src/Infrastructure/VM/src/ESMCI_VM.C:1216
12 0x000000000064d747 c_esmc_ftablecallentrypointvm_()  /work/noaa/da/mpotts/sandbox/pgi_2019_openmpi_O_v8.4.0/esmf/src/Superstructure/Component/src/ESMCI_FTable.C:981
13 0x0000000000c07b5d esmf_compmod_esmf_compexecute_()  /work/noaa/da/mpotts/sandbox/pgi_2019_openmpi_O_v8.4.0/esmf/src/Superstructure/Component/src/ESMF_Comp.F90:1223
14 0x0000000000c18401 esmf_cplcompmod_esmf_cplcompinitialize_()  /work/noaa/da/mpotts/sandbox/pgi_2019_openmpi_O_v8.4.0/esmf/src/Superstructure/Component/src/ESMF_CplComp.F90:1165
15 0x00000000012457b4 nuopc_driver_loopconnectorcompss_()  /work/noaa/da/mpotts/sandbox/pgi_2019_openmpi_O_v8.4.0/esmf/src/addon/NUOPC/src/NUOPC_Driver.F90:2869
16 0x000000000123ccd1 nuopc_driver_initializeipdv02p3_()  /work/noaa/da/mpotts/sandbox/pgi_2019_openmpi_O_v8.4.0/esmf/src/addon/NUOPC/src/NUOPC_Driver.F90:2020
17 0x000000000122c7fa nuopc_driver_initializegeneric_()  /work/noaa/da/mpotts/sandbox/pgi_2019_openmpi_O_v8.4.0/esmf/src/addon/NUOPC/src/NUOPC_Driver.F90:479
18 0x000000000064f167 ESMCI::FTable::callVFuncPtr()  /work/noaa/da/mpotts/sandbox/pgi_2019_openmpi_O_v8.4.0/esmf/src/Superstructure/Component/src/ESMCI_FTable.C:2167
19 0x000000000064d36a ESMCI_FTableCallEntryPointVMHop()  /work/noaa/da/mpotts/sandbox/pgi_2019_openmpi_O_v8.4.0/esmf/src/Superstructure/Component/src/ESMCI_FTable.C:824
20 0x0000000000a34668 ESMCI::VM::enter()  /work/noaa/da/mpotts/sandbox/pgi_2019_openmpi_O_v8.4.0/esmf/src/Infrastructure/VM/src/ESMCI_VM.C:1216
21 0x000000000064d747 c_esmc_ftablecallentrypointvm_()  /work/noaa/da/mpotts/sandbox/pgi_2019_openmpi_O_v8.4.0/esmf/src/Superstructure/Component/src/ESMCI_FTable.C:981
22 0x0000000000c07b5d esmf_compmod_esmf_compexecute_()  /work/noaa/da/mpotts/sandbox/pgi_2019_openmpi_O_v8.4.0/esmf/src/Superstructure/Component/src/ESMF_Comp.F90:1223
23 0x0000000000ddbbb1 esmf_gridcompmod_esmf_gridcompinitialize_()  /work/noaa/da/mpotts/sandbox/pgi_2019_openmpi_O_v8.4.0/esmf/src/Superstructure/Component/src/ESMF_GridComp.F90:1412
24 0x0000000000405b7d MAIN_()  /work/noaa/da/mpotts/sandbox/pgi_2019_openmpi_O_v8.4.0/nuopc-app-prototypes/AtmOcnProto/esmApp.F90:58
25 0x00000000004057f3 main()  ???:0
[Orion-24-52:08118] [ 1] /work/noaa/da/mpotts/sandbox/pgi_2019_openmpi_O_v8.4.0/esmf/DEFAULTINSTALLDIR/lib/libO/Linux.pgi.64.openmpi.default/libesmf.so(_ZN5ESMCI6LogErr13MsgFoundErrorEiPKciS2_S2_Pi+0x33)[0x7f8262e9a4c3]
26 0x0000000000022495 __libc_start_main()  ???:0
27 0x00000000004056f9 _start()  ???:0
=================================
[Orion-24-52:08120] *** Process received signal ***
[Orion-24-52:08120] Signal: Segmentation fault (11)
[Orion-24-52:08120] Signal code:  (-6)
[Orion-24-52:08120] Failing at address: 0x20e500001fb8
[Orion-24-52:08118] [ 2] /work/noaa/da/mpotts/sandbox/pgi_2019_openmpi_O_v8.4.0/esmf/DEFAULTINSTALLDIR/lib/libO/Linux.pgi.64.openmpi.default/libesmf.so(c_esmc_meshcreatenodedistgrid_+0xa1)[0x7f8262ff26c1]
[Orion-24-52:08120] [ 0] /lib64/libpthread.so.0(+0xf5d0)[0x7f063a4775d0]
[Orion-24-52:08118] [ 3] /work/noaa/da/mpotts/sandbox/pgi_2019_openmpi_O_v8.4.0/esmf/DEFAULTINSTALLDIR/lib/libO/Linux.pgi.64.openmpi.default/libesmf.so(esmf_meshmod_esmf_meshcreatefrompointer_+0x4c)[0x7f826370416c]
[Orion-24-52:08120] [ 1] /work/noaa/da/mpotts/sandbox/pgi_2019_openmpi_O_v8.4.0/esmf/DEFAULTINSTALLDIR/lib/libO/Linux.pgi.64.openmpi.default/libesmf.so(_ZN5ESMCI6LogErr13MsgFoundErrorEiPKciS2_S2_Pi+0x33)[0x7f0638c1c4c3]
[Orion-24-52:08120] [ 2] /work/noaa/da/mpotts/sandbox/pgi_2019_openmpi_O_v8.4.0/esmf/DEFAULTINSTALLDIR/lib/libO/Linux.pgi.64.openmpi.default/libesmf.so(c_esmc_meshcreatenodedistgrid_+0xa1)[0x7f0638d746c1]
[Orion-24-52:08118] [ 4] /work/noaa/da/mpotts/sandbox/pgi_2019_openmpi_O_v8.4.0/esmf/DEFAULTINSTALLDIR/lib/libO/Linux.pgi.64.openmpi.default/libesmf.so(esmf_gridutilmod_esmf_gridtomesh_+0x352)[0x7f82635e5932]
[Orion-24-52:08120] [ 3] /work/noaa/da/mpotts/sandbox/pgi_2019_openmpi_O_v8.4.0/esmf/DEFAULTINSTALLDIR/lib/libO/Linux.pgi.64.openmpi.default/libesmf.so(esmf_meshmod_esmf_meshcreatefrompointer_+0x4c)[0x7f063948616c]
[Orion-24-52:08118] [ 5] /work/noaa/da/mpotts/sandbox/pgi_2019_openmpi_O_v8.4.0/esmf/DEFAULTINSTALLDIR/lib/libO/Linux.pgi.64.openmpi.default/libesmf.so(esmf_fieldregridmod_b_or_p_gridtomesh_+0x156)[0x7f8263509d06]
[Orion-24-52:08120] [ 4] /work/noaa/da/mpotts/sandbox/pgi_2019_openmpi_O_v8.4.0/esmf/DEFAULTINSTALLDIR/lib/libO/Linux.pgi.64.openmpi.default/libesmf.so(esmf_gridutilmod_esmf_gridtomesh_+0x352)[0x7f0639367932]
[Orion-24-52:08118] [ 6] /work/noaa/da/mpotts/sandbox/pgi_2019_openmpi_O_v8.4.0/esmf/DEFAULTINSTALLDIR/lib/libO/Linux.pgi.64.openmpi.default/libesmf.so(esmf_fieldregridmod_getmeshwithnodesonfieldloc_+0x394)[0x7f8263507214]
[Orion-24-52:08120] [ 5] /work/noaa/da/mpotts/sandbox/pgi_2019_openmpi_O_v8.4.0/esmf/DEFAULTINSTALLDIR/lib/libO/Linux.pgi.64.openmpi.default/libesmf.so(esmf_fieldregridmod_b_or_p_gridtomesh_+0x156)[0x7f063928bd06]
[Orion-24-52:08118] [ 7] /work/noaa/da/mpotts/sandbox/pgi_2019_openmpi_O_v8.4.0/esmf/DEFAULTINSTALLDIR/lib/libO/Linux.pgi.64.openmpi.default/libesmf.so(esmf_fieldregridmod_esmf_fieldregridstorenx_+0x9c3)[0x7f8263505773]
[Orion-24-52:08118] [ 8] /work/noaa/da/mpotts/sandbox/pgi_2019_openmpi_O_v8.4.0/esmf/DEFAULTINSTALLDIR/lib/libO/Linux.pgi.64.openmpi.default/libesmf.so(nuopc_connector_fieldbundlecplstore_+0xbc87)[0x7f8263995c27]
[Orion-24-52:08120] [ 6] /work/noaa/da/mpotts/sandbox/pgi_2019_openmpi_O_v8.4.0/esmf/DEFAULTINSTALLDIR/lib/libO/Linux.pgi.64.openmpi.default/libesmf.so(esmf_fieldregridmod_getmeshwithnodesonfieldloc_+0x394)[0x7f0639289214]
[Orion-24-52:08118] [ 9] /work/noaa/da/mpotts/sandbox/pgi_2019_openmpi_O_v8.4.0/esmf/DEFAULTINSTALLDIR/lib/libO/Linux.pgi.64.openmpi.default/libesmf.so(nuopc_connector_initializeipdv05p6b_+0x4f74)[0x7f826397d084]
[Orion-24-52:08120] [ 7] /work/noaa/da/mpotts/sandbox/pgi_2019_openmpi_O_v8.4.0/esmf/DEFAULTINSTALLDIR/lib/libO/Linux.pgi.64.openmpi.default/libesmf.so(esmf_fieldregridmod_esmf_fieldregridstorenx_+0x9c3)[0x7f0639287773]
[Orion-24-52:08118] [10] /work/noaa/da/mpotts/sandbox/pgi_2019_openmpi_O_v8.4.0/esmf/DEFAULTINSTALLDIR/lib/libO/Linux.pgi.64.openmpi.default/libesmf.so(_ZN5ESMCI6FTable12callVFuncPtrEPKcPNS_2VMEPi+0x417)[0x7f8262dbf167]
[Orion-24-52:08120] [ 8] /work/noaa/da/mpotts/sandbox/pgi_2019_openmpi_O_v8.4.0/esmf/DEFAULTINSTALLDIR/lib/libO/Linux.pgi.64.openmpi.default/libesmf.so(nuopc_connector_fieldbundlecplstore_+0xbc87)[0x7f0639717c27]
[Orion-24-52:08118] [11] /work/noaa/da/mpotts/sandbox/pgi_2019_openmpi_O_v8.4.0/esmf/DEFAULTINSTALLDIR/lib/libO/Linux.pgi.64.openmpi.default/libesmf.so(ESMCI_FTableCallEntryPointVMHop+0x1ea)[0x7f8262dbd36a]
[Orion-24-52:08120] [ 9] /work/noaa/da/mpotts/sandbox/pgi_2019_openmpi_O_v8.4.0/esmf/DEFAULTINSTALLDIR/lib/libO/Linux.pgi.64.openmpi.default/libesmf.so(nuopc_connector_initializeipdv05p6b_+0x4f74)[0x7f06396ff084]
[Orion-24-52:08118] [12] /work/noaa/da/mpotts/sandbox/pgi_2019_openmpi_O_v8.4.0/esmf/DEFAULTINSTALLDIR/lib/libO/Linux.pgi.64.openmpi.default/libesmf.so(_ZN5ESMCI2VM5enterEPNS_6VMPlanEPvS3_+0x18)[0x7f82631a4668]
[Orion-24-52:08120] [10] /work/noaa/da/mpotts/sandbox/pgi_2019_openmpi_O_v8.4.0/esmf/DEFAULTINSTALLDIR/lib/libO/Linux.pgi.64.openmpi.default/libesmf.so(_ZN5ESMCI6FTable12callVFuncPtrEPKcPNS_2VMEPi+0x417)[0x7f0638b41167]
[Orion-24-52:08118] [13] /work/noaa/da/mpotts/sandbox/pgi_2019_openmpi_O_v8.4.0/esmf/DEFAULTINSTALLDIR/lib/libO/Linux.pgi.64.openmpi.default/libesmf.so(c_esmc_ftablecallentrypointvm_+0x337)[0x7f8262dbd747]
[Orion-24-52:08120] [11] /work/noaa/da/mpotts/sandbox/pgi_2019_openmpi_O_v8.4.0/esmf/DEFAULTINSTALLDIR/lib/libO/Linux.pgi.64.openmpi.default/libesmf.so(ESMCI_FTableCallEntryPointVMHop+0x1ea)[0x7f0638b3f36a]
[Orion-24-52:08118] [14] /work/noaa/da/mpotts/sandbox/pgi_2019_openmpi_O_v8.4.0/esmf/DEFAULTINSTALLDIR/lib/libO/Linux.pgi.64.openmpi.default/libesmf.so(esmf_compmod_esmf_compexecute_+0x7ed)[0x7f8263377b5d]
[Orion-24-52:08120] [12] /work/noaa/da/mpotts/sandbox/pgi_2019_openmpi_O_v8.4.0/esmf/DEFAULTINSTALLDIR/lib/libO/Linux.pgi.64.openmpi.default/libesmf.so(_ZN5ESMCI2VM5enterEPNS_6VMPlanEPvS3_+0x18)[0x7f0638f26668]
[Orion-24-52:08120] [13] /work/noaa/da/mpotts/sandbox/pgi_2019_openmpi_O_v8.4.0/esmf/DEFAULTINSTALLDIR/lib/libO/Linux.pgi.64.openmpi.default/libesmf.so(c_esmc_ftablecallentrypointvm_+0x337)[0x7f0638b3f747]
[Orion-24-52:08118] [15] /work/noaa/da/mpotts/sandbox/pgi_2019_openmpi_O_v8.4.0/esmf/DEFAULTINSTALLDIR/lib/libO/Linux.pgi.64.openmpi.default/libesmf.so(esmf_cplcompmod_esmf_cplcompinitialize_+0x161)[0x7f8263388401]
[Orion-24-52:08118] [16] /work/noaa/da/mpotts/sandbox/pgi_2019_openmpi_O_v8.4.0/esmf/DEFAULTINSTALLDIR/lib/libO/Linux.pgi.64.openmpi.default/libesmf.so(nuopc_driver_loopconnectorcompss_+0xeb4)[0x7f82639b57b4]
[Orion-24-52:08120] [14] /work/noaa/da/mpotts/sandbox/pgi_2019_openmpi_O_v8.4.0/esmf/DEFAULTINSTALLDIR/lib/libO/Linux.pgi.64.openmpi.default/libesmf.so(esmf_compmod_esmf_compexecute_+0x7ed)[0x7f06390f9b5d]
[Orion-24-52:08118] [17] /work/noaa/da/mpotts/sandbox/pgi_2019_openmpi_O_v8.4.0/esmf/DEFAULTINSTALLDIR/lib/libO/Linux.pgi.64.openmpi.default/libesmf.so(nuopc_driver_initializeipdv02p3_+0x20f1)[0x7f82639accd1]
[Orion-24-52:08120] [15] /work/noaa/da/mpotts/sandbox/pgi_2019_openmpi_O_v8.4.0/esmf/DEFAULTINSTALLDIR/lib/libO/Linux.pgi.64.openmpi.default/libesmf.so(esmf_cplcompmod_esmf_cplcompinitialize_+0x161)[0x7f063910a401]
[Orion-24-52:08118] [18] /work/noaa/da/mpotts/sandbox/pgi_2019_openmpi_O_v8.4.0/esmf/DEFAULTINSTALLDIR/lib/libO/Linux.pgi.64.openmpi.default/libesmf.so(nuopc_driver_initializegeneric_+0x62a)[0x7f826399c7fa]
[Orion-24-52:08120] [16] /work/noaa/da/mpotts/sandbox/pgi_2019_openmpi_O_v8.4.0/esmf/DEFAULTINSTALLDIR/lib/libO/Linux.pgi.64.openmpi.default/libesmf.so(nuopc_driver_loopconnectorcompss_+0xeb4)[0x7f06397377b4]
[Orion-24-52:08118] [19] /work/noaa/da/mpotts/sandbox/pgi_2019_openmpi_O_v8.4.0/esmf/DEFAULTINSTALLDIR/lib/libO/Linux.pgi.64.openmpi.default/libesmf.so(_ZN5ESMCI6FTable12callVFuncPtrEPKcPNS_2VMEPi+0x417)[0x7f8262dbf167]
[Orion-24-52:08120] [17] /work/noaa/da/mpotts/sandbox/pgi_2019_openmpi_O_v8.4.0/esmf/DEFAULTINSTALLDIR/lib/libO/Linux.pgi.64.openmpi.default/libesmf.so(nuopc_driver_initializeipdv02p3_+0x20f1)[0x7f063972ecd1]
[Orion-24-52:08118] [20] /work/noaa/da/mpotts/sandbox/pgi_2019_openmpi_O_v8.4.0/esmf/DEFAULTINSTALLDIR/lib/libO/Linux.pgi.64.openmpi.default/libesmf.so(ESMCI_FTableCallEntryPointVMHop+0x1ea)[0x7f8262dbd36a]
[Orion-24-52:08120] [18] /work/noaa/da/mpotts/sandbox/pgi_2019_openmpi_O_v8.4.0/esmf/DEFAULTINSTALLDIR/lib/libO/Linux.pgi.64.openmpi.default/libesmf.so(nuopc_driver_initializegeneric_+0x62a)[0x7f063971e7fa]
[Orion-24-52:08118] [21] /work/noaa/da/mpotts/sandbox/pgi_2019_openmpi_O_v8.4.0/esmf/DEFAULTINSTALLDIR/lib/libO/Linux.pgi.64.openmpi.default/libesmf.so(_ZN5ESMCI2VM5enterEPNS_6VMPlanEPvS3_+0x18)[0x7f82631a4668]
[Orion-24-52:08120] [19] /work/noaa/da/mpotts/sandbox/pgi_2019_openmpi_O_v8.4.0/esmf/DEFAULTINSTALLDIR/lib/libO/Linux.pgi.64.openmpi.default/libesmf.so(_ZN5ESMCI6FTable12callVFuncPtrEPKcPNS_2VMEPi+0x417)[0x7f0638b41167]
[Orion-24-52:08118] [22] /work/noaa/da/mpotts/sandbox/pgi_2019_openmpi_O_v8.4.0/esmf/DEFAULTINSTALLDIR/lib/libO/Linux.pgi.64.openmpi.default/libesmf.so(c_esmc_ftablecallentrypointvm_+0x337)[0x7f8262dbd747]
[Orion-24-52:08120] [20] /work/noaa/da/mpotts/sandbox/pgi_2019_openmpi_O_v8.4.0/esmf/DEFAULTINSTALLDIR/lib/libO/Linux.pgi.64.openmpi.default/libesmf.so(ESMCI_FTableCallEntryPointVMHop+0x1ea)[0x7f0638b3f36a]
[Orion-24-52:08118] [23] /work/noaa/da/mpotts/sandbox/pgi_2019_openmpi_O_v8.4.0/esmf/DEFAULTINSTALLDIR/lib/libO/Linux.pgi.64.openmpi.default/libesmf.so(esmf_compmod_esmf_compexecute_+0x7ed)[0x7f8263377b5d]
[Orion-24-52:08120] [21] /work/noaa/da/mpotts/sandbox/pgi_2019_openmpi_O_v8.4.0/esmf/DEFAULTINSTALLDIR/lib/libO/Linux.pgi.64.openmpi.default/libesmf.so(_ZN5ESMCI2VM5enterEPNS_6VMPlanEPvS3_+0x18)[0x7f0638f26668]
[Orion-24-52:08120] [22] /work/noaa/da/mpotts/sandbox/pgi_2019_openmpi_O_v8.4.0/esmf/DEFAULTINSTALLDIR/lib/libO/Linux.pgi.64.openmpi.default/libesmf.so(c_esmc_ftablecallentrypointvm_+0x337)[0x7f0638b3f747]
[Orion-24-52:08118] [24] /work/noaa/da/mpotts/sandbox/pgi_2019_openmpi_O_v8.4.0/esmf/DEFAULTINSTALLDIR/lib/libO/Linux.pgi.64.openmpi.default/libesmf.so(esmf_gridcompmod_esmf_gridcompinitialize_+0x161)[0x7f826354bbb1]
[Orion-24-52:08118] [25] /work/noaa/da/mpotts/sandbox/pgi_2019_openmpi_O_v8.4.0/nuopc-app-prototypes/AtmOcnProto/./esmApp[0x405b7d]
[Orion-24-52:08118] [26] /work/noaa/da/mpotts/sandbox/pgi_2019_openmpi_O_v8.4.0/nuopc-app-prototypes/AtmOcnProto/./esmApp[0x4057f3]
[Orion-24-52:08118] [27] /lib64/libc.so.6(__libc_start_main+0xf5)[0x7f825ebbd495]
[Orion-24-52:08118] [28] /work/noaa/da/mpotts/sandbox/pgi_2019_openmpi_O_v8.4.0/nuopc-app-prototypes/AtmOcnProto/./esmApp[0x4056f9]
[Orion-24-52:08118] *** End of error message ***
[Orion-24-52:08120] [23] /work/noaa/da/mpotts/sandbox/pgi_2019_openmpi_O_v8.4.0/esmf/DEFAULTINSTALLDIR/lib/libO/Linux.pgi.64.openmpi.default/libesmf.so(esmf_compmod_esmf_compexecute_+0x7ed)[0x7f06390f9b5d]
[Orion-24-52:08120] [24] /work/noaa/da/mpotts/sandbox/pgi_2019_openmpi_O_v8.4.0/esmf/DEFAULTINSTALLDIR/lib/libO/Linux.pgi.64.openmpi.default/libesmf.so(esmf_gridcompmod_esmf_gridcompinitialize_+0x161)[0x7f06392cdbb1]
[Orion-24-52:08120] [25] /work/noaa/da/mpotts/sandbox/pgi_2019_openmpi_O_v8.4.0/nuopc-app-prototypes/AtmOcnProto/./esmApp[0x405b7d]
[Orion-24-52:08120] [26] /work/noaa/da/mpotts/sandbox/pgi_2019_openmpi_O_v8.4.0/nuopc-app-prototypes/AtmOcnProto/./esmApp[0x4057f3]
[Orion-24-52:08120] [27] /lib64/libc.so.6(__libc_start_main+0xf5)[0x7f063493f495]
[Orion-24-52:08120] [28] /work/noaa/da/mpotts/sandbox/pgi_2019_openmpi_O_v8.4.0/nuopc-app-prototypes/AtmOcnProto/./esmApp[0x4056f9]
[Orion-24-52:08120] *** End of error message ***
srun: error: Orion-24-52: tasks 0-3: Segmentation fault
srun: launch/slurm: _step_signal: Terminating StepId=7444434.360
