2022-10-26 03:16:45
[Orion-03-15:140713:0:140713] Caught signal 11 (Segmentation fault: address not mapped to object at address 0x4f1b591)
[Orion-03-15:140714:0:140714] Caught signal 11 (Segmentation fault: address not mapped to object at address 0x4f1b591)
[Orion-03-15:140715:0:140715] Caught signal 11 (Segmentation fault: address not mapped to object at address 0x4f1b591)
[Orion-03-15:140716:0:140716] Caught signal 11 (Segmentation fault: address not mapped to object at address 0x4f1b591)

/work/noaa/da/mpotts/sandbox/pgi_2019_openmpi_O_v8.4.0/esmf/src/Infrastructure/LogErr/src/ESMCI_LogErr.C: [ ESMCI::LogErr::MsgFoundError() ]
      ...

/work/noaa/da/mpotts/sandbox/pgi_2019_openmpi_O_v8.4.0/esmf/src/Infrastructure/LogErr/src/ESMCI_LogErr.C: [ ESMCI::LogErr::MsgFoundError() ]
      ...
      583 {
      584     bool result=false;
      585 #ifdef ESMC_SUCCESSDEFAULT_ON
==>   586     if (rcToReturn != ESMC_NULL_POINTER) *rcToReturn=ESMF_SUCCESS;
      587 #endif
      588     if (trace) {
      589         Write(ESMC_METHOD,ESMC_LOGMSG_TRACE,
      583 {
      584     bool result=false;
      585 #ifdef ESMC_SUCCESSDEFAULT_ON
==>   586     if (rcToReturn != ESMC_NULL_POINTER) *rcToReturn=ESMF_SUCCESS;
      587 #endif
      588     if (trace) {
      589         Write(ESMC_METHOD,ESMC_LOGMSG_TRACE,



/work/noaa/da/mpotts/sandbox/pgi_2019_openmpi_O_v8.4.0/esmf/src/Infrastructure/LogErr/src/ESMCI_LogErr.C: [ ESMCI::LogErr::MsgFoundError() ]
      ...
      583 {
      584     bool result=false;
      585 #ifdef ESMC_SUCCESSDEFAULT_ON
==>   586     if (rcToReturn != ESMC_NULL_POINTER) *rcToReturn=ESMF_SUCCESS;
      587 #endif
      588     if (trace) {
      589         Write(ESMC_METHOD,ESMC_LOGMSG_TRACE,

/work/noaa/da/mpotts/sandbox/pgi_2019_openmpi_O_v8.4.0/esmf/src/Infrastructure/LogErr/src/ESMCI_LogErr.C: [ ESMCI::LogErr::MsgFoundError() ]
      ...

      583 {
      584     bool result=false;
      585 #ifdef ESMC_SUCCESSDEFAULT_ON
==>   586     if (rcToReturn != ESMC_NULL_POINTER) *rcToReturn=ESMF_SUCCESS;
      587 #endif
      588     if (trace) {
      589         Write(ESMC_METHOD,ESMC_LOGMSG_TRACE,

==== backtrace (tid: 140716) ====
 0 0x000000000072a4c3 ESMCI::LogErr::MsgFoundError()  /work/noaa/da/mpotts/sandbox/pgi_2019_openmpi_O_v8.4.0/esmf/src/Infrastructure/LogErr/src/ESMCI_LogErr.C:586
 1 0x00000000008826c1 c_esmc_meshcreatenodedistgrid_()  /work/noaa/da/mpotts/sandbox/pgi_2019_openmpi_O_v8.4.0/esmf/src/Infrastructure/Mesh/interface/ESMCI_Mesh_F.C:248
 2 0x0000000000f9416c esmf_meshmod_esmf_meshcreatefrompointer_()  /work/noaa/da/mpotts/sandbox/pgi_2019_openmpi_O_v8.4.0/esmf/src/Infrastructure/Mesh/interface/ESMF_Mesh.F90:3091
 3 0x0000000000e75932 esmf_gridutilmod_esmf_gridtomesh_()  /work/noaa/da/mpotts/sandbox/pgi_2019_openmpi_O_v8.4.0/esmf/src/Infrastructure/GridUtil/interface/ESMF_GridUtil.F90:453
 4 0x0000000000d99d06 esmf_fieldregridmod_b_or_p_gridtomesh_()  /work/noaa/da/mpotts/sandbox/pgi_2019_openmpi_O_v8.4.0/esmf/src/Infrastructure/Field/src/ESMF_FieldRegrid.F90:3228
 5 0x0000000000d97214 esmf_fieldregridmod_getmeshwithnodesonfieldloc_()  /work/noaa/da/mpotts/sandbox/pgi_2019_openmpi_O_v8.4.0/esmf/src/Infrastructure/Field/src/ESMF_FieldRegrid.F90:1346
 6 0x0000000000d95773 esmf_fieldregridmod_esmf_fieldregridstorenx_()  /work/noaa/da/mpotts/sandbox/pgi_2019_openmpi_O_v8.4.0/esmf/src/Infrastructure/Field/src/ESMF_FieldRegrid.F90:971
 7 0x0000000001225c27 nuopc_connector_fieldbundlecplstore_()  /work/noaa/da/mpotts/sandbox/pgi_2019_openmpi_O_v8.4.0/esmf/src/addon/NUOPC/src/NUOPC_Connector.F90:7919
 8 0x000000000120d084 nuopc_connector_initializeipdv05p6b_()  /work/noaa/da/mpotts/sandbox/pgi_2019_openmpi_O_v8.4.0/esmf/src/addon/NUOPC/src/NUOPC_Connector.F90:5386
 9 0x000000000064f167 ESMCI::FTable::callVFuncPtr()  /work/noaa/da/mpotts/sandbox/pgi_2019_openmpi_O_v8.4.0/esmf/src/Superstructure/Component/src/ESMCI_FTable.C:2167
10 0x000000000064d36a ESMCI_FTableCallEntryPointVMHop()  /work/noaa/da/mpotts/sandbox/pgi_2019_openmpi_O_v8.4.0/esmf/src/Superstructure/Component/src/ESMCI_FTable.C:824
11 0x0000000000a34668 ESMCI::VM::enter()  /work/noaa/da/mpotts/sandbox/pgi_2019_openmpi_O_v8.4.0/esmf/src/Infrastructure/VM/src/ESMCI_VM.C:1216
12 0x000000000064d747 c_esmc_ftablecallentrypointvm_()  /work/noaa/da/mpotts/sandbox/pgi_2019_openmpi_O_v8.4.0/esmf/src/Superstructure/Component/src/ESMCI_FTable.C:981
13 0x0000000000c07b5d esmf_compmod_esmf_compexecute_()  /work/noaa/da/mpotts/sandbox/pgi_2019_openmpi_O_v8.4.0/esmf/src/Superstructure/Component/src/ESMF_Comp.F90:1223
14 0x0000000000c18401 esmf_cplcompmod_esmf_cplcompinitialize_()  /work/noaa/da/mpotts/sandbox/pgi_2019_openmpi_O_v8.4.0/esmf/src/Superstructure/Component/src/ESMF_CplComp.F90:1165
15 0x00000000012457b4 nuopc_driver_loopconnectorcompss_()  /work/noaa/da/mpotts/sandbox/pgi_2019_openmpi_O_v8.4.0/esmf/src/addon/NUOPC/src/NUOPC_Driver.F90:2869
16 0x000000000123ccd1 nuopc_driver_initializeipdv02p3_()  /work/noaa/da/mpotts/sandbox/pgi_2019_openmpi_O_v8.4.0/esmf/src/addon/NUOPC/src/NUOPC_Driver.F90:2020
17 0x000000000122c7fa nuopc_driver_initializegeneric_()  /work/noaa/da/mpotts/sandbox/pgi_2019_openmpi_O_v8.4.0/esmf/src/addon/NUOPC/src/NUOPC_Driver.F90:479
18 0x000000000064f167 ESMCI::FTable::callVFuncPtr()  /work/noaa/da/mpotts/sandbox/pgi_2019_openmpi_O_v8.4.0/esmf/src/Superstructure/Component/src/ESMCI_FTable.C:2167
19 0x000000000064d36a ESMCI_FTableCallEntryPointVMHop()  /work/noaa/da/mpotts/sandbox/pgi_2019_openmpi_O_v8.4.0/esmf/src/Superstructure/Component/src/ESMCI_FTable.C:824
20 0x0000000000a34668 ESMCI::VM::enter()  /work/noaa/da/mpotts/sandbox/pgi_2019_openmpi_O_v8.4.0/esmf/src/Infrastructure/VM/src/ESMCI_VM.C:1216
21 0x000000000064d747 c_esmc_ftablecallentrypointvm_()  /work/noaa/da/mpotts/sandbox/pgi_2019_openmpi_O_v8.4.0/esmf/src/Superstructure/Component/src/ESMCI_FTable.C:981
22 0x0000000000c07b5d esmf_compmod_esmf_compexecute_()  /work/noaa/da/mpotts/sandbox/pgi_2019_openmpi_O_v8.4.0/esmf/src/Superstructure/Component/src/ESMF_Comp.F90:1223
23 0x0000000000ddbbb1 esmf_gridcompmod_esmf_gridcompinitialize_()  /work/noaa/da/mpotts/sandbox/pgi_2019_openmpi_O_v8.4.0/esmf/src/Superstructure/Component/src/ESMF_GridComp.F90:1412
==== backtrace (tid: 140714) ====
 0 0x000000000072a4c3 ESMCI::LogErr::MsgFoundError()  /work/noaa/da/mpotts/sandbox/pgi_2019_openmpi_O_v8.4.0/esmf/src/Infrastructure/LogErr/src/ESMCI_LogErr.C:586
 1 0x00000000008826c1 c_esmc_meshcreatenodedistgrid_()  /work/noaa/da/mpotts/sandbox/pgi_2019_openmpi_O_v8.4.0/esmf/src/Infrastructure/Mesh/interface/ESMCI_Mesh_F.C:248
 2 0x0000000000f9416c esmf_meshmod_esmf_meshcreatefrompointer_()  /work/noaa/da/mpotts/sandbox/pgi_2019_openmpi_O_v8.4.0/esmf/src/Infrastructure/Mesh/interface/ESMF_Mesh.F90:3091
 3 0x0000000000e75932 esmf_gridutilmod_esmf_gridtomesh_()  /work/noaa/da/mpotts/sandbox/pgi_2019_openmpi_O_v8.4.0/esmf/src/Infrastructure/GridUtil/interface/ESMF_GridUtil.F90:453
 4 0x0000000000d99d06 esmf_fieldregridmod_b_or_p_gridtomesh_()  /work/noaa/da/mpotts/sandbox/pgi_2019_openmpi_O_v8.4.0/esmf/src/Infrastructure/Field/src/ESMF_FieldRegrid.F90:3228
24 0x0000000000405efd MAIN_()  /work/noaa/da/mpotts/sandbox/pgi_2019_openmpi_O_v8.4.0/nuopc-app-prototypes/AtmOcnSelectProto/esmApp.F90:58
25 0x0000000000405b73 main()  ???:0
26 0x0000000000022495 __libc_start_main()  ???:0
27 0x0000000000405a79 _start()  ???:0
=================================
[Orion-03-15:140716] *** Process received signal ***
[Orion-03-15:140716] Signal: Segmentation fault (11)
[Orion-03-15:140716] Signal code:  (-6)
[Orion-03-15:140716] Failing at address: 0x20e5000225ac
 5 0x0000000000d97214 esmf_fieldregridmod_getmeshwithnodesonfieldloc_()  /work/noaa/da/mpotts/sandbox/pgi_2019_openmpi_O_v8.4.0/esmf/src/Infrastructure/Field/src/ESMF_FieldRegrid.F90:1346
 6 0x0000000000d95773 esmf_fieldregridmod_esmf_fieldregridstorenx_()  /work/noaa/da/mpotts/sandbox/pgi_2019_openmpi_O_v8.4.0/esmf/src/Infrastructure/Field/src/ESMF_FieldRegrid.F90:971
 7 0x0000000001225c27 nuopc_connector_fieldbundlecplstore_()  /work/noaa/da/mpotts/sandbox/pgi_2019_openmpi_O_v8.4.0/esmf/src/addon/NUOPC/src/NUOPC_Connector.F90:7919
 8 0x000000000120d084 nuopc_connector_initializeipdv05p6b_()  /work/noaa/da/mpotts/sandbox/pgi_2019_openmpi_O_v8.4.0/esmf/src/addon/NUOPC/src/NUOPC_Connector.F90:5386
 9 0x000000000064f167 ESMCI::FTable::callVFuncPtr()  /work/noaa/da/mpotts/sandbox/pgi_2019_openmpi_O_v8.4.0/esmf/src/Superstructure/Component/src/ESMCI_FTable.C:2167
10 0x000000000064d36a ESMCI_FTableCallEntryPointVMHop()  /work/noaa/da/mpotts/sandbox/pgi_2019_openmpi_O_v8.4.0/esmf/src/Superstructure/Component/src/ESMCI_FTable.C:824
11 0x0000000000a34668 ESMCI::VM::enter()  /work/noaa/da/mpotts/sandbox/pgi_2019_openmpi_O_v8.4.0/esmf/src/Infrastructure/VM/src/ESMCI_VM.C:1216
12 0x000000000064d747 c_esmc_ftablecallentrypointvm_()  /work/noaa/da/mpotts/sandbox/pgi_2019_openmpi_O_v8.4.0/esmf/src/Superstructure/Component/src/ESMCI_FTable.C:981
13 0x0000000000c07b5d esmf_compmod_esmf_compexecute_()  /work/noaa/da/mpotts/sandbox/pgi_2019_openmpi_O_v8.4.0/esmf/src/Superstructure/Component/src/ESMF_Comp.F90:1223
14 0x0000000000c18401 esmf_cplcompmod_esmf_cplcompinitialize_()  /work/noaa/da/mpotts/sandbox/pgi_2019_openmpi_O_v8.4.0/esmf/src/Superstructure/Component/src/ESMF_CplComp.F90:1165
15 0x00000000012457b4 nuopc_driver_loopconnectorcompss_()  /work/noaa/da/mpotts/sandbox/pgi_2019_openmpi_O_v8.4.0/esmf/src/addon/NUOPC/src/NUOPC_Driver.F90:2869
16 0x000000000123ccd1 nuopc_driver_initializeipdv02p3_()  /work/noaa/da/mpotts/sandbox/pgi_2019_openmpi_O_v8.4.0/esmf/src/addon/NUOPC/src/NUOPC_Driver.F90:2020
17 0x000000000122c7fa nuopc_driver_initializegeneric_()  /work/noaa/da/mpotts/sandbox/pgi_2019_openmpi_O_v8.4.0/esmf/src/addon/NUOPC/src/NUOPC_Driver.F90:479
18 0x000000000064f167 ESMCI::FTable::callVFuncPtr()  /work/noaa/da/mpotts/sandbox/pgi_2019_openmpi_O_v8.4.0/esmf/src/Superstructure/Component/src/ESMCI_FTable.C:2167
19 0x000000000064d36a ESMCI_FTableCallEntryPointVMHop()  /work/noaa/da/mpotts/sandbox/pgi_2019_openmpi_O_v8.4.0/esmf/src/Superstructure/Component/src/ESMCI_FTable.C:824
20 0x0000000000a34668 ESMCI::VM::enter()  /work/noaa/da/mpotts/sandbox/pgi_2019_openmpi_O_v8.4.0/esmf/src/Infrastructure/VM/src/ESMCI_VM.C:1216
21 0x000000000064d747 c_esmc_ftablecallentrypointvm_()  /work/noaa/da/mpotts/sandbox/pgi_2019_openmpi_O_v8.4.0/esmf/src/Superstructure/Component/src/ESMCI_FTable.C:981
22 0x0000000000c07b5d esmf_compmod_esmf_compexecute_()  /work/noaa/da/mpotts/sandbox/pgi_2019_openmpi_O_v8.4.0/esmf/src/Superstructure/Component/src/ESMF_Comp.F90:1223
23 0x0000000000ddbbb1 esmf_gridcompmod_esmf_gridcompinitialize_()  /work/noaa/da/mpotts/sandbox/pgi_2019_openmpi_O_v8.4.0/esmf/src/Superstructure/Component/src/ESMF_GridComp.F90:1412
24 0x0000000000405efd MAIN_()  /work/noaa/da/mpotts/sandbox/pgi_2019_openmpi_O_v8.4.0/nuopc-app-prototypes/AtmOcnSelectProto/esmApp.F90:58
25 0x0000000000405b73 main()  ???:0
26 0x0000000000022495 __libc_start_main()  ???:0
27 0x0000000000405a79 _start()  ???:0
=================================
[Orion-03-15:140714] *** Process received signal ***
[Orion-03-15:140714] Signal: Segmentation fault (11)
[Orion-03-15:140714] Signal code:  (-6)
[Orion-03-15:140714] Failing at address: 0x20e5000225aa
[Orion-03-15:140716] [ 0] /lib64/libpthread.so.0(+0xf5d0)[0x7f833145e5d0]
[Orion-03-15:140714] [ 0] /lib64/libpthread.so.0(+0xf5d0)[0x7ff29b3585d0]
[Orion-03-15:140716] [ 1] /work/noaa/da/mpotts/sandbox/pgi_2019_openmpi_O_v8.4.0/esmf/DEFAULTINSTALLDIR/lib/libO/Linux.pgi.64.openmpi.default/libesmf.so(_ZN5ESMCI6LogErr13MsgFoundErrorEiPKciS2_S2_Pi+0x33)[0x7f832fc034c3]
[Orion-03-15:140714] [ 1] /work/noaa/da/mpotts/sandbox/pgi_2019_openmpi_O_v8.4.0/esmf/DEFAULTINSTALLDIR/lib/libO/Linux.pgi.64.openmpi.default/libesmf.so(_ZN5ESMCI6LogErr13MsgFoundErrorEiPKciS2_S2_Pi+0x33)[0x7ff299afd4c3]
[Orion-03-15:140716] [ 2] /work/noaa/da/mpotts/sandbox/pgi_2019_openmpi_O_v8.4.0/esmf/DEFAULTINSTALLDIR/lib/libO/Linux.pgi.64.openmpi.default/libesmf.so(c_esmc_meshcreatenodedistgrid_+0xa1)[0x7f832fd5b6c1]
[Orion-03-15:140714] [ 2] /work/noaa/da/mpotts/sandbox/pgi_2019_openmpi_O_v8.4.0/esmf/DEFAULTINSTALLDIR/lib/libO/Linux.pgi.64.openmpi.default/libesmf.so(c_esmc_meshcreatenodedistgrid_+0xa1)[0x7ff299c556c1]
[Orion-03-15:140716] [ 3] /work/noaa/da/mpotts/sandbox/pgi_2019_openmpi_O_v8.4.0/esmf/DEFAULTINSTALLDIR/lib/libO/Linux.pgi.64.openmpi.default/libesmf.so(esmf_meshmod_esmf_meshcreatefrompointer_+0x4c)[0x7f833046d16c]
[Orion-03-15:140714] [ 3] /work/noaa/da/mpotts/sandbox/pgi_2019_openmpi_O_v8.4.0/esmf/DEFAULTINSTALLDIR/lib/libO/Linux.pgi.64.openmpi.default/libesmf.so(esmf_meshmod_esmf_meshcreatefrompointer_+0x4c)[0x7ff29a36716c]
[Orion-03-15:140716] [ 4] /work/noaa/da/mpotts/sandbox/pgi_2019_openmpi_O_v8.4.0/esmf/DEFAULTINSTALLDIR/lib/libO/Linux.pgi.64.openmpi.default/libesmf.so(esmf_gridutilmod_esmf_gridtomesh_+0x352)[0x7f833034e932]
[Orion-03-15:140714] [ 4] /work/noaa/da/mpotts/sandbox/pgi_2019_openmpi_O_v8.4.0/esmf/DEFAULTINSTALLDIR/lib/libO/Linux.pgi.64.openmpi.default/libesmf.so(esmf_gridutilmod_esmf_gridtomesh_+0x352)[0x7ff29a248932]
[Orion-03-15:140716] [ 5] /work/noaa/da/mpotts/sandbox/pgi_2019_openmpi_O_v8.4.0/esmf/DEFAULTINSTALLDIR/lib/libO/Linux.pgi.64.openmpi.default/libesmf.so(esmf_fieldregridmod_b_or_p_gridtomesh_+0x156)[0x7f8330272d06]
[Orion-03-15:140714] [ 5] /work/noaa/da/mpotts/sandbox/pgi_2019_openmpi_O_v8.4.0/esmf/DEFAULTINSTALLDIR/lib/libO/Linux.pgi.64.openmpi.default/libesmf.so(esmf_fieldregridmod_b_or_p_gridtomesh_+0x156)[0x7ff29a16cd06]
[Orion-03-15:140716] [ 6] /work/noaa/da/mpotts/sandbox/pgi_2019_openmpi_O_v8.4.0/esmf/DEFAULTINSTALLDIR/lib/libO/Linux.pgi.64.openmpi.default/libesmf.so(esmf_fieldregridmod_getmeshwithnodesonfieldloc_+0x394)[0x7f8330270214]
[Orion-03-15:140714] [ 6] /work/noaa/da/mpotts/sandbox/pgi_2019_openmpi_O_v8.4.0/esmf/DEFAULTINSTALLDIR/lib/libO/Linux.pgi.64.openmpi.default/libesmf.so(esmf_fieldregridmod_getmeshwithnodesonfieldloc_+0x394)[0x7ff29a16a214]
[Orion-03-15:140716] [ 7] /work/noaa/da/mpotts/sandbox/pgi_2019_openmpi_O_v8.4.0/esmf/DEFAULTINSTALLDIR/lib/libO/Linux.pgi.64.openmpi.default/libesmf.so(esmf_fieldregridmod_esmf_fieldregridstorenx_+0x9c3)[0x7f833026e773]
[Orion-03-15:140714] [ 7] /work/noaa/da/mpotts/sandbox/pgi_2019_openmpi_O_v8.4.0/esmf/DEFAULTINSTALLDIR/lib/libO/Linux.pgi.64.openmpi.default/libesmf.so(esmf_fieldregridmod_esmf_fieldregridstorenx_+0x9c3)[0x7ff29a168773]
[Orion-03-15:140716] [ 8] /work/noaa/da/mpotts/sandbox/pgi_2019_openmpi_O_v8.4.0/esmf/DEFAULTINSTALLDIR/lib/libO/Linux.pgi.64.openmpi.default/libesmf.so(nuopc_connector_fieldbundlecplstore_+0xbc87)[0x7f83306fec27]
[Orion-03-15:140714] [ 8] /work/noaa/da/mpotts/sandbox/pgi_2019_openmpi_O_v8.4.0/esmf/DEFAULTINSTALLDIR/lib/libO/Linux.pgi.64.openmpi.default/libesmf.so(nuopc_connector_fieldbundlecplstore_+0xbc87)[0x7ff29a5f8c27]
[Orion-03-15:140716] [ 9] /work/noaa/da/mpotts/sandbox/pgi_2019_openmpi_O_v8.4.0/esmf/DEFAULTINSTALLDIR/lib/libO/Linux.pgi.64.openmpi.default/libesmf.so(nuopc_connector_initializeipdv05p6b_+0x4f74)[0x7f83306e6084]
[Orion-03-15:140716] [10] /work/noaa/da/mpotts/sandbox/pgi_2019_openmpi_O_v8.4.0/esmf/DEFAULTINSTALLDIR/lib/libO/Linux.pgi.64.openmpi.default/libesmf.so(_ZN5ESMCI6FTable12callVFuncPtrEPKcPNS_2VMEPi+0x417)[0x7f832fb28167]
[Orion-03-15:140714] [ 9] /work/noaa/da/mpotts/sandbox/pgi_2019_openmpi_O_v8.4.0/esmf/DEFAULTINSTALLDIR/lib/libO/Linux.pgi.64.openmpi.default/libesmf.so(nuopc_connector_initializeipdv05p6b_+0x4f74)[0x7ff29a5e0084]
[Orion-03-15:140716] [11] /work/noaa/da/mpotts/sandbox/pgi_2019_openmpi_O_v8.4.0/esmf/DEFAULTINSTALLDIR/lib/libO/Linux.pgi.64.openmpi.default/libesmf.so(ESMCI_FTableCallEntryPointVMHop+0x1ea)[0x7f832fb2636a]
[Orion-03-15:140714] [10] /work/noaa/da/mpotts/sandbox/pgi_2019_openmpi_O_v8.4.0/esmf/DEFAULTINSTALLDIR/lib/libO/Linux.pgi.64.openmpi.default/libesmf.so(_ZN5ESMCI6FTable12callVFuncPtrEPKcPNS_2VMEPi+0x417)[0x7ff299a22167]
[Orion-03-15:140714] [11] /work/noaa/da/mpotts/sandbox/pgi_2019_openmpi_O_v8.4.0/esmf/DEFAULTINSTALLDIR/lib/libO/Linux.pgi.64.openmpi.default/libesmf.so(ESMCI_FTableCallEntryPointVMHop+0x1ea)[0x7ff299a2036a]
[Orion-03-15:140716] [12] /work/noaa/da/mpotts/sandbox/pgi_2019_openmpi_O_v8.4.0/esmf/DEFAULTINSTALLDIR/lib/libO/Linux.pgi.64.openmpi.default/libesmf.so(_ZN5ESMCI2VM5enterEPNS_6VMPlanEPvS3_+0x18)[0x7f832ff0d668]
[Orion-03-15:140716] [13] /work/noaa/da/mpotts/sandbox/pgi_2019_openmpi_O_v8.4.0/esmf/DEFAULTINSTALLDIR/lib/libO/Linux.pgi.64.openmpi.default/libesmf.so(c_esmc_ftablecallentrypointvm_+0x337)[0x7f832fb26747]
[Orion-03-15:140714] [12] /work/noaa/da/mpotts/sandbox/pgi_2019_openmpi_O_v8.4.0/esmf/DEFAULTINSTALLDIR/lib/libO/Linux.pgi.64.openmpi.default/libesmf.so(_ZN5ESMCI2VM5enterEPNS_6VMPlanEPvS3_+0x18)[0x7ff299e07668]
[Orion-03-15:140714] [13] /work/noaa/da/mpotts/sandbox/pgi_2019_openmpi_O_v8.4.0/esmf/DEFAULTINSTALLDIR/lib/libO/Linux.pgi.64.openmpi.default/libesmf.so(c_esmc_ftablecallentrypointvm_+0x337)[0x7ff299a20747]
[Orion-03-15:140716] [14] /work/noaa/da/mpotts/sandbox/pgi_2019_openmpi_O_v8.4.0/esmf/DEFAULTINSTALLDIR/lib/libO/Linux.pgi.64.openmpi.default/libesmf.so(esmf_compmod_esmf_compexecute_+0x7ed)[0x7f83300e0b5d]
[Orion-03-15:140714] [14] /work/noaa/da/mpotts/sandbox/pgi_2019_openmpi_O_v8.4.0/esmf/DEFAULTINSTALLDIR/lib/libO/Linux.pgi.64.openmpi.default/libesmf.so(esmf_compmod_esmf_compexecute_+0x7ed)[0x7ff299fdab5d]
[Orion-03-15:140716] [15] /work/noaa/da/mpotts/sandbox/pgi_2019_openmpi_O_v8.4.0/esmf/DEFAULTINSTALLDIR/lib/libO/Linux.pgi.64.openmpi.default/libesmf.so(esmf_cplcompmod_esmf_cplcompinitialize_+0x161)[0x7f83300f1401]
[Orion-03-15:140714] [15] /work/noaa/da/mpotts/sandbox/pgi_2019_openmpi_O_v8.4.0/esmf/DEFAULTINSTALLDIR/lib/libO/Linux.pgi.64.openmpi.default/libesmf.so(esmf_cplcompmod_esmf_cplcompinitialize_+0x161)[0x7ff299feb401]
[Orion-03-15:140716] [16] /work/noaa/da/mpotts/sandbox/pgi_2019_openmpi_O_v8.4.0/esmf/DEFAULTINSTALLDIR/lib/libO/Linux.pgi.64.openmpi.default/libesmf.so(nuopc_driver_loopconnectorcompss_+0xeb4)[0x7f833071e7b4]
[Orion-03-15:140714] [16] /work/noaa/da/mpotts/sandbox/pgi_2019_openmpi_O_v8.4.0/esmf/DEFAULTINSTALLDIR/lib/libO/Linux.pgi.64.openmpi.default/libesmf.so(nuopc_driver_loopconnectorcompss_+0xeb4)[0x7ff29a6187b4]
[Orion-03-15:140716] [17] /work/noaa/da/mpotts/sandbox/pgi_2019_openmpi_O_v8.4.0/esmf/DEFAULTINSTALLDIR/lib/libO/Linux.pgi.64.openmpi.default/libesmf.so(nuopc_driver_initializeipdv02p3_+0x20f1)[0x7f8330715cd1]
[Orion-03-15:140714] [17] /work/noaa/da/mpotts/sandbox/pgi_2019_openmpi_O_v8.4.0/esmf/DEFAULTINSTALLDIR/lib/libO/Linux.pgi.64.openmpi.default/libesmf.so(nuopc_driver_initializeipdv02p3_+0x20f1)[0x7ff29a60fcd1]
[Orion-03-15:140716] [18] /work/noaa/da/mpotts/sandbox/pgi_2019_openmpi_O_v8.4.0/esmf/DEFAULTINSTALLDIR/lib/libO/Linux.pgi.64.openmpi.default/libesmf.so(nuopc_driver_initializegeneric_+0x62a)[0x7f83307057fa]
[Orion-03-15:140716] [19] /work/noaa/da/mpotts/sandbox/pgi_2019_openmpi_O_v8.4.0/esmf/DEFAULTINSTALLDIR/lib/libO/Linux.pgi.64.openmpi.default/libesmf.so(_ZN5ESMCI6FTable12callVFuncPtrEPKcPNS_2VMEPi+0x417)[0x7f832fb28167]
[Orion-03-15:140714] [18] /work/noaa/da/mpotts/sandbox/pgi_2019_openmpi_O_v8.4.0/esmf/DEFAULTINSTALLDIR/lib/libO/Linux.pgi.64.openmpi.default/libesmf.so(nuopc_driver_initializegeneric_+0x62a)[0x7ff29a5ff7fa]
[Orion-03-15:140716] [20] /work/noaa/da/mpotts/sandbox/pgi_2019_openmpi_O_v8.4.0/esmf/DEFAULTINSTALLDIR/lib/libO/Linux.pgi.64.openmpi.default/libesmf.so(ESMCI_FTableCallEntryPointVMHop+0x1ea)[0x7f832fb2636a]
[Orion-03-15:140714] [19] /work/noaa/da/mpotts/sandbox/pgi_2019_openmpi_O_v8.4.0/esmf/DEFAULTINSTALLDIR/lib/libO/Linux.pgi.64.openmpi.default/libesmf.so(_ZN5ESMCI6FTable12callVFuncPtrEPKcPNS_2VMEPi+0x417)[0x7ff299a22167]
[Orion-03-15:140714] [20] /work/noaa/da/mpotts/sandbox/pgi_2019_openmpi_O_v8.4.0/esmf/DEFAULTINSTALLDIR/lib/libO/Linux.pgi.64.openmpi.default/libesmf.so(ESMCI_FTableCallEntryPointVMHop+0x1ea)[0x7ff299a2036a]
[Orion-03-15:140716] [21] /work/noaa/da/mpotts/sandbox/pgi_2019_openmpi_O_v8.4.0/esmf/DEFAULTINSTALLDIR/lib/libO/Linux.pgi.64.openmpi.default/libesmf.so(_ZN5ESMCI2VM5enterEPNS_6VMPlanEPvS3_+0x18)[0x7f832ff0d668]
[Orion-03-15:140716] [22] /work/noaa/da/mpotts/sandbox/pgi_2019_openmpi_O_v8.4.0/esmf/DEFAULTINSTALLDIR/lib/libO/Linux.pgi.64.openmpi.default/libesmf.so(c_esmc_ftablecallentrypointvm_+0x337)[0x7f832fb26747]
[Orion-03-15:140714] [21] /work/noaa/da/mpotts/sandbox/pgi_2019_openmpi_O_v8.4.0/esmf/DEFAULTINSTALLDIR/lib/libO/Linux.pgi.64.openmpi.default/libesmf.so(_ZN5ESMCI2VM5enterEPNS_6VMPlanEPvS3_+0x18)[0x7ff299e07668]
[Orion-03-15:140714] [22] /work/noaa/da/mpotts/sandbox/pgi_2019_openmpi_O_v8.4.0/esmf/DEFAULTINSTALLDIR/lib/libO/Linux.pgi.64.openmpi.default/libesmf.so(c_esmc_ftablecallentrypointvm_+0x337)[0x7ff299a20747]
[Orion-03-15:140716] [23] /work/noaa/da/mpotts/sandbox/pgi_2019_openmpi_O_v8.4.0/esmf/DEFAULTINSTALLDIR/lib/libO/Linux.pgi.64.openmpi.default/libesmf.so(esmf_compmod_esmf_compexecute_+0x7ed)[0x7f83300e0b5d]
[Orion-03-15:140714] [23] /work/noaa/da/mpotts/sandbox/pgi_2019_openmpi_O_v8.4.0/esmf/DEFAULTINSTALLDIR/lib/libO/Linux.pgi.64.openmpi.default/libesmf.so(esmf_compmod_esmf_compexecute_+0x7ed)[0x7ff299fdab5d]
[Orion-03-15:140716] [24] /work/noaa/da/mpotts/sandbox/pgi_2019_openmpi_O_v8.4.0/esmf/DEFAULTINSTALLDIR/lib/libO/Linux.pgi.64.openmpi.default/libesmf.so(esmf_gridcompmod_esmf_gridcompinitialize_+0x161)[0x7f83302b4bb1]
[Orion-03-15:140716] [25] /work/noaa/da/mpotts/sandbox/pgi_2019_openmpi_O_v8.4.0/nuopc-app-prototypes/AtmOcnSelectProto/./esmApp[0x405efd]
[Orion-03-15:140716] [26] /work/noaa/da/mpotts/sandbox/pgi_2019_openmpi_O_v8.4.0/nuopc-app-prototypes/AtmOcnSelectProto/./esmApp[0x405b73]
[Orion-03-15:140716] [27] /lib64/libc.so.6(__libc_start_main+0xf5)[0x7f832b926495]
[Orion-03-15:140716] [28] /work/noaa/da/mpotts/sandbox/pgi_2019_openmpi_O_v8.4.0/nuopc-app-prototypes/AtmOcnSelectProto/./esmApp[0x405a79]
[Orion-03-15:140716] *** End of error message ***
[Orion-03-15:140714] [24] /work/noaa/da/mpotts/sandbox/pgi_2019_openmpi_O_v8.4.0/esmf/DEFAULTINSTALLDIR/lib/libO/Linux.pgi.64.openmpi.default/libesmf.so(esmf_gridcompmod_esmf_gridcompinitialize_+0x161)[0x7ff29a1aebb1]
[Orion-03-15:140714] [25] /work/noaa/da/mpotts/sandbox/pgi_2019_openmpi_O_v8.4.0/nuopc-app-prototypes/AtmOcnSelectProto/./esmApp[0x405efd]
[Orion-03-15:140714] [26] /work/noaa/da/mpotts/sandbox/pgi_2019_openmpi_O_v8.4.0/nuopc-app-prototypes/AtmOcnSelectProto/./esmApp[0x405b73]
[Orion-03-15:140714] [27] /lib64/libc.so.6(__libc_start_main+0xf5)[0x7ff295820495]
[Orion-03-15:140714] [28] /work/noaa/da/mpotts/sandbox/pgi_2019_openmpi_O_v8.4.0/nuopc-app-prototypes/AtmOcnSelectProto/./esmApp[0x405a79]
[Orion-03-15:140714] *** End of error message ***
==== backtrace (tid: 140715) ====
 0 0x000000000072a4c3 ESMCI::LogErr::MsgFoundError()  /work/noaa/da/mpotts/sandbox/pgi_2019_openmpi_O_v8.4.0/esmf/src/Infrastructure/LogErr/src/ESMCI_LogErr.C:586
 1 0x00000000008826c1 c_esmc_meshcreatenodedistgrid_()  /work/noaa/da/mpotts/sandbox/pgi_2019_openmpi_O_v8.4.0/esmf/src/Infrastructure/Mesh/interface/ESMCI_Mesh_F.C:248
 2 0x0000000000f9416c esmf_meshmod_esmf_meshcreatefrompointer_()  /work/noaa/da/mpotts/sandbox/pgi_2019_openmpi_O_v8.4.0/esmf/src/Infrastructure/Mesh/interface/ESMF_Mesh.F90:3091
 3 0x0000000000e75932 esmf_gridutilmod_esmf_gridtomesh_()  /work/noaa/da/mpotts/sandbox/pgi_2019_openmpi_O_v8.4.0/esmf/src/Infrastructure/GridUtil/interface/ESMF_GridUtil.F90:453
 4 0x0000000000d99d06 esmf_fieldregridmod_b_or_p_gridtomesh_()  /work/noaa/da/mpotts/sandbox/pgi_2019_openmpi_O_v8.4.0/esmf/src/Infrastructure/Field/src/ESMF_FieldRegrid.F90:3228
 5 0x0000000000d97214 esmf_fieldregridmod_getmeshwithnodesonfieldloc_()  /work/noaa/da/mpotts/sandbox/pgi_2019_openmpi_O_v8.4.0/esmf/src/Infrastructure/Field/src/ESMF_FieldRegrid.F90:1346
 6 0x0000000000d95773 esmf_fieldregridmod_esmf_fieldregridstorenx_()  /work/noaa/da/mpotts/sandbox/pgi_2019_openmpi_O_v8.4.0/esmf/src/Infrastructure/Field/src/ESMF_FieldRegrid.F90:971
 7 0x0000000001225c27 nuopc_connector_fieldbundlecplstore_()  /work/noaa/da/mpotts/sandbox/pgi_2019_openmpi_O_v8.4.0/esmf/src/addon/NUOPC/src/NUOPC_Connector.F90:7919
 8 0x000000000120d084 nuopc_connector_initializeipdv05p6b_()  /work/noaa/da/mpotts/sandbox/pgi_2019_openmpi_O_v8.4.0/esmf/src/addon/NUOPC/src/NUOPC_Connector.F90:5386
 9 0x000000000064f167 ESMCI::FTable::callVFuncPtr()  /work/noaa/da/mpotts/sandbox/pgi_2019_openmpi_O_v8.4.0/esmf/src/Superstructure/Component/src/ESMCI_FTable.C:2167
10 0x000000000064d36a ESMCI_FTableCallEntryPointVMHop()  /work/noaa/da/mpotts/sandbox/pgi_2019_openmpi_O_v8.4.0/esmf/src/Superstructure/Component/src/ESMCI_FTable.C:824
11 0x0000000000a34668 ESMCI::VM::enter()  /work/noaa/da/mpotts/sandbox/pgi_2019_openmpi_O_v8.4.0/esmf/src/Infrastructure/VM/src/ESMCI_VM.C:1216
12 0x000000000064d747 c_esmc_ftablecallentrypointvm_()  /work/noaa/da/mpotts/sandbox/pgi_2019_openmpi_O_v8.4.0/esmf/src/Superstructure/Component/src/ESMCI_FTable.C:981
13 0x0000000000c07b5d esmf_compmod_esmf_compexecute_()  /work/noaa/da/mpotts/sandbox/pgi_2019_openmpi_O_v8.4.0/esmf/src/Superstructure/Component/src/ESMF_Comp.F90:1223
14 0x0000000000c18401 esmf_cplcompmod_esmf_cplcompinitialize_()  /work/noaa/da/mpotts/sandbox/pgi_2019_openmpi_O_v8.4.0/esmf/src/Superstructure/Component/src/ESMF_CplComp.F90:1165
15 0x00000000012457b4 nuopc_driver_loopconnectorcompss_()  /work/noaa/da/mpotts/sandbox/pgi_2019_openmpi_O_v8.4.0/esmf/src/addon/NUOPC/src/NUOPC_Driver.F90:2869
16 0x000000000123ccd1 nuopc_driver_initializeipdv02p3_()  /work/noaa/da/mpotts/sandbox/pgi_2019_openmpi_O_v8.4.0/esmf/src/addon/NUOPC/src/NUOPC_Driver.F90:2020
17 0x000000000122c7fa nuopc_driver_initializegeneric_()  /work/noaa/da/mpotts/sandbox/pgi_2019_openmpi_O_v8.4.0/esmf/src/addon/NUOPC/src/NUOPC_Driver.F90:479
18 0x000000000064f167 ESMCI::FTable::callVFuncPtr()  /work/noaa/da/mpotts/sandbox/pgi_2019_openmpi_O_v8.4.0/esmf/src/Superstructure/Component/src/ESMCI_FTable.C:2167
19 0x000000000064d36a ESMCI_FTableCallEntryPointVMHop()  /work/noaa/da/mpotts/sandbox/pgi_2019_openmpi_O_v8.4.0/esmf/src/Superstructure/Component/src/ESMCI_FTable.C:824
20 0x0000000000a34668 ESMCI::VM::enter()  /work/noaa/da/mpotts/sandbox/pgi_2019_openmpi_O_v8.4.0/esmf/src/Infrastructure/VM/src/ESMCI_VM.C:1216
21 0x000000000064d747 c_esmc_ftablecallentrypointvm_()  /work/noaa/da/mpotts/sandbox/pgi_2019_openmpi_O_v8.4.0/esmf/src/Superstructure/Component/src/ESMCI_FTable.C:981
22 0x0000000000c07b5d esmf_compmod_esmf_compexecute_()  /work/noaa/da/mpotts/sandbox/pgi_2019_openmpi_O_v8.4.0/esmf/src/Superstructure/Component/src/ESMF_Comp.F90:1223
23 0x0000000000ddbbb1 esmf_gridcompmod_esmf_gridcompinitialize_()  /work/noaa/da/mpotts/sandbox/pgi_2019_openmpi_O_v8.4.0/esmf/src/Superstructure/Component/src/ESMF_GridComp.F90:1412
24 0x0000000000405efd MAIN_()  /work/noaa/da/mpotts/sandbox/pgi_2019_openmpi_O_v8.4.0/nuopc-app-prototypes/AtmOcnSelectProto/esmApp.F90:58
25 0x0000000000405b73 main()  ???:0
26 0x0000000000022495 __libc_start_main()  ???:0
27 0x0000000000405a79 _start()  ???:0
=================================
[Orion-03-15:140715] *** Process received signal ***
[Orion-03-15:140715] Signal: Segmentation fault (11)
[Orion-03-15:140715] Signal code:  (-6)
[Orion-03-15:140715] Failing at address: 0x20e5000225ab
[Orion-03-15:140715] [ 0] /lib64/libpthread.so.0(+0xf5d0)[0x7fb5544495d0]
[Orion-03-15:140715] [ 1] /work/noaa/da/mpotts/sandbox/pgi_2019_openmpi_O_v8.4.0/esmf/DEFAULTINSTALLDIR/lib/libO/Linux.pgi.64.openmpi.default/libesmf.so(_ZN5ESMCI6LogErr13MsgFoundErrorEiPKciS2_S2_Pi+0x33)[0x7fb552bee4c3]
[Orion-03-15:140715] [ 2] /work/noaa/da/mpotts/sandbox/pgi_2019_openmpi_O_v8.4.0/esmf/DEFAULTINSTALLDIR/lib/libO/Linux.pgi.64.openmpi.default/libesmf.so(c_esmc_meshcreatenodedistgrid_+0xa1)[0x7fb552d466c1]
[Orion-03-15:140715] [ 3] /work/noaa/da/mpotts/sandbox/pgi_2019_openmpi_O_v8.4.0/esmf/DEFAULTINSTALLDIR/lib/libO/Linux.pgi.64.openmpi.default/libesmf.so(esmf_meshmod_esmf_meshcreatefrompointer_+0x4c)[0x7fb55345816c]
[Orion-03-15:140715] [ 4] /work/noaa/da/mpotts/sandbox/pgi_2019_openmpi_O_v8.4.0/esmf/DEFAULTINSTALLDIR/lib/libO/Linux.pgi.64.openmpi.default/libesmf.so(esmf_gridutilmod_esmf_gridtomesh_+0x352)[0x7fb553339932]
[Orion-03-15:140715] [ 5] /work/noaa/da/mpotts/sandbox/pgi_2019_openmpi_O_v8.4.0/esmf/DEFAULTINSTALLDIR/lib/libO/Linux.pgi.64.openmpi.default/libesmf.so(esmf_fieldregridmod_b_or_p_gridtomesh_+0x156)[0x7fb55325dd06]
[Orion-03-15:140715] [ 6] /work/noaa/da/mpotts/sandbox/pgi_2019_openmpi_O_v8.4.0/esmf/DEFAULTINSTALLDIR/lib/libO/Linux.pgi.64.openmpi.default/libesmf.so(esmf_fieldregridmod_getmeshwithnodesonfieldloc_+0x394)[0x7fb55325b214]
[Orion-03-15:140715] [ 7] /work/noaa/da/mpotts/sandbox/pgi_2019_openmpi_O_v8.4.0/esmf/DEFAULTINSTALLDIR/lib/libO/Linux.pgi.64.openmpi.default/libesmf.so(esmf_fieldregridmod_esmf_fieldregridstorenx_+0x9c3)[0x7fb553259773]
[Orion-03-15:140715] [ 8] /work/noaa/da/mpotts/sandbox/pgi_2019_openmpi_O_v8.4.0/esmf/DEFAULTINSTALLDIR/lib/libO/Linux.pgi.64.openmpi.default/libesmf.so(nuopc_connector_fieldbundlecplstore_+0xbc87)[0x7fb5536e9c27]
[Orion-03-15:140715] [ 9] /work/noaa/da/mpotts/sandbox/pgi_2019_openmpi_O_v8.4.0/esmf/DEFAULTINSTALLDIR/lib/libO/Linux.pgi.64.openmpi.default/libesmf.so(nuopc_connector_initializeipdv05p6b_+0x4f74)[0x7fb5536d1084]
[Orion-03-15:140715] [10] /work/noaa/da/mpotts/sandbox/pgi_2019_openmpi_O_v8.4.0/esmf/DEFAULTINSTALLDIR/lib/libO/Linux.pgi.64.openmpi.default/libesmf.so(_ZN5ESMCI6FTable12callVFuncPtrEPKcPNS_2VMEPi+0x417)[0x7fb552b13167]
[Orion-03-15:140715] [11] /work/noaa/da/mpotts/sandbox/pgi_2019_openmpi_O_v8.4.0/esmf/DEFAULTINSTALLDIR/lib/libO/Linux.pgi.64.openmpi.default/libesmf.so(ESMCI_FTableCallEntryPointVMHop+0x1ea)[0x7fb552b1136a]
[Orion-03-15:140715] [12] /work/noaa/da/mpotts/sandbox/pgi_2019_openmpi_O_v8.4.0/esmf/DEFAULTINSTALLDIR/lib/libO/Linux.pgi.64.openmpi.default/libesmf.so(_ZN5ESMCI2VM5enterEPNS_6VMPlanEPvS3_+0x18)[0x7fb552ef8668]
[Orion-03-15:140715] [13] /work/noaa/da/mpotts/sandbox/pgi_2019_openmpi_O_v8.4.0/esmf/DEFAULTINSTALLDIR/lib/libO/Linux.pgi.64.openmpi.default/libesmf.so(c_esmc_ftablecallentrypointvm_+0x337)[0x7fb552b11747]
[Orion-03-15:140715] [14] /work/noaa/da/mpotts/sandbox/pgi_2019_openmpi_O_v8.4.0/esmf/DEFAULTINSTALLDIR/lib/libO/Linux.pgi.64.openmpi.default/libesmf.so(esmf_compmod_esmf_compexecute_+0x7ed)[0x7fb5530cbb5d]
[Orion-03-15:140715] [15] /work/noaa/da/mpotts/sandbox/pgi_2019_openmpi_O_v8.4.0/esmf/DEFAULTINSTALLDIR/lib/libO/Linux.pgi.64.openmpi.default/libesmf.so(esmf_cplcompmod_esmf_cplcompinitialize_+0x161)[0x7fb5530dc401]
[Orion-03-15:140715] [16] /work/noaa/da/mpotts/sandbox/pgi_2019_openmpi_O_v8.4.0/esmf/DEFAULTINSTALLDIR/lib/libO/Linux.pgi.64.openmpi.default/libesmf.so(nuopc_driver_loopconnectorcompss_+0xeb4)[0x7fb5537097b4]
[Orion-03-15:140715] [17] /work/noaa/da/mpotts/sandbox/pgi_2019_openmpi_O_v8.4.0/esmf/DEFAULTINSTALLDIR/lib/libO/Linux.pgi.64.openmpi.default/libesmf.so(nuopc_driver_initializeipdv02p3_+0x20f1)[0x7fb553700cd1]
[Orion-03-15:140715] [18] /work/noaa/da/mpotts/sandbox/pgi_2019_openmpi_O_v8.4.0/esmf/DEFAULTINSTALLDIR/lib/libO/Linux.pgi.64.openmpi.default/libesmf.so(nuopc_driver_initializegeneric_+0x62a)[0x7fb5536f07fa]
[Orion-03-15:140715] [19] /work/noaa/da/mpotts/sandbox/pgi_2019_openmpi_O_v8.4.0/esmf/DEFAULTINSTALLDIR/lib/libO/Linux.pgi.64.openmpi.default/libesmf.so(_ZN5ESMCI6FTable12callVFuncPtrEPKcPNS_2VMEPi+0x417)[0x7fb552b13167]
[Orion-03-15:140715] [20] /work/noaa/da/mpotts/sandbox/pgi_2019_openmpi_O_v8.4.0/esmf/DEFAULTINSTALLDIR/lib/libO/Linux.pgi.64.openmpi.default/libesmf.so(ESMCI_FTableCallEntryPointVMHop+0x1ea)[0x7fb552b1136a]
[Orion-03-15:140715] [21] /work/noaa/da/mpotts/sandbox/pgi_2019_openmpi_O_v8.4.0/esmf/DEFAULTINSTALLDIR/lib/libO/Linux.pgi.64.openmpi.default/libesmf.so(_ZN5ESMCI2VM5enterEPNS_6VMPlanEPvS3_+0x18)[0x7fb552ef8668]
[Orion-03-15:140715] [22] /work/noaa/da/mpotts/sandbox/pgi_2019_openmpi_O_v8.4.0/esmf/DEFAULTINSTALLDIR/lib/libO/Linux.pgi.64.openmpi.default/libesmf.so(c_esmc_ftablecallentrypointvm_+0x337)[0x7fb552b11747]
[Orion-03-15:140715] [23] /work/noaa/da/mpotts/sandbox/pgi_2019_openmpi_O_v8.4.0/esmf/DEFAULTINSTALLDIR/lib/libO/Linux.pgi.64.openmpi.default/libesmf.so(esmf_compmod_esmf_compexecute_+0x7ed)[0x7fb5530cbb5d]
[Orion-03-15:140715] [24] /work/noaa/da/mpotts/sandbox/pgi_2019_openmpi_O_v8.4.0/esmf/DEFAULTINSTALLDIR/lib/libO/Linux.pgi.64.openmpi.default/libesmf.so(esmf_gridcompmod_esmf_gridcompinitialize_+0x161)[0x7fb55329fbb1]
[Orion-03-15:140715] [25] /work/noaa/da/mpotts/sandbox/pgi_2019_openmpi_O_v8.4.0/nuopc-app-prototypes/AtmOcnSelectProto/./esmApp[0x405efd]
[Orion-03-15:140715] [26] /work/noaa/da/mpotts/sandbox/pgi_2019_openmpi_O_v8.4.0/nuopc-app-prototypes/AtmOcnSelectProto/./esmApp[0x405b73]
[Orion-03-15:140715] [27] /lib64/libc.so.6(__libc_start_main+0xf5)[0x7fb54e911495]
[Orion-03-15:140715] [28] /work/noaa/da/mpotts/sandbox/pgi_2019_openmpi_O_v8.4.0/nuopc-app-prototypes/AtmOcnSelectProto/./esmApp[0x405a79]
[Orion-03-15:140715] *** End of error message ***
==== backtrace (tid: 140713) ====
 0 0x000000000072a4c3 ESMCI::LogErr::MsgFoundError()  /work/noaa/da/mpotts/sandbox/pgi_2019_openmpi_O_v8.4.0/esmf/src/Infrastructure/LogErr/src/ESMCI_LogErr.C:586
 1 0x00000000008826c1 c_esmc_meshcreatenodedistgrid_()  /work/noaa/da/mpotts/sandbox/pgi_2019_openmpi_O_v8.4.0/esmf/src/Infrastructure/Mesh/interface/ESMCI_Mesh_F.C:248
 2 0x0000000000f9416c esmf_meshmod_esmf_meshcreatefrompointer_()  /work/noaa/da/mpotts/sandbox/pgi_2019_openmpi_O_v8.4.0/esmf/src/Infrastructure/Mesh/interface/ESMF_Mesh.F90:3091
 3 0x0000000000e75932 esmf_gridutilmod_esmf_gridtomesh_()  /work/noaa/da/mpotts/sandbox/pgi_2019_openmpi_O_v8.4.0/esmf/src/Infrastructure/GridUtil/interface/ESMF_GridUtil.F90:453
 4 0x0000000000d99d06 esmf_fieldregridmod_b_or_p_gridtomesh_()  /work/noaa/da/mpotts/sandbox/pgi_2019_openmpi_O_v8.4.0/esmf/src/Infrastructure/Field/src/ESMF_FieldRegrid.F90:3228
 5 0x0000000000d97214 esmf_fieldregridmod_getmeshwithnodesonfieldloc_()  /work/noaa/da/mpotts/sandbox/pgi_2019_openmpi_O_v8.4.0/esmf/src/Infrastructure/Field/src/ESMF_FieldRegrid.F90:1346
 6 0x0000000000d95773 esmf_fieldregridmod_esmf_fieldregridstorenx_()  /work/noaa/da/mpotts/sandbox/pgi_2019_openmpi_O_v8.4.0/esmf/src/Infrastructure/Field/src/ESMF_FieldRegrid.F90:971
 7 0x0000000001225c27 nuopc_connector_fieldbundlecplstore_()  /work/noaa/da/mpotts/sandbox/pgi_2019_openmpi_O_v8.4.0/esmf/src/addon/NUOPC/src/NUOPC_Connector.F90:7919
 8 0x000000000120d084 nuopc_connector_initializeipdv05p6b_()  /work/noaa/da/mpotts/sandbox/pgi_2019_openmpi_O_v8.4.0/esmf/src/addon/NUOPC/src/NUOPC_Connector.F90:5386
 9 0x000000000064f167 ESMCI::FTable::callVFuncPtr()  /work/noaa/da/mpotts/sandbox/pgi_2019_openmpi_O_v8.4.0/esmf/src/Superstructure/Component/src/ESMCI_FTable.C:2167
10 0x000000000064d36a ESMCI_FTableCallEntryPointVMHop()  /work/noaa/da/mpotts/sandbox/pgi_2019_openmpi_O_v8.4.0/esmf/src/Superstructure/Component/src/ESMCI_FTable.C:824
11 0x0000000000a34668 ESMCI::VM::enter()  /work/noaa/da/mpotts/sandbox/pgi_2019_openmpi_O_v8.4.0/esmf/src/Infrastructure/VM/src/ESMCI_VM.C:1216
12 0x000000000064d747 c_esmc_ftablecallentrypointvm_()  /work/noaa/da/mpotts/sandbox/pgi_2019_openmpi_O_v8.4.0/esmf/src/Superstructure/Component/src/ESMCI_FTable.C:981
13 0x0000000000c07b5d esmf_compmod_esmf_compexecute_()  /work/noaa/da/mpotts/sandbox/pgi_2019_openmpi_O_v8.4.0/esmf/src/Superstructure/Component/src/ESMF_Comp.F90:1223
14 0x0000000000c18401 esmf_cplcompmod_esmf_cplcompinitialize_()  /work/noaa/da/mpotts/sandbox/pgi_2019_openmpi_O_v8.4.0/esmf/src/Superstructure/Component/src/ESMF_CplComp.F90:1165
15 0x00000000012457b4 nuopc_driver_loopconnectorcompss_()  /work/noaa/da/mpotts/sandbox/pgi_2019_openmpi_O_v8.4.0/esmf/src/addon/NUOPC/src/NUOPC_Driver.F90:2869
16 0x000000000123ccd1 nuopc_driver_initializeipdv02p3_()  /work/noaa/da/mpotts/sandbox/pgi_2019_openmpi_O_v8.4.0/esmf/src/addon/NUOPC/src/NUOPC_Driver.F90:2020
17 0x000000000122c7fa nuopc_driver_initializegeneric_()  /work/noaa/da/mpotts/sandbox/pgi_2019_openmpi_O_v8.4.0/esmf/src/addon/NUOPC/src/NUOPC_Driver.F90:479
18 0x000000000064f167 ESMCI::FTable::callVFuncPtr()  /work/noaa/da/mpotts/sandbox/pgi_2019_openmpi_O_v8.4.0/esmf/src/Superstructure/Component/src/ESMCI_FTable.C:2167
19 0x000000000064d36a ESMCI_FTableCallEntryPointVMHop()  /work/noaa/da/mpotts/sandbox/pgi_2019_openmpi_O_v8.4.0/esmf/src/Superstructure/Component/src/ESMCI_FTable.C:824
20 0x0000000000a34668 ESMCI::VM::enter()  /work/noaa/da/mpotts/sandbox/pgi_2019_openmpi_O_v8.4.0/esmf/src/Infrastructure/VM/src/ESMCI_VM.C:1216
21 0x000000000064d747 c_esmc_ftablecallentrypointvm_()  /work/noaa/da/mpotts/sandbox/pgi_2019_openmpi_O_v8.4.0/esmf/src/Superstructure/Component/src/ESMCI_FTable.C:981
22 0x0000000000c07b5d esmf_compmod_esmf_compexecute_()  /work/noaa/da/mpotts/sandbox/pgi_2019_openmpi_O_v8.4.0/esmf/src/Superstructure/Component/src/ESMF_Comp.F90:1223
23 0x0000000000ddbbb1 esmf_gridcompmod_esmf_gridcompinitialize_()  /work/noaa/da/mpotts/sandbox/pgi_2019_openmpi_O_v8.4.0/esmf/src/Superstructure/Component/src/ESMF_GridComp.F90:1412
24 0x0000000000405efd MAIN_()  /work/noaa/da/mpotts/sandbox/pgi_2019_openmpi_O_v8.4.0/nuopc-app-prototypes/AtmOcnSelectProto/esmApp.F90:58
25 0x0000000000405b73 main()  ???:0
26 0x0000000000022495 __libc_start_main()  ???:0
27 0x0000000000405a79 _start()  ???:0
=================================
[Orion-03-15:140713] *** Process received signal ***
[Orion-03-15:140713] Signal: Segmentation fault (11)
[Orion-03-15:140713] Signal code:  (-6)
[Orion-03-15:140713] Failing at address: 0x20e5000225a9
[Orion-03-15:140713] [ 0] /lib64/libpthread.so.0(+0xf5d0)[0x7ffb40cbd5d0]
[Orion-03-15:140713] [ 1] /work/noaa/da/mpotts/sandbox/pgi_2019_openmpi_O_v8.4.0/esmf/DEFAULTINSTALLDIR/lib/libO/Linux.pgi.64.openmpi.default/libesmf.so(_ZN5ESMCI6LogErr13MsgFoundErrorEiPKciS2_S2_Pi+0x33)[0x7ffb3f4624c3]
[Orion-03-15:140713] [ 2] /work/noaa/da/mpotts/sandbox/pgi_2019_openmpi_O_v8.4.0/esmf/DEFAULTINSTALLDIR/lib/libO/Linux.pgi.64.openmpi.default/libesmf.so(c_esmc_meshcreatenodedistgrid_+0xa1)[0x7ffb3f5ba6c1]
[Orion-03-15:140713] [ 3] /work/noaa/da/mpotts/sandbox/pgi_2019_openmpi_O_v8.4.0/esmf/DEFAULTINSTALLDIR/lib/libO/Linux.pgi.64.openmpi.default/libesmf.so(esmf_meshmod_esmf_meshcreatefrompointer_+0x4c)[0x7ffb3fccc16c]
[Orion-03-15:140713] [ 4] /work/noaa/da/mpotts/sandbox/pgi_2019_openmpi_O_v8.4.0/esmf/DEFAULTINSTALLDIR/lib/libO/Linux.pgi.64.openmpi.default/libesmf.so(esmf_gridutilmod_esmf_gridtomesh_+0x352)[0x7ffb3fbad932]
[Orion-03-15:140713] [ 5] /work/noaa/da/mpotts/sandbox/pgi_2019_openmpi_O_v8.4.0/esmf/DEFAULTINSTALLDIR/lib/libO/Linux.pgi.64.openmpi.default/libesmf.so(esmf_fieldregridmod_b_or_p_gridtomesh_+0x156)[0x7ffb3fad1d06]
[Orion-03-15:140713] [ 6] /work/noaa/da/mpotts/sandbox/pgi_2019_openmpi_O_v8.4.0/esmf/DEFAULTINSTALLDIR/lib/libO/Linux.pgi.64.openmpi.default/libesmf.so(esmf_fieldregridmod_getmeshwithnodesonfieldloc_+0x394)[0x7ffb3facf214]
[Orion-03-15:140713] [ 7] /work/noaa/da/mpotts/sandbox/pgi_2019_openmpi_O_v8.4.0/esmf/DEFAULTINSTALLDIR/lib/libO/Linux.pgi.64.openmpi.default/libesmf.so(esmf_fieldregridmod_esmf_fieldregridstorenx_+0x9c3)[0x7ffb3facd773]
[Orion-03-15:140713] [ 8] /work/noaa/da/mpotts/sandbox/pgi_2019_openmpi_O_v8.4.0/esmf/DEFAULTINSTALLDIR/lib/libO/Linux.pgi.64.openmpi.default/libesmf.so(nuopc_connector_fieldbundlecplstore_+0xbc87)[0x7ffb3ff5dc27]
[Orion-03-15:140713] [ 9] /work/noaa/da/mpotts/sandbox/pgi_2019_openmpi_O_v8.4.0/esmf/DEFAULTINSTALLDIR/lib/libO/Linux.pgi.64.openmpi.default/libesmf.so(nuopc_connector_initializeipdv05p6b_+0x4f74)[0x7ffb3ff45084]
[Orion-03-15:140713] [10] /work/noaa/da/mpotts/sandbox/pgi_2019_openmpi_O_v8.4.0/esmf/DEFAULTINSTALLDIR/lib/libO/Linux.pgi.64.openmpi.default/libesmf.so(_ZN5ESMCI6FTable12callVFuncPtrEPKcPNS_2VMEPi+0x417)[0x7ffb3f387167]
[Orion-03-15:140713] [11] /work/noaa/da/mpotts/sandbox/pgi_2019_openmpi_O_v8.4.0/esmf/DEFAULTINSTALLDIR/lib/libO/Linux.pgi.64.openmpi.default/libesmf.so(ESMCI_FTableCallEntryPointVMHop+0x1ea)[0x7ffb3f38536a]
[Orion-03-15:140713] [12] /work/noaa/da/mpotts/sandbox/pgi_2019_openmpi_O_v8.4.0/esmf/DEFAULTINSTALLDIR/lib/libO/Linux.pgi.64.openmpi.default/libesmf.so(_ZN5ESMCI2VM5enterEPNS_6VMPlanEPvS3_+0x18)[0x7ffb3f76c668]
[Orion-03-15:140713] [13] /work/noaa/da/mpotts/sandbox/pgi_2019_openmpi_O_v8.4.0/esmf/DEFAULTINSTALLDIR/lib/libO/Linux.pgi.64.openmpi.default/libesmf.so(c_esmc_ftablecallentrypointvm_+0x337)[0x7ffb3f385747]
[Orion-03-15:140713] [14] /work/noaa/da/mpotts/sandbox/pgi_2019_openmpi_O_v8.4.0/esmf/DEFAULTINSTALLDIR/lib/libO/Linux.pgi.64.openmpi.default/libesmf.so(esmf_compmod_esmf_compexecute_+0x7ed)[0x7ffb3f93fb5d]
[Orion-03-15:140713] [15] /work/noaa/da/mpotts/sandbox/pgi_2019_openmpi_O_v8.4.0/esmf/DEFAULTINSTALLDIR/lib/libO/Linux.pgi.64.openmpi.default/libesmf.so(esmf_cplcompmod_esmf_cplcompinitialize_+0x161)[0x7ffb3f950401]
[Orion-03-15:140713] [16] /work/noaa/da/mpotts/sandbox/pgi_2019_openmpi_O_v8.4.0/esmf/DEFAULTINSTALLDIR/lib/libO/Linux.pgi.64.openmpi.default/libesmf.so(nuopc_driver_loopconnectorcompss_+0xeb4)[0x7ffb3ff7d7b4]
[Orion-03-15:140713] [17] /work/noaa/da/mpotts/sandbox/pgi_2019_openmpi_O_v8.4.0/esmf/DEFAULTINSTALLDIR/lib/libO/Linux.pgi.64.openmpi.default/libesmf.so(nuopc_driver_initializeipdv02p3_+0x20f1)[0x7ffb3ff74cd1]
[Orion-03-15:140713] [18] /work/noaa/da/mpotts/sandbox/pgi_2019_openmpi_O_v8.4.0/esmf/DEFAULTINSTALLDIR/lib/libO/Linux.pgi.64.openmpi.default/libesmf.so(nuopc_driver_initializegeneric_+0x62a)[0x7ffb3ff647fa]
[Orion-03-15:140713] [19] /work/noaa/da/mpotts/sandbox/pgi_2019_openmpi_O_v8.4.0/esmf/DEFAULTINSTALLDIR/lib/libO/Linux.pgi.64.openmpi.default/libesmf.so(_ZN5ESMCI6FTable12callVFuncPtrEPKcPNS_2VMEPi+0x417)[0x7ffb3f387167]
[Orion-03-15:140713] [20] /work/noaa/da/mpotts/sandbox/pgi_2019_openmpi_O_v8.4.0/esmf/DEFAULTINSTALLDIR/lib/libO/Linux.pgi.64.openmpi.default/libesmf.so(ESMCI_FTableCallEntryPointVMHop+0x1ea)[0x7ffb3f38536a]
[Orion-03-15:140713] [21] /work/noaa/da/mpotts/sandbox/pgi_2019_openmpi_O_v8.4.0/esmf/DEFAULTINSTALLDIR/lib/libO/Linux.pgi.64.openmpi.default/libesmf.so(_ZN5ESMCI2VM5enterEPNS_6VMPlanEPvS3_+0x18)[0x7ffb3f76c668]
[Orion-03-15:140713] [22] /work/noaa/da/mpotts/sandbox/pgi_2019_openmpi_O_v8.4.0/esmf/DEFAULTINSTALLDIR/lib/libO/Linux.pgi.64.openmpi.default/libesmf.so(c_esmc_ftablecallentrypointvm_+0x337)[0x7ffb3f385747]
[Orion-03-15:140713] [23] /work/noaa/da/mpotts/sandbox/pgi_2019_openmpi_O_v8.4.0/esmf/DEFAULTINSTALLDIR/lib/libO/Linux.pgi.64.openmpi.default/libesmf.so(esmf_compmod_esmf_compexecute_+0x7ed)[0x7ffb3f93fb5d]
[Orion-03-15:140713] [24] /work/noaa/da/mpotts/sandbox/pgi_2019_openmpi_O_v8.4.0/esmf/DEFAULTINSTALLDIR/lib/libO/Linux.pgi.64.openmpi.default/libesmf.so(esmf_gridcompmod_esmf_gridcompinitialize_+0x161)[0x7ffb3fb13bb1]
[Orion-03-15:140713] [25] /work/noaa/da/mpotts/sandbox/pgi_2019_openmpi_O_v8.4.0/nuopc-app-prototypes/AtmOcnSelectProto/./esmApp[0x405efd]
[Orion-03-15:140713] [26] /work/noaa/da/mpotts/sandbox/pgi_2019_openmpi_O_v8.4.0/nuopc-app-prototypes/AtmOcnSelectProto/./esmApp[0x405b73]
[Orion-03-15:140713] [27] /lib64/libc.so.6(__libc_start_main+0xf5)[0x7ffb3b185495]
[Orion-03-15:140713] [28] /work/noaa/da/mpotts/sandbox/pgi_2019_openmpi_O_v8.4.0/nuopc-app-prototypes/AtmOcnSelectProto/./esmApp[0x405a79]
[Orion-03-15:140713] *** End of error message ***
srun: error: Orion-03-15: tasks 0-3: Segmentation fault
srun: launch/slurm: _step_signal: Terminating StepId=7419917.369
