2022-10-27 03:18:04
[Orion-24-52:10201:0:10201] Caught signal 11 (Segmentation fault: address not mapped to object at address 0x4f1b591)
[Orion-24-52:10202:0:10202] Caught signal 11 (Segmentation fault: address not mapped to object at address 0x4f1b591)
[Orion-24-52:10203:0:10203] Caught signal 11 (Segmentation fault: address not mapped to object at address 0x4f1b591)
[Orion-24-52:10204:0:10204] Caught signal 11 (Segmentation fault: address not mapped to object at address 0x4f1b591)

/work/noaa/da/mpotts/sandbox/pgi_2019_openmpi_O_v8.4.0/esmf/src/Infrastructure/LogErr/src/ESMCI_LogErr.C: [ ESMCI::LogErr::MsgFoundError() ]
      ...
      583 {
      584     bool result=false;
      585 #ifdef ESMC_SUCCESSDEFAULT_ON
==>   586     if (rcToReturn != ESMC_NULL_POINTER) *rcToReturn=ESMF_SUCCESS;
      587 #endif
      588     if (trace) {
      589         Write(ESMC_METHOD,ESMC_LOGMSG_TRACE,


/work/noaa/da/mpotts/sandbox/pgi_2019_openmpi_O_v8.4.0/esmf/src/Infrastructure/LogErr/src/ESMCI_LogErr.C: [ ESMCI::LogErr::MsgFoundError() ]
      ...
      583 {
      584     bool result=false;
      585 #ifdef ESMC_SUCCESSDEFAULT_ON
==>   586     if (rcToReturn != ESMC_NULL_POINTER) *rcToReturn=ESMF_SUCCESS;
      587 #endif
      588     if (trace) {
      589         Write(ESMC_METHOD,ESMC_LOGMSG_TRACE,


/work/noaa/da/mpotts/sandbox/pgi_2019_openmpi_O_v8.4.0/esmf/src/Infrastructure/LogErr/src/ESMCI_LogErr.C: [ ESMCI::LogErr::MsgFoundError() ]
      ...
      583 {
      584     bool result=false;
      585 #ifdef ESMC_SUCCESSDEFAULT_ON
==>   586     if (rcToReturn != ESMC_NULL_POINTER) *rcToReturn=ESMF_SUCCESS;
      587 #endif
      588     if (trace) {
      589         Write(ESMC_METHOD,ESMC_LOGMSG_TRACE,


/work/noaa/da/mpotts/sandbox/pgi_2019_openmpi_O_v8.4.0/esmf/src/Infrastructure/LogErr/src/ESMCI_LogErr.C: [ ESMCI::LogErr::MsgFoundError() ]
      ...
      583 {
      584     bool result=false;
      585 #ifdef ESMC_SUCCESSDEFAULT_ON
==>   586     if (rcToReturn != ESMC_NULL_POINTER) *rcToReturn=ESMF_SUCCESS;
      587 #endif
      588     if (trace) {
      589         Write(ESMC_METHOD,ESMC_LOGMSG_TRACE,

==== backtrace (tid:  10204) ====
 0 0x000000000072a4c3 ESMCI::LogErr::MsgFoundError()  /work/noaa/da/mpotts/sandbox/pgi_2019_openmpi_O_v8.4.0/esmf/src/Infrastructure/LogErr/src/ESMCI_LogErr.C:586
 1 0x00000000008826c1 c_esmc_meshcreatenodedistgrid_()  /work/noaa/da/mpotts/sandbox/pgi_2019_openmpi_O_v8.4.0/esmf/src/Infrastructure/Mesh/interface/ESMCI_Mesh_F.C:248
 2 0x0000000000f9416c esmf_meshmod_esmf_meshcreatefrompointer_()  /work/noaa/da/mpotts/sandbox/pgi_2019_openmpi_O_v8.4.0/esmf/src/Infrastructure/Mesh/interface/ESMF_Mesh.F90:3091
 3 0x0000000000e75932 esmf_gridutilmod_esmf_gridtomesh_()  /work/noaa/da/mpotts/sandbox/pgi_2019_openmpi_O_v8.4.0/esmf/src/Infrastructure/GridUtil/interface/ESMF_GridUtil.F90:453
 4 0x0000000000d99d06 esmf_fieldregridmod_b_or_p_gridtomesh_()  /work/noaa/da/mpotts/sandbox/pgi_2019_openmpi_O_v8.4.0/esmf/src/Infrastructure/Field/src/ESMF_FieldRegrid.F90:3228
 5 0x0000000000d97214 esmf_fieldregridmod_getmeshwithnodesonfieldloc_()  /work/noaa/da/mpotts/sandbox/pgi_2019_openmpi_O_v8.4.0/esmf/src/Infrastructure/Field/src/ESMF_FieldRegrid.F90:1346
 6 0x0000000000d95773 esmf_fieldregridmod_esmf_fieldregridstorenx_()  /work/noaa/da/mpotts/sandbox/pgi_2019_openmpi_O_v8.4.0/esmf/src/Infrastructure/Field/src/ESMF_FieldRegrid.F90:971
 7 0x0000000001225c27 nuopc_connector_fieldbundlecplstore_()  /work/noaa/da/mpotts/sandbox/pgi_2019_openmpi_O_v8.4.0/esmf/src/addon/NUOPC/src/NUOPC_Connector.F90:7919
 8 0x000000000120d084 nuopc_connector_initializeipdv05p6b_()  /work/noaa/da/mpotts/sandbox/pgi_2019_openmpi_O_v8.4.0/esmf/src/addon/NUOPC/src/NUOPC_Connector.F90:5386
 9 0x000000000064f167 ESMCI::FTable::callVFuncPtr()  /work/noaa/da/mpotts/sandbox/pgi_2019_openmpi_O_v8.4.0/esmf/src/Superstructure/Component/src/ESMCI_FTable.C:2167
10 0x000000000064d36a ESMCI_FTableCallEntryPointVMHop()  /work/noaa/da/mpotts/sandbox/pgi_2019_openmpi_O_v8.4.0/esmf/src/Superstructure/Component/src/ESMCI_FTable.C:824
11 0x0000000000a34668 ESMCI::VM::enter()  /work/noaa/da/mpotts/sandbox/pgi_2019_openmpi_O_v8.4.0/esmf/src/Infrastructure/VM/src/ESMCI_VM.C:1216
12 0x000000000064d747 c_esmc_ftablecallentrypointvm_()  /work/noaa/da/mpotts/sandbox/pgi_2019_openmpi_O_v8.4.0/esmf/src/Superstructure/Component/src/ESMCI_FTable.C:981
13 0x0000000000c07b5d esmf_compmod_esmf_compexecute_()  /work/noaa/da/mpotts/sandbox/pgi_2019_openmpi_O_v8.4.0/esmf/src/Superstructure/Component/src/ESMF_Comp.F90:1223
14 0x0000000000c18401 esmf_cplcompmod_esmf_cplcompinitialize_()  /work/noaa/da/mpotts/sandbox/pgi_2019_openmpi_O_v8.4.0/esmf/src/Superstructure/Component/src/ESMF_CplComp.F90:1165
15 0x00000000012457b4 nuopc_driver_loopconnectorcompss_()  /work/noaa/da/mpotts/sandbox/pgi_2019_openmpi_O_v8.4.0/esmf/src/addon/NUOPC/src/NUOPC_Driver.F90:2869
16 0x000000000123ccd1 nuopc_driver_initializeipdv02p3_()  /work/noaa/da/mpotts/sandbox/pgi_2019_openmpi_O_v8.4.0/esmf/src/addon/NUOPC/src/NUOPC_Driver.F90:2020
17 0x000000000122c7fa nuopc_driver_initializegeneric_()  /work/noaa/da/mpotts/sandbox/pgi_2019_openmpi_O_v8.4.0/esmf/src/addon/NUOPC/src/NUOPC_Driver.F90:479
18 0x000000000064f167 ESMCI::FTable::callVFuncPtr()  /work/noaa/da/mpotts/sandbox/pgi_2019_openmpi_O_v8.4.0/esmf/src/Superstructure/Component/src/ESMCI_FTable.C:2167
19 0x000000000064d36a ESMCI_FTableCallEntryPointVMHop()  /work/noaa/da/mpotts/sandbox/pgi_2019_openmpi_O_v8.4.0/esmf/src/Superstructure/Component/src/ESMCI_FTable.C:824
20 0x0000000000a34668 ESMCI::VM::enter()  /work/noaa/da/mpotts/sandbox/pgi_2019_openmpi_O_v8.4.0/esmf/src/Infrastructure/VM/src/ESMCI_VM.C:1216
21 0x000000000064d747 c_esmc_ftablecallentrypointvm_()  /work/noaa/da/mpotts/sandbox/pgi_2019_openmpi_O_v8.4.0/esmf/src/Superstructure/Component/src/ESMCI_FTable.C:981
22 0x0000000000c07b5d esmf_compmod_esmf_compexecute_()  /work/noaa/da/mpotts/sandbox/pgi_2019_openmpi_O_v8.4.0/esmf/src/Superstructure/Component/src/ESMF_Comp.F90:1223
23 0x0000000000ddbbb1 esmf_gridcompmod_esmf_gridcompinitialize_()  /work/noaa/da/mpotts/sandbox/pgi_2019_openmpi_O_v8.4.0/esmf/src/Superstructure/Component/src/ESMF_GridComp.F90:1412
24 0x0000000000405da0 MAIN_()  /work/noaa/da/mpotts/sandbox/pgi_2019_openmpi_O_v8.4.0/nuopc-app-prototypes/DriverInDriverDataDepProto/mainApp.F90:61
25 0x0000000000405a33 main()  ???:0
26 0x0000000000022495 __libc_start_main()  ???:0
27 0x0000000000405939 _start()  ???:0
=================================
[Orion-24-52:10204] *** Process received signal ***
[Orion-24-52:10204] Signal: Segmentation fault (11)
[Orion-24-52:10204] Signal code:  (-6)
[Orion-24-52:10204] Failing at address: 0x20e5000027dc
[Orion-24-52:10204] [ 0] /lib64/libpthread.so.0(+0xf5d0)[0x7fb272bde5d0]
[Orion-24-52:10204] [ 1] /work/noaa/da/mpotts/sandbox/pgi_2019_openmpi_O_v8.4.0/esmf/DEFAULTINSTALLDIR/lib/libO/Linux.pgi.64.openmpi.default/libesmf.so(_ZN5ESMCI6LogErr13MsgFoundErrorEiPKciS2_S2_Pi+0x33)[0x7fb2713834c3]
[Orion-24-52:10204] [ 2] /work/noaa/da/mpotts/sandbox/pgi_2019_openmpi_O_v8.4.0/esmf/DEFAULTINSTALLDIR/lib/libO/Linux.pgi.64.openmpi.default/libesmf.so(c_esmc_meshcreatenodedistgrid_+0xa1)[0x7fb2714db6c1]
[Orion-24-52:10204] [ 3] /work/noaa/da/mpotts/sandbox/pgi_2019_openmpi_O_v8.4.0/esmf/DEFAULTINSTALLDIR/lib/libO/Linux.pgi.64.openmpi.default/libesmf.so(esmf_meshmod_esmf_meshcreatefrompointer_+0x4c)[0x7fb271bed16c]
[Orion-24-52:10204] [ 4] /work/noaa/da/mpotts/sandbox/pgi_2019_openmpi_O_v8.4.0/esmf/DEFAULTINSTALLDIR/lib/libO/Linux.pgi.64.openmpi.default/libesmf.so(esmf_gridutilmod_esmf_gridtomesh_+0x352)[0x7fb271ace932]
[Orion-24-52:10204] [ 5] /work/noaa/da/mpotts/sandbox/pgi_2019_openmpi_O_v8.4.0/esmf/DEFAULTINSTALLDIR/lib/libO/Linux.pgi.64.openmpi.default/libesmf.so(esmf_fieldregridmod_b_or_p_gridtomesh_+0x156)[0x7fb2719f2d06]
[Orion-24-52:10204] [ 6] /work/noaa/da/mpotts/sandbox/pgi_2019_openmpi_O_v8.4.0/esmf/DEFAULTINSTALLDIR/lib/libO/Linux.pgi.64.openmpi.default/libesmf.so(esmf_fieldregridmod_getmeshwithnodesonfieldloc_+0x394)[0x7fb2719f0214]
[Orion-24-52:10204] [ 7] /work/noaa/da/mpotts/sandbox/pgi_2019_openmpi_O_v8.4.0/esmf/DEFAULTINSTALLDIR/lib/libO/Linux.pgi.64.openmpi.default/libesmf.so(esmf_fieldregridmod_esmf_fieldregridstorenx_+0x9c3)[0x7fb2719ee773]
[Orion-24-52:10204] [ 8] /work/noaa/da/mpotts/sandbox/pgi_2019_openmpi_O_v8.4.0/esmf/DEFAULTINSTALLDIR/lib/libO/Linux.pgi.64.openmpi.default/libesmf.so(nuopc_connector_fieldbundlecplstore_+0xbc87)[0x7fb271e7ec27]
[Orion-24-52:10204] [ 9] /work/noaa/da/mpotts/sandbox/pgi_2019_openmpi_O_v8.4.0/esmf/DEFAULTINSTALLDIR/lib/libO/Linux.pgi.64.openmpi.default/libesmf.so(nuopc_connector_initializeipdv05p6b_+0x4f74)[0x7fb271e66084]
[Orion-24-52:10204] [10] /work/noaa/da/mpotts/sandbox/pgi_2019_openmpi_O_v8.4.0/esmf/DEFAULTINSTALLDIR/lib/libO/Linux.pgi.64.openmpi.default/libesmf.so(_ZN5ESMCI6FTable12callVFuncPtrEPKcPNS_2VMEPi+0x417)[0x7fb2712a8167]
[Orion-24-52:10204] [11] /work/noaa/da/mpotts/sandbox/pgi_2019_openmpi_O_v8.4.0/esmf/DEFAULTINSTALLDIR/lib/libO/Linux.pgi.64.openmpi.default/libesmf.so(ESMCI_FTableCallEntryPointVMHop+0x1ea)[0x7fb2712a636a]
[Orion-24-52:10204] [12] /work/noaa/da/mpotts/sandbox/pgi_2019_openmpi_O_v8.4.0/esmf/DEFAULTINSTALLDIR/lib/libO/Linux.pgi.64.openmpi.default/libesmf.so(_ZN5ESMCI2VM5enterEPNS_6VMPlanEPvS3_+0x18)[0x7fb27168d668]
[Orion-24-52:10204] [13] /work/noaa/da/mpotts/sandbox/pgi_2019_openmpi_O_v8.4.0/esmf/DEFAULTINSTALLDIR/lib/libO/Linux.pgi.64.openmpi.default/libesmf.so(c_esmc_ftablecallentrypointvm_+0x337)[0x7fb2712a6747]
[Orion-24-52:10204] [14] /work/noaa/da/mpotts/sandbox/pgi_2019_openmpi_O_v8.4.0/esmf/DEFAULTINSTALLDIR/lib/libO/Linux.pgi.64.openmpi.default/libesmf.so(esmf_compmod_esmf_compexecute_+0x7ed)[0x7fb271860b5d]
[Orion-24-52:10204] [15] /work/noaa/da/mpotts/sandbox/pgi_2019_openmpi_O_v8.4.0/esmf/DEFAULTINSTALLDIR/lib/libO/Linux.pgi.64.openmpi.default/libesmf.so(esmf_cplcompmod_esmf_cplcompinitialize_+0x161)[0x7fb271871401]
[Orion-24-52:10204] [16] /work/noaa/da/mpotts/sandbox/pgi_2019_openmpi_O_v8.4.0/esmf/DEFAULTINSTALLDIR/lib/libO/Linux.pgi.64.openmpi.default/libesmf.so(nuopc_driver_loopconnectorcompss_+0xeb4)[0x7fb271e9e7b4]
[Orion-24-52:10204] [17] /work/noaa/da/mpotts/sandbox/pgi_2019_openmpi_O_v8.4.0/esmf/DEFAULTINSTALLDIR/lib/libO/Linux.pgi.64.openmpi.default/libesmf.so(nuopc_driver_initializeipdv02p3_+0x20f1)[0x7fb271e95cd1]
[Orion-24-52:10204] [18] /work/noaa/da/mpotts/sandbox/pgi_2019_openmpi_O_v8.4.0/esmf/DEFAULTINSTALLDIR/lib/libO/Linux.pgi.64.openmpi.default/libesmf.so(nuopc_driver_initializegeneric_+0x62a)[0x7fb271e857fa]
[Orion-24-52:10204] [19] /work/noaa/da/mpotts/sandbox/pgi_2019_openmpi_O_v8.4.0/esmf/DEFAULTINSTALLDIR/lib/libO/Linux.pgi.64.openmpi.default/libesmf.so(_ZN5ESMCI6FTable12callVFuncPtrEPKcPNS_2VMEPi+0x417)[0x7fb2712a8167]
[Orion-24-52:10204] [20] /work/noaa/da/mpotts/sandbox/pgi_2019_openmpi_O_v8.4.0/esmf/DEFAULTINSTALLDIR/lib/libO/Linux.pgi.64.openmpi.default/libesmf.so(ESMCI_FTableCallEntryPointVMHop+0x1ea)[0x7fb2712a636a]
[Orion-24-52:10204] [21] /work/noaa/da/mpotts/sandbox/pgi_2019_openmpi_O_v8.4.0/esmf/DEFAULTINSTALLDIR/lib/libO/Linux.pgi.64.openmpi.default/libesmf.so(_ZN5ESMCI2VM5enterEPNS_6VMPlanEPvS3_+0x18)[0x7fb27168d668]
[Orion-24-52:10204] [22] /work/noaa/da/mpotts/sandbox/pgi_2019_openmpi_O_v8.4.0/esmf/DEFAULTINSTALLDIR/lib/libO/Linux.pgi.64.openmpi.default/libesmf.so(c_esmc_ftablecallentrypointvm_+0x337)[0x7fb2712a6747]
[Orion-24-52:10204] [23] /work/noaa/da/mpotts/sandbox/pgi_2019_openmpi_O_v8.4.0/esmf/DEFAULTINSTALLDIR/lib/libO/Linux.pgi.64.openmpi.default/libesmf.so(esmf_compmod_esmf_compexecute_+0x7ed)[0x7fb271860b5d]
[Orion-24-52:10204] [24] /work/noaa/da/mpotts/sandbox/pgi_2019_openmpi_O_v8.4.0/esmf/DEFAULTINSTALLDIR/lib/libO/Linux.pgi.64.openmpi.default/libesmf.so(esmf_gridcompmod_esmf_gridcompinitialize_+0x161)[0x7fb271a34bb1]
[Orion-24-52:10204] [25] /work/noaa/da/mpotts/sandbox/pgi_2019_openmpi_O_v8.4.0/nuopc-app-prototypes/DriverInDriverDataDepProto/./mainApp[0x405da0]
[Orion-24-52:10204] [26] /work/noaa/da/mpotts/sandbox/pgi_2019_openmpi_O_v8.4.0/nuopc-app-prototypes/DriverInDriverDataDepProto/./mainApp[0x405a33]
[Orion-24-52:10204] [27] /lib64/libc.so.6(__libc_start_main+0xf5)[0x7fb26d0a6495]
[Orion-24-52:10204] [28] /work/noaa/da/mpotts/sandbox/pgi_2019_openmpi_O_v8.4.0/nuopc-app-prototypes/DriverInDriverDataDepProto/./mainApp[0x405939]
[Orion-24-52:10204] *** End of error message ***
srun: error: Orion-24-52: task 3: Segmentation fault
srun: launch/slurm: _step_signal: Terminating StepId=7444434.377
slurmstepd: error: *** STEP 7444434.377 ON Orion-24-52 CANCELLED AT 2022-10-27T05:23:52 ***
srun: error: Orion-24-52: tasks 0-2: Terminated
srun: Force Terminated StepId=7444434.377
