2022-10-26 03:16:45
20221026 045701.505 INFO             PET0 !!!!!!!!!!!!!!!!!!!!!!!!!!!!!!!!!!!!!!!!!!!!!!!!!!!!!!
20221026 045701.506 INFO             PET0 !!! THE ESMF_LOG IS SET TO OUTPUT ALL LOG MESSAGES !!!
20221026 045701.506 INFO             PET0 !!!     THIS MAY CAUSE SLOWDOWN IN PERFORMANCE     !!!
20221026 045701.506 INFO             PET0 !!! FOR PRODUCTION RUNS, USE:                      !!!
20221026 045701.506 INFO             PET0 !!!                   ESMF_LOGKIND_Multi_On_Error  !!!
20221026 045701.506 INFO             PET0 !!!!!!!!!!!!!!!!!!!!!!!!!!!!!!!!!!!!!!!!!!!!!!!!!!!!!!
20221026 045701.506 INFO             PET0 Running with ESMF Version   : v8.4.0
20221026 045701.506 INFO             PET0 ESMF library build date/time: "Oct 26 2022" "03:11:46"
20221026 045701.506 INFO             PET0 ESMF library build location : /work/noaa/da/mpotts/sandbox/pgi_2019_openmpi_O_v8.4.0/esmf
20221026 045701.506 INFO             PET0 ESMF_COMM                   : openmpi
20221026 045701.507 INFO             PET0 ESMF_MOAB                   : enabled
20221026 045701.507 INFO             PET0 ESMF_LAPACK                 : enabled
20221026 045701.507 INFO             PET0 ESMF_NETCDF                 : enabled
20221026 045701.507 INFO             PET0 ESMF_PNETCDF                : disabled
20221026 045701.507 INFO             PET0 ESMF_PIO                    : enabled
20221026 045701.507 INFO             PET0 ESMF_YAMLCPP                : enabled
20221026 045701.508 INFO             PET0 mainApp STARTING
20221026 045701.511 INFO             PET0 advection diffusion driver: InitializeGeneric intro.
20221026 045701.511 INFO             PET0   advection diffusion driver: InitializeP0 intro.
20221026 045701.511 INFO             PET0   advection diffusion driver: InitializeP0 extro.
20221026 045701.511 INFO             PET0   advection diffusion driver: InitializeIPDv02p1 intro.
20221026 045701.511 INFO             PET0     >>>advection diffusion driver: entered Initialize (phase=<none>) without valid internal Clock.
20221026 045701.511 INFO             PET0     advection diffusion driver - Creating model component advectDiff_Parent without petList.
20221026 045701.513 INFO             PET0     advection diffusion driver - Creating model component advectDiff_Nestling0 with petList of size 2 :
20221026 045701.513 INFO             PET0           0      1
20221026 045701.514 INFO             PET0     advection diffusion driver - Creating connector component advectDiff_Parent-TO-advectDiff_Nestling0 without petList.
20221026 045701.516 INFO             PET0     advection diffusion driver - Creating state: modelComp 1 Import State
20221026 045701.516 INFO             PET0     advection diffusion driver - Creating state: modelComp 1 Export State
20221026 045701.517 INFO             PET0     advection diffusion driver - Creating state: modelComp 2 Import State
20221026 045701.517 INFO             PET0     advection diffusion driver - Creating state: modelComp 2 Export State
20221026 045701.517 INFO             PET0     advectDiff_Parent: InitializeP0 intro.
20221026 045701.517 INFO             PET0     advectDiff_Parent: InitializeP0 extro.
20221026 045701.518 INFO             PET0     advectDiff_Nestling0: InitializeP0 intro.
20221026 045701.518 INFO             PET0     advectDiff_Nestling0: InitializeP0 extro.
20221026 045701.519 INFO             PET0     advectDiff_Parent-TO-advectDiff_Nestling0: InitializeP0 intro.
20221026 045701.519 INFO             PET0     advectDiff_Parent-TO-advectDiff_Nestling0: InitializeP0 extro.
20221026 045701.520 INFO             PET0     advection diffusion driver: IInitAdvertise intro.
20221026 045701.520 INFO             PET0     advection diffusion driver: IInitAdvertise extro.
20221026 045701.520 INFO             PET0     advectDiff_Parent: InitializeIPDvXp01 intro.
20221026 045701.520 INFO             PET0     advectDiff_Parent: InitializeIPDvXp01 extro.
20221026 045701.521 INFO             PET0     advectDiff_Nestling0: InitializeIPDvXp01 intro.
20221026 045701.522 INFO             PET0     advectDiff_Nestling0: InitializeIPDvXp01 extro.
20221026 045701.522 INFO             PET0     advectDiff_Parent-TO-advectDiff_Nestling0: InitializeIPDv05p1 intro.
20221026 045701.523 INFO             PET0     advectDiff_Parent-TO-advectDiff_Nestling0: InitializeIPDv05p1 extro.
20221026 045701.524 INFO             PET0     advection diffusion driver: IInitAdvertiseFinish intro.
20221026 045701.524 INFO             PET0     advection diffusion driver: IInitAdvertiseFinish extro.
20221026 045701.524 INFO             PET0     advectDiff_Parent-TO-advectDiff_Nestling0: InitializeIPDv05p2a intro.
20221026 045701.525 INFO             PET0     advectDiff_Parent-TO-advectDiff_Nestling0: InitializeIPDv05p2a extro.
20221026 045701.525 INFO             PET0     advectDiff_Parent-TO-advectDiff_Nestling0: InitializeIPDv05p2b intro.
20221026 045701.526 INFO             PET0     advectDiff_Parent-TO-advectDiff_Nestling0: InitializeIPDv05p2b extro.
20221026 045701.526 INFO             PET0     advection diffusion driver: IInitModifyCplLists intro.
20221026 045701.527 INFO             PET0     advection diffusion driver: IInitModifyCplLists extro.
20221026 045701.527 INFO             PET0     advectDiff_Parent-TO-advectDiff_Nestling0: InitializeIPDv05p3 intro.
20221026 045701.528 INFO             PET0     advectDiff_Parent-TO-advectDiff_Nestling0: InitializeIPDv05p3 extro.
20221026 045701.528 INFO             PET0     <<<advection diffusion driver: leaving Initialize (phase=<none>) with current time:    0  1  1  0  0  0   0
20221026 045701.528 INFO             PET0   advection diffusion driver: InitializeIPDv02p1 extro.
20221026 045701.528 INFO             PET0   advection diffusion driver: InitializeIPDv02p3 intro.
20221026 045701.528 INFO             PET0     >>>advection diffusion driver: entered Initialize (phase=<none>) with current time:    0  1  1  0  0  0   0
20221026 045701.528 INFO             PET0     advection diffusion driver: IInitCheck intro.
20221026 045701.528 INFO             PET0     advection diffusion driver: IInitCheck extro.
20221026 045701.528 INFO             PET0     advectDiff_Parent: InitializeIPDvXp04 intro.
20221026 045701.531 INFO             PET0     advectDiff_Parent: InitializeIPDvXp04 extro.
20221026 045701.531 INFO             PET0     advectDiff_Nestling0: InitializeIPDvXp04 intro.
20221026 045701.533 INFO             PET0     advectDiff_Nestling0: InitializeIPDvXp04 extro.
20221026 045701.534 INFO             PET0     advectDiff_Parent-TO-advectDiff_Nestling0: InitializeIPDv05p4 intro.
20221026 045701.536 INFO             PET0     advectDiff_Parent-TO-advectDiff_Nestling0: InitializeIPDv05p4 extro.
20221026 045701.506 INFO             PET1 !!!!!!!!!!!!!!!!!!!!!!!!!!!!!!!!!!!!!!!!!!!!!!!!!!!!!!
20221026 045701.507 INFO             PET1 !!! THE ESMF_LOG IS SET TO OUTPUT ALL LOG MESSAGES !!!
20221026 045701.507 INFO             PET1 !!!     THIS MAY CAUSE SLOWDOWN IN PERFORMANCE     !!!
20221026 045701.507 INFO             PET1 !!! FOR PRODUCTION RUNS, USE:                      !!!
20221026 045701.507 INFO             PET1 !!!                   ESMF_LOGKIND_Multi_On_Error  !!!
20221026 045701.507 INFO             PET1 !!!!!!!!!!!!!!!!!!!!!!!!!!!!!!!!!!!!!!!!!!!!!!!!!!!!!!
20221026 045701.507 INFO             PET1 Running with ESMF Version   : v8.4.0
20221026 045701.507 INFO             PET1 ESMF library build date/time: "Oct 26 2022" "03:11:46"
20221026 045701.507 INFO             PET1 ESMF library build location : /work/noaa/da/mpotts/sandbox/pgi_2019_openmpi_O_v8.4.0/esmf
20221026 045701.507 INFO             PET1 ESMF_COMM                   : openmpi
20221026 045701.508 INFO             PET1 ESMF_MOAB                   : enabled
20221026 045701.508 INFO             PET1 ESMF_LAPACK                 : enabled
20221026 045701.508 INFO             PET1 ESMF_NETCDF                 : enabled
20221026 045701.508 INFO             PET1 ESMF_PNETCDF                : disabled
20221026 045701.508 INFO             PET1 ESMF_PIO                    : enabled
20221026 045701.508 INFO             PET1 ESMF_YAMLCPP                : enabled
20221026 045701.508 INFO             PET1 mainApp STARTING
20221026 045701.511 INFO             PET1 advection diffusion driver: InitializeGeneric intro.
20221026 045701.511 INFO             PET1   advection diffusion driver: InitializeP0 intro.
20221026 045701.511 INFO             PET1   advection diffusion driver: InitializeP0 extro.
20221026 045701.511 INFO             PET1   advection diffusion driver: InitializeIPDv02p1 intro.
20221026 045701.511 INFO             PET1     >>>advection diffusion driver: entered Initialize (phase=<none>) without valid internal Clock.
20221026 045701.511 INFO             PET1     advection diffusion driver - Creating model component advectDiff_Parent without petList.
20221026 045701.513 INFO             PET1     advection diffusion driver - Creating model component advectDiff_Nestling0 with petList of size 2 :
20221026 045701.513 INFO             PET1           0      1
20221026 045701.514 INFO             PET1     advection diffusion driver - Creating connector component advectDiff_Parent-TO-advectDiff_Nestling0 without petList.
20221026 045701.516 INFO             PET1     advection diffusion driver - Creating state: modelComp 1 Import State
20221026 045701.516 INFO             PET1     advection diffusion driver - Creating state: modelComp 1 Export State
20221026 045701.517 INFO             PET1     advection diffusion driver - Creating state: modelComp 2 Import State
20221026 045701.517 INFO             PET1     advection diffusion driver - Creating state: modelComp 2 Export State
20221026 045701.517 INFO             PET1     advectDiff_Parent: InitializeP0 intro.
20221026 045701.518 INFO             PET1     advectDiff_Parent: InitializeP0 extro.
20221026 045701.518 INFO             PET1     advectDiff_Nestling0: InitializeP0 intro.
20221026 045701.518 INFO             PET1     advectDiff_Nestling0: InitializeP0 extro.
20221026 045701.519 INFO             PET1     advectDiff_Parent-TO-advectDiff_Nestling0: InitializeP0 intro.
20221026 045701.519 INFO             PET1     advectDiff_Parent-TO-advectDiff_Nestling0: InitializeP0 extro.
20221026 045701.520 INFO             PET1     advection diffusion driver: IInitAdvertise intro.
20221026 045701.520 INFO             PET1     advection diffusion driver: IInitAdvertise extro.
20221026 045701.520 INFO             PET1     advectDiff_Parent: InitializeIPDvXp01 intro.
20221026 045701.520 INFO             PET1     advectDiff_Parent: InitializeIPDvXp01 extro.
20221026 045701.521 INFO             PET1     advectDiff_Nestling0: InitializeIPDvXp01 intro.
20221026 045701.522 INFO             PET1     advectDiff_Nestling0: InitializeIPDvXp01 extro.
20221026 045701.522 INFO             PET1     advectDiff_Parent-TO-advectDiff_Nestling0: InitializeIPDv05p1 intro.
20221026 045701.523 INFO             PET1     advectDiff_Parent-TO-advectDiff_Nestling0: InitializeIPDv05p1 extro.
20221026 045701.524 INFO             PET1     advection diffusion driver: IInitAdvertiseFinish intro.
20221026 045701.524 INFO             PET1     advection diffusion driver: IInitAdvertiseFinish extro.
20221026 045701.524 INFO             PET1     advectDiff_Parent-TO-advectDiff_Nestling0: InitializeIPDv05p2a intro.
20221026 045701.525 INFO             PET1     advectDiff_Parent-TO-advectDiff_Nestling0: InitializeIPDv05p2a extro.
20221026 045701.525 INFO             PET1     advectDiff_Parent-TO-advectDiff_Nestling0: InitializeIPDv05p2b intro.
20221026 045701.526 INFO             PET1     advectDiff_Parent-TO-advectDiff_Nestling0: InitializeIPDv05p2b extro.
20221026 045701.526 INFO             PET1     advection diffusion driver: IInitModifyCplLists intro.
20221026 045701.527 INFO             PET1     advection diffusion driver: IInitModifyCplLists extro.
20221026 045701.527 INFO             PET1     advectDiff_Parent-TO-advectDiff_Nestling0: InitializeIPDv05p3 intro.
20221026 045701.528 INFO             PET1     advectDiff_Parent-TO-advectDiff_Nestling0: InitializeIPDv05p3 extro.
20221026 045701.528 INFO             PET1     <<<advection diffusion driver: leaving Initialize (phase=<none>) with current time:    0  1  1  0  0  0   0
20221026 045701.528 INFO             PET1   advection diffusion driver: InitializeIPDv02p1 extro.
20221026 045701.528 INFO             PET1   advection diffusion driver: InitializeIPDv02p3 intro.
20221026 045701.528 INFO             PET1     >>>advection diffusion driver: entered Initialize (phase=<none>) with current time:    0  1  1  0  0  0   0
20221026 045701.528 INFO             PET1     advection diffusion driver: IInitCheck intro.
20221026 045701.528 INFO             PET1     advection diffusion driver: IInitCheck extro.
20221026 045701.528 INFO             PET1     advectDiff_Parent: InitializeIPDvXp04 intro.
20221026 045701.531 INFO             PET1     advectDiff_Parent: InitializeIPDvXp04 extro.
20221026 045701.531 INFO             PET1     advectDiff_Nestling0: InitializeIPDvXp04 intro.
20221026 045701.533 INFO             PET1     advectDiff_Nestling0: InitializeIPDvXp04 extro.
20221026 045701.534 INFO             PET1     advectDiff_Parent-TO-advectDiff_Nestling0: InitializeIPDv05p4 intro.
20221026 045701.536 INFO             PET1     advectDiff_Parent-TO-advectDiff_Nestling0: InitializeIPDv05p4 extro.
20221026 045701.505 INFO             PET2 !!!!!!!!!!!!!!!!!!!!!!!!!!!!!!!!!!!!!!!!!!!!!!!!!!!!!!
20221026 045701.506 INFO             PET2 !!! THE ESMF_LOG IS SET TO OUTPUT ALL LOG MESSAGES !!!
20221026 045701.506 INFO             PET2 !!!     THIS MAY CAUSE SLOWDOWN IN PERFORMANCE     !!!
20221026 045701.506 INFO             PET2 !!! FOR PRODUCTION RUNS, USE:                      !!!
20221026 045701.506 INFO             PET2 !!!                   ESMF_LOGKIND_Multi_On_Error  !!!
20221026 045701.506 INFO             PET2 !!!!!!!!!!!!!!!!!!!!!!!!!!!!!!!!!!!!!!!!!!!!!!!!!!!!!!
20221026 045701.506 INFO             PET2 Running with ESMF Version   : v8.4.0
20221026 045701.506 INFO             PET2 ESMF library build date/time: "Oct 26 2022" "03:11:46"
20221026 045701.506 INFO             PET2 ESMF library build location : /work/noaa/da/mpotts/sandbox/pgi_2019_openmpi_O_v8.4.0/esmf
20221026 045701.506 INFO             PET2 ESMF_COMM                   : openmpi
20221026 045701.507 INFO             PET2 ESMF_MOAB                   : enabled
20221026 045701.507 INFO             PET2 ESMF_LAPACK                 : enabled
20221026 045701.507 INFO             PET2 ESMF_NETCDF                 : enabled
20221026 045701.507 INFO             PET2 ESMF_PNETCDF                : disabled
20221026 045701.507 INFO             PET2 ESMF_PIO                    : enabled
20221026 045701.507 INFO             PET2 ESMF_YAMLCPP                : enabled
20221026 045701.508 INFO             PET2 mainApp STARTING
20221026 045701.511 INFO             PET2 advection diffusion driver: InitializeGeneric intro.
20221026 045701.511 INFO             PET2   advection diffusion driver: InitializeP0 intro.
20221026 045701.511 INFO             PET2   advection diffusion driver: InitializeP0 extro.
20221026 045701.511 INFO             PET2   advection diffusion driver: InitializeIPDv02p1 intro.
20221026 045701.511 INFO             PET2     >>>advection diffusion driver: entered Initialize (phase=<none>) without valid internal Clock.
20221026 045701.511 INFO             PET2     advection diffusion driver - Creating model component advectDiff_Parent without petList.
20221026 045701.513 INFO             PET2     advection diffusion driver - Creating model component advectDiff_Nestling0 with petList of size 2 :
20221026 045701.513 INFO             PET2           0      1
20221026 045701.513 INFO             PET2     advection diffusion driver - Creating connector component advectDiff_Parent-TO-advectDiff_Nestling0 without petList.
20221026 045701.516 INFO             PET2     advection diffusion driver - Creating state: modelComp 1 Import State
20221026 045701.516 INFO             PET2     advection diffusion driver - Creating state: modelComp 1 Export State
20221026 045701.517 INFO             PET2     advection diffusion driver - Creating state: modelComp 2 Import State
20221026 045701.517 INFO             PET2     advection diffusion driver - Creating state: modelComp 2 Export State
20221026 045701.517 INFO             PET2     advectDiff_Parent: InitializeP0 intro.
20221026 045701.518 INFO             PET2     advectDiff_Parent: InitializeP0 extro.
20221026 045701.519 INFO             PET2     advectDiff_Parent-TO-advectDiff_Nestling0: InitializeP0 intro.
20221026 045701.519 INFO             PET2     advectDiff_Parent-TO-advectDiff_Nestling0: InitializeP0 extro.
20221026 045701.520 INFO             PET2     advection diffusion driver: IInitAdvertise intro.
20221026 045701.520 INFO             PET2     advection diffusion driver: IInitAdvertise extro.
20221026 045701.520 INFO             PET2     advectDiff_Parent: InitializeIPDvXp01 intro.
20221026 045701.520 INFO             PET2     advectDiff_Parent: InitializeIPDvXp01 extro.
20221026 045701.522 INFO             PET2     advectDiff_Parent-TO-advectDiff_Nestling0: InitializeIPDv05p1 intro.
20221026 045701.523 INFO             PET2     advectDiff_Parent-TO-advectDiff_Nestling0: InitializeIPDv05p1 extro.
20221026 045701.524 INFO             PET2     advection diffusion driver: IInitAdvertiseFinish intro.
20221026 045701.524 INFO             PET2     advection diffusion driver: IInitAdvertiseFinish extro.
20221026 045701.524 INFO             PET2     advectDiff_Parent-TO-advectDiff_Nestling0: InitializeIPDv05p2a intro.
20221026 045701.525 INFO             PET2     advectDiff_Parent-TO-advectDiff_Nestling0: InitializeIPDv05p2a extro.
20221026 045701.525 INFO             PET2     advectDiff_Parent-TO-advectDiff_Nestling0: InitializeIPDv05p2b intro.
20221026 045701.526 INFO             PET2     advectDiff_Parent-TO-advectDiff_Nestling0: InitializeIPDv05p2b extro.
20221026 045701.527 INFO             PET2     advection diffusion driver: IInitModifyCplLists intro.
20221026 045701.527 INFO             PET2     advection diffusion driver: IInitModifyCplLists extro.
20221026 045701.527 INFO             PET2     advectDiff_Parent-TO-advectDiff_Nestling0: InitializeIPDv05p3 intro.
20221026 045701.528 INFO             PET2     advectDiff_Parent-TO-advectDiff_Nestling0: InitializeIPDv05p3 extro.
20221026 045701.528 INFO             PET2     <<<advection diffusion driver: leaving Initialize (phase=<none>) with current time:    0  1  1  0  0  0   0
20221026 045701.528 INFO             PET2   advection diffusion driver: InitializeIPDv02p1 extro.
20221026 045701.528 INFO             PET2   advection diffusion driver: InitializeIPDv02p3 intro.
20221026 045701.528 INFO             PET2     >>>advection diffusion driver: entered Initialize (phase=<none>) with current time:    0  1  1  0  0  0   0
20221026 045701.528 INFO             PET2     advection diffusion driver: IInitCheck intro.
20221026 045701.528 INFO             PET2     advection diffusion driver: IInitCheck extro.
20221026 045701.528 INFO             PET2     advectDiff_Parent: InitializeIPDvXp04 intro.
20221026 045701.531 INFO             PET2     advectDiff_Parent: InitializeIPDvXp04 extro.
20221026 045701.534 INFO             PET2     advectDiff_Parent-TO-advectDiff_Nestling0: InitializeIPDv05p4 intro.
20221026 045701.536 INFO             PET2     advectDiff_Parent-TO-advectDiff_Nestling0: InitializeIPDv05p4 extro.
20221026 045701.536 INFO             PET2     advectDiff_Parent-TO-advectDiff_Nestling0: InitializeIPDv05p5 intro.
20221026 045701.537 INFO             PET2     advectDiff_Parent-TO-advectDiff_Nestling0: InitializeIPDv05p5 extro.
20221026 045701.538 INFO             PET2     advection diffusion driver: IInitRealize intro.
20221026 045701.538 INFO             PET2     advection diffusion driver: IInitRealize extro.
20221026 045701.538 INFO             PET2     advectDiff_Parent-TO-advectDiff_Nestling0: InitializeIPDv05p6a intro.
20221026 045701.539 INFO             PET2     advectDiff_Parent-TO-advectDiff_Nestling0: InitializeIPDv05p6a extro.
20221026 045701.505 INFO             PET3 !!!!!!!!!!!!!!!!!!!!!!!!!!!!!!!!!!!!!!!!!!!!!!!!!!!!!!
20221026 045701.507 INFO             PET3 !!! THE ESMF_LOG IS SET TO OUTPUT ALL LOG MESSAGES !!!
20221026 045701.507 INFO             PET3 !!!     THIS MAY CAUSE SLOWDOWN IN PERFORMANCE     !!!
20221026 045701.507 INFO             PET3 !!! FOR PRODUCTION RUNS, USE:                      !!!
20221026 045701.507 INFO             PET3 !!!                   ESMF_LOGKIND_Multi_On_Error  !!!
20221026 045701.507 INFO             PET3 !!!!!!!!!!!!!!!!!!!!!!!!!!!!!!!!!!!!!!!!!!!!!!!!!!!!!!
20221026 045701.507 INFO             PET3 Running with ESMF Version   : v8.4.0
20221026 045701.507 INFO             PET3 ESMF library build date/time: "Oct 26 2022" "03:11:46"
20221026 045701.507 INFO             PET3 ESMF library build location : /work/noaa/da/mpotts/sandbox/pgi_2019_openmpi_O_v8.4.0/esmf
20221026 045701.507 INFO             PET3 ESMF_COMM                   : openmpi
20221026 045701.508 INFO             PET3 ESMF_MOAB                   : enabled
20221026 045701.508 INFO             PET3 ESMF_LAPACK                 : enabled
20221026 045701.508 INFO             PET3 ESMF_NETCDF                 : enabled
20221026 045701.508 INFO             PET3 ESMF_PNETCDF                : disabled
20221026 045701.508 INFO             PET3 ESMF_PIO                    : enabled
20221026 045701.508 INFO             PET3 ESMF_YAMLCPP                : enabled
20221026 045701.508 INFO             PET3 mainApp STARTING
20221026 045701.511 INFO             PET3 advection diffusion driver: InitializeGeneric intro.
20221026 045701.511 INFO             PET3   advection diffusion driver: InitializeP0 intro.
20221026 045701.511 INFO             PET3   advection diffusion driver: InitializeP0 extro.
20221026 045701.511 INFO             PET3   advection diffusion driver: InitializeIPDv02p1 intro.
20221026 045701.511 INFO             PET3     >>>advection diffusion driver: entered Initialize (phase=<none>) without valid internal Clock.
20221026 045701.511 INFO             PET3     advection diffusion driver - Creating model component advectDiff_Parent without petList.
20221026 045701.513 INFO             PET3     advection diffusion driver - Creating model component advectDiff_Nestling0 with petList of size 2 :
20221026 045701.513 INFO             PET3           0      1
20221026 045701.513 INFO             PET3     advection diffusion driver - Creating connector component advectDiff_Parent-TO-advectDiff_Nestling0 without petList.
20221026 045701.516 INFO             PET3     advection diffusion driver - Creating state: modelComp 1 Import State
20221026 045701.516 INFO             PET3     advection diffusion driver - Creating state: modelComp 1 Export State
20221026 045701.517 INFO             PET3     advection diffusion driver - Creating state: modelComp 2 Import State
20221026 045701.517 INFO             PET3     advection diffusion driver - Creating state: modelComp 2 Export State
20221026 045701.517 INFO             PET3     advectDiff_Parent: InitializeP0 intro.
20221026 045701.518 INFO             PET3     advectDiff_Parent: InitializeP0 extro.
20221026 045701.519 INFO             PET3     advectDiff_Parent-TO-advectDiff_Nestling0: InitializeP0 intro.
20221026 045701.519 INFO             PET3     advectDiff_Parent-TO-advectDiff_Nestling0: InitializeP0 extro.
20221026 045701.520 INFO             PET3     advection diffusion driver: IInitAdvertise intro.
20221026 045701.520 INFO             PET3     advection diffusion driver: IInitAdvertise extro.
20221026 045701.520 INFO             PET3     advectDiff_Parent: InitializeIPDvXp01 intro.
20221026 045701.520 INFO             PET3     advectDiff_Parent: InitializeIPDvXp01 extro.
20221026 045701.522 INFO             PET3     advectDiff_Parent-TO-advectDiff_Nestling0: InitializeIPDv05p1 intro.
20221026 045701.523 INFO             PET3     advectDiff_Parent-TO-advectDiff_Nestling0: InitializeIPDv05p1 extro.
20221026 045701.524 INFO             PET3     advection diffusion driver: IInitAdvertiseFinish intro.
20221026 045701.524 INFO             PET3     advection diffusion driver: IInitAdvertiseFinish extro.
20221026 045701.524 INFO             PET3     advectDiff_Parent-TO-advectDiff_Nestling0: InitializeIPDv05p2a intro.
20221026 045701.525 INFO             PET3     advectDiff_Parent-TO-advectDiff_Nestling0: InitializeIPDv05p2a extro.
20221026 045701.525 INFO             PET3     advectDiff_Parent-TO-advectDiff_Nestling0: InitializeIPDv05p2b intro.
20221026 045701.526 INFO             PET3     advectDiff_Parent-TO-advectDiff_Nestling0: InitializeIPDv05p2b extro.
20221026 045701.527 INFO             PET3     advection diffusion driver: IInitModifyCplLists intro.
20221026 045701.527 INFO             PET3     advection diffusion driver: IInitModifyCplLists extro.
20221026 045701.527 INFO             PET3     advectDiff_Parent-TO-advectDiff_Nestling0: InitializeIPDv05p3 intro.
20221026 045701.528 INFO             PET3     advectDiff_Parent-TO-advectDiff_Nestling0: InitializeIPDv05p3 extro.
20221026 045701.528 INFO             PET3     <<<advection diffusion driver: leaving Initialize (phase=<none>) with current time:    0  1  1  0  0  0   0
20221026 045701.528 INFO             PET3   advection diffusion driver: InitializeIPDv02p1 extro.
20221026 045701.528 INFO             PET3   advection diffusion driver: InitializeIPDv02p3 intro.
20221026 045701.528 INFO             PET3     >>>advection diffusion driver: entered Initialize (phase=<none>) with current time:    0  1  1  0  0  0   0
20221026 045701.528 INFO             PET3     advection diffusion driver: IInitCheck intro.
20221026 045701.528 INFO             PET3     advection diffusion driver: IInitCheck extro.
20221026 045701.528 INFO             PET3     advectDiff_Parent: InitializeIPDvXp04 intro.
20221026 045701.531 INFO             PET3     advectDiff_Parent: InitializeIPDvXp04 extro.
20221026 045701.534 INFO             PET3     advectDiff_Parent-TO-advectDiff_Nestling0: InitializeIPDv05p4 intro.
20221026 045701.536 INFO             PET3     advectDiff_Parent-TO-advectDiff_Nestling0: InitializeIPDv05p4 extro.
20221026 045701.536 INFO             PET3     advectDiff_Parent-TO-advectDiff_Nestling0: InitializeIPDv05p5 intro.
20221026 045701.537 INFO             PET3     advectDiff_Parent-TO-advectDiff_Nestling0: InitializeIPDv05p5 extro.
20221026 045701.538 INFO             PET3     advection diffusion driver: IInitRealize intro.
20221026 045701.538 INFO             PET3     advection diffusion driver: IInitRealize extro.
20221026 045701.538 INFO             PET3     advectDiff_Parent-TO-advectDiff_Nestling0: InitializeIPDv05p6a intro.
20221026 045701.539 INFO             PET3     advectDiff_Parent-TO-advectDiff_Nestling0: InitializeIPDv05p6a extro.
