2022-09-25 00:32:27
20220925 014445.911 INFO             PET0 !!!!!!!!!!!!!!!!!!!!!!!!!!!!!!!!!!!!!!!!!!!!!!!!!!!!!!
20220925 014445.912 INFO             PET0 !!! THE ESMF_LOG IS SET TO OUTPUT ALL LOG MESSAGES !!!
20220925 014445.912 INFO             PET0 !!!     THIS MAY CAUSE SLOWDOWN IN PERFORMANCE     !!!
20220925 014445.912 INFO             PET0 !!! FOR PRODUCTION RUNS, USE:                      !!!
20220925 014445.912 INFO             PET0 !!!                   ESMF_LOGKIND_Multi_On_Error  !!!
20220925 014445.912 INFO             PET0 !!!!!!!!!!!!!!!!!!!!!!!!!!!!!!!!!!!!!!!!!!!!!!!!!!!!!!
20220925 014445.912 INFO             PET0 Running with ESMF Version   : v8.4.0b14-14-g1fd7513367
20220925 014445.912 INFO             PET0 ESMF library build date/time: "Sep 25 2022" "00:31:02"
20220925 014445.913 INFO             PET0 ESMF library build location : /lustre/f2/dev/Mark.Potts/esmf-test/gfortran_8.3.0_mpi_O_develop/esmf
20220925 014445.913 INFO             PET0 ESMF_COMM                   : mpi
20220925 014445.913 INFO             PET0 ESMF_MOAB                   : enabled
20220925 014445.913 INFO             PET0 ESMF_LAPACK                 : enabled
20220925 014445.913 INFO             PET0 ESMF_NETCDF                 : enabled
20220925 014445.913 INFO             PET0 ESMF_PNETCDF                : disabled
20220925 014445.913 INFO             PET0 ESMF_PIO                    : enabled
20220925 014445.913 INFO             PET0 ESMF_YAMLCPP                : enabled
20220925 014446.014 INFO             PET0 ESMF_FieldRedistStoreNF(): Just entered routine.
20220925 014446.062 INFO             PET0 ESMF_FieldRedistStoreNF(): Leaving routine.
20220925 014446.074 INFO             PET0  NUMBER_OF_PROCESSORS           4
20220925 014446.074 INFO             PET0  PASS  Example ESMF_RHandleFromFileEx, ESMF_RHandleFromFileEx.F90, line 192
20220925 014446.074 INFO             PET0 Finalizing ESMF
20220925 014445.911 INFO             PET1 !!!!!!!!!!!!!!!!!!!!!!!!!!!!!!!!!!!!!!!!!!!!!!!!!!!!!!
20220925 014445.912 INFO             PET1 !!! THE ESMF_LOG IS SET TO OUTPUT ALL LOG MESSAGES !!!
20220925 014445.912 INFO             PET1 !!!     THIS MAY CAUSE SLOWDOWN IN PERFORMANCE     !!!
20220925 014445.912 INFO             PET1 !!! FOR PRODUCTION RUNS, USE:                      !!!
20220925 014445.912 INFO             PET1 !!!                   ESMF_LOGKIND_Multi_On_Error  !!!
20220925 014445.912 INFO             PET1 !!!!!!!!!!!!!!!!!!!!!!!!!!!!!!!!!!!!!!!!!!!!!!!!!!!!!!
20220925 014445.912 INFO             PET1 Running with ESMF Version   : v8.4.0b14-14-g1fd7513367
20220925 014445.912 INFO             PET1 ESMF library build date/time: "Sep 25 2022" "00:31:02"
20220925 014445.913 INFO             PET1 ESMF library build location : /lustre/f2/dev/Mark.Potts/esmf-test/gfortran_8.3.0_mpi_O_develop/esmf
20220925 014445.913 INFO             PET1 ESMF_COMM                   : mpi
20220925 014445.913 INFO             PET1 ESMF_MOAB                   : enabled
20220925 014445.913 INFO             PET1 ESMF_LAPACK                 : enabled
20220925 014445.913 INFO             PET1 ESMF_NETCDF                 : enabled
20220925 014445.913 INFO             PET1 ESMF_PNETCDF                : disabled
20220925 014445.913 INFO             PET1 ESMF_PIO                    : enabled
20220925 014445.913 INFO             PET1 ESMF_YAMLCPP                : enabled
20220925 014446.014 INFO             PET1 ESMF_FieldRedistStoreNF(): Just entered routine.
20220925 014446.062 INFO             PET1 ESMF_FieldRedistStoreNF(): Leaving routine.
20220925 014446.074 INFO             PET1  NUMBER_OF_PROCESSORS           4
20220925 014446.074 INFO             PET1  PASS  Example ESMF_RHandleFromFileEx, ESMF_RHandleFromFileEx.F90, line 192
20220925 014446.074 INFO             PET1 Finalizing ESMF
20220925 014445.911 INFO             PET2 !!!!!!!!!!!!!!!!!!!!!!!!!!!!!!!!!!!!!!!!!!!!!!!!!!!!!!
20220925 014445.912 INFO             PET2 !!! THE ESMF_LOG IS SET TO OUTPUT ALL LOG MESSAGES !!!
20220925 014445.912 INFO             PET2 !!!     THIS MAY CAUSE SLOWDOWN IN PERFORMANCE     !!!
20220925 014445.912 INFO             PET2 !!! FOR PRODUCTION RUNS, USE:                      !!!
20220925 014445.912 INFO             PET2 !!!                   ESMF_LOGKIND_Multi_On_Error  !!!
20220925 014445.912 INFO             PET2 !!!!!!!!!!!!!!!!!!!!!!!!!!!!!!!!!!!!!!!!!!!!!!!!!!!!!!
20220925 014445.912 INFO             PET2 Running with ESMF Version   : v8.4.0b14-14-g1fd7513367
20220925 014445.912 INFO             PET2 ESMF library build date/time: "Sep 25 2022" "00:31:02"
20220925 014445.913 INFO             PET2 ESMF library build location : /lustre/f2/dev/Mark.Potts/esmf-test/gfortran_8.3.0_mpi_O_develop/esmf
20220925 014445.913 INFO             PET2 ESMF_COMM                   : mpi
20220925 014445.913 INFO             PET2 ESMF_MOAB                   : enabled
20220925 014445.913 INFO             PET2 ESMF_LAPACK                 : enabled
20220925 014445.913 INFO             PET2 ESMF_NETCDF                 : enabled
20220925 014445.913 INFO             PET2 ESMF_PNETCDF                : disabled
20220925 014445.913 INFO             PET2 ESMF_PIO                    : enabled
20220925 014445.913 INFO             PET2 ESMF_YAMLCPP                : enabled
20220925 014446.014 INFO             PET2 ESMF_FieldRedistStoreNF(): Just entered routine.
20220925 014446.062 INFO             PET2 ESMF_FieldRedistStoreNF(): Leaving routine.
20220925 014446.074 INFO             PET2  NUMBER_OF_PROCESSORS           4
20220925 014446.074 INFO             PET2  PASS  Example ESMF_RHandleFromFileEx, ESMF_RHandleFromFileEx.F90, line 192
20220925 014446.074 INFO             PET2 Finalizing ESMF
20220925 014445.970 INFO             PET3 !!!!!!!!!!!!!!!!!!!!!!!!!!!!!!!!!!!!!!!!!!!!!!!!!!!!!!
20220925 014445.970 INFO             PET3 !!! THE ESMF_LOG IS SET TO OUTPUT ALL LOG MESSAGES !!!
20220925 014445.970 INFO             PET3 !!!     THIS MAY CAUSE SLOWDOWN IN PERFORMANCE     !!!
20220925 014445.970 INFO             PET3 !!! FOR PRODUCTION RUNS, USE:                      !!!
20220925 014445.970 INFO             PET3 !!!                   ESMF_LOGKIND_Multi_On_Error  !!!
20220925 014445.970 INFO             PET3 !!!!!!!!!!!!!!!!!!!!!!!!!!!!!!!!!!!!!!!!!!!!!!!!!!!!!!
20220925 014445.970 INFO             PET3 Running with ESMF Version   : v8.4.0b14-14-g1fd7513367
20220925 014445.970 INFO             PET3 ESMF library build date/time: "Sep 25 2022" "00:31:02"
20220925 014445.970 INFO             PET3 ESMF library build location : /lustre/f2/dev/Mark.Potts/esmf-test/gfortran_8.3.0_mpi_O_develop/esmf
20220925 014445.970 INFO             PET3 ESMF_COMM                   : mpi
20220925 014445.971 INFO             PET3 ESMF_MOAB                   : enabled
20220925 014445.971 INFO             PET3 ESMF_LAPACK                 : enabled
20220925 014445.971 INFO             PET3 ESMF_NETCDF                 : enabled
20220925 014445.971 INFO             PET3 ESMF_PNETCDF                : disabled
20220925 014445.971 INFO             PET3 ESMF_PIO                    : enabled
20220925 014445.971 INFO             PET3 ESMF_YAMLCPP                : enabled
20220925 014446.014 INFO             PET3 ESMF_FieldRedistStoreNF(): Just entered routine.
20220925 014446.062 INFO             PET3 ESMF_FieldRedistStoreNF(): Leaving routine.
20220925 014446.074 INFO             PET3  NUMBER_OF_PROCESSORS           4
20220925 014446.074 INFO             PET3  PASS  Example ESMF_RHandleFromFileEx, ESMF_RHandleFromFileEx.F90, line 192
20220925 014446.074 INFO             PET3 Finalizing ESMF
