2022-10-03 02:35:13
[1664784243.510720] [Orion-07-54:122421:0]       ib_verbs.h:84   UCX  ERROR ibv_exp_query_device(mlx5_0) returned 38: No space left on device
[1664784243.521652] [Orion-07-54:122423:0]       ib_verbs.h:84   UCX  ERROR ibv_exp_query_device(mlx5_0) returned 38: No space left on device
[1664784243.522783] [Orion-07-54:122420:0]       ib_verbs.h:84   UCX  ERROR ibv_exp_query_device(mlx5_0) returned 38: No space left on device
[1664784243.522819] [Orion-07-54:122422:0]       ib_verbs.h:84   UCX  ERROR ibv_exp_query_device(mlx5_0) returned 38: No space left on device
 I am PET           0  and I am offering service for DE            0
 I am PET           1  and I am offering service for DE            1
 I am PET           1 , service offer for DE            1  was accepted.
 I am PET           1  and I am offering service for DE            5
 I am PET           1 , service offer for DE            5  was accepted.
  PASS  Example ESMF_DELayoutEx, ESMF_DELayoutEx.F90, line 394
 I am PET           2  and I am offering service for DE            2
 I am PET           2 , service offer for DE            2  was accepted.
  PASS  Example ESMF_DELayoutEx, ESMF_DELayoutEx.F90, line 394
 I am PET           3  and I am offering service for DE            3
 I am PET           3 , service offer for DE            3  was accepted.
  PASS  Example ESMF_DELayoutEx, ESMF_DELayoutEx.F90, line 394
 I am PET           0 , service offer for DE            0  was accepted.
 I am PET           0  and I am offering service for DE            4
 I am PET           0 , service offer for DE            4  was accepted.
  PASS  Example ESMF_DELayoutEx, ESMF_DELayoutEx.F90, line 394
 PASS: ESMF_DELayoutEx.F90
 PASS: ESMF_DELayoutEx.F90
 PASS: ESMF_DELayoutEx.F90
 PASS: ESMF_DELayoutEx.F90
