2022-09-30 03:57:01
[1664535313.443683] [Orion-14-72:269940:0]       ib_verbs.h:84   UCX  ERROR ibv_exp_query_device(mlx5_0) returned 38: No space left on device
[1664535313.443648] [Orion-14-72:269942:0]       ib_verbs.h:84   UCX  ERROR ibv_exp_query_device(mlx5_0) returned 38: No space left on device
[1664535313.447598] [Orion-14-72:269943:0]       ib_verbs.h:84   UCX  ERROR ibv_exp_query_device(mlx5_0) returned 38: No space left on device
[1664535313.447650] [Orion-14-72:269941:0]       ib_verbs.h:84   UCX  ERROR ibv_exp_query_device(mlx5_0) returned 38: No space left on device
 sumA =   0.700000048    
 sumB =   0.699999988    
 sumC =   0.900000036    
 sumD =   0.900000036    
 sumE =   0.899999976    
 result SRCSEQ#1 =   0.700000048      expect:   0.700000048    
 result SRCSEQ#2 =   0.700000048      expect:   0.700000048    
 result SRCPET#1 =   0.700000048      expect:   0.700000048    
 result SRCPET#2 =   0.699999988      expect:   0.699999988    
 result SRCPET#3 =   0.700000048      expect:   0.700000048    
 result SRCPET#4 =   0.699999988      expect:   0.699999988    
 result SRCPET#5 =   0.700000048      expect:   0.700000048    
 result SRCPET#6 =   0.700000048      expect:   0.700000048    
 result SRCPET#7 =   0.699999988      expect:   0.699999988    
 result SRCPET#8 =   0.900000036      expect:   0.900000036    
 result SRCPET#9 =   0.900000036      expect:   0.900000036    
 result SRCPET#10 =   0.899999976      expect:   0.899999976    
 SMM parameters determined via auto-tuning -> dump to file
 result SRCPET#11 =   0.900000036    
 SMM parameters successfully read from file
  srcTermProcessing=           2  pipelineDepth=           1  ==>> sumCompare=  0.900000036    
 result SRCPET#11 =   0.900000036      expect:   0.900000036    
 SMM parameters successfully read from file
  srcTermProcessing=           2  pipelineDepth=           1  ==>> sumCompare=  0.900000036    
 result SRCPET#11 =   0.900000036      expect:   0.900000036    
 SMM parameters successfully read from file
  srcTermProcessing=           2  pipelineDepth=           1  ==>> sumCompare=  0.900000036    
 result SRCPET#11 =   0.900000036      expect:   0.900000036    
 SMM parameters successfully read from file
  srcTermProcessing=           2  pipelineDepth=           1  ==>> sumCompare=  0.900000036    
 result SRCPET#11 =   0.900000036      expect:   0.900000036    
 result SRCSEQ#3 =   0.900000036      expect:   0.900000036    
  PASS  Example ESMF_RHandleBitForBitEx, ESMF_RHandleBitForBitEx.F90, line 1557
  PASS  Example ESMF_RHandleBitForBitEx, ESMF_RHandleBitForBitEx.F90, line 1557
  PASS  Example ESMF_RHandleBitForBitEx, ESMF_RHandleBitForBitEx.F90, line 1557
  PASS  Example ESMF_RHandleBitForBitEx, ESMF_RHandleBitForBitEx.F90, line 1557
 PASS: ESMF_RHandleBitForBitEx.F90
 PASS: ESMF_RHandleBitForBitEx.F90
 PASS: ESMF_RHandleBitForBitEx.F90
 PASS: ESMF_RHandleBitForBitEx.F90
