2022-10-03 04:50:10
20221003 055730.866 INFO             PET0 !!!!!!!!!!!!!!!!!!!!!!!!!!!!!!!!!!!!!!!!!!!!!!!!!!!!!!
20221003 055730.866 INFO             PET0 !!! THE ESMF_LOG IS SET TO OUTPUT ALL LOG MESSAGES !!!
20221003 055730.866 INFO             PET0 !!!     THIS MAY CAUSE SLOWDOWN IN PERFORMANCE     !!!
20221003 055730.866 INFO             PET0 !!! FOR PRODUCTION RUNS, USE:                      !!!
20221003 055730.866 INFO             PET0 !!!                   ESMF_LOGKIND_Multi_On_Error  !!!
20221003 055730.866 INFO             PET0 !!!!!!!!!!!!!!!!!!!!!!!!!!!!!!!!!!!!!!!!!!!!!!!!!!!!!!
20221003 055730.866 INFO             PET0 Running with ESMF Version   : v8.4.0b15-11-gadaf469be0
20221003 055730.866 INFO             PET0 ESMF library build date/time: "Oct  3 2022" "04:43:51"
20221003 055730.866 INFO             PET0 ESMF library build location : /glade/scratch/dunlap/esmf-testing/intel_18.0.5_mpt_O_update_pio2.5.9/esmf
20221003 055730.866 INFO             PET0 ESMF_COMM                   : mpt
20221003 055730.866 INFO             PET0 ESMF_MOAB                   : enabled
20221003 055730.866 INFO             PET0 ESMF_LAPACK                 : enabled
20221003 055730.866 INFO             PET0 ESMF_NETCDF                 : enabled
20221003 055730.866 INFO             PET0 ESMF_PNETCDF                : disabled
20221003 055730.866 INFO             PET0 ESMF_PIO                    : enabled
20221003 055730.866 INFO             PET0 ESMF_YAMLCPP                : enabled
20221003 055730.868 INFO             PET0  NUMBER_OF_PROCESSORS           4
20221003 055730.868 INFO             PET0  PASS  Example ESMF_ArrayBundleEx, ESMF_ArrayBundleEx.F90, line 267
20221003 055730.868 INFO             PET0 Finalizing ESMF
20221003 055730.866 INFO             PET1 !!!!!!!!!!!!!!!!!!!!!!!!!!!!!!!!!!!!!!!!!!!!!!!!!!!!!!
20221003 055730.866 INFO             PET1 !!! THE ESMF_LOG IS SET TO OUTPUT ALL LOG MESSAGES !!!
20221003 055730.866 INFO             PET1 !!!     THIS MAY CAUSE SLOWDOWN IN PERFORMANCE     !!!
20221003 055730.866 INFO             PET1 !!! FOR PRODUCTION RUNS, USE:                      !!!
20221003 055730.866 INFO             PET1 !!!                   ESMF_LOGKIND_Multi_On_Error  !!!
20221003 055730.866 INFO             PET1 !!!!!!!!!!!!!!!!!!!!!!!!!!!!!!!!!!!!!!!!!!!!!!!!!!!!!!
20221003 055730.866 INFO             PET1 Running with ESMF Version   : v8.4.0b15-11-gadaf469be0
20221003 055730.866 INFO             PET1 ESMF library build date/time: "Oct  3 2022" "04:43:51"
20221003 055730.866 INFO             PET1 ESMF library build location : /glade/scratch/dunlap/esmf-testing/intel_18.0.5_mpt_O_update_pio2.5.9/esmf
20221003 055730.866 INFO             PET1 ESMF_COMM                   : mpt
20221003 055730.867 INFO             PET1 ESMF_MOAB                   : enabled
20221003 055730.867 INFO             PET1 ESMF_LAPACK                 : enabled
20221003 055730.867 INFO             PET1 ESMF_NETCDF                 : enabled
20221003 055730.867 INFO             PET1 ESMF_PNETCDF                : disabled
20221003 055730.867 INFO             PET1 ESMF_PIO                    : enabled
20221003 055730.867 INFO             PET1 ESMF_YAMLCPP                : enabled
20221003 055730.868 INFO             PET1  NUMBER_OF_PROCESSORS           4
20221003 055730.868 INFO             PET1  PASS  Example ESMF_ArrayBundleEx, ESMF_ArrayBundleEx.F90, line 267
20221003 055730.868 INFO             PET1 Finalizing ESMF
20221003 055730.866 INFO             PET2 !!!!!!!!!!!!!!!!!!!!!!!!!!!!!!!!!!!!!!!!!!!!!!!!!!!!!!
20221003 055730.866 INFO             PET2 !!! THE ESMF_LOG IS SET TO OUTPUT ALL LOG MESSAGES !!!
20221003 055730.866 INFO             PET2 !!!     THIS MAY CAUSE SLOWDOWN IN PERFORMANCE     !!!
20221003 055730.866 INFO             PET2 !!! FOR PRODUCTION RUNS, USE:                      !!!
20221003 055730.866 INFO             PET2 !!!                   ESMF_LOGKIND_Multi_On_Error  !!!
20221003 055730.866 INFO             PET2 !!!!!!!!!!!!!!!!!!!!!!!!!!!!!!!!!!!!!!!!!!!!!!!!!!!!!!
20221003 055730.866 INFO             PET2 Running with ESMF Version   : v8.4.0b15-11-gadaf469be0
20221003 055730.866 INFO             PET2 ESMF library build date/time: "Oct  3 2022" "04:43:51"
20221003 055730.866 INFO             PET2 ESMF library build location : /glade/scratch/dunlap/esmf-testing/intel_18.0.5_mpt_O_update_pio2.5.9/esmf
20221003 055730.866 INFO             PET2 ESMF_COMM                   : mpt
20221003 055730.867 INFO             PET2 ESMF_MOAB                   : enabled
20221003 055730.867 INFO             PET2 ESMF_LAPACK                 : enabled
20221003 055730.867 INFO             PET2 ESMF_NETCDF                 : enabled
20221003 055730.867 INFO             PET2 ESMF_PNETCDF                : disabled
20221003 055730.867 INFO             PET2 ESMF_PIO                    : enabled
20221003 055730.867 INFO             PET2 ESMF_YAMLCPP                : enabled
20221003 055730.868 INFO             PET2  NUMBER_OF_PROCESSORS           4
20221003 055730.868 INFO             PET2  PASS  Example ESMF_ArrayBundleEx, ESMF_ArrayBundleEx.F90, line 267
20221003 055730.868 INFO             PET2 Finalizing ESMF
20221003 055730.866 INFO             PET3 !!!!!!!!!!!!!!!!!!!!!!!!!!!!!!!!!!!!!!!!!!!!!!!!!!!!!!
20221003 055730.866 INFO             PET3 !!! THE ESMF_LOG IS SET TO OUTPUT ALL LOG MESSAGES !!!
20221003 055730.866 INFO             PET3 !!!     THIS MAY CAUSE SLOWDOWN IN PERFORMANCE     !!!
20221003 055730.866 INFO             PET3 !!! FOR PRODUCTION RUNS, USE:                      !!!
20221003 055730.866 INFO             PET3 !!!                   ESMF_LOGKIND_Multi_On_Error  !!!
20221003 055730.866 INFO             PET3 !!!!!!!!!!!!!!!!!!!!!!!!!!!!!!!!!!!!!!!!!!!!!!!!!!!!!!
20221003 055730.866 INFO             PET3 Running with ESMF Version   : v8.4.0b15-11-gadaf469be0
20221003 055730.866 INFO             PET3 ESMF library build date/time: "Oct  3 2022" "04:43:51"
20221003 055730.866 INFO             PET3 ESMF library build location : /glade/scratch/dunlap/esmf-testing/intel_18.0.5_mpt_O_update_pio2.5.9/esmf
20221003 055730.866 INFO             PET3 ESMF_COMM                   : mpt
20221003 055730.867 INFO             PET3 ESMF_MOAB                   : enabled
20221003 055730.867 INFO             PET3 ESMF_LAPACK                 : enabled
20221003 055730.867 INFO             PET3 ESMF_NETCDF                 : enabled
20221003 055730.867 INFO             PET3 ESMF_PNETCDF                : disabled
20221003 055730.867 INFO             PET3 ESMF_PIO                    : enabled
20221003 055730.867 INFO             PET3 ESMF_YAMLCPP                : enabled
20221003 055730.868 INFO             PET3  NUMBER_OF_PROCESSORS           4
20221003 055730.868 INFO             PET3  PASS  Example ESMF_ArrayBundleEx, ESMF_ArrayBundleEx.F90, line 267
20221003 055730.868 INFO             PET3 Finalizing ESMF
