2022-10-08 03:45:14
[Orion-24-70:294612:0:294612] Caught signal 11 (Segmentation fault: address not mapped to object at address 0x4f1b591)
[Orion-24-70:294613:0:294613] Caught signal 11 (Segmentation fault: address not mapped to object at address 0x4f1b591)
[Orion-24-70:294614:0:294614] Caught signal 11 (Segmentation fault: address not mapped to object at address 0x4f1b591)
[Orion-24-70:294615:0:294615] Caught signal 11 (Segmentation fault: address not mapped to object at address 0x4f1b591)

/work/noaa/da/mpotts/sandbox/pgi_2019_openmpi_O_develop/esmf/src/Infrastructure/LogErr/src/ESMCI_LogErr.C: [ ESMCI::LogErr::MsgFoundError() ]
      ...

/work/noaa/da/mpotts/sandbox/pgi_2019_openmpi_O_develop/esmf/src/Infrastructure/LogErr/src/ESMCI_LogErr.C: [ ESMCI::LogErr::MsgFoundError() ]
      ...
      583 {
      584     bool result=false;
      585 #ifdef ESMC_SUCCESSDEFAULT_ON
==>   586     if (rcToReturn != ESMC_NULL_POINTER) *rcToReturn=ESMF_SUCCESS;
      587 #endif
      588     if (trace) {
      583 {
      584     bool result=false;
      585 #ifdef ESMC_SUCCESSDEFAULT_ON
==>   586     if (rcToReturn != ESMC_NULL_POINTER) *rcToReturn=ESMF_SUCCESS;
      587 #endif
      588     if (trace) {
      589         Write(ESMC_METHOD,ESMC_LOGMSG_TRACE,
      589         Write(ESMC_METHOD,ESMC_LOGMSG_TRACE,



/work/noaa/da/mpotts/sandbox/pgi_2019_openmpi_O_develop/esmf/src/Infrastructure/LogErr/src/ESMCI_LogErr.C: [ ESMCI::LogErr::MsgFoundError() ]
      ...
      583 {
      584     bool result=false;
      585 #ifdef ESMC_SUCCESSDEFAULT_ON
==>   586     if (rcToReturn != ESMC_NULL_POINTER) *rcToReturn=ESMF_SUCCESS;
      587 #endif
      588     if (trace) {
      589         Write(ESMC_METHOD,ESMC_LOGMSG_TRACE,


/work/noaa/da/mpotts/sandbox/pgi_2019_openmpi_O_develop/esmf/src/Infrastructure/LogErr/src/ESMCI_LogErr.C: [ ESMCI::LogErr::MsgFoundError() ]
      ...
      583 {
      584     bool result=false;
      585 #ifdef ESMC_SUCCESSDEFAULT_ON
==>   586     if (rcToReturn != ESMC_NULL_POINTER) *rcToReturn=ESMF_SUCCESS;
      587 #endif
      588     if (trace) {
      589         Write(ESMC_METHOD,ESMC_LOGMSG_TRACE,

==== backtrace (tid: 294613) ====
 0 0x000000000072a903 ESMCI::LogErr::MsgFoundError()  /work/noaa/da/mpotts/sandbox/pgi_2019_openmpi_O_develop/esmf/src/Infrastructure/LogErr/src/ESMCI_LogErr.C:586
 1 0x0000000000882b01 c_esmc_meshcreatenodedistgrid_()  /work/noaa/da/mpotts/sandbox/pgi_2019_openmpi_O_develop/esmf/src/Infrastructure/Mesh/interface/ESMCI_Mesh_F.C:248
 2 0x0000000000f8e3c0 esmf_meshmod_esmf_meshcreate1part_()  /work/noaa/da/mpotts/sandbox/pgi_2019_openmpi_O_develop/esmf/src/Infrastructure/Mesh/interface/ESMF_Mesh.F90:1407
 3 0x0000000000409cf2 MAIN_()  /work/noaa/da/mpotts/sandbox/pgi_2019_openmpi_O_develop/esmf/src/Infrastructure/Field/examples/ESMF_FieldMeshRegridEx.F90:616
 4 0x0000000000404ec3 main()  ???:0
 5 0x0000000000022495 __libc_start_main()  ???:0
 6 0x0000000000404dc9 _start()  ???:0
=================================
[Orion-24-70:294613] *** Process received signal ***
[Orion-24-70:294613] Signal: Segmentation fault (11)
[Orion-24-70:294613] Signal code:  (-6)
[Orion-24-70:294613] Failing at address: 0x20e500047ed5
==== backtrace (tid: 294615) ====
 0 0x000000000072a903 ESMCI::LogErr::MsgFoundError()  /work/noaa/da/mpotts/sandbox/pgi_2019_openmpi_O_develop/esmf/src/Infrastructure/LogErr/src/ESMCI_LogErr.C:586
 1 0x0000000000882b01 c_esmc_meshcreatenodedistgrid_()  /work/noaa/da/mpotts/sandbox/pgi_2019_openmpi_O_develop/esmf/src/Infrastructure/Mesh/interface/ESMCI_Mesh_F.C:248
 2 0x0000000000f8e3c0 esmf_meshmod_esmf_meshcreate1part_()  /work/noaa/da/mpotts/sandbox/pgi_2019_openmpi_O_develop/esmf/src/Infrastructure/Mesh/interface/ESMF_Mesh.F90:1407
 3 0x0000000000409cf2 MAIN_()  /work/noaa/da/mpotts/sandbox/pgi_2019_openmpi_O_develop/esmf/src/Infrastructure/Field/examples/ESMF_FieldMeshRegridEx.F90:616
 4 0x0000000000404ec3 main()  ???:0
 5 0x0000000000022495 __libc_start_main()  ???:0
 6 0x0000000000404dc9 _start()  ???:0
=================================
[Orion-24-70:294613] [ 0] /lib64/libpthread.so.0(+0xf5d0)[0x7f76e5ab95d0]
[Orion-24-70:294615] *** Process received signal ***
[Orion-24-70:294615] Signal: Segmentation fault (11)
[Orion-24-70:294615] Signal code:  (-6)
[Orion-24-70:294615] Failing at address: 0x20e500047ed7
[Orion-24-70:294615] [ 0] /lib64/libpthread.so.0(+0xf5d0)[0x7fcdf52ea5d0]
[Orion-24-70:294613] [ 1] /work/noaa/da/mpotts/sandbox/pgi_2019_openmpi_O_develop/esmf/lib/libO/Linux.pgi.64.openmpi.default/libesmf.so(_ZN5ESMCI6LogErr13MsgFoundErrorEiPKciS2_S2_Pi+0x33)[0x7f76e425e903]
[Orion-24-70:294615] [ 1] /work/noaa/da/mpotts/sandbox/pgi_2019_openmpi_O_develop/esmf/lib/libO/Linux.pgi.64.openmpi.default/libesmf.so(_ZN5ESMCI6LogErr13MsgFoundErrorEiPKciS2_S2_Pi+0x33)[0x7fcdf3a8f903]
[Orion-24-70:294613] [ 2] /work/noaa/da/mpotts/sandbox/pgi_2019_openmpi_O_develop/esmf/lib/libO/Linux.pgi.64.openmpi.default/libesmf.so(c_esmc_meshcreatenodedistgrid_+0xa1)[0x7f76e43b6b01]
[Orion-24-70:294615] [ 2] /work/noaa/da/mpotts/sandbox/pgi_2019_openmpi_O_develop/esmf/lib/libO/Linux.pgi.64.openmpi.default/libesmf.so(c_esmc_meshcreatenodedistgrid_+0xa1)[0x7fcdf3be7b01]
[Orion-24-70:294613] [ 3] /work/noaa/da/mpotts/sandbox/pgi_2019_openmpi_O_develop/esmf/lib/libO/Linux.pgi.64.openmpi.default/libesmf.so(esmf_meshmod_esmf_meshcreate1part_+0xce0)[0x7f76e4ac23c0]
[Orion-24-70:294613] [ 4] /work/noaa/da/mpotts/sandbox/pgi_2019_openmpi_O_develop/esmf/examples/examplesO/Linux.pgi.64.openmpi.default/./ESMF_FieldMeshRegridEx[0x409cf2]
[Orion-24-70:294613] [ 5] /work/noaa/da/mpotts/sandbox/pgi_2019_openmpi_O_develop/esmf/examples/examplesO/Linux.pgi.64.openmpi.default/./ESMF_FieldMeshRegridEx[0x404ec3]
[Orion-24-70:294613] [ 6] /lib64/libc.so.6(__libc_start_main+0xf5)[0x7f76dff81495]
[Orion-24-70:294613] [ 7] /work/noaa/da/mpotts/sandbox/pgi_2019_openmpi_O_develop/esmf/examples/examplesO/Linux.pgi.64.openmpi.default/./ESMF_FieldMeshRegridEx[0x404dc9]
[Orion-24-70:294615] [ 3] /work/noaa/da/mpotts/sandbox/pgi_2019_openmpi_O_develop/esmf/lib/libO/Linux.pgi.64.openmpi.default/libesmf.so(esmf_meshmod_esmf_meshcreate1part_+0xce0)[0x7fcdf42f33c0]
[Orion-24-70:294615] [ 4] /work/noaa/da/mpotts/sandbox/pgi_2019_openmpi_O_develop/esmf/examples/examplesO/Linux.pgi.64.openmpi.default/./ESMF_FieldMeshRegridEx[0x409cf2]
[Orion-24-70:294615] [ 5] /work/noaa/da/mpotts/sandbox/pgi_2019_openmpi_O_develop/esmf/examples/examplesO/Linux.pgi.64.openmpi.default/./ESMF_FieldMeshRegridEx[0x404ec3]
[Orion-24-70:294613] *** End of error message ***
[Orion-24-70:294615] [ 6] /lib64/libc.so.6(__libc_start_main+0xf5)[0x7fcdef7b2495]
[Orion-24-70:294615] [ 7] /work/noaa/da/mpotts/sandbox/pgi_2019_openmpi_O_develop/esmf/examples/examplesO/Linux.pgi.64.openmpi.default/./ESMF_FieldMeshRegridEx[0x404dc9]
[Orion-24-70:294615] *** End of error message ***
==== backtrace (tid: 294612) ====
 0 0x000000000072a903 ESMCI::LogErr::MsgFoundError()  /work/noaa/da/mpotts/sandbox/pgi_2019_openmpi_O_develop/esmf/src/Infrastructure/LogErr/src/ESMCI_LogErr.C:586
 1 0x0000000000882b01 c_esmc_meshcreatenodedistgrid_()  /work/noaa/da/mpotts/sandbox/pgi_2019_openmpi_O_develop/esmf/src/Infrastructure/Mesh/interface/ESMCI_Mesh_F.C:248
 2 0x0000000000f8e3c0 esmf_meshmod_esmf_meshcreate1part_()  /work/noaa/da/mpotts/sandbox/pgi_2019_openmpi_O_develop/esmf/src/Infrastructure/Mesh/interface/ESMF_Mesh.F90:1407
 3 0x0000000000409cf2 MAIN_()  /work/noaa/da/mpotts/sandbox/pgi_2019_openmpi_O_develop/esmf/src/Infrastructure/Field/examples/ESMF_FieldMeshRegridEx.F90:616
 4 0x0000000000404ec3 main()  ???:0
 5 0x0000000000022495 __libc_start_main()  ???:0
 6 0x0000000000404dc9 _start()  ???:0
=================================
[Orion-24-70:294612] *** Process received signal ***
[Orion-24-70:294612] Signal: Segmentation fault (11)
[Orion-24-70:294612] Signal code:  (-6)
[Orion-24-70:294612] Failing at address: 0x20e500047ed4
[Orion-24-70:294612] [ 0] /lib64/libpthread.so.0(+0xf5d0)[0x7fd6f90945d0]
==== backtrace (tid: 294614) ====
 0 0x000000000072a903 ESMCI::LogErr::MsgFoundError()  /work/noaa/da/mpotts/sandbox/pgi_2019_openmpi_O_develop/esmf/src/Infrastructure/LogErr/src/ESMCI_LogErr.C:586
 1 0x0000000000882b01 c_esmc_meshcreatenodedistgrid_()  /work/noaa/da/mpotts/sandbox/pgi_2019_openmpi_O_develop/esmf/src/Infrastructure/Mesh/interface/ESMCI_Mesh_F.C:248
 2 0x0000000000f8e3c0 esmf_meshmod_esmf_meshcreate1part_()  /work/noaa/da/mpotts/sandbox/pgi_2019_openmpi_O_develop/esmf/src/Infrastructure/Mesh/interface/ESMF_Mesh.F90:1407
 3 0x0000000000409cf2 MAIN_()  /work/noaa/da/mpotts/sandbox/pgi_2019_openmpi_O_develop/esmf/src/Infrastructure/Field/examples/ESMF_FieldMeshRegridEx.F90:616
 4 0x0000000000404ec3 main()  ???:0
 5 0x0000000000022495 __libc_start_main()  ???:0
 6 0x0000000000404dc9 _start()  ???:0
=================================
[Orion-24-70:294614] *** Process received signal ***
[Orion-24-70:294614] Signal: Segmentation fault (11)
[Orion-24-70:294614] Signal code:  (-6)
[Orion-24-70:294614] Failing at address: 0x20e500047ed6
[Orion-24-70:294612] [ 1] /work/noaa/da/mpotts/sandbox/pgi_2019_openmpi_O_develop/esmf/lib/libO/Linux.pgi.64.openmpi.default/libesmf.so(_ZN5ESMCI6LogErr13MsgFoundErrorEiPKciS2_S2_Pi+0x33)[0x7fd6f7839903]
[Orion-24-70:294614] [ 0] /lib64/libpthread.so.0(+0xf5d0)[0x7feba75735d0]
[Orion-24-70:294612] [ 2] /work/noaa/da/mpotts/sandbox/pgi_2019_openmpi_O_develop/esmf/lib/libO/Linux.pgi.64.openmpi.default/libesmf.so(c_esmc_meshcreatenodedistgrid_+0xa1)[0x7fd6f7991b01]
[Orion-24-70:294614] [ 1] /work/noaa/da/mpotts/sandbox/pgi_2019_openmpi_O_develop/esmf/lib/libO/Linux.pgi.64.openmpi.default/libesmf.so(_ZN5ESMCI6LogErr13MsgFoundErrorEiPKciS2_S2_Pi+0x33)[0x7feba5d18903]
[Orion-24-70:294612] [ 3] /work/noaa/da/mpotts/sandbox/pgi_2019_openmpi_O_develop/esmf/lib/libO/Linux.pgi.64.openmpi.default/libesmf.so(esmf_meshmod_esmf_meshcreate1part_+0xce0)[0x7fd6f809d3c0]
[Orion-24-70:294612] [ 4] /work/noaa/da/mpotts/sandbox/pgi_2019_openmpi_O_develop/esmf/examples/examplesO/Linux.pgi.64.openmpi.default/./ESMF_FieldMeshRegridEx[0x409cf2]
[Orion-24-70:294614] [ 2] /work/noaa/da/mpotts/sandbox/pgi_2019_openmpi_O_develop/esmf/lib/libO/Linux.pgi.64.openmpi.default/libesmf.so(c_esmc_meshcreatenodedistgrid_+0xa1)[0x7feba5e70b01]
[Orion-24-70:294612] [ 5] /work/noaa/da/mpotts/sandbox/pgi_2019_openmpi_O_develop/esmf/examples/examplesO/Linux.pgi.64.openmpi.default/./ESMF_FieldMeshRegridEx[0x404ec3]
[Orion-24-70:294612] [ 6] /lib64/libc.so.6(__libc_start_main+0xf5)[0x7fd6f355c495]
[Orion-24-70:294612] [ 7] /work/noaa/da/mpotts/sandbox/pgi_2019_openmpi_O_develop/esmf/examples/examplesO/Linux.pgi.64.openmpi.default/./ESMF_FieldMeshRegridEx[0x404dc9]
[Orion-24-70:294612] *** End of error message ***
[Orion-24-70:294614] [ 3] /work/noaa/da/mpotts/sandbox/pgi_2019_openmpi_O_develop/esmf/lib/libO/Linux.pgi.64.openmpi.default/libesmf.so(esmf_meshmod_esmf_meshcreate1part_+0xce0)[0x7feba657c3c0]
[Orion-24-70:294614] [ 4] /work/noaa/da/mpotts/sandbox/pgi_2019_openmpi_O_develop/esmf/examples/examplesO/Linux.pgi.64.openmpi.default/./ESMF_FieldMeshRegridEx[0x409cf2]
[Orion-24-70:294614] [ 5] /work/noaa/da/mpotts/sandbox/pgi_2019_openmpi_O_develop/esmf/examples/examplesO/Linux.pgi.64.openmpi.default/./ESMF_FieldMeshRegridEx[0x404ec3]
[Orion-24-70:294614] [ 6] /lib64/libc.so.6(__libc_start_main+0xf5)[0x7feba1a3b495]
[Orion-24-70:294614] [ 7] /work/noaa/da/mpotts/sandbox/pgi_2019_openmpi_O_develop/esmf/examples/examplesO/Linux.pgi.64.openmpi.default/./ESMF_FieldMeshRegridEx[0x404dc9]
[Orion-24-70:294614] *** End of error message ***
srun: error: Orion-24-70: tasks 0-3: Segmentation fault
srun: launch/slurm: _step_signal: Terminating StepId=7084371.316
