2022-10-11 03:02:52
 Field Create from a Grid and a Fortran data array returned
 Field Create from a Grid and a Fortran data array returned
 Field Create from a Grid and a Fortran data array returned
 Field Create from a Grid and a Fortran data array returned
 Field Create from a Grid and a Fortran data array returned
 Field Create from a LocStream, typekind, and rank returned
 Field Create from a LocStream and an Arrayspec returned
[Orion-02-26:442429:0:442429] Caught signal 11 (Segmentation fault: address not mapped to object at address 0x4f1b591)
 Field Create from a Grid and a Fortran data array returned
 Field Create from a Grid and a Fortran data array returned
 Field Create from a Grid and a Fortran data array returned
 Field Create from a Grid and a Fortran data array returned
 Field Create from a Grid and a Fortran data array returned
 Field Create from a LocStream, typekind, and rank returned
 Field Create from a LocStream and an Arrayspec returned
[Orion-02-26:442430:0:442430] Caught signal 11 (Segmentation fault: address not mapped to object at address 0x4f1b591)
 Field Create from a Grid and a Fortran data array returned
 Field Create from a Grid and a Fortran data array returned
 Field Create from a Grid and a Fortran data array returned
 Field Create from a Grid and a Fortran data array returned
 Field Create from a Grid and a Fortran data array returned
 Field Create from a LocStream, typekind, and rank returned
 Field Create from a LocStream and an Arrayspec returned
[Orion-02-26:442431:0:442431] Caught signal 11 (Segmentation fault: address not mapped to object at address 0x4f1b591)
 Field Create from a Grid and a Fortran data array returned
 Field Create from a Grid and a Fortran data array returned
 Field Create from a Grid and a Fortran data array returned
 Field Create from a Grid and a Fortran data array returned
 Field Create from a Grid and a Fortran data array returned
 Field Create from a LocStream, typekind, and rank returned
 Field Create from a LocStream and an Arrayspec returned
[Orion-02-26:442432:0:442432] Caught signal 11 (Segmentation fault: address not mapped to object at address 0x4f1b591)

/work/noaa/da/mpotts/sandbox/pgi_2019_openmpi_O_develop/esmf/src/Infrastructure/LogErr/src/ESMCI_LogErr.C: [ ESMCI::LogErr::MsgFoundError() ]
      ...

/work/noaa/da/mpotts/sandbox/pgi_2019_openmpi_O_develop/esmf/src/Infrastructure/LogErr/src/ESMCI_LogErr.C: [ ESMCI::LogErr::MsgFoundError() ]
      ...
      583 {
      584     bool result=false;
      585 #ifdef ESMC_SUCCESSDEFAULT_ON
==>   586     if (rcToReturn != ESMC_NULL_POINTER) *rcToReturn=ESMF_SUCCESS;
      587 #endif
      588     if (trace) {
      589         Write(ESMC_METHOD,ESMC_LOGMSG_TRACE,
      583 {
      584     bool result=false;
      585 #ifdef ESMC_SUCCESSDEFAULT_ON
==>   586     if (rcToReturn != ESMC_NULL_POINTER) *rcToReturn=ESMF_SUCCESS;
      587 #endif
      588     if (trace) {
      589         Write(ESMC_METHOD,ESMC_LOGMSG_TRACE,



/work/noaa/da/mpotts/sandbox/pgi_2019_openmpi_O_develop/esmf/src/Infrastructure/LogErr/src/ESMCI_LogErr.C: [ ESMCI::LogErr::MsgFoundError() ]
      ...

/work/noaa/da/mpotts/sandbox/pgi_2019_openmpi_O_develop/esmf/src/Infrastructure/LogErr/src/ESMCI_LogErr.C: [ ESMCI::LogErr::MsgFoundError() ]
      583 {
      584     bool result=false;
      585 #ifdef ESMC_SUCCESSDEFAULT_ON
==>   586     if (rcToReturn != ESMC_NULL_POINTER) *rcToReturn=ESMF_SUCCESS;
      587 #endif
      588     if (trace) {
      589         Write(ESMC_METHOD,ESMC_LOGMSG_TRACE,
      ...

      583 {
      584     bool result=false;
      585 #ifdef ESMC_SUCCESSDEFAULT_ON
==>   586     if (rcToReturn != ESMC_NULL_POINTER) *rcToReturn=ESMF_SUCCESS;
      587 #endif
      588     if (trace) {
      589         Write(ESMC_METHOD,ESMC_LOGMSG_TRACE,

==== backtrace (tid: 442432) ====
 0 0x000000000072a903 ESMCI::LogErr::MsgFoundError()  /work/noaa/da/mpotts/sandbox/pgi_2019_openmpi_O_develop/esmf/src/Infrastructure/LogErr/src/ESMCI_LogErr.C:586
 1 0x0000000000882b01 c_esmc_meshcreatenodedistgrid_()  /work/noaa/da/mpotts/sandbox/pgi_2019_openmpi_O_develop/esmf/src/Infrastructure/Mesh/interface/ESMCI_Mesh_F.C:248
 2 0x0000000000f8e3c0 esmf_meshmod_esmf_meshcreate1part_()  /work/noaa/da/mpotts/sandbox/pgi_2019_openmpi_O_develop/esmf/src/Infrastructure/Mesh/interface/ESMF_Mesh.F90:1407
 3 0x000000000040958a MAIN_()  /work/noaa/da/mpotts/sandbox/pgi_2019_openmpi_O_develop/esmf/src/Infrastructure/Field/examples/ESMF_FieldCreateEx.F90:773
 4 0x0000000000405593 main()  ???:0
 5 0x0000000000022495 __libc_start_main()  ???:0
 6 0x0000000000405499 _start()  ???:0
=================================
[Orion-02-26:442432] *** Process received signal ***
[Orion-02-26:442432] Signal: Segmentation fault (11)
[Orion-02-26:442432] Signal code:  (-6)
[Orion-02-26:442432] Failing at address: 0x20e50006c040
[Orion-02-26:442432] [ 0] /lib64/libpthread.so.0(+0xf5d0)[0x7f7d518415d0]
==== backtrace (tid: 442430) ====
 0 0x000000000072a903 ESMCI::LogErr::MsgFoundError()  /work/noaa/da/mpotts/sandbox/pgi_2019_openmpi_O_develop/esmf/src/Infrastructure/LogErr/src/ESMCI_LogErr.C:586
[Orion-02-26:442432] [ 1] /work/noaa/da/mpotts/sandbox/pgi_2019_openmpi_O_develop/esmf/lib/libO/Linux.pgi.64.openmpi.default/libesmf.so(_ZN5ESMCI6LogErr13MsgFoundErrorEiPKciS2_S2_Pi+0x33)[0x7f7d4ffe6903]
 1 0x0000000000882b01 c_esmc_meshcreatenodedistgrid_()  /work/noaa/da/mpotts/sandbox/pgi_2019_openmpi_O_develop/esmf/src/Infrastructure/Mesh/interface/ESMCI_Mesh_F.C:248
 2 0x0000000000f8e3c0 esmf_meshmod_esmf_meshcreate1part_()  /work/noaa/da/mpotts/sandbox/pgi_2019_openmpi_O_develop/esmf/src/Infrastructure/Mesh/interface/ESMF_Mesh.F90:1407
 3 0x000000000040958a MAIN_()  /work/noaa/da/mpotts/sandbox/pgi_2019_openmpi_O_develop/esmf/src/Infrastructure/Field/examples/ESMF_FieldCreateEx.F90:773
 4 0x0000000000405593 main()  ???:0
 5 0x0000000000022495 __libc_start_main()  ???:0
 6 0x0000000000405499 _start()  ???:0
=================================
[Orion-02-26:442430] *** Process received signal ***
[Orion-02-26:442430] Signal: Segmentation fault (11)
[Orion-02-26:442430] Signal code:  (-6)
[Orion-02-26:442430] Failing at address: 0x20e50006c03e
[Orion-02-26:442432] [ 2] /work/noaa/da/mpotts/sandbox/pgi_2019_openmpi_O_develop/esmf/lib/libO/Linux.pgi.64.openmpi.default/libesmf.so(c_esmc_meshcreatenodedistgrid_+0xa1)[0x7f7d5013eb01]
[Orion-02-26:442430] [ 0] /lib64/libpthread.so.0(+0xf5d0)[0x7fefdd7905d0]
[Orion-02-26:442430] [ 1] /work/noaa/da/mpotts/sandbox/pgi_2019_openmpi_O_develop/esmf/lib/libO/Linux.pgi.64.openmpi.default/libesmf.so(_ZN5ESMCI6LogErr13MsgFoundErrorEiPKciS2_S2_Pi+0x33)[0x7fefdbf35903]
[Orion-02-26:442432] [ 3] /work/noaa/da/mpotts/sandbox/pgi_2019_openmpi_O_develop/esmf/lib/libO/Linux.pgi.64.openmpi.default/libesmf.so(esmf_meshmod_esmf_meshcreate1part_+0xce0)[0x7f7d5084a3c0]
[Orion-02-26:442432] [ 4] /work/noaa/da/mpotts/sandbox/pgi_2019_openmpi_O_develop/esmf/examples/examplesO/Linux.pgi.64.openmpi.default/./ESMF_FieldCreateEx[0x40958a]
[Orion-02-26:442432] [ 5] /work/noaa/da/mpotts/sandbox/pgi_2019_openmpi_O_develop/esmf/examples/examplesO/Linux.pgi.64.openmpi.default/./ESMF_FieldCreateEx[0x405593]
[Orion-02-26:442432] [ 6] /lib64/libc.so.6(__libc_start_main+0xf5)[0x7f7d4bd09495]
[Orion-02-26:442432] [ 7] /work/noaa/da/mpotts/sandbox/pgi_2019_openmpi_O_develop/esmf/examples/examplesO/Linux.pgi.64.openmpi.default/./ESMF_FieldCreateEx[0x405499]
[Orion-02-26:442432] *** End of error message ***
[Orion-02-26:442430] [ 2] /work/noaa/da/mpotts/sandbox/pgi_2019_openmpi_O_develop/esmf/lib/libO/Linux.pgi.64.openmpi.default/libesmf.so(c_esmc_meshcreatenodedistgrid_+0xa1)[0x7fefdc08db01]
[Orion-02-26:442430] [ 3] /work/noaa/da/mpotts/sandbox/pgi_2019_openmpi_O_develop/esmf/lib/libO/Linux.pgi.64.openmpi.default/libesmf.so(esmf_meshmod_esmf_meshcreate1part_+0xce0)[0x7fefdc7993c0]
[Orion-02-26:442430] [ 4] /work/noaa/da/mpotts/sandbox/pgi_2019_openmpi_O_develop/esmf/examples/examplesO/Linux.pgi.64.openmpi.default/./ESMF_FieldCreateEx[0x40958a]
[Orion-02-26:442430] [ 5] /work/noaa/da/mpotts/sandbox/pgi_2019_openmpi_O_develop/esmf/examples/examplesO/Linux.pgi.64.openmpi.default/./ESMF_FieldCreateEx[0x405593]
[Orion-02-26:442430] [ 6] /lib64/libc.so.6(__libc_start_main+0xf5)[0x7fefd7c58495]
[Orion-02-26:442430] [ 7] /work/noaa/da/mpotts/sandbox/pgi_2019_openmpi_O_develop/esmf/examples/examplesO/Linux.pgi.64.openmpi.default/./ESMF_FieldCreateEx[0x405499]
[Orion-02-26:442430] *** End of error message ***
==== backtrace (tid: 442431) ====
 0 0x000000000072a903 ESMCI::LogErr::MsgFoundError()  /work/noaa/da/mpotts/sandbox/pgi_2019_openmpi_O_develop/esmf/src/Infrastructure/LogErr/src/ESMCI_LogErr.C:586
 1 0x0000000000882b01 c_esmc_meshcreatenodedistgrid_()  /work/noaa/da/mpotts/sandbox/pgi_2019_openmpi_O_develop/esmf/src/Infrastructure/Mesh/interface/ESMCI_Mesh_F.C:248
 2 0x0000000000f8e3c0 esmf_meshmod_esmf_meshcreate1part_()  /work/noaa/da/mpotts/sandbox/pgi_2019_openmpi_O_develop/esmf/src/Infrastructure/Mesh/interface/ESMF_Mesh.F90:1407
 3 0x000000000040958a MAIN_()  /work/noaa/da/mpotts/sandbox/pgi_2019_openmpi_O_develop/esmf/src/Infrastructure/Field/examples/ESMF_FieldCreateEx.F90:773
 4 0x0000000000405593 main()  ???:0
 5 0x0000000000022495 __libc_start_main()  ???:0
 6 0x0000000000405499 _start()  ???:0
=================================
[Orion-02-26:442431] *** Process received signal ***
[Orion-02-26:442431] Signal: Segmentation fault (11)
[Orion-02-26:442431] Signal code:  (-6)
[Orion-02-26:442431] Failing at address: 0x20e50006c03f
[Orion-02-26:442431] [ 0] /lib64/libpthread.so.0(+0xf5d0)[0x7fe7e9d415d0]
[Orion-02-26:442431] [ 1] /work/noaa/da/mpotts/sandbox/pgi_2019_openmpi_O_develop/esmf/lib/libO/Linux.pgi.64.openmpi.default/libesmf.so(_ZN5ESMCI6LogErr13MsgFoundErrorEiPKciS2_S2_Pi+0x33)[0x7fe7e84e6903]
==== backtrace (tid: 442429) ====
 0 0x000000000072a903 ESMCI::LogErr::MsgFoundError()  /work/noaa/da/mpotts/sandbox/pgi_2019_openmpi_O_develop/esmf/src/Infrastructure/LogErr/src/ESMCI_LogErr.C:586
 1 0x0000000000882b01 c_esmc_meshcreatenodedistgrid_()  /work/noaa/da/mpotts/sandbox/pgi_2019_openmpi_O_develop/esmf/src/Infrastructure/Mesh/interface/ESMCI_Mesh_F.C:248
 2 0x0000000000f8e3c0 esmf_meshmod_esmf_meshcreate1part_()  /work/noaa/da/mpotts/sandbox/pgi_2019_openmpi_O_develop/esmf/src/Infrastructure/Mesh/interface/ESMF_Mesh.F90:1407
 3 0x000000000040958a MAIN_()  /work/noaa/da/mpotts/sandbox/pgi_2019_openmpi_O_develop/esmf/src/Infrastructure/Field/examples/ESMF_FieldCreateEx.F90:773
 4 0x0000000000405593 main()  ???:0
 5 0x0000000000022495 __libc_start_main()  ???:0
 6 0x0000000000405499 _start()  ???:0
=================================
[Orion-02-26:442429] *** Process received signal ***
[Orion-02-26:442429] Signal: Segmentation fault (11)
[Orion-02-26:442429] Signal code:  (-6)
[Orion-02-26:442429] Failing at address: 0x20e50006c03d
[Orion-02-26:442431] [ 2] /work/noaa/da/mpotts/sandbox/pgi_2019_openmpi_O_develop/esmf/lib/libO/Linux.pgi.64.openmpi.default/libesmf.so(c_esmc_meshcreatenodedistgrid_+0xa1)[0x7fe7e863eb01]
[Orion-02-26:442429] [ 0] /lib64/libpthread.so.0(+0xf5d0)[0x7f678d14f5d0]
[Orion-02-26:442431] [ 3] /work/noaa/da/mpotts/sandbox/pgi_2019_openmpi_O_develop/esmf/lib/libO/Linux.pgi.64.openmpi.default/libesmf.so(esmf_meshmod_esmf_meshcreate1part_+0xce0)[0x7fe7e8d4a3c0]
[Orion-02-26:442431] [ 4] /work/noaa/da/mpotts/sandbox/pgi_2019_openmpi_O_develop/esmf/examples/examplesO/Linux.pgi.64.openmpi.default/./ESMF_FieldCreateEx[0x40958a]
[Orion-02-26:442429] [ 1] /work/noaa/da/mpotts/sandbox/pgi_2019_openmpi_O_develop/esmf/lib/libO/Linux.pgi.64.openmpi.default/libesmf.so(_ZN5ESMCI6LogErr13MsgFoundErrorEiPKciS2_S2_Pi+0x33)[0x7f678b8f4903]
[Orion-02-26:442431] [ 5] /work/noaa/da/mpotts/sandbox/pgi_2019_openmpi_O_develop/esmf/examples/examplesO/Linux.pgi.64.openmpi.default/./ESMF_FieldCreateEx[0x405593]
[Orion-02-26:442431] [ 6] /lib64/libc.so.6(__libc_start_main+0xf5)[0x7fe7e4209495]
[Orion-02-26:442431] [ 7] /work/noaa/da/mpotts/sandbox/pgi_2019_openmpi_O_develop/esmf/examples/examplesO/Linux.pgi.64.openmpi.default/./ESMF_FieldCreateEx[0x405499]
[Orion-02-26:442431] *** End of error message ***
[Orion-02-26:442429] [ 2] /work/noaa/da/mpotts/sandbox/pgi_2019_openmpi_O_develop/esmf/lib/libO/Linux.pgi.64.openmpi.default/libesmf.so(c_esmc_meshcreatenodedistgrid_+0xa1)[0x7f678ba4cb01]
[Orion-02-26:442429] [ 3] /work/noaa/da/mpotts/sandbox/pgi_2019_openmpi_O_develop/esmf/lib/libO/Linux.pgi.64.openmpi.default/libesmf.so(esmf_meshmod_esmf_meshcreate1part_+0xce0)[0x7f678c1583c0]
[Orion-02-26:442429] [ 4] /work/noaa/da/mpotts/sandbox/pgi_2019_openmpi_O_develop/esmf/examples/examplesO/Linux.pgi.64.openmpi.default/./ESMF_FieldCreateEx[0x40958a]
[Orion-02-26:442429] [ 5] /work/noaa/da/mpotts/sandbox/pgi_2019_openmpi_O_develop/esmf/examples/examplesO/Linux.pgi.64.openmpi.default/./ESMF_FieldCreateEx[0x405593]
[Orion-02-26:442429] [ 6] /lib64/libc.so.6(__libc_start_main+0xf5)[0x7f6787617495]
[Orion-02-26:442429] [ 7] /work/noaa/da/mpotts/sandbox/pgi_2019_openmpi_O_develop/esmf/examples/examplesO/Linux.pgi.64.openmpi.default/./ESMF_FieldCreateEx[0x405499]
[Orion-02-26:442429] *** End of error message ***
srun: error: Orion-02-26: tasks 0-3: Segmentation fault
srun: launch/slurm: _step_signal: Terminating StepId=7156292.311
