2022-09-30 00:37:49
Rank 0 [Fri Sep 30 01:59:31 2022] [c2-0c2s1n3] application called MPI_Abort(comm=0x84000007, 1) - process 0
Rank 2 [Fri Sep 30 01:59:31 2022] [c2-0c2s1n3] application called MPI_Abort(comm=0x84000004, 1) - process 2

Program received signal SIGABRT: Process abort signal.

Backtrace for this error:

Program received signal SIGABRT: Process abort signal.

Backtrace for this error:
Rank 1 [Fri Sep 30 01:59:31 2022] [c2-0c2s1n3] application called MPI_Abort(comm=0x84000004, 1) - process 1

Program received signal SIGABRT: Process abort signal.

Backtrace for this error:
Rank 3 [Fri Sep 30 01:59:31 2022] [c2-0c2s1n3] application called MPI_Abort(comm=0x84000004, 1) - process 3

Program received signal SIGABRT: Process abort signal.

Backtrace for this error:
#0  0x145492f in ???
	at /home/abuild/rpmbuild/BUILD/glibc-2.26/nptl/../sysdeps/unix/sysv/linux/x86_64/sigaction.c:0
#1  0x1799120 in raise
	at ../sysdeps/unix/sysv/linux/raise.c:51
#0  0x145492f in ???
	at /home/abuild/rpmbuild/BUILD/glibc-2.26/nptl/../sysdeps/unix/sysv/linux/x86_64/sigaction.c:0
#2  0x1a267c0 in abort
	at /home/abuild/rpmbuild/BUILD/glibc-2.26/stdlib/abort.c:79
#3  0x181dc71 in ???
#4  0x17ca63a in ???
#5  0xf30d6d in ???
#6  0xf28eeb in ???
#7  0xab2c8d in ???
#8  0x5076b8 in ???
#9  0x651d69 in ???
#10  0x406fe4 in ???
#1  0x1799120 in raise
	at ../sysdeps/unix/sysv/linux/raise.c:51
#0  0x145492f in ???
	at /home/abuild/rpmbuild/BUILD/glibc-2.26/nptl/../sysdeps/unix/sysv/linux/x86_64/sigaction.c:0
#2  0x1a267c0 in abort
	at /home/abuild/rpmbuild/BUILD/glibc-2.26/stdlib/abort.c:79
#3  0x181dc71 in ???
#4  0x17ca63a in ???
#5  0xf30d6d in ???
#6  0xf28eeb in ???
#1  0x1799120 in raise
	at ../sysdeps/unix/sysv/linux/raise.c:51
#7  0xab2c8d in ???
#8  0x5076b8 in ???
#9  0x651d69 in ???
#10  0x406fe4 in ???
#11  0x1a1d70e in __libc_start_main
	at ../csu/libc-start.c:308
#12  0x406849 in ???
	at ../sysdeps/x86_64/start.S:120
#0  0x145492f in ???
	at /home/abuild/rpmbuild/BUILD/glibc-2.26/nptl/../sysdeps/unix/sysv/linux/x86_64/sigaction.c:0
#2  0x1a267c0 in abort
	at /home/abuild/rpmbuild/BUILD/glibc-2.26/stdlib/abort.c:79
#3  0x181dc71 in ???
#4  0x17ca63a in ???
#1  0x1799120 in raise
	at ../sysdeps/unix/sysv/linux/raise.c:51
#5  0xf30d6d in ???
#6  0xf28eeb in ???
#7  0xab2c8d in ???
#8  0x5076b8 in ???
#9  0x651d69 in ???
#10  0x406fe4 in ???
#11  0x1a1d70e in __libc_start_main
	at ../csu/libc-start.c:308
#12  0x406849 in ???
	at ../sysdeps/x86_64/start.S:120
#2  0x1a267c0 in abort
	at /home/abuild/rpmbuild/BUILD/glibc-2.26/stdlib/abort.c:79
#3  0x181dc71 in ???
#4  0x17ca63a in ???
#5  0xf30d6d in ???
#6  0xf28eeb in ???
#7  0xab2c8d in ???
#8  0x5076b8 in ???
#9  0x651d69 in ???
#10  0x406fe4 in ???
#11  0x1a1d70e in __libc_start_main
	at ../csu/libc-start.c:308
#12  0x406849 in ???
	at ../sysdeps/x86_64/start.S:120
#11  0x1a1d70e in __libc_start_main
	at ../csu/libc-start.c:308
#12  0x406849 in ???
	at ../sysdeps/x86_64/start.S:120
srun: error: nid00519: tasks 0-3: Aborted
srun: launch/slurm: _step_signal: Terminating StepId=269130888.365
