2022-10-16 03:20:02
[Orion-02-13:187863:0:187863] Caught signal 11 (Segmentation fault: address not mapped to object at address 0x4f1b591)
[Orion-02-13:187864:0:187864] Caught signal 11 (Segmentation fault: address not mapped to object at address 0x4f1b591)
[Orion-02-13:187865:0:187865] Caught signal 11 (Segmentation fault: address not mapped to object at address 0x4f1b591)
[Orion-02-13:187866:0:187866] Caught signal 11 (Segmentation fault: address not mapped to object at address 0x4f1b591)

/work/noaa/da/mpotts/sandbox/pgi_2019_openmpi_O_release_8.4.0/esmf/src/Infrastructure/LogErr/src/ESMCI_LogErr.C: [ ESMCI::LogErr::MsgFoundError() ]
      ...

/work/noaa/da/mpotts/sandbox/pgi_2019_openmpi_O_release_8.4.0/esmf/src/Infrastructure/LogErr/src/ESMCI_LogErr.C: [ ESMCI::LogErr::MsgFoundError() ]
      ...
      583 {
      584     bool result=false;
      585 #ifdef ESMC_SUCCESSDEFAULT_ON
==>   586     if (rcToReturn != ESMC_NULL_POINTER) *rcToReturn=ESMF_SUCCESS;
      587 #endif
      588     if (trace) {
      589         Write(ESMC_METHOD,ESMC_LOGMSG_TRACE,
      583 {
      584     bool result=false;
      585 #ifdef ESMC_SUCCESSDEFAULT_ON
==>   586     if (rcToReturn != ESMC_NULL_POINTER) *rcToReturn=ESMF_SUCCESS;
      587 #endif
      588     if (trace) {
      589         Write(ESMC_METHOD,ESMC_LOGMSG_TRACE,



/work/noaa/da/mpotts/sandbox/pgi_2019_openmpi_O_release_8.4.0/esmf/src/Infrastructure/LogErr/src/ESMCI_LogErr.C: [ ESMCI::LogErr::MsgFoundError() ]
      ...
      583 {
      584     bool result=false;
      585 #ifdef ESMC_SUCCESSDEFAULT_ON
==>   586     if (rcToReturn != ESMC_NULL_POINTER) *rcToReturn=ESMF_SUCCESS;
      587 #endif
      588     if (trace) {
      589         Write(ESMC_METHOD,ESMC_LOGMSG_TRACE,


/work/noaa/da/mpotts/sandbox/pgi_2019_openmpi_O_release_8.4.0/esmf/src/Infrastructure/LogErr/src/ESMCI_LogErr.C: [ ESMCI::LogErr::MsgFoundError() ]
      ...
      583 {
      584     bool result=false;
      585 #ifdef ESMC_SUCCESSDEFAULT_ON
==>   586     if (rcToReturn != ESMC_NULL_POINTER) *rcToReturn=ESMF_SUCCESS;
      587 #endif
      588     if (trace) {
      589         Write(ESMC_METHOD,ESMC_LOGMSG_TRACE,

==== backtrace (tid: 187865) ====
 0 0x000000000072c2b3 ESMCI::LogErr::MsgFoundError()  /work/noaa/da/mpotts/sandbox/pgi_2019_openmpi_O_release_8.4.0/esmf/src/Infrastructure/LogErr/src/ESMCI_LogErr.C:586
 1 0x00000000008844b1 c_esmc_meshcreatenodedistgrid_()  /work/noaa/da/mpotts/sandbox/pgi_2019_openmpi_O_release_8.4.0/esmf/src/Infrastructure/Mesh/interface/ESMCI_Mesh_F.C:248
 2 0x0000000000f95f5c esmf_meshmod_esmf_meshcreatefrompointer_()  /work/noaa/da/mpotts/sandbox/pgi_2019_openmpi_O_release_8.4.0/esmf/src/Infrastructure/Mesh/interface/ESMF_Mesh.F90:3091
 3 0x0000000000e77722 esmf_gridutilmod_esmf_gridtomesh_()  /work/noaa/da/mpotts/sandbox/pgi_2019_openmpi_O_release_8.4.0/esmf/src/Infrastructure/GridUtil/interface/ESMF_GridUtil.F90:453
 4 0x0000000000d9baf6 esmf_fieldregridmod_b_or_p_gridtomesh_()  /work/noaa/da/mpotts/sandbox/pgi_2019_openmpi_O_release_8.4.0/esmf/src/Infrastructure/Field/src/ESMF_FieldRegrid.F90:3228
 5 0x0000000000d99004 esmf_fieldregridmod_getmeshwithnodesonfieldloc_()  /work/noaa/da/mpotts/sandbox/pgi_2019_openmpi_O_release_8.4.0/esmf/src/Infrastructure/Field/src/ESMF_FieldRegrid.F90:1346
 6 0x0000000000d97563 esmf_fieldregridmod_esmf_fieldregridstorenx_()  /work/noaa/da/mpotts/sandbox/pgi_2019_openmpi_O_release_8.4.0/esmf/src/Infrastructure/Field/src/ESMF_FieldRegrid.F90:971
 7 0x0000000001227a17 nuopc_connector_fieldbundlecplstore_()  /work/noaa/da/mpotts/sandbox/pgi_2019_openmpi_O_release_8.4.0/esmf/src/addon/NUOPC/src/NUOPC_Connector.F90:7919
 8 0x000000000120ee74 nuopc_connector_initializeipdv05p6b_()  /work/noaa/da/mpotts/sandbox/pgi_2019_openmpi_O_release_8.4.0/esmf/src/addon/NUOPC/src/NUOPC_Connector.F90:5386
 9 0x0000000000650f57 ESMCI::FTable::callVFuncPtr()  /work/noaa/da/mpotts/sandbox/pgi_2019_openmpi_O_release_8.4.0/esmf/src/Superstructure/Component/src/ESMCI_FTable.C:2167
10 0x000000000064f15a ESMCI_FTableCallEntryPointVMHop()  /work/noaa/da/mpotts/sandbox/pgi_2019_openmpi_O_release_8.4.0/esmf/src/Superstructure/Component/src/ESMCI_FTable.C:824
11 0x0000000000a36458 ESMCI::VM::enter()  /work/noaa/da/mpotts/sandbox/pgi_2019_openmpi_O_release_8.4.0/esmf/src/Infrastructure/VM/src/ESMCI_VM.C:1216
12 0x000000000064f537 c_esmc_ftablecallentrypointvm_()  /work/noaa/da/mpotts/sandbox/pgi_2019_openmpi_O_release_8.4.0/esmf/src/Superstructure/Component/src/ESMCI_FTable.C:981
13 0x0000000000c0994d esmf_compmod_esmf_compexecute_()  /work/noaa/da/mpotts/sandbox/pgi_2019_openmpi_O_release_8.4.0/esmf/src/Superstructure/Component/src/ESMF_Comp.F90:1223
14 0x0000000000c1a1f1 esmf_cplcompmod_esmf_cplcompinitialize_()  /work/noaa/da/mpotts/sandbox/pgi_2019_openmpi_O_release_8.4.0/esmf/src/Superstructure/Component/src/ESMF_CplComp.F90:1165
15 0x00000000012475a4 nuopc_driver_loopconnectorcompss_()  /work/noaa/da/mpotts/sandbox/pgi_2019_openmpi_O_release_8.4.0/esmf/src/addon/NUOPC/src/NUOPC_Driver.F90:2869
16 0x000000000123eac1 nuopc_driver_initializeipdv02p3_()  /work/noaa/da/mpotts/sandbox/pgi_2019_openmpi_O_release_8.4.0/esmf/src/addon/NUOPC/src/NUOPC_Driver.F90:2020
17 0x000000000122e5ea nuopc_driver_initializegeneric_()  /work/noaa/da/mpotts/sandbox/pgi_2019_openmpi_O_release_8.4.0/esmf/src/addon/NUOPC/src/NUOPC_Driver.F90:479
18 0x0000000000650f57 ESMCI::FTable::callVFuncPtr()  /work/noaa/da/mpotts/sandbox/pgi_2019_openmpi_O_release_8.4.0/esmf/src/Superstructure/Component/src/ESMCI_FTable.C:2167
19 0x000000000064f15a ESMCI_FTableCallEntryPointVMHop()  /work/noaa/da/mpotts/sandbox/pgi_2019_openmpi_O_release_8.4.0/esmf/src/Superstructure/Component/src/ESMCI_FTable.C:824
20 0x0000000000a36458 ESMCI::VM::enter()  /work/noaa/da/mpotts/sandbox/pgi_2019_openmpi_O_release_8.4.0/esmf/src/Infrastructure/VM/src/ESMCI_VM.C:1216
21 0x000000000064f537 c_esmc_ftablecallentrypointvm_()  /work/noaa/da/mpotts/sandbox/pgi_2019_openmpi_O_release_8.4.0/esmf/src/Superstructure/Component/src/ESMCI_FTable.C:981
22 0x0000000000c0994d esmf_compmod_esmf_compexecute_()  /work/noaa/da/mpotts/sandbox/pgi_2019_openmpi_O_release_8.4.0/esmf/src/Superstructure/Component/src/ESMF_Comp.F90:1223
23 0x0000000000ddd9a1 esmf_gridcompmod_esmf_gridcompinitialize_()  /work/noaa/da/mpotts/sandbox/pgi_2019_openmpi_O_release_8.4.0/esmf/src/Superstructure/Component/src/ESMF_GridComp.F90:1412
24 0x0000000000405b8d MAIN_()  /work/noaa/da/mpotts/sandbox/pgi_2019_openmpi_O_release_8.4.0/nuopc-app-prototypes/AtmOcnProto/esmApp.F90:58
25 0x0000000000405803 main()  ???:0
26 0x0000000000022495 __libc_start_main()  ???:0
27 0x0000000000405709 _start()  ???:0
=================================
[Orion-02-13:187865] *** Process received signal ***
[Orion-02-13:187865] Signal: Segmentation fault (11)
[Orion-02-13:187865] Signal code:  (-6)
[Orion-02-13:187865] Failing at address: 0x20e50002ddd9
==== backtrace (tid: 187866) ====
 0 0x000000000072c2b3 ESMCI::LogErr::MsgFoundError()  /work/noaa/da/mpotts/sandbox/pgi_2019_openmpi_O_release_8.4.0/esmf/src/Infrastructure/LogErr/src/ESMCI_LogErr.C:586
 1 0x00000000008844b1 c_esmc_meshcreatenodedistgrid_()  /work/noaa/da/mpotts/sandbox/pgi_2019_openmpi_O_release_8.4.0/esmf/src/Infrastructure/Mesh/interface/ESMCI_Mesh_F.C:248
 2 0x0000000000f95f5c esmf_meshmod_esmf_meshcreatefrompointer_()  /work/noaa/da/mpotts/sandbox/pgi_2019_openmpi_O_release_8.4.0/esmf/src/Infrastructure/Mesh/interface/ESMF_Mesh.F90:3091
 3 0x0000000000e77722 esmf_gridutilmod_esmf_gridtomesh_()  /work/noaa/da/mpotts/sandbox/pgi_2019_openmpi_O_release_8.4.0/esmf/src/Infrastructure/GridUtil/interface/ESMF_GridUtil.F90:453
 4 0x0000000000d9baf6 esmf_fieldregridmod_b_or_p_gridtomesh_()  /work/noaa/da/mpotts/sandbox/pgi_2019_openmpi_O_release_8.4.0/esmf/src/Infrastructure/Field/src/ESMF_FieldRegrid.F90:3228
 5 0x0000000000d99004 esmf_fieldregridmod_getmeshwithnodesonfieldloc_()  /work/noaa/da/mpotts/sandbox/pgi_2019_openmpi_O_release_8.4.0/esmf/src/Infrastructure/Field/src/ESMF_FieldRegrid.F90:1346
 6 0x0000000000d97563 esmf_fieldregridmod_esmf_fieldregridstorenx_()  /work/noaa/da/mpotts/sandbox/pgi_2019_openmpi_O_release_8.4.0/esmf/src/Infrastructure/Field/src/ESMF_FieldRegrid.F90:971
 7 0x0000000001227a17 nuopc_connector_fieldbundlecplstore_()  /work/noaa/da/mpotts/sandbox/pgi_2019_openmpi_O_release_8.4.0/esmf/src/addon/NUOPC/src/NUOPC_Connector.F90:7919
 8 0x000000000120ee74 nuopc_connector_initializeipdv05p6b_()  /work/noaa/da/mpotts/sandbox/pgi_2019_openmpi_O_release_8.4.0/esmf/src/addon/NUOPC/src/NUOPC_Connector.F90:5386
 9 0x0000000000650f57 ESMCI::FTable::callVFuncPtr()  /work/noaa/da/mpotts/sandbox/pgi_2019_openmpi_O_release_8.4.0/esmf/src/Superstructure/Component/src/ESMCI_FTable.C:2167
10 0x000000000064f15a ESMCI_FTableCallEntryPointVMHop()  /work/noaa/da/mpotts/sandbox/pgi_2019_openmpi_O_release_8.4.0/esmf/src/Superstructure/Component/src/ESMCI_FTable.C:824
11 0x0000000000a36458 ESMCI::VM::enter()  /work/noaa/da/mpotts/sandbox/pgi_2019_openmpi_O_release_8.4.0/esmf/src/Infrastructure/VM/src/ESMCI_VM.C:1216
12 0x000000000064f537 c_esmc_ftablecallentrypointvm_()  /work/noaa/da/mpotts/sandbox/pgi_2019_openmpi_O_release_8.4.0/esmf/src/Superstructure/Component/src/ESMCI_FTable.C:981
13 0x0000000000c0994d esmf_compmod_esmf_compexecute_()  /work/noaa/da/mpotts/sandbox/pgi_2019_openmpi_O_release_8.4.0/esmf/src/Superstructure/Component/src/ESMF_Comp.F90:1223
[Orion-02-13:187865] [ 0] /lib64/libpthread.so.0(+0xf5d0)[0x7f6ae63e05d0]
14 0x0000000000c1a1f1 esmf_cplcompmod_esmf_cplcompinitialize_()  /work/noaa/da/mpotts/sandbox/pgi_2019_openmpi_O_release_8.4.0/esmf/src/Superstructure/Component/src/ESMF_CplComp.F90:1165
15 0x00000000012475a4 nuopc_driver_loopconnectorcompss_()  /work/noaa/da/mpotts/sandbox/pgi_2019_openmpi_O_release_8.4.0/esmf/src/addon/NUOPC/src/NUOPC_Driver.F90:2869
16 0x000000000123eac1 nuopc_driver_initializeipdv02p3_()  /work/noaa/da/mpotts/sandbox/pgi_2019_openmpi_O_release_8.4.0/esmf/src/addon/NUOPC/src/NUOPC_Driver.F90:2020
17 0x000000000122e5ea nuopc_driver_initializegeneric_()  /work/noaa/da/mpotts/sandbox/pgi_2019_openmpi_O_release_8.4.0/esmf/src/addon/NUOPC/src/NUOPC_Driver.F90:479
18 0x0000000000650f57 ESMCI::FTable::callVFuncPtr()  /work/noaa/da/mpotts/sandbox/pgi_2019_openmpi_O_release_8.4.0/esmf/src/Superstructure/Component/src/ESMCI_FTable.C:2167
19 0x000000000064f15a ESMCI_FTableCallEntryPointVMHop()  /work/noaa/da/mpotts/sandbox/pgi_2019_openmpi_O_release_8.4.0/esmf/src/Superstructure/Component/src/ESMCI_FTable.C:824
20 0x0000000000a36458 ESMCI::VM::enter()  /work/noaa/da/mpotts/sandbox/pgi_2019_openmpi_O_release_8.4.0/esmf/src/Infrastructure/VM/src/ESMCI_VM.C:1216
21 0x000000000064f537 c_esmc_ftablecallentrypointvm_()  /work/noaa/da/mpotts/sandbox/pgi_2019_openmpi_O_release_8.4.0/esmf/src/Superstructure/Component/src/ESMCI_FTable.C:981
22 0x0000000000c0994d esmf_compmod_esmf_compexecute_()  /work/noaa/da/mpotts/sandbox/pgi_2019_openmpi_O_release_8.4.0/esmf/src/Superstructure/Component/src/ESMF_Comp.F90:1223
23 0x0000000000ddd9a1 esmf_gridcompmod_esmf_gridcompinitialize_()  /work/noaa/da/mpotts/sandbox/pgi_2019_openmpi_O_release_8.4.0/esmf/src/Superstructure/Component/src/ESMF_GridComp.F90:1412
24 0x0000000000405b8d MAIN_()  /work/noaa/da/mpotts/sandbox/pgi_2019_openmpi_O_release_8.4.0/nuopc-app-prototypes/AtmOcnProto/esmApp.F90:58
25 0x0000000000405803 main()  ???:0
26 0x0000000000022495 __libc_start_main()  ???:0
27 0x0000000000405709 _start()  ???:0
=================================
[Orion-02-13:187866] *** Process received signal ***
[Orion-02-13:187866] Signal: Segmentation fault (11)
[Orion-02-13:187866] Signal code:  (-6)
[Orion-02-13:187866] Failing at address: 0x20e50002ddda
[Orion-02-13:187865] [ 1] /work/noaa/da/mpotts/sandbox/pgi_2019_openmpi_O_release_8.4.0/esmf/DEFAULTINSTALLDIR/lib/libO/Linux.pgi.64.openmpi.default/libesmf.so(_ZN5ESMCI6LogErr13MsgFoundErrorEiPKciS2_S2_Pi+0x33)[0x7f6ae4b842b3]
[Orion-02-13:187866] [ 0] /lib64/libpthread.so.0(+0xf5d0)[0x7f7dbbb825d0]
[Orion-02-13:187865] [ 2] /work/noaa/da/mpotts/sandbox/pgi_2019_openmpi_O_release_8.4.0/esmf/DEFAULTINSTALLDIR/lib/libO/Linux.pgi.64.openmpi.default/libesmf.so(c_esmc_meshcreatenodedistgrid_+0xa1)[0x7f6ae4cdc4b1]
[Orion-02-13:187866] [ 1] /work/noaa/da/mpotts/sandbox/pgi_2019_openmpi_O_release_8.4.0/esmf/DEFAULTINSTALLDIR/lib/libO/Linux.pgi.64.openmpi.default/libesmf.so(_ZN5ESMCI6LogErr13MsgFoundErrorEiPKciS2_S2_Pi+0x33)[0x7f7dba3262b3]
[Orion-02-13:187865] [ 3] /work/noaa/da/mpotts/sandbox/pgi_2019_openmpi_O_release_8.4.0/esmf/DEFAULTINSTALLDIR/lib/libO/Linux.pgi.64.openmpi.default/libesmf.so(esmf_meshmod_esmf_meshcreatefrompointer_+0x4c)[0x7f6ae53edf5c]
[Orion-02-13:187866] [ 2] /work/noaa/da/mpotts/sandbox/pgi_2019_openmpi_O_release_8.4.0/esmf/DEFAULTINSTALLDIR/lib/libO/Linux.pgi.64.openmpi.default/libesmf.so(c_esmc_meshcreatenodedistgrid_+0xa1)[0x7f7dba47e4b1]
[Orion-02-13:187865] [ 4] /work/noaa/da/mpotts/sandbox/pgi_2019_openmpi_O_release_8.4.0/esmf/DEFAULTINSTALLDIR/lib/libO/Linux.pgi.64.openmpi.default/libesmf.so(esmf_gridutilmod_esmf_gridtomesh_+0x352)[0x7f6ae52cf722]
[Orion-02-13:187866] [ 3] /work/noaa/da/mpotts/sandbox/pgi_2019_openmpi_O_release_8.4.0/esmf/DEFAULTINSTALLDIR/lib/libO/Linux.pgi.64.openmpi.default/libesmf.so(esmf_meshmod_esmf_meshcreatefrompointer_+0x4c)[0x7f7dbab8ff5c]
[Orion-02-13:187865] [ 5] /work/noaa/da/mpotts/sandbox/pgi_2019_openmpi_O_release_8.4.0/esmf/DEFAULTINSTALLDIR/lib/libO/Linux.pgi.64.openmpi.default/libesmf.so(esmf_fieldregridmod_b_or_p_gridtomesh_+0x156)[0x7f6ae51f3af6]
[Orion-02-13:187866] [ 4] /work/noaa/da/mpotts/sandbox/pgi_2019_openmpi_O_release_8.4.0/esmf/DEFAULTINSTALLDIR/lib/libO/Linux.pgi.64.openmpi.default/libesmf.so(esmf_gridutilmod_esmf_gridtomesh_+0x352)[0x7f7dbaa71722]
==== backtrace (tid: 187864) ====
 0 0x000000000072c2b3 ESMCI::LogErr::MsgFoundError()  /work/noaa/da/mpotts/sandbox/pgi_2019_openmpi_O_release_8.4.0/esmf/src/Infrastructure/LogErr/src/ESMCI_LogErr.C:586
 1 0x00000000008844b1 c_esmc_meshcreatenodedistgrid_()  /work/noaa/da/mpotts/sandbox/pgi_2019_openmpi_O_release_8.4.0/esmf/src/Infrastructure/Mesh/interface/ESMCI_Mesh_F.C:248
 2 0x0000000000f95f5c esmf_meshmod_esmf_meshcreatefrompointer_()  /work/noaa/da/mpotts/sandbox/pgi_2019_openmpi_O_release_8.4.0/esmf/src/Infrastructure/Mesh/interface/ESMF_Mesh.F90:3091
 3 0x0000000000e77722 esmf_gridutilmod_esmf_gridtomesh_()  /work/noaa/da/mpotts/sandbox/pgi_2019_openmpi_O_release_8.4.0/esmf/src/Infrastructure/GridUtil/interface/ESMF_GridUtil.F90:453
 4 0x0000000000d9baf6 esmf_fieldregridmod_b_or_p_gridtomesh_()  /work/noaa/da/mpotts/sandbox/pgi_2019_openmpi_O_release_8.4.0/esmf/src/Infrastructure/Field/src/ESMF_FieldRegrid.F90:3228
 5 0x0000000000d99004 esmf_fieldregridmod_getmeshwithnodesonfieldloc_()  /work/noaa/da/mpotts/sandbox/pgi_2019_openmpi_O_release_8.4.0/esmf/src/Infrastructure/Field/src/ESMF_FieldRegrid.F90:1346
 6 0x0000000000d97563 esmf_fieldregridmod_esmf_fieldregridstorenx_()  /work/noaa/da/mpotts/sandbox/pgi_2019_openmpi_O_release_8.4.0/esmf/src/Infrastructure/Field/src/ESMF_FieldRegrid.F90:971
 7 0x0000000001227a17 nuopc_connector_fieldbundlecplstore_()  /work/noaa/da/mpotts/sandbox/pgi_2019_openmpi_O_release_8.4.0/esmf/src/addon/NUOPC/src/NUOPC_Connector.F90:7919
 8 0x000000000120ee74 nuopc_connector_initializeipdv05p6b_()  /work/noaa/da/mpotts/sandbox/pgi_2019_openmpi_O_release_8.4.0/esmf/src/addon/NUOPC/src/NUOPC_Connector.F90:5386
 9 0x0000000000650f57 ESMCI::FTable::callVFuncPtr()  /work/noaa/da/mpotts/sandbox/pgi_2019_openmpi_O_release_8.4.0/esmf/src/Superstructure/Component/src/ESMCI_FTable.C:2167
10 0x000000000064f15a ESMCI_FTableCallEntryPointVMHop()  /work/noaa/da/mpotts/sandbox/pgi_2019_openmpi_O_release_8.4.0/esmf/src/Superstructure/Component/src/ESMCI_FTable.C:824
11 0x0000000000a36458 ESMCI::VM::enter()  /work/noaa/da/mpotts/sandbox/pgi_2019_openmpi_O_release_8.4.0/esmf/src/Infrastructure/VM/src/ESMCI_VM.C:1216
12 0x000000000064f537 c_esmc_ftablecallentrypointvm_()  /work/noaa/da/mpotts/sandbox/pgi_2019_openmpi_O_release_8.4.0/esmf/src/Superstructure/Component/src/ESMCI_FTable.C:981
13 0x0000000000c0994d esmf_compmod_esmf_compexecute_()  /work/noaa/da/mpotts/sandbox/pgi_2019_openmpi_O_release_8.4.0/esmf/src/Superstructure/Component/src/ESMF_Comp.F90:1223
14 0x0000000000c1a1f1 esmf_cplcompmod_esmf_cplcompinitialize_()  /work/noaa/da/mpotts/sandbox/pgi_2019_openmpi_O_release_8.4.0/esmf/src/Superstructure/Component/src/ESMF_CplComp.F90:1165
15 0x00000000012475a4 nuopc_driver_loopconnectorcompss_()  /work/noaa/da/mpotts/sandbox/pgi_2019_openmpi_O_release_8.4.0/esmf/src/addon/NUOPC/src/NUOPC_Driver.F90:2869
16 0x000000000123eac1 nuopc_driver_initializeipdv02p3_()  /work/noaa/da/mpotts/sandbox/pgi_2019_openmpi_O_release_8.4.0/esmf/src/addon/NUOPC/src/NUOPC_Driver.F90:2020
17 0x000000000122e5ea nuopc_driver_initializegeneric_()  /work/noaa/da/mpotts/sandbox/pgi_2019_openmpi_O_release_8.4.0/esmf/src/addon/NUOPC/src/NUOPC_Driver.F90:479
18 0x0000000000650f57 ESMCI::FTable::callVFuncPtr()  /work/noaa/da/mpotts/sandbox/pgi_2019_openmpi_O_release_8.4.0/esmf/src/Superstructure/Component/src/ESMCI_FTable.C:2167
19 0x000000000064f15a ESMCI_FTableCallEntryPointVMHop()  /work/noaa/da/mpotts/sandbox/pgi_2019_openmpi_O_release_8.4.0/esmf/src/Superstructure/Component/src/ESMCI_FTable.C:824
20 0x0000000000a36458 ESMCI::VM::enter()  /work/noaa/da/mpotts/sandbox/pgi_2019_openmpi_O_release_8.4.0/esmf/src/Infrastructure/VM/src/ESMCI_VM.C:1216
21 0x000000000064f537 c_esmc_ftablecallentrypointvm_()  /work/noaa/da/mpotts/sandbox/pgi_2019_openmpi_O_release_8.4.0/esmf/src/Superstructure/Component/src/ESMCI_FTable.C:981
22 0x0000000000c0994d esmf_compmod_esmf_compexecute_()  /work/noaa/da/mpotts/sandbox/pgi_2019_openmpi_O_release_8.4.0/esmf/src/Superstructure/Component/src/ESMF_Comp.F90:1223
[Orion-02-13:187865] [ 6] /work/noaa/da/mpotts/sandbox/pgi_2019_openmpi_O_release_8.4.0/esmf/DEFAULTINSTALLDIR/lib/libO/Linux.pgi.64.openmpi.default/libesmf.so(esmf_fieldregridmod_getmeshwithnodesonfieldloc_+0x394)[0x7f6ae51f1004]
23 0x0000000000ddd9a1 esmf_gridcompmod_esmf_gridcompinitialize_()  /work/noaa/da/mpotts/sandbox/pgi_2019_openmpi_O_release_8.4.0/esmf/src/Superstructure/Component/src/ESMF_GridComp.F90:1412
24 0x0000000000405b8d MAIN_()  /work/noaa/da/mpotts/sandbox/pgi_2019_openmpi_O_release_8.4.0/nuopc-app-prototypes/AtmOcnProto/esmApp.F90:58
25 0x0000000000405803 main()  ???:0
26 0x0000000000022495 __libc_start_main()  ???:0
27 0x0000000000405709 _start()  ???:0
=================================
[Orion-02-13:187864] *** Process received signal ***
[Orion-02-13:187866] [ 5] /work/noaa/da/mpotts/sandbox/pgi_2019_openmpi_O_release_8.4.0/esmf/DEFAULTINSTALLDIR/lib/libO/Linux.pgi.64.openmpi.default/libesmf.so(esmf_fieldregridmod_b_or_p_gridtomesh_+0x156)[0x7f7dba995af6]
[Orion-02-13:187864] Signal: Segmentation fault (11)
[Orion-02-13:187864] Signal code:  (-6)
[Orion-02-13:187864] Failing at address: 0x20e50002ddd8
[Orion-02-13:187865] [ 7] /work/noaa/da/mpotts/sandbox/pgi_2019_openmpi_O_release_8.4.0/esmf/DEFAULTINSTALLDIR/lib/libO/Linux.pgi.64.openmpi.default/libesmf.so(esmf_fieldregridmod_esmf_fieldregridstorenx_+0x9c3)[0x7f6ae51ef563]
[Orion-02-13:187864] [ 0] /lib64/libpthread.so.0(+0xf5d0)[0x7fd69b5f35d0]
[Orion-02-13:187866] [ 6] /work/noaa/da/mpotts/sandbox/pgi_2019_openmpi_O_release_8.4.0/esmf/DEFAULTINSTALLDIR/lib/libO/Linux.pgi.64.openmpi.default/libesmf.so(esmf_fieldregridmod_getmeshwithnodesonfieldloc_+0x394)[0x7f7dba993004]
[Orion-02-13:187865] [ 8] /work/noaa/da/mpotts/sandbox/pgi_2019_openmpi_O_release_8.4.0/esmf/DEFAULTINSTALLDIR/lib/libO/Linux.pgi.64.openmpi.default/libesmf.so(nuopc_connector_fieldbundlecplstore_+0xbc87)[0x7f6ae567fa17]
[Orion-02-13:187864] [ 1] /work/noaa/da/mpotts/sandbox/pgi_2019_openmpi_O_release_8.4.0/esmf/DEFAULTINSTALLDIR/lib/libO/Linux.pgi.64.openmpi.default/libesmf.so(_ZN5ESMCI6LogErr13MsgFoundErrorEiPKciS2_S2_Pi+0x33)[0x7fd699d972b3]
[Orion-02-13:187866] [ 7] /work/noaa/da/mpotts/sandbox/pgi_2019_openmpi_O_release_8.4.0/esmf/DEFAULTINSTALLDIR/lib/libO/Linux.pgi.64.openmpi.default/libesmf.so(esmf_fieldregridmod_esmf_fieldregridstorenx_+0x9c3)[0x7f7dba991563]
[Orion-02-13:187865] [ 9] /work/noaa/da/mpotts/sandbox/pgi_2019_openmpi_O_release_8.4.0/esmf/DEFAULTINSTALLDIR/lib/libO/Linux.pgi.64.openmpi.default/libesmf.so(nuopc_connector_initializeipdv05p6b_+0x4f74)[0x7f6ae5666e74]
[Orion-02-13:187864] [ 2] /work/noaa/da/mpotts/sandbox/pgi_2019_openmpi_O_release_8.4.0/esmf/DEFAULTINSTALLDIR/lib/libO/Linux.pgi.64.openmpi.default/libesmf.so(c_esmc_meshcreatenodedistgrid_+0xa1)[0x7fd699eef4b1]
[Orion-02-13:187865] [10] /work/noaa/da/mpotts/sandbox/pgi_2019_openmpi_O_release_8.4.0/esmf/DEFAULTINSTALLDIR/lib/libO/Linux.pgi.64.openmpi.default/libesmf.so(_ZN5ESMCI6FTable12callVFuncPtrEPKcPNS_2VMEPi+0x417)[0x7f6ae4aa8f57]
[Orion-02-13:187866] [ 8] /work/noaa/da/mpotts/sandbox/pgi_2019_openmpi_O_release_8.4.0/esmf/DEFAULTINSTALLDIR/lib/libO/Linux.pgi.64.openmpi.default/libesmf.so(nuopc_connector_fieldbundlecplstore_+0xbc87)[0x7f7dbae21a17]
[Orion-02-13:187865] [11] /work/noaa/da/mpotts/sandbox/pgi_2019_openmpi_O_release_8.4.0/esmf/DEFAULTINSTALLDIR/lib/libO/Linux.pgi.64.openmpi.default/libesmf.so(ESMCI_FTableCallEntryPointVMHop+0x1ea)[0x7f6ae4aa715a]
[Orion-02-13:187866] [ 9] /work/noaa/da/mpotts/sandbox/pgi_2019_openmpi_O_release_8.4.0/esmf/DEFAULTINSTALLDIR/lib/libO/Linux.pgi.64.openmpi.default/libesmf.so(nuopc_connector_initializeipdv05p6b_+0x4f74)[0x7f7dbae08e74]
[Orion-02-13:187864] [ 3] /work/noaa/da/mpotts/sandbox/pgi_2019_openmpi_O_release_8.4.0/esmf/DEFAULTINSTALLDIR/lib/libO/Linux.pgi.64.openmpi.default/libesmf.so(esmf_meshmod_esmf_meshcreatefrompointer_+0x4c)[0x7fd69a600f5c]
[Orion-02-13:187866] [10] /work/noaa/da/mpotts/sandbox/pgi_2019_openmpi_O_release_8.4.0/esmf/DEFAULTINSTALLDIR/lib/libO/Linux.pgi.64.openmpi.default/libesmf.so(_ZN5ESMCI6FTable12callVFuncPtrEPKcPNS_2VMEPi+0x417)[0x7f7dba24af57]
[Orion-02-13:187865] [12] /work/noaa/da/mpotts/sandbox/pgi_2019_openmpi_O_release_8.4.0/esmf/DEFAULTINSTALLDIR/lib/libO/Linux.pgi.64.openmpi.default/libesmf.so(_ZN5ESMCI2VM5enterEPNS_6VMPlanEPvS3_+0x18)[0x7f6ae4e8e458]
[Orion-02-13:187864] [ 4] /work/noaa/da/mpotts/sandbox/pgi_2019_openmpi_O_release_8.4.0/esmf/DEFAULTINSTALLDIR/lib/libO/Linux.pgi.64.openmpi.default/libesmf.so(esmf_gridutilmod_esmf_gridtomesh_+0x352)[0x7fd69a4e2722]
[Orion-02-13:187866] [11] /work/noaa/da/mpotts/sandbox/pgi_2019_openmpi_O_release_8.4.0/esmf/DEFAULTINSTALLDIR/lib/libO/Linux.pgi.64.openmpi.default/libesmf.so(ESMCI_FTableCallEntryPointVMHop+0x1ea)[0x7f7dba24915a]
[Orion-02-13:187865] [13] /work/noaa/da/mpotts/sandbox/pgi_2019_openmpi_O_release_8.4.0/esmf/DEFAULTINSTALLDIR/lib/libO/Linux.pgi.64.openmpi.default/libesmf.so(c_esmc_ftablecallentrypointvm_+0x337)[0x7f6ae4aa7537]
[Orion-02-13:187864] [ 5] /work/noaa/da/mpotts/sandbox/pgi_2019_openmpi_O_release_8.4.0/esmf/DEFAULTINSTALLDIR/lib/libO/Linux.pgi.64.openmpi.default/libesmf.so(esmf_fieldregridmod_b_or_p_gridtomesh_+0x156)[0x7fd69a406af6]
[Orion-02-13:187866] [12] /work/noaa/da/mpotts/sandbox/pgi_2019_openmpi_O_release_8.4.0/esmf/DEFAULTINSTALLDIR/lib/libO/Linux.pgi.64.openmpi.default/libesmf.so(_ZN5ESMCI2VM5enterEPNS_6VMPlanEPvS3_+0x18)[0x7f7dba630458]
[Orion-02-13:187865] [14] /work/noaa/da/mpotts/sandbox/pgi_2019_openmpi_O_release_8.4.0/esmf/DEFAULTINSTALLDIR/lib/libO/Linux.pgi.64.openmpi.default/libesmf.so(esmf_compmod_esmf_compexecute_+0x7ed)[0x7f6ae506194d]
[Orion-02-13:187866] [13] /work/noaa/da/mpotts/sandbox/pgi_2019_openmpi_O_release_8.4.0/esmf/DEFAULTINSTALLDIR/lib/libO/Linux.pgi.64.openmpi.default/libesmf.so(c_esmc_ftablecallentrypointvm_+0x337)[0x7f7dba249537]
[Orion-02-13:187864] [ 6] /work/noaa/da/mpotts/sandbox/pgi_2019_openmpi_O_release_8.4.0/esmf/DEFAULTINSTALLDIR/lib/libO/Linux.pgi.64.openmpi.default/libesmf.so(esmf_fieldregridmod_getmeshwithnodesonfieldloc_+0x394)[0x7fd69a404004]
[Orion-02-13:187865] [15] /work/noaa/da/mpotts/sandbox/pgi_2019_openmpi_O_release_8.4.0/esmf/DEFAULTINSTALLDIR/lib/libO/Linux.pgi.64.openmpi.default/libesmf.so(esmf_cplcompmod_esmf_cplcompinitialize_+0x161)[0x7f6ae50721f1]
[Orion-02-13:187866] [14] /work/noaa/da/mpotts/sandbox/pgi_2019_openmpi_O_release_8.4.0/esmf/DEFAULTINSTALLDIR/lib/libO/Linux.pgi.64.openmpi.default/libesmf.so(esmf_compmod_esmf_compexecute_+0x7ed)[0x7f7dba80394d]
[Orion-02-13:187864] [ 7] /work/noaa/da/mpotts/sandbox/pgi_2019_openmpi_O_release_8.4.0/esmf/DEFAULTINSTALLDIR/lib/libO/Linux.pgi.64.openmpi.default/libesmf.so(esmf_fieldregridmod_esmf_fieldregridstorenx_+0x9c3)[0x7fd69a402563]
[Orion-02-13:187865] [16] /work/noaa/da/mpotts/sandbox/pgi_2019_openmpi_O_release_8.4.0/esmf/DEFAULTINSTALLDIR/lib/libO/Linux.pgi.64.openmpi.default/libesmf.so(nuopc_driver_loopconnectorcompss_+0xeb4)[0x7f6ae569f5a4]
[Orion-02-13:187864] [ 8] /work/noaa/da/mpotts/sandbox/pgi_2019_openmpi_O_release_8.4.0/esmf/DEFAULTINSTALLDIR/lib/libO/Linux.pgi.64.openmpi.default/libesmf.so(nuopc_connector_fieldbundlecplstore_+0xbc87)[0x7fd69a892a17]
[Orion-02-13:187866] [15] /work/noaa/da/mpotts/sandbox/pgi_2019_openmpi_O_release_8.4.0/esmf/DEFAULTINSTALLDIR/lib/libO/Linux.pgi.64.openmpi.default/libesmf.so(esmf_cplcompmod_esmf_cplcompinitialize_+0x161)[0x7f7dba8141f1]
[Orion-02-13:187865] [17] /work/noaa/da/mpotts/sandbox/pgi_2019_openmpi_O_release_8.4.0/esmf/DEFAULTINSTALLDIR/lib/libO/Linux.pgi.64.openmpi.default/libesmf.so(nuopc_driver_initializeipdv02p3_+0x20f1)[0x7f6ae5696ac1]
[Orion-02-13:187864] [ 9] /work/noaa/da/mpotts/sandbox/pgi_2019_openmpi_O_release_8.4.0/esmf/DEFAULTINSTALLDIR/lib/libO/Linux.pgi.64.openmpi.default/libesmf.so(nuopc_connector_initializeipdv05p6b_+0x4f74)[0x7fd69a879e74]
[Orion-02-13:187866] [16] /work/noaa/da/mpotts/sandbox/pgi_2019_openmpi_O_release_8.4.0/esmf/DEFAULTINSTALLDIR/lib/libO/Linux.pgi.64.openmpi.default/libesmf.so(nuopc_driver_loopconnectorcompss_+0xeb4)[0x7f7dbae415a4]
[Orion-02-13:187865] [18] /work/noaa/da/mpotts/sandbox/pgi_2019_openmpi_O_release_8.4.0/esmf/DEFAULTINSTALLDIR/lib/libO/Linux.pgi.64.openmpi.default/libesmf.so(nuopc_driver_initializegeneric_+0x62a)[0x7f6ae56865ea]
[Orion-02-13:187864] [10] /work/noaa/da/mpotts/sandbox/pgi_2019_openmpi_O_release_8.4.0/esmf/DEFAULTINSTALLDIR/lib/libO/Linux.pgi.64.openmpi.default/libesmf.so(_ZN5ESMCI6FTable12callVFuncPtrEPKcPNS_2VMEPi+0x417)[0x7fd699cbbf57]
[Orion-02-13:187865] [19] /work/noaa/da/mpotts/sandbox/pgi_2019_openmpi_O_release_8.4.0/esmf/DEFAULTINSTALLDIR/lib/libO/Linux.pgi.64.openmpi.default/libesmf.so(_ZN5ESMCI6FTable12callVFuncPtrEPKcPNS_2VMEPi+0x417)[0x7f6ae4aa8f57]
[Orion-02-13:187866] [17] /work/noaa/da/mpotts/sandbox/pgi_2019_openmpi_O_release_8.4.0/esmf/DEFAULTINSTALLDIR/lib/libO/Linux.pgi.64.openmpi.default/libesmf.so(nuopc_driver_initializeipdv02p3_+0x20f1)[0x7f7dbae38ac1]
[Orion-02-13:187864] [11] /work/noaa/da/mpotts/sandbox/pgi_2019_openmpi_O_release_8.4.0/esmf/DEFAULTINSTALLDIR/lib/libO/Linux.pgi.64.openmpi.default/libesmf.so(ESMCI_FTableCallEntryPointVMHop+0x1ea)[0x7fd699cba15a]
[Orion-02-13:187865] [20] /work/noaa/da/mpotts/sandbox/pgi_2019_openmpi_O_release_8.4.0/esmf/DEFAULTINSTALLDIR/lib/libO/Linux.pgi.64.openmpi.default/libesmf.so(ESMCI_FTableCallEntryPointVMHop+0x1ea)[0x7f6ae4aa715a]
[Orion-02-13:187866] [18] /work/noaa/da/mpotts/sandbox/pgi_2019_openmpi_O_release_8.4.0/esmf/DEFAULTINSTALLDIR/lib/libO/Linux.pgi.64.openmpi.default/libesmf.so(nuopc_driver_initializegeneric_+0x62a)[0x7f7dbae285ea]
[Orion-02-13:187864] [12] /work/noaa/da/mpotts/sandbox/pgi_2019_openmpi_O_release_8.4.0/esmf/DEFAULTINSTALLDIR/lib/libO/Linux.pgi.64.openmpi.default/libesmf.so(_ZN5ESMCI2VM5enterEPNS_6VMPlanEPvS3_+0x18)[0x7fd69a0a1458]
[Orion-02-13:187866] [19] /work/noaa/da/mpotts/sandbox/pgi_2019_openmpi_O_release_8.4.0/esmf/DEFAULTINSTALLDIR/lib/libO/Linux.pgi.64.openmpi.default/libesmf.so(_ZN5ESMCI6FTable12callVFuncPtrEPKcPNS_2VMEPi+0x417)[0x7f7dba24af57]
[Orion-02-13:187865] [21] /work/noaa/da/mpotts/sandbox/pgi_2019_openmpi_O_release_8.4.0/esmf/DEFAULTINSTALLDIR/lib/libO/Linux.pgi.64.openmpi.default/libesmf.so(_ZN5ESMCI2VM5enterEPNS_6VMPlanEPvS3_+0x18)[0x7f6ae4e8e458]
[Orion-02-13:187864] [13] /work/noaa/da/mpotts/sandbox/pgi_2019_openmpi_O_release_8.4.0/esmf/DEFAULTINSTALLDIR/lib/libO/Linux.pgi.64.openmpi.default/libesmf.so(c_esmc_ftablecallentrypointvm_+0x337)[0x7fd699cba537]
[Orion-02-13:187866] [20] /work/noaa/da/mpotts/sandbox/pgi_2019_openmpi_O_release_8.4.0/esmf/DEFAULTINSTALLDIR/lib/libO/Linux.pgi.64.openmpi.default/libesmf.so(ESMCI_FTableCallEntryPointVMHop+0x1ea)[0x7f7dba24915a]
[Orion-02-13:187865] [22] /work/noaa/da/mpotts/sandbox/pgi_2019_openmpi_O_release_8.4.0/esmf/DEFAULTINSTALLDIR/lib/libO/Linux.pgi.64.openmpi.default/libesmf.so(c_esmc_ftablecallentrypointvm_+0x337)[0x7f6ae4aa7537]
[Orion-02-13:187864] [14] /work/noaa/da/mpotts/sandbox/pgi_2019_openmpi_O_release_8.4.0/esmf/DEFAULTINSTALLDIR/lib/libO/Linux.pgi.64.openmpi.default/libesmf.so(esmf_compmod_esmf_compexecute_+0x7ed)[0x7fd69a27494d]
[Orion-02-13:187866] [21] /work/noaa/da/mpotts/sandbox/pgi_2019_openmpi_O_release_8.4.0/esmf/DEFAULTINSTALLDIR/lib/libO/Linux.pgi.64.openmpi.default/libesmf.so(_ZN5ESMCI2VM5enterEPNS_6VMPlanEPvS3_+0x18)[0x7f7dba630458]
[Orion-02-13:187865] [23] /work/noaa/da/mpotts/sandbox/pgi_2019_openmpi_O_release_8.4.0/esmf/DEFAULTINSTALLDIR/lib/libO/Linux.pgi.64.openmpi.default/libesmf.so(esmf_compmod_esmf_compexecute_+0x7ed)[0x7f6ae506194d]
[Orion-02-13:187866] [22] /work/noaa/da/mpotts/sandbox/pgi_2019_openmpi_O_release_8.4.0/esmf/DEFAULTINSTALLDIR/lib/libO/Linux.pgi.64.openmpi.default/libesmf.so(c_esmc_ftablecallentrypointvm_+0x337)[0x7f7dba249537]
[Orion-02-13:187864] [15] /work/noaa/da/mpotts/sandbox/pgi_2019_openmpi_O_release_8.4.0/esmf/DEFAULTINSTALLDIR/lib/libO/Linux.pgi.64.openmpi.default/libesmf.so(esmf_cplcompmod_esmf_cplcompinitialize_+0x161)[0x7fd69a2851f1]
[Orion-02-13:187865] [24] /work/noaa/da/mpotts/sandbox/pgi_2019_openmpi_O_release_8.4.0/esmf/DEFAULTINSTALLDIR/lib/libO/Linux.pgi.64.openmpi.default/libesmf.so(esmf_gridcompmod_esmf_gridcompinitialize_+0x161)[0x7f6ae52359a1]
[Orion-02-13:187865] [25] /work/noaa/da/mpotts/sandbox/pgi_2019_openmpi_O_release_8.4.0/nuopc-app-prototypes/AtmOcnProto/./esmApp[0x405b8d]
[Orion-02-13:187865] [26] /work/noaa/da/mpotts/sandbox/pgi_2019_openmpi_O_release_8.4.0/nuopc-app-prototypes/AtmOcnProto/./esmApp[0x405803]
[Orion-02-13:187865] [27] /lib64/libc.so.6(__libc_start_main+0xf5)[0x7f6ae08a5495]
[Orion-02-13:187865] [28] /work/noaa/da/mpotts/sandbox/pgi_2019_openmpi_O_release_8.4.0/nuopc-app-prototypes/AtmOcnProto/./esmApp[0x405709]
[Orion-02-13:187865] *** End of error message ***
[Orion-02-13:187866] [23] /work/noaa/da/mpotts/sandbox/pgi_2019_openmpi_O_release_8.4.0/esmf/DEFAULTINSTALLDIR/lib/libO/Linux.pgi.64.openmpi.default/libesmf.so(esmf_compmod_esmf_compexecute_+0x7ed)[0x7f7dba80394d]
[Orion-02-13:187864] [16] /work/noaa/da/mpotts/sandbox/pgi_2019_openmpi_O_release_8.4.0/esmf/DEFAULTINSTALLDIR/lib/libO/Linux.pgi.64.openmpi.default/libesmf.so(nuopc_driver_loopconnectorcompss_+0xeb4)[0x7fd69a8b25a4]
[Orion-02-13:187864] [17] /work/noaa/da/mpotts/sandbox/pgi_2019_openmpi_O_release_8.4.0/esmf/DEFAULTINSTALLDIR/lib/libO/Linux.pgi.64.openmpi.default/libesmf.so(nuopc_driver_initializeipdv02p3_+0x20f1)[0x7fd69a8a9ac1]
[Orion-02-13:187866] [24] /work/noaa/da/mpotts/sandbox/pgi_2019_openmpi_O_release_8.4.0/esmf/DEFAULTINSTALLDIR/lib/libO/Linux.pgi.64.openmpi.default/libesmf.so(esmf_gridcompmod_esmf_gridcompinitialize_+0x161)[0x7f7dba9d79a1]
[Orion-02-13:187866] [25] /work/noaa/da/mpotts/sandbox/pgi_2019_openmpi_O_release_8.4.0/nuopc-app-prototypes/AtmOcnProto/./esmApp[0x405b8d]
[Orion-02-13:187866] [26] /work/noaa/da/mpotts/sandbox/pgi_2019_openmpi_O_release_8.4.0/nuopc-app-prototypes/AtmOcnProto/./esmApp[0x405803]
[Orion-02-13:187866] [27] /lib64/libc.so.6(__libc_start_main+0xf5)[0x7f7db6047495]
[Orion-02-13:187866] [28] /work/noaa/da/mpotts/sandbox/pgi_2019_openmpi_O_release_8.4.0/nuopc-app-prototypes/AtmOcnProto/./esmApp[0x405709]
[Orion-02-13:187866] *** End of error message ***
[Orion-02-13:187864] [18] /work/noaa/da/mpotts/sandbox/pgi_2019_openmpi_O_release_8.4.0/esmf/DEFAULTINSTALLDIR/lib/libO/Linux.pgi.64.openmpi.default/libesmf.so(nuopc_driver_initializegeneric_+0x62a)[0x7fd69a8995ea]
[Orion-02-13:187864] [19] /work/noaa/da/mpotts/sandbox/pgi_2019_openmpi_O_release_8.4.0/esmf/DEFAULTINSTALLDIR/lib/libO/Linux.pgi.64.openmpi.default/libesmf.so(_ZN5ESMCI6FTable12callVFuncPtrEPKcPNS_2VMEPi+0x417)[0x7fd699cbbf57]
[Orion-02-13:187864] [20] /work/noaa/da/mpotts/sandbox/pgi_2019_openmpi_O_release_8.4.0/esmf/DEFAULTINSTALLDIR/lib/libO/Linux.pgi.64.openmpi.default/libesmf.so(ESMCI_FTableCallEntryPointVMHop+0x1ea)[0x7fd699cba15a]
[Orion-02-13:187864] [21] /work/noaa/da/mpotts/sandbox/pgi_2019_openmpi_O_release_8.4.0/esmf/DEFAULTINSTALLDIR/lib/libO/Linux.pgi.64.openmpi.default/libesmf.so(_ZN5ESMCI2VM5enterEPNS_6VMPlanEPvS3_+0x18)[0x7fd69a0a1458]
[Orion-02-13:187864] [22] /work/noaa/da/mpotts/sandbox/pgi_2019_openmpi_O_release_8.4.0/esmf/DEFAULTINSTALLDIR/lib/libO/Linux.pgi.64.openmpi.default/libesmf.so(c_esmc_ftablecallentrypointvm_+0x337)[0x7fd699cba537]
[Orion-02-13:187864] [23] /work/noaa/da/mpotts/sandbox/pgi_2019_openmpi_O_release_8.4.0/esmf/DEFAULTINSTALLDIR/lib/libO/Linux.pgi.64.openmpi.default/libesmf.so(esmf_compmod_esmf_compexecute_+0x7ed)[0x7fd69a27494d]
[Orion-02-13:187864] [24] /work/noaa/da/mpotts/sandbox/pgi_2019_openmpi_O_release_8.4.0/esmf/DEFAULTINSTALLDIR/lib/libO/Linux.pgi.64.openmpi.default/libesmf.so(esmf_gridcompmod_esmf_gridcompinitialize_+0x161)[0x7fd69a4489a1]
[Orion-02-13:187864] [25] /work/noaa/da/mpotts/sandbox/pgi_2019_openmpi_O_release_8.4.0/nuopc-app-prototypes/AtmOcnProto/./esmApp[0x405b8d]
[Orion-02-13:187864] [26] /work/noaa/da/mpotts/sandbox/pgi_2019_openmpi_O_release_8.4.0/nuopc-app-prototypes/AtmOcnProto/./esmApp[0x405803]
[Orion-02-13:187864] [27] /lib64/libc.so.6(__libc_start_main+0xf5)[0x7fd695ab8495]
[Orion-02-13:187864] [28] /work/noaa/da/mpotts/sandbox/pgi_2019_openmpi_O_release_8.4.0/nuopc-app-prototypes/AtmOcnProto/./esmApp[0x405709]
[Orion-02-13:187864] *** End of error message ***
==== backtrace (tid: 187863) ====
 0 0x000000000072c2b3 ESMCI::LogErr::MsgFoundError()  /work/noaa/da/mpotts/sandbox/pgi_2019_openmpi_O_release_8.4.0/esmf/src/Infrastructure/LogErr/src/ESMCI_LogErr.C:586
 1 0x00000000008844b1 c_esmc_meshcreatenodedistgrid_()  /work/noaa/da/mpotts/sandbox/pgi_2019_openmpi_O_release_8.4.0/esmf/src/Infrastructure/Mesh/interface/ESMCI_Mesh_F.C:248
 2 0x0000000000f95f5c esmf_meshmod_esmf_meshcreatefrompointer_()  /work/noaa/da/mpotts/sandbox/pgi_2019_openmpi_O_release_8.4.0/esmf/src/Infrastructure/Mesh/interface/ESMF_Mesh.F90:3091
 3 0x0000000000e77722 esmf_gridutilmod_esmf_gridtomesh_()  /work/noaa/da/mpotts/sandbox/pgi_2019_openmpi_O_release_8.4.0/esmf/src/Infrastructure/GridUtil/interface/ESMF_GridUtil.F90:453
 4 0x0000000000d9baf6 esmf_fieldregridmod_b_or_p_gridtomesh_()  /work/noaa/da/mpotts/sandbox/pgi_2019_openmpi_O_release_8.4.0/esmf/src/Infrastructure/Field/src/ESMF_FieldRegrid.F90:3228
 5 0x0000000000d99004 esmf_fieldregridmod_getmeshwithnodesonfieldloc_()  /work/noaa/da/mpotts/sandbox/pgi_2019_openmpi_O_release_8.4.0/esmf/src/Infrastructure/Field/src/ESMF_FieldRegrid.F90:1346
 6 0x0000000000d97563 esmf_fieldregridmod_esmf_fieldregridstorenx_()  /work/noaa/da/mpotts/sandbox/pgi_2019_openmpi_O_release_8.4.0/esmf/src/Infrastructure/Field/src/ESMF_FieldRegrid.F90:971
 7 0x0000000001227a17 nuopc_connector_fieldbundlecplstore_()  /work/noaa/da/mpotts/sandbox/pgi_2019_openmpi_O_release_8.4.0/esmf/src/addon/NUOPC/src/NUOPC_Connector.F90:7919
 8 0x000000000120ee74 nuopc_connector_initializeipdv05p6b_()  /work/noaa/da/mpotts/sandbox/pgi_2019_openmpi_O_release_8.4.0/esmf/src/addon/NUOPC/src/NUOPC_Connector.F90:5386
 9 0x0000000000650f57 ESMCI::FTable::callVFuncPtr()  /work/noaa/da/mpotts/sandbox/pgi_2019_openmpi_O_release_8.4.0/esmf/src/Superstructure/Component/src/ESMCI_FTable.C:2167
10 0x000000000064f15a ESMCI_FTableCallEntryPointVMHop()  /work/noaa/da/mpotts/sandbox/pgi_2019_openmpi_O_release_8.4.0/esmf/src/Superstructure/Component/src/ESMCI_FTable.C:824
11 0x0000000000a36458 ESMCI::VM::enter()  /work/noaa/da/mpotts/sandbox/pgi_2019_openmpi_O_release_8.4.0/esmf/src/Infrastructure/VM/src/ESMCI_VM.C:1216
12 0x000000000064f537 c_esmc_ftablecallentrypointvm_()  /work/noaa/da/mpotts/sandbox/pgi_2019_openmpi_O_release_8.4.0/esmf/src/Superstructure/Component/src/ESMCI_FTable.C:981
13 0x0000000000c0994d esmf_compmod_esmf_compexecute_()  /work/noaa/da/mpotts/sandbox/pgi_2019_openmpi_O_release_8.4.0/esmf/src/Superstructure/Component/src/ESMF_Comp.F90:1223
14 0x0000000000c1a1f1 esmf_cplcompmod_esmf_cplcompinitialize_()  /work/noaa/da/mpotts/sandbox/pgi_2019_openmpi_O_release_8.4.0/esmf/src/Superstructure/Component/src/ESMF_CplComp.F90:1165
15 0x00000000012475a4 nuopc_driver_loopconnectorcompss_()  /work/noaa/da/mpotts/sandbox/pgi_2019_openmpi_O_release_8.4.0/esmf/src/addon/NUOPC/src/NUOPC_Driver.F90:2869
16 0x000000000123eac1 nuopc_driver_initializeipdv02p3_()  /work/noaa/da/mpotts/sandbox/pgi_2019_openmpi_O_release_8.4.0/esmf/src/addon/NUOPC/src/NUOPC_Driver.F90:2020
17 0x000000000122e5ea nuopc_driver_initializegeneric_()  /work/noaa/da/mpotts/sandbox/pgi_2019_openmpi_O_release_8.4.0/esmf/src/addon/NUOPC/src/NUOPC_Driver.F90:479
18 0x0000000000650f57 ESMCI::FTable::callVFuncPtr()  /work/noaa/da/mpotts/sandbox/pgi_2019_openmpi_O_release_8.4.0/esmf/src/Superstructure/Component/src/ESMCI_FTable.C:2167
19 0x000000000064f15a ESMCI_FTableCallEntryPointVMHop()  /work/noaa/da/mpotts/sandbox/pgi_2019_openmpi_O_release_8.4.0/esmf/src/Superstructure/Component/src/ESMCI_FTable.C:824
20 0x0000000000a36458 ESMCI::VM::enter()  /work/noaa/da/mpotts/sandbox/pgi_2019_openmpi_O_release_8.4.0/esmf/src/Infrastructure/VM/src/ESMCI_VM.C:1216
21 0x000000000064f537 c_esmc_ftablecallentrypointvm_()  /work/noaa/da/mpotts/sandbox/pgi_2019_openmpi_O_release_8.4.0/esmf/src/Superstructure/Component/src/ESMCI_FTable.C:981
22 0x0000000000c0994d esmf_compmod_esmf_compexecute_()  /work/noaa/da/mpotts/sandbox/pgi_2019_openmpi_O_release_8.4.0/esmf/src/Superstructure/Component/src/ESMF_Comp.F90:1223
23 0x0000000000ddd9a1 esmf_gridcompmod_esmf_gridcompinitialize_()  /work/noaa/da/mpotts/sandbox/pgi_2019_openmpi_O_release_8.4.0/esmf/src/Superstructure/Component/src/ESMF_GridComp.F90:1412
24 0x0000000000405b8d MAIN_()  /work/noaa/da/mpotts/sandbox/pgi_2019_openmpi_O_release_8.4.0/nuopc-app-prototypes/AtmOcnProto/esmApp.F90:58
25 0x0000000000405803 main()  ???:0
26 0x0000000000022495 __libc_start_main()  ???:0
27 0x0000000000405709 _start()  ???:0
=================================
[Orion-02-13:187863] *** Process received signal ***
[Orion-02-13:187863] Signal: Segmentation fault (11)
[Orion-02-13:187863] Signal code:  (-6)
[Orion-02-13:187863] Failing at address: 0x20e50002ddd7
[Orion-02-13:187863] [ 0] /lib64/libpthread.so.0(+0xf5d0)[0x7f05f4fef5d0]
[Orion-02-13:187863] [ 1] /work/noaa/da/mpotts/sandbox/pgi_2019_openmpi_O_release_8.4.0/esmf/DEFAULTINSTALLDIR/lib/libO/Linux.pgi.64.openmpi.default/libesmf.so(_ZN5ESMCI6LogErr13MsgFoundErrorEiPKciS2_S2_Pi+0x33)[0x7f05f37932b3]
[Orion-02-13:187863] [ 2] /work/noaa/da/mpotts/sandbox/pgi_2019_openmpi_O_release_8.4.0/esmf/DEFAULTINSTALLDIR/lib/libO/Linux.pgi.64.openmpi.default/libesmf.so(c_esmc_meshcreatenodedistgrid_+0xa1)[0x7f05f38eb4b1]
[Orion-02-13:187863] [ 3] /work/noaa/da/mpotts/sandbox/pgi_2019_openmpi_O_release_8.4.0/esmf/DEFAULTINSTALLDIR/lib/libO/Linux.pgi.64.openmpi.default/libesmf.so(esmf_meshmod_esmf_meshcreatefrompointer_+0x4c)[0x7f05f3ffcf5c]
[Orion-02-13:187863] [ 4] /work/noaa/da/mpotts/sandbox/pgi_2019_openmpi_O_release_8.4.0/esmf/DEFAULTINSTALLDIR/lib/libO/Linux.pgi.64.openmpi.default/libesmf.so(esmf_gridutilmod_esmf_gridtomesh_+0x352)[0x7f05f3ede722]
[Orion-02-13:187863] [ 5] /work/noaa/da/mpotts/sandbox/pgi_2019_openmpi_O_release_8.4.0/esmf/DEFAULTINSTALLDIR/lib/libO/Linux.pgi.64.openmpi.default/libesmf.so(esmf_fieldregridmod_b_or_p_gridtomesh_+0x156)[0x7f05f3e02af6]
[Orion-02-13:187863] [ 6] /work/noaa/da/mpotts/sandbox/pgi_2019_openmpi_O_release_8.4.0/esmf/DEFAULTINSTALLDIR/lib/libO/Linux.pgi.64.openmpi.default/libesmf.so(esmf_fieldregridmod_getmeshwithnodesonfieldloc_+0x394)[0x7f05f3e00004]
[Orion-02-13:187863] [ 7] /work/noaa/da/mpotts/sandbox/pgi_2019_openmpi_O_release_8.4.0/esmf/DEFAULTINSTALLDIR/lib/libO/Linux.pgi.64.openmpi.default/libesmf.so(esmf_fieldregridmod_esmf_fieldregridstorenx_+0x9c3)[0x7f05f3dfe563]
[Orion-02-13:187863] [ 8] /work/noaa/da/mpotts/sandbox/pgi_2019_openmpi_O_release_8.4.0/esmf/DEFAULTINSTALLDIR/lib/libO/Linux.pgi.64.openmpi.default/libesmf.so(nuopc_connector_fieldbundlecplstore_+0xbc87)[0x7f05f428ea17]
[Orion-02-13:187863] [ 9] /work/noaa/da/mpotts/sandbox/pgi_2019_openmpi_O_release_8.4.0/esmf/DEFAULTINSTALLDIR/lib/libO/Linux.pgi.64.openmpi.default/libesmf.so(nuopc_connector_initializeipdv05p6b_+0x4f74)[0x7f05f4275e74]
[Orion-02-13:187863] [10] /work/noaa/da/mpotts/sandbox/pgi_2019_openmpi_O_release_8.4.0/esmf/DEFAULTINSTALLDIR/lib/libO/Linux.pgi.64.openmpi.default/libesmf.so(_ZN5ESMCI6FTable12callVFuncPtrEPKcPNS_2VMEPi+0x417)[0x7f05f36b7f57]
[Orion-02-13:187863] [11] /work/noaa/da/mpotts/sandbox/pgi_2019_openmpi_O_release_8.4.0/esmf/DEFAULTINSTALLDIR/lib/libO/Linux.pgi.64.openmpi.default/libesmf.so(ESMCI_FTableCallEntryPointVMHop+0x1ea)[0x7f05f36b615a]
[Orion-02-13:187863] [12] /work/noaa/da/mpotts/sandbox/pgi_2019_openmpi_O_release_8.4.0/esmf/DEFAULTINSTALLDIR/lib/libO/Linux.pgi.64.openmpi.default/libesmf.so(_ZN5ESMCI2VM5enterEPNS_6VMPlanEPvS3_+0x18)[0x7f05f3a9d458]
[Orion-02-13:187863] [13] /work/noaa/da/mpotts/sandbox/pgi_2019_openmpi_O_release_8.4.0/esmf/DEFAULTINSTALLDIR/lib/libO/Linux.pgi.64.openmpi.default/libesmf.so(c_esmc_ftablecallentrypointvm_+0x337)[0x7f05f36b6537]
[Orion-02-13:187863] [14] /work/noaa/da/mpotts/sandbox/pgi_2019_openmpi_O_release_8.4.0/esmf/DEFAULTINSTALLDIR/lib/libO/Linux.pgi.64.openmpi.default/libesmf.so(esmf_compmod_esmf_compexecute_+0x7ed)[0x7f05f3c7094d]
[Orion-02-13:187863] [15] /work/noaa/da/mpotts/sandbox/pgi_2019_openmpi_O_release_8.4.0/esmf/DEFAULTINSTALLDIR/lib/libO/Linux.pgi.64.openmpi.default/libesmf.so(esmf_cplcompmod_esmf_cplcompinitialize_+0x161)[0x7f05f3c811f1]
[Orion-02-13:187863] [16] /work/noaa/da/mpotts/sandbox/pgi_2019_openmpi_O_release_8.4.0/esmf/DEFAULTINSTALLDIR/lib/libO/Linux.pgi.64.openmpi.default/libesmf.so(nuopc_driver_loopconnectorcompss_+0xeb4)[0x7f05f42ae5a4]
[Orion-02-13:187863] [17] /work/noaa/da/mpotts/sandbox/pgi_2019_openmpi_O_release_8.4.0/esmf/DEFAULTINSTALLDIR/lib/libO/Linux.pgi.64.openmpi.default/libesmf.so(nuopc_driver_initializeipdv02p3_+0x20f1)[0x7f05f42a5ac1]
[Orion-02-13:187863] [18] /work/noaa/da/mpotts/sandbox/pgi_2019_openmpi_O_release_8.4.0/esmf/DEFAULTINSTALLDIR/lib/libO/Linux.pgi.64.openmpi.default/libesmf.so(nuopc_driver_initializegeneric_+0x62a)[0x7f05f42955ea]
[Orion-02-13:187863] [19] /work/noaa/da/mpotts/sandbox/pgi_2019_openmpi_O_release_8.4.0/esmf/DEFAULTINSTALLDIR/lib/libO/Linux.pgi.64.openmpi.default/libesmf.so(_ZN5ESMCI6FTable12callVFuncPtrEPKcPNS_2VMEPi+0x417)[0x7f05f36b7f57]
[Orion-02-13:187863] [20] /work/noaa/da/mpotts/sandbox/pgi_2019_openmpi_O_release_8.4.0/esmf/DEFAULTINSTALLDIR/lib/libO/Linux.pgi.64.openmpi.default/libesmf.so(ESMCI_FTableCallEntryPointVMHop+0x1ea)[0x7f05f36b615a]
[Orion-02-13:187863] [21] /work/noaa/da/mpotts/sandbox/pgi_2019_openmpi_O_release_8.4.0/esmf/DEFAULTINSTALLDIR/lib/libO/Linux.pgi.64.openmpi.default/libesmf.so(_ZN5ESMCI2VM5enterEPNS_6VMPlanEPvS3_+0x18)[0x7f05f3a9d458]
[Orion-02-13:187863] [22] /work/noaa/da/mpotts/sandbox/pgi_2019_openmpi_O_release_8.4.0/esmf/DEFAULTINSTALLDIR/lib/libO/Linux.pgi.64.openmpi.default/libesmf.so(c_esmc_ftablecallentrypointvm_+0x337)[0x7f05f36b6537]
[Orion-02-13:187863] [23] /work/noaa/da/mpotts/sandbox/pgi_2019_openmpi_O_release_8.4.0/esmf/DEFAULTINSTALLDIR/lib/libO/Linux.pgi.64.openmpi.default/libesmf.so(esmf_compmod_esmf_compexecute_+0x7ed)[0x7f05f3c7094d]
[Orion-02-13:187863] [24] /work/noaa/da/mpotts/sandbox/pgi_2019_openmpi_O_release_8.4.0/esmf/DEFAULTINSTALLDIR/lib/libO/Linux.pgi.64.openmpi.default/libesmf.so(esmf_gridcompmod_esmf_gridcompinitialize_+0x161)[0x7f05f3e449a1]
[Orion-02-13:187863] [25] /work/noaa/da/mpotts/sandbox/pgi_2019_openmpi_O_release_8.4.0/nuopc-app-prototypes/AtmOcnProto/./esmApp[0x405b8d]
[Orion-02-13:187863] [26] /work/noaa/da/mpotts/sandbox/pgi_2019_openmpi_O_release_8.4.0/nuopc-app-prototypes/AtmOcnProto/./esmApp[0x405803]
[Orion-02-13:187863] [27] /lib64/libc.so.6(__libc_start_main+0xf5)[0x7f05ef4b4495]
[Orion-02-13:187863] [28] /work/noaa/da/mpotts/sandbox/pgi_2019_openmpi_O_release_8.4.0/nuopc-app-prototypes/AtmOcnProto/./esmApp[0x405709]
[Orion-02-13:187863] *** End of error message ***
srun: error: Orion-02-13: tasks 0-3: Segmentation fault
srun: launch/slurm: _step_signal: Terminating StepId=7233720.360
