2022-10-17 03:07:41
20221017 041600.532 INFO             PET0 !!!!!!!!!!!!!!!!!!!!!!!!!!!!!!!!!!!!!!!!!!!!!!!!!!!!!!
20221017 041600.533 INFO             PET0 !!! THE ESMF_LOG IS SET TO OUTPUT ALL LOG MESSAGES !!!
20221017 041600.533 INFO             PET0 !!!     THIS MAY CAUSE SLOWDOWN IN PERFORMANCE     !!!
20221017 041600.533 INFO             PET0 !!! FOR PRODUCTION RUNS, USE:                      !!!
20221017 041600.533 INFO             PET0 !!!                   ESMF_LOGKIND_Multi_On_Error  !!!
20221017 041600.533 INFO             PET0 !!!!!!!!!!!!!!!!!!!!!!!!!!!!!!!!!!!!!!!!!!!!!!!!!!!!!!
20221017 041600.533 INFO             PET0 Running with ESMF Version   : v8.4.0b20
20221017 041600.533 INFO             PET0 ESMF library build date/time: "Oct 17 2022" "03:03:55"
20221017 041600.533 INFO             PET0 ESMF library build location : /work/noaa/da/mpotts/sandbox/pgi_2019_openmpi_O_release_8.4.0/esmf
20221017 041600.533 INFO             PET0 ESMF_COMM                   : openmpi
20221017 041600.534 INFO             PET0 ESMF_MOAB                   : enabled
20221017 041600.534 INFO             PET0 ESMF_LAPACK                 : enabled
20221017 041600.534 INFO             PET0 ESMF_NETCDF                 : enabled
20221017 041600.534 INFO             PET0 ESMF_PNETCDF                : disabled
20221017 041600.534 INFO             PET0 ESMF_PIO                    : enabled
20221017 041600.534 INFO             PET0 ESMF_YAMLCPP                : enabled
20221017 041600.534 INFO             PET0 esmApp STARTING
20221017 041600.536 INFO             PET0 esm: InitializeGeneric intro.
20221017 041600.536 INFO             PET0   esm: InitializeP0 intro.
20221017 041600.536 INFO             PET0   esm: InitializeP0 extro.
20221017 041600.536 INFO             PET0   esm: InitializeIPDv02p1 intro.
20221017 041600.537 INFO             PET0     >>>esm: entered Initialize (phase=<none>) without valid internal Clock.
20221017 041600.537 INFO             PET0     esm - Creating model component ATM with petList of size 2 :
20221017 041600.537 INFO             PET0           0      1
20221017 041600.538 INFO             PET0     esm - Creating model component OCN with petList of size 2 :
20221017 041600.538 INFO             PET0           2      3
20221017 041600.538 INFO             PET0     esm - Creating connector component ATM-TO-OCN with petList of size 4 :
20221017 041600.538 INFO             PET0           0      1      2      3
20221017 041600.541 INFO             PET0     esm - Creating connector component OCN-TO-ATM with petList of size 4 :
20221017 041600.541 INFO             PET0           2      3      0      1
20221017 041600.544 INFO             PET0     esm - Creating state: modelComp 1 Import State
20221017 041600.544 INFO             PET0     esm - Creating state: modelComp 1 Export State
20221017 041600.544 INFO             PET0     esm - Creating state: modelComp 2 Import State
20221017 041600.544 INFO             PET0     esm - Creating state: modelComp 2 Export State
20221017 041600.545 INFO             PET0     ATM: InitializeP0 intro.
20221017 041600.545 INFO             PET0     ATM: InitializeP0 extro.
20221017 041600.546 INFO             PET0     ATM-TO-OCN: InitializeP0 intro.
20221017 041600.546 INFO             PET0     ATM-TO-OCN: InitializeP0 extro.
20221017 041600.547 INFO             PET0     OCN-TO-ATM: InitializeP0 intro.
20221017 041600.547 INFO             PET0     OCN-TO-ATM: InitializeP0 extro.
20221017 041600.547 INFO             PET0     esm: IInitAdvertise intro.
20221017 041600.547 INFO             PET0     esm: IInitAdvertise extro.
20221017 041600.547 INFO             PET0     ATM: InitializeIPDvXp01 intro.
20221017 041600.550 INFO             PET0     ATM: InitializeIPDvXp01 extro.
20221017 041600.553 INFO             PET0     ATM-TO-OCN: InitializeIPDv05p1 intro.
20221017 041600.557 INFO             PET0     ATM-TO-OCN: InitializeIPDv05p1 extro.
20221017 041600.557 INFO             PET0     OCN-TO-ATM: InitializeIPDv05p1 intro.
20221017 041600.558 INFO             PET0     OCN-TO-ATM: InitializeIPDv05p1 extro.
20221017 041600.558 INFO             PET0     esm: IInitAdvertiseFinish intro.
20221017 041600.558 INFO             PET0     esm: IInitAdvertiseFinish extro.
20221017 041600.558 INFO             PET0     ATM-TO-OCN: InitializeIPDv05p2a intro.
20221017 041600.561 INFO             PET0     ATM-TO-OCN: InitializeIPDv05p2a extro.
20221017 041600.561 INFO             PET0     OCN-TO-ATM: InitializeIPDv05p2a intro.
20221017 041600.563 INFO             PET0     OCN-TO-ATM: InitializeIPDv05p2a extro.
20221017 041600.563 INFO             PET0     ATM-TO-OCN: InitializeIPDv05p2b intro.
20221017 041600.566 INFO             PET0     ATM-TO-OCN: InitializeIPDv05p2b extro.
20221017 041600.566 INFO             PET0     OCN-TO-ATM: InitializeIPDv05p2b intro.
20221017 041600.567 INFO             PET0     OCN-TO-ATM: InitializeIPDv05p2b extro.
20221017 041600.567 INFO             PET0     esm: IInitModifyCplLists intro.
20221017 041600.567 INFO             PET0       Driver is in ModifyCplLists()
20221017 041600.567 INFO             PET0        Found             2  Connectors. Modifying CplList Attribute....
20221017 041600.567 INFO             PET0        Modifying cplList Attribute on ATM-TO-OCN: air_pressure_at_sea_level
20221017 041600.567 INFO             PET0        Modified: air_pressure_at_sea_level:REMAPMETHOD=redist
20221017 041600.567 INFO             PET0        Modifying cplList Attribute on ATM-TO-OCN: surface_net_downward_longwave_flux
20221017 041600.567 INFO             PET0        Modified: surface_net_downward_longwave_flux:REMAPMETHOD=bilinear:SrcTermProcessing=1:DUMPWEIGHTS=true:TermOrder=SrcSeq
20221017 041600.567 INFO             PET0        Modifying cplList Attribute on ATM-TO-OCN: surface_net_downward_shortwave_flux
20221017 041600.567 INFO             PET0        Modified: surface_net_downward_shortwave_flux:REMAPMETHOD=redist
20221017 041600.568 INFO             PET0        Modifying cplList Attribute on ATM-TO-OCN: surface_downward_heat_flux_in_air
20221017 041600.568 INFO             PET0        Modified: surface_downward_heat_flux_in_air:REMAPMETHOD=bilinear:SrcTermProcessing=1:DUMPWEIGHTS=true:TermOrder=SrcSeq
20221017 041600.568 INFO             PET0        Modifying cplList Attribute on OCN-TO-ATM: sea_surface_temperature
20221017 041600.568 INFO             PET0        Modified: sea_surface_temperature:REMAPMETHOD=bilinear:SrcTermProcessing=1:DUMPWEIGHTS=true:TermOrder=SrcSeq
20221017 041600.568 INFO             PET0     esm: IInitModifyCplLists extro.
20221017 041600.568 INFO             PET0     ATM-TO-OCN: InitializeIPDv05p3 intro.
20221017 041600.571 INFO             PET0     ATM-TO-OCN: InitializeIPDv05p3 extro.
20221017 041600.571 INFO             PET0     OCN-TO-ATM: InitializeIPDv05p3 intro.
20221017 041600.572 INFO             PET0     OCN-TO-ATM: InitializeIPDv05p3 extro.
20221017 041600.572 INFO             PET0     <<<esm: leaving Initialize (phase=<none>) with current time: 2010  6  1  0  0  0   0
20221017 041600.572 INFO             PET0   esm: InitializeIPDv02p1 extro.
20221017 041600.573 INFO             PET0   esm: InitializeIPDv02p3 intro.
20221017 041600.573 INFO             PET0     >>>esm: entered Initialize (phase=<none>) with current time: 2010  6  1  0  0  0   0
20221017 041600.573 INFO             PET0     esm: IInitCheck intro.
20221017 041600.573 INFO             PET0     esm: IInitCheck extro.
20221017 041600.573 INFO             PET0     ATM: InitializeIPDvXp04 intro.
20221017 041600.577 INFO             PET0     ATM: InitializeIPDvXp04 extro.
20221017 041600.582 INFO             PET0     ATM-TO-OCN: InitializeIPDv05p4 intro.
20221017 041600.588 INFO             PET0     ATM-TO-OCN: InitializeIPDv05p4 extro.
20221017 041600.588 INFO             PET0     OCN-TO-ATM: InitializeIPDv05p4 intro.
20221017 041600.590 INFO             PET0     OCN-TO-ATM: InitializeIPDv05p4 extro.
20221017 041600.590 INFO             PET0     ATM-TO-OCN: InitializeIPDv05p5 intro.
20221017 041600.595 INFO             PET0     ATM-TO-OCN: InitializeIPDv05p5 extro.
20221017 041600.596 INFO             PET0     OCN-TO-ATM: InitializeIPDv05p5 intro.
20221017 041600.598 INFO             PET0     OCN-TO-ATM: InitializeIPDv05p5 extro.
20221017 041600.598 INFO             PET0     esm: IInitRealize intro.
20221017 041600.598 INFO             PET0     esm: IInitRealize extro.
20221017 041600.598 INFO             PET0     ATM-TO-OCN: InitializeIPDv05p6a intro.
20221017 041600.603 INFO             PET0     ATM-TO-OCN: InitializeIPDv05p6a extro.
20221017 041600.532 INFO             PET1 !!!!!!!!!!!!!!!!!!!!!!!!!!!!!!!!!!!!!!!!!!!!!!!!!!!!!!
20221017 041600.533 INFO             PET1 !!! THE ESMF_LOG IS SET TO OUTPUT ALL LOG MESSAGES !!!
20221017 041600.533 INFO             PET1 !!!     THIS MAY CAUSE SLOWDOWN IN PERFORMANCE     !!!
20221017 041600.533 INFO             PET1 !!! FOR PRODUCTION RUNS, USE:                      !!!
20221017 041600.533 INFO             PET1 !!!                   ESMF_LOGKIND_Multi_On_Error  !!!
20221017 041600.533 INFO             PET1 !!!!!!!!!!!!!!!!!!!!!!!!!!!!!!!!!!!!!!!!!!!!!!!!!!!!!!
20221017 041600.533 INFO             PET1 Running with ESMF Version   : v8.4.0b20
20221017 041600.533 INFO             PET1 ESMF library build date/time: "Oct 17 2022" "03:03:55"
20221017 041600.533 INFO             PET1 ESMF library build location : /work/noaa/da/mpotts/sandbox/pgi_2019_openmpi_O_release_8.4.0/esmf
20221017 041600.533 INFO             PET1 ESMF_COMM                   : openmpi
20221017 041600.534 INFO             PET1 ESMF_MOAB                   : enabled
20221017 041600.534 INFO             PET1 ESMF_LAPACK                 : enabled
20221017 041600.534 INFO             PET1 ESMF_NETCDF                 : enabled
20221017 041600.534 INFO             PET1 ESMF_PNETCDF                : disabled
20221017 041600.534 INFO             PET1 ESMF_PIO                    : enabled
20221017 041600.534 INFO             PET1 ESMF_YAMLCPP                : enabled
20221017 041600.534 INFO             PET1 esmApp STARTING
20221017 041600.536 INFO             PET1 esm: InitializeGeneric intro.
20221017 041600.536 INFO             PET1   esm: InitializeP0 intro.
20221017 041600.536 INFO             PET1   esm: InitializeP0 extro.
20221017 041600.537 INFO             PET1   esm: InitializeIPDv02p1 intro.
20221017 041600.537 INFO             PET1     >>>esm: entered Initialize (phase=<none>) without valid internal Clock.
20221017 041600.537 INFO             PET1     esm - Creating model component ATM with petList of size 2 :
20221017 041600.537 INFO             PET1           0      1
20221017 041600.538 INFO             PET1     esm - Creating model component OCN with petList of size 2 :
20221017 041600.538 INFO             PET1           2      3
20221017 041600.538 INFO             PET1     esm - Creating connector component ATM-TO-OCN with petList of size 4 :
20221017 041600.538 INFO             PET1           0      1      2      3
20221017 041600.542 INFO             PET1     esm - Creating connector component OCN-TO-ATM with petList of size 4 :
20221017 041600.542 INFO             PET1           2      3      0      1
20221017 041600.544 INFO             PET1     esm - Creating state: modelComp 1 Import State
20221017 041600.544 INFO             PET1     esm - Creating state: modelComp 1 Export State
20221017 041600.544 INFO             PET1     esm - Creating state: modelComp 2 Import State
20221017 041600.544 INFO             PET1     esm - Creating state: modelComp 2 Export State
20221017 041600.545 INFO             PET1     ATM: InitializeP0 intro.
20221017 041600.545 INFO             PET1     ATM: InitializeP0 extro.
20221017 041600.546 INFO             PET1     ATM-TO-OCN: InitializeP0 intro.
20221017 041600.546 INFO             PET1     ATM-TO-OCN: InitializeP0 extro.
20221017 041600.547 INFO             PET1     OCN-TO-ATM: InitializeP0 intro.
20221017 041600.547 INFO             PET1     OCN-TO-ATM: InitializeP0 extro.
20221017 041600.547 INFO             PET1     esm: IInitAdvertise intro.
20221017 041600.547 INFO             PET1     esm: IInitAdvertise extro.
20221017 041600.547 INFO             PET1     ATM: InitializeIPDvXp01 intro.
20221017 041600.550 INFO             PET1     ATM: InitializeIPDvXp01 extro.
20221017 041600.553 INFO             PET1     ATM-TO-OCN: InitializeIPDv05p1 intro.
20221017 041600.557 INFO             PET1     ATM-TO-OCN: InitializeIPDv05p1 extro.
20221017 041600.557 INFO             PET1     OCN-TO-ATM: InitializeIPDv05p1 intro.
20221017 041600.558 INFO             PET1     OCN-TO-ATM: InitializeIPDv05p1 extro.
20221017 041600.558 INFO             PET1     esm: IInitAdvertiseFinish intro.
20221017 041600.558 INFO             PET1     esm: IInitAdvertiseFinish extro.
20221017 041600.558 INFO             PET1     ATM-TO-OCN: InitializeIPDv05p2a intro.
20221017 041600.561 INFO             PET1     ATM-TO-OCN: InitializeIPDv05p2a extro.
20221017 041600.561 INFO             PET1     OCN-TO-ATM: InitializeIPDv05p2a intro.
20221017 041600.563 INFO             PET1     OCN-TO-ATM: InitializeIPDv05p2a extro.
20221017 041600.563 INFO             PET1     ATM-TO-OCN: InitializeIPDv05p2b intro.
20221017 041600.566 INFO             PET1     ATM-TO-OCN: InitializeIPDv05p2b extro.
20221017 041600.566 INFO             PET1     OCN-TO-ATM: InitializeIPDv05p2b intro.
20221017 041600.567 INFO             PET1     OCN-TO-ATM: InitializeIPDv05p2b extro.
20221017 041600.567 INFO             PET1     esm: IInitModifyCplLists intro.
20221017 041600.567 INFO             PET1       Driver is in ModifyCplLists()
20221017 041600.567 INFO             PET1        Found             2  Connectors. Modifying CplList Attribute....
20221017 041600.567 INFO             PET1        Modifying cplList Attribute on ATM-TO-OCN: air_pressure_at_sea_level
20221017 041600.567 INFO             PET1        Modified: air_pressure_at_sea_level:REMAPMETHOD=redist
20221017 041600.567 INFO             PET1        Modifying cplList Attribute on ATM-TO-OCN: surface_net_downward_longwave_flux
20221017 041600.567 INFO             PET1        Modified: surface_net_downward_longwave_flux:REMAPMETHOD=bilinear:SrcTermProcessing=1:DUMPWEIGHTS=true:TermOrder=SrcSeq
20221017 041600.567 INFO             PET1        Modifying cplList Attribute on ATM-TO-OCN: surface_net_downward_shortwave_flux
20221017 041600.568 INFO             PET1        Modified: surface_net_downward_shortwave_flux:REMAPMETHOD=redist
20221017 041600.568 INFO             PET1        Modifying cplList Attribute on ATM-TO-OCN: surface_downward_heat_flux_in_air
20221017 041600.568 INFO             PET1        Modified: surface_downward_heat_flux_in_air:REMAPMETHOD=bilinear:SrcTermProcessing=1:DUMPWEIGHTS=true:TermOrder=SrcSeq
20221017 041600.568 INFO             PET1        Modifying cplList Attribute on OCN-TO-ATM: sea_surface_temperature
20221017 041600.568 INFO             PET1        Modified: sea_surface_temperature:REMAPMETHOD=bilinear:SrcTermProcessing=1:DUMPWEIGHTS=true:TermOrder=SrcSeq
20221017 041600.568 INFO             PET1     esm: IInitModifyCplLists extro.
20221017 041600.568 INFO             PET1     ATM-TO-OCN: InitializeIPDv05p3 intro.
20221017 041600.571 INFO             PET1     ATM-TO-OCN: InitializeIPDv05p3 extro.
20221017 041600.571 INFO             PET1     OCN-TO-ATM: InitializeIPDv05p3 intro.
20221017 041600.572 INFO             PET1     OCN-TO-ATM: InitializeIPDv05p3 extro.
20221017 041600.572 INFO             PET1     <<<esm: leaving Initialize (phase=<none>) with current time: 2010  6  1  0  0  0   0
20221017 041600.573 INFO             PET1   esm: InitializeIPDv02p1 extro.
20221017 041600.573 INFO             PET1   esm: InitializeIPDv02p3 intro.
20221017 041600.573 INFO             PET1     >>>esm: entered Initialize (phase=<none>) with current time: 2010  6  1  0  0  0   0
20221017 041600.573 INFO             PET1     esm: IInitCheck intro.
20221017 041600.573 INFO             PET1     esm: IInitCheck extro.
20221017 041600.573 INFO             PET1     ATM: InitializeIPDvXp04 intro.
20221017 041600.577 INFO             PET1     ATM: InitializeIPDvXp04 extro.
20221017 041600.582 INFO             PET1     ATM-TO-OCN: InitializeIPDv05p4 intro.
20221017 041600.588 INFO             PET1     ATM-TO-OCN: InitializeIPDv05p4 extro.
20221017 041600.588 INFO             PET1     OCN-TO-ATM: InitializeIPDv05p4 intro.
20221017 041600.590 INFO             PET1     OCN-TO-ATM: InitializeIPDv05p4 extro.
20221017 041600.590 INFO             PET1     ATM-TO-OCN: InitializeIPDv05p5 intro.
20221017 041600.596 INFO             PET1     ATM-TO-OCN: InitializeIPDv05p5 extro.
20221017 041600.596 INFO             PET1     OCN-TO-ATM: InitializeIPDv05p5 intro.
20221017 041600.598 INFO             PET1     OCN-TO-ATM: InitializeIPDv05p5 extro.
20221017 041600.598 INFO             PET1     esm: IInitRealize intro.
20221017 041600.598 INFO             PET1     esm: IInitRealize extro.
20221017 041600.598 INFO             PET1     ATM-TO-OCN: InitializeIPDv05p6a intro.
20221017 041600.603 INFO             PET1     ATM-TO-OCN: InitializeIPDv05p6a extro.
20221017 041600.531 INFO             PET2 !!!!!!!!!!!!!!!!!!!!!!!!!!!!!!!!!!!!!!!!!!!!!!!!!!!!!!
20221017 041600.532 INFO             PET2 !!! THE ESMF_LOG IS SET TO OUTPUT ALL LOG MESSAGES !!!
20221017 041600.532 INFO             PET2 !!!     THIS MAY CAUSE SLOWDOWN IN PERFORMANCE     !!!
20221017 041600.533 INFO             PET2 !!! FOR PRODUCTION RUNS, USE:                      !!!
20221017 041600.533 INFO             PET2 !!!                   ESMF_LOGKIND_Multi_On_Error  !!!
20221017 041600.533 INFO             PET2 !!!!!!!!!!!!!!!!!!!!!!!!!!!!!!!!!!!!!!!!!!!!!!!!!!!!!!
20221017 041600.533 INFO             PET2 Running with ESMF Version   : v8.4.0b20
20221017 041600.533 INFO             PET2 ESMF library build date/time: "Oct 17 2022" "03:03:55"
20221017 041600.533 INFO             PET2 ESMF library build location : /work/noaa/da/mpotts/sandbox/pgi_2019_openmpi_O_release_8.4.0/esmf
20221017 041600.533 INFO             PET2 ESMF_COMM                   : openmpi
20221017 041600.533 INFO             PET2 ESMF_MOAB                   : enabled
20221017 041600.533 INFO             PET2 ESMF_LAPACK                 : enabled
20221017 041600.533 INFO             PET2 ESMF_NETCDF                 : enabled
20221017 041600.533 INFO             PET2 ESMF_PNETCDF                : disabled
20221017 041600.533 INFO             PET2 ESMF_PIO                    : enabled
20221017 041600.533 INFO             PET2 ESMF_YAMLCPP                : enabled
20221017 041600.534 INFO             PET2 esmApp STARTING
20221017 041600.536 INFO             PET2 esm: InitializeGeneric intro.
20221017 041600.536 INFO             PET2   esm: InitializeP0 intro.
20221017 041600.536 INFO             PET2   esm: InitializeP0 extro.
20221017 041600.536 INFO             PET2   esm: InitializeIPDv02p1 intro.
20221017 041600.537 INFO             PET2     >>>esm: entered Initialize (phase=<none>) without valid internal Clock.
20221017 041600.537 INFO             PET2     esm - Creating model component ATM with petList of size 2 :
20221017 041600.537 INFO             PET2           0      1
20221017 041600.538 INFO             PET2     esm - Creating model component OCN with petList of size 2 :
20221017 041600.538 INFO             PET2           2      3
20221017 041600.539 INFO             PET2     esm - Creating connector component ATM-TO-OCN with petList of size 4 :
20221017 041600.539 INFO             PET2           0      1      2      3
20221017 041600.542 INFO             PET2     esm - Creating connector component OCN-TO-ATM with petList of size 4 :
20221017 041600.542 INFO             PET2           2      3      0      1
20221017 041600.544 INFO             PET2     esm - Creating state: modelComp 1 Import State
20221017 041600.544 INFO             PET2     esm - Creating state: modelComp 1 Export State
20221017 041600.544 INFO             PET2     esm - Creating state: modelComp 2 Import State
20221017 041600.544 INFO             PET2     esm - Creating state: modelComp 2 Export State
20221017 041600.545 INFO             PET2     OCN: InitializeP0 intro.
20221017 041600.546 INFO             PET2     OCN: InitializeP0 extro.
20221017 041600.546 INFO             PET2     ATM-TO-OCN: InitializeP0 intro.
20221017 041600.546 INFO             PET2     ATM-TO-OCN: InitializeP0 extro.
20221017 041600.547 INFO             PET2     OCN-TO-ATM: InitializeP0 intro.
20221017 041600.547 INFO             PET2     OCN-TO-ATM: InitializeP0 extro.
20221017 041600.547 INFO             PET2     esm: IInitAdvertise intro.
20221017 041600.547 INFO             PET2     esm: IInitAdvertise extro.
20221017 041600.550 INFO             PET2     OCN: InitializeIPDvXp01 intro.
20221017 041600.553 INFO             PET2     OCN: InitializeIPDvXp01 extro.
20221017 041600.553 INFO             PET2     ATM-TO-OCN: InitializeIPDv05p1 intro.
20221017 041600.557 INFO             PET2     ATM-TO-OCN: InitializeIPDv05p1 extro.
20221017 041600.557 INFO             PET2     OCN-TO-ATM: InitializeIPDv05p1 intro.
20221017 041600.558 INFO             PET2     OCN-TO-ATM: InitializeIPDv05p1 extro.
20221017 041600.558 INFO             PET2     esm: IInitAdvertiseFinish intro.
20221017 041600.558 INFO             PET2     esm: IInitAdvertiseFinish extro.
20221017 041600.558 INFO             PET2     ATM-TO-OCN: InitializeIPDv05p2a intro.
20221017 041600.561 INFO             PET2     ATM-TO-OCN: InitializeIPDv05p2a extro.
20221017 041600.561 INFO             PET2     OCN-TO-ATM: InitializeIPDv05p2a intro.
20221017 041600.563 INFO             PET2     OCN-TO-ATM: InitializeIPDv05p2a extro.
20221017 041600.563 INFO             PET2     ATM-TO-OCN: InitializeIPDv05p2b intro.
20221017 041600.566 INFO             PET2     ATM-TO-OCN: InitializeIPDv05p2b extro.
20221017 041600.566 INFO             PET2     OCN-TO-ATM: InitializeIPDv05p2b intro.
20221017 041600.567 INFO             PET2     OCN-TO-ATM: InitializeIPDv05p2b extro.
20221017 041600.567 INFO             PET2     esm: IInitModifyCplLists intro.
20221017 041600.567 INFO             PET2       Driver is in ModifyCplLists()
20221017 041600.567 INFO             PET2        Found             2  Connectors. Modifying CplList Attribute....
20221017 041600.567 INFO             PET2        Modifying cplList Attribute on ATM-TO-OCN: air_pressure_at_sea_level
20221017 041600.567 INFO             PET2        Modified: air_pressure_at_sea_level:REMAPMETHOD=redist
20221017 041600.567 INFO             PET2        Modifying cplList Attribute on ATM-TO-OCN: surface_net_downward_longwave_flux
20221017 041600.567 INFO             PET2        Modified: surface_net_downward_longwave_flux:REMAPMETHOD=bilinear:SrcTermProcessing=1:DUMPWEIGHTS=true:TermOrder=SrcSeq
20221017 041600.567 INFO             PET2        Modifying cplList Attribute on ATM-TO-OCN: surface_net_downward_shortwave_flux
20221017 041600.568 INFO             PET2        Modified: surface_net_downward_shortwave_flux:REMAPMETHOD=redist
20221017 041600.568 INFO             PET2        Modifying cplList Attribute on ATM-TO-OCN: surface_downward_heat_flux_in_air
20221017 041600.568 INFO             PET2        Modified: surface_downward_heat_flux_in_air:REMAPMETHOD=bilinear:SrcTermProcessing=1:DUMPWEIGHTS=true:TermOrder=SrcSeq
20221017 041600.568 INFO             PET2        Modifying cplList Attribute on OCN-TO-ATM: sea_surface_temperature
20221017 041600.568 INFO             PET2        Modified: sea_surface_temperature:REMAPMETHOD=bilinear:SrcTermProcessing=1:DUMPWEIGHTS=true:TermOrder=SrcSeq
20221017 041600.568 INFO             PET2     esm: IInitModifyCplLists extro.
20221017 041600.568 INFO             PET2     ATM-TO-OCN: InitializeIPDv05p3 intro.
20221017 041600.571 INFO             PET2     ATM-TO-OCN: InitializeIPDv05p3 extro.
20221017 041600.571 INFO             PET2     OCN-TO-ATM: InitializeIPDv05p3 intro.
20221017 041600.572 INFO             PET2     OCN-TO-ATM: InitializeIPDv05p3 extro.
20221017 041600.572 INFO             PET2     <<<esm: leaving Initialize (phase=<none>) with current time: 2010  6  1  0  0  0   0
20221017 041600.573 INFO             PET2   esm: InitializeIPDv02p1 extro.
20221017 041600.573 INFO             PET2   esm: InitializeIPDv02p3 intro.
20221017 041600.573 INFO             PET2     >>>esm: entered Initialize (phase=<none>) with current time: 2010  6  1  0  0  0   0
20221017 041600.573 INFO             PET2     esm: IInitCheck intro.
20221017 041600.573 INFO             PET2     esm: IInitCheck extro.
20221017 041600.577 INFO             PET2     OCN: InitializeIPDvXp04 intro.
20221017 041600.582 INFO             PET2     OCN: InitializeIPDvXp04 extro.
20221017 041600.582 INFO             PET2     ATM-TO-OCN: InitializeIPDv05p4 intro.
20221017 041600.588 INFO             PET2     ATM-TO-OCN: InitializeIPDv05p4 extro.
20221017 041600.588 INFO             PET2     OCN-TO-ATM: InitializeIPDv05p4 intro.
20221017 041600.590 INFO             PET2     OCN-TO-ATM: InitializeIPDv05p4 extro.
20221017 041600.590 INFO             PET2     ATM-TO-OCN: InitializeIPDv05p5 intro.
20221017 041600.595 INFO             PET2     ATM-TO-OCN: InitializeIPDv05p5 extro.
20221017 041600.596 INFO             PET2     OCN-TO-ATM: InitializeIPDv05p5 intro.
20221017 041600.598 INFO             PET2     OCN-TO-ATM: InitializeIPDv05p5 extro.
20221017 041600.598 INFO             PET2     esm: IInitRealize intro.
20221017 041600.598 INFO             PET2     esm: IInitRealize extro.
20221017 041600.598 INFO             PET2     ATM-TO-OCN: InitializeIPDv05p6a intro.
20221017 041600.603 INFO             PET2     ATM-TO-OCN: InitializeIPDv05p6a extro.
20221017 041600.532 INFO             PET3 !!!!!!!!!!!!!!!!!!!!!!!!!!!!!!!!!!!!!!!!!!!!!!!!!!!!!!
20221017 041600.533 INFO             PET3 !!! THE ESMF_LOG IS SET TO OUTPUT ALL LOG MESSAGES !!!
20221017 041600.533 INFO             PET3 !!!     THIS MAY CAUSE SLOWDOWN IN PERFORMANCE     !!!
20221017 041600.533 INFO             PET3 !!! FOR PRODUCTION RUNS, USE:                      !!!
20221017 041600.533 INFO             PET3 !!!                   ESMF_LOGKIND_Multi_On_Error  !!!
20221017 041600.533 INFO             PET3 !!!!!!!!!!!!!!!!!!!!!!!!!!!!!!!!!!!!!!!!!!!!!!!!!!!!!!
20221017 041600.533 INFO             PET3 Running with ESMF Version   : v8.4.0b20
20221017 041600.533 INFO             PET3 ESMF library build date/time: "Oct 17 2022" "03:03:55"
20221017 041600.533 INFO             PET3 ESMF library build location : /work/noaa/da/mpotts/sandbox/pgi_2019_openmpi_O_release_8.4.0/esmf
20221017 041600.533 INFO             PET3 ESMF_COMM                   : openmpi
20221017 041600.533 INFO             PET3 ESMF_MOAB                   : enabled
20221017 041600.533 INFO             PET3 ESMF_LAPACK                 : enabled
20221017 041600.533 INFO             PET3 ESMF_NETCDF                 : enabled
20221017 041600.533 INFO             PET3 ESMF_PNETCDF                : disabled
20221017 041600.533 INFO             PET3 ESMF_PIO                    : enabled
20221017 041600.533 INFO             PET3 ESMF_YAMLCPP                : enabled
20221017 041600.534 INFO             PET3 esmApp STARTING
20221017 041600.536 INFO             PET3 esm: InitializeGeneric intro.
20221017 041600.536 INFO             PET3   esm: InitializeP0 intro.
20221017 041600.536 INFO             PET3   esm: InitializeP0 extro.
20221017 041600.536 INFO             PET3   esm: InitializeIPDv02p1 intro.
20221017 041600.537 INFO             PET3     >>>esm: entered Initialize (phase=<none>) without valid internal Clock.
20221017 041600.537 INFO             PET3     esm - Creating model component ATM with petList of size 2 :
20221017 041600.537 INFO             PET3           0      1
20221017 041600.538 INFO             PET3     esm - Creating model component OCN with petList of size 2 :
20221017 041600.538 INFO             PET3           2      3
20221017 041600.539 INFO             PET3     esm - Creating connector component ATM-TO-OCN with petList of size 4 :
20221017 041600.539 INFO             PET3           0      1      2      3
20221017 041600.541 INFO             PET3     esm - Creating connector component OCN-TO-ATM with petList of size 4 :
20221017 041600.542 INFO             PET3           2      3      0      1
20221017 041600.544 INFO             PET3     esm - Creating state: modelComp 1 Import State
20221017 041600.544 INFO             PET3     esm - Creating state: modelComp 1 Export State
20221017 041600.544 INFO             PET3     esm - Creating state: modelComp 2 Import State
20221017 041600.544 INFO             PET3     esm - Creating state: modelComp 2 Export State
20221017 041600.545 INFO             PET3     OCN: InitializeP0 intro.
20221017 041600.546 INFO             PET3     OCN: InitializeP0 extro.
20221017 041600.546 INFO             PET3     ATM-TO-OCN: InitializeP0 intro.
20221017 041600.546 INFO             PET3     ATM-TO-OCN: InitializeP0 extro.
20221017 041600.547 INFO             PET3     OCN-TO-ATM: InitializeP0 intro.
20221017 041600.547 INFO             PET3     OCN-TO-ATM: InitializeP0 extro.
20221017 041600.547 INFO             PET3     esm: IInitAdvertise intro.
20221017 041600.547 INFO             PET3     esm: IInitAdvertise extro.
20221017 041600.550 INFO             PET3     OCN: InitializeIPDvXp01 intro.
20221017 041600.553 INFO             PET3     OCN: InitializeIPDvXp01 extro.
20221017 041600.553 INFO             PET3     ATM-TO-OCN: InitializeIPDv05p1 intro.
20221017 041600.557 INFO             PET3     ATM-TO-OCN: InitializeIPDv05p1 extro.
20221017 041600.557 INFO             PET3     OCN-TO-ATM: InitializeIPDv05p1 intro.
20221017 041600.558 INFO             PET3     OCN-TO-ATM: InitializeIPDv05p1 extro.
20221017 041600.558 INFO             PET3     esm: IInitAdvertiseFinish intro.
20221017 041600.558 INFO             PET3     esm: IInitAdvertiseFinish extro.
20221017 041600.558 INFO             PET3     ATM-TO-OCN: InitializeIPDv05p2a intro.
20221017 041600.561 INFO             PET3     ATM-TO-OCN: InitializeIPDv05p2a extro.
20221017 041600.561 INFO             PET3     OCN-TO-ATM: InitializeIPDv05p2a intro.
20221017 041600.563 INFO             PET3     OCN-TO-ATM: InitializeIPDv05p2a extro.
20221017 041600.563 INFO             PET3     ATM-TO-OCN: InitializeIPDv05p2b intro.
20221017 041600.566 INFO             PET3     ATM-TO-OCN: InitializeIPDv05p2b extro.
20221017 041600.566 INFO             PET3     OCN-TO-ATM: InitializeIPDv05p2b intro.
20221017 041600.567 INFO             PET3     OCN-TO-ATM: InitializeIPDv05p2b extro.
20221017 041600.567 INFO             PET3     esm: IInitModifyCplLists intro.
20221017 041600.567 INFO             PET3       Driver is in ModifyCplLists()
20221017 041600.567 INFO             PET3        Found             2  Connectors. Modifying CplList Attribute....
20221017 041600.567 INFO             PET3        Modifying cplList Attribute on ATM-TO-OCN: air_pressure_at_sea_level
20221017 041600.567 INFO             PET3        Modified: air_pressure_at_sea_level:REMAPMETHOD=redist
20221017 041600.567 INFO             PET3        Modifying cplList Attribute on ATM-TO-OCN: surface_net_downward_longwave_flux
20221017 041600.567 INFO             PET3        Modified: surface_net_downward_longwave_flux:REMAPMETHOD=bilinear:SrcTermProcessing=1:DUMPWEIGHTS=true:TermOrder=SrcSeq
20221017 041600.567 INFO             PET3        Modifying cplList Attribute on ATM-TO-OCN: surface_net_downward_shortwave_flux
20221017 041600.568 INFO             PET3        Modified: surface_net_downward_shortwave_flux:REMAPMETHOD=redist
20221017 041600.568 INFO             PET3        Modifying cplList Attribute on ATM-TO-OCN: surface_downward_heat_flux_in_air
20221017 041600.568 INFO             PET3        Modified: surface_downward_heat_flux_in_air:REMAPMETHOD=bilinear:SrcTermProcessing=1:DUMPWEIGHTS=true:TermOrder=SrcSeq
20221017 041600.568 INFO             PET3        Modifying cplList Attribute on OCN-TO-ATM: sea_surface_temperature
20221017 041600.568 INFO             PET3        Modified: sea_surface_temperature:REMAPMETHOD=bilinear:SrcTermProcessing=1:DUMPWEIGHTS=true:TermOrder=SrcSeq
20221017 041600.568 INFO             PET3     esm: IInitModifyCplLists extro.
20221017 041600.568 INFO             PET3     ATM-TO-OCN: InitializeIPDv05p3 intro.
20221017 041600.571 INFO             PET3     ATM-TO-OCN: InitializeIPDv05p3 extro.
20221017 041600.571 INFO             PET3     OCN-TO-ATM: InitializeIPDv05p3 intro.
20221017 041600.572 INFO             PET3     OCN-TO-ATM: InitializeIPDv05p3 extro.
20221017 041600.572 INFO             PET3     <<<esm: leaving Initialize (phase=<none>) with current time: 2010  6  1  0  0  0   0
20221017 041600.572 INFO             PET3   esm: InitializeIPDv02p1 extro.
20221017 041600.573 INFO             PET3   esm: InitializeIPDv02p3 intro.
20221017 041600.573 INFO             PET3     >>>esm: entered Initialize (phase=<none>) with current time: 2010  6  1  0  0  0   0
20221017 041600.573 INFO             PET3     esm: IInitCheck intro.
20221017 041600.573 INFO             PET3     esm: IInitCheck extro.
20221017 041600.577 INFO             PET3     OCN: InitializeIPDvXp04 intro.
20221017 041600.582 INFO             PET3     OCN: InitializeIPDvXp04 extro.
20221017 041600.582 INFO             PET3     ATM-TO-OCN: InitializeIPDv05p4 intro.
20221017 041600.588 INFO             PET3     ATM-TO-OCN: InitializeIPDv05p4 extro.
20221017 041600.588 INFO             PET3     OCN-TO-ATM: InitializeIPDv05p4 intro.
20221017 041600.590 INFO             PET3     OCN-TO-ATM: InitializeIPDv05p4 extro.
20221017 041600.590 INFO             PET3     ATM-TO-OCN: InitializeIPDv05p5 intro.
20221017 041600.595 INFO             PET3     ATM-TO-OCN: InitializeIPDv05p5 extro.
20221017 041600.596 INFO             PET3     OCN-TO-ATM: InitializeIPDv05p5 intro.
20221017 041600.598 INFO             PET3     OCN-TO-ATM: InitializeIPDv05p5 extro.
20221017 041600.598 INFO             PET3     esm: IInitRealize intro.
20221017 041600.598 INFO             PET3     esm: IInitRealize extro.
20221017 041600.598 INFO             PET3     ATM-TO-OCN: InitializeIPDv05p6a intro.
20221017 041600.603 INFO             PET3     ATM-TO-OCN: InitializeIPDv05p6a extro.
