2022-10-16 03:20:02
[Orion-02-13:188798:0:188798] Caught signal 11 (Segmentation fault: address not mapped to object at address 0x4f1b591)
[Orion-02-13:188799:0:188799] Caught signal 11 (Segmentation fault: address not mapped to object at address 0x4f1b591)
[Orion-02-13:188800:0:188800] Caught signal 11 (Segmentation fault: address not mapped to object at address 0x4f1b591)
[Orion-02-13:188801:0:188801] Caught signal 11 (Segmentation fault: address not mapped to object at address 0x4f1b591)

/work/noaa/da/mpotts/sandbox/pgi_2019_openmpi_O_release_8.4.0/esmf/src/Infrastructure/LogErr/src/ESMCI_LogErr.C: [ ESMCI::LogErr::MsgFoundError() ]
      ...

/work/noaa/da/mpotts/sandbox/pgi_2019_openmpi_O_release_8.4.0/esmf/src/Infrastructure/LogErr/src/ESMCI_LogErr.C: [ ESMCI::LogErr::MsgFoundError() ]
      ...
      583 {
      584     bool result=false;
      585 #ifdef ESMC_SUCCESSDEFAULT_ON
==>   586     if (rcToReturn != ESMC_NULL_POINTER) *rcToReturn=ESMF_SUCCESS;
      587 #endif
      588     if (trace) {
      589         Write(ESMC_METHOD,ESMC_LOGMSG_TRACE,
      583 {
      584     bool result=false;
      585 #ifdef ESMC_SUCCESSDEFAULT_ON
==>   586     if (rcToReturn != ESMC_NULL_POINTER) *rcToReturn=ESMF_SUCCESS;
      587 #endif
      588     if (trace) {
      589         Write(ESMC_METHOD,ESMC_LOGMSG_TRACE,



/work/noaa/da/mpotts/sandbox/pgi_2019_openmpi_O_release_8.4.0/esmf/src/Infrastructure/LogErr/src/ESMCI_LogErr.C: [ ESMCI::LogErr::MsgFoundError() ]
      ...

/work/noaa/da/mpotts/sandbox/pgi_2019_openmpi_O_release_8.4.0/esmf/src/Infrastructure/LogErr/src/ESMCI_LogErr.C: [ ESMCI::LogErr::MsgFoundError() ]
      ...
      583 {
      584     bool result=false;
      585 #ifdef ESMC_SUCCESSDEFAULT_ON
==>   586     if (rcToReturn != ESMC_NULL_POINTER) *rcToReturn=ESMF_SUCCESS;
      587 #endif
      588     if (trace) {
      589         Write(ESMC_METHOD,ESMC_LOGMSG_TRACE,
      583 {
      584     bool result=false;
      585 #ifdef ESMC_SUCCESSDEFAULT_ON
==>   586     if (rcToReturn != ESMC_NULL_POINTER) *rcToReturn=ESMF_SUCCESS;
      587 #endif
      588     if (trace) {
      589         Write(ESMC_METHOD,ESMC_LOGMSG_TRACE,


==== backtrace (tid: 188801) ====
 0 0x000000000072c2b3 ESMCI::LogErr::MsgFoundError()  /work/noaa/da/mpotts/sandbox/pgi_2019_openmpi_O_release_8.4.0/esmf/src/Infrastructure/LogErr/src/ESMCI_LogErr.C:586
 1 0x00000000008844b1 c_esmc_meshcreatenodedistgrid_()  /work/noaa/da/mpotts/sandbox/pgi_2019_openmpi_O_release_8.4.0/esmf/src/Infrastructure/Mesh/interface/ESMCI_Mesh_F.C:248
 2 0x0000000000f95f5c esmf_meshmod_esmf_meshcreatefrompointer_()  /work/noaa/da/mpotts/sandbox/pgi_2019_openmpi_O_release_8.4.0/esmf/src/Infrastructure/Mesh/interface/ESMF_Mesh.F90:3091
 3 0x0000000000e77722 esmf_gridutilmod_esmf_gridtomesh_()  /work/noaa/da/mpotts/sandbox/pgi_2019_openmpi_O_release_8.4.0/esmf/src/Infrastructure/GridUtil/interface/ESMF_GridUtil.F90:453
 4 0x0000000000d9baf6 esmf_fieldregridmod_b_or_p_gridtomesh_()  /work/noaa/da/mpotts/sandbox/pgi_2019_openmpi_O_release_8.4.0/esmf/src/Infrastructure/Field/src/ESMF_FieldRegrid.F90:3228
 5 0x0000000000d99004 esmf_fieldregridmod_getmeshwithnodesonfieldloc_()  /work/noaa/da/mpotts/sandbox/pgi_2019_openmpi_O_release_8.4.0/esmf/src/Infrastructure/Field/src/ESMF_FieldRegrid.F90:1346
 6 0x0000000000d97563 esmf_fieldregridmod_esmf_fieldregridstorenx_()  /work/noaa/da/mpotts/sandbox/pgi_2019_openmpi_O_release_8.4.0/esmf/src/Infrastructure/Field/src/ESMF_FieldRegrid.F90:971
 7 0x0000000001227a17 nuopc_connector_fieldbundlecplstore_()  /work/noaa/da/mpotts/sandbox/pgi_2019_openmpi_O_release_8.4.0/esmf/src/addon/NUOPC/src/NUOPC_Connector.F90:7919
 8 0x000000000120ee74 nuopc_connector_initializeipdv05p6b_()  /work/noaa/da/mpotts/sandbox/pgi_2019_openmpi_O_release_8.4.0/esmf/src/addon/NUOPC/src/NUOPC_Connector.F90:5386
 9 0x0000000000650f57 ESMCI::FTable::callVFuncPtr()  /work/noaa/da/mpotts/sandbox/pgi_2019_openmpi_O_release_8.4.0/esmf/src/Superstructure/Component/src/ESMCI_FTable.C:2167
10 0x000000000064f15a ESMCI_FTableCallEntryPointVMHop()  /work/noaa/da/mpotts/sandbox/pgi_2019_openmpi_O_release_8.4.0/esmf/src/Superstructure/Component/src/ESMCI_FTable.C:824
11 0x0000000000a36458 ESMCI::VM::enter()  /work/noaa/da/mpotts/sandbox/pgi_2019_openmpi_O_release_8.4.0/esmf/src/Infrastructure/VM/src/ESMCI_VM.C:1216
12 0x000000000064f537 c_esmc_ftablecallentrypointvm_()  /work/noaa/da/mpotts/sandbox/pgi_2019_openmpi_O_release_8.4.0/esmf/src/Superstructure/Component/src/ESMCI_FTable.C:981
13 0x0000000000c0994d esmf_compmod_esmf_compexecute_()  /work/noaa/da/mpotts/sandbox/pgi_2019_openmpi_O_release_8.4.0/esmf/src/Superstructure/Component/src/ESMF_Comp.F90:1223
14 0x0000000000c1a1f1 esmf_cplcompmod_esmf_cplcompinitialize_()  /work/noaa/da/mpotts/sandbox/pgi_2019_openmpi_O_release_8.4.0/esmf/src/Superstructure/Component/src/ESMF_CplComp.F90:1165
15 0x00000000012475a4 nuopc_driver_loopconnectorcompss_()  /work/noaa/da/mpotts/sandbox/pgi_2019_openmpi_O_release_8.4.0/esmf/src/addon/NUOPC/src/NUOPC_Driver.F90:2869
16 0x000000000123eac1 nuopc_driver_initializeipdv02p3_()  /work/noaa/da/mpotts/sandbox/pgi_2019_openmpi_O_release_8.4.0/esmf/src/addon/NUOPC/src/NUOPC_Driver.F90:2020
17 0x000000000122e5ea nuopc_driver_initializegeneric_()  /work/noaa/da/mpotts/sandbox/pgi_2019_openmpi_O_release_8.4.0/esmf/src/addon/NUOPC/src/NUOPC_Driver.F90:479
18 0x0000000000650f57 ESMCI::FTable::callVFuncPtr()  /work/noaa/da/mpotts/sandbox/pgi_2019_openmpi_O_release_8.4.0/esmf/src/Superstructure/Component/src/ESMCI_FTable.C:2167
19 0x000000000064f15a ESMCI_FTableCallEntryPointVMHop()  /work/noaa/da/mpotts/sandbox/pgi_2019_openmpi_O_release_8.4.0/esmf/src/Superstructure/Component/src/ESMCI_FTable.C:824
20 0x0000000000a36458 ESMCI::VM::enter()  /work/noaa/da/mpotts/sandbox/pgi_2019_openmpi_O_release_8.4.0/esmf/src/Infrastructure/VM/src/ESMCI_VM.C:1216
21 0x000000000064f537 c_esmc_ftablecallentrypointvm_()  /work/noaa/da/mpotts/sandbox/pgi_2019_openmpi_O_release_8.4.0/esmf/src/Superstructure/Component/src/ESMCI_FTable.C:981
22 0x0000000000c0994d esmf_compmod_esmf_compexecute_()  /work/noaa/da/mpotts/sandbox/pgi_2019_openmpi_O_release_8.4.0/esmf/src/Superstructure/Component/src/ESMF_Comp.F90:1223
23 0x0000000000ddd9a1 esmf_gridcompmod_esmf_gridcompinitialize_()  /work/noaa/da/mpotts/sandbox/pgi_2019_openmpi_O_release_8.4.0/esmf/src/Superstructure/Component/src/ESMF_GridComp.F90:1412
24 0x0000000000405f0d MAIN_()  /work/noaa/da/mpotts/sandbox/pgi_2019_openmpi_O_release_8.4.0/nuopc-app-prototypes/AtmOcnSelectProto/esmApp.F90:58
25 0x0000000000405b83 main()  ???:0
26 0x0000000000022495 __libc_start_main()  ???:0
27 0x0000000000405a89 _start()  ???:0
=================================
==== backtrace (tid: 188799) ====
 0 0x000000000072c2b3 ESMCI::LogErr::MsgFoundError()  /work/noaa/da/mpotts/sandbox/pgi_2019_openmpi_O_release_8.4.0/esmf/src/Infrastructure/LogErr/src/ESMCI_LogErr.C:586
 1 0x00000000008844b1 c_esmc_meshcreatenodedistgrid_()  /work/noaa/da/mpotts/sandbox/pgi_2019_openmpi_O_release_8.4.0/esmf/src/Infrastructure/Mesh/interface/ESMCI_Mesh_F.C:248
 2 0x0000000000f95f5c esmf_meshmod_esmf_meshcreatefrompointer_()  /work/noaa/da/mpotts/sandbox/pgi_2019_openmpi_O_release_8.4.0/esmf/src/Infrastructure/Mesh/interface/ESMF_Mesh.F90:3091
 3 0x0000000000e77722 esmf_gridutilmod_esmf_gridtomesh_()  /work/noaa/da/mpotts/sandbox/pgi_2019_openmpi_O_release_8.4.0/esmf/src/Infrastructure/GridUtil/interface/ESMF_GridUtil.F90:453
 4 0x0000000000d9baf6 esmf_fieldregridmod_b_or_p_gridtomesh_()  /work/noaa/da/mpotts/sandbox/pgi_2019_openmpi_O_release_8.4.0/esmf/src/Infrastructure/Field/src/ESMF_FieldRegrid.F90:3228
 5 0x0000000000d99004 esmf_fieldregridmod_getmeshwithnodesonfieldloc_()  /work/noaa/da/mpotts/sandbox/pgi_2019_openmpi_O_release_8.4.0/esmf/src/Infrastructure/Field/src/ESMF_FieldRegrid.F90:1346
 6 0x0000000000d97563 esmf_fieldregridmod_esmf_fieldregridstorenx_()  /work/noaa/da/mpotts/sandbox/pgi_2019_openmpi_O_release_8.4.0/esmf/src/Infrastructure/Field/src/ESMF_FieldRegrid.F90:971
 7 0x0000000001227a17 nuopc_connector_fieldbundlecplstore_()  /work/noaa/da/mpotts/sandbox/pgi_2019_openmpi_O_release_8.4.0/esmf/src/addon/NUOPC/src/NUOPC_Connector.F90:7919
 8 0x000000000120ee74 nuopc_connector_initializeipdv05p6b_()  /work/noaa/da/mpotts/sandbox/pgi_2019_openmpi_O_release_8.4.0/esmf/src/addon/NUOPC/src/NUOPC_Connector.F90:5386
 9 0x0000000000650f57 ESMCI::FTable::callVFuncPtr()  /work/noaa/da/mpotts/sandbox/pgi_2019_openmpi_O_release_8.4.0/esmf/src/Superstructure/Component/src/ESMCI_FTable.C:2167
10 0x000000000064f15a ESMCI_FTableCallEntryPointVMHop()  /work/noaa/da/mpotts/sandbox/pgi_2019_openmpi_O_release_8.4.0/esmf/src/Superstructure/Component/src/ESMCI_FTable.C:824
11 0x0000000000a36458 ESMCI::VM::enter()  /work/noaa/da/mpotts/sandbox/pgi_2019_openmpi_O_release_8.4.0/esmf/src/Infrastructure/VM/src/ESMCI_VM.C:1216
12 0x000000000064f537 c_esmc_ftablecallentrypointvm_()  /work/noaa/da/mpotts/sandbox/pgi_2019_openmpi_O_release_8.4.0/esmf/src/Superstructure/Component/src/ESMCI_FTable.C:981
13 0x0000000000c0994d esmf_compmod_esmf_compexecute_()  /work/noaa/da/mpotts/sandbox/pgi_2019_openmpi_O_release_8.4.0/esmf/src/Superstructure/Component/src/ESMF_Comp.F90:1223
14 0x0000000000c1a1f1 esmf_cplcompmod_esmf_cplcompinitialize_()  /work/noaa/da/mpotts/sandbox/pgi_2019_openmpi_O_release_8.4.0/esmf/src/Superstructure/Component/src/ESMF_CplComp.F90:1165
15 0x00000000012475a4 nuopc_driver_loopconnectorcompss_()  /work/noaa/da/mpotts/sandbox/pgi_2019_openmpi_O_release_8.4.0/esmf/src/addon/NUOPC/src/NUOPC_Driver.F90:2869
16 0x000000000123eac1 nuopc_driver_initializeipdv02p3_()  /work/noaa/da/mpotts/sandbox/pgi_2019_openmpi_O_release_8.4.0/esmf/src/addon/NUOPC/src/NUOPC_Driver.F90:2020
[Orion-02-13:188801] *** Process received signal ***
[Orion-02-13:188801] Signal: Segmentation fault (11)
[Orion-02-13:188801] Signal code:  (-6)
[Orion-02-13:188801] Failing at address: 0x20e50002e181
17 0x000000000122e5ea nuopc_driver_initializegeneric_()  /work/noaa/da/mpotts/sandbox/pgi_2019_openmpi_O_release_8.4.0/esmf/src/addon/NUOPC/src/NUOPC_Driver.F90:479
18 0x0000000000650f57 ESMCI::FTable::callVFuncPtr()  /work/noaa/da/mpotts/sandbox/pgi_2019_openmpi_O_release_8.4.0/esmf/src/Superstructure/Component/src/ESMCI_FTable.C:2167
19 0x000000000064f15a ESMCI_FTableCallEntryPointVMHop()  /work/noaa/da/mpotts/sandbox/pgi_2019_openmpi_O_release_8.4.0/esmf/src/Superstructure/Component/src/ESMCI_FTable.C:824
20 0x0000000000a36458 ESMCI::VM::enter()  /work/noaa/da/mpotts/sandbox/pgi_2019_openmpi_O_release_8.4.0/esmf/src/Infrastructure/VM/src/ESMCI_VM.C:1216
21 0x000000000064f537 c_esmc_ftablecallentrypointvm_()  /work/noaa/da/mpotts/sandbox/pgi_2019_openmpi_O_release_8.4.0/esmf/src/Superstructure/Component/src/ESMCI_FTable.C:981
22 0x0000000000c0994d esmf_compmod_esmf_compexecute_()  /work/noaa/da/mpotts/sandbox/pgi_2019_openmpi_O_release_8.4.0/esmf/src/Superstructure/Component/src/ESMF_Comp.F90:1223
23 0x0000000000ddd9a1 esmf_gridcompmod_esmf_gridcompinitialize_()  /work/noaa/da/mpotts/sandbox/pgi_2019_openmpi_O_release_8.4.0/esmf/src/Superstructure/Component/src/ESMF_GridComp.F90:1412
24 0x0000000000405f0d MAIN_()  /work/noaa/da/mpotts/sandbox/pgi_2019_openmpi_O_release_8.4.0/nuopc-app-prototypes/AtmOcnSelectProto/esmApp.F90:58
25 0x0000000000405b83 main()  ???:0
26 0x0000000000022495 __libc_start_main()  ???:0
27 0x0000000000405a89 _start()  ???:0
=================================
[Orion-02-13:188799] *** Process received signal ***
[Orion-02-13:188801] [ 0] /lib64/libpthread.so.0(+0xf5d0)[0x7fa285fe65d0]
[Orion-02-13:188799] Signal: Segmentation fault (11)
[Orion-02-13:188799] Signal code:  (-6)
[Orion-02-13:188799] Failing at address: 0x20e50002e17f
[Orion-02-13:188799] [ 0] /lib64/libpthread.so.0(+0xf5d0)[0x7fe73aa545d0]
[Orion-02-13:188801] [ 1] /work/noaa/da/mpotts/sandbox/pgi_2019_openmpi_O_release_8.4.0/esmf/DEFAULTINSTALLDIR/lib/libO/Linux.pgi.64.openmpi.default/libesmf.so(_ZN5ESMCI6LogErr13MsgFoundErrorEiPKciS2_S2_Pi+0x33)[0x7fa28478a2b3]
[Orion-02-13:188799] [ 1] /work/noaa/da/mpotts/sandbox/pgi_2019_openmpi_O_release_8.4.0/esmf/DEFAULTINSTALLDIR/lib/libO/Linux.pgi.64.openmpi.default/libesmf.so(_ZN5ESMCI6LogErr13MsgFoundErrorEiPKciS2_S2_Pi+0x33)[0x7fe7391f82b3]
[Orion-02-13:188801] [ 2] /work/noaa/da/mpotts/sandbox/pgi_2019_openmpi_O_release_8.4.0/esmf/DEFAULTINSTALLDIR/lib/libO/Linux.pgi.64.openmpi.default/libesmf.so(c_esmc_meshcreatenodedistgrid_+0xa1)[0x7fa2848e24b1]
[Orion-02-13:188799] [ 2] /work/noaa/da/mpotts/sandbox/pgi_2019_openmpi_O_release_8.4.0/esmf/DEFAULTINSTALLDIR/lib/libO/Linux.pgi.64.openmpi.default/libesmf.so(c_esmc_meshcreatenodedistgrid_+0xa1)[0x7fe7393504b1]
[Orion-02-13:188801] [ 3] /work/noaa/da/mpotts/sandbox/pgi_2019_openmpi_O_release_8.4.0/esmf/DEFAULTINSTALLDIR/lib/libO/Linux.pgi.64.openmpi.default/libesmf.so(esmf_meshmod_esmf_meshcreatefrompointer_+0x4c)[0x7fa284ff3f5c]
[Orion-02-13:188799] [ 3] /work/noaa/da/mpotts/sandbox/pgi_2019_openmpi_O_release_8.4.0/esmf/DEFAULTINSTALLDIR/lib/libO/Linux.pgi.64.openmpi.default/libesmf.so(esmf_meshmod_esmf_meshcreatefrompointer_+0x4c)[0x7fe739a61f5c]
[Orion-02-13:188801] [ 4] /work/noaa/da/mpotts/sandbox/pgi_2019_openmpi_O_release_8.4.0/esmf/DEFAULTINSTALLDIR/lib/libO/Linux.pgi.64.openmpi.default/libesmf.so(esmf_gridutilmod_esmf_gridtomesh_+0x352)[0x7fa284ed5722]
[Orion-02-13:188799] [ 4] /work/noaa/da/mpotts/sandbox/pgi_2019_openmpi_O_release_8.4.0/esmf/DEFAULTINSTALLDIR/lib/libO/Linux.pgi.64.openmpi.default/libesmf.so(esmf_gridutilmod_esmf_gridtomesh_+0x352)[0x7fe739943722]
[Orion-02-13:188801] [ 5] /work/noaa/da/mpotts/sandbox/pgi_2019_openmpi_O_release_8.4.0/esmf/DEFAULTINSTALLDIR/lib/libO/Linux.pgi.64.openmpi.default/libesmf.so(esmf_fieldregridmod_b_or_p_gridtomesh_+0x156)[0x7fa284df9af6]
[Orion-02-13:188799] [ 5] /work/noaa/da/mpotts/sandbox/pgi_2019_openmpi_O_release_8.4.0/esmf/DEFAULTINSTALLDIR/lib/libO/Linux.pgi.64.openmpi.default/libesmf.so(esmf_fieldregridmod_b_or_p_gridtomesh_+0x156)[0x7fe739867af6]
[Orion-02-13:188801] [ 6] /work/noaa/da/mpotts/sandbox/pgi_2019_openmpi_O_release_8.4.0/esmf/DEFAULTINSTALLDIR/lib/libO/Linux.pgi.64.openmpi.default/libesmf.so(esmf_fieldregridmod_getmeshwithnodesonfieldloc_+0x394)[0x7fa284df7004]
[Orion-02-13:188799] [ 6] /work/noaa/da/mpotts/sandbox/pgi_2019_openmpi_O_release_8.4.0/esmf/DEFAULTINSTALLDIR/lib/libO/Linux.pgi.64.openmpi.default/libesmf.so(esmf_fieldregridmod_getmeshwithnodesonfieldloc_+0x394)[0x7fe739865004]
[Orion-02-13:188801] [ 7] /work/noaa/da/mpotts/sandbox/pgi_2019_openmpi_O_release_8.4.0/esmf/DEFAULTINSTALLDIR/lib/libO/Linux.pgi.64.openmpi.default/libesmf.so(esmf_fieldregridmod_esmf_fieldregridstorenx_+0x9c3)[0x7fa284df5563]
[Orion-02-13:188799] [ 7] /work/noaa/da/mpotts/sandbox/pgi_2019_openmpi_O_release_8.4.0/esmf/DEFAULTINSTALLDIR/lib/libO/Linux.pgi.64.openmpi.default/libesmf.so(esmf_fieldregridmod_esmf_fieldregridstorenx_+0x9c3)[0x7fe739863563]
[Orion-02-13:188801] [ 8] /work/noaa/da/mpotts/sandbox/pgi_2019_openmpi_O_release_8.4.0/esmf/DEFAULTINSTALLDIR/lib/libO/Linux.pgi.64.openmpi.default/libesmf.so(nuopc_connector_fieldbundlecplstore_+0xbc87)[0x7fa285285a17]
[Orion-02-13:188799] [ 8] /work/noaa/da/mpotts/sandbox/pgi_2019_openmpi_O_release_8.4.0/esmf/DEFAULTINSTALLDIR/lib/libO/Linux.pgi.64.openmpi.default/libesmf.so(nuopc_connector_fieldbundlecplstore_+0xbc87)[0x7fe739cf3a17]
[Orion-02-13:188801] [ 9] /work/noaa/da/mpotts/sandbox/pgi_2019_openmpi_O_release_8.4.0/esmf/DEFAULTINSTALLDIR/lib/libO/Linux.pgi.64.openmpi.default/libesmf.so(nuopc_connector_initializeipdv05p6b_+0x4f74)[0x7fa28526ce74]
[Orion-02-13:188801] [10] /work/noaa/da/mpotts/sandbox/pgi_2019_openmpi_O_release_8.4.0/esmf/DEFAULTINSTALLDIR/lib/libO/Linux.pgi.64.openmpi.default/libesmf.so(_ZN5ESMCI6FTable12callVFuncPtrEPKcPNS_2VMEPi+0x417)[0x7fa2846aef57]
[Orion-02-13:188799] [ 9] /work/noaa/da/mpotts/sandbox/pgi_2019_openmpi_O_release_8.4.0/esmf/DEFAULTINSTALLDIR/lib/libO/Linux.pgi.64.openmpi.default/libesmf.so(nuopc_connector_initializeipdv05p6b_+0x4f74)[0x7fe739cdae74]
[Orion-02-13:188801] [11] /work/noaa/da/mpotts/sandbox/pgi_2019_openmpi_O_release_8.4.0/esmf/DEFAULTINSTALLDIR/lib/libO/Linux.pgi.64.openmpi.default/libesmf.so(ESMCI_FTableCallEntryPointVMHop+0x1ea)[0x7fa2846ad15a]
[Orion-02-13:188799] [10] /work/noaa/da/mpotts/sandbox/pgi_2019_openmpi_O_release_8.4.0/esmf/DEFAULTINSTALLDIR/lib/libO/Linux.pgi.64.openmpi.default/libesmf.so(_ZN5ESMCI6FTable12callVFuncPtrEPKcPNS_2VMEPi+0x417)[0x7fe73911cf57]
[Orion-02-13:188799] [11] /work/noaa/da/mpotts/sandbox/pgi_2019_openmpi_O_release_8.4.0/esmf/DEFAULTINSTALLDIR/lib/libO/Linux.pgi.64.openmpi.default/libesmf.so(ESMCI_FTableCallEntryPointVMHop+0x1ea)[0x7fe73911b15a]
[Orion-02-13:188801] [12] /work/noaa/da/mpotts/sandbox/pgi_2019_openmpi_O_release_8.4.0/esmf/DEFAULTINSTALLDIR/lib/libO/Linux.pgi.64.openmpi.default/libesmf.so(_ZN5ESMCI2VM5enterEPNS_6VMPlanEPvS3_+0x18)[0x7fa284a94458]
[Orion-02-13:188801] [13] /work/noaa/da/mpotts/sandbox/pgi_2019_openmpi_O_release_8.4.0/esmf/DEFAULTINSTALLDIR/lib/libO/Linux.pgi.64.openmpi.default/libesmf.so(c_esmc_ftablecallentrypointvm_+0x337)[0x7fa2846ad537]
[Orion-02-13:188799] [12] /work/noaa/da/mpotts/sandbox/pgi_2019_openmpi_O_release_8.4.0/esmf/DEFAULTINSTALLDIR/lib/libO/Linux.pgi.64.openmpi.default/libesmf.so(_ZN5ESMCI2VM5enterEPNS_6VMPlanEPvS3_+0x18)[0x7fe739502458]
[Orion-02-13:188799] [13] /work/noaa/da/mpotts/sandbox/pgi_2019_openmpi_O_release_8.4.0/esmf/DEFAULTINSTALLDIR/lib/libO/Linux.pgi.64.openmpi.default/libesmf.so(c_esmc_ftablecallentrypointvm_+0x337)[0x7fe73911b537]
[Orion-02-13:188801] [14] /work/noaa/da/mpotts/sandbox/pgi_2019_openmpi_O_release_8.4.0/esmf/DEFAULTINSTALLDIR/lib/libO/Linux.pgi.64.openmpi.default/libesmf.so(esmf_compmod_esmf_compexecute_+0x7ed)[0x7fa284c6794d]
[Orion-02-13:188799] [14] /work/noaa/da/mpotts/sandbox/pgi_2019_openmpi_O_release_8.4.0/esmf/DEFAULTINSTALLDIR/lib/libO/Linux.pgi.64.openmpi.default/libesmf.so(esmf_compmod_esmf_compexecute_+0x7ed)[0x7fe7396d594d]
[Orion-02-13:188801] [15] /work/noaa/da/mpotts/sandbox/pgi_2019_openmpi_O_release_8.4.0/esmf/DEFAULTINSTALLDIR/lib/libO/Linux.pgi.64.openmpi.default/libesmf.so(esmf_cplcompmod_esmf_cplcompinitialize_+0x161)[0x7fa284c781f1]
[Orion-02-13:188799] [15] /work/noaa/da/mpotts/sandbox/pgi_2019_openmpi_O_release_8.4.0/esmf/DEFAULTINSTALLDIR/lib/libO/Linux.pgi.64.openmpi.default/libesmf.so(esmf_cplcompmod_esmf_cplcompinitialize_+0x161)[0x7fe7396e61f1]
[Orion-02-13:188801] [16] /work/noaa/da/mpotts/sandbox/pgi_2019_openmpi_O_release_8.4.0/esmf/DEFAULTINSTALLDIR/lib/libO/Linux.pgi.64.openmpi.default/libesmf.so(nuopc_driver_loopconnectorcompss_+0xeb4)[0x7fa2852a55a4]
[Orion-02-13:188799] [16] /work/noaa/da/mpotts/sandbox/pgi_2019_openmpi_O_release_8.4.0/esmf/DEFAULTINSTALLDIR/lib/libO/Linux.pgi.64.openmpi.default/libesmf.so(nuopc_driver_loopconnectorcompss_+0xeb4)[0x7fe739d135a4]
[Orion-02-13:188801] [17] /work/noaa/da/mpotts/sandbox/pgi_2019_openmpi_O_release_8.4.0/esmf/DEFAULTINSTALLDIR/lib/libO/Linux.pgi.64.openmpi.default/libesmf.so(nuopc_driver_initializeipdv02p3_+0x20f1)[0x7fa28529cac1]
[Orion-02-13:188799] [17] /work/noaa/da/mpotts/sandbox/pgi_2019_openmpi_O_release_8.4.0/esmf/DEFAULTINSTALLDIR/lib/libO/Linux.pgi.64.openmpi.default/libesmf.so(nuopc_driver_initializeipdv02p3_+0x20f1)[0x7fe739d0aac1]
[Orion-02-13:188801] [18] /work/noaa/da/mpotts/sandbox/pgi_2019_openmpi_O_release_8.4.0/esmf/DEFAULTINSTALLDIR/lib/libO/Linux.pgi.64.openmpi.default/libesmf.so(nuopc_driver_initializegeneric_+0x62a)[0x7fa28528c5ea]
[Orion-02-13:188801] [19] /work/noaa/da/mpotts/sandbox/pgi_2019_openmpi_O_release_8.4.0/esmf/DEFAULTINSTALLDIR/lib/libO/Linux.pgi.64.openmpi.default/libesmf.so(_ZN5ESMCI6FTable12callVFuncPtrEPKcPNS_2VMEPi+0x417)[0x7fa2846aef57]
[Orion-02-13:188799] [18] /work/noaa/da/mpotts/sandbox/pgi_2019_openmpi_O_release_8.4.0/esmf/DEFAULTINSTALLDIR/lib/libO/Linux.pgi.64.openmpi.default/libesmf.so(nuopc_driver_initializegeneric_+0x62a)[0x7fe739cfa5ea]
[Orion-02-13:188801] [20] /work/noaa/da/mpotts/sandbox/pgi_2019_openmpi_O_release_8.4.0/esmf/DEFAULTINSTALLDIR/lib/libO/Linux.pgi.64.openmpi.default/libesmf.so(ESMCI_FTableCallEntryPointVMHop+0x1ea)[0x7fa2846ad15a]
[Orion-02-13:188799] [19] /work/noaa/da/mpotts/sandbox/pgi_2019_openmpi_O_release_8.4.0/esmf/DEFAULTINSTALLDIR/lib/libO/Linux.pgi.64.openmpi.default/libesmf.so(_ZN5ESMCI6FTable12callVFuncPtrEPKcPNS_2VMEPi+0x417)[0x7fe73911cf57]
[Orion-02-13:188799] [20] /work/noaa/da/mpotts/sandbox/pgi_2019_openmpi_O_release_8.4.0/esmf/DEFAULTINSTALLDIR/lib/libO/Linux.pgi.64.openmpi.default/libesmf.so(ESMCI_FTableCallEntryPointVMHop+0x1ea)[0x7fe73911b15a]
[Orion-02-13:188801] [21] /work/noaa/da/mpotts/sandbox/pgi_2019_openmpi_O_release_8.4.0/esmf/DEFAULTINSTALLDIR/lib/libO/Linux.pgi.64.openmpi.default/libesmf.so(_ZN5ESMCI2VM5enterEPNS_6VMPlanEPvS3_+0x18)[0x7fa284a94458]
[Orion-02-13:188801] [22] /work/noaa/da/mpotts/sandbox/pgi_2019_openmpi_O_release_8.4.0/esmf/DEFAULTINSTALLDIR/lib/libO/Linux.pgi.64.openmpi.default/libesmf.so(c_esmc_ftablecallentrypointvm_+0x337)[0x7fa2846ad537]
[Orion-02-13:188799] [21] /work/noaa/da/mpotts/sandbox/pgi_2019_openmpi_O_release_8.4.0/esmf/DEFAULTINSTALLDIR/lib/libO/Linux.pgi.64.openmpi.default/libesmf.so(_ZN5ESMCI2VM5enterEPNS_6VMPlanEPvS3_+0x18)[0x7fe739502458]
[Orion-02-13:188799] [22] /work/noaa/da/mpotts/sandbox/pgi_2019_openmpi_O_release_8.4.0/esmf/DEFAULTINSTALLDIR/lib/libO/Linux.pgi.64.openmpi.default/libesmf.so(c_esmc_ftablecallentrypointvm_+0x337)[0x7fe73911b537]
[Orion-02-13:188801] [23] /work/noaa/da/mpotts/sandbox/pgi_2019_openmpi_O_release_8.4.0/esmf/DEFAULTINSTALLDIR/lib/libO/Linux.pgi.64.openmpi.default/libesmf.so(esmf_compmod_esmf_compexecute_+0x7ed)[0x7fa284c6794d]
[Orion-02-13:188799] [23] /work/noaa/da/mpotts/sandbox/pgi_2019_openmpi_O_release_8.4.0/esmf/DEFAULTINSTALLDIR/lib/libO/Linux.pgi.64.openmpi.default/libesmf.so(esmf_compmod_esmf_compexecute_+0x7ed)[0x7fe7396d594d]
[Orion-02-13:188801] [24] /work/noaa/da/mpotts/sandbox/pgi_2019_openmpi_O_release_8.4.0/esmf/DEFAULTINSTALLDIR/lib/libO/Linux.pgi.64.openmpi.default/libesmf.so(esmf_gridcompmod_esmf_gridcompinitialize_+0x161)[0x7fa284e3b9a1]
[Orion-02-13:188801] [25] /work/noaa/da/mpotts/sandbox/pgi_2019_openmpi_O_release_8.4.0/nuopc-app-prototypes/AtmOcnSelectProto/./esmApp[0x405f0d]
[Orion-02-13:188801] [26] /work/noaa/da/mpotts/sandbox/pgi_2019_openmpi_O_release_8.4.0/nuopc-app-prototypes/AtmOcnSelectProto/./esmApp[0x405b83]
[Orion-02-13:188801] [27] /lib64/libc.so.6(__libc_start_main+0xf5)[0x7fa2804ab495]
[Orion-02-13:188801] [28] /work/noaa/da/mpotts/sandbox/pgi_2019_openmpi_O_release_8.4.0/nuopc-app-prototypes/AtmOcnSelectProto/./esmApp[0x405a89]
[Orion-02-13:188801] *** End of error message ***
[Orion-02-13:188799] [24] /work/noaa/da/mpotts/sandbox/pgi_2019_openmpi_O_release_8.4.0/esmf/DEFAULTINSTALLDIR/lib/libO/Linux.pgi.64.openmpi.default/libesmf.so(esmf_gridcompmod_esmf_gridcompinitialize_+0x161)[0x7fe7398a99a1]
[Orion-02-13:188799] [25] /work/noaa/da/mpotts/sandbox/pgi_2019_openmpi_O_release_8.4.0/nuopc-app-prototypes/AtmOcnSelectProto/./esmApp[0x405f0d]
[Orion-02-13:188799] [26] /work/noaa/da/mpotts/sandbox/pgi_2019_openmpi_O_release_8.4.0/nuopc-app-prototypes/AtmOcnSelectProto/./esmApp[0x405b83]
[Orion-02-13:188799] [27] /lib64/libc.so.6(__libc_start_main+0xf5)[0x7fe734f19495]
[Orion-02-13:188799] [28] /work/noaa/da/mpotts/sandbox/pgi_2019_openmpi_O_release_8.4.0/nuopc-app-prototypes/AtmOcnSelectProto/./esmApp[0x405a89]
[Orion-02-13:188799] *** End of error message ***
==== backtrace (tid: 188800) ====
 0 0x000000000072c2b3 ESMCI::LogErr::MsgFoundError()  /work/noaa/da/mpotts/sandbox/pgi_2019_openmpi_O_release_8.4.0/esmf/src/Infrastructure/LogErr/src/ESMCI_LogErr.C:586
 1 0x00000000008844b1 c_esmc_meshcreatenodedistgrid_()  /work/noaa/da/mpotts/sandbox/pgi_2019_openmpi_O_release_8.4.0/esmf/src/Infrastructure/Mesh/interface/ESMCI_Mesh_F.C:248
 2 0x0000000000f95f5c esmf_meshmod_esmf_meshcreatefrompointer_()  /work/noaa/da/mpotts/sandbox/pgi_2019_openmpi_O_release_8.4.0/esmf/src/Infrastructure/Mesh/interface/ESMF_Mesh.F90:3091
 3 0x0000000000e77722 esmf_gridutilmod_esmf_gridtomesh_()  /work/noaa/da/mpotts/sandbox/pgi_2019_openmpi_O_release_8.4.0/esmf/src/Infrastructure/GridUtil/interface/ESMF_GridUtil.F90:453
 4 0x0000000000d9baf6 esmf_fieldregridmod_b_or_p_gridtomesh_()  /work/noaa/da/mpotts/sandbox/pgi_2019_openmpi_O_release_8.4.0/esmf/src/Infrastructure/Field/src/ESMF_FieldRegrid.F90:3228
 5 0x0000000000d99004 esmf_fieldregridmod_getmeshwithnodesonfieldloc_()  /work/noaa/da/mpotts/sandbox/pgi_2019_openmpi_O_release_8.4.0/esmf/src/Infrastructure/Field/src/ESMF_FieldRegrid.F90:1346
 6 0x0000000000d97563 esmf_fieldregridmod_esmf_fieldregridstorenx_()  /work/noaa/da/mpotts/sandbox/pgi_2019_openmpi_O_release_8.4.0/esmf/src/Infrastructure/Field/src/ESMF_FieldRegrid.F90:971
 7 0x0000000001227a17 nuopc_connector_fieldbundlecplstore_()  /work/noaa/da/mpotts/sandbox/pgi_2019_openmpi_O_release_8.4.0/esmf/src/addon/NUOPC/src/NUOPC_Connector.F90:7919
 8 0x000000000120ee74 nuopc_connector_initializeipdv05p6b_()  /work/noaa/da/mpotts/sandbox/pgi_2019_openmpi_O_release_8.4.0/esmf/src/addon/NUOPC/src/NUOPC_Connector.F90:5386
 9 0x0000000000650f57 ESMCI::FTable::callVFuncPtr()  /work/noaa/da/mpotts/sandbox/pgi_2019_openmpi_O_release_8.4.0/esmf/src/Superstructure/Component/src/ESMCI_FTable.C:2167
10 0x000000000064f15a ESMCI_FTableCallEntryPointVMHop()  /work/noaa/da/mpotts/sandbox/pgi_2019_openmpi_O_release_8.4.0/esmf/src/Superstructure/Component/src/ESMCI_FTable.C:824
11 0x0000000000a36458 ESMCI::VM::enter()  /work/noaa/da/mpotts/sandbox/pgi_2019_openmpi_O_release_8.4.0/esmf/src/Infrastructure/VM/src/ESMCI_VM.C:1216
12 0x000000000064f537 c_esmc_ftablecallentrypointvm_()  /work/noaa/da/mpotts/sandbox/pgi_2019_openmpi_O_release_8.4.0/esmf/src/Superstructure/Component/src/ESMCI_FTable.C:981
13 0x0000000000c0994d esmf_compmod_esmf_compexecute_()  /work/noaa/da/mpotts/sandbox/pgi_2019_openmpi_O_release_8.4.0/esmf/src/Superstructure/Component/src/ESMF_Comp.F90:1223
14 0x0000000000c1a1f1 esmf_cplcompmod_esmf_cplcompinitialize_()  /work/noaa/da/mpotts/sandbox/pgi_2019_openmpi_O_release_8.4.0/esmf/src/Superstructure/Component/src/ESMF_CplComp.F90:1165
15 0x00000000012475a4 nuopc_driver_loopconnectorcompss_()  /work/noaa/da/mpotts/sandbox/pgi_2019_openmpi_O_release_8.4.0/esmf/src/addon/NUOPC/src/NUOPC_Driver.F90:2869
16 0x000000000123eac1 nuopc_driver_initializeipdv02p3_()  /work/noaa/da/mpotts/sandbox/pgi_2019_openmpi_O_release_8.4.0/esmf/src/addon/NUOPC/src/NUOPC_Driver.F90:2020
17 0x000000000122e5ea nuopc_driver_initializegeneric_()  /work/noaa/da/mpotts/sandbox/pgi_2019_openmpi_O_release_8.4.0/esmf/src/addon/NUOPC/src/NUOPC_Driver.F90:479
18 0x0000000000650f57 ESMCI::FTable::callVFuncPtr()  /work/noaa/da/mpotts/sandbox/pgi_2019_openmpi_O_release_8.4.0/esmf/src/Superstructure/Component/src/ESMCI_FTable.C:2167
19 0x000000000064f15a ESMCI_FTableCallEntryPointVMHop()  /work/noaa/da/mpotts/sandbox/pgi_2019_openmpi_O_release_8.4.0/esmf/src/Superstructure/Component/src/ESMCI_FTable.C:824
20 0x0000000000a36458 ESMCI::VM::enter()  /work/noaa/da/mpotts/sandbox/pgi_2019_openmpi_O_release_8.4.0/esmf/src/Infrastructure/VM/src/ESMCI_VM.C:1216
21 0x000000000064f537 c_esmc_ftablecallentrypointvm_()  /work/noaa/da/mpotts/sandbox/pgi_2019_openmpi_O_release_8.4.0/esmf/src/Superstructure/Component/src/ESMCI_FTable.C:981
22 0x0000000000c0994d esmf_compmod_esmf_compexecute_()  /work/noaa/da/mpotts/sandbox/pgi_2019_openmpi_O_release_8.4.0/esmf/src/Superstructure/Component/src/ESMF_Comp.F90:1223
23 0x0000000000ddd9a1 esmf_gridcompmod_esmf_gridcompinitialize_()  /work/noaa/da/mpotts/sandbox/pgi_2019_openmpi_O_release_8.4.0/esmf/src/Superstructure/Component/src/ESMF_GridComp.F90:1412
24 0x0000000000405f0d MAIN_()  /work/noaa/da/mpotts/sandbox/pgi_2019_openmpi_O_release_8.4.0/nuopc-app-prototypes/AtmOcnSelectProto/esmApp.F90:58
25 0x0000000000405b83 main()  ???:0
26 0x0000000000022495 __libc_start_main()  ???:0
27 0x0000000000405a89 _start()  ???:0
=================================
[Orion-02-13:188800] *** Process received signal ***
[Orion-02-13:188800] Signal: Segmentation fault (11)
[Orion-02-13:188800] Signal code:  (-6)
[Orion-02-13:188800] Failing at address: 0x20e50002e180
==== backtrace (tid: 188798) ====
[Orion-02-13:188800] [ 0] /lib64/libpthread.so.0(+0xf5d0)[0x7f6284d545d0]
 0 0x000000000072c2b3 ESMCI::LogErr::MsgFoundError()  /work/noaa/da/mpotts/sandbox/pgi_2019_openmpi_O_release_8.4.0/esmf/src/Infrastructure/LogErr/src/ESMCI_LogErr.C:586
 1 0x00000000008844b1 c_esmc_meshcreatenodedistgrid_()  /work/noaa/da/mpotts/sandbox/pgi_2019_openmpi_O_release_8.4.0/esmf/src/Infrastructure/Mesh/interface/ESMCI_Mesh_F.C:248
 2 0x0000000000f95f5c esmf_meshmod_esmf_meshcreatefrompointer_()  /work/noaa/da/mpotts/sandbox/pgi_2019_openmpi_O_release_8.4.0/esmf/src/Infrastructure/Mesh/interface/ESMF_Mesh.F90:3091
 3 0x0000000000e77722 esmf_gridutilmod_esmf_gridtomesh_()  /work/noaa/da/mpotts/sandbox/pgi_2019_openmpi_O_release_8.4.0/esmf/src/Infrastructure/GridUtil/interface/ESMF_GridUtil.F90:453
 4 0x0000000000d9baf6 esmf_fieldregridmod_b_or_p_gridtomesh_()  /work/noaa/da/mpotts/sandbox/pgi_2019_openmpi_O_release_8.4.0/esmf/src/Infrastructure/Field/src/ESMF_FieldRegrid.F90:3228
 5 0x0000000000d99004 esmf_fieldregridmod_getmeshwithnodesonfieldloc_()  /work/noaa/da/mpotts/sandbox/pgi_2019_openmpi_O_release_8.4.0/esmf/src/Infrastructure/Field/src/ESMF_FieldRegrid.F90:1346
 6 0x0000000000d97563 esmf_fieldregridmod_esmf_fieldregridstorenx_()  /work/noaa/da/mpotts/sandbox/pgi_2019_openmpi_O_release_8.4.0/esmf/src/Infrastructure/Field/src/ESMF_FieldRegrid.F90:971
 7 0x0000000001227a17 nuopc_connector_fieldbundlecplstore_()  /work/noaa/da/mpotts/sandbox/pgi_2019_openmpi_O_release_8.4.0/esmf/src/addon/NUOPC/src/NUOPC_Connector.F90:7919
 8 0x000000000120ee74 nuopc_connector_initializeipdv05p6b_()  /work/noaa/da/mpotts/sandbox/pgi_2019_openmpi_O_release_8.4.0/esmf/src/addon/NUOPC/src/NUOPC_Connector.F90:5386
 9 0x0000000000650f57 ESMCI::FTable::callVFuncPtr()  /work/noaa/da/mpotts/sandbox/pgi_2019_openmpi_O_release_8.4.0/esmf/src/Superstructure/Component/src/ESMCI_FTable.C:2167
10 0x000000000064f15a ESMCI_FTableCallEntryPointVMHop()  /work/noaa/da/mpotts/sandbox/pgi_2019_openmpi_O_release_8.4.0/esmf/src/Superstructure/Component/src/ESMCI_FTable.C:824
11 0x0000000000a36458 ESMCI::VM::enter()  /work/noaa/da/mpotts/sandbox/pgi_2019_openmpi_O_release_8.4.0/esmf/src/Infrastructure/VM/src/ESMCI_VM.C:1216
12 0x000000000064f537 c_esmc_ftablecallentrypointvm_()  /work/noaa/da/mpotts/sandbox/pgi_2019_openmpi_O_release_8.4.0/esmf/src/Superstructure/Component/src/ESMCI_FTable.C:981
13 0x0000000000c0994d esmf_compmod_esmf_compexecute_()  /work/noaa/da/mpotts/sandbox/pgi_2019_openmpi_O_release_8.4.0/esmf/src/Superstructure/Component/src/ESMF_Comp.F90:1223
14 0x0000000000c1a1f1 esmf_cplcompmod_esmf_cplcompinitialize_()  /work/noaa/da/mpotts/sandbox/pgi_2019_openmpi_O_release_8.4.0/esmf/src/Superstructure/Component/src/ESMF_CplComp.F90:1165
15 0x00000000012475a4 nuopc_driver_loopconnectorcompss_()  /work/noaa/da/mpotts/sandbox/pgi_2019_openmpi_O_release_8.4.0/esmf/src/addon/NUOPC/src/NUOPC_Driver.F90:2869
16 0x000000000123eac1 nuopc_driver_initializeipdv02p3_()  /work/noaa/da/mpotts/sandbox/pgi_2019_openmpi_O_release_8.4.0/esmf/src/addon/NUOPC/src/NUOPC_Driver.F90:2020
17 0x000000000122e5ea nuopc_driver_initializegeneric_()  /work/noaa/da/mpotts/sandbox/pgi_2019_openmpi_O_release_8.4.0/esmf/src/addon/NUOPC/src/NUOPC_Driver.F90:479
18 0x0000000000650f57 ESMCI::FTable::callVFuncPtr()  /work/noaa/da/mpotts/sandbox/pgi_2019_openmpi_O_release_8.4.0/esmf/src/Superstructure/Component/src/ESMCI_FTable.C:2167
19 0x000000000064f15a ESMCI_FTableCallEntryPointVMHop()  /work/noaa/da/mpotts/sandbox/pgi_2019_openmpi_O_release_8.4.0/esmf/src/Superstructure/Component/src/ESMCI_FTable.C:824
20 0x0000000000a36458 ESMCI::VM::enter()  /work/noaa/da/mpotts/sandbox/pgi_2019_openmpi_O_release_8.4.0/esmf/src/Infrastructure/VM/src/ESMCI_VM.C:1216
21 0x000000000064f537 c_esmc_ftablecallentrypointvm_()  /work/noaa/da/mpotts/sandbox/pgi_2019_openmpi_O_release_8.4.0/esmf/src/Superstructure/Component/src/ESMCI_FTable.C:981
22 0x0000000000c0994d esmf_compmod_esmf_compexecute_()  /work/noaa/da/mpotts/sandbox/pgi_2019_openmpi_O_release_8.4.0/esmf/src/Superstructure/Component/src/ESMF_Comp.F90:1223
23 0x0000000000ddd9a1 esmf_gridcompmod_esmf_gridcompinitialize_()  /work/noaa/da/mpotts/sandbox/pgi_2019_openmpi_O_release_8.4.0/esmf/src/Superstructure/Component/src/ESMF_GridComp.F90:1412
24 0x0000000000405f0d MAIN_()  /work/noaa/da/mpotts/sandbox/pgi_2019_openmpi_O_release_8.4.0/nuopc-app-prototypes/AtmOcnSelectProto/esmApp.F90:58
25 0x0000000000405b83 main()  ???:0
26 0x0000000000022495 __libc_start_main()  ???:0
27 0x0000000000405a89 _start()  ???:0
=================================
[Orion-02-13:188800] [ 1] /work/noaa/da/mpotts/sandbox/pgi_2019_openmpi_O_release_8.4.0/esmf/DEFAULTINSTALLDIR/lib/libO/Linux.pgi.64.openmpi.default/libesmf.so(_ZN5ESMCI6LogErr13MsgFoundErrorEiPKciS2_S2_Pi+0x33)[0x7f62834f82b3]
[Orion-02-13:188798] *** Process received signal ***
[Orion-02-13:188798] Signal: Segmentation fault (11)
[Orion-02-13:188798] Signal code:  (-6)
[Orion-02-13:188798] Failing at address: 0x20e50002e17e
[Orion-02-13:188800] [ 2] /work/noaa/da/mpotts/sandbox/pgi_2019_openmpi_O_release_8.4.0/esmf/DEFAULTINSTALLDIR/lib/libO/Linux.pgi.64.openmpi.default/libesmf.so(c_esmc_meshcreatenodedistgrid_+0xa1)[0x7f62836504b1]
[Orion-02-13:188798] [ 0] /lib64/libpthread.so.0(+0xf5d0)[0x7f6b9319c5d0]
[Orion-02-13:188798] [ 1] /work/noaa/da/mpotts/sandbox/pgi_2019_openmpi_O_release_8.4.0/esmf/DEFAULTINSTALLDIR/lib/libO/Linux.pgi.64.openmpi.default/libesmf.so(_ZN5ESMCI6LogErr13MsgFoundErrorEiPKciS2_S2_Pi+0x33)[0x7f6b919402b3]
[Orion-02-13:188800] [ 3] /work/noaa/da/mpotts/sandbox/pgi_2019_openmpi_O_release_8.4.0/esmf/DEFAULTINSTALLDIR/lib/libO/Linux.pgi.64.openmpi.default/libesmf.so(esmf_meshmod_esmf_meshcreatefrompointer_+0x4c)[0x7f6283d61f5c]
[Orion-02-13:188798] [ 2] /work/noaa/da/mpotts/sandbox/pgi_2019_openmpi_O_release_8.4.0/esmf/DEFAULTINSTALLDIR/lib/libO/Linux.pgi.64.openmpi.default/libesmf.so(c_esmc_meshcreatenodedistgrid_+0xa1)[0x7f6b91a984b1]
[Orion-02-13:188800] [ 4] /work/noaa/da/mpotts/sandbox/pgi_2019_openmpi_O_release_8.4.0/esmf/DEFAULTINSTALLDIR/lib/libO/Linux.pgi.64.openmpi.default/libesmf.so(esmf_gridutilmod_esmf_gridtomesh_+0x352)[0x7f6283c43722]
[Orion-02-13:188798] [ 3] /work/noaa/da/mpotts/sandbox/pgi_2019_openmpi_O_release_8.4.0/esmf/DEFAULTINSTALLDIR/lib/libO/Linux.pgi.64.openmpi.default/libesmf.so(esmf_meshmod_esmf_meshcreatefrompointer_+0x4c)[0x7f6b921a9f5c]
[Orion-02-13:188800] [ 5] /work/noaa/da/mpotts/sandbox/pgi_2019_openmpi_O_release_8.4.0/esmf/DEFAULTINSTALLDIR/lib/libO/Linux.pgi.64.openmpi.default/libesmf.so(esmf_fieldregridmod_b_or_p_gridtomesh_+0x156)[0x7f6283b67af6]
[Orion-02-13:188798] [ 4] /work/noaa/da/mpotts/sandbox/pgi_2019_openmpi_O_release_8.4.0/esmf/DEFAULTINSTALLDIR/lib/libO/Linux.pgi.64.openmpi.default/libesmf.so(esmf_gridutilmod_esmf_gridtomesh_+0x352)[0x7f6b9208b722]
[Orion-02-13:188800] [ 6] /work/noaa/da/mpotts/sandbox/pgi_2019_openmpi_O_release_8.4.0/esmf/DEFAULTINSTALLDIR/lib/libO/Linux.pgi.64.openmpi.default/libesmf.so(esmf_fieldregridmod_getmeshwithnodesonfieldloc_+0x394)[0x7f6283b65004]
[Orion-02-13:188798] [ 5] /work/noaa/da/mpotts/sandbox/pgi_2019_openmpi_O_release_8.4.0/esmf/DEFAULTINSTALLDIR/lib/libO/Linux.pgi.64.openmpi.default/libesmf.so(esmf_fieldregridmod_b_or_p_gridtomesh_+0x156)[0x7f6b91fafaf6]
[Orion-02-13:188800] [ 7] /work/noaa/da/mpotts/sandbox/pgi_2019_openmpi_O_release_8.4.0/esmf/DEFAULTINSTALLDIR/lib/libO/Linux.pgi.64.openmpi.default/libesmf.so(esmf_fieldregridmod_esmf_fieldregridstorenx_+0x9c3)[0x7f6283b63563]
[Orion-02-13:188800] [ 8] /work/noaa/da/mpotts/sandbox/pgi_2019_openmpi_O_release_8.4.0/esmf/DEFAULTINSTALLDIR/lib/libO/Linux.pgi.64.openmpi.default/libesmf.so(nuopc_connector_fieldbundlecplstore_+0xbc87)[0x7f6283ff3a17]
[Orion-02-13:188798] [ 6] /work/noaa/da/mpotts/sandbox/pgi_2019_openmpi_O_release_8.4.0/esmf/DEFAULTINSTALLDIR/lib/libO/Linux.pgi.64.openmpi.default/libesmf.so(esmf_fieldregridmod_getmeshwithnodesonfieldloc_+0x394)[0x7f6b91fad004]
[Orion-02-13:188800] [ 9] /work/noaa/da/mpotts/sandbox/pgi_2019_openmpi_O_release_8.4.0/esmf/DEFAULTINSTALLDIR/lib/libO/Linux.pgi.64.openmpi.default/libesmf.so(nuopc_connector_initializeipdv05p6b_+0x4f74)[0x7f6283fdae74]
[Orion-02-13:188798] [ 7] /work/noaa/da/mpotts/sandbox/pgi_2019_openmpi_O_release_8.4.0/esmf/DEFAULTINSTALLDIR/lib/libO/Linux.pgi.64.openmpi.default/libesmf.so(esmf_fieldregridmod_esmf_fieldregridstorenx_+0x9c3)[0x7f6b91fab563]
[Orion-02-13:188800] [10] /work/noaa/da/mpotts/sandbox/pgi_2019_openmpi_O_release_8.4.0/esmf/DEFAULTINSTALLDIR/lib/libO/Linux.pgi.64.openmpi.default/libesmf.so(_ZN5ESMCI6FTable12callVFuncPtrEPKcPNS_2VMEPi+0x417)[0x7f628341cf57]
[Orion-02-13:188798] [ 8] /work/noaa/da/mpotts/sandbox/pgi_2019_openmpi_O_release_8.4.0/esmf/DEFAULTINSTALLDIR/lib/libO/Linux.pgi.64.openmpi.default/libesmf.so(nuopc_connector_fieldbundlecplstore_+0xbc87)[0x7f6b9243ba17]
[Orion-02-13:188800] [11] /work/noaa/da/mpotts/sandbox/pgi_2019_openmpi_O_release_8.4.0/esmf/DEFAULTINSTALLDIR/lib/libO/Linux.pgi.64.openmpi.default/libesmf.so(ESMCI_FTableCallEntryPointVMHop+0x1ea)[0x7f628341b15a]
[Orion-02-13:188798] [ 9] /work/noaa/da/mpotts/sandbox/pgi_2019_openmpi_O_release_8.4.0/esmf/DEFAULTINSTALLDIR/lib/libO/Linux.pgi.64.openmpi.default/libesmf.so(nuopc_connector_initializeipdv05p6b_+0x4f74)[0x7f6b92422e74]
[Orion-02-13:188800] [12] /work/noaa/da/mpotts/sandbox/pgi_2019_openmpi_O_release_8.4.0/esmf/DEFAULTINSTALLDIR/lib/libO/Linux.pgi.64.openmpi.default/libesmf.so(_ZN5ESMCI2VM5enterEPNS_6VMPlanEPvS3_+0x18)[0x7f6283802458]
[Orion-02-13:188798] [10] /work/noaa/da/mpotts/sandbox/pgi_2019_openmpi_O_release_8.4.0/esmf/DEFAULTINSTALLDIR/lib/libO/Linux.pgi.64.openmpi.default/libesmf.so(_ZN5ESMCI6FTable12callVFuncPtrEPKcPNS_2VMEPi+0x417)[0x7f6b91864f57]
[Orion-02-13:188800] [13] /work/noaa/da/mpotts/sandbox/pgi_2019_openmpi_O_release_8.4.0/esmf/DEFAULTINSTALLDIR/lib/libO/Linux.pgi.64.openmpi.default/libesmf.so(c_esmc_ftablecallentrypointvm_+0x337)[0x7f628341b537]
[Orion-02-13:188798] [11] /work/noaa/da/mpotts/sandbox/pgi_2019_openmpi_O_release_8.4.0/esmf/DEFAULTINSTALLDIR/lib/libO/Linux.pgi.64.openmpi.default/libesmf.so(ESMCI_FTableCallEntryPointVMHop+0x1ea)[0x7f6b9186315a]
[Orion-02-13:188800] [14] /work/noaa/da/mpotts/sandbox/pgi_2019_openmpi_O_release_8.4.0/esmf/DEFAULTINSTALLDIR/lib/libO/Linux.pgi.64.openmpi.default/libesmf.so(esmf_compmod_esmf_compexecute_+0x7ed)[0x7f62839d594d]
[Orion-02-13:188798] [12] /work/noaa/da/mpotts/sandbox/pgi_2019_openmpi_O_release_8.4.0/esmf/DEFAULTINSTALLDIR/lib/libO/Linux.pgi.64.openmpi.default/libesmf.so(_ZN5ESMCI2VM5enterEPNS_6VMPlanEPvS3_+0x18)[0x7f6b91c4a458]
[Orion-02-13:188798] [13] /work/noaa/da/mpotts/sandbox/pgi_2019_openmpi_O_release_8.4.0/esmf/DEFAULTINSTALLDIR/lib/libO/Linux.pgi.64.openmpi.default/libesmf.so(c_esmc_ftablecallentrypointvm_+0x337)[0x7f6b91863537]
[Orion-02-13:188800] [15] /work/noaa/da/mpotts/sandbox/pgi_2019_openmpi_O_release_8.4.0/esmf/DEFAULTINSTALLDIR/lib/libO/Linux.pgi.64.openmpi.default/libesmf.so(esmf_cplcompmod_esmf_cplcompinitialize_+0x161)[0x7f62839e61f1]
[Orion-02-13:188798] [14] /work/noaa/da/mpotts/sandbox/pgi_2019_openmpi_O_release_8.4.0/esmf/DEFAULTINSTALLDIR/lib/libO/Linux.pgi.64.openmpi.default/libesmf.so(esmf_compmod_esmf_compexecute_+0x7ed)[0x7f6b91e1d94d]
[Orion-02-13:188800] [16] /work/noaa/da/mpotts/sandbox/pgi_2019_openmpi_O_release_8.4.0/esmf/DEFAULTINSTALLDIR/lib/libO/Linux.pgi.64.openmpi.default/libesmf.so(nuopc_driver_loopconnectorcompss_+0xeb4)[0x7f62840135a4]
[Orion-02-13:188800] [17] /work/noaa/da/mpotts/sandbox/pgi_2019_openmpi_O_release_8.4.0/esmf/DEFAULTINSTALLDIR/lib/libO/Linux.pgi.64.openmpi.default/libesmf.so(nuopc_driver_initializeipdv02p3_+0x20f1)[0x7f628400aac1]
[Orion-02-13:188798] [15] /work/noaa/da/mpotts/sandbox/pgi_2019_openmpi_O_release_8.4.0/esmf/DEFAULTINSTALLDIR/lib/libO/Linux.pgi.64.openmpi.default/libesmf.so(esmf_cplcompmod_esmf_cplcompinitialize_+0x161)[0x7f6b91e2e1f1]
[Orion-02-13:188800] [18] /work/noaa/da/mpotts/sandbox/pgi_2019_openmpi_O_release_8.4.0/esmf/DEFAULTINSTALLDIR/lib/libO/Linux.pgi.64.openmpi.default/libesmf.so(nuopc_driver_initializegeneric_+0x62a)[0x7f6283ffa5ea]
[Orion-02-13:188798] [16] /work/noaa/da/mpotts/sandbox/pgi_2019_openmpi_O_release_8.4.0/esmf/DEFAULTINSTALLDIR/lib/libO/Linux.pgi.64.openmpi.default/libesmf.so(nuopc_driver_loopconnectorcompss_+0xeb4)[0x7f6b9245b5a4]
[Orion-02-13:188800] [19] /work/noaa/da/mpotts/sandbox/pgi_2019_openmpi_O_release_8.4.0/esmf/DEFAULTINSTALLDIR/lib/libO/Linux.pgi.64.openmpi.default/libesmf.so(_ZN5ESMCI6FTable12callVFuncPtrEPKcPNS_2VMEPi+0x417)[0x7f628341cf57]
[Orion-02-13:188798] [17] /work/noaa/da/mpotts/sandbox/pgi_2019_openmpi_O_release_8.4.0/esmf/DEFAULTINSTALLDIR/lib/libO/Linux.pgi.64.openmpi.default/libesmf.so(nuopc_driver_initializeipdv02p3_+0x20f1)[0x7f6b92452ac1]
[Orion-02-13:188800] [20] /work/noaa/da/mpotts/sandbox/pgi_2019_openmpi_O_release_8.4.0/esmf/DEFAULTINSTALLDIR/lib/libO/Linux.pgi.64.openmpi.default/libesmf.so(ESMCI_FTableCallEntryPointVMHop+0x1ea)[0x7f628341b15a]
[Orion-02-13:188798] [18] /work/noaa/da/mpotts/sandbox/pgi_2019_openmpi_O_release_8.4.0/esmf/DEFAULTINSTALLDIR/lib/libO/Linux.pgi.64.openmpi.default/libesmf.so(nuopc_driver_initializegeneric_+0x62a)[0x7f6b924425ea]
[Orion-02-13:188800] [21] /work/noaa/da/mpotts/sandbox/pgi_2019_openmpi_O_release_8.4.0/esmf/DEFAULTINSTALLDIR/lib/libO/Linux.pgi.64.openmpi.default/libesmf.so(_ZN5ESMCI2VM5enterEPNS_6VMPlanEPvS3_+0x18)[0x7f6283802458]
[Orion-02-13:188798] [19] /work/noaa/da/mpotts/sandbox/pgi_2019_openmpi_O_release_8.4.0/esmf/DEFAULTINSTALLDIR/lib/libO/Linux.pgi.64.openmpi.default/libesmf.so(_ZN5ESMCI6FTable12callVFuncPtrEPKcPNS_2VMEPi+0x417)[0x7f6b91864f57]
[Orion-02-13:188800] [22] /work/noaa/da/mpotts/sandbox/pgi_2019_openmpi_O_release_8.4.0/esmf/DEFAULTINSTALLDIR/lib/libO/Linux.pgi.64.openmpi.default/libesmf.so(c_esmc_ftablecallentrypointvm_+0x337)[0x7f628341b537]
[Orion-02-13:188798] [20] /work/noaa/da/mpotts/sandbox/pgi_2019_openmpi_O_release_8.4.0/esmf/DEFAULTINSTALLDIR/lib/libO/Linux.pgi.64.openmpi.default/libesmf.so(ESMCI_FTableCallEntryPointVMHop+0x1ea)[0x7f6b9186315a]
[Orion-02-13:188800] [23] /work/noaa/da/mpotts/sandbox/pgi_2019_openmpi_O_release_8.4.0/esmf/DEFAULTINSTALLDIR/lib/libO/Linux.pgi.64.openmpi.default/libesmf.so(esmf_compmod_esmf_compexecute_+0x7ed)[0x7f62839d594d]
[Orion-02-13:188798] [21] /work/noaa/da/mpotts/sandbox/pgi_2019_openmpi_O_release_8.4.0/esmf/DEFAULTINSTALLDIR/lib/libO/Linux.pgi.64.openmpi.default/libesmf.so(_ZN5ESMCI2VM5enterEPNS_6VMPlanEPvS3_+0x18)[0x7f6b91c4a458]
[Orion-02-13:188798] [22] /work/noaa/da/mpotts/sandbox/pgi_2019_openmpi_O_release_8.4.0/esmf/DEFAULTINSTALLDIR/lib/libO/Linux.pgi.64.openmpi.default/libesmf.so(c_esmc_ftablecallentrypointvm_+0x337)[0x7f6b91863537]
[Orion-02-13:188800] [24] /work/noaa/da/mpotts/sandbox/pgi_2019_openmpi_O_release_8.4.0/esmf/DEFAULTINSTALLDIR/lib/libO/Linux.pgi.64.openmpi.default/libesmf.so(esmf_gridcompmod_esmf_gridcompinitialize_+0x161)[0x7f6283ba99a1]
[Orion-02-13:188800] [25] /work/noaa/da/mpotts/sandbox/pgi_2019_openmpi_O_release_8.4.0/nuopc-app-prototypes/AtmOcnSelectProto/./esmApp[0x405f0d]
[Orion-02-13:188800] [26] /work/noaa/da/mpotts/sandbox/pgi_2019_openmpi_O_release_8.4.0/nuopc-app-prototypes/AtmOcnSelectProto/./esmApp[0x405b83]
[Orion-02-13:188800] [27] /lib64/libc.so.6(__libc_start_main+0xf5)[0x7f627f219495]
[Orion-02-13:188800] [28] /work/noaa/da/mpotts/sandbox/pgi_2019_openmpi_O_release_8.4.0/nuopc-app-prototypes/AtmOcnSelectProto/./esmApp[0x405a89]
[Orion-02-13:188800] *** End of error message ***
[Orion-02-13:188798] [23] /work/noaa/da/mpotts/sandbox/pgi_2019_openmpi_O_release_8.4.0/esmf/DEFAULTINSTALLDIR/lib/libO/Linux.pgi.64.openmpi.default/libesmf.so(esmf_compmod_esmf_compexecute_+0x7ed)[0x7f6b91e1d94d]
[Orion-02-13:188798] [24] /work/noaa/da/mpotts/sandbox/pgi_2019_openmpi_O_release_8.4.0/esmf/DEFAULTINSTALLDIR/lib/libO/Linux.pgi.64.openmpi.default/libesmf.so(esmf_gridcompmod_esmf_gridcompinitialize_+0x161)[0x7f6b91ff19a1]
[Orion-02-13:188798] [25] /work/noaa/da/mpotts/sandbox/pgi_2019_openmpi_O_release_8.4.0/nuopc-app-prototypes/AtmOcnSelectProto/./esmApp[0x405f0d]
[Orion-02-13:188798] [26] /work/noaa/da/mpotts/sandbox/pgi_2019_openmpi_O_release_8.4.0/nuopc-app-prototypes/AtmOcnSelectProto/./esmApp[0x405b83]
[Orion-02-13:188798] [27] /lib64/libc.so.6(__libc_start_main+0xf5)[0x7f6b8d661495]
[Orion-02-13:188798] [28] /work/noaa/da/mpotts/sandbox/pgi_2019_openmpi_O_release_8.4.0/nuopc-app-prototypes/AtmOcnSelectProto/./esmApp[0x405a89]
[Orion-02-13:188798] *** End of error message ***
srun: error: Orion-02-13: tasks 0-3: Segmentation fault
srun: launch/slurm: _step_signal: Terminating StepId=7233720.368
