2022-10-16 03:20:02
 NUOPC_DriverPrint for PET:            1
   Model, Mediator, and Driver components, in the order
   that they were added to the Driver:
            1 :  ATM
            2 :  OCN
            3 :  MED
   Connector components, in the order
   that they were added to the Driver:
            1 :  OCN-TO-MED
            2 :  MED-TO-OCN
            3 :  MED-TO-ATM
            4 :  ATM-TO-MED
NUOPC_RunSequenceArrayPrint: element     1 out of      2
runSeq::
 runElementPrint:      2     3     1 F T
 runElementPrint:      3    -1     1 F T
 runElementPrint:      3     2     1 F T
 runElementPrint:      2    -1     1 F T
 runElementPrint:     -2     0     0 F T
 runElementPrint:     -1    -1     0 F F
::
NUOPC_RunSequenceArrayPrint: element     2 out of      2
runSeq::
 runElementPrint:      3     1     1 F T
 runElementPrint:      1    -1     1 F T
 runElementPrint:      1     3     1 F T
 runElementPrint:      3    -1     2 F T
 runElementPrint:     -2    -1     0 F F
::
 NUOPC_DriverPrint for PET:            3
   Model, Mediator, and Driver components, in the order
   that they were added to the Driver:
            1 :  ATM
            2 :  OCN
            3 :  MED
   Connector components, in the order
   that they were added to the Driver:
            1 :  OCN-TO-MED
            2 :  MED-TO-OCN
            3 :  MED-TO-ATM
            4 :  ATM-TO-MED
NUOPC_RunSequenceArrayPrint: element     1 out of      2
runSeq::
 runElementPrint:      2     3     1 F T
 runElementPrint:      3    -1     1 F T
 runElementPrint:      3     2     1 F T
 runElementPrint:      2    -1     1 F T
 runElementPrint:     -2     0     0 F T
 runElementPrint:     -1    -1     0 F F
::
NUOPC_RunSequenceArrayPrint: element     2 out of      2
runSeq::
 runElementPrint:      3     1     1 F T
 runElementPrint:      1    -1     1 F T
 runElementPrint:      1     3     1 F T
 runElementPrint:      3    -1     2 F T
 runElementPrint:     -2    -1     0 F F
::
 NUOPC_DriverPrint for PET:            0
   Model, Mediator, and Driver components, in the order
   that they were added to the Driver:
            1 :  ATM
            2 :  OCN
            3 :  MED
   Connector components, in the order
   that they were added to the Driver:
            1 :  OCN-TO-MED
            2 :  MED-TO-OCN
            3 :  MED-TO-ATM
            4 :  ATM-TO-MED
NUOPC_RunSequenceArrayPrint: element     1 out of      2
runSeq::
 runElementPrint:      2     3     1 F T
 runElementPrint:      3    -1     1 F T
 runElementPrint:      3     2     1 F T
 runElementPrint:      2    -1     1 F T
 runElementPrint:     -2     0     0 F T
 runElementPrint:     -1    -1     0 F F
::
NUOPC_RunSequenceArrayPrint: element     2 out of      2
runSeq::
 runElementPrint:      3     1     1 F T
 runElementPrint:      1    -1     1 F T
 runElementPrint:      1     3     1 F T
 runElementPrint:      3    -1     2 F T
 runElementPrint:     -2    -1     0 F F
::
[Orion-02-13:187364:0:187364] Caught signal 11 (Segmentation fault: address not mapped to object at address 0x4f1b591)
[Orion-02-13:187365:0:187365] Caught signal 11 (Segmentation fault: address not mapped to object at address 0x4f1b591)
[Orion-02-13:187367:0:187367] Caught signal 11 (Segmentation fault: address not mapped to object at address 0x4f1b591)

/work/noaa/da/mpotts/sandbox/pgi_2019_openmpi_O_release_8.4.0/esmf/src/Infrastructure/LogErr/src/ESMCI_LogErr.C: [ ESMCI::LogErr::MsgFoundError() ]
      ...
      583 {
      584     bool result=false;
      585 #ifdef ESMC_SUCCESSDEFAULT_ON
==>   586     if (rcToReturn != ESMC_NULL_POINTER) *rcToReturn=ESMF_SUCCESS;
      587 #endif
      588     if (trace) {
      589         Write(ESMC_METHOD,ESMC_LOGMSG_TRACE,


/work/noaa/da/mpotts/sandbox/pgi_2019_openmpi_O_release_8.4.0/esmf/src/Infrastructure/LogErr/src/ESMCI_LogErr.C: [ ESMCI::LogErr::MsgFoundError() ]
      ...
      583 {
      584     bool result=false;
      585 #ifdef ESMC_SUCCESSDEFAULT_ON
==>   586     if (rcToReturn != ESMC_NULL_POINTER) *rcToReturn=ESMF_SUCCESS;
      587 #endif
      588     if (trace) {
      589         Write(ESMC_METHOD,ESMC_LOGMSG_TRACE,


/work/noaa/da/mpotts/sandbox/pgi_2019_openmpi_O_release_8.4.0/esmf/src/Infrastructure/LogErr/src/ESMCI_LogErr.C: [ ESMCI::LogErr::MsgFoundError() ]
      ...
      583 {
      584     bool result=false;
      585 #ifdef ESMC_SUCCESSDEFAULT_ON
==>   586     if (rcToReturn != ESMC_NULL_POINTER) *rcToReturn=ESMF_SUCCESS;
      587 #endif
      588     if (trace) {
      589         Write(ESMC_METHOD,ESMC_LOGMSG_TRACE,

==== backtrace (tid: 187367) ====
 0 0x000000000072c2b3 ESMCI::LogErr::MsgFoundError()  /work/noaa/da/mpotts/sandbox/pgi_2019_openmpi_O_release_8.4.0/esmf/src/Infrastructure/LogErr/src/ESMCI_LogErr.C:586
 1 0x00000000008844b1 c_esmc_meshcreatenodedistgrid_()  /work/noaa/da/mpotts/sandbox/pgi_2019_openmpi_O_release_8.4.0/esmf/src/Infrastructure/Mesh/interface/ESMCI_Mesh_F.C:248
 2 0x0000000000f95f5c esmf_meshmod_esmf_meshcreatefrompointer_()  /work/noaa/da/mpotts/sandbox/pgi_2019_openmpi_O_release_8.4.0/esmf/src/Infrastructure/Mesh/interface/ESMF_Mesh.F90:3091
 3 0x0000000000e77722 esmf_gridutilmod_esmf_gridtomesh_()  /work/noaa/da/mpotts/sandbox/pgi_2019_openmpi_O_release_8.4.0/esmf/src/Infrastructure/GridUtil/interface/ESMF_GridUtil.F90:453
 4 0x0000000000d9baf6 esmf_fieldregridmod_b_or_p_gridtomesh_()  /work/noaa/da/mpotts/sandbox/pgi_2019_openmpi_O_release_8.4.0/esmf/src/Infrastructure/Field/src/ESMF_FieldRegrid.F90:3228
 5 0x0000000000d99004 esmf_fieldregridmod_getmeshwithnodesonfieldloc_()  /work/noaa/da/mpotts/sandbox/pgi_2019_openmpi_O_release_8.4.0/esmf/src/Infrastructure/Field/src/ESMF_FieldRegrid.F90:1346
 6 0x0000000000d97563 esmf_fieldregridmod_esmf_fieldregridstorenx_()  /work/noaa/da/mpotts/sandbox/pgi_2019_openmpi_O_release_8.4.0/esmf/src/Infrastructure/Field/src/ESMF_FieldRegrid.F90:971
 7 0x0000000001227a17 nuopc_connector_fieldbundlecplstore_()  /work/noaa/da/mpotts/sandbox/pgi_2019_openmpi_O_release_8.4.0/esmf/src/addon/NUOPC/src/NUOPC_Connector.F90:7919
 8 0x000000000120ee74 nuopc_connector_initializeipdv05p6b_()  /work/noaa/da/mpotts/sandbox/pgi_2019_openmpi_O_release_8.4.0/esmf/src/addon/NUOPC/src/NUOPC_Connector.F90:5386
 9 0x0000000000650f57 ESMCI::FTable::callVFuncPtr()  /work/noaa/da/mpotts/sandbox/pgi_2019_openmpi_O_release_8.4.0/esmf/src/Superstructure/Component/src/ESMCI_FTable.C:2167
10 0x000000000064f15a ESMCI_FTableCallEntryPointVMHop()  /work/noaa/da/mpotts/sandbox/pgi_2019_openmpi_O_release_8.4.0/esmf/src/Superstructure/Component/src/ESMCI_FTable.C:824
11 0x0000000000a36458 ESMCI::VM::enter()  /work/noaa/da/mpotts/sandbox/pgi_2019_openmpi_O_release_8.4.0/esmf/src/Infrastructure/VM/src/ESMCI_VM.C:1216
12 0x000000000064f537 c_esmc_ftablecallentrypointvm_()  /work/noaa/da/mpotts/sandbox/pgi_2019_openmpi_O_release_8.4.0/esmf/src/Superstructure/Component/src/ESMCI_FTable.C:981
13 0x0000000000c0994d esmf_compmod_esmf_compexecute_()  /work/noaa/da/mpotts/sandbox/pgi_2019_openmpi_O_release_8.4.0/esmf/src/Superstructure/Component/src/ESMF_Comp.F90:1223
14 0x0000000000c1a1f1 esmf_cplcompmod_esmf_cplcompinitialize_()  /work/noaa/da/mpotts/sandbox/pgi_2019_openmpi_O_release_8.4.0/esmf/src/Superstructure/Component/src/ESMF_CplComp.F90:1165
15 0x00000000012475a4 nuopc_driver_loopconnectorcompss_()  /work/noaa/da/mpotts/sandbox/pgi_2019_openmpi_O_release_8.4.0/esmf/src/addon/NUOPC/src/NUOPC_Driver.F90:2869
16 0x000000000123eac1 nuopc_driver_initializeipdv02p3_()  /work/noaa/da/mpotts/sandbox/pgi_2019_openmpi_O_release_8.4.0/esmf/src/addon/NUOPC/src/NUOPC_Driver.F90:2020
17 0x000000000122e5ea nuopc_driver_initializegeneric_()  /work/noaa/da/mpotts/sandbox/pgi_2019_openmpi_O_release_8.4.0/esmf/src/addon/NUOPC/src/NUOPC_Driver.F90:479
18 0x0000000000650f57 ESMCI::FTable::callVFuncPtr()  /work/noaa/da/mpotts/sandbox/pgi_2019_openmpi_O_release_8.4.0/esmf/src/Superstructure/Component/src/ESMCI_FTable.C:2167
19 0x000000000064f15a ESMCI_FTableCallEntryPointVMHop()  /work/noaa/da/mpotts/sandbox/pgi_2019_openmpi_O_release_8.4.0/esmf/src/Superstructure/Component/src/ESMCI_FTable.C:824
20 0x0000000000a36458 ESMCI::VM::enter()  /work/noaa/da/mpotts/sandbox/pgi_2019_openmpi_O_release_8.4.0/esmf/src/Infrastructure/VM/src/ESMCI_VM.C:1216
21 0x000000000064f537 c_esmc_ftablecallentrypointvm_()  /work/noaa/da/mpotts/sandbox/pgi_2019_openmpi_O_release_8.4.0/esmf/src/Superstructure/Component/src/ESMCI_FTable.C:981
22 0x0000000000c0994d esmf_compmod_esmf_compexecute_()  /work/noaa/da/mpotts/sandbox/pgi_2019_openmpi_O_release_8.4.0/esmf/src/Superstructure/Component/src/ESMF_Comp.F90:1223
23 0x0000000000ddd9a1 esmf_gridcompmod_esmf_gridcompinitialize_()  /work/noaa/da/mpotts/sandbox/pgi_2019_openmpi_O_release_8.4.0/esmf/src/Superstructure/Component/src/ESMF_GridComp.F90:1412
24 0x000000000040673d MAIN_()  /work/noaa/da/mpotts/sandbox/pgi_2019_openmpi_O_release_8.4.0/nuopc-app-prototypes/AtmOcnMedPetListTimescalesProto/esmApp.F90:58
25 0x00000000004063b3 main()  ???:0
26 0x0000000000022495 __libc_start_main()  ???:0
27 0x00000000004062b9 _start()  ???:0
=================================
[Orion-02-13:187367] *** Process received signal ***
[Orion-02-13:187367] Signal: Segmentation fault (11)
[Orion-02-13:187367] Signal code:  (-6)
[Orion-02-13:187367] Failing at address: 0x20e50002dbe7
[Orion-02-13:187367] [ 0] /lib64/libpthread.so.0(+0xf5d0)[0x7fa592e195d0]
[Orion-02-13:187367] [ 1] /work/noaa/da/mpotts/sandbox/pgi_2019_openmpi_O_release_8.4.0/esmf/DEFAULTINSTALLDIR/lib/libO/Linux.pgi.64.openmpi.default/libesmf.so(_ZN5ESMCI6LogErr13MsgFoundErrorEiPKciS2_S2_Pi+0x33)[0x7fa5915bd2b3]
[Orion-02-13:187367] [ 2] /work/noaa/da/mpotts/sandbox/pgi_2019_openmpi_O_release_8.4.0/esmf/DEFAULTINSTALLDIR/lib/libO/Linux.pgi.64.openmpi.default/libesmf.so(c_esmc_meshcreatenodedistgrid_+0xa1)[0x7fa5917154b1]
==== backtrace (tid: 187365) ====
 0 0x000000000072c2b3 ESMCI::LogErr::MsgFoundError()  /work/noaa/da/mpotts/sandbox/pgi_2019_openmpi_O_release_8.4.0/esmf/src/Infrastructure/LogErr/src/ESMCI_LogErr.C:586
 1 0x00000000008844b1 c_esmc_meshcreatenodedistgrid_()  /work/noaa/da/mpotts/sandbox/pgi_2019_openmpi_O_release_8.4.0/esmf/src/Infrastructure/Mesh/interface/ESMCI_Mesh_F.C:248
 2 0x0000000000f95f5c esmf_meshmod_esmf_meshcreatefrompointer_()  /work/noaa/da/mpotts/sandbox/pgi_2019_openmpi_O_release_8.4.0/esmf/src/Infrastructure/Mesh/interface/ESMF_Mesh.F90:3091
 3 0x0000000000e77722 esmf_gridutilmod_esmf_gridtomesh_()  /work/noaa/da/mpotts/sandbox/pgi_2019_openmpi_O_release_8.4.0/esmf/src/Infrastructure/GridUtil/interface/ESMF_GridUtil.F90:453
 4 0x0000000000d9baf6 esmf_fieldregridmod_b_or_p_gridtomesh_()  /work/noaa/da/mpotts/sandbox/pgi_2019_openmpi_O_release_8.4.0/esmf/src/Infrastructure/Field/src/ESMF_FieldRegrid.F90:3228
 5 0x0000000000d99004 esmf_fieldregridmod_getmeshwithnodesonfieldloc_()  /work/noaa/da/mpotts/sandbox/pgi_2019_openmpi_O_release_8.4.0/esmf/src/Infrastructure/Field/src/ESMF_FieldRegrid.F90:1346
 6 0x0000000000d97563 esmf_fieldregridmod_esmf_fieldregridstorenx_()  /work/noaa/da/mpotts/sandbox/pgi_2019_openmpi_O_release_8.4.0/esmf/src/Infrastructure/Field/src/ESMF_FieldRegrid.F90:971
 7 0x0000000001227a17 nuopc_connector_fieldbundlecplstore_()  /work/noaa/da/mpotts/sandbox/pgi_2019_openmpi_O_release_8.4.0/esmf/src/addon/NUOPC/src/NUOPC_Connector.F90:7919
 8 0x000000000120ee74 nuopc_connector_initializeipdv05p6b_()  /work/noaa/da/mpotts/sandbox/pgi_2019_openmpi_O_release_8.4.0/esmf/src/addon/NUOPC/src/NUOPC_Connector.F90:5386
 9 0x0000000000650f57 ESMCI::FTable::callVFuncPtr()  /work/noaa/da/mpotts/sandbox/pgi_2019_openmpi_O_release_8.4.0/esmf/src/Superstructure/Component/src/ESMCI_FTable.C:2167
10 0x000000000064f15a ESMCI_FTableCallEntryPointVMHop()  /work/noaa/da/mpotts/sandbox/pgi_2019_openmpi_O_release_8.4.0/esmf/src/Superstructure/Component/src/ESMCI_FTable.C:824
11 0x0000000000a36458 ESMCI::VM::enter()  /work/noaa/da/mpotts/sandbox/pgi_2019_openmpi_O_release_8.4.0/esmf/src/Infrastructure/VM/src/ESMCI_VM.C:1216
12 0x000000000064f537 c_esmc_ftablecallentrypointvm_()  /work/noaa/da/mpotts/sandbox/pgi_2019_openmpi_O_release_8.4.0/esmf/src/Superstructure/Component/src/ESMCI_FTable.C:981
13 0x0000000000c0994d esmf_compmod_esmf_compexecute_()  /work/noaa/da/mpotts/sandbox/pgi_2019_openmpi_O_release_8.4.0/esmf/src/Superstructure/Component/src/ESMF_Comp.F90:1223
14 0x0000000000c1a1f1 esmf_cplcompmod_esmf_cplcompinitialize_()  /work/noaa/da/mpotts/sandbox/pgi_2019_openmpi_O_release_8.4.0/esmf/src/Superstructure/Component/src/ESMF_CplComp.F90:1165
15 0x00000000012475a4 nuopc_driver_loopconnectorcompss_()  /work/noaa/da/mpotts/sandbox/pgi_2019_openmpi_O_release_8.4.0/esmf/src/addon/NUOPC/src/NUOPC_Driver.F90:2869
16 0x000000000123eac1 nuopc_driver_initializeipdv02p3_()  /work/noaa/da/mpotts/sandbox/pgi_2019_openmpi_O_release_8.4.0/esmf/src/addon/NUOPC/src/NUOPC_Driver.F90:2020
17 0x000000000122e5ea nuopc_driver_initializegeneric_()  /work/noaa/da/mpotts/sandbox/pgi_2019_openmpi_O_release_8.4.0/esmf/src/addon/NUOPC/src/NUOPC_Driver.F90:479
18 0x0000000000650f57 ESMCI::FTable::callVFuncPtr()  /work/noaa/da/mpotts/sandbox/pgi_2019_openmpi_O_release_8.4.0/esmf/src/Superstructure/Component/src/ESMCI_FTable.C:2167
19 0x000000000064f15a ESMCI_FTableCallEntryPointVMHop()  /work/noaa/da/mpotts/sandbox/pgi_2019_openmpi_O_release_8.4.0/esmf/src/Superstructure/Component/src/ESMCI_FTable.C:824
20 0x0000000000a36458 ESMCI::VM::enter()  /work/noaa/da/mpotts/sandbox/pgi_2019_openmpi_O_release_8.4.0/esmf/src/Infrastructure/VM/src/ESMCI_VM.C:1216
21 0x000000000064f537 c_esmc_ftablecallentrypointvm_()  /work/noaa/da/mpotts/sandbox/pgi_2019_openmpi_O_release_8.4.0/esmf/src/Superstructure/Component/src/ESMCI_FTable.C:981
22 0x0000000000c0994d esmf_compmod_esmf_compexecute_()  /work/noaa/da/mpotts/sandbox/pgi_2019_openmpi_O_release_8.4.0/esmf/src/Superstructure/Component/src/ESMF_Comp.F90:1223
23 0x0000000000ddd9a1 esmf_gridcompmod_esmf_gridcompinitialize_()  /work/noaa/da/mpotts/sandbox/pgi_2019_openmpi_O_release_8.4.0/esmf/src/Superstructure/Component/src/ESMF_GridComp.F90:1412
24 0x000000000040673d MAIN_()  /work/noaa/da/mpotts/sandbox/pgi_2019_openmpi_O_release_8.4.0/nuopc-app-prototypes/AtmOcnMedPetListTimescalesProto/esmApp.F90:58
25 0x00000000004063b3 main()  ???:0
26 0x0000000000022495 __libc_start_main()  ???:0
[Orion-02-13:187367] [ 3] /work/noaa/da/mpotts/sandbox/pgi_2019_openmpi_O_release_8.4.0/esmf/DEFAULTINSTALLDIR/lib/libO/Linux.pgi.64.openmpi.default/libesmf.so(esmf_meshmod_esmf_meshcreatefrompointer_+0x4c)[0x7fa591e26f5c]
27 0x00000000004062b9 _start()  ???:0
=================================
[Orion-02-13:187365] *** Process received signal ***
[Orion-02-13:187365] Signal: Segmentation fault (11)
[Orion-02-13:187365] Signal code:  (-6)
[Orion-02-13:187365] Failing at address: 0x20e50002dbe5
[Orion-02-13:187367] [ 4] /work/noaa/da/mpotts/sandbox/pgi_2019_openmpi_O_release_8.4.0/esmf/DEFAULTINSTALLDIR/lib/libO/Linux.pgi.64.openmpi.default/libesmf.so(esmf_gridutilmod_esmf_gridtomesh_+0x352)[0x7fa591d08722]
[Orion-02-13:187365] [ 0] /lib64/libpthread.so.0(+0xf5d0)[0x7f53f84995d0]
[Orion-02-13:187367] [ 5] /work/noaa/da/mpotts/sandbox/pgi_2019_openmpi_O_release_8.4.0/esmf/DEFAULTINSTALLDIR/lib/libO/Linux.pgi.64.openmpi.default/libesmf.so(esmf_fieldregridmod_b_or_p_gridtomesh_+0x156)[0x7fa591c2caf6]
[Orion-02-13:187365] [ 1] /work/noaa/da/mpotts/sandbox/pgi_2019_openmpi_O_release_8.4.0/esmf/DEFAULTINSTALLDIR/lib/libO/Linux.pgi.64.openmpi.default/libesmf.so(_ZN5ESMCI6LogErr13MsgFoundErrorEiPKciS2_S2_Pi+0x33)[0x7f53f6c3d2b3]
[Orion-02-13:187367] [ 6] /work/noaa/da/mpotts/sandbox/pgi_2019_openmpi_O_release_8.4.0/esmf/DEFAULTINSTALLDIR/lib/libO/Linux.pgi.64.openmpi.default/libesmf.so(esmf_fieldregridmod_getmeshwithnodesonfieldloc_+0x394)[0x7fa591c2a004]
[Orion-02-13:187365] [ 2] /work/noaa/da/mpotts/sandbox/pgi_2019_openmpi_O_release_8.4.0/esmf/DEFAULTINSTALLDIR/lib/libO/Linux.pgi.64.openmpi.default/libesmf.so(c_esmc_meshcreatenodedistgrid_+0xa1)[0x7f53f6d954b1]
[Orion-02-13:187365] [ 3] /work/noaa/da/mpotts/sandbox/pgi_2019_openmpi_O_release_8.4.0/esmf/DEFAULTINSTALLDIR/lib/libO/Linux.pgi.64.openmpi.default/libesmf.so(esmf_meshmod_esmf_meshcreatefrompointer_+0x4c)[0x7f53f74a6f5c]
[Orion-02-13:187367] [ 7] /work/noaa/da/mpotts/sandbox/pgi_2019_openmpi_O_release_8.4.0/esmf/DEFAULTINSTALLDIR/lib/libO/Linux.pgi.64.openmpi.default/libesmf.so(esmf_fieldregridmod_esmf_fieldregridstorenx_+0x9c3)[0x7fa591c28563]
[Orion-02-13:187367] [ 8] /work/noaa/da/mpotts/sandbox/pgi_2019_openmpi_O_release_8.4.0/esmf/DEFAULTINSTALLDIR/lib/libO/Linux.pgi.64.openmpi.default/libesmf.so(nuopc_connector_fieldbundlecplstore_+0xbc87)[0x7fa5920b8a17]
[Orion-02-13:187365] [ 4] /work/noaa/da/mpotts/sandbox/pgi_2019_openmpi_O_release_8.4.0/esmf/DEFAULTINSTALLDIR/lib/libO/Linux.pgi.64.openmpi.default/libesmf.so(esmf_gridutilmod_esmf_gridtomesh_+0x352)[0x7f53f7388722]
[Orion-02-13:187367] [ 9] /work/noaa/da/mpotts/sandbox/pgi_2019_openmpi_O_release_8.4.0/esmf/DEFAULTINSTALLDIR/lib/libO/Linux.pgi.64.openmpi.default/libesmf.so(nuopc_connector_initializeipdv05p6b_+0x4f74)[0x7fa59209fe74]
[Orion-02-13:187365] [ 5] /work/noaa/da/mpotts/sandbox/pgi_2019_openmpi_O_release_8.4.0/esmf/DEFAULTINSTALLDIR/lib/libO/Linux.pgi.64.openmpi.default/libesmf.so(esmf_fieldregridmod_b_or_p_gridtomesh_+0x156)[0x7f53f72acaf6]
[Orion-02-13:187367] [10] /work/noaa/da/mpotts/sandbox/pgi_2019_openmpi_O_release_8.4.0/esmf/DEFAULTINSTALLDIR/lib/libO/Linux.pgi.64.openmpi.default/libesmf.so(_ZN5ESMCI6FTable12callVFuncPtrEPKcPNS_2VMEPi+0x417)[0x7fa5914e1f57]
[Orion-02-13:187367] [11] /work/noaa/da/mpotts/sandbox/pgi_2019_openmpi_O_release_8.4.0/esmf/DEFAULTINSTALLDIR/lib/libO/Linux.pgi.64.openmpi.default/libesmf.so(ESMCI_FTableCallEntryPointVMHop+0x1ea)[0x7fa5914e015a]
[Orion-02-13:187365] [ 6] /work/noaa/da/mpotts/sandbox/pgi_2019_openmpi_O_release_8.4.0/esmf/DEFAULTINSTALLDIR/lib/libO/Linux.pgi.64.openmpi.default/libesmf.so(esmf_fieldregridmod_getmeshwithnodesonfieldloc_+0x394)[0x7f53f72aa004]
[Orion-02-13:187367] [12] /work/noaa/da/mpotts/sandbox/pgi_2019_openmpi_O_release_8.4.0/esmf/DEFAULTINSTALLDIR/lib/libO/Linux.pgi.64.openmpi.default/libesmf.so(_ZN5ESMCI2VM5enterEPNS_6VMPlanEPvS3_+0x18)[0x7fa5918c7458]
[Orion-02-13:187365] [ 7] /work/noaa/da/mpotts/sandbox/pgi_2019_openmpi_O_release_8.4.0/esmf/DEFAULTINSTALLDIR/lib/libO/Linux.pgi.64.openmpi.default/libesmf.so(esmf_fieldregridmod_esmf_fieldregridstorenx_+0x9c3)[0x7f53f72a8563]
[Orion-02-13:187367] [13] /work/noaa/da/mpotts/sandbox/pgi_2019_openmpi_O_release_8.4.0/esmf/DEFAULTINSTALLDIR/lib/libO/Linux.pgi.64.openmpi.default/libesmf.so(c_esmc_ftablecallentrypointvm_+0x337)[0x7fa5914e0537]
[Orion-02-13:187365] [ 8] /work/noaa/da/mpotts/sandbox/pgi_2019_openmpi_O_release_8.4.0/esmf/DEFAULTINSTALLDIR/lib/libO/Linux.pgi.64.openmpi.default/libesmf.so(nuopc_connector_fieldbundlecplstore_+0xbc87)[0x7f53f7738a17]
[Orion-02-13:187367] [14] /work/noaa/da/mpotts/sandbox/pgi_2019_openmpi_O_release_8.4.0/esmf/DEFAULTINSTALLDIR/lib/libO/Linux.pgi.64.openmpi.default/libesmf.so(esmf_compmod_esmf_compexecute_+0x7ed)[0x7fa591a9a94d]
[Orion-02-13:187365] [ 9] /work/noaa/da/mpotts/sandbox/pgi_2019_openmpi_O_release_8.4.0/esmf/DEFAULTINSTALLDIR/lib/libO/Linux.pgi.64.openmpi.default/libesmf.so(nuopc_connector_initializeipdv05p6b_+0x4f74)[0x7f53f771fe74]
[Orion-02-13:187365] [10] /work/noaa/da/mpotts/sandbox/pgi_2019_openmpi_O_release_8.4.0/esmf/DEFAULTINSTALLDIR/lib/libO/Linux.pgi.64.openmpi.default/libesmf.so(_ZN5ESMCI6FTable12callVFuncPtrEPKcPNS_2VMEPi+0x417)[0x7f53f6b61f57]
[Orion-02-13:187367] [15] /work/noaa/da/mpotts/sandbox/pgi_2019_openmpi_O_release_8.4.0/esmf/DEFAULTINSTALLDIR/lib/libO/Linux.pgi.64.openmpi.default/libesmf.so(esmf_cplcompmod_esmf_cplcompinitialize_+0x161)[0x7fa591aab1f1]
[Orion-02-13:187365] [11] /work/noaa/da/mpotts/sandbox/pgi_2019_openmpi_O_release_8.4.0/esmf/DEFAULTINSTALLDIR/lib/libO/Linux.pgi.64.openmpi.default/libesmf.so(ESMCI_FTableCallEntryPointVMHop+0x1ea)[0x7f53f6b6015a]
[Orion-02-13:187367] [16] /work/noaa/da/mpotts/sandbox/pgi_2019_openmpi_O_release_8.4.0/esmf/DEFAULTINSTALLDIR/lib/libO/Linux.pgi.64.openmpi.default/libesmf.so(nuopc_driver_loopconnectorcompss_+0xeb4)[0x7fa5920d85a4]
[Orion-02-13:187365] [12] /work/noaa/da/mpotts/sandbox/pgi_2019_openmpi_O_release_8.4.0/esmf/DEFAULTINSTALLDIR/lib/libO/Linux.pgi.64.openmpi.default/libesmf.so(_ZN5ESMCI2VM5enterEPNS_6VMPlanEPvS3_+0x18)[0x7f53f6f47458]
[Orion-02-13:187367] [17] /work/noaa/da/mpotts/sandbox/pgi_2019_openmpi_O_release_8.4.0/esmf/DEFAULTINSTALLDIR/lib/libO/Linux.pgi.64.openmpi.default/libesmf.so(nuopc_driver_initializeipdv02p3_+0x20f1)[0x7fa5920cfac1]
[Orion-02-13:187365] [13] /work/noaa/da/mpotts/sandbox/pgi_2019_openmpi_O_release_8.4.0/esmf/DEFAULTINSTALLDIR/lib/libO/Linux.pgi.64.openmpi.default/libesmf.so(c_esmc_ftablecallentrypointvm_+0x337)[0x7f53f6b60537]
[Orion-02-13:187367] [18] /work/noaa/da/mpotts/sandbox/pgi_2019_openmpi_O_release_8.4.0/esmf/DEFAULTINSTALLDIR/lib/libO/Linux.pgi.64.openmpi.default/libesmf.so(nuopc_driver_initializegeneric_+0x62a)[0x7fa5920bf5ea]
[Orion-02-13:187365] [14] /work/noaa/da/mpotts/sandbox/pgi_2019_openmpi_O_release_8.4.0/esmf/DEFAULTINSTALLDIR/lib/libO/Linux.pgi.64.openmpi.default/libesmf.so(esmf_compmod_esmf_compexecute_+0x7ed)[0x7f53f711a94d]
[Orion-02-13:187367] [19] /work/noaa/da/mpotts/sandbox/pgi_2019_openmpi_O_release_8.4.0/esmf/DEFAULTINSTALLDIR/lib/libO/Linux.pgi.64.openmpi.default/libesmf.so(_ZN5ESMCI6FTable12callVFuncPtrEPKcPNS_2VMEPi+0x417)[0x7fa5914e1f57]
[Orion-02-13:187367] [20] /work/noaa/da/mpotts/sandbox/pgi_2019_openmpi_O_release_8.4.0/esmf/DEFAULTINSTALLDIR/lib/libO/Linux.pgi.64.openmpi.default/libesmf.so(ESMCI_FTableCallEntryPointVMHop+0x1ea)[0x7fa5914e015a]
[Orion-02-13:187365] [15] /work/noaa/da/mpotts/sandbox/pgi_2019_openmpi_O_release_8.4.0/esmf/DEFAULTINSTALLDIR/lib/libO/Linux.pgi.64.openmpi.default/libesmf.so(esmf_cplcompmod_esmf_cplcompinitialize_+0x161)[0x7f53f712b1f1]
[Orion-02-13:187367] [21] /work/noaa/da/mpotts/sandbox/pgi_2019_openmpi_O_release_8.4.0/esmf/DEFAULTINSTALLDIR/lib/libO/Linux.pgi.64.openmpi.default/libesmf.so(_ZN5ESMCI2VM5enterEPNS_6VMPlanEPvS3_+0x18)[0x7fa5918c7458]
[Orion-02-13:187365] [16] /work/noaa/da/mpotts/sandbox/pgi_2019_openmpi_O_release_8.4.0/esmf/DEFAULTINSTALLDIR/lib/libO/Linux.pgi.64.openmpi.default/libesmf.so(nuopc_driver_loopconnectorcompss_+0xeb4)[0x7f53f77585a4]
[Orion-02-13:187367] [22] /work/noaa/da/mpotts/sandbox/pgi_2019_openmpi_O_release_8.4.0/esmf/DEFAULTINSTALLDIR/lib/libO/Linux.pgi.64.openmpi.default/libesmf.so(c_esmc_ftablecallentrypointvm_+0x337)[0x7fa5914e0537]
[Orion-02-13:187365] [17] /work/noaa/da/mpotts/sandbox/pgi_2019_openmpi_O_release_8.4.0/esmf/DEFAULTINSTALLDIR/lib/libO/Linux.pgi.64.openmpi.default/libesmf.so(nuopc_driver_initializeipdv02p3_+0x20f1)[0x7f53f774fac1]
[Orion-02-13:187367] [23] /work/noaa/da/mpotts/sandbox/pgi_2019_openmpi_O_release_8.4.0/esmf/DEFAULTINSTALLDIR/lib/libO/Linux.pgi.64.openmpi.default/libesmf.so(esmf_compmod_esmf_compexecute_+0x7ed)[0x7fa591a9a94d]
[Orion-02-13:187365] [18] /work/noaa/da/mpotts/sandbox/pgi_2019_openmpi_O_release_8.4.0/esmf/DEFAULTINSTALLDIR/lib/libO/Linux.pgi.64.openmpi.default/libesmf.so(nuopc_driver_initializegeneric_+0x62a)[0x7f53f773f5ea]
[Orion-02-13:187365] [19] /work/noaa/da/mpotts/sandbox/pgi_2019_openmpi_O_release_8.4.0/esmf/DEFAULTINSTALLDIR/lib/libO/Linux.pgi.64.openmpi.default/libesmf.so(_ZN5ESMCI6FTable12callVFuncPtrEPKcPNS_2VMEPi+0x417)[0x7f53f6b61f57]
[Orion-02-13:187367] [24] /work/noaa/da/mpotts/sandbox/pgi_2019_openmpi_O_release_8.4.0/esmf/DEFAULTINSTALLDIR/lib/libO/Linux.pgi.64.openmpi.default/libesmf.so(esmf_gridcompmod_esmf_gridcompinitialize_+0x161)[0x7fa591c6e9a1]
[Orion-02-13:187367] [25] /work/noaa/da/mpotts/sandbox/pgi_2019_openmpi_O_release_8.4.0/nuopc-app-prototypes/AtmOcnMedPetListTimescalesProto/./esmApp[0x40673d]
[Orion-02-13:187367] [26] /work/noaa/da/mpotts/sandbox/pgi_2019_openmpi_O_release_8.4.0/nuopc-app-prototypes/AtmOcnMedPetListTimescalesProto/./esmApp[0x4063b3]
[Orion-02-13:187365] [20] /work/noaa/da/mpotts/sandbox/pgi_2019_openmpi_O_release_8.4.0/esmf/DEFAULTINSTALLDIR/lib/libO/Linux.pgi.64.openmpi.default/libesmf.so(ESMCI_FTableCallEntryPointVMHop+0x1ea)[0x7f53f6b6015a]
[Orion-02-13:187367] [27] /lib64/libc.so.6(__libc_start_main+0xf5)[0x7fa58d2de495]
[Orion-02-13:187367] [28] /work/noaa/da/mpotts/sandbox/pgi_2019_openmpi_O_release_8.4.0/nuopc-app-prototypes/AtmOcnMedPetListTimescalesProto/./esmApp[0x4062b9]
[Orion-02-13:187367] *** End of error message ***
[Orion-02-13:187365] [21] /work/noaa/da/mpotts/sandbox/pgi_2019_openmpi_O_release_8.4.0/esmf/DEFAULTINSTALLDIR/lib/libO/Linux.pgi.64.openmpi.default/libesmf.so(_ZN5ESMCI2VM5enterEPNS_6VMPlanEPvS3_+0x18)[0x7f53f6f47458]
[Orion-02-13:187365] [22] /work/noaa/da/mpotts/sandbox/pgi_2019_openmpi_O_release_8.4.0/esmf/DEFAULTINSTALLDIR/lib/libO/Linux.pgi.64.openmpi.default/libesmf.so(c_esmc_ftablecallentrypointvm_+0x337)[0x7f53f6b60537]
[Orion-02-13:187365] [23] /work/noaa/da/mpotts/sandbox/pgi_2019_openmpi_O_release_8.4.0/esmf/DEFAULTINSTALLDIR/lib/libO/Linux.pgi.64.openmpi.default/libesmf.so(esmf_compmod_esmf_compexecute_+0x7ed)[0x7f53f711a94d]
[Orion-02-13:187365] [24] /work/noaa/da/mpotts/sandbox/pgi_2019_openmpi_O_release_8.4.0/esmf/DEFAULTINSTALLDIR/lib/libO/Linux.pgi.64.openmpi.default/libesmf.so(esmf_gridcompmod_esmf_gridcompinitialize_+0x161)[0x7f53f72ee9a1]
[Orion-02-13:187365] [25] /work/noaa/da/mpotts/sandbox/pgi_2019_openmpi_O_release_8.4.0/nuopc-app-prototypes/AtmOcnMedPetListTimescalesProto/./esmApp[0x40673d]
[Orion-02-13:187365] [26] /work/noaa/da/mpotts/sandbox/pgi_2019_openmpi_O_release_8.4.0/nuopc-app-prototypes/AtmOcnMedPetListTimescalesProto/./esmApp[0x4063b3]
[Orion-02-13:187365] [27] /lib64/libc.so.6(__libc_start_main+0xf5)[0x7f53f295e495]
[Orion-02-13:187365] [28] /work/noaa/da/mpotts/sandbox/pgi_2019_openmpi_O_release_8.4.0/nuopc-app-prototypes/AtmOcnMedPetListTimescalesProto/./esmApp[0x4062b9]
[Orion-02-13:187365] *** End of error message ***
==== backtrace (tid: 187364) ====
 0 0x000000000072c2b3 ESMCI::LogErr::MsgFoundError()  /work/noaa/da/mpotts/sandbox/pgi_2019_openmpi_O_release_8.4.0/esmf/src/Infrastructure/LogErr/src/ESMCI_LogErr.C:586
 1 0x00000000008844b1 c_esmc_meshcreatenodedistgrid_()  /work/noaa/da/mpotts/sandbox/pgi_2019_openmpi_O_release_8.4.0/esmf/src/Infrastructure/Mesh/interface/ESMCI_Mesh_F.C:248
 2 0x0000000000f95f5c esmf_meshmod_esmf_meshcreatefrompointer_()  /work/noaa/da/mpotts/sandbox/pgi_2019_openmpi_O_release_8.4.0/esmf/src/Infrastructure/Mesh/interface/ESMF_Mesh.F90:3091
 3 0x0000000000e77722 esmf_gridutilmod_esmf_gridtomesh_()  /work/noaa/da/mpotts/sandbox/pgi_2019_openmpi_O_release_8.4.0/esmf/src/Infrastructure/GridUtil/interface/ESMF_GridUtil.F90:453
 4 0x0000000000d9baf6 esmf_fieldregridmod_b_or_p_gridtomesh_()  /work/noaa/da/mpotts/sandbox/pgi_2019_openmpi_O_release_8.4.0/esmf/src/Infrastructure/Field/src/ESMF_FieldRegrid.F90:3228
 5 0x0000000000d99004 esmf_fieldregridmod_getmeshwithnodesonfieldloc_()  /work/noaa/da/mpotts/sandbox/pgi_2019_openmpi_O_release_8.4.0/esmf/src/Infrastructure/Field/src/ESMF_FieldRegrid.F90:1346
 6 0x0000000000d97563 esmf_fieldregridmod_esmf_fieldregridstorenx_()  /work/noaa/da/mpotts/sandbox/pgi_2019_openmpi_O_release_8.4.0/esmf/src/Infrastructure/Field/src/ESMF_FieldRegrid.F90:971
 7 0x0000000001227a17 nuopc_connector_fieldbundlecplstore_()  /work/noaa/da/mpotts/sandbox/pgi_2019_openmpi_O_release_8.4.0/esmf/src/addon/NUOPC/src/NUOPC_Connector.F90:7919
 8 0x000000000120ee74 nuopc_connector_initializeipdv05p6b_()  /work/noaa/da/mpotts/sandbox/pgi_2019_openmpi_O_release_8.4.0/esmf/src/addon/NUOPC/src/NUOPC_Connector.F90:5386
 9 0x0000000000650f57 ESMCI::FTable::callVFuncPtr()  /work/noaa/da/mpotts/sandbox/pgi_2019_openmpi_O_release_8.4.0/esmf/src/Superstructure/Component/src/ESMCI_FTable.C:2167
10 0x000000000064f15a ESMCI_FTableCallEntryPointVMHop()  /work/noaa/da/mpotts/sandbox/pgi_2019_openmpi_O_release_8.4.0/esmf/src/Superstructure/Component/src/ESMCI_FTable.C:824
11 0x0000000000a36458 ESMCI::VM::enter()  /work/noaa/da/mpotts/sandbox/pgi_2019_openmpi_O_release_8.4.0/esmf/src/Infrastructure/VM/src/ESMCI_VM.C:1216
12 0x000000000064f537 c_esmc_ftablecallentrypointvm_()  /work/noaa/da/mpotts/sandbox/pgi_2019_openmpi_O_release_8.4.0/esmf/src/Superstructure/Component/src/ESMCI_FTable.C:981
13 0x0000000000c0994d esmf_compmod_esmf_compexecute_()  /work/noaa/da/mpotts/sandbox/pgi_2019_openmpi_O_release_8.4.0/esmf/src/Superstructure/Component/src/ESMF_Comp.F90:1223
14 0x0000000000c1a1f1 esmf_cplcompmod_esmf_cplcompinitialize_()  /work/noaa/da/mpotts/sandbox/pgi_2019_openmpi_O_release_8.4.0/esmf/src/Superstructure/Component/src/ESMF_CplComp.F90:1165
15 0x00000000012475a4 nuopc_driver_loopconnectorcompss_()  /work/noaa/da/mpotts/sandbox/pgi_2019_openmpi_O_release_8.4.0/esmf/src/addon/NUOPC/src/NUOPC_Driver.F90:2869
16 0x000000000123eac1 nuopc_driver_initializeipdv02p3_()  /work/noaa/da/mpotts/sandbox/pgi_2019_openmpi_O_release_8.4.0/esmf/src/addon/NUOPC/src/NUOPC_Driver.F90:2020
17 0x000000000122e5ea nuopc_driver_initializegeneric_()  /work/noaa/da/mpotts/sandbox/pgi_2019_openmpi_O_release_8.4.0/esmf/src/addon/NUOPC/src/NUOPC_Driver.F90:479
18 0x0000000000650f57 ESMCI::FTable::callVFuncPtr()  /work/noaa/da/mpotts/sandbox/pgi_2019_openmpi_O_release_8.4.0/esmf/src/Superstructure/Component/src/ESMCI_FTable.C:2167
19 0x000000000064f15a ESMCI_FTableCallEntryPointVMHop()  /work/noaa/da/mpotts/sandbox/pgi_2019_openmpi_O_release_8.4.0/esmf/src/Superstructure/Component/src/ESMCI_FTable.C:824
20 0x0000000000a36458 ESMCI::VM::enter()  /work/noaa/da/mpotts/sandbox/pgi_2019_openmpi_O_release_8.4.0/esmf/src/Infrastructure/VM/src/ESMCI_VM.C:1216
21 0x000000000064f537 c_esmc_ftablecallentrypointvm_()  /work/noaa/da/mpotts/sandbox/pgi_2019_openmpi_O_release_8.4.0/esmf/src/Superstructure/Component/src/ESMCI_FTable.C:981
22 0x0000000000c0994d esmf_compmod_esmf_compexecute_()  /work/noaa/da/mpotts/sandbox/pgi_2019_openmpi_O_release_8.4.0/esmf/src/Superstructure/Component/src/ESMF_Comp.F90:1223
23 0x0000000000ddd9a1 esmf_gridcompmod_esmf_gridcompinitialize_()  /work/noaa/da/mpotts/sandbox/pgi_2019_openmpi_O_release_8.4.0/esmf/src/Superstructure/Component/src/ESMF_GridComp.F90:1412
24 0x000000000040673d MAIN_()  /work/noaa/da/mpotts/sandbox/pgi_2019_openmpi_O_release_8.4.0/nuopc-app-prototypes/AtmOcnMedPetListTimescalesProto/esmApp.F90:58
25 0x00000000004063b3 main()  ???:0
26 0x0000000000022495 __libc_start_main()  ???:0
27 0x00000000004062b9 _start()  ???:0
=================================
[Orion-02-13:187364] *** Process received signal ***
[Orion-02-13:187364] Signal: Segmentation fault (11)
[Orion-02-13:187364] Signal code:  (-6)
[Orion-02-13:187364] Failing at address: 0x20e50002dbe4
[Orion-02-13:187364] [ 0] /lib64/libpthread.so.0(+0xf5d0)[0x7efc643225d0]
[Orion-02-13:187364] [ 1] /work/noaa/da/mpotts/sandbox/pgi_2019_openmpi_O_release_8.4.0/esmf/DEFAULTINSTALLDIR/lib/libO/Linux.pgi.64.openmpi.default/libesmf.so(_ZN5ESMCI6LogErr13MsgFoundErrorEiPKciS2_S2_Pi+0x33)[0x7efc62ac62b3]
[Orion-02-13:187364] [ 2] /work/noaa/da/mpotts/sandbox/pgi_2019_openmpi_O_release_8.4.0/esmf/DEFAULTINSTALLDIR/lib/libO/Linux.pgi.64.openmpi.default/libesmf.so(c_esmc_meshcreatenodedistgrid_+0xa1)[0x7efc62c1e4b1]
[Orion-02-13:187364] [ 3] /work/noaa/da/mpotts/sandbox/pgi_2019_openmpi_O_release_8.4.0/esmf/DEFAULTINSTALLDIR/lib/libO/Linux.pgi.64.openmpi.default/libesmf.so(esmf_meshmod_esmf_meshcreatefrompointer_+0x4c)[0x7efc6332ff5c]
[Orion-02-13:187364] [ 4] /work/noaa/da/mpotts/sandbox/pgi_2019_openmpi_O_release_8.4.0/esmf/DEFAULTINSTALLDIR/lib/libO/Linux.pgi.64.openmpi.default/libesmf.so(esmf_gridutilmod_esmf_gridtomesh_+0x352)[0x7efc63211722]
[Orion-02-13:187364] [ 5] /work/noaa/da/mpotts/sandbox/pgi_2019_openmpi_O_release_8.4.0/esmf/DEFAULTINSTALLDIR/lib/libO/Linux.pgi.64.openmpi.default/libesmf.so(esmf_fieldregridmod_b_or_p_gridtomesh_+0x156)[0x7efc63135af6]
[Orion-02-13:187364] [ 6] /work/noaa/da/mpotts/sandbox/pgi_2019_openmpi_O_release_8.4.0/esmf/DEFAULTINSTALLDIR/lib/libO/Linux.pgi.64.openmpi.default/libesmf.so(esmf_fieldregridmod_getmeshwithnodesonfieldloc_+0x394)[0x7efc63133004]
[Orion-02-13:187364] [ 7] /work/noaa/da/mpotts/sandbox/pgi_2019_openmpi_O_release_8.4.0/esmf/DEFAULTINSTALLDIR/lib/libO/Linux.pgi.64.openmpi.default/libesmf.so(esmf_fieldregridmod_esmf_fieldregridstorenx_+0x9c3)[0x7efc63131563]
[Orion-02-13:187364] [ 8] /work/noaa/da/mpotts/sandbox/pgi_2019_openmpi_O_release_8.4.0/esmf/DEFAULTINSTALLDIR/lib/libO/Linux.pgi.64.openmpi.default/libesmf.so(nuopc_connector_fieldbundlecplstore_+0xbc87)[0x7efc635c1a17]
[Orion-02-13:187364] [ 9] /work/noaa/da/mpotts/sandbox/pgi_2019_openmpi_O_release_8.4.0/esmf/DEFAULTINSTALLDIR/lib/libO/Linux.pgi.64.openmpi.default/libesmf.so(nuopc_connector_initializeipdv05p6b_+0x4f74)[0x7efc635a8e74]
[Orion-02-13:187364] [10] /work/noaa/da/mpotts/sandbox/pgi_2019_openmpi_O_release_8.4.0/esmf/DEFAULTINSTALLDIR/lib/libO/Linux.pgi.64.openmpi.default/libesmf.so(_ZN5ESMCI6FTable12callVFuncPtrEPKcPNS_2VMEPi+0x417)[0x7efc629eaf57]
[Orion-02-13:187364] [11] /work/noaa/da/mpotts/sandbox/pgi_2019_openmpi_O_release_8.4.0/esmf/DEFAULTINSTALLDIR/lib/libO/Linux.pgi.64.openmpi.default/libesmf.so(ESMCI_FTableCallEntryPointVMHop+0x1ea)[0x7efc629e915a]
[Orion-02-13:187364] [12] /work/noaa/da/mpotts/sandbox/pgi_2019_openmpi_O_release_8.4.0/esmf/DEFAULTINSTALLDIR/lib/libO/Linux.pgi.64.openmpi.default/libesmf.so(_ZN5ESMCI2VM5enterEPNS_6VMPlanEPvS3_+0x18)[0x7efc62dd0458]
[Orion-02-13:187364] [13] /work/noaa/da/mpotts/sandbox/pgi_2019_openmpi_O_release_8.4.0/esmf/DEFAULTINSTALLDIR/lib/libO/Linux.pgi.64.openmpi.default/libesmf.so(c_esmc_ftablecallentrypointvm_+0x337)[0x7efc629e9537]
[Orion-02-13:187364] [14] /work/noaa/da/mpotts/sandbox/pgi_2019_openmpi_O_release_8.4.0/esmf/DEFAULTINSTALLDIR/lib/libO/Linux.pgi.64.openmpi.default/libesmf.so(esmf_compmod_esmf_compexecute_+0x7ed)[0x7efc62fa394d]
[Orion-02-13:187364] [15] /work/noaa/da/mpotts/sandbox/pgi_2019_openmpi_O_release_8.4.0/esmf/DEFAULTINSTALLDIR/lib/libO/Linux.pgi.64.openmpi.default/libesmf.so(esmf_cplcompmod_esmf_cplcompinitialize_+0x161)[0x7efc62fb41f1]
[Orion-02-13:187364] [16] /work/noaa/da/mpotts/sandbox/pgi_2019_openmpi_O_release_8.4.0/esmf/DEFAULTINSTALLDIR/lib/libO/Linux.pgi.64.openmpi.default/libesmf.so(nuopc_driver_loopconnectorcompss_+0xeb4)[0x7efc635e15a4]
[Orion-02-13:187364] [17] /work/noaa/da/mpotts/sandbox/pgi_2019_openmpi_O_release_8.4.0/esmf/DEFAULTINSTALLDIR/lib/libO/Linux.pgi.64.openmpi.default/libesmf.so(nuopc_driver_initializeipdv02p3_+0x20f1)[0x7efc635d8ac1]
[Orion-02-13:187364] [18] /work/noaa/da/mpotts/sandbox/pgi_2019_openmpi_O_release_8.4.0/esmf/DEFAULTINSTALLDIR/lib/libO/Linux.pgi.64.openmpi.default/libesmf.so(nuopc_driver_initializegeneric_+0x62a)[0x7efc635c85ea]
[Orion-02-13:187364] [19] /work/noaa/da/mpotts/sandbox/pgi_2019_openmpi_O_release_8.4.0/esmf/DEFAULTINSTALLDIR/lib/libO/Linux.pgi.64.openmpi.default/libesmf.so(_ZN5ESMCI6FTable12callVFuncPtrEPKcPNS_2VMEPi+0x417)[0x7efc629eaf57]
[Orion-02-13:187364] [20] /work/noaa/da/mpotts/sandbox/pgi_2019_openmpi_O_release_8.4.0/esmf/DEFAULTINSTALLDIR/lib/libO/Linux.pgi.64.openmpi.default/libesmf.so(ESMCI_FTableCallEntryPointVMHop+0x1ea)[0x7efc629e915a]
[Orion-02-13:187364] [21] /work/noaa/da/mpotts/sandbox/pgi_2019_openmpi_O_release_8.4.0/esmf/DEFAULTINSTALLDIR/lib/libO/Linux.pgi.64.openmpi.default/libesmf.so(_ZN5ESMCI2VM5enterEPNS_6VMPlanEPvS3_+0x18)[0x7efc62dd0458]
[Orion-02-13:187364] [22] /work/noaa/da/mpotts/sandbox/pgi_2019_openmpi_O_release_8.4.0/esmf/DEFAULTINSTALLDIR/lib/libO/Linux.pgi.64.openmpi.default/libesmf.so(c_esmc_ftablecallentrypointvm_+0x337)[0x7efc629e9537]
[Orion-02-13:187364] [23] /work/noaa/da/mpotts/sandbox/pgi_2019_openmpi_O_release_8.4.0/esmf/DEFAULTINSTALLDIR/lib/libO/Linux.pgi.64.openmpi.default/libesmf.so(esmf_compmod_esmf_compexecute_+0x7ed)[0x7efc62fa394d]
[Orion-02-13:187364] [24] /work/noaa/da/mpotts/sandbox/pgi_2019_openmpi_O_release_8.4.0/esmf/DEFAULTINSTALLDIR/lib/libO/Linux.pgi.64.openmpi.default/libesmf.so(esmf_gridcompmod_esmf_gridcompinitialize_+0x161)[0x7efc631779a1]
[Orion-02-13:187364] [25] /work/noaa/da/mpotts/sandbox/pgi_2019_openmpi_O_release_8.4.0/nuopc-app-prototypes/AtmOcnMedPetListTimescalesProto/./esmApp[0x40673d]
[Orion-02-13:187364] [26] /work/noaa/da/mpotts/sandbox/pgi_2019_openmpi_O_release_8.4.0/nuopc-app-prototypes/AtmOcnMedPetListTimescalesProto/./esmApp[0x4063b3]
[Orion-02-13:187364] [27] /lib64/libc.so.6(__libc_start_main+0xf5)[0x7efc5e7e7495]
[Orion-02-13:187364] [28] /work/noaa/da/mpotts/sandbox/pgi_2019_openmpi_O_release_8.4.0/nuopc-app-prototypes/AtmOcnMedPetListTimescalesProto/./esmApp[0x4062b9]
[Orion-02-13:187364] *** End of error message ***
srun: error: Orion-02-13: tasks 0-1,3: Segmentation fault
srun: launch/slurm: _step_signal: Terminating StepId=7233720.355
slurmstepd: error: *** STEP 7233720.355 ON Orion-02-13 CANCELLED AT 2022-10-16T04:32:08 ***
srun: error: Orion-02-13: task 2: Terminated
srun: Force Terminated StepId=7233720.355
