2022-10-16 03:20:02
 NUOPC_DriverPrint for PET:            0
   Model, Mediator, and Driver components, in the order
   that they were added to the Driver:
            1 :  advectDiff_Parent
            2 :  advectDiff_Gen1Nestling0
            3 :  advectDiff_Gen1Nestling1
            4 :  advectDiff_Gen2Nestling0
   Connector components, in the order
   that they were added to the Driver:
            1 :  advectDiff_Parent-TO-advectDiff_Gen1Nestling0
            2 :  advectDiff_Parent-TO-advectDiff_Gen1Nestling1
            3 :  advectDiff_Gen1Nestling0-TO-advectDiff_Gen2Nestling0
NUOPC_RunSequenceArrayPrint: element     1 out of      2
runSeq::
 runElementPrint:      1     2     1 F T
 runElementPrint:      1     3     1 F T
 runElementPrint:      1    -1     1 F T
 runElementPrint:     -2     0     0 F T
 runElementPrint:      3    -1     1 F T
 runElementPrint:     -1    -1     0 F F
::
NUOPC_RunSequenceArrayPrint: element     2 out of      2
runSeq::
 runElementPrint:      2     4     1 F T
 runElementPrint:      2    -1     1 F T
 runElementPrint:      4    -1     1 F T
 runElementPrint:     -2    -1     0 F F
::
[Orion-02-13:190763:0:190763] Caught signal 11 (Segmentation fault: address not mapped to object at address 0x4f1b591)
 NUOPC_DriverPrint for PET:            1
   Model, Mediator, and Driver components, in the order
   that they were added to the Driver:
            1 :  advectDiff_Parent
            2 :  advectDiff_Gen1Nestling0
            3 :  advectDiff_Gen1Nestling1
            4 :  advectDiff_Gen2Nestling0
   Connector components, in the order
   that they were added to the Driver:
            1 :  advectDiff_Parent-TO-advectDiff_Gen1Nestling0
            2 :  advectDiff_Parent-TO-advectDiff_Gen1Nestling1
            3 :  advectDiff_Gen1Nestling0-TO-advectDiff_Gen2Nestling0
NUOPC_RunSequenceArrayPrint: element     1 out of      2
runSeq::
 runElementPrint:      1     2     1 F T
 runElementPrint:      1     3     1 F T
 runElementPrint:      1    -1     1 F T
 runElementPrint:     -2     0     0 F T
 runElementPrint:      3    -1     1 F T
 runElementPrint:     -1    -1     0 F F
::
NUOPC_RunSequenceArrayPrint: element     2 out of      2
runSeq::
 runElementPrint:      2     4     1 F T
 runElementPrint:      2    -1     1 F T
 runElementPrint:      4    -1     1 F T
 runElementPrint:     -2    -1     0 F F
::
[Orion-02-13:190764:0:190764] Caught signal 11 (Segmentation fault: address not mapped to object at address 0x4f1b591)
 NUOPC_DriverPrint for PET:            2
   Model, Mediator, and Driver components, in the order
   that they were added to the Driver:
            1 :  advectDiff_Parent
            2 :  advectDiff_Gen1Nestling0
            3 :  advectDiff_Gen1Nestling1
            4 :  advectDiff_Gen2Nestling0
   Connector components, in the order
   that they were added to the Driver:
            1 :  advectDiff_Parent-TO-advectDiff_Gen1Nestling0
            2 :  advectDiff_Parent-TO-advectDiff_Gen1Nestling1
            3 :  advectDiff_Gen1Nestling0-TO-advectDiff_Gen2Nestling0
NUOPC_RunSequenceArrayPrint: element     1 out of      2
runSeq::
 runElementPrint:      1     2     1 F T
 runElementPrint:      1     3     1 F T
 runElementPrint:      1    -1     1 F T
 runElementPrint:     -2     0     0 F T
 runElementPrint:      3    -1     1 F T
 runElementPrint:     -1    -1     0 F F
::
NUOPC_RunSequenceArrayPrint: element     2 out of      2
runSeq::
 runElementPrint:      2     4     1 F T
 runElementPrint:      2    -1     1 F T
 runElementPrint:      4    -1     1 F T
 runElementPrint:     -2    -1     0 F F
::
[Orion-02-13:190765:0:190765] Caught signal 11 (Segmentation fault: address not mapped to object at address 0x4f1b591)
 NUOPC_DriverPrint for PET:            3
   Model, Mediator, and Driver components, in the order
   that they were added to the Driver:
            1 :  advectDiff_Parent
            2 :  advectDiff_Gen1Nestling0
            3 :  advectDiff_Gen1Nestling1
            4 :  advectDiff_Gen2Nestling0
   Connector components, in the order
   that they were added to the Driver:
            1 :  advectDiff_Parent-TO-advectDiff_Gen1Nestling0
            2 :  advectDiff_Parent-TO-advectDiff_Gen1Nestling1
            3 :  advectDiff_Gen1Nestling0-TO-advectDiff_Gen2Nestling0
NUOPC_RunSequenceArrayPrint: element     1 out of      2
runSeq::
 runElementPrint:      1     2     1 F T
 runElementPrint:      1     3     1 F T
 runElementPrint:      1    -1     1 F T
 runElementPrint:     -2     0     0 F T
 runElementPrint:      3    -1     1 F T
 runElementPrint:     -1    -1     0 F F
::
NUOPC_RunSequenceArrayPrint: element     2 out of      2
runSeq::
 runElementPrint:      2     4     1 F T
 runElementPrint:      2    -1     1 F T
 runElementPrint:      4    -1     1 F T
 runElementPrint:     -2    -1     0 F F
::
[Orion-02-13:190766:0:190766] Caught signal 11 (Segmentation fault: address not mapped to object at address 0x4f1b591)

/work/noaa/da/mpotts/sandbox/pgi_2019_openmpi_O_release_8.4.0/esmf/src/Infrastructure/LogErr/src/ESMCI_LogErr.C: [ ESMCI::LogErr::MsgFoundError() ]
      ...

/work/noaa/da/mpotts/sandbox/pgi_2019_openmpi_O_release_8.4.0/esmf/src/Infrastructure/LogErr/src/ESMCI_LogErr.C: [ ESMCI::LogErr::MsgFoundError() ]
      ...
      583 {
      584     bool result=false;
      585 #ifdef ESMC_SUCCESSDEFAULT_ON
==>   586     if (rcToReturn != ESMC_NULL_POINTER) *rcToReturn=ESMF_SUCCESS;
      587 #endif
      588     if (trace) {
      589         Write(ESMC_METHOD,ESMC_LOGMSG_TRACE,
      583 {
      584     bool result=false;
      585 #ifdef ESMC_SUCCESSDEFAULT_ON
==>   586     if (rcToReturn != ESMC_NULL_POINTER) *rcToReturn=ESMF_SUCCESS;
      587 #endif
      588     if (trace) {
      589         Write(ESMC_METHOD,ESMC_LOGMSG_TRACE,



/work/noaa/da/mpotts/sandbox/pgi_2019_openmpi_O_release_8.4.0/esmf/src/Infrastructure/LogErr/src/ESMCI_LogErr.C: [ ESMCI::LogErr::MsgFoundError() ]
      ...

/work/noaa/da/mpotts/sandbox/pgi_2019_openmpi_O_release_8.4.0/esmf/src/Infrastructure/LogErr/src/ESMCI_LogErr.C: [ ESMCI::LogErr::MsgFoundError() ]
      ...
      583 {
      584     bool result=false;
      583 {
      584     bool result=false;
      585 #ifdef ESMC_SUCCESSDEFAULT_ON
==>   586     if (rcToReturn != ESMC_NULL_POINTER) *rcToReturn=ESMF_SUCCESS;
      587 #endif
      588     if (trace) {
      589         Write(ESMC_METHOD,ESMC_LOGMSG_TRACE,
      585 #ifdef ESMC_SUCCESSDEFAULT_ON
==>   586     if (rcToReturn != ESMC_NULL_POINTER) *rcToReturn=ESMF_SUCCESS;
      587 #endif
      588     if (trace) {
      589         Write(ESMC_METHOD,ESMC_LOGMSG_TRACE,


==== backtrace (tid: 190766) ====
 0 0x000000000072c2b3 ESMCI::LogErr::MsgFoundError()  /work/noaa/da/mpotts/sandbox/pgi_2019_openmpi_O_release_8.4.0/esmf/src/Infrastructure/LogErr/src/ESMCI_LogErr.C:586
 1 0x00000000008844b1 c_esmc_meshcreatenodedistgrid_()  /work/noaa/da/mpotts/sandbox/pgi_2019_openmpi_O_release_8.4.0/esmf/src/Infrastructure/Mesh/interface/ESMCI_Mesh_F.C:248
 2 0x0000000000f95f5c esmf_meshmod_esmf_meshcreatefrompointer_()  /work/noaa/da/mpotts/sandbox/pgi_2019_openmpi_O_release_8.4.0/esmf/src/Infrastructure/Mesh/interface/ESMF_Mesh.F90:3091
 3 0x0000000000e77722 esmf_gridutilmod_esmf_gridtomesh_()  /work/noaa/da/mpotts/sandbox/pgi_2019_openmpi_O_release_8.4.0/esmf/src/Infrastructure/GridUtil/interface/ESMF_GridUtil.F90:453
 4 0x0000000000d9baf6 esmf_fieldregridmod_b_or_p_gridtomesh_()  /work/noaa/da/mpotts/sandbox/pgi_2019_openmpi_O_release_8.4.0/esmf/src/Infrastructure/Field/src/ESMF_FieldRegrid.F90:3228
 5 0x0000000000d99004 esmf_fieldregridmod_getmeshwithnodesonfieldloc_()  /work/noaa/da/mpotts/sandbox/pgi_2019_openmpi_O_release_8.4.0/esmf/src/Infrastructure/Field/src/ESMF_FieldRegrid.F90:1346
 6 0x0000000000d97563 esmf_fieldregridmod_esmf_fieldregridstorenx_()  /work/noaa/da/mpotts/sandbox/pgi_2019_openmpi_O_release_8.4.0/esmf/src/Infrastructure/Field/src/ESMF_FieldRegrid.F90:971
 7 0x0000000001227a17 nuopc_connector_fieldbundlecplstore_()  /work/noaa/da/mpotts/sandbox/pgi_2019_openmpi_O_release_8.4.0/esmf/src/addon/NUOPC/src/NUOPC_Connector.F90:7919
 8 0x000000000120ee74 nuopc_connector_initializeipdv05p6b_()  /work/noaa/da/mpotts/sandbox/pgi_2019_openmpi_O_release_8.4.0/esmf/src/addon/NUOPC/src/NUOPC_Connector.F90:5386
 9 0x0000000000650f57 ESMCI::FTable::callVFuncPtr()  /work/noaa/da/mpotts/sandbox/pgi_2019_openmpi_O_release_8.4.0/esmf/src/Superstructure/Component/src/ESMCI_FTable.C:2167
10 0x000000000064f15a ESMCI_FTableCallEntryPointVMHop()  /work/noaa/da/mpotts/sandbox/pgi_2019_openmpi_O_release_8.4.0/esmf/src/Superstructure/Component/src/ESMCI_FTable.C:824
11 0x0000000000a36458 ESMCI::VM::enter()  /work/noaa/da/mpotts/sandbox/pgi_2019_openmpi_O_release_8.4.0/esmf/src/Infrastructure/VM/src/ESMCI_VM.C:1216
12 0x000000000064f537 c_esmc_ftablecallentrypointvm_()  /work/noaa/da/mpotts/sandbox/pgi_2019_openmpi_O_release_8.4.0/esmf/src/Superstructure/Component/src/ESMCI_FTable.C:981
13 0x0000000000c0994d esmf_compmod_esmf_compexecute_()  /work/noaa/da/mpotts/sandbox/pgi_2019_openmpi_O_release_8.4.0/esmf/src/Superstructure/Component/src/ESMF_Comp.F90:1223
14 0x0000000000c1a1f1 esmf_cplcompmod_esmf_cplcompinitialize_()  /work/noaa/da/mpotts/sandbox/pgi_2019_openmpi_O_release_8.4.0/esmf/src/Superstructure/Component/src/ESMF_CplComp.F90:1165
15 0x00000000012475a4 nuopc_driver_loopconnectorcompss_()  /work/noaa/da/mpotts/sandbox/pgi_2019_openmpi_O_release_8.4.0/esmf/src/addon/NUOPC/src/NUOPC_Driver.F90:2869
16 0x000000000123eac1 nuopc_driver_initializeipdv02p3_()  /work/noaa/da/mpotts/sandbox/pgi_2019_openmpi_O_release_8.4.0/esmf/src/addon/NUOPC/src/NUOPC_Driver.F90:2020
17 0x000000000122e5ea nuopc_driver_initializegeneric_()  /work/noaa/da/mpotts/sandbox/pgi_2019_openmpi_O_release_8.4.0/esmf/src/addon/NUOPC/src/NUOPC_Driver.F90:479
18 0x0000000000650f57 ESMCI::FTable::callVFuncPtr()  /work/noaa/da/mpotts/sandbox/pgi_2019_openmpi_O_release_8.4.0/esmf/src/Superstructure/Component/src/ESMCI_FTable.C:2167
19 0x000000000064f15a ESMCI_FTableCallEntryPointVMHop()  /work/noaa/da/mpotts/sandbox/pgi_2019_openmpi_O_release_8.4.0/esmf/src/Superstructure/Component/src/ESMCI_FTable.C:824
20 0x0000000000a36458 ESMCI::VM::enter()  /work/noaa/da/mpotts/sandbox/pgi_2019_openmpi_O_release_8.4.0/esmf/src/Infrastructure/VM/src/ESMCI_VM.C:1216
21 0x000000000064f537 c_esmc_ftablecallentrypointvm_()  /work/noaa/da/mpotts/sandbox/pgi_2019_openmpi_O_release_8.4.0/esmf/src/Superstructure/Component/src/ESMCI_FTable.C:981
22 0x0000000000c0994d esmf_compmod_esmf_compexecute_()  /work/noaa/da/mpotts/sandbox/pgi_2019_openmpi_O_release_8.4.0/esmf/src/Superstructure/Component/src/ESMF_Comp.F90:1223
23 0x0000000000ddd9a1 esmf_gridcompmod_esmf_gridcompinitialize_()  /work/noaa/da/mpotts/sandbox/pgi_2019_openmpi_O_release_8.4.0/esmf/src/Superstructure/Component/src/ESMF_GridComp.F90:1412
24 0x000000000040670d MAIN_()  /work/noaa/da/mpotts/sandbox/pgi_2019_openmpi_O_release_8.4.0/nuopc-app-prototypes/NestingTelescopeMultipleProto/mainApp.F90:71
25 0x0000000000406323 main()  ???:0
26 0x0000000000022495 __libc_start_main()  ???:0
27 0x0000000000406229 _start()  ???:0
=================================
[Orion-02-13:190766] *** Process received signal ***
[Orion-02-13:190766] Signal: Segmentation fault (11)
[Orion-02-13:190766] Signal code:  (-6)
[Orion-02-13:190766] Failing at address: 0x20e50002e92e
[Orion-02-13:190766] [ 0] /lib64/libpthread.so.0(+0xf5d0)[0x7f16bb9495d0]
[Orion-02-13:190766] [ 1] /work/noaa/da/mpotts/sandbox/pgi_2019_openmpi_O_release_8.4.0/esmf/DEFAULTINSTALLDIR/lib/libO/Linux.pgi.64.openmpi.default/libesmf.so(_ZN5ESMCI6LogErr13MsgFoundErrorEiPKciS2_S2_Pi+0x33)[0x7f16ba0ed2b3]
[Orion-02-13:190766] [ 2] /work/noaa/da/mpotts/sandbox/pgi_2019_openmpi_O_release_8.4.0/esmf/DEFAULTINSTALLDIR/lib/libO/Linux.pgi.64.openmpi.default/libesmf.so(c_esmc_meshcreatenodedistgrid_+0xa1)[0x7f16ba2454b1]
[Orion-02-13:190766] [ 3] /work/noaa/da/mpotts/sandbox/pgi_2019_openmpi_O_release_8.4.0/esmf/DEFAULTINSTALLDIR/lib/libO/Linux.pgi.64.openmpi.default/libesmf.so(esmf_meshmod_esmf_meshcreatefrompointer_+0x4c)[0x7f16ba956f5c]
[Orion-02-13:190766] [ 4] /work/noaa/da/mpotts/sandbox/pgi_2019_openmpi_O_release_8.4.0/esmf/DEFAULTINSTALLDIR/lib/libO/Linux.pgi.64.openmpi.default/libesmf.so(esmf_gridutilmod_esmf_gridtomesh_+0x352)[0x7f16ba838722]
[Orion-02-13:190766] [ 5] /work/noaa/da/mpotts/sandbox/pgi_2019_openmpi_O_release_8.4.0/esmf/DEFAULTINSTALLDIR/lib/libO/Linux.pgi.64.openmpi.default/libesmf.so(esmf_fieldregridmod_b_or_p_gridtomesh_+0x156)[0x7f16ba75caf6]
[Orion-02-13:190766] [ 6] /work/noaa/da/mpotts/sandbox/pgi_2019_openmpi_O_release_8.4.0/esmf/DEFAULTINSTALLDIR/lib/libO/Linux.pgi.64.openmpi.default/libesmf.so(esmf_fieldregridmod_getmeshwithnodesonfieldloc_+0x394)[0x7f16ba75a004]
[Orion-02-13:190766] [ 7] /work/noaa/da/mpotts/sandbox/pgi_2019_openmpi_O_release_8.4.0/esmf/DEFAULTINSTALLDIR/lib/libO/Linux.pgi.64.openmpi.default/libesmf.so(esmf_fieldregridmod_esmf_fieldregridstorenx_+0x9c3)[0x7f16ba758563]
[Orion-02-13:190766] [ 8] /work/noaa/da/mpotts/sandbox/pgi_2019_openmpi_O_release_8.4.0/esmf/DEFAULTINSTALLDIR/lib/libO/Linux.pgi.64.openmpi.default/libesmf.so(nuopc_connector_fieldbundlecplstore_+0xbc87)[0x7f16babe8a17]
[Orion-02-13:190766] [ 9] /work/noaa/da/mpotts/sandbox/pgi_2019_openmpi_O_release_8.4.0/esmf/DEFAULTINSTALLDIR/lib/libO/Linux.pgi.64.openmpi.default/libesmf.so(nuopc_connector_initializeipdv05p6b_+0x4f74)[0x7f16babcfe74]
[Orion-02-13:190766] [10] /work/noaa/da/mpotts/sandbox/pgi_2019_openmpi_O_release_8.4.0/esmf/DEFAULTINSTALLDIR/lib/libO/Linux.pgi.64.openmpi.default/libesmf.so(_ZN5ESMCI6FTable12callVFuncPtrEPKcPNS_2VMEPi+0x417)[0x7f16ba011f57]
[Orion-02-13:190766] [11] /work/noaa/da/mpotts/sandbox/pgi_2019_openmpi_O_release_8.4.0/esmf/DEFAULTINSTALLDIR/lib/libO/Linux.pgi.64.openmpi.default/libesmf.so(ESMCI_FTableCallEntryPointVMHop+0x1ea)[0x7f16ba01015a]
[Orion-02-13:190766] [12] /work/noaa/da/mpotts/sandbox/pgi_2019_openmpi_O_release_8.4.0/esmf/DEFAULTINSTALLDIR/lib/libO/Linux.pgi.64.openmpi.default/libesmf.so(_ZN5ESMCI2VM5enterEPNS_6VMPlanEPvS3_+0x18)[0x7f16ba3f7458]
[Orion-02-13:190766] [13] /work/noaa/da/mpotts/sandbox/pgi_2019_openmpi_O_release_8.4.0/esmf/DEFAULTINSTALLDIR/lib/libO/Linux.pgi.64.openmpi.default/libesmf.so(c_esmc_ftablecallentrypointvm_+0x337)[0x7f16ba010537]
[Orion-02-13:190766] [14] /work/noaa/da/mpotts/sandbox/pgi_2019_openmpi_O_release_8.4.0/esmf/DEFAULTINSTALLDIR/lib/libO/Linux.pgi.64.openmpi.default/libesmf.so(esmf_compmod_esmf_compexecute_+0x7ed)[0x7f16ba5ca94d]
[Orion-02-13:190766] [15] /work/noaa/da/mpotts/sandbox/pgi_2019_openmpi_O_release_8.4.0/esmf/DEFAULTINSTALLDIR/lib/libO/Linux.pgi.64.openmpi.default/libesmf.so(esmf_cplcompmod_esmf_cplcompinitialize_+0x161)[0x7f16ba5db1f1]
[Orion-02-13:190766] [16] /work/noaa/da/mpotts/sandbox/pgi_2019_openmpi_O_release_8.4.0/esmf/DEFAULTINSTALLDIR/lib/libO/Linux.pgi.64.openmpi.default/libesmf.so(nuopc_driver_loopconnectorcompss_+0xeb4)[0x7f16bac085a4]
[Orion-02-13:190766] [17] /work/noaa/da/mpotts/sandbox/pgi_2019_openmpi_O_release_8.4.0/esmf/DEFAULTINSTALLDIR/lib/libO/Linux.pgi.64.openmpi.default/libesmf.so(nuopc_driver_initializeipdv02p3_+0x20f1)[0x7f16babffac1]
[Orion-02-13:190766] [18] /work/noaa/da/mpotts/sandbox/pgi_2019_openmpi_O_release_8.4.0/esmf/DEFAULTINSTALLDIR/lib/libO/Linux.pgi.64.openmpi.default/libesmf.so(nuopc_driver_initializegeneric_+0x62a)[0x7f16babef5ea]
[Orion-02-13:190766] [19] /work/noaa/da/mpotts/sandbox/pgi_2019_openmpi_O_release_8.4.0/esmf/DEFAULTINSTALLDIR/lib/libO/Linux.pgi.64.openmpi.default/libesmf.so(_ZN5ESMCI6FTable12callVFuncPtrEPKcPNS_2VMEPi+0x417)[0x7f16ba011f57]
[Orion-02-13:190766] [20] /work/noaa/da/mpotts/sandbox/pgi_2019_openmpi_O_release_8.4.0/esmf/DEFAULTINSTALLDIR/lib/libO/Linux.pgi.64.openmpi.default/libesmf.so(ESMCI_FTableCallEntryPointVMHop+0x1ea)[0x7f16ba01015a]
[Orion-02-13:190766] [21] /work/noaa/da/mpotts/sandbox/pgi_2019_openmpi_O_release_8.4.0/esmf/DEFAULTINSTALLDIR/lib/libO/Linux.pgi.64.openmpi.default/libesmf.so(_ZN5ESMCI2VM5enterEPNS_6VMPlanEPvS3_+0x18)[0x7f16ba3f7458]
[Orion-02-13:190766] [22] /work/noaa/da/mpotts/sandbox/pgi_2019_openmpi_O_release_8.4.0/esmf/DEFAULTINSTALLDIR/lib/libO/Linux.pgi.64.openmpi.default/libesmf.so(c_esmc_ftablecallentrypointvm_+0x337)[0x7f16ba010537]
[Orion-02-13:190766] [23] /work/noaa/da/mpotts/sandbox/pgi_2019_openmpi_O_release_8.4.0/esmf/DEFAULTINSTALLDIR/lib/libO/Linux.pgi.64.openmpi.default/libesmf.so(esmf_compmod_esmf_compexecute_+0x7ed)[0x7f16ba5ca94d]
[Orion-02-13:190766] [24] /work/noaa/da/mpotts/sandbox/pgi_2019_openmpi_O_release_8.4.0/esmf/DEFAULTINSTALLDIR/lib/libO/Linux.pgi.64.openmpi.default/libesmf.so(esmf_gridcompmod_esmf_gridcompinitialize_+0x161)[0x7f16ba79e9a1]
[Orion-02-13:190766] [25] /work/noaa/da/mpotts/sandbox/pgi_2019_openmpi_O_release_8.4.0/nuopc-app-prototypes/NestingTelescopeMultipleProto/./mainApp[0x40670d]
[Orion-02-13:190766] [26] /work/noaa/da/mpotts/sandbox/pgi_2019_openmpi_O_release_8.4.0/nuopc-app-prototypes/NestingTelescopeMultipleProto/./mainApp[0x406323]
[Orion-02-13:190766] [27] /lib64/libc.so.6(__libc_start_main+0xf5)[0x7f16b5e0e495]
[Orion-02-13:190766] [28] /work/noaa/da/mpotts/sandbox/pgi_2019_openmpi_O_release_8.4.0/nuopc-app-prototypes/NestingTelescopeMultipleProto/./mainApp[0x406229]
[Orion-02-13:190766] *** End of error message ***
==== backtrace (tid: 190764) ====
 0 0x000000000072c2b3 ESMCI::LogErr::MsgFoundError()  /work/noaa/da/mpotts/sandbox/pgi_2019_openmpi_O_release_8.4.0/esmf/src/Infrastructure/LogErr/src/ESMCI_LogErr.C:586
 1 0x00000000008844b1 c_esmc_meshcreatenodedistgrid_()  /work/noaa/da/mpotts/sandbox/pgi_2019_openmpi_O_release_8.4.0/esmf/src/Infrastructure/Mesh/interface/ESMCI_Mesh_F.C:248
 2 0x0000000000f95f5c esmf_meshmod_esmf_meshcreatefrompointer_()  /work/noaa/da/mpotts/sandbox/pgi_2019_openmpi_O_release_8.4.0/esmf/src/Infrastructure/Mesh/interface/ESMF_Mesh.F90:3091
 3 0x0000000000e77722 esmf_gridutilmod_esmf_gridtomesh_()  /work/noaa/da/mpotts/sandbox/pgi_2019_openmpi_O_release_8.4.0/esmf/src/Infrastructure/GridUtil/interface/ESMF_GridUtil.F90:453
 4 0x0000000000d9baf6 esmf_fieldregridmod_b_or_p_gridtomesh_()  /work/noaa/da/mpotts/sandbox/pgi_2019_openmpi_O_release_8.4.0/esmf/src/Infrastructure/Field/src/ESMF_FieldRegrid.F90:3228
 5 0x0000000000d99004 esmf_fieldregridmod_getmeshwithnodesonfieldloc_()  /work/noaa/da/mpotts/sandbox/pgi_2019_openmpi_O_release_8.4.0/esmf/src/Infrastructure/Field/src/ESMF_FieldRegrid.F90:1346
 6 0x0000000000d97563 esmf_fieldregridmod_esmf_fieldregridstorenx_()  /work/noaa/da/mpotts/sandbox/pgi_2019_openmpi_O_release_8.4.0/esmf/src/Infrastructure/Field/src/ESMF_FieldRegrid.F90:971
 7 0x0000000001227a17 nuopc_connector_fieldbundlecplstore_()  /work/noaa/da/mpotts/sandbox/pgi_2019_openmpi_O_release_8.4.0/esmf/src/addon/NUOPC/src/NUOPC_Connector.F90:7919
 8 0x000000000120ee74 nuopc_connector_initializeipdv05p6b_()  /work/noaa/da/mpotts/sandbox/pgi_2019_openmpi_O_release_8.4.0/esmf/src/addon/NUOPC/src/NUOPC_Connector.F90:5386
 9 0x0000000000650f57 ESMCI::FTable::callVFuncPtr()  /work/noaa/da/mpotts/sandbox/pgi_2019_openmpi_O_release_8.4.0/esmf/src/Superstructure/Component/src/ESMCI_FTable.C:2167
10 0x000000000064f15a ESMCI_FTableCallEntryPointVMHop()  /work/noaa/da/mpotts/sandbox/pgi_2019_openmpi_O_release_8.4.0/esmf/src/Superstructure/Component/src/ESMCI_FTable.C:824
11 0x0000000000a36458 ESMCI::VM::enter()  /work/noaa/da/mpotts/sandbox/pgi_2019_openmpi_O_release_8.4.0/esmf/src/Infrastructure/VM/src/ESMCI_VM.C:1216
12 0x000000000064f537 c_esmc_ftablecallentrypointvm_()  /work/noaa/da/mpotts/sandbox/pgi_2019_openmpi_O_release_8.4.0/esmf/src/Superstructure/Component/src/ESMCI_FTable.C:981
13 0x0000000000c0994d esmf_compmod_esmf_compexecute_()  /work/noaa/da/mpotts/sandbox/pgi_2019_openmpi_O_release_8.4.0/esmf/src/Superstructure/Component/src/ESMF_Comp.F90:1223
14 0x0000000000c1a1f1 esmf_cplcompmod_esmf_cplcompinitialize_()  /work/noaa/da/mpotts/sandbox/pgi_2019_openmpi_O_release_8.4.0/esmf/src/Superstructure/Component/src/ESMF_CplComp.F90:1165
15 0x00000000012475a4 nuopc_driver_loopconnectorcompss_()  /work/noaa/da/mpotts/sandbox/pgi_2019_openmpi_O_release_8.4.0/esmf/src/addon/NUOPC/src/NUOPC_Driver.F90:2869
16 0x000000000123eac1 nuopc_driver_initializeipdv02p3_()  /work/noaa/da/mpotts/sandbox/pgi_2019_openmpi_O_release_8.4.0/esmf/src/addon/NUOPC/src/NUOPC_Driver.F90:2020
17 0x000000000122e5ea nuopc_driver_initializegeneric_()  /work/noaa/da/mpotts/sandbox/pgi_2019_openmpi_O_release_8.4.0/esmf/src/addon/NUOPC/src/NUOPC_Driver.F90:479
18 0x0000000000650f57 ESMCI::FTable::callVFuncPtr()  /work/noaa/da/mpotts/sandbox/pgi_2019_openmpi_O_release_8.4.0/esmf/src/Superstructure/Component/src/ESMCI_FTable.C:2167
19 0x000000000064f15a ESMCI_FTableCallEntryPointVMHop()  /work/noaa/da/mpotts/sandbox/pgi_2019_openmpi_O_release_8.4.0/esmf/src/Superstructure/Component/src/ESMCI_FTable.C:824
20 0x0000000000a36458 ESMCI::VM::enter()  /work/noaa/da/mpotts/sandbox/pgi_2019_openmpi_O_release_8.4.0/esmf/src/Infrastructure/VM/src/ESMCI_VM.C:1216
21 0x000000000064f537 c_esmc_ftablecallentrypointvm_()  /work/noaa/da/mpotts/sandbox/pgi_2019_openmpi_O_release_8.4.0/esmf/src/Superstructure/Component/src/ESMCI_FTable.C:981
22 0x0000000000c0994d esmf_compmod_esmf_compexecute_()  /work/noaa/da/mpotts/sandbox/pgi_2019_openmpi_O_release_8.4.0/esmf/src/Superstructure/Component/src/ESMF_Comp.F90:1223
23 0x0000000000ddd9a1 esmf_gridcompmod_esmf_gridcompinitialize_()  /work/noaa/da/mpotts/sandbox/pgi_2019_openmpi_O_release_8.4.0/esmf/src/Superstructure/Component/src/ESMF_GridComp.F90:1412
24 0x000000000040670d MAIN_()  /work/noaa/da/mpotts/sandbox/pgi_2019_openmpi_O_release_8.4.0/nuopc-app-prototypes/NestingTelescopeMultipleProto/mainApp.F90:71
25 0x0000000000406323 main()  ???:0
26 0x0000000000022495 __libc_start_main()  ???:0
27 0x0000000000406229 _start()  ???:0
=================================
[Orion-02-13:190764] *** Process received signal ***
[Orion-02-13:190764] Signal: Segmentation fault (11)
[Orion-02-13:190764] Signal code:  (-6)
[Orion-02-13:190764] Failing at address: 0x20e50002e92c
[Orion-02-13:190764] [ 0] /lib64/libpthread.so.0(+0xf5d0)[0x7fbacc9a45d0]
[Orion-02-13:190764] [ 1] /work/noaa/da/mpotts/sandbox/pgi_2019_openmpi_O_release_8.4.0/esmf/DEFAULTINSTALLDIR/lib/libO/Linux.pgi.64.openmpi.default/libesmf.so(_ZN5ESMCI6LogErr13MsgFoundErrorEiPKciS2_S2_Pi+0x33)[0x7fbacb1482b3]
[Orion-02-13:190764] [ 2] /work/noaa/da/mpotts/sandbox/pgi_2019_openmpi_O_release_8.4.0/esmf/DEFAULTINSTALLDIR/lib/libO/Linux.pgi.64.openmpi.default/libesmf.so(c_esmc_meshcreatenodedistgrid_+0xa1)[0x7fbacb2a04b1]
[Orion-02-13:190764] [ 3] /work/noaa/da/mpotts/sandbox/pgi_2019_openmpi_O_release_8.4.0/esmf/DEFAULTINSTALLDIR/lib/libO/Linux.pgi.64.openmpi.default/libesmf.so(esmf_meshmod_esmf_meshcreatefrompointer_+0x4c)[0x7fbacb9b1f5c]
[Orion-02-13:190764] [ 4] /work/noaa/da/mpotts/sandbox/pgi_2019_openmpi_O_release_8.4.0/esmf/DEFAULTINSTALLDIR/lib/libO/Linux.pgi.64.openmpi.default/libesmf.so(esmf_gridutilmod_esmf_gridtomesh_+0x352)[0x7fbacb893722]
[Orion-02-13:190764] [ 5] /work/noaa/da/mpotts/sandbox/pgi_2019_openmpi_O_release_8.4.0/esmf/DEFAULTINSTALLDIR/lib/libO/Linux.pgi.64.openmpi.default/libesmf.so(esmf_fieldregridmod_b_or_p_gridtomesh_+0x156)[0x7fbacb7b7af6]
[Orion-02-13:190764] [ 6] /work/noaa/da/mpotts/sandbox/pgi_2019_openmpi_O_release_8.4.0/esmf/DEFAULTINSTALLDIR/lib/libO/Linux.pgi.64.openmpi.default/libesmf.so(esmf_fieldregridmod_getmeshwithnodesonfieldloc_+0x394)[0x7fbacb7b5004]
[Orion-02-13:190764] [ 7] /work/noaa/da/mpotts/sandbox/pgi_2019_openmpi_O_release_8.4.0/esmf/DEFAULTINSTALLDIR/lib/libO/Linux.pgi.64.openmpi.default/libesmf.so(esmf_fieldregridmod_esmf_fieldregridstorenx_+0x9c3)[0x7fbacb7b3563]
[Orion-02-13:190764] [ 8] /work/noaa/da/mpotts/sandbox/pgi_2019_openmpi_O_release_8.4.0/esmf/DEFAULTINSTALLDIR/lib/libO/Linux.pgi.64.openmpi.default/libesmf.so(nuopc_connector_fieldbundlecplstore_+0xbc87)[0x7fbacbc43a17]
[Orion-02-13:190764] [ 9] /work/noaa/da/mpotts/sandbox/pgi_2019_openmpi_O_release_8.4.0/esmf/DEFAULTINSTALLDIR/lib/libO/Linux.pgi.64.openmpi.default/libesmf.so(nuopc_connector_initializeipdv05p6b_+0x4f74)[0x7fbacbc2ae74]
[Orion-02-13:190764] [10] /work/noaa/da/mpotts/sandbox/pgi_2019_openmpi_O_release_8.4.0/esmf/DEFAULTINSTALLDIR/lib/libO/Linux.pgi.64.openmpi.default/libesmf.so(_ZN5ESMCI6FTable12callVFuncPtrEPKcPNS_2VMEPi+0x417)[0x7fbacb06cf57]
[Orion-02-13:190764] [11] /work/noaa/da/mpotts/sandbox/pgi_2019_openmpi_O_release_8.4.0/esmf/DEFAULTINSTALLDIR/lib/libO/Linux.pgi.64.openmpi.default/libesmf.so(ESMCI_FTableCallEntryPointVMHop+0x1ea)[0x7fbacb06b15a]
[Orion-02-13:190764] [12] /work/noaa/da/mpotts/sandbox/pgi_2019_openmpi_O_release_8.4.0/esmf/DEFAULTINSTALLDIR/lib/libO/Linux.pgi.64.openmpi.default/libesmf.so(_ZN5ESMCI2VM5enterEPNS_6VMPlanEPvS3_+0x18)[0x7fbacb452458]
[Orion-02-13:190764] [13] /work/noaa/da/mpotts/sandbox/pgi_2019_openmpi_O_release_8.4.0/esmf/DEFAULTINSTALLDIR/lib/libO/Linux.pgi.64.openmpi.default/libesmf.so(c_esmc_ftablecallentrypointvm_+0x337)[0x7fbacb06b537]
[Orion-02-13:190764] [14] /work/noaa/da/mpotts/sandbox/pgi_2019_openmpi_O_release_8.4.0/esmf/DEFAULTINSTALLDIR/lib/libO/Linux.pgi.64.openmpi.default/libesmf.so(esmf_compmod_esmf_compexecute_+0x7ed)[0x7fbacb62594d]
[Orion-02-13:190764] [15] /work/noaa/da/mpotts/sandbox/pgi_2019_openmpi_O_release_8.4.0/esmf/DEFAULTINSTALLDIR/lib/libO/Linux.pgi.64.openmpi.default/libesmf.so(esmf_cplcompmod_esmf_cplcompinitialize_+0x161)[0x7fbacb6361f1]
[Orion-02-13:190764] [16] /work/noaa/da/mpotts/sandbox/pgi_2019_openmpi_O_release_8.4.0/esmf/DEFAULTINSTALLDIR/lib/libO/Linux.pgi.64.openmpi.default/libesmf.so(nuopc_driver_loopconnectorcompss_+0xeb4)[0x7fbacbc635a4]
[Orion-02-13:190764] [17] /work/noaa/da/mpotts/sandbox/pgi_2019_openmpi_O_release_8.4.0/esmf/DEFAULTINSTALLDIR/lib/libO/Linux.pgi.64.openmpi.default/libesmf.so(nuopc_driver_initializeipdv02p3_+0x20f1)[0x7fbacbc5aac1]
[Orion-02-13:190764] [18] /work/noaa/da/mpotts/sandbox/pgi_2019_openmpi_O_release_8.4.0/esmf/DEFAULTINSTALLDIR/lib/libO/Linux.pgi.64.openmpi.default/libesmf.so(nuopc_driver_initializegeneric_+0x62a)[0x7fbacbc4a5ea]
[Orion-02-13:190764] [19] /work/noaa/da/mpotts/sandbox/pgi_2019_openmpi_O_release_8.4.0/esmf/DEFAULTINSTALLDIR/lib/libO/Linux.pgi.64.openmpi.default/libesmf.so(_ZN5ESMCI6FTable12callVFuncPtrEPKcPNS_2VMEPi+0x417)[0x7fbacb06cf57]
[Orion-02-13:190764] [20] /work/noaa/da/mpotts/sandbox/pgi_2019_openmpi_O_release_8.4.0/esmf/DEFAULTINSTALLDIR/lib/libO/Linux.pgi.64.openmpi.default/libesmf.so(ESMCI_FTableCallEntryPointVMHop+0x1ea)[0x7fbacb06b15a]
[Orion-02-13:190764] [21] /work/noaa/da/mpotts/sandbox/pgi_2019_openmpi_O_release_8.4.0/esmf/DEFAULTINSTALLDIR/lib/libO/Linux.pgi.64.openmpi.default/libesmf.so(_ZN5ESMCI2VM5enterEPNS_6VMPlanEPvS3_+0x18)[0x7fbacb452458]
[Orion-02-13:190764] [22] /work/noaa/da/mpotts/sandbox/pgi_2019_openmpi_O_release_8.4.0/esmf/DEFAULTINSTALLDIR/lib/libO/Linux.pgi.64.openmpi.default/libesmf.so(c_esmc_ftablecallentrypointvm_+0x337)[0x7fbacb06b537]
[Orion-02-13:190764] [23] /work/noaa/da/mpotts/sandbox/pgi_2019_openmpi_O_release_8.4.0/esmf/DEFAULTINSTALLDIR/lib/libO/Linux.pgi.64.openmpi.default/libesmf.so(esmf_compmod_esmf_compexecute_+0x7ed)[0x7fbacb62594d]
[Orion-02-13:190764] [24] /work/noaa/da/mpotts/sandbox/pgi_2019_openmpi_O_release_8.4.0/esmf/DEFAULTINSTALLDIR/lib/libO/Linux.pgi.64.openmpi.default/libesmf.so(esmf_gridcompmod_esmf_gridcompinitialize_+0x161)[0x7fbacb7f99a1]
[Orion-02-13:190764] [25] /work/noaa/da/mpotts/sandbox/pgi_2019_openmpi_O_release_8.4.0/nuopc-app-prototypes/NestingTelescopeMultipleProto/./mainApp[0x40670d]
[Orion-02-13:190764] [26] /work/noaa/da/mpotts/sandbox/pgi_2019_openmpi_O_release_8.4.0/nuopc-app-prototypes/NestingTelescopeMultipleProto/./mainApp[0x406323]
[Orion-02-13:190764] [27] /lib64/libc.so.6(__libc_start_main+0xf5)[0x7fbac6e69495]
[Orion-02-13:190764] [28] /work/noaa/da/mpotts/sandbox/pgi_2019_openmpi_O_release_8.4.0/nuopc-app-prototypes/NestingTelescopeMultipleProto/./mainApp[0x406229]
[Orion-02-13:190764] *** End of error message ***
==== backtrace (tid: 190763) ====
 0 0x000000000072c2b3 ESMCI::LogErr::MsgFoundError()  /work/noaa/da/mpotts/sandbox/pgi_2019_openmpi_O_release_8.4.0/esmf/src/Infrastructure/LogErr/src/ESMCI_LogErr.C:586
 1 0x00000000008844b1 c_esmc_meshcreatenodedistgrid_()  /work/noaa/da/mpotts/sandbox/pgi_2019_openmpi_O_release_8.4.0/esmf/src/Infrastructure/Mesh/interface/ESMCI_Mesh_F.C:248
 2 0x0000000000f95f5c esmf_meshmod_esmf_meshcreatefrompointer_()  /work/noaa/da/mpotts/sandbox/pgi_2019_openmpi_O_release_8.4.0/esmf/src/Infrastructure/Mesh/interface/ESMF_Mesh.F90:3091
 3 0x0000000000e77722 esmf_gridutilmod_esmf_gridtomesh_()  /work/noaa/da/mpotts/sandbox/pgi_2019_openmpi_O_release_8.4.0/esmf/src/Infrastructure/GridUtil/interface/ESMF_GridUtil.F90:453
 4 0x0000000000d9baf6 esmf_fieldregridmod_b_or_p_gridtomesh_()  /work/noaa/da/mpotts/sandbox/pgi_2019_openmpi_O_release_8.4.0/esmf/src/Infrastructure/Field/src/ESMF_FieldRegrid.F90:3228
 5 0x0000000000d99004 esmf_fieldregridmod_getmeshwithnodesonfieldloc_()  /work/noaa/da/mpotts/sandbox/pgi_2019_openmpi_O_release_8.4.0/esmf/src/Infrastructure/Field/src/ESMF_FieldRegrid.F90:1346
 6 0x0000000000d97563 esmf_fieldregridmod_esmf_fieldregridstorenx_()  /work/noaa/da/mpotts/sandbox/pgi_2019_openmpi_O_release_8.4.0/esmf/src/Infrastructure/Field/src/ESMF_FieldRegrid.F90:971
 7 0x0000000001227a17 nuopc_connector_fieldbundlecplstore_()  /work/noaa/da/mpotts/sandbox/pgi_2019_openmpi_O_release_8.4.0/esmf/src/addon/NUOPC/src/NUOPC_Connector.F90:7919
 8 0x000000000120ee74 nuopc_connector_initializeipdv05p6b_()  /work/noaa/da/mpotts/sandbox/pgi_2019_openmpi_O_release_8.4.0/esmf/src/addon/NUOPC/src/NUOPC_Connector.F90:5386
 9 0x0000000000650f57 ESMCI::FTable::callVFuncPtr()  /work/noaa/da/mpotts/sandbox/pgi_2019_openmpi_O_release_8.4.0/esmf/src/Superstructure/Component/src/ESMCI_FTable.C:2167
10 0x000000000064f15a ESMCI_FTableCallEntryPointVMHop()  /work/noaa/da/mpotts/sandbox/pgi_2019_openmpi_O_release_8.4.0/esmf/src/Superstructure/Component/src/ESMCI_FTable.C:824
11 0x0000000000a36458 ESMCI::VM::enter()  /work/noaa/da/mpotts/sandbox/pgi_2019_openmpi_O_release_8.4.0/esmf/src/Infrastructure/VM/src/ESMCI_VM.C:1216
12 0x000000000064f537 c_esmc_ftablecallentrypointvm_()  /work/noaa/da/mpotts/sandbox/pgi_2019_openmpi_O_release_8.4.0/esmf/src/Superstructure/Component/src/ESMCI_FTable.C:981
13 0x0000000000c0994d esmf_compmod_esmf_compexecute_()  /work/noaa/da/mpotts/sandbox/pgi_2019_openmpi_O_release_8.4.0/esmf/src/Superstructure/Component/src/ESMF_Comp.F90:1223
14 0x0000000000c1a1f1 esmf_cplcompmod_esmf_cplcompinitialize_()  /work/noaa/da/mpotts/sandbox/pgi_2019_openmpi_O_release_8.4.0/esmf/src/Superstructure/Component/src/ESMF_CplComp.F90:1165
15 0x00000000012475a4 nuopc_driver_loopconnectorcompss_()  /work/noaa/da/mpotts/sandbox/pgi_2019_openmpi_O_release_8.4.0/esmf/src/addon/NUOPC/src/NUOPC_Driver.F90:2869
16 0x000000000123eac1 nuopc_driver_initializeipdv02p3_()  /work/noaa/da/mpotts/sandbox/pgi_2019_openmpi_O_release_8.4.0/esmf/src/addon/NUOPC/src/NUOPC_Driver.F90:2020
17 0x000000000122e5ea nuopc_driver_initializegeneric_()  /work/noaa/da/mpotts/sandbox/pgi_2019_openmpi_O_release_8.4.0/esmf/src/addon/NUOPC/src/NUOPC_Driver.F90:479
18 0x0000000000650f57 ESMCI::FTable::callVFuncPtr()  /work/noaa/da/mpotts/sandbox/pgi_2019_openmpi_O_release_8.4.0/esmf/src/Superstructure/Component/src/ESMCI_FTable.C:2167
19 0x000000000064f15a ESMCI_FTableCallEntryPointVMHop()  /work/noaa/da/mpotts/sandbox/pgi_2019_openmpi_O_release_8.4.0/esmf/src/Superstructure/Component/src/ESMCI_FTable.C:824
20 0x0000000000a36458 ESMCI::VM::enter()  /work/noaa/da/mpotts/sandbox/pgi_2019_openmpi_O_release_8.4.0/esmf/src/Infrastructure/VM/src/ESMCI_VM.C:1216
21 0x000000000064f537 c_esmc_ftablecallentrypointvm_()  /work/noaa/da/mpotts/sandbox/pgi_2019_openmpi_O_release_8.4.0/esmf/src/Superstructure/Component/src/ESMCI_FTable.C:981
22 0x0000000000c0994d esmf_compmod_esmf_compexecute_()  /work/noaa/da/mpotts/sandbox/pgi_2019_openmpi_O_release_8.4.0/esmf/src/Superstructure/Component/src/ESMF_Comp.F90:1223
23 0x0000000000ddd9a1 esmf_gridcompmod_esmf_gridcompinitialize_()  /work/noaa/da/mpotts/sandbox/pgi_2019_openmpi_O_release_8.4.0/esmf/src/Superstructure/Component/src/ESMF_GridComp.F90:1412
24 0x000000000040670d MAIN_()  /work/noaa/da/mpotts/sandbox/pgi_2019_openmpi_O_release_8.4.0/nuopc-app-prototypes/NestingTelescopeMultipleProto/mainApp.F90:71
25 0x0000000000406323 main()  ???:0
26 0x0000000000022495 __libc_start_main()  ???:0
27 0x0000000000406229 _start()  ???:0
=================================
[Orion-02-13:190763] *** Process received signal ***
[Orion-02-13:190763] Signal: Segmentation fault (11)
[Orion-02-13:190763] Signal code:  (-6)
[Orion-02-13:190763] Failing at address: 0x20e50002e92b
[Orion-02-13:190763] [ 0] /lib64/libpthread.so.0(+0xf5d0)[0x7fba967455d0]
[Orion-02-13:190763] [ 1] /work/noaa/da/mpotts/sandbox/pgi_2019_openmpi_O_release_8.4.0/esmf/DEFAULTINSTALLDIR/lib/libO/Linux.pgi.64.openmpi.default/libesmf.so(_ZN5ESMCI6LogErr13MsgFoundErrorEiPKciS2_S2_Pi+0x33)[0x7fba94ee92b3]
[Orion-02-13:190763] [ 2] /work/noaa/da/mpotts/sandbox/pgi_2019_openmpi_O_release_8.4.0/esmf/DEFAULTINSTALLDIR/lib/libO/Linux.pgi.64.openmpi.default/libesmf.so(c_esmc_meshcreatenodedistgrid_+0xa1)[0x7fba950414b1]
[Orion-02-13:190763] [ 3] /work/noaa/da/mpotts/sandbox/pgi_2019_openmpi_O_release_8.4.0/esmf/DEFAULTINSTALLDIR/lib/libO/Linux.pgi.64.openmpi.default/libesmf.so(esmf_meshmod_esmf_meshcreatefrompointer_+0x4c)[0x7fba95752f5c]
[Orion-02-13:190763] [ 4] /work/noaa/da/mpotts/sandbox/pgi_2019_openmpi_O_release_8.4.0/esmf/DEFAULTINSTALLDIR/lib/libO/Linux.pgi.64.openmpi.default/libesmf.so(esmf_gridutilmod_esmf_gridtomesh_+0x352)[0x7fba95634722]
==== backtrace (tid: 190765) ====
[Orion-02-13:190763] [ 5] /work/noaa/da/mpotts/sandbox/pgi_2019_openmpi_O_release_8.4.0/esmf/DEFAULTINSTALLDIR/lib/libO/Linux.pgi.64.openmpi.default/libesmf.so(esmf_fieldregridmod_b_or_p_gridtomesh_+0x156)[0x7fba95558af6]
 0 0x000000000072c2b3 ESMCI::LogErr::MsgFoundError()  /work/noaa/da/mpotts/sandbox/pgi_2019_openmpi_O_release_8.4.0/esmf/src/Infrastructure/LogErr/src/ESMCI_LogErr.C:586
 1 0x00000000008844b1 c_esmc_meshcreatenodedistgrid_()  /work/noaa/da/mpotts/sandbox/pgi_2019_openmpi_O_release_8.4.0/esmf/src/Infrastructure/Mesh/interface/ESMCI_Mesh_F.C:248
 2 0x0000000000f95f5c esmf_meshmod_esmf_meshcreatefrompointer_()  /work/noaa/da/mpotts/sandbox/pgi_2019_openmpi_O_release_8.4.0/esmf/src/Infrastructure/Mesh/interface/ESMF_Mesh.F90:3091
 3 0x0000000000e77722 esmf_gridutilmod_esmf_gridtomesh_()  /work/noaa/da/mpotts/sandbox/pgi_2019_openmpi_O_release_8.4.0/esmf/src/Infrastructure/GridUtil/interface/ESMF_GridUtil.F90:453
 4 0x0000000000d9baf6 esmf_fieldregridmod_b_or_p_gridtomesh_()  /work/noaa/da/mpotts/sandbox/pgi_2019_openmpi_O_release_8.4.0/esmf/src/Infrastructure/Field/src/ESMF_FieldRegrid.F90:3228
 5 0x0000000000d99004 esmf_fieldregridmod_getmeshwithnodesonfieldloc_()  /work/noaa/da/mpotts/sandbox/pgi_2019_openmpi_O_release_8.4.0/esmf/src/Infrastructure/Field/src/ESMF_FieldRegrid.F90:1346
 6 0x0000000000d97563 esmf_fieldregridmod_esmf_fieldregridstorenx_()  /work/noaa/da/mpotts/sandbox/pgi_2019_openmpi_O_release_8.4.0/esmf/src/Infrastructure/Field/src/ESMF_FieldRegrid.F90:971
 7 0x0000000001227a17 nuopc_connector_fieldbundlecplstore_()  /work/noaa/da/mpotts/sandbox/pgi_2019_openmpi_O_release_8.4.0/esmf/src/addon/NUOPC/src/NUOPC_Connector.F90:7919
 8 0x000000000120ee74 nuopc_connector_initializeipdv05p6b_()  /work/noaa/da/mpotts/sandbox/pgi_2019_openmpi_O_release_8.4.0/esmf/src/addon/NUOPC/src/NUOPC_Connector.F90:5386
 9 0x0000000000650f57 ESMCI::FTable::callVFuncPtr()  /work/noaa/da/mpotts/sandbox/pgi_2019_openmpi_O_release_8.4.0/esmf/src/Superstructure/Component/src/ESMCI_FTable.C:2167
10 0x000000000064f15a ESMCI_FTableCallEntryPointVMHop()  /work/noaa/da/mpotts/sandbox/pgi_2019_openmpi_O_release_8.4.0/esmf/src/Superstructure/Component/src/ESMCI_FTable.C:824
11 0x0000000000a36458 ESMCI::VM::enter()  /work/noaa/da/mpotts/sandbox/pgi_2019_openmpi_O_release_8.4.0/esmf/src/Infrastructure/VM/src/ESMCI_VM.C:1216
12 0x000000000064f537 c_esmc_ftablecallentrypointvm_()  /work/noaa/da/mpotts/sandbox/pgi_2019_openmpi_O_release_8.4.0/esmf/src/Superstructure/Component/src/ESMCI_FTable.C:981
13 0x0000000000c0994d esmf_compmod_esmf_compexecute_()  /work/noaa/da/mpotts/sandbox/pgi_2019_openmpi_O_release_8.4.0/esmf/src/Superstructure/Component/src/ESMF_Comp.F90:1223
14 0x0000000000c1a1f1 esmf_cplcompmod_esmf_cplcompinitialize_()  /work/noaa/da/mpotts/sandbox/pgi_2019_openmpi_O_release_8.4.0/esmf/src/Superstructure/Component/src/ESMF_CplComp.F90:1165
15 0x00000000012475a4 nuopc_driver_loopconnectorcompss_()  /work/noaa/da/mpotts/sandbox/pgi_2019_openmpi_O_release_8.4.0/esmf/src/addon/NUOPC/src/NUOPC_Driver.F90:2869
16 0x000000000123eac1 nuopc_driver_initializeipdv02p3_()  /work/noaa/da/mpotts/sandbox/pgi_2019_openmpi_O_release_8.4.0/esmf/src/addon/NUOPC/src/NUOPC_Driver.F90:2020
17 0x000000000122e5ea nuopc_driver_initializegeneric_()  /work/noaa/da/mpotts/sandbox/pgi_2019_openmpi_O_release_8.4.0/esmf/src/addon/NUOPC/src/NUOPC_Driver.F90:479
18 0x0000000000650f57 ESMCI::FTable::callVFuncPtr()  /work/noaa/da/mpotts/sandbox/pgi_2019_openmpi_O_release_8.4.0/esmf/src/Superstructure/Component/src/ESMCI_FTable.C:2167
19 0x000000000064f15a ESMCI_FTableCallEntryPointVMHop()  /work/noaa/da/mpotts/sandbox/pgi_2019_openmpi_O_release_8.4.0/esmf/src/Superstructure/Component/src/ESMCI_FTable.C:824
20 0x0000000000a36458 ESMCI::VM::enter()  /work/noaa/da/mpotts/sandbox/pgi_2019_openmpi_O_release_8.4.0/esmf/src/Infrastructure/VM/src/ESMCI_VM.C:1216
21 0x000000000064f537 c_esmc_ftablecallentrypointvm_()  /work/noaa/da/mpotts/sandbox/pgi_2019_openmpi_O_release_8.4.0/esmf/src/Superstructure/Component/src/ESMCI_FTable.C:981
22 0x0000000000c0994d esmf_compmod_esmf_compexecute_()  /work/noaa/da/mpotts/sandbox/pgi_2019_openmpi_O_release_8.4.0/esmf/src/Superstructure/Component/src/ESMF_Comp.F90:1223
23 0x0000000000ddd9a1 esmf_gridcompmod_esmf_gridcompinitialize_()  /work/noaa/da/mpotts/sandbox/pgi_2019_openmpi_O_release_8.4.0/esmf/src/Superstructure/Component/src/ESMF_GridComp.F90:1412
24 0x000000000040670d MAIN_()  /work/noaa/da/mpotts/sandbox/pgi_2019_openmpi_O_release_8.4.0/nuopc-app-prototypes/NestingTelescopeMultipleProto/mainApp.F90:71
25 0x0000000000406323 main()  ???:0
26 0x0000000000022495 __libc_start_main()  ???:0
27 0x0000000000406229 _start()  ???:0
=================================
[Orion-02-13:190763] [ 6] /work/noaa/da/mpotts/sandbox/pgi_2019_openmpi_O_release_8.4.0/esmf/DEFAULTINSTALLDIR/lib/libO/Linux.pgi.64.openmpi.default/libesmf.so(esmf_fieldregridmod_getmeshwithnodesonfieldloc_+0x394)[0x7fba95556004]
[Orion-02-13:190765] *** Process received signal ***
[Orion-02-13:190765] Signal: Segmentation fault (11)
[Orion-02-13:190765] Signal code:  (-6)
[Orion-02-13:190765] Failing at address: 0x20e50002e92d
[Orion-02-13:190765] [ 0] /lib64/libpthread.so.0(+0xf5d0)[0x7f96de2985d0]
[Orion-02-13:190763] [ 7] /work/noaa/da/mpotts/sandbox/pgi_2019_openmpi_O_release_8.4.0/esmf/DEFAULTINSTALLDIR/lib/libO/Linux.pgi.64.openmpi.default/libesmf.so(esmf_fieldregridmod_esmf_fieldregridstorenx_+0x9c3)[0x7fba95554563]
[Orion-02-13:190765] [ 1] /work/noaa/da/mpotts/sandbox/pgi_2019_openmpi_O_release_8.4.0/esmf/DEFAULTINSTALLDIR/lib/libO/Linux.pgi.64.openmpi.default/libesmf.so(_ZN5ESMCI6LogErr13MsgFoundErrorEiPKciS2_S2_Pi+0x33)[0x7f96dca3c2b3]
[Orion-02-13:190763] [ 8] /work/noaa/da/mpotts/sandbox/pgi_2019_openmpi_O_release_8.4.0/esmf/DEFAULTINSTALLDIR/lib/libO/Linux.pgi.64.openmpi.default/libesmf.so(nuopc_connector_fieldbundlecplstore_+0xbc87)[0x7fba959e4a17]
[Orion-02-13:190763] [ 9] /work/noaa/da/mpotts/sandbox/pgi_2019_openmpi_O_release_8.4.0/esmf/DEFAULTINSTALLDIR/lib/libO/Linux.pgi.64.openmpi.default/libesmf.so(nuopc_connector_initializeipdv05p6b_+0x4f74)[0x7fba959cbe74]
[Orion-02-13:190765] [ 2] /work/noaa/da/mpotts/sandbox/pgi_2019_openmpi_O_release_8.4.0/esmf/DEFAULTINSTALLDIR/lib/libO/Linux.pgi.64.openmpi.default/libesmf.so(c_esmc_meshcreatenodedistgrid_+0xa1)[0x7f96dcb944b1]
[Orion-02-13:190763] [10] /work/noaa/da/mpotts/sandbox/pgi_2019_openmpi_O_release_8.4.0/esmf/DEFAULTINSTALLDIR/lib/libO/Linux.pgi.64.openmpi.default/libesmf.so(_ZN5ESMCI6FTable12callVFuncPtrEPKcPNS_2VMEPi+0x417)[0x7fba94e0df57]
[Orion-02-13:190765] [ 3] /work/noaa/da/mpotts/sandbox/pgi_2019_openmpi_O_release_8.4.0/esmf/DEFAULTINSTALLDIR/lib/libO/Linux.pgi.64.openmpi.default/libesmf.so(esmf_meshmod_esmf_meshcreatefrompointer_+0x4c)[0x7f96dd2a5f5c]
[Orion-02-13:190763] [11] /work/noaa/da/mpotts/sandbox/pgi_2019_openmpi_O_release_8.4.0/esmf/DEFAULTINSTALLDIR/lib/libO/Linux.pgi.64.openmpi.default/libesmf.so(ESMCI_FTableCallEntryPointVMHop+0x1ea)[0x7fba94e0c15a]
[Orion-02-13:190765] [ 4] /work/noaa/da/mpotts/sandbox/pgi_2019_openmpi_O_release_8.4.0/esmf/DEFAULTINSTALLDIR/lib/libO/Linux.pgi.64.openmpi.default/libesmf.so(esmf_gridutilmod_esmf_gridtomesh_+0x352)[0x7f96dd187722]
[Orion-02-13:190763] [12] /work/noaa/da/mpotts/sandbox/pgi_2019_openmpi_O_release_8.4.0/esmf/DEFAULTINSTALLDIR/lib/libO/Linux.pgi.64.openmpi.default/libesmf.so(_ZN5ESMCI2VM5enterEPNS_6VMPlanEPvS3_+0x18)[0x7fba951f3458]
[Orion-02-13:190763] [13] /work/noaa/da/mpotts/sandbox/pgi_2019_openmpi_O_release_8.4.0/esmf/DEFAULTINSTALLDIR/lib/libO/Linux.pgi.64.openmpi.default/libesmf.so(c_esmc_ftablecallentrypointvm_+0x337)[0x7fba94e0c537]
[Orion-02-13:190765] [ 5] /work/noaa/da/mpotts/sandbox/pgi_2019_openmpi_O_release_8.4.0/esmf/DEFAULTINSTALLDIR/lib/libO/Linux.pgi.64.openmpi.default/libesmf.so(esmf_fieldregridmod_b_or_p_gridtomesh_+0x156)[0x7f96dd0abaf6]
[Orion-02-13:190763] [14] /work/noaa/da/mpotts/sandbox/pgi_2019_openmpi_O_release_8.4.0/esmf/DEFAULTINSTALLDIR/lib/libO/Linux.pgi.64.openmpi.default/libesmf.so(esmf_compmod_esmf_compexecute_+0x7ed)[0x7fba953c694d]
[Orion-02-13:190765] [ 6] /work/noaa/da/mpotts/sandbox/pgi_2019_openmpi_O_release_8.4.0/esmf/DEFAULTINSTALLDIR/lib/libO/Linux.pgi.64.openmpi.default/libesmf.so(esmf_fieldregridmod_getmeshwithnodesonfieldloc_+0x394)[0x7f96dd0a9004]
[Orion-02-13:190763] [15] /work/noaa/da/mpotts/sandbox/pgi_2019_openmpi_O_release_8.4.0/esmf/DEFAULTINSTALLDIR/lib/libO/Linux.pgi.64.openmpi.default/libesmf.so(esmf_cplcompmod_esmf_cplcompinitialize_+0x161)[0x7fba953d71f1]
[Orion-02-13:190765] [ 7] /work/noaa/da/mpotts/sandbox/pgi_2019_openmpi_O_release_8.4.0/esmf/DEFAULTINSTALLDIR/lib/libO/Linux.pgi.64.openmpi.default/libesmf.so(esmf_fieldregridmod_esmf_fieldregridstorenx_+0x9c3)[0x7f96dd0a7563]
[Orion-02-13:190763] [16] /work/noaa/da/mpotts/sandbox/pgi_2019_openmpi_O_release_8.4.0/esmf/DEFAULTINSTALLDIR/lib/libO/Linux.pgi.64.openmpi.default/libesmf.so(nuopc_driver_loopconnectorcompss_+0xeb4)[0x7fba95a045a4]
[Orion-02-13:190765] [ 8] /work/noaa/da/mpotts/sandbox/pgi_2019_openmpi_O_release_8.4.0/esmf/DEFAULTINSTALLDIR/lib/libO/Linux.pgi.64.openmpi.default/libesmf.so(nuopc_connector_fieldbundlecplstore_+0xbc87)[0x7f96dd537a17]
[Orion-02-13:190763] [17] /work/noaa/da/mpotts/sandbox/pgi_2019_openmpi_O_release_8.4.0/esmf/DEFAULTINSTALLDIR/lib/libO/Linux.pgi.64.openmpi.default/libesmf.so(nuopc_driver_initializeipdv02p3_+0x20f1)[0x7fba959fbac1]
[Orion-02-13:190765] [ 9] /work/noaa/da/mpotts/sandbox/pgi_2019_openmpi_O_release_8.4.0/esmf/DEFAULTINSTALLDIR/lib/libO/Linux.pgi.64.openmpi.default/libesmf.so(nuopc_connector_initializeipdv05p6b_+0x4f74)[0x7f96dd51ee74]
[Orion-02-13:190765] [10] /work/noaa/da/mpotts/sandbox/pgi_2019_openmpi_O_release_8.4.0/esmf/DEFAULTINSTALLDIR/lib/libO/Linux.pgi.64.openmpi.default/libesmf.so(_ZN5ESMCI6FTable12callVFuncPtrEPKcPNS_2VMEPi+0x417)[0x7f96dc960f57]
[Orion-02-13:190763] [18] /work/noaa/da/mpotts/sandbox/pgi_2019_openmpi_O_release_8.4.0/esmf/DEFAULTINSTALLDIR/lib/libO/Linux.pgi.64.openmpi.default/libesmf.so(nuopc_driver_initializegeneric_+0x62a)[0x7fba959eb5ea]
[Orion-02-13:190765] [11] /work/noaa/da/mpotts/sandbox/pgi_2019_openmpi_O_release_8.4.0/esmf/DEFAULTINSTALLDIR/lib/libO/Linux.pgi.64.openmpi.default/libesmf.so(ESMCI_FTableCallEntryPointVMHop+0x1ea)[0x7f96dc95f15a]
[Orion-02-13:190763] [19] /work/noaa/da/mpotts/sandbox/pgi_2019_openmpi_O_release_8.4.0/esmf/DEFAULTINSTALLDIR/lib/libO/Linux.pgi.64.openmpi.default/libesmf.so(_ZN5ESMCI6FTable12callVFuncPtrEPKcPNS_2VMEPi+0x417)[0x7fba94e0df57]
[Orion-02-13:190763] [20] /work/noaa/da/mpotts/sandbox/pgi_2019_openmpi_O_release_8.4.0/esmf/DEFAULTINSTALLDIR/lib/libO/Linux.pgi.64.openmpi.default/libesmf.so(ESMCI_FTableCallEntryPointVMHop+0x1ea)[0x7fba94e0c15a]
[Orion-02-13:190765] [12] /work/noaa/da/mpotts/sandbox/pgi_2019_openmpi_O_release_8.4.0/esmf/DEFAULTINSTALLDIR/lib/libO/Linux.pgi.64.openmpi.default/libesmf.so(_ZN5ESMCI2VM5enterEPNS_6VMPlanEPvS3_+0x18)[0x7f96dcd46458]
[Orion-02-13:190765] [13] /work/noaa/da/mpotts/sandbox/pgi_2019_openmpi_O_release_8.4.0/esmf/DEFAULTINSTALLDIR/lib/libO/Linux.pgi.64.openmpi.default/libesmf.so(c_esmc_ftablecallentrypointvm_+0x337)[0x7f96dc95f537]
[Orion-02-13:190763] [21] /work/noaa/da/mpotts/sandbox/pgi_2019_openmpi_O_release_8.4.0/esmf/DEFAULTINSTALLDIR/lib/libO/Linux.pgi.64.openmpi.default/libesmf.so(_ZN5ESMCI2VM5enterEPNS_6VMPlanEPvS3_+0x18)[0x7fba951f3458]
[Orion-02-13:190763] [22] /work/noaa/da/mpotts/sandbox/pgi_2019_openmpi_O_release_8.4.0/esmf/DEFAULTINSTALLDIR/lib/libO/Linux.pgi.64.openmpi.default/libesmf.so(c_esmc_ftablecallentrypointvm_+0x337)[0x7fba94e0c537]
[Orion-02-13:190765] [14] /work/noaa/da/mpotts/sandbox/pgi_2019_openmpi_O_release_8.4.0/esmf/DEFAULTINSTALLDIR/lib/libO/Linux.pgi.64.openmpi.default/libesmf.so(esmf_compmod_esmf_compexecute_+0x7ed)[0x7f96dcf1994d]
[Orion-02-13:190763] [23] /work/noaa/da/mpotts/sandbox/pgi_2019_openmpi_O_release_8.4.0/esmf/DEFAULTINSTALLDIR/lib/libO/Linux.pgi.64.openmpi.default/libesmf.so(esmf_compmod_esmf_compexecute_+0x7ed)[0x7fba953c694d]
[Orion-02-13:190765] [15] /work/noaa/da/mpotts/sandbox/pgi_2019_openmpi_O_release_8.4.0/esmf/DEFAULTINSTALLDIR/lib/libO/Linux.pgi.64.openmpi.default/libesmf.so(esmf_cplcompmod_esmf_cplcompinitialize_+0x161)[0x7f96dcf2a1f1]
[Orion-02-13:190763] [24] /work/noaa/da/mpotts/sandbox/pgi_2019_openmpi_O_release_8.4.0/esmf/DEFAULTINSTALLDIR/lib/libO/Linux.pgi.64.openmpi.default/libesmf.so(esmf_gridcompmod_esmf_gridcompinitialize_+0x161)[0x7fba9559a9a1]
[Orion-02-13:190763] [25] /work/noaa/da/mpotts/sandbox/pgi_2019_openmpi_O_release_8.4.0/nuopc-app-prototypes/NestingTelescopeMultipleProto/./mainApp[0x40670d]
[Orion-02-13:190763] [26] /work/noaa/da/mpotts/sandbox/pgi_2019_openmpi_O_release_8.4.0/nuopc-app-prototypes/NestingTelescopeMultipleProto/./mainApp[0x406323]
[Orion-02-13:190765] [16] /work/noaa/da/mpotts/sandbox/pgi_2019_openmpi_O_release_8.4.0/esmf/DEFAULTINSTALLDIR/lib/libO/Linux.pgi.64.openmpi.default/libesmf.so(nuopc_driver_loopconnectorcompss_+0xeb4)[0x7f96dd5575a4]
[Orion-02-13:190763] [27] /lib64/libc.so.6(__libc_start_main+0xf5)[0x7fba90c0a495]
[Orion-02-13:190763] [28] /work/noaa/da/mpotts/sandbox/pgi_2019_openmpi_O_release_8.4.0/nuopc-app-prototypes/NestingTelescopeMultipleProto/./mainApp[0x406229]
[Orion-02-13:190763] *** End of error message ***
[Orion-02-13:190765] [17] /work/noaa/da/mpotts/sandbox/pgi_2019_openmpi_O_release_8.4.0/esmf/DEFAULTINSTALLDIR/lib/libO/Linux.pgi.64.openmpi.default/libesmf.so(nuopc_driver_initializeipdv02p3_+0x20f1)[0x7f96dd54eac1]
[Orion-02-13:190765] [18] /work/noaa/da/mpotts/sandbox/pgi_2019_openmpi_O_release_8.4.0/esmf/DEFAULTINSTALLDIR/lib/libO/Linux.pgi.64.openmpi.default/libesmf.so(nuopc_driver_initializegeneric_+0x62a)[0x7f96dd53e5ea]
[Orion-02-13:190765] [19] /work/noaa/da/mpotts/sandbox/pgi_2019_openmpi_O_release_8.4.0/esmf/DEFAULTINSTALLDIR/lib/libO/Linux.pgi.64.openmpi.default/libesmf.so(_ZN5ESMCI6FTable12callVFuncPtrEPKcPNS_2VMEPi+0x417)[0x7f96dc960f57]
[Orion-02-13:190765] [20] /work/noaa/da/mpotts/sandbox/pgi_2019_openmpi_O_release_8.4.0/esmf/DEFAULTINSTALLDIR/lib/libO/Linux.pgi.64.openmpi.default/libesmf.so(ESMCI_FTableCallEntryPointVMHop+0x1ea)[0x7f96dc95f15a]
[Orion-02-13:190765] [21] /work/noaa/da/mpotts/sandbox/pgi_2019_openmpi_O_release_8.4.0/esmf/DEFAULTINSTALLDIR/lib/libO/Linux.pgi.64.openmpi.default/libesmf.so(_ZN5ESMCI2VM5enterEPNS_6VMPlanEPvS3_+0x18)[0x7f96dcd46458]
[Orion-02-13:190765] [22] /work/noaa/da/mpotts/sandbox/pgi_2019_openmpi_O_release_8.4.0/esmf/DEFAULTINSTALLDIR/lib/libO/Linux.pgi.64.openmpi.default/libesmf.so(c_esmc_ftablecallentrypointvm_+0x337)[0x7f96dc95f537]
[Orion-02-13:190765] [23] /work/noaa/da/mpotts/sandbox/pgi_2019_openmpi_O_release_8.4.0/esmf/DEFAULTINSTALLDIR/lib/libO/Linux.pgi.64.openmpi.default/libesmf.so(esmf_compmod_esmf_compexecute_+0x7ed)[0x7f96dcf1994d]
[Orion-02-13:190765] [24] /work/noaa/da/mpotts/sandbox/pgi_2019_openmpi_O_release_8.4.0/esmf/DEFAULTINSTALLDIR/lib/libO/Linux.pgi.64.openmpi.default/libesmf.so(esmf_gridcompmod_esmf_gridcompinitialize_+0x161)[0x7f96dd0ed9a1]
[Orion-02-13:190765] [25] /work/noaa/da/mpotts/sandbox/pgi_2019_openmpi_O_release_8.4.0/nuopc-app-prototypes/NestingTelescopeMultipleProto/./mainApp[0x40670d]
[Orion-02-13:190765] [26] /work/noaa/da/mpotts/sandbox/pgi_2019_openmpi_O_release_8.4.0/nuopc-app-prototypes/NestingTelescopeMultipleProto/./mainApp[0x406323]
[Orion-02-13:190765] [27] /lib64/libc.so.6(__libc_start_main+0xf5)[0x7f96d875d495]
[Orion-02-13:190765] [28] /work/noaa/da/mpotts/sandbox/pgi_2019_openmpi_O_release_8.4.0/nuopc-app-prototypes/NestingTelescopeMultipleProto/./mainApp[0x406229]
[Orion-02-13:190765] *** End of error message ***
srun: error: Orion-02-13: tasks 0-3: Segmentation fault
srun: launch/slurm: _step_signal: Terminating StepId=7233720.387
