2022-10-02 01:26:13
20221002 021154.075 INFO             PET0 !!!!!!!!!!!!!!!!!!!!!!!!!!!!!!!!!!!!!!!!!!!!!!!!!!!!!!
20221002 021154.075 INFO             PET0 !!! THE ESMF_LOG IS SET TO OUTPUT ALL LOG MESSAGES !!!
20221002 021154.075 INFO             PET0 !!!     THIS MAY CAUSE SLOWDOWN IN PERFORMANCE     !!!
20221002 021154.075 INFO             PET0 !!! FOR PRODUCTION RUNS, USE:                      !!!
20221002 021154.075 INFO             PET0 !!!                   ESMF_LOGKIND_Multi_On_Error  !!!
20221002 021154.075 INFO             PET0 !!!!!!!!!!!!!!!!!!!!!!!!!!!!!!!!!!!!!!!!!!!!!!!!!!!!!!
20221002 021154.075 INFO             PET0 Running with ESMF Version   : v8.4.0b15-11-gadaf469be0
20221002 021154.075 INFO             PET0 ESMF library build date/time: "Oct  2 2022" "01:23:30"
20221002 021154.075 INFO             PET0 ESMF library build location : /discover/nobackup/projects/sbu/mpotts/esmf-test/intel_19.1.3_intelmpi_g_update_pio2.5.9/esmf
20221002 021154.075 INFO             PET0 ESMF_COMM                   : intelmpi
20221002 021154.075 INFO             PET0 ESMF_MOAB                   : enabled
20221002 021154.075 INFO             PET0 ESMF_LAPACK                 : enabled
20221002 021154.075 INFO             PET0 ESMF_NETCDF                 : enabled
20221002 021154.075 INFO             PET0 ESMF_PNETCDF                : disabled
20221002 021154.075 INFO             PET0 ESMF_PIO                    : enabled
20221002 021154.075 INFO             PET0 ESMF_YAMLCPP                : enabled
20221002 021154.076 INFO             PET0 mainApp STARTING
20221002 021154.082 INFO             PET0 driver: InitializeGeneric intro.
20221002 021154.082 INFO             PET0   driver: InitializeP0 intro.
20221002 021154.082 INFO             PET0   driver: InitializeP0 extro.
20221002 021154.082 INFO             PET0   driver: InitializeIPDv02p1 intro.
20221002 021154.082 INFO             PET0     >>>driver: entered Initialize (phase=<none>) without valid internal Clock.
20221002 021154.084 INFO             PET0     driver - Creating model component MODEL without petList.
20221002 021154.084 DEBUG            PET0     Generic SetVM() is executing for: MODEL
20221002 021154.084 DEBUG            PET0     Generic SetVM() is calling ESMF_GridCompSetVMMaxPEs() for: MODEL with:
20221002 021154.084 DEBUG            PET0      -             MaxCount =          2
20221002 021154.084 DEBUG            PET0      -       OpenMpHandling =
20221002 021154.084 DEBUG            PET0      -     OpenMpNumThreads =         -1
20221002 021154.084 DEBUG            PET0      -   ForceChildPthreads =          F
20221002 021154.084 DEBUG            PET0      -  PthreadMinStackSize =         -1
20221002 021154.089 INFO             PET0      GridCompIsPetLocal:  T
20221002 021154.089 INFO             PET0      VmIsCreated:  T
20221002 021154.089 INFO             PET0      valid MPI_COMM with size=           2
20221002 021154.089 INFO             PET0     driver - Creating state: modelComp 1 Import State
20221002 021154.089 INFO             PET0     driver - Creating state: modelComp 1 Export State
20221002 021154.090 INFO             PET0     MODEL: InitializeP0 intro.
20221002 021154.090 INFO             PET0       >>>MODEL: entered Initialize (phase=<none>) without valid internal Clock.
20221002 021154.092 INFO             PET0       <<<MODEL: leaving Initialize (phase=<none>) without valid internal Clock.
20221002 021154.092 INFO             PET0     MODEL: InitializeP0 extro.
20221002 021154.095 INFO             PET0     driver: IInitAdvertise intro.
20221002 021154.095 INFO             PET0     driver: IInitAdvertise extro.
20221002 021154.095 INFO             PET0     MODEL: InitializeIPDvXp01 intro.
20221002 021154.095 INFO             PET0       >>>MODEL: entered Initialize (phase=IPDvXp01) without valid internal Clock.
20221002 021154.098 INFO             PET0       <<<MODEL: leaving Initialize (phase=IPDvXp01) without valid internal Clock.
20221002 021154.098 INFO             PET0     MODEL: InitializeIPDvXp01 extro.
20221002 021154.099 INFO             PET0     driver: IInitAdvertiseFinish intro.
20221002 021154.099 INFO             PET0     driver: IInitAdvertiseFinish extro.
20221002 021154.099 INFO             PET0     driver: IInitModifyCplLists intro.
20221002 021154.100 INFO             PET0     driver: IInitModifyCplLists extro.
20221002 021154.100 INFO             PET0     <<<driver: leaving Initialize (phase=<none>) with current time:    0  1  1  0  0  0   0
20221002 021154.100 INFO             PET0   driver: InitializeIPDv02p1 extro.
20221002 021154.100 INFO             PET0   driver: InitializeIPDv02p3 intro.
20221002 021154.100 INFO             PET0     >>>driver: entered Initialize (phase=<none>) with current time:    0  1  1  0  0  0   0
20221002 021154.100 INFO             PET0     driver: IInitCheck intro.
20221002 021154.100 INFO             PET0     driver: IInitCheck extro.
20221002 021154.101 INFO             PET0     MODEL: InitializeIPDvXp04 intro.
20221002 021154.101 INFO             PET0       >>>MODEL: entered Initialize (phase=IPDvXp04) without valid internal Clock.
20221002 021154.106 INFO             PET0       After Realize: - MemInfo: [/proc/meminfo - SSI]	MemTotal:       131394444 kB
20221002 021154.106 INFO             PET0       After Realize: - MemInfo: [/proc/meminfo - SSI]	MemFree:        125717476 kB
20221002 021154.106 INFO             PET0       After Realize: - MemInfo: [/proc/meminfo - SSI]	MemAvailable:   125402972 kB
20221002 021154.106 INFO             PET0       After Realize: - MemInfo: [/proc/meminfo - SSI]	Committed_AS:    4088736 kB
20221002 021154.106 INFO             PET0       After Realize: - MemInfo: [/proc/meminfo - SSI]	CommittedPercent: 3.1118 %
20221002 021154.106 INFO             PET0       After Realize: - MemInfo: [/proc/self/status]	VmPeak:	 3994384 kB
20221002 021154.106 INFO             PET0       After Realize: - MemInfo: [/proc/self/status]	VmSize:	 3928852 kB
20221002 021154.106 INFO             PET0       After Realize: - MemInfo: [/proc/self/status]	VmLck:	       0 kB
20221002 021154.106 INFO             PET0       After Realize: - MemInfo: [/proc/self/status]	VmPin:	   82140 kB
20221002 021154.106 INFO             PET0       After Realize: - MemInfo: [/proc/self/status]	VmHWM:	  168364 kB
20221002 021154.106 INFO             PET0       After Realize: - MemInfo: [/proc/self/status]	VmRSS:	  168364 kB
20221002 021154.106 INFO             PET0       After Realize: - MemInfo: [/proc/self/status]	VmData:	  343120 kB
20221002 021154.106 INFO             PET0       After Realize: - MemInfo: [/proc/self/status]	VmStk:	     508 kB
20221002 021154.106 INFO             PET0       After Realize: - MemInfo: [/proc/self/status]	VmExe:	    1652 kB
20221002 021154.106 INFO             PET0       After Realize: - MemInfo: [/proc/self/status]	VmLib:	  158472 kB
20221002 021154.106 INFO             PET0       After Realize: - MemInfo: [/proc/self/status]	VmPTE:	     820 kB
20221002 021154.106 INFO             PET0       After Realize: - MemInfo: [/proc/self/status]	VmPMD:	      32 kB
20221002 021154.106 INFO             PET0       After Realize: - MemInfo: [/proc/self/status]	VmSwap:	       0 kB
20221002 021154.106 INFO             PET0       After Realize: - MemInfo: [/proc/self/status]	VmRSSPercent: 0.128136 %
20221002 021154.107 INFO             PET0       After Realize: - MemInfo: [malloc] Non-mmapped space allocated:                 2502656 Byte
20221002 021154.107 INFO             PET0       After Realize: - MemInfo: [malloc] Space allocated in mmapped regions:         87179264 Byte
20221002 021154.107 INFO             PET0       After Realize: - MemInfo: [malloc] Maximum total allocated space:                     0 Byte
20221002 021154.107 INFO             PET0       After Realize: - MemInfo: [malloc] Space in freed fastbin blocks:                  1072 Byte
20221002 021154.107 INFO             PET0       After Realize: - MemInfo: [malloc] Total allocated space:                       2210864 Byte
20221002 021154.107 INFO             PET0       After Realize: - MemInfo: [malloc] Total free space:                             291792 Byte
20221002 021154.107 INFO             PET0       After Realize: - MemInfo: [malloc] Top-most, releasable space:                    26368 Byte
20221002 021154.107 INFO             PET0       After Realize: - MemInfo: [malloc] Total space in use, mmap + non-mmap:        89390128 Byte
20221002 021154.107 INFO             PET0       After Realize: - MemInfo: [malloc] Total space held (mmap + non-mmap):         89681920 Byte
20221002 021154.107 INFO             PET0       After Realize: - MemInfo: [malloc] Total space used (mmap + non-mmap):         89399488 Byte
20221002 021154.107 INFO             PET0       After Realize: - MemInfo: Wall-clock time since execution start:              0.0401368 seconds
20221002 021154.107 INFO             PET0       <<<MODEL: leaving Initialize (phase=IPDvXp04) without valid internal Clock.
20221002 021154.107 INFO             PET0     MODEL: InitializeIPDvXp04 extro.
20221002 021154.108 INFO             PET0     driver: IInitRealize intro.
20221002 021154.108 INFO             PET0     driver: IInitRealize extro.
20221002 021154.109 INFO             PET0     MODEL: InitializeIPDvXp07 intro.
20221002 021154.109 INFO             PET0       >>>MODEL: entered Initialize (phase=IPDvXp07) without valid internal Clock.
20221002 021154.109 INFO             PET0       <<<MODEL: leaving Initialize (phase=IPDvXp07) with current time:    0  1  1  0  0  0   0
20221002 021154.109 INFO             PET0     MODEL: InitializeIPDvXp07 extro.
20221002 021154.110 INFO             PET0     <<<driver: leaving Initialize (phase=<none>) with current time:    0  1  1  0  0  0   0
20221002 021154.110 INFO             PET0   driver: InitializeIPDv02p3 extro.
20221002 021154.110 INFO             PET0   driver: InitializeIPDv02p5 intro.
20221002 021154.110 INFO             PET0     >>>driver: entered Initialize (phase=<none>) with current time:    0  1  1  0  0  0   0
20221002 021154.110 INFO             PET0     driver: this is a top level driver, no 'Updated' and 'InitializeDataComplete' info on this level.
20221002 021154.110 INFO             PET0     driver: InitializeIPDv02p5Data intro.
20221002 021154.110 INFO             PET0       driver: InternalInitializeComplete intro.
20221002 021154.111 INFO             PET0         driver: InitializeDataComplete='true'
20221002 021154.111 INFO             PET0       driver: InternalInitializeComplete extro.
20221002 021154.111 INFO             PET0       MODEL: InitializeIPDvXp08 intro.
20221002 021154.111 INFO             PET0         >>>MODEL: entered Initialize (phase=IPDv05p8) with current time:    0  1  1  0  0  0   0
20221002 021154.111 INFO             PET0         MODEL: InitializeDataProgress='false', InitializeDataComplete='false'
20221002 021154.112 INFO             PET0         <<<MODEL: leaving Initialize (phase=IPDv05p8) with current time:    0  1  1  0  0  0   0
20221002 021154.112 INFO             PET0       MODEL: InitializeIPDvXp08 extro.
20221002 021154.114 INFO             PET0       driver: components present that trigger loopDataDependentInitialize().
20221002 021154.114 INFO             PET0       driver: loopDataDependentInitialize intro.
20221002 021154.114 INFO             PET0         driver: component    0=driver, dataComplete (local): true
20221002 021154.114 INFO             PET0         driver: component    0=driver, dataComplete (global):  T
20221002 021154.114 INFO             PET0         driver: component    1=MODEL, dataComplete (local): false
20221002 021154.114 INFO             PET0         driver: component    1=MODEL, dataComplete (global):  F
20221002 021154.114 INFO             PET0         MODEL: InitializeIPDvXp08 intro.
20221002 021154.115 INFO             PET0           >>>MODEL: entered Initialize (phase=IPDv05p8) with current time:    0  1  1  0  0  0   0
20221002 021154.115 INFO             PET0           MODEL: InitializeDataProgress='true', InitializeDataComplete='true'
20221002 021154.115 INFO             PET0           <<<MODEL: leaving Initialize (phase=IPDv05p8) with current time:    0  1  1  0  0  0   0
20221002 021154.115 INFO             PET0         MODEL: InitializeIPDvXp08 extro.
20221002 021154.116 INFO             PET0         driver: component    1=MODEL, someProgress (local): true
20221002 021154.116 INFO             PET0         driver: component    1=MODEL, someProgress (global):  T
20221002 021154.116 INFO             PET0         driver: someProgress= T, allComplete= F, present(dataDepAllComplete)= T
20221002 021154.116 INFO             PET0         driver: component    0=driver, dataComplete (local): true
20221002 021154.116 INFO             PET0         driver: component    0=driver, dataComplete (global):  T
20221002 021154.116 INFO             PET0         driver: component    1=MODEL, dataComplete (local): true
20221002 021154.117 INFO             PET0         driver: component    1=MODEL, dataComplete (global):  T
20221002 021154.117 INFO             PET0         driver: someProgress= F, allComplete= T, present(dataDepAllComplete)= T
20221002 021154.117 INFO             PET0         driver: finished resolving initialize data dependencies on this level.
20221002 021154.117 INFO             PET0       driver: loopDataDependentInitialize extro.
20221002 021154.117 INFO             PET0       driver: loopDataDependentInitialize() returned with dataDepAllComplete:  T
20221002 021154.117 INFO             PET0     driver: InitializeIPDv02p5Data extro.
20221002 021154.117 INFO             PET0     <<<driver: leaving Initialize (phase=<none>) with current time:    0  1  1  0  0  0   0
20221002 021154.117 INFO             PET0   driver: InitializeIPDv02p5 extro.
20221002 021154.117 INFO             PET0 driver: InitializeGeneric extro.
20221002 021154.117 INFO             PET0 driver: Run intro.
20221002 021154.117 INFO             PET0   >>>driver entered Run (phase=RunPhase1) with current time:    0  1  1  0  0  0   0
20221002 021154.117 INFO             PET0   driver: after lable_SetRunClock, current time:    0  1  1  0  0  0   0
20221002 021154.117 INFO             PET0   driver: begin -------> RunSequence.
20221002 021154.117 INFO             PET0     driver: RunSequence event loopLevel=   1  levelMember=   1  loopIteration=   1, current time:    0  1  1  0  0  0   0
20221002 021154.117 INFO             PET0     MODEL: Run intro.
20221002 021154.117 INFO             PET0       >>>MODEL: entered Run (phase=RunPhase1) with current time:    0  1  1  0  0  0   0
20221002 021154.118 INFO             PET0       MODEL: time step-loop starting, current time:    0  1  1  0  0  0   0
20221002 021154.118 INFO             PET0       thread_num=   0   currentSsiPe=   0   num_threads=   2   max_threads=   2   num_procs=   2
20221002 021154.118 INFO             PET0       thread_num=   1   currentSsiPe=   1   num_threads=   2   max_threads=   2   num_procs=   2
20221002 021154.118 INFO             PET0       ---->Advancing Model from:    0  1  1  0  0  0   0
20221002 021154.118 INFO             PET0       ---------------------> to:    0  1  1  0  0 30   0
20221002 021154.118 INFO             PET0       MODEL: time step-loop ending,   current time:    0  1  1  0  0 30   0
20221002 021154.118 INFO             PET0       <<<MODEL: leaving Run (phase=RunPhase1) with current time:    0  1  1  0  0 30   0
20221002 021154.118 INFO             PET0     MODEL: Run extro.
20221002 021154.118 INFO             PET0     driver: RunSequence event loopLevel=   1  levelMember=   1  loopIteration=   2, current time:    0  1  1  0  0 30   0
20221002 021154.118 INFO             PET0     MODEL: Run intro.
20221002 021154.118 INFO             PET0       >>>MODEL: entered Run (phase=RunPhase1) with current time:    0  1  1  0  0 30   0
20221002 021154.118 INFO             PET0       MODEL: time step-loop starting, current time:    0  1  1  0  0 30   0
20221002 021154.118 INFO             PET0       thread_num=   1   currentSsiPe=   1   num_threads=   2   max_threads=   2   num_procs=   2
20221002 021154.118 INFO             PET0       thread_num=   0   currentSsiPe=   0   num_threads=   2   max_threads=   2   num_procs=   2
20221002 021154.118 INFO             PET0       ---->Advancing Model from:    0  1  1  0  0 30   0
20221002 021154.118 INFO             PET0       ---------------------> to:    0  1  1  0  1  0   0
20221002 021154.118 INFO             PET0       MODEL: time step-loop ending,   current time:    0  1  1  0  1  0   0
20221002 021154.119 INFO             PET0       <<<MODEL: leaving Run (phase=RunPhase1) with current time:    0  1  1  0  1  0   0
20221002 021154.119 INFO             PET0     MODEL: Run extro.
20221002 021154.119 INFO             PET0     driver: RunSequence event loopLevel=   1  levelMember=   1  loopIteration=   3, current time:    0  1  1  0  1  0   0
20221002 021154.119 INFO             PET0     MODEL: Run intro.
20221002 021154.119 INFO             PET0       >>>MODEL: entered Run (phase=RunPhase1) with current time:    0  1  1  0  1  0   0
20221002 021154.119 INFO             PET0       MODEL: time step-loop starting, current time:    0  1  1  0  1  0   0
20221002 021154.119 INFO             PET0       thread_num=   1   currentSsiPe=   1   num_threads=   2   max_threads=   2   num_procs=   2
20221002 021154.119 INFO             PET0       thread_num=   0   currentSsiPe=   0   num_threads=   2   max_threads=   2   num_procs=   2
20221002 021154.119 INFO             PET0       ---->Advancing Model from:    0  1  1  0  1  0   0
20221002 021154.119 INFO             PET0       ---------------------> to:    0  1  1  0  1 30   0
20221002 021154.119 INFO             PET0       MODEL: time step-loop ending,   current time:    0  1  1  0  1 30   0
20221002 021154.119 INFO             PET0       <<<MODEL: leaving Run (phase=RunPhase1) with current time:    0  1  1  0  1 30   0
20221002 021154.119 INFO             PET0     MODEL: Run extro.
20221002 021154.119 INFO             PET0     driver: RunSequence event loopLevel=   1  levelMember=   1  loopIteration=   4, current time:    0  1  1  0  1 30   0
20221002 021154.119 INFO             PET0     MODEL: Run intro.
20221002 021154.120 INFO             PET0       >>>MODEL: entered Run (phase=RunPhase1) with current time:    0  1  1  0  1 30   0
20221002 021154.120 INFO             PET0       MODEL: time step-loop starting, current time:    0  1  1  0  1 30   0
20221002 021154.120 INFO             PET0       thread_num=   1   currentSsiPe=   1   num_threads=   2   max_threads=   2   num_procs=   2
20221002 021154.120 INFO             PET0       thread_num=   0   currentSsiPe=   0   num_threads=   2   max_threads=   2   num_procs=   2
20221002 021154.120 INFO             PET0       ---->Advancing Model from:    0  1  1  0  1 30   0
20221002 021154.120 INFO             PET0       ---------------------> to:    0  1  1  0  2  0   0
20221002 021154.120 INFO             PET0       MODEL: time step-loop ending,   current time:    0  1  1  0  2  0   0
20221002 021154.120 INFO             PET0       <<<MODEL: leaving Run (phase=RunPhase1) with current time:    0  1  1  0  2  0   0
20221002 021154.120 INFO             PET0     MODEL: Run extro.
20221002 021154.120 INFO             PET0     driver: RunSequence event loopLevel=   1  levelMember=   1  loopIteration=   5, current time:    0  1  1  0  2  0   0
20221002 021154.120 INFO             PET0     MODEL: Run intro.
20221002 021154.120 INFO             PET0       >>>MODEL: entered Run (phase=RunPhase1) with current time:    0  1  1  0  2  0   0
20221002 021154.120 INFO             PET0       MODEL: time step-loop starting, current time:    0  1  1  0  2  0   0
20221002 021154.120 INFO             PET0       thread_num=   1   currentSsiPe=   1   num_threads=   2   max_threads=   2   num_procs=   2
20221002 021154.120 INFO             PET0       thread_num=   0   currentSsiPe=   0   num_threads=   2   max_threads=   2   num_procs=   2
20221002 021154.121 INFO             PET0       ---->Advancing Model from:    0  1  1  0  2  0   0
20221002 021154.121 INFO             PET0       ---------------------> to:    0  1  1  0  2 30   0
20221002 021154.121 INFO             PET0       MODEL: time step-loop ending,   current time:    0  1  1  0  2 30   0
20221002 021154.121 INFO             PET0       <<<MODEL: leaving Run (phase=RunPhase1) with current time:    0  1  1  0  2 30   0
20221002 021154.121 INFO             PET0     MODEL: Run extro.
20221002 021154.121 INFO             PET0   driver: end <--------- RunSequence
20221002 021154.121 INFO             PET0   <<<driver - leaving Run with current time:    0  1  1  0  2 30   0
20221002 021154.121 INFO             PET0 driver: Run extro.
20221002 021154.121 INFO             PET0 driver: Finalize intro.
20221002 021154.121 INFO             PET0   Calling Finalize phase 1 for modelComp: MODEL
20221002 021154.121 INFO             PET0   MODEL: Finalize intro.
20221002 021154.121 INFO             PET0     >>>MODEL: entered Finalize (phase=FinalizePhase1) with current time:    0  1  1  0  2 30   0
20221002 021154.121 INFO             PET0     <<<MODEL: leaving Finalize (phase=FinalizePhase1) with current time:    0  1  1  0  2 30   0
20221002 021154.121 INFO             PET0   MODEL: Finalize extro.
20221002 021154.121 INFO             PET0   Delete modelComp: MODEL
20221002 021154.121 INFO             PET0   Delete Import-/Export State for modelComp: MODEL
20221002 021154.121 INFO             PET0 driver: Finalize extro.
20221002 021154.121 INFO             PET0 mainApp FINISHED
20221002 021154.121 INFO             PET0 Finalizing ESMF
20221002 021154.075 INFO             PET1 !!!!!!!!!!!!!!!!!!!!!!!!!!!!!!!!!!!!!!!!!!!!!!!!!!!!!!
20221002 021154.075 INFO             PET1 !!! THE ESMF_LOG IS SET TO OUTPUT ALL LOG MESSAGES !!!
20221002 021154.075 INFO             PET1 !!!     THIS MAY CAUSE SLOWDOWN IN PERFORMANCE     !!!
20221002 021154.075 INFO             PET1 !!! FOR PRODUCTION RUNS, USE:                      !!!
20221002 021154.075 INFO             PET1 !!!                   ESMF_LOGKIND_Multi_On_Error  !!!
20221002 021154.075 INFO             PET1 !!!!!!!!!!!!!!!!!!!!!!!!!!!!!!!!!!!!!!!!!!!!!!!!!!!!!!
20221002 021154.075 INFO             PET1 Running with ESMF Version   : v8.4.0b15-11-gadaf469be0
20221002 021154.075 INFO             PET1 ESMF library build date/time: "Oct  2 2022" "01:23:30"
20221002 021154.075 INFO             PET1 ESMF library build location : /discover/nobackup/projects/sbu/mpotts/esmf-test/intel_19.1.3_intelmpi_g_update_pio2.5.9/esmf
20221002 021154.075 INFO             PET1 ESMF_COMM                   : intelmpi
20221002 021154.076 INFO             PET1 ESMF_MOAB                   : enabled
20221002 021154.076 INFO             PET1 ESMF_LAPACK                 : enabled
20221002 021154.076 INFO             PET1 ESMF_NETCDF                 : enabled
20221002 021154.076 INFO             PET1 ESMF_PNETCDF                : disabled
20221002 021154.076 INFO             PET1 ESMF_PIO                    : enabled
20221002 021154.076 INFO             PET1 ESMF_YAMLCPP                : enabled
20221002 021154.076 INFO             PET1 mainApp STARTING
20221002 021154.082 INFO             PET1 driver: InitializeGeneric intro.
20221002 021154.082 INFO             PET1   driver: InitializeP0 intro.
20221002 021154.082 INFO             PET1   driver: InitializeP0 extro.
20221002 021154.082 INFO             PET1   driver: InitializeIPDv02p1 intro.
20221002 021154.082 INFO             PET1     >>>driver: entered Initialize (phase=<none>) without valid internal Clock.
20221002 021154.084 INFO             PET1     driver - Creating model component MODEL without petList.
20221002 021154.084 DEBUG            PET1     Generic SetVM() is executing for: MODEL
20221002 021154.084 DEBUG            PET1     Generic SetVM() is calling ESMF_GridCompSetVMMaxPEs() for: MODEL with:
20221002 021154.084 DEBUG            PET1      -             MaxCount =          2
20221002 021154.084 DEBUG            PET1      -       OpenMpHandling =
20221002 021154.084 DEBUG            PET1      -     OpenMpNumThreads =         -1
20221002 021154.084 DEBUG            PET1      -   ForceChildPthreads =          F
20221002 021154.084 DEBUG            PET1      -  PthreadMinStackSize =         -1
20221002 021154.085 DEBUG            PET1     vmkt_create()#201 Pthread: service=1 (0: actual PET, 1: service thread) - PTHREAD_STACK_MIN: 16384 bytes stack_size: 4194304 bytes
20221002 021154.085 DEBUG            PET1     vmkt_create()#201 Pthread: service=1 (0: actual PET, 1: service thread) - PTHREAD_STACK_MIN: 16384 bytes stack_size: 4194304 bytes
20221002 021154.089 INFO             PET1      GridCompIsPetLocal:  T
20221002 021154.089 INFO             PET1      VmIsCreated:  T
20221002 021154.089 INFO             PET1      MPI_COMM_NULL
20221002 021154.089 INFO             PET1     driver - Creating state: modelComp 1 Import State
20221002 021154.089 INFO             PET1     driver - Creating state: modelComp 1 Export State
20221002 021154.095 INFO             PET1     driver: IInitAdvertise intro.
20221002 021154.095 INFO             PET1     driver: IInitAdvertise extro.
20221002 021154.099 INFO             PET1     driver: IInitAdvertiseFinish intro.
20221002 021154.099 INFO             PET1     driver: IInitAdvertiseFinish extro.
20221002 021154.100 INFO             PET1     driver: IInitModifyCplLists intro.
20221002 021154.100 INFO             PET1     driver: IInitModifyCplLists extro.
20221002 021154.100 INFO             PET1     <<<driver: leaving Initialize (phase=<none>) with current time:    0  1  1  0  0  0   0
20221002 021154.100 INFO             PET1   driver: InitializeIPDv02p1 extro.
20221002 021154.100 INFO             PET1   driver: InitializeIPDv02p3 intro.
20221002 021154.100 INFO             PET1     >>>driver: entered Initialize (phase=<none>) with current time:    0  1  1  0  0  0   0
20221002 021154.100 INFO             PET1     driver: IInitCheck intro.
20221002 021154.100 INFO             PET1     driver: IInitCheck extro.
20221002 021154.108 INFO             PET1     driver: IInitRealize intro.
20221002 021154.108 INFO             PET1     driver: IInitRealize extro.
20221002 021154.110 INFO             PET1     <<<driver: leaving Initialize (phase=<none>) with current time:    0  1  1  0  0  0   0
20221002 021154.110 INFO             PET1   driver: InitializeIPDv02p3 extro.
20221002 021154.110 INFO             PET1   driver: InitializeIPDv02p5 intro.
20221002 021154.110 INFO             PET1     >>>driver: entered Initialize (phase=<none>) with current time:    0  1  1  0  0  0   0
20221002 021154.110 INFO             PET1     driver: this is a top level driver, no 'Updated' and 'InitializeDataComplete' info on this level.
20221002 021154.110 INFO             PET1     driver: InitializeIPDv02p5Data intro.
20221002 021154.111 INFO             PET1       driver: InternalInitializeComplete intro.
20221002 021154.111 INFO             PET1         driver: InitializeDataComplete='true'
20221002 021154.111 INFO             PET1       driver: InternalInitializeComplete extro.
20221002 021154.114 INFO             PET1       driver: components present that trigger loopDataDependentInitialize().
20221002 021154.114 INFO             PET1       driver: loopDataDependentInitialize intro.
20221002 021154.114 INFO             PET1         driver: component    0=driver, dataComplete (local): true
20221002 021154.114 INFO             PET1         driver: component    0=driver, dataComplete (global):  T
20221002 021154.114 INFO             PET1         driver: component    1=MODEL, dataComplete (local): false
20221002 021154.114 INFO             PET1         driver: component    1=MODEL, dataComplete (global):  F
20221002 021154.116 INFO             PET1         driver: component    1=MODEL, someProgress (local): true
20221002 021154.116 INFO             PET1         driver: component    1=MODEL, someProgress (global):  T
20221002 021154.116 INFO             PET1         driver: someProgress= T, allComplete= F, present(dataDepAllComplete)= T
20221002 021154.116 INFO             PET1         driver: component    0=driver, dataComplete (local): true
20221002 021154.116 INFO             PET1         driver: component    0=driver, dataComplete (global):  T
20221002 021154.116 INFO             PET1         driver: component    1=MODEL, dataComplete (local): true
20221002 021154.117 INFO             PET1         driver: component    1=MODEL, dataComplete (global):  T
20221002 021154.117 INFO             PET1         driver: someProgress= F, allComplete= T, present(dataDepAllComplete)= T
20221002 021154.117 INFO             PET1         driver: finished resolving initialize data dependencies on this level.
20221002 021154.117 INFO             PET1       driver: loopDataDependentInitialize extro.
20221002 021154.117 INFO             PET1       driver: loopDataDependentInitialize() returned with dataDepAllComplete:  T
20221002 021154.117 INFO             PET1     driver: InitializeIPDv02p5Data extro.
20221002 021154.117 INFO             PET1     <<<driver: leaving Initialize (phase=<none>) with current time:    0  1  1  0  0  0   0
20221002 021154.117 INFO             PET1   driver: InitializeIPDv02p5 extro.
20221002 021154.117 INFO             PET1 driver: InitializeGeneric extro.
20221002 021154.117 INFO             PET1 driver: Run intro.
20221002 021154.117 INFO             PET1   >>>driver entered Run (phase=RunPhase1) with current time:    0  1  1  0  0  0   0
20221002 021154.117 INFO             PET1   driver: after lable_SetRunClock, current time:    0  1  1  0  0  0   0
20221002 021154.117 INFO             PET1   driver: begin -------> RunSequence.
20221002 021154.117 INFO             PET1     driver: RunSequence event loopLevel=   1  levelMember=   1  loopIteration=   1, current time:    0  1  1  0  0  0   0
20221002 021154.118 INFO             PET1     driver: RunSequence event loopLevel=   1  levelMember=   1  loopIteration=   2, current time:    0  1  1  0  0 30   0
20221002 021154.119 INFO             PET1     driver: RunSequence event loopLevel=   1  levelMember=   1  loopIteration=   3, current time:    0  1  1  0  1  0   0
20221002 021154.119 INFO             PET1     driver: RunSequence event loopLevel=   1  levelMember=   1  loopIteration=   4, current time:    0  1  1  0  1 30   0
20221002 021154.120 INFO             PET1     driver: RunSequence event loopLevel=   1  levelMember=   1  loopIteration=   5, current time:    0  1  1  0  2  0   0
20221002 021154.121 INFO             PET1   driver: end <--------- RunSequence
20221002 021154.121 INFO             PET1   <<<driver - leaving Run with current time:    0  1  1  0  2 30   0
20221002 021154.121 INFO             PET1 driver: Run extro.
20221002 021154.121 INFO             PET1 driver: Finalize intro.
20221002 021154.121 INFO             PET1   Calling Finalize phase 1 for modelComp: MODEL
20221002 021154.121 INFO             PET1   Delete modelComp: MODEL
20221002 021154.121 INFO             PET1   Delete Import-/Export State for modelComp: MODEL
20221002 021154.121 INFO             PET1 driver: Finalize extro.
20221002 021154.121 INFO             PET1 mainApp FINISHED
20221002 021154.121 INFO             PET1 Finalizing ESMF
20221002 021154.075 INFO             PET2 !!!!!!!!!!!!!!!!!!!!!!!!!!!!!!!!!!!!!!!!!!!!!!!!!!!!!!
20221002 021154.075 INFO             PET2 !!! THE ESMF_LOG IS SET TO OUTPUT ALL LOG MESSAGES !!!
20221002 021154.075 INFO             PET2 !!!     THIS MAY CAUSE SLOWDOWN IN PERFORMANCE     !!!
20221002 021154.075 INFO             PET2 !!! FOR PRODUCTION RUNS, USE:                      !!!
20221002 021154.075 INFO             PET2 !!!                   ESMF_LOGKIND_Multi_On_Error  !!!
20221002 021154.075 INFO             PET2 !!!!!!!!!!!!!!!!!!!!!!!!!!!!!!!!!!!!!!!!!!!!!!!!!!!!!!
20221002 021154.075 INFO             PET2 Running with ESMF Version   : v8.4.0b15-11-gadaf469be0
20221002 021154.075 INFO             PET2 ESMF library build date/time: "Oct  2 2022" "01:23:30"
20221002 021154.075 INFO             PET2 ESMF library build location : /discover/nobackup/projects/sbu/mpotts/esmf-test/intel_19.1.3_intelmpi_g_update_pio2.5.9/esmf
20221002 021154.075 INFO             PET2 ESMF_COMM                   : intelmpi
20221002 021154.076 INFO             PET2 ESMF_MOAB                   : enabled
20221002 021154.076 INFO             PET2 ESMF_LAPACK                 : enabled
20221002 021154.076 INFO             PET2 ESMF_NETCDF                 : enabled
20221002 021154.076 INFO             PET2 ESMF_PNETCDF                : disabled
20221002 021154.076 INFO             PET2 ESMF_PIO                    : enabled
20221002 021154.076 INFO             PET2 ESMF_YAMLCPP                : enabled
20221002 021154.076 INFO             PET2 mainApp STARTING
20221002 021154.083 INFO             PET2 driver: InitializeGeneric intro.
20221002 021154.083 INFO             PET2   driver: InitializeP0 intro.
20221002 021154.083 INFO             PET2   driver: InitializeP0 extro.
20221002 021154.083 INFO             PET2   driver: InitializeIPDv02p1 intro.
20221002 021154.084 INFO             PET2     >>>driver: entered Initialize (phase=<none>) without valid internal Clock.
20221002 021154.084 INFO             PET2     driver - Creating model component MODEL without petList.
20221002 021154.084 DEBUG            PET2     Generic SetVM() is executing for: MODEL
20221002 021154.084 DEBUG            PET2     Generic SetVM() is calling ESMF_GridCompSetVMMaxPEs() for: MODEL with:
20221002 021154.084 DEBUG            PET2      -             MaxCount =          2
20221002 021154.085 DEBUG            PET2      -       OpenMpHandling =
20221002 021154.085 DEBUG            PET2      -     OpenMpNumThreads =         -1
20221002 021154.085 DEBUG            PET2      -   ForceChildPthreads =          F
20221002 021154.085 DEBUG            PET2      -  PthreadMinStackSize =         -1
20221002 021154.089 INFO             PET2      GridCompIsPetLocal:  T
20221002 021154.089 INFO             PET2      VmIsCreated:  T
20221002 021154.089 INFO             PET2      valid MPI_COMM with size=           2
20221002 021154.090 INFO             PET2     driver - Creating state: modelComp 1 Import State
20221002 021154.090 INFO             PET2     driver - Creating state: modelComp 1 Export State
20221002 021154.091 INFO             PET2     MODEL: InitializeP0 intro.
20221002 021154.091 INFO             PET2       >>>MODEL: entered Initialize (phase=<none>) without valid internal Clock.
20221002 021154.093 INFO             PET2       <<<MODEL: leaving Initialize (phase=<none>) without valid internal Clock.
20221002 021154.093 INFO             PET2     MODEL: InitializeP0 extro.
20221002 021154.095 INFO             PET2     driver: IInitAdvertise intro.
20221002 021154.095 INFO             PET2     driver: IInitAdvertise extro.
20221002 021154.096 INFO             PET2     MODEL: InitializeIPDvXp01 intro.
20221002 021154.096 INFO             PET2       >>>MODEL: entered Initialize (phase=IPDvXp01) without valid internal Clock.
20221002 021154.098 INFO             PET2       <<<MODEL: leaving Initialize (phase=IPDvXp01) without valid internal Clock.
20221002 021154.098 INFO             PET2     MODEL: InitializeIPDvXp01 extro.
20221002 021154.100 INFO             PET2     driver: IInitAdvertiseFinish intro.
20221002 021154.100 INFO             PET2     driver: IInitAdvertiseFinish extro.
20221002 021154.100 INFO             PET2     driver: IInitModifyCplLists intro.
20221002 021154.100 INFO             PET2     driver: IInitModifyCplLists extro.
20221002 021154.100 INFO             PET2     <<<driver: leaving Initialize (phase=<none>) with current time:    0  1  1  0  0  0   0
20221002 021154.100 INFO             PET2   driver: InitializeIPDv02p1 extro.
20221002 021154.101 INFO             PET2   driver: InitializeIPDv02p3 intro.
20221002 021154.101 INFO             PET2     >>>driver: entered Initialize (phase=<none>) with current time:    0  1  1  0  0  0   0
20221002 021154.101 INFO             PET2     driver: IInitCheck intro.
20221002 021154.101 INFO             PET2     driver: IInitCheck extro.
20221002 021154.101 INFO             PET2     MODEL: InitializeIPDvXp04 intro.
20221002 021154.101 INFO             PET2       >>>MODEL: entered Initialize (phase=IPDvXp04) without valid internal Clock.
20221002 021154.107 INFO             PET2       After Realize: - MemInfo: [/proc/meminfo - SSI]	MemTotal:       131394444 kB
20221002 021154.107 INFO             PET2       After Realize: - MemInfo: [/proc/meminfo - SSI]	MemFree:        125717476 kB
20221002 021154.107 INFO             PET2       After Realize: - MemInfo: [/proc/meminfo - SSI]	MemAvailable:   125402972 kB
20221002 021154.107 INFO             PET2       After Realize: - MemInfo: [/proc/meminfo - SSI]	Committed_AS:    4088736 kB
20221002 021154.107 INFO             PET2       After Realize: - MemInfo: [/proc/meminfo - SSI]	CommittedPercent: 3.1118 %
20221002 021154.107 INFO             PET2       After Realize: - MemInfo: [/proc/self/status]	VmPeak:	 3961608 kB
20221002 021154.107 INFO             PET2       After Realize: - MemInfo: [/proc/self/status]	VmSize:	 3896076 kB
20221002 021154.107 INFO             PET2       After Realize: - MemInfo: [/proc/self/status]	VmLck:	       0 kB
20221002 021154.107 INFO             PET2       After Realize: - MemInfo: [/proc/self/status]	VmPin:	   71900 kB
20221002 021154.107 INFO             PET2       After Realize: - MemInfo: [/proc/self/status]	VmHWM:	  164804 kB
20221002 021154.107 INFO             PET2       After Realize: - MemInfo: [/proc/self/status]	VmRSS:	  164804 kB
20221002 021154.107 INFO             PET2       After Realize: - MemInfo: [/proc/self/status]	VmData:	  310344 kB
20221002 021154.107 INFO             PET2       After Realize: - MemInfo: [/proc/self/status]	VmStk:	     508 kB
20221002 021154.107 INFO             PET2       After Realize: - MemInfo: [/proc/self/status]	VmExe:	    1652 kB
20221002 021154.107 INFO             PET2       After Realize: - MemInfo: [/proc/self/status]	VmLib:	  158472 kB
20221002 021154.107 INFO             PET2       After Realize: - MemInfo: [/proc/self/status]	VmPTE:	     812 kB
20221002 021154.107 INFO             PET2       After Realize: - MemInfo: [/proc/self/status]	VmPMD:	      32 kB
20221002 021154.107 INFO             PET2       After Realize: - MemInfo: [/proc/self/status]	VmSwap:	       0 kB
20221002 021154.107 INFO             PET2       After Realize: - MemInfo: [/proc/self/status]	VmRSSPercent: 0.125427 %
20221002 021154.107 INFO             PET2       After Realize: - MemInfo: [malloc] Non-mmapped space allocated:                25571328 Byte
20221002 021154.107 INFO             PET2       After Realize: - MemInfo: [malloc] Space allocated in mmapped regions:         51519488 Byte
20221002 021154.107 INFO             PET2       After Realize: - MemInfo: [malloc] Maximum total allocated space:                     0 Byte
20221002 021154.107 INFO             PET2       After Realize: - MemInfo: [malloc] Space in freed fastbin blocks:                  1072 Byte
20221002 021154.107 INFO             PET2       After Realize: - MemInfo: [malloc] Total allocated space:                      23182944 Byte
20221002 021154.107 INFO             PET2       After Realize: - MemInfo: [malloc] Total free space:                            2388384 Byte
20221002 021154.107 INFO             PET2       After Realize: - MemInfo: [malloc] Top-most, releasable space:                    24992 Byte
20221002 021154.107 INFO             PET2       After Realize: - MemInfo: [malloc] Total space in use, mmap + non-mmap:        74702432 Byte
20221002 021154.107 INFO             PET2       After Realize: - MemInfo: [malloc] Total space held (mmap + non-mmap):         77090816 Byte
20221002 021154.107 INFO             PET2       After Realize: - MemInfo: [malloc] Total space used (mmap + non-mmap):         74711792 Byte
20221002 021154.107 INFO             PET2       After Realize: - MemInfo: Wall-clock time since execution start:              0.0408263 seconds
20221002 021154.108 INFO             PET2       <<<MODEL: leaving Initialize (phase=IPDvXp04) without valid internal Clock.
20221002 021154.108 INFO             PET2     MODEL: InitializeIPDvXp04 extro.
20221002 021154.109 INFO             PET2     driver: IInitRealize intro.
20221002 021154.109 INFO             PET2     driver: IInitRealize extro.
20221002 021154.110 INFO             PET2     MODEL: InitializeIPDvXp07 intro.
20221002 021154.110 INFO             PET2       >>>MODEL: entered Initialize (phase=IPDvXp07) without valid internal Clock.
20221002 021154.110 INFO             PET2       <<<MODEL: leaving Initialize (phase=IPDvXp07) with current time:    0  1  1  0  0  0   0
20221002 021154.110 INFO             PET2     MODEL: InitializeIPDvXp07 extro.
20221002 021154.111 INFO             PET2     <<<driver: leaving Initialize (phase=<none>) with current time:    0  1  1  0  0  0   0
20221002 021154.111 INFO             PET2   driver: InitializeIPDv02p3 extro.
20221002 021154.111 INFO             PET2   driver: InitializeIPDv02p5 intro.
20221002 021154.111 INFO             PET2     >>>driver: entered Initialize (phase=<none>) with current time:    0  1  1  0  0  0   0
20221002 021154.111 INFO             PET2     driver: this is a top level driver, no 'Updated' and 'InitializeDataComplete' info on this level.
20221002 021154.111 INFO             PET2     driver: InitializeIPDv02p5Data intro.
20221002 021154.112 INFO             PET2       driver: InternalInitializeComplete intro.
20221002 021154.112 INFO             PET2         driver: InitializeDataComplete='true'
20221002 021154.112 INFO             PET2       driver: InternalInitializeComplete extro.
20221002 021154.112 INFO             PET2       MODEL: InitializeIPDvXp08 intro.
20221002 021154.112 INFO             PET2         >>>MODEL: entered Initialize (phase=IPDv05p8) with current time:    0  1  1  0  0  0   0
20221002 021154.113 INFO             PET2         MODEL: InitializeDataProgress='false', InitializeDataComplete='false'
20221002 021154.113 INFO             PET2         <<<MODEL: leaving Initialize (phase=IPDv05p8) with current time:    0  1  1  0  0  0   0
20221002 021154.113 INFO             PET2       MODEL: InitializeIPDvXp08 extro.
20221002 021154.114 INFO             PET2       driver: components present that trigger loopDataDependentInitialize().
20221002 021154.114 INFO             PET2       driver: loopDataDependentInitialize intro.
20221002 021154.114 INFO             PET2         driver: component    0=driver, dataComplete (local): true
20221002 021154.114 INFO             PET2         driver: component    0=driver, dataComplete (global):  T
20221002 021154.114 INFO             PET2         driver: component    1=MODEL, dataComplete (local): false
20221002 021154.114 INFO             PET2         driver: component    1=MODEL, dataComplete (global):  F
20221002 021154.114 INFO             PET2         MODEL: InitializeIPDvXp08 intro.
20221002 021154.115 INFO             PET2           >>>MODEL: entered Initialize (phase=IPDv05p8) with current time:    0  1  1  0  0  0   0
20221002 021154.115 INFO             PET2           MODEL: InitializeDataProgress='true', InitializeDataComplete='true'
20221002 021154.115 INFO             PET2           <<<MODEL: leaving Initialize (phase=IPDv05p8) with current time:    0  1  1  0  0  0   0
20221002 021154.115 INFO             PET2         MODEL: InitializeIPDvXp08 extro.
20221002 021154.116 INFO             PET2         driver: component    1=MODEL, someProgress (local): true
20221002 021154.116 INFO             PET2         driver: component    1=MODEL, someProgress (global):  T
20221002 021154.116 INFO             PET2         driver: someProgress= T, allComplete= F, present(dataDepAllComplete)= T
20221002 021154.116 INFO             PET2         driver: component    0=driver, dataComplete (local): true
20221002 021154.116 INFO             PET2         driver: component    0=driver, dataComplete (global):  T
20221002 021154.116 INFO             PET2         driver: component    1=MODEL, dataComplete (local): true
20221002 021154.117 INFO             PET2         driver: component    1=MODEL, dataComplete (global):  T
20221002 021154.117 INFO             PET2         driver: someProgress= F, allComplete= T, present(dataDepAllComplete)= T
20221002 021154.117 INFO             PET2         driver: finished resolving initialize data dependencies on this level.
20221002 021154.117 INFO             PET2       driver: loopDataDependentInitialize extro.
20221002 021154.117 INFO             PET2       driver: loopDataDependentInitialize() returned with dataDepAllComplete:  T
20221002 021154.117 INFO             PET2     driver: InitializeIPDv02p5Data extro.
20221002 021154.117 INFO             PET2     <<<driver: leaving Initialize (phase=<none>) with current time:    0  1  1  0  0  0   0
20221002 021154.117 INFO             PET2   driver: InitializeIPDv02p5 extro.
20221002 021154.117 INFO             PET2 driver: InitializeGeneric extro.
20221002 021154.117 INFO             PET2 driver: Run intro.
20221002 021154.117 INFO             PET2   >>>driver entered Run (phase=RunPhase1) with current time:    0  1  1  0  0  0   0
20221002 021154.117 INFO             PET2   driver: after lable_SetRunClock, current time:    0  1  1  0  0  0   0
20221002 021154.117 INFO             PET2   driver: begin -------> RunSequence.
20221002 021154.117 INFO             PET2     driver: RunSequence event loopLevel=   1  levelMember=   1  loopIteration=   1, current time:    0  1  1  0  0  0   0
20221002 021154.117 INFO             PET2     MODEL: Run intro.
20221002 021154.118 INFO             PET2       >>>MODEL: entered Run (phase=RunPhase1) with current time:    0  1  1  0  0  0   0
20221002 021154.118 INFO             PET2       MODEL: time step-loop starting, current time:    0  1  1  0  0  0   0
20221002 021154.118 INFO             PET2       thread_num=   0   currentSsiPe=   2   num_threads=   2   max_threads=   2   num_procs=   2
20221002 021154.118 INFO             PET2       thread_num=   1   currentSsiPe=   3   num_threads=   2   max_threads=   2   num_procs=   2
20221002 021154.118 INFO             PET2       ---->Advancing Model from:    0  1  1  0  0  0   0
20221002 021154.118 INFO             PET2       ---------------------> to:    0  1  1  0  0 30   0
20221002 021154.118 INFO             PET2       MODEL: time step-loop ending,   current time:    0  1  1  0  0 30   0
20221002 021154.118 INFO             PET2       <<<MODEL: leaving Run (phase=RunPhase1) with current time:    0  1  1  0  0 30   0
20221002 021154.118 INFO             PET2     MODEL: Run extro.
20221002 021154.118 INFO             PET2     driver: RunSequence event loopLevel=   1  levelMember=   1  loopIteration=   2, current time:    0  1  1  0  0 30   0
20221002 021154.118 INFO             PET2     MODEL: Run intro.
20221002 021154.118 INFO             PET2       >>>MODEL: entered Run (phase=RunPhase1) with current time:    0  1  1  0  0 30   0
20221002 021154.118 INFO             PET2       MODEL: time step-loop starting, current time:    0  1  1  0  0 30   0
20221002 021154.118 INFO             PET2       thread_num=   1   currentSsiPe=   3   num_threads=   2   max_threads=   2   num_procs=   2
20221002 021154.118 INFO             PET2       thread_num=   0   currentSsiPe=   2   num_threads=   2   max_threads=   2   num_procs=   2
20221002 021154.119 INFO             PET2       ---->Advancing Model from:    0  1  1  0  0 30   0
20221002 021154.119 INFO             PET2       ---------------------> to:    0  1  1  0  1  0   0
20221002 021154.119 INFO             PET2       MODEL: time step-loop ending,   current time:    0  1  1  0  1  0   0
20221002 021154.119 INFO             PET2       <<<MODEL: leaving Run (phase=RunPhase1) with current time:    0  1  1  0  1  0   0
20221002 021154.119 INFO             PET2     MODEL: Run extro.
20221002 021154.119 INFO             PET2     driver: RunSequence event loopLevel=   1  levelMember=   1  loopIteration=   3, current time:    0  1  1  0  1  0   0
20221002 021154.119 INFO             PET2     MODEL: Run intro.
20221002 021154.119 INFO             PET2       >>>MODEL: entered Run (phase=RunPhase1) with current time:    0  1  1  0  1  0   0
20221002 021154.119 INFO             PET2       MODEL: time step-loop starting, current time:    0  1  1  0  1  0   0
20221002 021154.119 INFO             PET2       thread_num=   1   currentSsiPe=   3   num_threads=   2   max_threads=   2   num_procs=   2
20221002 021154.119 INFO             PET2       thread_num=   0   currentSsiPe=   2   num_threads=   2   max_threads=   2   num_procs=   2
20221002 021154.119 INFO             PET2       ---->Advancing Model from:    0  1  1  0  1  0   0
20221002 021154.119 INFO             PET2       ---------------------> to:    0  1  1  0  1 30   0
20221002 021154.119 INFO             PET2       MODEL: time step-loop ending,   current time:    0  1  1  0  1 30   0
20221002 021154.119 INFO             PET2       <<<MODEL: leaving Run (phase=RunPhase1) with current time:    0  1  1  0  1 30   0
20221002 021154.119 INFO             PET2     MODEL: Run extro.
20221002 021154.120 INFO             PET2     driver: RunSequence event loopLevel=   1  levelMember=   1  loopIteration=   4, current time:    0  1  1  0  1 30   0
20221002 021154.120 INFO             PET2     MODEL: Run intro.
20221002 021154.120 INFO             PET2       >>>MODEL: entered Run (phase=RunPhase1) with current time:    0  1  1  0  1 30   0
20221002 021154.120 INFO             PET2       MODEL: time step-loop starting, current time:    0  1  1  0  1 30   0
20221002 021154.120 INFO             PET2       thread_num=   1   currentSsiPe=   3   num_threads=   2   max_threads=   2   num_procs=   2
20221002 021154.120 INFO             PET2       thread_num=   0   currentSsiPe=   2   num_threads=   2   max_threads=   2   num_procs=   2
20221002 021154.120 INFO             PET2       ---->Advancing Model from:    0  1  1  0  1 30   0
20221002 021154.120 INFO             PET2       ---------------------> to:    0  1  1  0  2  0   0
20221002 021154.120 INFO             PET2       MODEL: time step-loop ending,   current time:    0  1  1  0  2  0   0
20221002 021154.120 INFO             PET2       <<<MODEL: leaving Run (phase=RunPhase1) with current time:    0  1  1  0  2  0   0
20221002 021154.120 INFO             PET2     MODEL: Run extro.
20221002 021154.121 INFO             PET2     driver: RunSequence event loopLevel=   1  levelMember=   1  loopIteration=   5, current time:    0  1  1  0  2  0   0
20221002 021154.121 INFO             PET2     MODEL: Run intro.
20221002 021154.121 INFO             PET2       >>>MODEL: entered Run (phase=RunPhase1) with current time:    0  1  1  0  2  0   0
20221002 021154.121 INFO             PET2       MODEL: time step-loop starting, current time:    0  1  1  0  2  0   0
20221002 021154.121 INFO             PET2       thread_num=   1   currentSsiPe=   3   num_threads=   2   max_threads=   2   num_procs=   2
20221002 021154.121 INFO             PET2       thread_num=   0   currentSsiPe=   2   num_threads=   2   max_threads=   2   num_procs=   2
20221002 021154.121 INFO             PET2       ---->Advancing Model from:    0  1  1  0  2  0   0
20221002 021154.121 INFO             PET2       ---------------------> to:    0  1  1  0  2 30   0
20221002 021154.121 INFO             PET2       MODEL: time step-loop ending,   current time:    0  1  1  0  2 30   0
20221002 021154.121 INFO             PET2       <<<MODEL: leaving Run (phase=RunPhase1) with current time:    0  1  1  0  2 30   0
20221002 021154.121 INFO             PET2     MODEL: Run extro.
20221002 021154.121 INFO             PET2   driver: end <--------- RunSequence
20221002 021154.121 INFO             PET2   <<<driver - leaving Run with current time:    0  1  1  0  2 30   0
20221002 021154.122 INFO             PET2 driver: Run extro.
20221002 021154.122 INFO             PET2 driver: Finalize intro.
20221002 021154.122 INFO             PET2   Calling Finalize phase 1 for modelComp: MODEL
20221002 021154.122 INFO             PET2   MODEL: Finalize intro.
20221002 021154.122 INFO             PET2     >>>MODEL: entered Finalize (phase=FinalizePhase1) with current time:    0  1  1  0  2 30   0
20221002 021154.122 INFO             PET2     <<<MODEL: leaving Finalize (phase=FinalizePhase1) with current time:    0  1  1  0  2 30   0
20221002 021154.122 INFO             PET2   MODEL: Finalize extro.
20221002 021154.122 INFO             PET2   Delete modelComp: MODEL
20221002 021154.122 INFO             PET2   Delete Import-/Export State for modelComp: MODEL
20221002 021154.123 INFO             PET2 driver: Finalize extro.
20221002 021154.123 INFO             PET2 mainApp FINISHED
20221002 021154.123 INFO             PET2 Finalizing ESMF
20221002 021154.076 INFO             PET3 !!!!!!!!!!!!!!!!!!!!!!!!!!!!!!!!!!!!!!!!!!!!!!!!!!!!!!
20221002 021154.076 INFO             PET3 !!! THE ESMF_LOG IS SET TO OUTPUT ALL LOG MESSAGES !!!
20221002 021154.076 INFO             PET3 !!!     THIS MAY CAUSE SLOWDOWN IN PERFORMANCE     !!!
20221002 021154.076 INFO             PET3 !!! FOR PRODUCTION RUNS, USE:                      !!!
20221002 021154.076 INFO             PET3 !!!                   ESMF_LOGKIND_Multi_On_Error  !!!
20221002 021154.076 INFO             PET3 !!!!!!!!!!!!!!!!!!!!!!!!!!!!!!!!!!!!!!!!!!!!!!!!!!!!!!
20221002 021154.076 INFO             PET3 Running with ESMF Version   : v8.4.0b15-11-gadaf469be0
20221002 021154.076 INFO             PET3 ESMF library build date/time: "Oct  2 2022" "01:23:30"
20221002 021154.076 INFO             PET3 ESMF library build location : /discover/nobackup/projects/sbu/mpotts/esmf-test/intel_19.1.3_intelmpi_g_update_pio2.5.9/esmf
20221002 021154.076 INFO             PET3 ESMF_COMM                   : intelmpi
20221002 021154.076 INFO             PET3 ESMF_MOAB                   : enabled
20221002 021154.076 INFO             PET3 ESMF_LAPACK                 : enabled
20221002 021154.076 INFO             PET3 ESMF_NETCDF                 : enabled
20221002 021154.076 INFO             PET3 ESMF_PNETCDF                : disabled
20221002 021154.076 INFO             PET3 ESMF_PIO                    : enabled
20221002 021154.076 INFO             PET3 ESMF_YAMLCPP                : enabled
20221002 021154.076 INFO             PET3 mainApp STARTING
20221002 021154.082 INFO             PET3 driver: InitializeGeneric intro.
20221002 021154.083 INFO             PET3   driver: InitializeP0 intro.
20221002 021154.083 INFO             PET3   driver: InitializeP0 extro.
20221002 021154.083 INFO             PET3   driver: InitializeIPDv02p1 intro.
20221002 021154.083 INFO             PET3     >>>driver: entered Initialize (phase=<none>) without valid internal Clock.
20221002 021154.084 INFO             PET3     driver - Creating model component MODEL without petList.
20221002 021154.084 DEBUG            PET3     Generic SetVM() is executing for: MODEL
20221002 021154.084 DEBUG            PET3     Generic SetVM() is calling ESMF_GridCompSetVMMaxPEs() for: MODEL with:
20221002 021154.084 DEBUG            PET3      -             MaxCount =          2
20221002 021154.084 DEBUG            PET3      -       OpenMpHandling =
20221002 021154.085 DEBUG            PET3      -     OpenMpNumThreads =         -1
20221002 021154.085 DEBUG            PET3      -   ForceChildPthreads =          F
20221002 021154.085 DEBUG            PET3      -  PthreadMinStackSize =         -1
20221002 021154.085 DEBUG            PET3     vmkt_create()#201 Pthread: service=1 (0: actual PET, 1: service thread) - PTHREAD_STACK_MIN: 16384 bytes stack_size: 4194304 bytes
20221002 021154.085 DEBUG            PET3     vmkt_create()#201 Pthread: service=1 (0: actual PET, 1: service thread) - PTHREAD_STACK_MIN: 16384 bytes stack_size: 4194304 bytes
20221002 021154.089 INFO             PET3      GridCompIsPetLocal:  T
20221002 021154.089 INFO             PET3      VmIsCreated:  T
20221002 021154.089 INFO             PET3      MPI_COMM_NULL
20221002 021154.090 INFO             PET3     driver - Creating state: modelComp 1 Import State
20221002 021154.090 INFO             PET3     driver - Creating state: modelComp 1 Export State
20221002 021154.095 INFO             PET3     driver: IInitAdvertise intro.
20221002 021154.095 INFO             PET3     driver: IInitAdvertise extro.
20221002 021154.100 INFO             PET3     driver: IInitAdvertiseFinish intro.
20221002 021154.100 INFO             PET3     driver: IInitAdvertiseFinish extro.
20221002 021154.100 INFO             PET3     driver: IInitModifyCplLists intro.
20221002 021154.100 INFO             PET3     driver: IInitModifyCplLists extro.
20221002 021154.100 INFO             PET3     <<<driver: leaving Initialize (phase=<none>) with current time:    0  1  1  0  0  0   0
20221002 021154.100 INFO             PET3   driver: InitializeIPDv02p1 extro.
20221002 021154.100 INFO             PET3   driver: InitializeIPDv02p3 intro.
20221002 021154.100 INFO             PET3     >>>driver: entered Initialize (phase=<none>) with current time:    0  1  1  0  0  0   0
20221002 021154.101 INFO             PET3     driver: IInitCheck intro.
20221002 021154.101 INFO             PET3     driver: IInitCheck extro.
20221002 021154.109 INFO             PET3     driver: IInitRealize intro.
20221002 021154.109 INFO             PET3     driver: IInitRealize extro.
20221002 021154.111 INFO             PET3     <<<driver: leaving Initialize (phase=<none>) with current time:    0  1  1  0  0  0   0
20221002 021154.111 INFO             PET3   driver: InitializeIPDv02p3 extro.
20221002 021154.111 INFO             PET3   driver: InitializeIPDv02p5 intro.
20221002 021154.111 INFO             PET3     >>>driver: entered Initialize (phase=<none>) with current time:    0  1  1  0  0  0   0
20221002 021154.111 INFO             PET3     driver: this is a top level driver, no 'Updated' and 'InitializeDataComplete' info on this level.
20221002 021154.111 INFO             PET3     driver: InitializeIPDv02p5Data intro.
20221002 021154.111 INFO             PET3       driver: InternalInitializeComplete intro.
20221002 021154.111 INFO             PET3         driver: InitializeDataComplete='true'
20221002 021154.111 INFO             PET3       driver: InternalInitializeComplete extro.
20221002 021154.114 INFO             PET3       driver: components present that trigger loopDataDependentInitialize().
20221002 021154.114 INFO             PET3       driver: loopDataDependentInitialize intro.
20221002 021154.114 INFO             PET3         driver: component    0=driver, dataComplete (local): true
20221002 021154.114 INFO             PET3         driver: component    0=driver, dataComplete (global):  T
20221002 021154.114 INFO             PET3         driver: component    1=MODEL, dataComplete (local): false
20221002 021154.114 INFO             PET3         driver: component    1=MODEL, dataComplete (global):  F
20221002 021154.116 INFO             PET3         driver: component    1=MODEL, someProgress (local): true
20221002 021154.116 INFO             PET3         driver: component    1=MODEL, someProgress (global):  T
20221002 021154.116 INFO             PET3         driver: someProgress= T, allComplete= F, present(dataDepAllComplete)= T
20221002 021154.116 INFO             PET3         driver: component    0=driver, dataComplete (local): true
20221002 021154.116 INFO             PET3         driver: component    0=driver, dataComplete (global):  T
20221002 021154.116 INFO             PET3         driver: component    1=MODEL, dataComplete (local): true
20221002 021154.117 INFO             PET3         driver: component    1=MODEL, dataComplete (global):  T
20221002 021154.117 INFO             PET3         driver: someProgress= F, allComplete= T, present(dataDepAllComplete)= T
20221002 021154.117 INFO             PET3         driver: finished resolving initialize data dependencies on this level.
20221002 021154.117 INFO             PET3       driver: loopDataDependentInitialize extro.
20221002 021154.117 INFO             PET3       driver: loopDataDependentInitialize() returned with dataDepAllComplete:  T
20221002 021154.117 INFO             PET3     driver: InitializeIPDv02p5Data extro.
20221002 021154.117 INFO             PET3     <<<driver: leaving Initialize (phase=<none>) with current time:    0  1  1  0  0  0   0
20221002 021154.117 INFO             PET3   driver: InitializeIPDv02p5 extro.
20221002 021154.117 INFO             PET3 driver: InitializeGeneric extro.
20221002 021154.117 INFO             PET3 driver: Run intro.
20221002 021154.117 INFO             PET3   >>>driver entered Run (phase=RunPhase1) with current time:    0  1  1  0  0  0   0
20221002 021154.117 INFO             PET3   driver: after lable_SetRunClock, current time:    0  1  1  0  0  0   0
20221002 021154.117 INFO             PET3   driver: begin -------> RunSequence.
20221002 021154.117 INFO             PET3     driver: RunSequence event loopLevel=   1  levelMember=   1  loopIteration=   1, current time:    0  1  1  0  0  0   0
20221002 021154.118 INFO             PET3     driver: RunSequence event loopLevel=   1  levelMember=   1  loopIteration=   2, current time:    0  1  1  0  0 30   0
20221002 021154.119 INFO             PET3     driver: RunSequence event loopLevel=   1  levelMember=   1  loopIteration=   3, current time:    0  1  1  0  1  0   0
20221002 021154.120 INFO             PET3     driver: RunSequence event loopLevel=   1  levelMember=   1  loopIteration=   4, current time:    0  1  1  0  1 30   0
20221002 021154.121 INFO             PET3     driver: RunSequence event loopLevel=   1  levelMember=   1  loopIteration=   5, current time:    0  1  1  0  2  0   0
20221002 021154.121 INFO             PET3   driver: end <--------- RunSequence
20221002 021154.121 INFO             PET3   <<<driver - leaving Run with current time:    0  1  1  0  2 30   0
20221002 021154.121 INFO             PET3 driver: Run extro.
20221002 021154.122 INFO             PET3 driver: Finalize intro.
20221002 021154.122 INFO             PET3   Calling Finalize phase 1 for modelComp: MODEL
20221002 021154.122 INFO             PET3   Delete modelComp: MODEL
20221002 021154.123 INFO             PET3   Delete Import-/Export State for modelComp: MODEL
20221002 021154.123 INFO             PET3 driver: Finalize extro.
20221002 021154.123 INFO             PET3 mainApp FINISHED
20221002 021154.123 INFO             PET3 Finalizing ESMF
