2022-09-30 02:33:46
20220930 025004.787 INFO             PET0 !!!!!!!!!!!!!!!!!!!!!!!!!!!!!!!!!!!!!!!!!!!!!!!!!!!!!!
20220930 025004.787 INFO             PET0 !!! THE ESMF_LOG IS SET TO OUTPUT ALL LOG MESSAGES !!!
20220930 025004.787 INFO             PET0 !!!     THIS MAY CAUSE SLOWDOWN IN PERFORMANCE     !!!
20220930 025004.787 INFO             PET0 !!! FOR PRODUCTION RUNS, USE:                      !!!
20220930 025004.787 INFO             PET0 !!!                   ESMF_LOGKIND_Multi_On_Error  !!!
20220930 025004.787 INFO             PET0 !!!!!!!!!!!!!!!!!!!!!!!!!!!!!!!!!!!!!!!!!!!!!!!!!!!!!!
20220930 025004.787 INFO             PET0 Running with ESMF Version   : v8.4.0b15-9-g5b6dda3e82
20220930 025004.787 INFO             PET0 ESMF library build date/time: "Sep 30 2022" "02:32:53"
20220930 025004.787 INFO             PET0 ESMF library build location : /scratch1/NCEPDEV/stmp2/Rocky.Dunlap/esmf-testing/gfortran_9.2.0a_mpiuni_O_update_pio2.5.9/esmf
20220930 025004.787 INFO             PET0 ESMF_COMM                   : mpiuni
20220930 025004.788 INFO             PET0 ESMF_MOAB                   : enabled
20220930 025004.788 INFO             PET0 ESMF_LAPACK                 : enabled
20220930 025004.788 INFO             PET0 ESMF_NETCDF                 : enabled
20220930 025004.788 INFO             PET0 ESMF_PNETCDF                : disabled
20220930 025004.788 INFO             PET0 ESMF_PIO                    : disabled
20220930 025004.788 INFO             PET0 ESMF_YAMLCPP                : enabled
20220930 025004.789 INFO             PET0  NUMBER_OF_PROCESSORS           1
20220930 025004.789 INFO             PET0  PASS  Example ESMF_AppMainEx, ESMF_AppMainEx.F90, line 486
20220930 025004.789 INFO             PET0 Finalizing ESMF
