2022-10-04 06:32:58
[1664866739.086802] [h10c20:239631:0]         mxm.c:196  MXM  WARN  The 'ulimit -s' on the system is set to 'unlimited'. This may have negative performance implications. Please set the stack size to the default value (10240) 
[1664866739.091644] [h10c20:239631:0]         mxm.c:196  MXM  WARN  The 'ulimit -s' on the system is set to 'unlimited'. This may have negative performance implications. Please set the stack size to the default value (10240) 
[1664866739.086843] [h10c20:239629:0]         mxm.c:196  MXM  WARN  The 'ulimit -s' on the system is set to 'unlimited'. This may have negative performance implications. Please set the stack size to the default value (10240) 
[1664866739.091741] [h10c20:239629:0]         mxm.c:196  MXM  WARN  The 'ulimit -s' on the system is set to 'unlimited'. This may have negative performance implications. Please set the stack size to the default value (10240) 
[1664866739.079258] [h10c20:239630:0]         mxm.c:196  MXM  WARN  The 'ulimit -s' on the system is set to 'unlimited'. This may have negative performance implications. Please set the stack size to the default value (10240) 
[1664866739.084162] [h10c20:239630:0]         mxm.c:196  MXM  WARN  The 'ulimit -s' on the system is set to 'unlimited'. This may have negative performance implications. Please set the stack size to the default value (10240) 
[1664866739.079222] [h10c20:239628:0]         mxm.c:196  MXM  WARN  The 'ulimit -s' on the system is set to 'unlimited'. This may have negative performance implications. Please set the stack size to the default value (10240) 
[1664866739.084073] [h10c20:239628:0]         mxm.c:196  MXM  WARN  The 'ulimit -s' on the system is set to 'unlimited'. This may have negative performance implications. Please set the stack size to the default value (10240) 
 Executing procedure_f77style()
 Executing procedure_f77style()
 Executing procedure_f77style()
 Executing procedure_f77style()
 Executing procedure_ocnCommon()
 Executing procedure_subModule1()
 Executing procedure_subModule2()
 Executing procedure_ocnCommon()
 Executing procedure_subModule1()
 Executing procedure_subModule2()
 Executing procedure_ocnCommon()
 Executing procedure_subModule1()
 Executing procedure_subModule2()
 Executing procedure_ocnCommon()
 Executing procedure_subModule1()
 Executing procedure_subModule2()
