2022-10-19 00:36:38
Wed Oct 19 01:54:33 2022: [unset]:_pmi_alps_init:alps_get_placement_info returned with error -1
Wed Oct 19 01:54:33 2022: [unset]:_pmi_init:_pmi_alps_init returned -1
 recvData for PET            0 :            1
 recvData for PET            0 :            2
 recvData for PET            0 :            3
 recvData for PET            0 :            4
 recvData for PET            0 :            5
 recvData for PET            0 :            6
 recvData for PET            0 :            7
 recvData for PET            0 :            8
 recvData for PET            0 :            9
 recvData for PET            0 :           10
 recvData for PET            0 :            0
 recvData for PET            0 :            0
 recvData for PET            0 :            0
 recvData for PET            0 :            0
 recvData for PET            0 :            0
 recvData for PET            0 :            0
 recvData for PET            0 :            0
 recvData for PET            0 :            0
 recvData for PET            0 :            0
 recvData for PET            0 :            0
 recvData for PET            0 :            0
 recvData for PET            0 :            0
 recvData for PET            0 :            0
 recvData for PET            0 :            0
 recvData for PET            0 :            0
 recvData for PET            0 :            0
 recvData for PET            0 :            0
 recvData for PET            0 :            0
 recvData for PET            0 :            0
 recvData for PET            0 :            0
 recvData for PET            0 :            0
 recvData for PET            0 :            0
 recvData for PET            0 :            0
 recvData for PET            0 :            0
 recvData for PET            0 :            0
 recvData for PET            0 :            0
 recvData for PET            0 :            0
 recvData for PET            0 :            0
 recvData for PET            0 :            0
 recvData for PET            0 :            0
  PASS  Example ESMF_VMHigherRankDataEx, ESMF_VMHigherRankDataEx.F90, line 140
 PASS: ESMF_VMHigherRankDataEx.F90
