2022-09-30 03:08:50
20220930 042930.959 INFO             PET0 !!!!!!!!!!!!!!!!!!!!!!!!!!!!!!!!!!!!!!!!!!!!!!!!!!!!!!
20220930 042930.960 INFO             PET0 !!! THE ESMF_LOG IS SET TO OUTPUT ALL LOG MESSAGES !!!
20220930 042930.960 INFO             PET0 !!!     THIS MAY CAUSE SLOWDOWN IN PERFORMANCE     !!!
20220930 042930.960 INFO             PET0 !!! FOR PRODUCTION RUNS, USE:                      !!!
20220930 042930.960 INFO             PET0 !!!                   ESMF_LOGKIND_Multi_On_Error  !!!
20220930 042930.960 INFO             PET0 !!!!!!!!!!!!!!!!!!!!!!!!!!!!!!!!!!!!!!!!!!!!!!!!!!!!!!
20220930 042930.960 INFO             PET0 Running with ESMF Version   : v8.4.0b15-9-g5b6dda3e82
20220930 042930.960 INFO             PET0 ESMF library build date/time: "Sep 30 2022" "03:03:31"
20220930 042930.960 INFO             PET0 ESMF library build location : /scratch1/NCEPDEV/stmp2/Rocky.Dunlap/esmf-testing/pgi_19.1_mpiuni_g_update_pio2.5.9/esmf
20220930 042930.960 INFO             PET0 ESMF_COMM                   : mpiuni
20220930 042930.961 INFO             PET0 ESMF_MOAB                   : enabled
20220930 042930.961 INFO             PET0 ESMF_LAPACK                 : enabled
20220930 042930.961 INFO             PET0 ESMF_NETCDF                 : disabled
20220930 042930.961 INFO             PET0 ESMF_PNETCDF                : disabled
20220930 042930.961 INFO             PET0 ESMF_PIO                    : disabled
20220930 042930.961 INFO             PET0 ESMF_YAMLCPP                : enabled
20220930 042930.961 ERROR            PET0 ESMCI_State.C:982 ESMCI::State::read() Library needed by ESMF not present  - Internal subroutine call returned Error
20220930 042930.961 ERROR            PET0 ESMF_StateAPI.cppF90:3203 ESMF_StateRead Library needed by ESMF not present  - Internal subroutine call returned Error
20220930 042930.961 INFO             PET0  NUMBER_OF_PROCESSORS            1
20220930 042930.962 INFO             PET0  PASS  Example ESMF_StateReadWriteEx, ESMF_StateReadWriteEx.F90, line 185
20220930 042930.962 INFO             PET0 Finalizing ESMF
